<?xml version="1.0" encoding="UTF-8"?>
<testsuite xmlns:xsi="http://www.w3.org/2001/XMLSchema-instance" xsi:noNamespaceSchemaLocation="https://maven.apache.org/surefire/maven-surefire-plugin/xsd/surefire-test-report-3.0.xsd" version="3.0" name="com.example.runner.testNGtestRunner" time="46.239" tests="1" errors="0" skipped="0" failures="0">
  <properties>
    <property name="java.specification.version" value="14"/>
    <property name="sun.cpu.isalist" value="amd64"/>
    <property name="sun.jnu.encoding" value="Cp1252"/>
    <property name="java.class.path" value="C:\Users\shann\IdeaProjects\testMVN\target\test-classes;C:\Users\shann\IdeaProjects\testMVN\target\classes;C:\Users\shann\.m2\repository\org\seleniumhq\selenium\selenium-java\4.22.0\selenium-java-4.22.0.jar;C:\Users\shann\.m2\repository\org\seleniumhq\selenium\selenium-api\4.22.0\selenium-api-4.22.0.jar;C:\Users\shann\.m2\repository\org\seleniumhq\selenium\selenium-chrome-driver\4.22.0\selenium-chrome-driver-4.22.0.jar;C:\Users\shann\.m2\repository\com\google\auto\service\auto-service-annotations\1.1.1\auto-service-annotations-1.1.1.jar;C:\Users\shann\.m2\repository\org\seleniumhq\selenium\selenium-chromium-driver\4.22.0\selenium-chromium-driver-4.22.0.jar;C:\Users\shann\.m2\repository\org\seleniumhq\selenium\selenium-json\4.22.0\selenium-json-4.22.0.jar;C:\Users\shann\.m2\repository\org\seleniumhq\selenium\selenium-manager\4.22.0\selenium-manager-4.22.0.jar;C:\Users\shann\.m2\repository\org\seleniumhq\selenium\selenium-devtools-v124\4.22.0\selenium-devtools-v124-4.22.0.jar;C:\Users\shann\.m2\repository\org\seleniumhq\selenium\selenium-devtools-v125\4.22.0\selenium-devtools-v125-4.22.0.jar;C:\Users\shann\.m2\repository\org\seleniumhq\selenium\selenium-devtools-v126\4.22.0\selenium-devtools-v126-4.22.0.jar;C:\Users\shann\.m2\repository\org\seleniumhq\selenium\selenium-devtools-v85\4.22.0\selenium-devtools-v85-4.22.0.jar;C:\Users\shann\.m2\repository\org\seleniumhq\selenium\selenium-edge-driver\4.22.0\selenium-edge-driver-4.22.0.jar;C:\Users\shann\.m2\repository\org\seleniumhq\selenium\selenium-firefox-driver\4.22.0\selenium-firefox-driver-4.22.0.jar;C:\Users\shann\.m2\repository\org\seleniumhq\selenium\selenium-http\4.22.0\selenium-http-4.22.0.jar;C:\Users\shann\.m2\repository\dev\failsafe\failsafe\3.3.2\failsafe-3.3.2.jar;C:\Users\shann\.m2\repository\org\seleniumhq\selenium\selenium-ie-driver\4.22.0\selenium-ie-driver-4.22.0.jar;C:\Users\shann\.m2\repository\org\seleniumhq\selenium\selenium-remote-driver\4.22.0\selenium-remote-driver-4.22.0.jar;C:\Users\shann\.m2\repository\com\google\guava\guava\33.2.1-jre\guava-33.2.1-jre.jar;C:\Users\shann\.m2\repository\com\google\guava\failureaccess\1.0.2\failureaccess-1.0.2.jar;C:\Users\shann\.m2\repository\com\google\guava\listenablefuture\9999.0-empty-to-avoid-conflict-with-guava\listenablefuture-9999.0-empty-to-avoid-conflict-with-guava.jar;C:\Users\shann\.m2\repository\com\google\code\findbugs\jsr305\3.0.2\jsr305-3.0.2.jar;C:\Users\shann\.m2\repository\org\checkerframework\checker-qual\3.42.0\checker-qual-3.42.0.jar;C:\Users\shann\.m2\repository\com\google\j2objc\j2objc-annotations\3.0.0\j2objc-annotations-3.0.0.jar;C:\Users\shann\.m2\repository\io\opentelemetry\semconv\opentelemetry-semconv\1.25.0-alpha\opentelemetry-semconv-1.25.0-alpha.jar;C:\Users\shann\.m2\repository\io\opentelemetry\opentelemetry-api\1.39.0\opentelemetry-api-1.39.0.jar;C:\Users\shann\.m2\repository\io\opentelemetry\opentelemetry-context\1.39.0\opentelemetry-context-1.39.0.jar;C:\Users\shann\.m2\repository\io\opentelemetry\opentelemetry-exporter-logging\1.39.0\opentelemetry-exporter-logging-1.39.0.jar;C:\Users\shann\.m2\repository\io\opentelemetry\opentelemetry-sdk-common\1.39.0\opentelemetry-sdk-common-1.39.0.jar;C:\Users\shann\.m2\repository\io\opentelemetry\opentelemetry-sdk-extension-autoconfigure-spi\1.39.0\opentelemetry-sdk-extension-autoconfigure-spi-1.39.0.jar;C:\Users\shann\.m2\repository\io\opentelemetry\opentelemetry-sdk-extension-autoconfigure\1.39.0\opentelemetry-sdk-extension-autoconfigure-1.39.0.jar;C:\Users\shann\.m2\repository\io\opentelemetry\opentelemetry-api-incubator\1.39.0-alpha\opentelemetry-api-incubator-1.39.0-alpha.jar;C:\Users\shann\.m2\repository\io\opentelemetry\opentelemetry-sdk-trace\1.39.0\opentelemetry-sdk-trace-1.39.0.jar;C:\Users\shann\.m2\repository\io\opentelemetry\opentelemetry-sdk\1.39.0\opentelemetry-sdk-1.39.0.jar;C:\Users\shann\.m2\repository\io\opentelemetry\opentelemetry-sdk-metrics\1.39.0\opentelemetry-sdk-metrics-1.39.0.jar;C:\Users\shann\.m2\repository\io\opentelemetry\opentelemetry-sdk-logs\1.39.0\opentelemetry-sdk-logs-1.39.0.jar;C:\Users\shann\.m2\repository\net\bytebuddy\byte-buddy\1.14.17\byte-buddy-1.14.17.jar;C:\Users\shann\.m2\repository\org\seleniumhq\selenium\selenium-os\4.22.0\selenium-os-4.22.0.jar;C:\Users\shann\.m2\repository\org\apache\commons\commons-exec\1.4.0\commons-exec-1.4.0.jar;C:\Users\shann\.m2\repository\org\seleniumhq\selenium\selenium-safari-driver\4.22.0\selenium-safari-driver-4.22.0.jar;C:\Users\shann\.m2\repository\org\seleniumhq\selenium\selenium-support\4.22.0\selenium-support-4.22.0.jar;C:\Users\shann\.m2\repository\org\testng\testng\7.10.2\testng-7.10.2.jar;C:\Users\shann\.m2\repository\org\slf4j\slf4j-api\1.7.36\slf4j-api-1.7.36.jar;C:\Users\shann\.m2\repository\com\beust\jcommander\1.82\jcommander-1.82.jar;C:\Users\shann\.m2\repository\org\webjars\jquery\3.7.1\jquery-3.7.1.jar;C:\Users\shann\.m2\repository\io\github\bonigarcia\webdrivermanager\5.9.1\webdrivermanager-5.9.1.jar;C:\Users\shann\.m2\repository\com\google\code\gson\gson\2.11.0\gson-2.11.0.jar;C:\Users\shann\.m2\repository\com\google\errorprone\error_prone_annotations\2.27.0\error_prone_annotations-2.27.0.jar;C:\Users\shann\.m2\repository\com\github\docker-java\docker-java\3.3.6\docker-java-3.3.6.jar;C:\Users\shann\.m2\repository\com\github\docker-java\docker-java-core\3.3.6\docker-java-core-3.3.6.jar;C:\Users\shann\.m2\repository\com\github\docker-java\docker-java-api\3.3.6\docker-java-api-3.3.6.jar;C:\Users\shann\.m2\repository\org\slf4j\jcl-over-slf4j\1.7.30\jcl-over-slf4j-1.7.30.jar;C:\Users\shann\.m2\repository\com\github\docker-java\docker-java-transport-httpclient5\3.3.6\docker-java-transport-httpclient5-3.3.6.jar;C:\Users\shann\.m2\repository\com\github\docker-java\docker-java-transport\3.3.6\docker-java-transport-3.3.6.jar;C:\Users\shann\.m2\repository\net\java\dev\jna\jna\5.13.0\jna-5.13.0.jar;C:\Users\shann\.m2\repository\org\brotli\dec\0.1.2\dec-0.1.2.jar;C:\Users\shann\.m2\repository\org\apache\commons\commons-lang3\3.14.0\commons-lang3-3.14.0.jar;C:\Users\shann\.m2\repository\org\apache\commons\commons-compress\1.26.2\commons-compress-1.26.2.jar;C:\Users\shann\.m2\repository\commons-codec\commons-codec\1.17.0\commons-codec-1.17.0.jar;C:\Users\shann\.m2\repository\commons-io\commons-io\2.16.1\commons-io-2.16.1.jar;C:\Users\shann\.m2\repository\org\apache\httpcomponents\client5\httpclient5\5.2.1\httpclient5-5.2.1.jar;C:\Users\shann\.m2\repository\org\apache\httpcomponents\core5\httpcore5\5.2\httpcore5-5.2.jar;C:\Users\shann\.m2\repository\org\apache\httpcomponents\core5\httpcore5-h2\5.2\httpcore5-h2-5.2.jar;C:\Users\shann\.m2\repository\io\cucumber\cucumber-java\7.18.0\cucumber-java-7.18.0.jar;C:\Users\shann\.m2\repository\io\cucumber\cucumber-core\7.18.0\cucumber-core-7.18.0.jar;C:\Users\shann\.m2\repository\io\cucumber\cucumber-gherkin\7.18.0\cucumber-gherkin-7.18.0.jar;C:\Users\shann\.m2\repository\io\cucumber\cucumber-gherkin-messages\7.18.0\cucumber-gherkin-messages-7.18.0.jar;C:\Users\shann\.m2\repository\io\cucumber\gherkin\28.0.0\gherkin-28.0.0.jar;C:\Users\shann\.m2\repository\io\cucumber\messages\24.1.0\messages-24.1.0.jar;C:\Users\shann\.m2\repository\io\cucumber\testng-xml-formatter\0.1.0\testng-xml-formatter-0.1.0.jar;C:\Users\shann\.m2\repository\io\cucumber\query\12.2.0\query-12.2.0.jar;C:\Users\shann\.m2\repository\io\cucumber\tag-expressions\6.1.0\tag-expressions-6.1.0.jar;C:\Users\shann\.m2\repository\io\cucumber\cucumber-expressions\17.1.0\cucumber-expressions-17.1.0.jar;C:\Users\shann\.m2\repository\io\cucumber\datatable\7.18.0\datatable-7.18.0.jar;C:\Users\shann\.m2\repository\io\cucumber\cucumber-plugin\7.18.0\cucumber-plugin-7.18.0.jar;C:\Users\shann\.m2\repository\io\cucumber\docstring\7.18.0\docstring-7.18.0.jar;C:\Users\shann\.m2\repository\io\cucumber\html-formatter\21.3.1\html-formatter-21.3.1.jar;C:\Users\shann\.m2\repository\io\cucumber\junit-xml-formatter\0.4.0\junit-xml-formatter-0.4.0.jar;C:\Users\shann\.m2\repository\io\cucumber\ci-environment\10.0.1\ci-environment-10.0.1.jar;C:\Users\shann\.m2\repository\org\apiguardian\apiguardian-api\1.1.2\apiguardian-api-1.1.2.jar;C:\Users\shann\.m2\repository\io\cucumber\cucumber-testng\7.18.0\cucumber-testng-7.18.0.jar;C:\Users\shann\.m2\repository\org\apache\logging\log4j\log4j-core\2.17.1\log4j-core-2.17.1.jar;C:\Users\shann\.m2\repository\org\apache\logging\log4j\log4j-api\2.17.1\log4j-api-2.17.1.jar;C:\Users\shann\.m2\repository\org\apache\logging\log4j\log4j-slf4j-impl\2.17.1\log4j-slf4j-impl-2.17.1.jar;C:\Users\shann\.m2\repository\javax\xml\bind\jaxb-api\2.3.1\jaxb-api-2.3.1.jar;C:\Users\shann\.m2\repository\org\glassfish\jaxb\jaxb-runtime\2.3.1\jaxb-runtime-2.3.1.jar;C:\Users\shann\.m2\repository\org\glassfish\jaxb\txw2\2.3.1\txw2-2.3.1.jar;C:\Users\shann\.m2\repository\com\sun\istack\istack-commons-runtime\3.0.7\istack-commons-runtime-3.0.7.jar;C:\Users\shann\.m2\repository\org\jvnet\staxex\stax-ex\1.8\stax-ex-1.8.jar;C:\Users\shann\.m2\repository\com\sun\xml\fastinfoset\FastInfoset\1.2.15\FastInfoset-1.2.15.jar;C:\Users\shann\.m2\repository\javax\activation\javax.activation-api\1.2.0\javax.activation-api-1.2.0.jar;C:\Users\shann\.m2\repository\tech\grasshopper\extentreports-cucumber7-adapter\1.14.0\extentreports-cucumber7-adapter-1.14.0.jar;C:\Users\shann\.m2\repository\tech\grasshopper\extent-pdf-report\2.12.0\extent-pdf-report-2.12.0.jar;C:\Users\shann\.m2\repository\tech\grasshopper\cucumber-pdf-report\2.14.0\cucumber-pdf-report-2.14.0.jar;C:\Users\shann\.m2\repository\org\apache\pdfbox\pdfbox\2.0.26\pdfbox-2.0.26.jar;C:\Users\shann\.m2\repository\org\apache\pdfbox\fontbox\2.0.26\fontbox-2.0.26.jar;C:\Users\shann\.m2\repository\org\knowm\xchart\xchart\3.8.0\xchart-3.8.0.jar;C:\Users\shann\.m2\repository\de\erichseifert\vectorgraphics2d\VectorGraphics2D\0.13\VectorGraphics2D-0.13.jar;C:\Users\shann\.m2\repository\de\rototor\pdfbox\graphics2d\0.30\graphics2d-0.30.jar;C:\Users\shann\.m2\repository\com\madgag\animated-gif-lib\1.4\animated-gif-lib-1.4.jar;C:\Users\shann\.m2\repository\org\yaml\snakeyaml\2.0\snakeyaml-2.0.jar;C:\Users\shann\.m2\repository\tech\grasshopper\table-layout\1.5.1\table-layout-1.5.1.jar;C:\Users\shann\.m2\repository\tech\grasshopper\rest-assured-cucumber-pdf-report\1.5.0\rest-assured-cucumber-pdf-report-1.5.0.jar;C:\Users\shann\.m2\repository\org\jsoup\jsoup\1.15.3\jsoup-1.15.3.jar;C:\Users\shann\.m2\repository\com\aventstack\klov-reporter\5.1.0\klov-reporter-5.1.0.jar;C:\Users\shann\.m2\repository\org\mongodb\mongodb-driver\3.6.4\mongodb-driver-3.6.4.jar;C:\Users\shann\.m2\repository\org\mongodb\mongodb-driver-core\3.6.4\mongodb-driver-core-3.6.4.jar;C:\Users\shann\.m2\repository\org\mongodb\bson\3.6.4\bson-3.6.4.jar;C:\Users\shann\.m2\repository\org\apache\httpcomponents\httpclient\4.5.13\httpclient-4.5.13.jar;C:\Users\shann\.m2\repository\org\apache\httpcomponents\httpcore\4.4.13\httpcore-4.4.13.jar;C:\Users\shann\.m2\repository\commons-logging\commons-logging\1.2\commons-logging-1.2.jar;C:\Users\shann\.m2\repository\org\apache\httpcomponents\httpmime\4.5.13\httpmime-4.5.13.jar;C:\Users\shann\.m2\repository\tech\grasshopper\htmlextentreporter\1.1.0\htmlextentreporter-1.1.0.jar;C:\Users\shann\.m2\repository\tech\grasshopper\extent-excel-report\1.4.0\extent-excel-report-1.4.0.jar;C:\Users\shann\.m2\repository\org\apache\poi\poi\5.2.3\poi-5.2.3.jar;C:\Users\shann\.m2\repository\org\apache\commons\commons-collections4\4.4\commons-collections4-4.4.jar;C:\Users\shann\.m2\repository\org\apache\commons\commons-math3\3.6.1\commons-math3-3.6.1.jar;C:\Users\shann\.m2\repository\com\zaxxer\SparseBitSet\1.2\SparseBitSet-1.2.jar;C:\Users\shann\.m2\repository\org\apache\poi\poi-ooxml\5.2.3\poi-ooxml-5.2.3.jar;C:\Users\shann\.m2\repository\org\apache\poi\poi-ooxml-lite\5.2.3\poi-ooxml-lite-5.2.3.jar;C:\Users\shann\.m2\repository\org\apache\xmlbeans\xmlbeans\5.1.1\xmlbeans-5.1.1.jar;C:\Users\shann\.m2\repository\com\github\virtuald\curvesapi\1.07\curvesapi-1.07.jar;C:\Users\shann\.m2\repository\com\aventstack\extentreports\5.0.9\extentreports-5.0.9.jar;C:\Users\shann\.m2\repository\io\reactivex\rxjava3\rxjava\3.0.4\rxjava-3.0.4.jar;C:\Users\shann\.m2\repository\org\reactivestreams\reactive-streams\1.0.3\reactive-streams-1.0.3.jar;C:\Users\shann\.m2\repository\org\freemarker\freemarker\2.3.30\freemarker-2.3.30.jar;C:\Users\shann\.m2\repository\org\projectlombok\lombok\1.18.12\lombok-1.18.12.jar;C:\Users\shann\.m2\repository\com\mysql\mysql-connector-j\9.0.0\mysql-connector-j-9.0.0.jar;C:\Users\shann\.m2\repository\com\google\protobuf\protobuf-java\4.26.1\protobuf-java-4.26.1.jar;C:\Users\shann\.m2\repository\com\fasterxml\jackson\core\jackson-annotations\2.17.2\jackson-annotations-2.17.2.jar;C:\Users\shann\.m2\repository\com\fasterxml\jackson\core\jackson-core\2.17.2\jackson-core-2.17.2.jar;C:\Users\shann\.m2\repository\com\fasterxml\jackson\core\jackson-databind\2.17.2\jackson-databind-2.17.2.jar;"/>
    <property name="java.vm.vendor" value="Oracle Corporation"/>
    <property name="sun.arch.data.model" value="64"/>
    <property name="user.variant" value=""/>
    <property name="java.vendor.url" value="https://java.oracle.com/"/>
    <property name="user.timezone" value="Asia/Calcutta"/>
    <property name="os.name" value="Windows 10"/>
    <property name="java.vm.specification.version" value="14"/>
    <property name="sun.java.launcher" value="SUN_STANDARD"/>
    <property name="user.country" value="IN"/>
    <property name="sun.boot.library.path" value="C:\Program Files\Java\jdk-14.0.2\bin"/>
    <property name="sun.java.command" value="C:\Users\shann\AppData\Local\Temp\surefire12404360127743914654\surefirebooter147661695023711857.jar C:\Users\shann\AppData\Local\Temp\surefire12404360127743914654 2024-07-24T10-22-56_159-jvmRun1 surefire247961131685591482tmp surefire_010701405265640651672tmp"/>
    <property name="jdk.debug" value="release"/>
    <property name="surefire.test.class.path" value="C:\Users\shann\IdeaProjects\testMVN\target\test-classes;C:\Users\shann\IdeaProjects\testMVN\target\classes;C:\Users\shann\.m2\repository\org\seleniumhq\selenium\selenium-java\4.22.0\selenium-java-4.22.0.jar;C:\Users\shann\.m2\repository\org\seleniumhq\selenium\selenium-api\4.22.0\selenium-api-4.22.0.jar;C:\Users\shann\.m2\repository\org\seleniumhq\selenium\selenium-chrome-driver\4.22.0\selenium-chrome-driver-4.22.0.jar;C:\Users\shann\.m2\repository\com\google\auto\service\auto-service-annotations\1.1.1\auto-service-annotations-1.1.1.jar;C:\Users\shann\.m2\repository\org\seleniumhq\selenium\selenium-chromium-driver\4.22.0\selenium-chromium-driver-4.22.0.jar;C:\Users\shann\.m2\repository\org\seleniumhq\selenium\selenium-json\4.22.0\selenium-json-4.22.0.jar;C:\Users\shann\.m2\repository\org\seleniumhq\selenium\selenium-manager\4.22.0\selenium-manager-4.22.0.jar;C:\Users\shann\.m2\repository\org\seleniumhq\selenium\selenium-devtools-v124\4.22.0\selenium-devtools-v124-4.22.0.jar;C:\Users\shann\.m2\repository\org\seleniumhq\selenium\selenium-devtools-v125\4.22.0\selenium-devtools-v125-4.22.0.jar;C:\Users\shann\.m2\repository\org\seleniumhq\selenium\selenium-devtools-v126\4.22.0\selenium-devtools-v126-4.22.0.jar;C:\Users\shann\.m2\repository\org\seleniumhq\selenium\selenium-devtools-v85\4.22.0\selenium-devtools-v85-4.22.0.jar;C:\Users\shann\.m2\repository\org\seleniumhq\selenium\selenium-edge-driver\4.22.0\selenium-edge-driver-4.22.0.jar;C:\Users\shann\.m2\repository\org\seleniumhq\selenium\selenium-firefox-driver\4.22.0\selenium-firefox-driver-4.22.0.jar;C:\Users\shann\.m2\repository\org\seleniumhq\selenium\selenium-http\4.22.0\selenium-http-4.22.0.jar;C:\Users\shann\.m2\repository\dev\failsafe\failsafe\3.3.2\failsafe-3.3.2.jar;C:\Users\shann\.m2\repository\org\seleniumhq\selenium\selenium-ie-driver\4.22.0\selenium-ie-driver-4.22.0.jar;C:\Users\shann\.m2\repository\org\seleniumhq\selenium\selenium-remote-driver\4.22.0\selenium-remote-driver-4.22.0.jar;C:\Users\shann\.m2\repository\com\google\guava\guava\33.2.1-jre\guava-33.2.1-jre.jar;C:\Users\shann\.m2\repository\com\google\guava\failureaccess\1.0.2\failureaccess-1.0.2.jar;C:\Users\shann\.m2\repository\com\google\guava\listenablefuture\9999.0-empty-to-avoid-conflict-with-guava\listenablefuture-9999.0-empty-to-avoid-conflict-with-guava.jar;C:\Users\shann\.m2\repository\com\google\code\findbugs\jsr305\3.0.2\jsr305-3.0.2.jar;C:\Users\shann\.m2\repository\org\checkerframework\checker-qual\3.42.0\checker-qual-3.42.0.jar;C:\Users\shann\.m2\repository\com\google\j2objc\j2objc-annotations\3.0.0\j2objc-annotations-3.0.0.jar;C:\Users\shann\.m2\repository\io\opentelemetry\semconv\opentelemetry-semconv\1.25.0-alpha\opentelemetry-semconv-1.25.0-alpha.jar;C:\Users\shann\.m2\repository\io\opentelemetry\opentelemetry-api\1.39.0\opentelemetry-api-1.39.0.jar;C:\Users\shann\.m2\repository\io\opentelemetry\opentelemetry-context\1.39.0\opentelemetry-context-1.39.0.jar;C:\Users\shann\.m2\repository\io\opentelemetry\opentelemetry-exporter-logging\1.39.0\opentelemetry-exporter-logging-1.39.0.jar;C:\Users\shann\.m2\repository\io\opentelemetry\opentelemetry-sdk-common\1.39.0\opentelemetry-sdk-common-1.39.0.jar;C:\Users\shann\.m2\repository\io\opentelemetry\opentelemetry-sdk-extension-autoconfigure-spi\1.39.0\opentelemetry-sdk-extension-autoconfigure-spi-1.39.0.jar;C:\Users\shann\.m2\repository\io\opentelemetry\opentelemetry-sdk-extension-autoconfigure\1.39.0\opentelemetry-sdk-extension-autoconfigure-1.39.0.jar;C:\Users\shann\.m2\repository\io\opentelemetry\opentelemetry-api-incubator\1.39.0-alpha\opentelemetry-api-incubator-1.39.0-alpha.jar;C:\Users\shann\.m2\repository\io\opentelemetry\opentelemetry-sdk-trace\1.39.0\opentelemetry-sdk-trace-1.39.0.jar;C:\Users\shann\.m2\repository\io\opentelemetry\opentelemetry-sdk\1.39.0\opentelemetry-sdk-1.39.0.jar;C:\Users\shann\.m2\repository\io\opentelemetry\opentelemetry-sdk-metrics\1.39.0\opentelemetry-sdk-metrics-1.39.0.jar;C:\Users\shann\.m2\repository\io\opentelemetry\opentelemetry-sdk-logs\1.39.0\opentelemetry-sdk-logs-1.39.0.jar;C:\Users\shann\.m2\repository\net\bytebuddy\byte-buddy\1.14.17\byte-buddy-1.14.17.jar;C:\Users\shann\.m2\repository\org\seleniumhq\selenium\selenium-os\4.22.0\selenium-os-4.22.0.jar;C:\Users\shann\.m2\repository\org\apache\commons\commons-exec\1.4.0\commons-exec-1.4.0.jar;C:\Users\shann\.m2\repository\org\seleniumhq\selenium\selenium-safari-driver\4.22.0\selenium-safari-driver-4.22.0.jar;C:\Users\shann\.m2\repository\org\seleniumhq\selenium\selenium-support\4.22.0\selenium-support-4.22.0.jar;C:\Users\shann\.m2\repository\org\testng\testng\7.10.2\testng-7.10.2.jar;C:\Users\shann\.m2\repository\org\slf4j\slf4j-api\1.7.36\slf4j-api-1.7.36.jar;C:\Users\shann\.m2\repository\com\beust\jcommander\1.82\jcommander-1.82.jar;C:\Users\shann\.m2\repository\org\webjars\jquery\3.7.1\jquery-3.7.1.jar;C:\Users\shann\.m2\repository\io\github\bonigarcia\webdrivermanager\5.9.1\webdrivermanager-5.9.1.jar;C:\Users\shann\.m2\repository\com\google\code\gson\gson\2.11.0\gson-2.11.0.jar;C:\Users\shann\.m2\repository\com\google\errorprone\error_prone_annotations\2.27.0\error_prone_annotations-2.27.0.jar;C:\Users\shann\.m2\repository\com\github\docker-java\docker-java\3.3.6\docker-java-3.3.6.jar;C:\Users\shann\.m2\repository\com\github\docker-java\docker-java-core\3.3.6\docker-java-core-3.3.6.jar;C:\Users\shann\.m2\repository\com\github\docker-java\docker-java-api\3.3.6\docker-java-api-3.3.6.jar;C:\Users\shann\.m2\repository\org\slf4j\jcl-over-slf4j\1.7.30\jcl-over-slf4j-1.7.30.jar;C:\Users\shann\.m2\repository\com\github\docker-java\docker-java-transport-httpclient5\3.3.6\docker-java-transport-httpclient5-3.3.6.jar;C:\Users\shann\.m2\repository\com\github\docker-java\docker-java-transport\3.3.6\docker-java-transport-3.3.6.jar;C:\Users\shann\.m2\repository\net\java\dev\jna\jna\5.13.0\jna-5.13.0.jar;C:\Users\shann\.m2\repository\org\brotli\dec\0.1.2\dec-0.1.2.jar;C:\Users\shann\.m2\repository\org\apache\commons\commons-lang3\3.14.0\commons-lang3-3.14.0.jar;C:\Users\shann\.m2\repository\org\apache\commons\commons-compress\1.26.2\commons-compress-1.26.2.jar;C:\Users\shann\.m2\repository\commons-codec\commons-codec\1.17.0\commons-codec-1.17.0.jar;C:\Users\shann\.m2\repository\commons-io\commons-io\2.16.1\commons-io-2.16.1.jar;C:\Users\shann\.m2\repository\org\apache\httpcomponents\client5\httpclient5\5.2.1\httpclient5-5.2.1.jar;C:\Users\shann\.m2\repository\org\apache\httpcomponents\core5\httpcore5\5.2\httpcore5-5.2.jar;C:\Users\shann\.m2\repository\org\apache\httpcomponents\core5\httpcore5-h2\5.2\httpcore5-h2-5.2.jar;C:\Users\shann\.m2\repository\io\cucumber\cucumber-java\7.18.0\cucumber-java-7.18.0.jar;C:\Users\shann\.m2\repository\io\cucumber\cucumber-core\7.18.0\cucumber-core-7.18.0.jar;C:\Users\shann\.m2\repository\io\cucumber\cucumber-gherkin\7.18.0\cucumber-gherkin-7.18.0.jar;C:\Users\shann\.m2\repository\io\cucumber\cucumber-gherkin-messages\7.18.0\cucumber-gherkin-messages-7.18.0.jar;C:\Users\shann\.m2\repository\io\cucumber\gherkin\28.0.0\gherkin-28.0.0.jar;C:\Users\shann\.m2\repository\io\cucumber\messages\24.1.0\messages-24.1.0.jar;C:\Users\shann\.m2\repository\io\cucumber\testng-xml-formatter\0.1.0\testng-xml-formatter-0.1.0.jar;C:\Users\shann\.m2\repository\io\cucumber\query\12.2.0\query-12.2.0.jar;C:\Users\shann\.m2\repository\io\cucumber\tag-expressions\6.1.0\tag-expressions-6.1.0.jar;C:\Users\shann\.m2\repository\io\cucumber\cucumber-expressions\17.1.0\cucumber-expressions-17.1.0.jar;C:\Users\shann\.m2\repository\io\cucumber\datatable\7.18.0\datatable-7.18.0.jar;C:\Users\shann\.m2\repository\io\cucumber\cucumber-plugin\7.18.0\cucumber-plugin-7.18.0.jar;C:\Users\shann\.m2\repository\io\cucumber\docstring\7.18.0\docstring-7.18.0.jar;C:\Users\shann\.m2\repository\io\cucumber\html-formatter\21.3.1\html-formatter-21.3.1.jar;C:\Users\shann\.m2\repository\io\cucumber\junit-xml-formatter\0.4.0\junit-xml-formatter-0.4.0.jar;C:\Users\shann\.m2\repository\io\cucumber\ci-environment\10.0.1\ci-environment-10.0.1.jar;C:\Users\shann\.m2\repository\org\apiguardian\apiguardian-api\1.1.2\apiguardian-api-1.1.2.jar;C:\Users\shann\.m2\repository\io\cucumber\cucumber-testng\7.18.0\cucumber-testng-7.18.0.jar;C:\Users\shann\.m2\repository\org\apache\logging\log4j\log4j-core\2.17.1\log4j-core-2.17.1.jar;C:\Users\shann\.m2\repository\org\apache\logging\log4j\log4j-api\2.17.1\log4j-api-2.17.1.jar;C:\Users\shann\.m2\repository\org\apache\logging\log4j\log4j-slf4j-impl\2.17.1\log4j-slf4j-impl-2.17.1.jar;C:\Users\shann\.m2\repository\javax\xml\bind\jaxb-api\2.3.1\jaxb-api-2.3.1.jar;C:\Users\shann\.m2\repository\org\glassfish\jaxb\jaxb-runtime\2.3.1\jaxb-runtime-2.3.1.jar;C:\Users\shann\.m2\repository\org\glassfish\jaxb\txw2\2.3.1\txw2-2.3.1.jar;C:\Users\shann\.m2\repository\com\sun\istack\istack-commons-runtime\3.0.7\istack-commons-runtime-3.0.7.jar;C:\Users\shann\.m2\repository\org\jvnet\staxex\stax-ex\1.8\stax-ex-1.8.jar;C:\Users\shann\.m2\repository\com\sun\xml\fastinfoset\FastInfoset\1.2.15\FastInfoset-1.2.15.jar;C:\Users\shann\.m2\repository\javax\activation\javax.activation-api\1.2.0\javax.activation-api-1.2.0.jar;C:\Users\shann\.m2\repository\tech\grasshopper\extentreports-cucumber7-adapter\1.14.0\extentreports-cucumber7-adapter-1.14.0.jar;C:\Users\shann\.m2\repository\tech\grasshopper\extent-pdf-report\2.12.0\extent-pdf-report-2.12.0.jar;C:\Users\shann\.m2\repository\tech\grasshopper\cucumber-pdf-report\2.14.0\cucumber-pdf-report-2.14.0.jar;C:\Users\shann\.m2\repository\org\apache\pdfbox\pdfbox\2.0.26\pdfbox-2.0.26.jar;C:\Users\shann\.m2\repository\org\apache\pdfbox\fontbox\2.0.26\fontbox-2.0.26.jar;C:\Users\shann\.m2\repository\org\knowm\xchart\xchart\3.8.0\xchart-3.8.0.jar;C:\Users\shann\.m2\repository\de\erichseifert\vectorgraphics2d\VectorGraphics2D\0.13\VectorGraphics2D-0.13.jar;C:\Users\shann\.m2\repository\de\rototor\pdfbox\graphics2d\0.30\graphics2d-0.30.jar;C:\Users\shann\.m2\repository\com\madgag\animated-gif-lib\1.4\animated-gif-lib-1.4.jar;C:\Users\shann\.m2\repository\org\yaml\snakeyaml\2.0\snakeyaml-2.0.jar;C:\Users\shann\.m2\repository\tech\grasshopper\table-layout\1.5.1\table-layout-1.5.1.jar;C:\Users\shann\.m2\repository\tech\grasshopper\rest-assured-cucumber-pdf-report\1.5.0\rest-assured-cucumber-pdf-report-1.5.0.jar;C:\Users\shann\.m2\repository\org\jsoup\jsoup\1.15.3\jsoup-1.15.3.jar;C:\Users\shann\.m2\repository\com\aventstack\klov-reporter\5.1.0\klov-reporter-5.1.0.jar;C:\Users\shann\.m2\repository\org\mongodb\mongodb-driver\3.6.4\mongodb-driver-3.6.4.jar;C:\Users\shann\.m2\repository\org\mongodb\mongodb-driver-core\3.6.4\mongodb-driver-core-3.6.4.jar;C:\Users\shann\.m2\repository\org\mongodb\bson\3.6.4\bson-3.6.4.jar;C:\Users\shann\.m2\repository\org\apache\httpcomponents\httpclient\4.5.13\httpclient-4.5.13.jar;C:\Users\shann\.m2\repository\org\apache\httpcomponents\httpcore\4.4.13\httpcore-4.4.13.jar;C:\Users\shann\.m2\repository\commons-logging\commons-logging\1.2\commons-logging-1.2.jar;C:\Users\shann\.m2\repository\org\apache\httpcomponents\httpmime\4.5.13\httpmime-4.5.13.jar;C:\Users\shann\.m2\repository\tech\grasshopper\htmlextentreporter\1.1.0\htmlextentreporter-1.1.0.jar;C:\Users\shann\.m2\repository\tech\grasshopper\extent-excel-report\1.4.0\extent-excel-report-1.4.0.jar;C:\Users\shann\.m2\repository\org\apache\poi\poi\5.2.3\poi-5.2.3.jar;C:\Users\shann\.m2\repository\org\apache\commons\commons-collections4\4.4\commons-collections4-4.4.jar;C:\Users\shann\.m2\repository\org\apache\commons\commons-math3\3.6.1\commons-math3-3.6.1.jar;C:\Users\shann\.m2\repository\com\zaxxer\SparseBitSet\1.2\SparseBitSet-1.2.jar;C:\Users\shann\.m2\repository\org\apache\poi\poi-ooxml\5.2.3\poi-ooxml-5.2.3.jar;C:\Users\shann\.m2\repository\org\apache\poi\poi-ooxml-lite\5.2.3\poi-ooxml-lite-5.2.3.jar;C:\Users\shann\.m2\repository\org\apache\xmlbeans\xmlbeans\5.1.1\xmlbeans-5.1.1.jar;C:\Users\shann\.m2\repository\com\github\virtuald\curvesapi\1.07\curvesapi-1.07.jar;C:\Users\shann\.m2\repository\com\aventstack\extentreports\5.0.9\extentreports-5.0.9.jar;C:\Users\shann\.m2\repository\io\reactivex\rxjava3\rxjava\3.0.4\rxjava-3.0.4.jar;C:\Users\shann\.m2\repository\org\reactivestreams\reactive-streams\1.0.3\reactive-streams-1.0.3.jar;C:\Users\shann\.m2\repository\org\freemarker\freemarker\2.3.30\freemarker-2.3.30.jar;C:\Users\shann\.m2\repository\org\projectlombok\lombok\1.18.12\lombok-1.18.12.jar;C:\Users\shann\.m2\repository\com\mysql\mysql-connector-j\9.0.0\mysql-connector-j-9.0.0.jar;C:\Users\shann\.m2\repository\com\google\protobuf\protobuf-java\4.26.1\protobuf-java-4.26.1.jar;C:\Users\shann\.m2\repository\com\fasterxml\jackson\core\jackson-annotations\2.17.2\jackson-annotations-2.17.2.jar;C:\Users\shann\.m2\repository\com\fasterxml\jackson\core\jackson-core\2.17.2\jackson-core-2.17.2.jar;C:\Users\shann\.m2\repository\com\fasterxml\jackson\core\jackson-databind\2.17.2\jackson-databind-2.17.2.jar;"/>
    <property name="sun.cpu.endian" value="little"/>
    <property name="user.home" value="C:\Users\shann"/>
    <property name="user.language" value="en"/>
    <property name="java.specification.vendor" value="Oracle Corporation"/>
    <property name="java.version.date" value="2020-07-14"/>
    <property name="java.home" value="C:\Program Files\Java\jdk-14.0.2"/>
    <property name="file.separator" value="\"/>
    <property name="basedir" value="C:\Users\shann\IdeaProjects\testMVN"/>
    <property name="java.vm.compressedOopsMode" value="Zero based"/>
    <property name="line.separator" value="&#10;"/>
    <property name="java.vm.specification.vendor" value="Oracle Corporation"/>
    <property name="java.specification.name" value="Java Platform API Specification"/>
    <property name="surefire.real.class.path" value="C:\Users\shann\AppData\Local\Temp\surefire12404360127743914654\surefirebooter147661695023711857.jar"/>
    <property name="user.script" value=""/>
    <property name="sun.management.compiler" value="HotSpot 64-Bit Tiered Compilers"/>
    <property name="enviroment" value="SIT"/>
    <property name="java.runtime.version" value="14.0.2+12-46"/>
    <property name="user.name" value="shann"/>
    <property name="path.separator" value=";"/>
    <property name="otel.metrics.exporter" value="none"/>
    <property name="os.version" value="10.0"/>
    <property name="java.runtime.name" value="Java(TM) SE Runtime Environment"/>
    <property name="otel.traces.exporter" value="none"/>
    <property name="file.encoding" value="Cp1252"/>
    <property name="java.vm.name" value="Java HotSpot(TM) 64-Bit Server VM"/>
    <property name="localRepository" value="C:\Users\shann\.m2\repository"/>
    <property name="java.vendor.url.bug" value="https://bugreport.java.com/bugreport/"/>
    <property name="otel.logs.exporter" value="none"/>
    <property name="java.io.tmpdir" value="C:\Users\shann\AppData\Local\Temp\"/>
    <property name="java.version" value="14.0.2"/>
    <property name="user.dir" value="C:\Users\shann\IdeaProjects\testMVN"/>
    <property name="os.arch" value="amd64"/>
    <property name="java.vm.specification.name" value="Java Virtual Machine Specification"/>
    <property name="sun.os.patch.level" value=""/>
    <property name="java.library.path" value="C:\Program Files\Java\jdk-14.0.2\bin;C:\WINDOWS\Sun\Java\bin;C:\WINDOWS\system32;C:\WINDOWS;C:\Program Files\Maven\apache-maven-3.8.5\bin;C:\strawberry\c\bin;C:\strawberry\perl\bin;C:\WINDOWS\system32;C:\WINDOWS;C:\WINDOWS\System32\Wbem;C:\WINDOWS\System32\WindowsPowerShell\v1.0\;C:\WINDOWS\System32\OpenSSH\;C:\Program Files\Git\cmd;C:\Program Files\Docker\Docker\resources\bin;C:\Program Files\MySQL\MySQL Shell 8.0\bin\;C:\Users\shann\AppData\Local\Microsoft\WindowsApps;C:\Program Files\Java\jdk-14.0.2\bin;;."/>
    <property name="java.vm.info" value="mixed mode, sharing"/>
    <property name="java.vendor" value="Oracle Corporation"/>
    <property name="java.vm.version" value="14.0.2+12-46"/>
    <property name="sun.io.unicode.encoding" value="UnicodeLittle"/>
    <property name="java.class.version" value="58.0"/>
  </properties>
  <testcase name="runScenario[&quot;Docker testing&quot;, &quot;To test my DBB framework&quot;](1)" classname="com.example.runner.testNGtestRunner" time="39.851">
    <system-out><![CDATA[2024-07-24 10:22:57 INFO  Reusables:38 - Deleting output.txt file...
2024-07-24 10:22:57 INFO  Reusables:42 - Deleting outputDown.txt file...
2024-07-24 10:22:57 INFO  Reusables:47 - Waiting for output.txt to generate.
2024-07-24 10:22:57 INFO  Reusables:47 - Waiting for output.txt to generate.
2024-07-24 10:22:57 INFO  Reusables:47 - Waiting for output.txt to generate.
2024-07-24 10:22:57 INFO  Reusables:47 - Waiting for output.txt to generate.
2024-07-24 10:22:57 INFO  Reusables:47 - Waiting for output.txt to generate.
2024-07-24 10:22:57 INFO  Reusables:47 - Waiting for output.txt to generate.
2024-07-24 10:22:57 INFO  Reusables:47 - Waiting for output.txt to generate.
2024-07-24 10:22:57 INFO  Reusables:47 - Waiting for output.txt to generate.
2024-07-24 10:22:57 INFO  Reusables:47 - Waiting for output.txt to generate.
2024-07-24 10:22:57 INFO  Reusables:47 - Waiting for output.txt to generate.
2024-07-24 10:22:57 INFO  Reusables:47 - Waiting for output.txt to generate.
2024-07-24 10:22:57 INFO  Reusables:47 - Waiting for output.txt to generate.
2024-07-24 10:22:57 INFO  Reusables:47 - Waiting for output.txt to generate.
2024-07-24 10:22:57 INFO  Reusables:47 - Waiting for output.txt to generate.
2024-07-24 10:22:57 INFO  Reusables:47 - Waiting for output.txt to generate.
2024-07-24 10:22:57 INFO  Reusables:47 - Waiting for output.txt to generate.
2024-07-24 10:22:57 INFO  Reusables:47 - Waiting for output.txt to generate.
2024-07-24 10:22:57 INFO  Reusables:47 - Waiting for output.txt to generate.
2024-07-24 10:22:57 INFO  Reusables:47 - Waiting for output.txt to generate.
2024-07-24 10:22:57 INFO  Reusables:47 - Waiting for output.txt to generate.
2024-07-24 10:22:57 INFO  Reusables:47 - Waiting for output.txt to generate.
2024-07-24 10:22:57 INFO  Reusables:47 - Waiting for output.txt to generate.
2024-07-24 10:22:57 INFO  Reusables:47 - Waiting for output.txt to generate.
2024-07-24 10:22:57 INFO  Reusables:47 - Waiting for output.txt to generate.
2024-07-24 10:22:57 INFO  Reusables:47 - Waiting for output.txt to generate.
2024-07-24 10:22:57 INFO  Reusables:47 - Waiting for output.txt to generate.
2024-07-24 10:22:57 INFO  Reusables:47 - Waiting for output.txt to generate.
2024-07-24 10:22:57 INFO  Reusables:47 - Waiting for output.txt to generate.
2024-07-24 10:22:57 INFO  Reusables:47 - Waiting for output.txt to generate.
2024-07-24 10:22:57 INFO  Reusables:47 - Waiting for output.txt to generate.
2024-07-24 10:22:57 INFO  Reusables:47 - Waiting for output.txt to generate.
2024-07-24 10:22:57 INFO  Reusables:47 - Waiting for output.txt to generate.
2024-07-24 10:22:57 INFO  Reusables:47 - Waiting for output.txt to generate.
2024-07-24 10:22:57 INFO  Reusables:47 - Waiting for output.txt to generate.
2024-07-24 10:22:57 INFO  Reusables:47 - Waiting for output.txt to generate.
2024-07-24 10:22:57 INFO  Reusables:47 - Waiting for output.txt to generate.
2024-07-24 10:22:57 INFO  Reusables:47 - Waiting for output.txt to generate.
2024-07-24 10:22:57 INFO  Reusables:47 - Waiting for output.txt to generate.
2024-07-24 10:22:57 INFO  Reusables:47 - Waiting for output.txt to generate.
2024-07-24 10:22:57 INFO  Reusables:47 - Waiting for output.txt to generate.
2024-07-24 10:22:57 INFO  Reusables:47 - Waiting for output.txt to generate.
2024-07-24 10:22:57 INFO  Reusables:47 - Waiting for output.txt to generate.
2024-07-24 10:22:57 INFO  Reusables:47 - Waiting for output.txt to generate.
2024-07-24 10:22:57 INFO  Reusables:47 - Waiting for output.txt to generate.
2024-07-24 10:22:57 INFO  Reusables:47 - Waiting for output.txt to generate.
2024-07-24 10:22:57 INFO  Reusables:47 - Waiting for output.txt to generate.
2024-07-24 10:22:57 INFO  Reusables:47 - Waiting for output.txt to generate.
2024-07-24 10:22:57 INFO  Reusables:47 - Waiting for output.txt to generate.
2024-07-24 10:22:57 INFO  Reusables:47 - Waiting for output.txt to generate.
2024-07-24 10:22:57 INFO  Reusables:47 - Waiting for output.txt to generate.
2024-07-24 10:22:57 INFO  Reusables:47 - Waiting for output.txt to generate.
2024-07-24 10:22:57 INFO  Reusables:47 - Waiting for output.txt to generate.
2024-07-24 10:22:57 INFO  Reusables:47 - Waiting for output.txt to generate.
2024-07-24 10:22:57 INFO  Reusables:47 - Waiting for output.txt to generate.
2024-07-24 10:22:57 INFO  Reusables:47 - Waiting for output.txt to generate.
2024-07-24 10:22:57 INFO  Reusables:47 - Waiting for output.txt to generate.
2024-07-24 10:22:57 INFO  Reusables:47 - Waiting for output.txt to generate.
2024-07-24 10:22:57 INFO  Reusables:47 - Waiting for output.txt to generate.
2024-07-24 10:22:57 INFO  Reusables:47 - Waiting for output.txt to generate.
2024-07-24 10:22:57 INFO  Reusables:47 - Waiting for output.txt to generate.
2024-07-24 10:22:57 INFO  Reusables:47 - Waiting for output.txt to generate.
2024-07-24 10:22:57 INFO  Reusables:47 - Waiting for output.txt to generate.
2024-07-24 10:22:57 INFO  Reusables:47 - Waiting for output.txt to generate.
2024-07-24 10:22:57 INFO  Reusables:47 - Waiting for output.txt to generate.
2024-07-24 10:22:57 INFO  Reusables:47 - Waiting for output.txt to generate.
2024-07-24 10:22:57 INFO  Reusables:47 - Waiting for output.txt to generate.
2024-07-24 10:22:57 INFO  Reusables:47 - Waiting for output.txt to generate.
2024-07-24 10:22:57 INFO  Reusables:47 - Waiting for output.txt to generate.
2024-07-24 10:22:57 INFO  Reusables:47 - Waiting for output.txt to generate.
2024-07-24 10:22:57 INFO  Reusables:47 - Waiting for output.txt to generate.
2024-07-24 10:22:57 INFO  Reusables:47 - Waiting for output.txt to generate.
2024-07-24 10:22:57 INFO  Reusables:47 - Waiting for output.txt to generate.
2024-07-24 10:22:57 INFO  Reusables:47 - Waiting for output.txt to generate.
2024-07-24 10:22:57 INFO  Reusables:47 - Waiting for output.txt to generate.
2024-07-24 10:22:57 INFO  Reusables:47 - Waiting for output.txt to generate.
2024-07-24 10:22:57 INFO  Reusables:47 - Waiting for output.txt to generate.
2024-07-24 10:22:57 INFO  Reusables:47 - Waiting for output.txt to generate.
2024-07-24 10:22:57 INFO  Reusables:47 - Waiting for output.txt to generate.
2024-07-24 10:22:57 INFO  Reusables:47 - Waiting for output.txt to generate.
2024-07-24 10:22:57 INFO  Reusables:47 - Waiting for output.txt to generate.
2024-07-24 10:22:57 INFO  Reusables:47 - Waiting for output.txt to generate.
2024-07-24 10:22:57 INFO  Reusables:47 - Waiting for output.txt to generate.
2024-07-24 10:22:57 INFO  Reusables:47 - Waiting for output.txt to generate.
2024-07-24 10:22:57 INFO  Reusables:47 - Waiting for output.txt to generate.
2024-07-24 10:22:57 INFO  Reusables:47 - Waiting for output.txt to generate.
2024-07-24 10:22:57 INFO  Reusables:47 - Waiting for output.txt to generate.
2024-07-24 10:22:57 INFO  Reusables:47 - Waiting for output.txt to generate.
2024-07-24 10:22:57 INFO  Reusables:47 - Waiting for output.txt to generate.
2024-07-24 10:22:57 INFO  Reusables:47 - Waiting for output.txt to generate.
2024-07-24 10:22:57 INFO  Reusables:47 - Waiting for output.txt to generate.
2024-07-24 10:22:57 INFO  Reusables:47 - Waiting for output.txt to generate.
2024-07-24 10:22:57 INFO  Reusables:47 - Waiting for output.txt to generate.
2024-07-24 10:22:57 INFO  Reusables:47 - Waiting for output.txt to generate.
2024-07-24 10:22:57 INFO  Reusables:47 - Waiting for output.txt to generate.
2024-07-24 10:22:57 INFO  Reusables:47 - Waiting for output.txt to generate.
2024-07-24 10:22:57 INFO  Reusables:47 - Waiting for output.txt to generate.
2024-07-24 10:22:57 INFO  Reusables:47 - Waiting for output.txt to generate.
2024-07-24 10:22:57 INFO  Reusables:47 - Waiting for output.txt to generate.
2024-07-24 10:22:57 INFO  Reusables:47 - Waiting for output.txt to generate.
2024-07-24 10:22:57 INFO  Reusables:47 - Waiting for output.txt to generate.
2024-07-24 10:22:57 INFO  Reusables:47 - Waiting for output.txt to generate.
2024-07-24 10:22:57 INFO  Reusables:47 - Waiting for output.txt to generate.
2024-07-24 10:22:57 INFO  Reusables:47 - Waiting for output.txt to generate.
2024-07-24 10:22:57 INFO  Reusables:47 - Waiting for output.txt to generate.
2024-07-24 10:22:57 INFO  Reusables:47 - Waiting for output.txt to generate.
2024-07-24 10:22:57 INFO  Reusables:47 - Waiting for output.txt to generate.
2024-07-24 10:22:57 INFO  Reusables:47 - Waiting for output.txt to generate.
2024-07-24 10:22:57 INFO  Reusables:47 - Waiting for output.txt to generate.
2024-07-24 10:22:57 INFO  Reusables:47 - Waiting for output.txt to generate.
2024-07-24 10:22:57 INFO  Reusables:47 - Waiting for output.txt to generate.
2024-07-24 10:22:57 INFO  Reusables:47 - Waiting for output.txt to generate.
2024-07-24 10:22:57 INFO  Reusables:47 - Waiting for output.txt to generate.
2024-07-24 10:22:57 INFO  Reusables:47 - Waiting for output.txt to generate.
2024-07-24 10:22:57 INFO  Reusables:47 - Waiting for output.txt to generate.
2024-07-24 10:22:57 INFO  Reusables:47 - Waiting for output.txt to generate.
2024-07-24 10:22:57 INFO  Reusables:47 - Waiting for output.txt to generate.
2024-07-24 10:22:57 INFO  Reusables:47 - Waiting for output.txt to generate.
2024-07-24 10:22:57 INFO  Reusables:47 - Waiting for output.txt to generate.
2024-07-24 10:22:57 INFO  Reusables:47 - Waiting for output.txt to generate.
2024-07-24 10:22:57 INFO  Reusables:47 - Waiting for output.txt to generate.
2024-07-24 10:22:57 INFO  Reusables:47 - Waiting for output.txt to generate.
2024-07-24 10:22:57 INFO  Reusables:47 - Waiting for output.txt to generate.
2024-07-24 10:22:57 INFO  Reusables:47 - Waiting for output.txt to generate.
2024-07-24 10:22:57 INFO  Reusables:47 - Waiting for output.txt to generate.
2024-07-24 10:22:57 INFO  Reusables:47 - Waiting for output.txt to generate.
2024-07-24 10:22:57 INFO  Reusables:47 - Waiting for output.txt to generate.
2024-07-24 10:22:57 INFO  Reusables:47 - Waiting for output.txt to generate.
2024-07-24 10:22:57 INFO  Reusables:47 - Waiting for output.txt to generate.
2024-07-24 10:22:57 INFO  Reusables:47 - Waiting for output.txt to generate.
2024-07-24 10:22:57 INFO  Reusables:47 - Waiting for output.txt to generate.
2024-07-24 10:22:57 INFO  Reusables:47 - Waiting for output.txt to generate.
2024-07-24 10:22:57 INFO  Reusables:47 - Waiting for output.txt to generate.
2024-07-24 10:22:57 INFO  Reusables:47 - Waiting for output.txt to generate.
2024-07-24 10:22:57 INFO  Reusables:47 - Waiting for output.txt to generate.
2024-07-24 10:22:57 INFO  Reusables:47 - Waiting for output.txt to generate.
2024-07-24 10:22:57 INFO  Reusables:47 - Waiting for output.txt to generate.
2024-07-24 10:22:57 INFO  Reusables:47 - Waiting for output.txt to generate.
2024-07-24 10:22:57 INFO  Reusables:47 - Waiting for output.txt to generate.
2024-07-24 10:22:57 INFO  Reusables:47 - Waiting for output.txt to generate.
2024-07-24 10:22:57 INFO  Reusables:47 - Waiting for output.txt to generate.
2024-07-24 10:22:57 INFO  Reusables:47 - Waiting for output.txt to generate.
2024-07-24 10:22:57 INFO  Reusables:47 - Waiting for output.txt to generate.
2024-07-24 10:22:57 INFO  Reusables:47 - Waiting for output.txt to generate.
2024-07-24 10:22:57 INFO  Reusables:47 - Waiting for output.txt to generate.
2024-07-24 10:22:57 INFO  Reusables:47 - Waiting for output.txt to generate.
2024-07-24 10:22:57 INFO  Reusables:47 - Waiting for output.txt to generate.
2024-07-24 10:22:57 INFO  Reusables:47 - Waiting for output.txt to generate.
2024-07-24 10:22:57 INFO  Reusables:47 - Waiting for output.txt to generate.
2024-07-24 10:22:57 INFO  Reusables:47 - Waiting for output.txt to generate.
2024-07-24 10:22:57 INFO  Reusables:47 - Waiting for output.txt to generate.
2024-07-24 10:22:57 INFO  Reusables:47 - Waiting for output.txt to generate.
2024-07-24 10:22:57 INFO  Reusables:47 - Waiting for output.txt to generate.
2024-07-24 10:22:57 INFO  Reusables:47 - Waiting for output.txt to generate.
2024-07-24 10:22:57 INFO  Reusables:47 - Waiting for output.txt to generate.
2024-07-24 10:22:57 INFO  Reusables:47 - Waiting for output.txt to generate.
2024-07-24 10:22:57 INFO  Reusables:47 - Waiting for output.txt to generate.
2024-07-24 10:22:57 INFO  Reusables:47 - Waiting for output.txt to generate.
2024-07-24 10:22:57 INFO  Reusables:47 - Waiting for output.txt to generate.
2024-07-24 10:22:57 INFO  Reusables:47 - Waiting for output.txt to generate.
2024-07-24 10:22:57 INFO  Reusables:47 - Waiting for output.txt to generate.
2024-07-24 10:22:57 INFO  Reusables:47 - Waiting for output.txt to generate.
2024-07-24 10:22:57 INFO  Reusables:47 - Waiting for output.txt to generate.
2024-07-24 10:22:57 INFO  Reusables:47 - Waiting for output.txt to generate.
2024-07-24 10:22:57 INFO  Reusables:47 - Waiting for output.txt to generate.
2024-07-24 10:22:57 INFO  Reusables:47 - Waiting for output.txt to generate.
2024-07-24 10:22:57 INFO  Reusables:47 - Waiting for output.txt to generate.
2024-07-24 10:22:57 INFO  Reusables:47 - Waiting for output.txt to generate.
2024-07-24 10:22:57 INFO  Reusables:47 - Waiting for output.txt to generate.
2024-07-24 10:22:57 INFO  Reusables:47 - Waiting for output.txt to generate.
2024-07-24 10:22:57 INFO  Reusables:47 - Waiting for output.txt to generate.
2024-07-24 10:22:57 INFO  Reusables:47 - Waiting for output.txt to generate.
2024-07-24 10:22:57 INFO  Reusables:47 - Waiting for output.txt to generate.
2024-07-24 10:22:57 INFO  Reusables:47 - Waiting for output.txt to generate.
2024-07-24 10:22:57 INFO  Reusables:47 - Waiting for output.txt to generate.
2024-07-24 10:22:57 INFO  Reusables:47 - Waiting for output.txt to generate.
2024-07-24 10:22:57 INFO  Reusables:47 - Waiting for output.txt to generate.
2024-07-24 10:22:57 INFO  Reusables:47 - Waiting for output.txt to generate.
2024-07-24 10:22:57 INFO  Reusables:47 - Waiting for output.txt to generate.
2024-07-24 10:22:57 INFO  Reusables:47 - Waiting for output.txt to generate.
2024-07-24 10:22:57 INFO  Reusables:47 - Waiting for output.txt to generate.
2024-07-24 10:22:57 INFO  Reusables:47 - Waiting for output.txt to generate.
2024-07-24 10:22:57 INFO  Reusables:47 - Waiting for output.txt to generate.
2024-07-24 10:22:57 INFO  Reusables:47 - Waiting for output.txt to generate.
2024-07-24 10:22:57 INFO  Reusables:47 - Waiting for output.txt to generate.
2024-07-24 10:22:57 INFO  Reusables:47 - Waiting for output.txt to generate.
2024-07-24 10:22:57 INFO  Reusables:47 - Waiting for output.txt to generate.
2024-07-24 10:22:57 INFO  Reusables:47 - Waiting for output.txt to generate.
2024-07-24 10:22:57 INFO  Reusables:47 - Waiting for output.txt to generate.
2024-07-24 10:22:57 INFO  Reusables:47 - Waiting for output.txt to generate.
2024-07-24 10:22:57 INFO  Reusables:47 - Waiting for output.txt to generate.
2024-07-24 10:22:57 INFO  Reusables:47 - Waiting for output.txt to generate.
2024-07-24 10:22:57 INFO  Reusables:47 - Waiting for output.txt to generate.
2024-07-24 10:22:57 INFO  Reusables:47 - Waiting for output.txt to generate.
2024-07-24 10:22:57 INFO  Reusables:47 - Waiting for output.txt to generate.
2024-07-24 10:22:57 INFO  Reusables:47 - Waiting for output.txt to generate.
2024-07-24 10:22:57 INFO  Reusables:47 - Waiting for output.txt to generate.
2024-07-24 10:22:57 INFO  Reusables:47 - Waiting for output.txt to generate.
2024-07-24 10:22:57 INFO  Reusables:47 - Waiting for output.txt to generate.
2024-07-24 10:22:57 INFO  Reusables:47 - Waiting for output.txt to generate.
2024-07-24 10:22:57 INFO  Reusables:47 - Waiting for output.txt to generate.
2024-07-24 10:22:57 INFO  Reusables:47 - Waiting for output.txt to generate.
2024-07-24 10:22:57 INFO  Reusables:47 - Waiting for output.txt to generate.
2024-07-24 10:22:57 INFO  Reusables:47 - Waiting for output.txt to generate.
2024-07-24 10:22:57 INFO  Reusables:47 - Waiting for output.txt to generate.
2024-07-24 10:22:57 INFO  Reusables:47 - Waiting for output.txt to generate.
2024-07-24 10:22:57 INFO  Reusables:47 - Waiting for output.txt to generate.
2024-07-24 10:22:57 INFO  Reusables:47 - Waiting for output.txt to generate.
2024-07-24 10:22:57 INFO  Reusables:47 - Waiting for output.txt to generate.
2024-07-24 10:22:57 INFO  Reusables:47 - Waiting for output.txt to generate.
2024-07-24 10:22:57 INFO  Reusables:47 - Waiting for output.txt to generate.
2024-07-24 10:22:57 INFO  Reusables:47 - Waiting for output.txt to generate.
2024-07-24 10:22:57 INFO  Reusables:47 - Waiting for output.txt to generate.
2024-07-24 10:22:57 INFO  Reusables:47 - Waiting for output.txt to generate.
2024-07-24 10:22:57 INFO  Reusables:47 - Waiting for output.txt to generate.
2024-07-24 10:22:57 INFO  Reusables:47 - Waiting for output.txt to generate.
2024-07-24 10:22:57 INFO  Reusables:47 - Waiting for output.txt to generate.
2024-07-24 10:22:57 INFO  Reusables:47 - Waiting for output.txt to generate.
2024-07-24 10:22:57 INFO  Reusables:47 - Waiting for output.txt to generate.
2024-07-24 10:22:57 INFO  Reusables:47 - Waiting for output.txt to generate.
2024-07-24 10:22:57 INFO  Reusables:47 - Waiting for output.txt to generate.
2024-07-24 10:22:57 INFO  Reusables:47 - Waiting for output.txt to generate.
2024-07-24 10:22:57 INFO  Reusables:47 - Waiting for output.txt to generate.
2024-07-24 10:22:57 INFO  Reusables:47 - Waiting for output.txt to generate.
2024-07-24 10:22:57 INFO  Reusables:47 - Waiting for output.txt to generate.
2024-07-24 10:22:57 INFO  Reusables:47 - Waiting for output.txt to generate.
2024-07-24 10:22:57 INFO  Reusables:47 - Waiting for output.txt to generate.
2024-07-24 10:22:57 INFO  Reusables:47 - Waiting for output.txt to generate.
2024-07-24 10:22:57 INFO  Reusables:47 - Waiting for output.txt to generate.
2024-07-24 10:22:57 INFO  Reusables:47 - Waiting for output.txt to generate.
2024-07-24 10:22:57 INFO  Reusables:47 - Waiting for output.txt to generate.
2024-07-24 10:22:57 INFO  Reusables:47 - Waiting for output.txt to generate.
2024-07-24 10:22:57 INFO  Reusables:47 - Waiting for output.txt to generate.
2024-07-24 10:22:57 INFO  Reusables:47 - Waiting for output.txt to generate.
2024-07-24 10:22:57 INFO  Reusables:47 - Waiting for output.txt to generate.
2024-07-24 10:22:57 INFO  Reusables:47 - Waiting for output.txt to generate.
2024-07-24 10:22:57 INFO  Reusables:47 - Waiting for output.txt to generate.
2024-07-24 10:22:57 INFO  Reusables:47 - Waiting for output.txt to generate.
2024-07-24 10:22:57 INFO  Reusables:47 - Waiting for output.txt to generate.
2024-07-24 10:22:57 INFO  Reusables:47 - Waiting for output.txt to generate.
2024-07-24 10:22:57 INFO  Reusables:47 - Waiting for output.txt to generate.
2024-07-24 10:22:57 INFO  Reusables:47 - Waiting for output.txt to generate.
2024-07-24 10:22:57 INFO  Reusables:47 - Waiting for output.txt to generate.
2024-07-24 10:22:57 INFO  Reusables:47 - Waiting for output.txt to generate.
2024-07-24 10:22:57 INFO  Reusables:47 - Waiting for output.txt to generate.
2024-07-24 10:22:57 INFO  Reusables:47 - Waiting for output.txt to generate.
2024-07-24 10:22:57 INFO  Reusables:47 - Waiting for output.txt to generate.
2024-07-24 10:22:57 INFO  Reusables:47 - Waiting for output.txt to generate.
2024-07-24 10:22:57 INFO  Reusables:47 - Waiting for output.txt to generate.
2024-07-24 10:22:57 INFO  Reusables:47 - Waiting for output.txt to generate.
2024-07-24 10:22:57 INFO  Reusables:47 - Waiting for output.txt to generate.
2024-07-24 10:22:57 INFO  Reusables:47 - Waiting for output.txt to generate.
2024-07-24 10:22:57 INFO  Reusables:47 - Waiting for output.txt to generate.
2024-07-24 10:22:57 INFO  Reusables:47 - Waiting for output.txt to generate.
2024-07-24 10:22:57 INFO  Reusables:47 - Waiting for output.txt to generate.
2024-07-24 10:22:57 INFO  Reusables:47 - Waiting for output.txt to generate.
2024-07-24 10:22:57 INFO  Reusables:47 - Waiting for output.txt to generate.
2024-07-24 10:22:57 INFO  Reusables:47 - Waiting for output.txt to generate.
2024-07-24 10:22:57 INFO  Reusables:47 - Waiting for output.txt to generate.
2024-07-24 10:22:57 INFO  Reusables:47 - Waiting for output.txt to generate.
2024-07-24 10:22:57 INFO  Reusables:47 - Waiting for output.txt to generate.
2024-07-24 10:22:57 INFO  Reusables:47 - Waiting for output.txt to generate.
2024-07-24 10:22:57 INFO  Reusables:47 - Waiting for output.txt to generate.
2024-07-24 10:22:57 INFO  Reusables:47 - Waiting for output.txt to generate.
2024-07-24 10:22:57 INFO  Reusables:47 - Waiting for output.txt to generate.
2024-07-24 10:22:57 INFO  Reusables:47 - Waiting for output.txt to generate.
2024-07-24 10:22:57 INFO  Reusables:47 - Waiting for output.txt to generate.
2024-07-24 10:22:57 INFO  Reusables:47 - Waiting for output.txt to generate.
2024-07-24 10:22:57 INFO  Reusables:47 - Waiting for output.txt to generate.
2024-07-24 10:22:57 INFO  Reusables:47 - Waiting for output.txt to generate.
2024-07-24 10:22:57 INFO  Reusables:47 - Waiting for output.txt to generate.
2024-07-24 10:22:57 INFO  Reusables:47 - Waiting for output.txt to generate.
2024-07-24 10:22:57 INFO  Reusables:47 - Waiting for output.txt to generate.
2024-07-24 10:22:57 INFO  Reusables:47 - Waiting for output.txt to generate.
2024-07-24 10:22:57 INFO  Reusables:47 - Waiting for output.txt to generate.
2024-07-24 10:22:57 INFO  Reusables:47 - Waiting for output.txt to generate.
2024-07-24 10:22:57 INFO  Reusables:47 - Waiting for output.txt to generate.
2024-07-24 10:22:57 INFO  Reusables:47 - Waiting for output.txt to generate.
2024-07-24 10:22:57 INFO  Reusables:47 - Waiting for output.txt to generate.
2024-07-24 10:22:57 INFO  Reusables:47 - Waiting for output.txt to generate.
2024-07-24 10:22:57 INFO  Reusables:47 - Waiting for output.txt to generate.
2024-07-24 10:22:57 INFO  Reusables:47 - Waiting for output.txt to generate.
2024-07-24 10:22:57 INFO  Reusables:47 - Waiting for output.txt to generate.
2024-07-24 10:22:57 INFO  Reusables:47 - Waiting for output.txt to generate.
2024-07-24 10:22:57 INFO  Reusables:47 - Waiting for output.txt to generate.
2024-07-24 10:22:57 INFO  Reusables:47 - Waiting for output.txt to generate.
2024-07-24 10:22:57 INFO  Reusables:47 - Waiting for output.txt to generate.
2024-07-24 10:22:57 INFO  Reusables:47 - Waiting for output.txt to generate.
2024-07-24 10:22:57 INFO  Reusables:47 - Waiting for output.txt to generate.
2024-07-24 10:22:57 INFO  Reusables:47 - Waiting for output.txt to generate.
2024-07-24 10:22:57 INFO  Reusables:47 - Waiting for output.txt to generate.
2024-07-24 10:22:57 INFO  Reusables:47 - Waiting for output.txt to generate.
2024-07-24 10:22:57 INFO  Reusables:47 - Waiting for output.txt to generate.
2024-07-24 10:22:57 INFO  Reusables:47 - Waiting for output.txt to generate.
2024-07-24 10:22:57 INFO  Reusables:47 - Waiting for output.txt to generate.
2024-07-24 10:22:57 INFO  Reusables:47 - Waiting for output.txt to generate.
2024-07-24 10:22:57 INFO  Reusables:47 - Waiting for output.txt to generate.
2024-07-24 10:22:57 INFO  Reusables:47 - Waiting for output.txt to generate.
2024-07-24 10:22:57 INFO  Reusables:47 - Waiting for output.txt to generate.
2024-07-24 10:22:57 INFO  Reusables:47 - Waiting for output.txt to generate.
2024-07-24 10:22:57 INFO  Reusables:47 - Waiting for output.txt to generate.
2024-07-24 10:22:57 INFO  Reusables:47 - Waiting for output.txt to generate.
2024-07-24 10:22:57 INFO  Reusables:47 - Waiting for output.txt to generate.
2024-07-24 10:22:57 INFO  Reusables:47 - Waiting for output.txt to generate.
2024-07-24 10:22:57 INFO  Reusables:47 - Waiting for output.txt to generate.
2024-07-24 10:22:57 INFO  Reusables:47 - Waiting for output.txt to generate.
2024-07-24 10:22:57 INFO  Reusables:47 - Waiting for output.txt to generate.
2024-07-24 10:22:57 INFO  Reusables:47 - Waiting for output.txt to generate.
2024-07-24 10:22:57 INFO  Reusables:47 - Waiting for output.txt to generate.
2024-07-24 10:22:57 INFO  Reusables:47 - Waiting for output.txt to generate.
2024-07-24 10:22:57 INFO  Reusables:47 - Waiting for output.txt to generate.
2024-07-24 10:22:57 INFO  Reusables:47 - Waiting for output.txt to generate.
2024-07-24 10:22:57 INFO  Reusables:47 - Waiting for output.txt to generate.
2024-07-24 10:22:57 INFO  Reusables:47 - Waiting for output.txt to generate.
2024-07-24 10:22:57 INFO  Reusables:47 - Waiting for output.txt to generate.
2024-07-24 10:22:57 INFO  Reusables:47 - Waiting for output.txt to generate.
2024-07-24 10:22:57 INFO  Reusables:47 - Waiting for output.txt to generate.
2024-07-24 10:22:57 INFO  Reusables:47 - Waiting for output.txt to generate.
2024-07-24 10:22:57 INFO  Reusables:47 - Waiting for output.txt to generate.
2024-07-24 10:22:57 INFO  Reusables:47 - Waiting for output.txt to generate.
2024-07-24 10:22:57 INFO  Reusables:47 - Waiting for output.txt to generate.
2024-07-24 10:22:57 INFO  Reusables:47 - Waiting for output.txt to generate.
2024-07-24 10:22:57 INFO  Reusables:47 - Waiting for output.txt to generate.
2024-07-24 10:22:57 INFO  Reusables:47 - Waiting for output.txt to generate.
2024-07-24 10:22:57 INFO  Reusables:47 - Waiting for output.txt to generate.
2024-07-24 10:22:57 INFO  Reusables:47 - Waiting for output.txt to generate.
2024-07-24 10:22:57 INFO  Reusables:47 - Waiting for output.txt to generate.
2024-07-24 10:22:57 INFO  Reusables:47 - Waiting for output.txt to generate.
2024-07-24 10:22:57 INFO  Reusables:47 - Waiting for output.txt to generate.
2024-07-24 10:22:57 INFO  Reusables:47 - Waiting for output.txt to generate.
2024-07-24 10:22:57 INFO  Reusables:47 - Waiting for output.txt to generate.
2024-07-24 10:22:57 INFO  Reusables:47 - Waiting for output.txt to generate.
2024-07-24 10:22:57 INFO  Reusables:47 - Waiting for output.txt to generate.
2024-07-24 10:22:57 INFO  Reusables:47 - Waiting for output.txt to generate.
2024-07-24 10:22:57 INFO  Reusables:47 - Waiting for output.txt to generate.
2024-07-24 10:22:57 INFO  Reusables:47 - Waiting for output.txt to generate.
2024-07-24 10:22:57 INFO  Reusables:47 - Waiting for output.txt to generate.
2024-07-24 10:22:57 INFO  Reusables:47 - Waiting for output.txt to generate.
2024-07-24 10:22:57 INFO  Reusables:47 - Waiting for output.txt to generate.
2024-07-24 10:22:57 INFO  Reusables:47 - Waiting for output.txt to generate.
2024-07-24 10:22:57 INFO  Reusables:47 - Waiting for output.txt to generate.
2024-07-24 10:22:57 INFO  Reusables:47 - Waiting for output.txt to generate.
2024-07-24 10:22:57 INFO  Reusables:47 - Waiting for output.txt to generate.
2024-07-24 10:22:57 INFO  Reusables:47 - Waiting for output.txt to generate.
2024-07-24 10:22:57 INFO  Reusables:47 - Waiting for output.txt to generate.
2024-07-24 10:22:57 INFO  Reusables:47 - Waiting for output.txt to generate.
2024-07-24 10:22:57 INFO  Reusables:47 - Waiting for output.txt to generate.
2024-07-24 10:22:57 INFO  Reusables:47 - Waiting for output.txt to generate.
2024-07-24 10:22:58 INFO  Reusables:47 - Waiting for output.txt to generate.
2024-07-24 10:22:58 INFO  Reusables:47 - Waiting for output.txt to generate.
2024-07-24 10:22:58 INFO  Reusables:47 - Waiting for output.txt to generate.
2024-07-24 10:22:58 INFO  Reusables:47 - Waiting for output.txt to generate.
2024-07-24 10:22:58 INFO  Reusables:47 - Waiting for output.txt to generate.
2024-07-24 10:22:58 INFO  Reusables:47 - Waiting for output.txt to generate.
2024-07-24 10:22:58 INFO  Reusables:47 - Waiting for output.txt to generate.
2024-07-24 10:22:58 INFO  Reusables:47 - Waiting for output.txt to generate.
2024-07-24 10:22:58 INFO  Reusables:47 - Waiting for output.txt to generate.
2024-07-24 10:22:58 INFO  Reusables:47 - Waiting for output.txt to generate.
2024-07-24 10:22:58 INFO  Reusables:47 - Waiting for output.txt to generate.
2024-07-24 10:22:58 INFO  Reusables:47 - Waiting for output.txt to generate.
2024-07-24 10:22:58 INFO  Reusables:47 - Waiting for output.txt to generate.
2024-07-24 10:22:58 INFO  Reusables:47 - Waiting for output.txt to generate.
2024-07-24 10:22:58 INFO  Reusables:47 - Waiting for output.txt to generate.
2024-07-24 10:22:58 INFO  Reusables:47 - Waiting for output.txt to generate.
2024-07-24 10:22:58 INFO  Reusables:47 - Waiting for output.txt to generate.
2024-07-24 10:22:58 INFO  Reusables:47 - Waiting for output.txt to generate.
2024-07-24 10:22:58 INFO  Reusables:47 - Waiting for output.txt to generate.
2024-07-24 10:22:58 INFO  Reusables:47 - Waiting for output.txt to generate.
2024-07-24 10:22:58 INFO  Reusables:47 - Waiting for output.txt to generate.
2024-07-24 10:22:58 INFO  Reusables:47 - Waiting for output.txt to generate.
2024-07-24 10:22:58 INFO  Reusables:47 - Waiting for output.txt to generate.
2024-07-24 10:22:58 INFO  Reusables:47 - Waiting for output.txt to generate.
2024-07-24 10:22:58 INFO  Reusables:47 - Waiting for output.txt to generate.
2024-07-24 10:22:58 INFO  Reusables:47 - Waiting for output.txt to generate.
2024-07-24 10:22:58 INFO  Reusables:47 - Waiting for output.txt to generate.
2024-07-24 10:22:58 INFO  Reusables:47 - Waiting for output.txt to generate.
2024-07-24 10:22:58 INFO  Reusables:47 - Waiting for output.txt to generate.
2024-07-24 10:22:58 INFO  Reusables:47 - Waiting for output.txt to generate.
2024-07-24 10:22:58 INFO  Reusables:47 - Waiting for output.txt to generate.
2024-07-24 10:22:58 INFO  Reusables:47 - Waiting for output.txt to generate.
2024-07-24 10:22:58 INFO  Reusables:47 - Waiting for output.txt to generate.
2024-07-24 10:22:58 INFO  Reusables:47 - Waiting for output.txt to generate.
2024-07-24 10:22:58 INFO  Reusables:47 - Waiting for output.txt to generate.
2024-07-24 10:22:58 INFO  Reusables:47 - Waiting for output.txt to generate.
2024-07-24 10:22:58 INFO  Reusables:47 - Waiting for output.txt to generate.
2024-07-24 10:22:58 INFO  Reusables:47 - Waiting for output.txt to generate.
2024-07-24 10:22:58 INFO  Reusables:47 - Waiting for output.txt to generate.
2024-07-24 10:22:58 INFO  Reusables:47 - Waiting for output.txt to generate.
2024-07-24 10:22:58 INFO  Reusables:47 - Waiting for output.txt to generate.
2024-07-24 10:22:58 INFO  Reusables:47 - Waiting for output.txt to generate.
2024-07-24 10:22:58 INFO  Reusables:47 - Waiting for output.txt to generate.
2024-07-24 10:22:58 INFO  Reusables:47 - Waiting for output.txt to generate.
2024-07-24 10:22:58 INFO  Reusables:47 - Waiting for output.txt to generate.
2024-07-24 10:22:58 INFO  Reusables:47 - Waiting for output.txt to generate.
2024-07-24 10:22:58 INFO  Reusables:47 - Waiting for output.txt to generate.
2024-07-24 10:22:58 INFO  Reusables:47 - Waiting for output.txt to generate.
2024-07-24 10:22:58 INFO  Reusables:47 - Waiting for output.txt to generate.
2024-07-24 10:22:58 INFO  Reusables:47 - Waiting for output.txt to generate.
2024-07-24 10:22:58 INFO  Reusables:47 - Waiting for output.txt to generate.
2024-07-24 10:22:58 INFO  Reusables:47 - Waiting for output.txt to generate.
2024-07-24 10:22:58 INFO  Reusables:47 - Waiting for output.txt to generate.
2024-07-24 10:22:58 INFO  Reusables:47 - Waiting for output.txt to generate.
2024-07-24 10:22:58 INFO  Reusables:47 - Waiting for output.txt to generate.
2024-07-24 10:22:58 INFO  Reusables:47 - Waiting for output.txt to generate.
2024-07-24 10:22:58 INFO  Reusables:47 - Waiting for output.txt to generate.
2024-07-24 10:22:58 INFO  Reusables:47 - Waiting for output.txt to generate.
2024-07-24 10:22:58 INFO  Reusables:47 - Waiting for output.txt to generate.
2024-07-24 10:22:58 INFO  Reusables:47 - Waiting for output.txt to generate.
2024-07-24 10:22:58 INFO  Reusables:47 - Waiting for output.txt to generate.
2024-07-24 10:22:58 INFO  Reusables:47 - Waiting for output.txt to generate.
2024-07-24 10:22:58 INFO  Reusables:47 - Waiting for output.txt to generate.
2024-07-24 10:22:58 INFO  Reusables:47 - Waiting for output.txt to generate.
2024-07-24 10:22:58 INFO  Reusables:47 - Waiting for output.txt to generate.
2024-07-24 10:22:58 INFO  Reusables:47 - Waiting for output.txt to generate.
2024-07-24 10:22:58 INFO  Reusables:47 - Waiting for output.txt to generate.
2024-07-24 10:22:58 INFO  Reusables:47 - Waiting for output.txt to generate.
2024-07-24 10:22:58 INFO  Reusables:47 - Waiting for output.txt to generate.
2024-07-24 10:22:58 INFO  Reusables:47 - Waiting for output.txt to generate.
2024-07-24 10:22:58 INFO  Reusables:47 - Waiting for output.txt to generate.
2024-07-24 10:22:58 INFO  Reusables:47 - Waiting for output.txt to generate.
2024-07-24 10:22:58 INFO  Reusables:47 - Waiting for output.txt to generate.
2024-07-24 10:22:58 INFO  Reusables:47 - Waiting for output.txt to generate.
2024-07-24 10:22:58 INFO  Reusables:47 - Waiting for output.txt to generate.
2024-07-24 10:22:58 INFO  Reusables:47 - Waiting for output.txt to generate.
2024-07-24 10:22:58 INFO  Reusables:47 - Waiting for output.txt to generate.
2024-07-24 10:22:58 INFO  Reusables:47 - Waiting for output.txt to generate.
2024-07-24 10:22:58 INFO  Reusables:47 - Waiting for output.txt to generate.
2024-07-24 10:22:58 INFO  Reusables:47 - Waiting for output.txt to generate.
2024-07-24 10:22:58 INFO  Reusables:47 - Waiting for output.txt to generate.
2024-07-24 10:22:58 INFO  Reusables:47 - Waiting for output.txt to generate.
2024-07-24 10:22:58 INFO  Reusables:47 - Waiting for output.txt to generate.
2024-07-24 10:22:58 INFO  Reusables:47 - Waiting for output.txt to generate.
2024-07-24 10:22:58 INFO  Reusables:47 - Waiting for output.txt to generate.
2024-07-24 10:22:58 INFO  Reusables:47 - Waiting for output.txt to generate.
2024-07-24 10:22:58 INFO  Reusables:47 - Waiting for output.txt to generate.
2024-07-24 10:22:58 INFO  Reusables:47 - Waiting for output.txt to generate.
2024-07-24 10:22:58 INFO  Reusables:47 - Waiting for output.txt to generate.
2024-07-24 10:22:58 INFO  Reusables:47 - Waiting for output.txt to generate.
2024-07-24 10:22:58 INFO  Reusables:47 - Waiting for output.txt to generate.
2024-07-24 10:22:58 INFO  Reusables:47 - Waiting for output.txt to generate.
2024-07-24 10:22:58 INFO  Reusables:47 - Waiting for output.txt to generate.
2024-07-24 10:22:58 INFO  Reusables:47 - Waiting for output.txt to generate.
2024-07-24 10:22:58 INFO  Reusables:47 - Waiting for output.txt to generate.
2024-07-24 10:22:58 INFO  Reusables:47 - Waiting for output.txt to generate.
2024-07-24 10:22:58 INFO  Reusables:47 - Waiting for output.txt to generate.
2024-07-24 10:22:58 INFO  Reusables:47 - Waiting for output.txt to generate.
2024-07-24 10:22:58 INFO  Reusables:47 - Waiting for output.txt to generate.
2024-07-24 10:22:58 INFO  Reusables:47 - Waiting for output.txt to generate.
2024-07-24 10:22:58 INFO  Reusables:47 - Waiting for output.txt to generate.
2024-07-24 10:22:58 INFO  Reusables:47 - Waiting for output.txt to generate.
2024-07-24 10:22:58 INFO  Reusables:47 - Waiting for output.txt to generate.
2024-07-24 10:22:58 INFO  Reusables:47 - Waiting for output.txt to generate.
2024-07-24 10:22:58 INFO  Reusables:47 - Waiting for output.txt to generate.
2024-07-24 10:22:58 INFO  Reusables:47 - Waiting for output.txt to generate.
2024-07-24 10:22:58 INFO  Reusables:47 - Waiting for output.txt to generate.
2024-07-24 10:22:58 INFO  Reusables:47 - Waiting for output.txt to generate.
2024-07-24 10:22:58 INFO  Reusables:47 - Waiting for output.txt to generate.
2024-07-24 10:22:58 INFO  Reusables:47 - Waiting for output.txt to generate.
2024-07-24 10:22:58 INFO  Reusables:47 - Waiting for output.txt to generate.
2024-07-24 10:22:58 INFO  Reusables:47 - Waiting for output.txt to generate.
2024-07-24 10:22:58 INFO  Reusables:47 - Waiting for output.txt to generate.
2024-07-24 10:22:58 INFO  Reusables:47 - Waiting for output.txt to generate.
2024-07-24 10:22:58 INFO  Reusables:47 - Waiting for output.txt to generate.
2024-07-24 10:22:58 INFO  Reusables:47 - Waiting for output.txt to generate.
2024-07-24 10:22:58 INFO  Reusables:47 - Waiting for output.txt to generate.
2024-07-24 10:22:58 INFO  Reusables:47 - Waiting for output.txt to generate.
2024-07-24 10:22:58 INFO  Reusables:47 - Waiting for output.txt to generate.
2024-07-24 10:22:58 INFO  Reusables:47 - Waiting for output.txt to generate.
2024-07-24 10:22:58 INFO  Reusables:47 - Waiting for output.txt to generate.
2024-07-24 10:22:58 INFO  Reusables:47 - Waiting for output.txt to generate.
2024-07-24 10:22:58 INFO  Reusables:47 - Waiting for output.txt to generate.
2024-07-24 10:22:58 INFO  Reusables:47 - Waiting for output.txt to generate.
2024-07-24 10:22:58 INFO  Reusables:47 - Waiting for output.txt to generate.
2024-07-24 10:22:58 INFO  Reusables:47 - Waiting for output.txt to generate.
2024-07-24 10:22:58 INFO  Reusables:47 - Waiting for output.txt to generate.
2024-07-24 10:22:58 INFO  Reusables:47 - Waiting for output.txt to generate.
2024-07-24 10:22:58 INFO  Reusables:47 - Waiting for output.txt to generate.
2024-07-24 10:22:58 INFO  Reusables:47 - Waiting for output.txt to generate.
2024-07-24 10:22:58 INFO  Reusables:47 - Waiting for output.txt to generate.
2024-07-24 10:22:58 INFO  Reusables:47 - Waiting for output.txt to generate.
2024-07-24 10:22:58 INFO  Reusables:47 - Waiting for output.txt to generate.
2024-07-24 10:22:58 INFO  Reusables:47 - Waiting for output.txt to generate.
2024-07-24 10:22:58 INFO  Reusables:47 - Waiting for output.txt to generate.
2024-07-24 10:22:58 INFO  Reusables:47 - Waiting for output.txt to generate.
2024-07-24 10:22:58 INFO  Reusables:47 - Waiting for output.txt to generate.
2024-07-24 10:22:58 INFO  Reusables:47 - Waiting for output.txt to generate.
2024-07-24 10:22:58 INFO  Reusables:47 - Waiting for output.txt to generate.
2024-07-24 10:22:58 INFO  Reusables:47 - Waiting for output.txt to generate.
2024-07-24 10:22:58 INFO  Reusables:47 - Waiting for output.txt to generate.
2024-07-24 10:22:58 INFO  Reusables:47 - Waiting for output.txt to generate.
2024-07-24 10:22:58 INFO  Reusables:47 - Waiting for output.txt to generate.
2024-07-24 10:22:58 INFO  Reusables:47 - Waiting for output.txt to generate.
2024-07-24 10:22:58 INFO  Reusables:47 - Waiting for output.txt to generate.
2024-07-24 10:22:58 INFO  Reusables:47 - Waiting for output.txt to generate.
2024-07-24 10:22:58 INFO  Reusables:47 - Waiting for output.txt to generate.
2024-07-24 10:22:58 INFO  Reusables:47 - Waiting for output.txt to generate.
2024-07-24 10:22:58 INFO  Reusables:47 - Waiting for output.txt to generate.
2024-07-24 10:22:58 INFO  Reusables:47 - Waiting for output.txt to generate.
2024-07-24 10:22:58 INFO  Reusables:47 - Waiting for output.txt to generate.
2024-07-24 10:22:58 INFO  Reusables:47 - Waiting for output.txt to generate.
2024-07-24 10:22:58 INFO  Reusables:47 - Waiting for output.txt to generate.
2024-07-24 10:22:58 INFO  Reusables:47 - Waiting for output.txt to generate.
2024-07-24 10:22:58 INFO  Reusables:47 - Waiting for output.txt to generate.
2024-07-24 10:22:58 INFO  Reusables:47 - Waiting for output.txt to generate.
2024-07-24 10:22:58 INFO  Reusables:47 - Waiting for output.txt to generate.
2024-07-24 10:22:58 INFO  Reusables:47 - Waiting for output.txt to generate.
2024-07-24 10:22:58 INFO  Reusables:47 - Waiting for output.txt to generate.
2024-07-24 10:22:58 INFO  Reusables:47 - Waiting for output.txt to generate.
2024-07-24 10:22:58 INFO  Reusables:47 - Waiting for output.txt to generate.
2024-07-24 10:22:58 INFO  Reusables:47 - Waiting for output.txt to generate.
2024-07-24 10:22:58 INFO  Reusables:47 - Waiting for output.txt to generate.
2024-07-24 10:22:58 INFO  Reusables:47 - Waiting for output.txt to generate.
2024-07-24 10:22:58 INFO  Reusables:47 - Waiting for output.txt to generate.
2024-07-24 10:22:58 INFO  Reusables:47 - Waiting for output.txt to generate.
2024-07-24 10:22:58 INFO  Reusables:47 - Waiting for output.txt to generate.
2024-07-24 10:22:58 INFO  Reusables:47 - Waiting for output.txt to generate.
2024-07-24 10:22:58 INFO  Reusables:47 - Waiting for output.txt to generate.
2024-07-24 10:22:58 INFO  Reusables:47 - Waiting for output.txt to generate.
2024-07-24 10:22:58 INFO  Reusables:47 - Waiting for output.txt to generate.
2024-07-24 10:22:58 INFO  Reusables:47 - Waiting for output.txt to generate.
2024-07-24 10:22:58 INFO  Reusables:47 - Waiting for output.txt to generate.
2024-07-24 10:22:58 INFO  Reusables:47 - Waiting for output.txt to generate.
2024-07-24 10:22:58 INFO  Reusables:47 - Waiting for output.txt to generate.
2024-07-24 10:22:58 INFO  Reusables:47 - Waiting for output.txt to generate.
2024-07-24 10:22:58 INFO  Reusables:47 - Waiting for output.txt to generate.
2024-07-24 10:22:58 INFO  Reusables:47 - Waiting for output.txt to generate.
2024-07-24 10:22:58 INFO  Reusables:47 - Waiting for output.txt to generate.
2024-07-24 10:22:58 INFO  Reusables:47 - Waiting for output.txt to generate.
2024-07-24 10:22:58 INFO  Reusables:47 - Waiting for output.txt to generate.
2024-07-24 10:22:58 INFO  Reusables:47 - Waiting for output.txt to generate.
2024-07-24 10:22:58 INFO  Reusables:47 - Waiting for output.txt to generate.
2024-07-24 10:22:58 INFO  Reusables:47 - Waiting for output.txt to generate.
2024-07-24 10:22:58 INFO  Reusables:47 - Waiting for output.txt to generate.
2024-07-24 10:22:58 INFO  Reusables:47 - Waiting for output.txt to generate.
2024-07-24 10:22:58 INFO  Reusables:47 - Waiting for output.txt to generate.
2024-07-24 10:22:58 INFO  Reusables:47 - Waiting for output.txt to generate.
2024-07-24 10:22:58 INFO  Reusables:47 - Waiting for output.txt to generate.
2024-07-24 10:22:58 INFO  Reusables:47 - Waiting for output.txt to generate.
2024-07-24 10:22:58 INFO  Reusables:47 - Waiting for output.txt to generate.
2024-07-24 10:22:58 INFO  Reusables:47 - Waiting for output.txt to generate.
2024-07-24 10:22:58 INFO  Reusables:47 - Waiting for output.txt to generate.
2024-07-24 10:22:58 INFO  Reusables:47 - Waiting for output.txt to generate.
2024-07-24 10:22:58 INFO  Reusables:47 - Waiting for output.txt to generate.
2024-07-24 10:22:58 INFO  Reusables:47 - Waiting for output.txt to generate.
2024-07-24 10:22:58 INFO  Reusables:47 - Waiting for output.txt to generate.
2024-07-24 10:22:58 INFO  Reusables:47 - Waiting for output.txt to generate.
2024-07-24 10:22:58 INFO  Reusables:47 - Waiting for output.txt to generate.
2024-07-24 10:22:58 INFO  Reusables:47 - Waiting for output.txt to generate.
2024-07-24 10:22:58 INFO  Reusables:47 - Waiting for output.txt to generate.
2024-07-24 10:22:58 INFO  Reusables:47 - Waiting for output.txt to generate.
2024-07-24 10:22:58 INFO  Reusables:47 - Waiting for output.txt to generate.
2024-07-24 10:22:58 INFO  Reusables:47 - Waiting for output.txt to generate.
2024-07-24 10:22:58 INFO  Reusables:47 - Waiting for output.txt to generate.
2024-07-24 10:22:58 INFO  Reusables:47 - Waiting for output.txt to generate.
2024-07-24 10:22:58 INFO  Reusables:47 - Waiting for output.txt to generate.
2024-07-24 10:22:58 INFO  Reusables:47 - Waiting for output.txt to generate.
2024-07-24 10:22:58 INFO  Reusables:47 - Waiting for output.txt to generate.
2024-07-24 10:22:58 INFO  Reusables:47 - Waiting for output.txt to generate.
2024-07-24 10:22:58 INFO  Reusables:47 - Waiting for output.txt to generate.
2024-07-24 10:22:58 INFO  Reusables:47 - Waiting for output.txt to generate.
2024-07-24 10:22:58 INFO  Reusables:47 - Waiting for output.txt to generate.
2024-07-24 10:22:58 INFO  Reusables:47 - Waiting for output.txt to generate.
2024-07-24 10:22:58 INFO  Reusables:47 - Waiting for output.txt to generate.
2024-07-24 10:22:58 INFO  Reusables:47 - Waiting for output.txt to generate.
2024-07-24 10:22:58 INFO  Reusables:47 - Waiting for output.txt to generate.
2024-07-24 10:22:58 INFO  Reusables:47 - Waiting for output.txt to generate.
2024-07-24 10:22:58 INFO  Reusables:47 - Waiting for output.txt to generate.
2024-07-24 10:22:58 INFO  Reusables:47 - Waiting for output.txt to generate.
2024-07-24 10:22:58 INFO  Reusables:47 - Waiting for output.txt to generate.
2024-07-24 10:22:58 INFO  Reusables:47 - Waiting for output.txt to generate.
2024-07-24 10:22:58 INFO  Reusables:47 - Waiting for output.txt to generate.
2024-07-24 10:22:58 INFO  Reusables:47 - Waiting for output.txt to generate.
2024-07-24 10:22:58 INFO  Reusables:47 - Waiting for output.txt to generate.
2024-07-24 10:22:58 INFO  Reusables:47 - Waiting for output.txt to generate.
2024-07-24 10:22:58 INFO  Reusables:47 - Waiting for output.txt to generate.
2024-07-24 10:22:58 INFO  Reusables:47 - Waiting for output.txt to generate.
2024-07-24 10:22:58 INFO  Reusables:47 - Waiting for output.txt to generate.
2024-07-24 10:22:58 INFO  Reusables:47 - Waiting for output.txt to generate.
2024-07-24 10:22:58 INFO  Reusables:47 - Waiting for output.txt to generate.
2024-07-24 10:22:58 INFO  Reusables:47 - Waiting for output.txt to generate.
2024-07-24 10:22:58 INFO  Reusables:47 - Waiting for output.txt to generate.
2024-07-24 10:22:58 INFO  Reusables:47 - Waiting for output.txt to generate.
2024-07-24 10:22:58 INFO  Reusables:47 - Waiting for output.txt to generate.
2024-07-24 10:22:58 INFO  Reusables:47 - Waiting for output.txt to generate.
2024-07-24 10:22:58 INFO  Reusables:47 - Waiting for output.txt to generate.
2024-07-24 10:22:58 INFO  Reusables:47 - Waiting for output.txt to generate.
2024-07-24 10:22:58 INFO  Reusables:47 - Waiting for output.txt to generate.
2024-07-24 10:22:58 INFO  Reusables:47 - Waiting for output.txt to generate.
2024-07-24 10:22:58 INFO  Reusables:47 - Waiting for output.txt to generate.
2024-07-24 10:22:58 INFO  Reusables:47 - Waiting for output.txt to generate.
2024-07-24 10:22:58 INFO  Reusables:47 - Waiting for output.txt to generate.
2024-07-24 10:22:58 INFO  Reusables:47 - Waiting for output.txt to generate.
2024-07-24 10:22:58 INFO  Reusables:47 - Waiting for output.txt to generate.
2024-07-24 10:22:58 INFO  Reusables:47 - Waiting for output.txt to generate.
2024-07-24 10:22:58 INFO  Reusables:47 - Waiting for output.txt to generate.
2024-07-24 10:22:58 INFO  Reusables:47 - Waiting for output.txt to generate.
2024-07-24 10:22:58 INFO  Reusables:47 - Waiting for output.txt to generate.
2024-07-24 10:22:58 INFO  Reusables:47 - Waiting for output.txt to generate.
2024-07-24 10:22:58 INFO  Reusables:47 - Waiting for output.txt to generate.
2024-07-24 10:22:58 INFO  Reusables:47 - Waiting for output.txt to generate.
2024-07-24 10:22:58 INFO  Reusables:47 - Waiting for output.txt to generate.
2024-07-24 10:22:58 INFO  Reusables:47 - Waiting for output.txt to generate.
2024-07-24 10:22:58 INFO  Reusables:47 - Waiting for output.txt to generate.
2024-07-24 10:22:58 INFO  Reusables:47 - Waiting for output.txt to generate.
2024-07-24 10:22:58 INFO  Reusables:47 - Waiting for output.txt to generate.
2024-07-24 10:22:58 INFO  Reusables:47 - Waiting for output.txt to generate.
2024-07-24 10:22:58 INFO  Reusables:47 - Waiting for output.txt to generate.
2024-07-24 10:22:58 INFO  Reusables:47 - Waiting for output.txt to generate.
2024-07-24 10:22:58 INFO  Reusables:47 - Waiting for output.txt to generate.
2024-07-24 10:22:58 INFO  Reusables:47 - Waiting for output.txt to generate.
2024-07-24 10:22:58 INFO  Reusables:47 - Waiting for output.txt to generate.
2024-07-24 10:22:58 INFO  Reusables:47 - Waiting for output.txt to generate.
2024-07-24 10:22:58 INFO  Reusables:47 - Waiting for output.txt to generate.
2024-07-24 10:22:58 INFO  Reusables:47 - Waiting for output.txt to generate.
2024-07-24 10:22:58 INFO  Reusables:47 - Waiting for output.txt to generate.
2024-07-24 10:22:58 INFO  Reusables:47 - Waiting for output.txt to generate.
2024-07-24 10:22:58 INFO  Reusables:47 - Waiting for output.txt to generate.
2024-07-24 10:22:58 INFO  Reusables:47 - Waiting for output.txt to generate.
2024-07-24 10:22:58 INFO  Reusables:47 - Waiting for output.txt to generate.
2024-07-24 10:22:58 INFO  Reusables:47 - Waiting for output.txt to generate.
2024-07-24 10:22:58 INFO  Reusables:47 - Waiting for output.txt to generate.
2024-07-24 10:22:58 INFO  Reusables:47 - Waiting for output.txt to generate.
2024-07-24 10:22:58 INFO  Reusables:47 - Waiting for output.txt to generate.
2024-07-24 10:22:58 INFO  Reusables:47 - Waiting for output.txt to generate.
2024-07-24 10:22:58 INFO  Reusables:47 - Waiting for output.txt to generate.
2024-07-24 10:22:58 INFO  Reusables:47 - Waiting for output.txt to generate.
2024-07-24 10:22:58 INFO  Reusables:47 - Waiting for output.txt to generate.
2024-07-24 10:22:58 INFO  Reusables:47 - Waiting for output.txt to generate.
2024-07-24 10:22:58 INFO  Reusables:47 - Waiting for output.txt to generate.
2024-07-24 10:22:58 INFO  Reusables:47 - Waiting for output.txt to generate.
2024-07-24 10:22:58 INFO  Reusables:47 - Waiting for output.txt to generate.
2024-07-24 10:22:58 INFO  Reusables:47 - Waiting for output.txt to generate.
2024-07-24 10:22:58 INFO  Reusables:47 - Waiting for output.txt to generate.
2024-07-24 10:22:58 INFO  Reusables:47 - Waiting for output.txt to generate.
2024-07-24 10:22:58 INFO  Reusables:47 - Waiting for output.txt to generate.
2024-07-24 10:22:58 INFO  Reusables:47 - Waiting for output.txt to generate.
2024-07-24 10:22:58 INFO  Reusables:47 - Waiting for output.txt to generate.
2024-07-24 10:22:58 INFO  Reusables:47 - Waiting for output.txt to generate.
2024-07-24 10:22:58 INFO  Reusables:47 - Waiting for output.txt to generate.
2024-07-24 10:22:58 INFO  Reusables:47 - Waiting for output.txt to generate.
2024-07-24 10:22:58 INFO  Reusables:47 - Waiting for output.txt to generate.
2024-07-24 10:22:58 INFO  Reusables:47 - Waiting for output.txt to generate.
2024-07-24 10:22:58 INFO  Reusables:47 - Waiting for output.txt to generate.
2024-07-24 10:22:58 INFO  Reusables:47 - Waiting for output.txt to generate.
2024-07-24 10:22:58 INFO  Reusables:47 - Waiting for output.txt to generate.
2024-07-24 10:22:58 INFO  Reusables:47 - Waiting for output.txt to generate.
2024-07-24 10:22:58 INFO  Reusables:47 - Waiting for output.txt to generate.
2024-07-24 10:22:58 INFO  Reusables:47 - Waiting for output.txt to generate.
2024-07-24 10:22:58 INFO  Reusables:47 - Waiting for output.txt to generate.
2024-07-24 10:22:58 INFO  Reusables:47 - Waiting for output.txt to generate.
2024-07-24 10:22:58 INFO  Reusables:47 - Waiting for output.txt to generate.
2024-07-24 10:22:58 INFO  Reusables:47 - Waiting for output.txt to generate.
2024-07-24 10:22:58 INFO  Reusables:47 - Waiting for output.txt to generate.
2024-07-24 10:22:58 INFO  Reusables:47 - Waiting for output.txt to generate.
2024-07-24 10:22:58 INFO  Reusables:47 - Waiting for output.txt to generate.
2024-07-24 10:22:58 INFO  Reusables:47 - Waiting for output.txt to generate.
2024-07-24 10:22:58 INFO  Reusables:47 - Waiting for output.txt to generate.
2024-07-24 10:22:58 INFO  Reusables:47 - Waiting for output.txt to generate.
2024-07-24 10:22:58 INFO  Reusables:47 - Waiting for output.txt to generate.
2024-07-24 10:22:58 INFO  Reusables:47 - Waiting for output.txt to generate.
2024-07-24 10:22:58 INFO  Reusables:47 - Waiting for output.txt to generate.
2024-07-24 10:22:58 INFO  Reusables:47 - Waiting for output.txt to generate.
2024-07-24 10:22:58 INFO  Reusables:47 - Waiting for output.txt to generate.
2024-07-24 10:22:58 INFO  Reusables:47 - Waiting for output.txt to generate.
2024-07-24 10:22:58 INFO  Reusables:47 - Waiting for output.txt to generate.
2024-07-24 10:22:58 INFO  Reusables:47 - Waiting for output.txt to generate.
2024-07-24 10:22:58 INFO  Reusables:47 - Waiting for output.txt to generate.
2024-07-24 10:22:58 INFO  Reusables:47 - Waiting for output.txt to generate.
2024-07-24 10:22:58 INFO  Reusables:47 - Waiting for output.txt to generate.
2024-07-24 10:22:58 INFO  Reusables:47 - Waiting for output.txt to generate.
2024-07-24 10:22:58 INFO  Reusables:47 - Waiting for output.txt to generate.
2024-07-24 10:22:58 INFO  Reusables:47 - Waiting for output.txt to generate.
2024-07-24 10:22:58 INFO  Reusables:47 - Waiting for output.txt to generate.
2024-07-24 10:22:58 INFO  Reusables:47 - Waiting for output.txt to generate.
2024-07-24 10:22:58 INFO  Reusables:47 - Waiting for output.txt to generate.
2024-07-24 10:22:58 INFO  Reusables:47 - Waiting for output.txt to generate.
2024-07-24 10:22:58 INFO  Reusables:47 - Waiting for output.txt to generate.
2024-07-24 10:22:58 INFO  Reusables:47 - Waiting for output.txt to generate.
2024-07-24 10:22:58 INFO  Reusables:47 - Waiting for output.txt to generate.
2024-07-24 10:22:58 INFO  Reusables:47 - Waiting for output.txt to generate.
2024-07-24 10:22:58 INFO  Reusables:47 - Waiting for output.txt to generate.
2024-07-24 10:22:58 INFO  Reusables:47 - Waiting for output.txt to generate.
2024-07-24 10:22:58 INFO  Reusables:47 - Waiting for output.txt to generate.
2024-07-24 10:22:58 INFO  Reusables:47 - Waiting for output.txt to generate.
2024-07-24 10:22:58 INFO  Reusables:47 - Waiting for output.txt to generate.
2024-07-24 10:22:58 INFO  Reusables:47 - Waiting for output.txt to generate.
2024-07-24 10:22:58 INFO  Reusables:47 - Waiting for output.txt to generate.
2024-07-24 10:22:58 INFO  Reusables:47 - Waiting for output.txt to generate.
2024-07-24 10:22:58 INFO  Reusables:47 - Waiting for output.txt to generate.
2024-07-24 10:22:58 INFO  Reusables:47 - Waiting for output.txt to generate.
2024-07-24 10:22:58 INFO  Reusables:47 - Waiting for output.txt to generate.
2024-07-24 10:22:58 INFO  Reusables:47 - Waiting for output.txt to generate.
2024-07-24 10:22:58 INFO  Reusables:47 - Waiting for output.txt to generate.
2024-07-24 10:22:58 INFO  Reusables:47 - Waiting for output.txt to generate.
2024-07-24 10:22:58 INFO  Reusables:47 - Waiting for output.txt to generate.
2024-07-24 10:22:58 INFO  Reusables:47 - Waiting for output.txt to generate.
2024-07-24 10:22:58 INFO  Reusables:47 - Waiting for output.txt to generate.
2024-07-24 10:22:58 INFO  Reusables:47 - Waiting for output.txt to generate.
2024-07-24 10:22:58 INFO  Reusables:47 - Waiting for output.txt to generate.
2024-07-24 10:22:58 INFO  Reusables:47 - Waiting for output.txt to generate.
2024-07-24 10:22:58 INFO  Reusables:47 - Waiting for output.txt to generate.
2024-07-24 10:22:58 INFO  Reusables:47 - Waiting for output.txt to generate.
2024-07-24 10:22:58 INFO  Reusables:47 - Waiting for output.txt to generate.
2024-07-24 10:22:58 INFO  Reusables:47 - Waiting for output.txt to generate.
2024-07-24 10:22:58 INFO  Reusables:47 - Waiting for output.txt to generate.
2024-07-24 10:22:58 INFO  Reusables:47 - Waiting for output.txt to generate.
2024-07-24 10:22:58 INFO  Reusables:47 - Waiting for output.txt to generate.
2024-07-24 10:22:58 INFO  Reusables:47 - Waiting for output.txt to generate.
2024-07-24 10:22:58 INFO  Reusables:47 - Waiting for output.txt to generate.
2024-07-24 10:22:58 INFO  Reusables:47 - Waiting for output.txt to generate.
2024-07-24 10:22:58 INFO  Reusables:47 - Waiting for output.txt to generate.
2024-07-24 10:22:58 INFO  Reusables:47 - Waiting for output.txt to generate.
2024-07-24 10:22:58 INFO  Reusables:47 - Waiting for output.txt to generate.
2024-07-24 10:22:58 INFO  Reusables:47 - Waiting for output.txt to generate.
2024-07-24 10:22:58 INFO  Reusables:47 - Waiting for output.txt to generate.
2024-07-24 10:22:58 INFO  Reusables:47 - Waiting for output.txt to generate.
2024-07-24 10:22:58 INFO  Reusables:47 - Waiting for output.txt to generate.
2024-07-24 10:22:58 INFO  Reusables:47 - Waiting for output.txt to generate.
2024-07-24 10:22:58 INFO  Reusables:47 - Waiting for output.txt to generate.
2024-07-24 10:22:58 INFO  Reusables:47 - Waiting for output.txt to generate.
2024-07-24 10:22:58 INFO  Reusables:47 - Waiting for output.txt to generate.
2024-07-24 10:22:58 INFO  Reusables:47 - Waiting for output.txt to generate.
2024-07-24 10:22:58 INFO  Reusables:47 - Waiting for output.txt to generate.
2024-07-24 10:22:58 INFO  Reusables:47 - Waiting for output.txt to generate.
2024-07-24 10:22:58 INFO  Reusables:47 - Waiting for output.txt to generate.
2024-07-24 10:22:58 INFO  Reusables:47 - Waiting for output.txt to generate.
2024-07-24 10:22:58 INFO  Reusables:47 - Waiting for output.txt to generate.
2024-07-24 10:22:58 INFO  Reusables:47 - Waiting for output.txt to generate.
2024-07-24 10:22:58 INFO  Reusables:47 - Waiting for output.txt to generate.
2024-07-24 10:22:58 INFO  Reusables:47 - Waiting for output.txt to generate.
2024-07-24 10:22:58 INFO  Reusables:47 - Waiting for output.txt to generate.
2024-07-24 10:22:58 INFO  Reusables:47 - Waiting for output.txt to generate.
2024-07-24 10:22:58 INFO  Reusables:47 - Waiting for output.txt to generate.
2024-07-24 10:22:58 INFO  Reusables:47 - Waiting for output.txt to generate.
2024-07-24 10:22:58 INFO  Reusables:47 - Waiting for output.txt to generate.
2024-07-24 10:22:58 INFO  Reusables:47 - Waiting for output.txt to generate.
2024-07-24 10:22:58 INFO  Reusables:47 - Waiting for output.txt to generate.
2024-07-24 10:22:58 INFO  Reusables:47 - Waiting for output.txt to generate.
2024-07-24 10:22:58 INFO  Reusables:47 - Waiting for output.txt to generate.
2024-07-24 10:22:58 INFO  Reusables:47 - Waiting for output.txt to generate.
2024-07-24 10:22:58 INFO  Reusables:47 - Waiting for output.txt to generate.
2024-07-24 10:22:58 INFO  Reusables:47 - Waiting for output.txt to generate.
2024-07-24 10:22:58 INFO  Reusables:47 - Waiting for output.txt to generate.
2024-07-24 10:22:58 INFO  Reusables:47 - Waiting for output.txt to generate.
2024-07-24 10:22:58 INFO  Reusables:47 - Waiting for output.txt to generate.
2024-07-24 10:22:58 INFO  Reusables:47 - Waiting for output.txt to generate.
2024-07-24 10:22:58 INFO  Reusables:47 - Waiting for output.txt to generate.
2024-07-24 10:22:58 INFO  Reusables:47 - Waiting for output.txt to generate.
2024-07-24 10:22:58 INFO  Reusables:47 - Waiting for output.txt to generate.
2024-07-24 10:22:58 INFO  Reusables:47 - Waiting for output.txt to generate.
2024-07-24 10:22:58 INFO  Reusables:47 - Waiting for output.txt to generate.
2024-07-24 10:22:58 INFO  Reusables:47 - Waiting for output.txt to generate.
2024-07-24 10:22:58 INFO  Reusables:47 - Waiting for output.txt to generate.
2024-07-24 10:22:58 INFO  Reusables:47 - Waiting for output.txt to generate.
2024-07-24 10:22:58 INFO  Reusables:47 - Waiting for output.txt to generate.
2024-07-24 10:22:58 INFO  Reusables:47 - Waiting for output.txt to generate.
2024-07-24 10:22:58 INFO  Reusables:47 - Waiting for output.txt to generate.
2024-07-24 10:22:58 INFO  Reusables:47 - Waiting for output.txt to generate.
2024-07-24 10:22:58 INFO  Reusables:47 - Waiting for output.txt to generate.
2024-07-24 10:22:58 INFO  Reusables:47 - Waiting for output.txt to generate.
2024-07-24 10:22:58 INFO  Reusables:47 - Waiting for output.txt to generate.
2024-07-24 10:22:58 INFO  Reusables:47 - Waiting for output.txt to generate.
2024-07-24 10:22:58 INFO  Reusables:47 - Waiting for output.txt to generate.
2024-07-24 10:22:58 INFO  Reusables:47 - Waiting for output.txt to generate.
2024-07-24 10:22:58 INFO  Reusables:47 - Waiting for output.txt to generate.
2024-07-24 10:22:58 INFO  Reusables:47 - Waiting for output.txt to generate.
2024-07-24 10:22:58 INFO  Reusables:47 - Waiting for output.txt to generate.
2024-07-24 10:22:58 INFO  Reusables:47 - Waiting for output.txt to generate.
2024-07-24 10:22:58 INFO  Reusables:47 - Waiting for output.txt to generate.
2024-07-24 10:22:58 INFO  Reusables:47 - Waiting for output.txt to generate.
2024-07-24 10:22:58 INFO  Reusables:47 - Waiting for output.txt to generate.
2024-07-24 10:22:58 INFO  Reusables:47 - Waiting for output.txt to generate.
2024-07-24 10:22:58 INFO  Reusables:47 - Waiting for output.txt to generate.
2024-07-24 10:22:58 INFO  Reusables:47 - Waiting for output.txt to generate.
2024-07-24 10:22:58 INFO  Reusables:47 - Waiting for output.txt to generate.
2024-07-24 10:22:58 INFO  Reusables:47 - Waiting for output.txt to generate.
2024-07-24 10:22:58 INFO  Reusables:47 - Waiting for output.txt to generate.
2024-07-24 10:22:58 INFO  Reusables:47 - Waiting for output.txt to generate.
2024-07-24 10:22:58 INFO  Reusables:47 - Waiting for output.txt to generate.
2024-07-24 10:22:58 INFO  Reusables:47 - Waiting for output.txt to generate.
2024-07-24 10:22:58 INFO  Reusables:47 - Waiting for output.txt to generate.
2024-07-24 10:22:58 INFO  Reusables:47 - Waiting for output.txt to generate.
2024-07-24 10:22:58 INFO  Reusables:47 - Waiting for output.txt to generate.
2024-07-24 10:22:58 INFO  Reusables:47 - Waiting for output.txt to generate.
2024-07-24 10:22:58 INFO  Reusables:47 - Waiting for output.txt to generate.
2024-07-24 10:22:58 INFO  Reusables:47 - Waiting for output.txt to generate.
2024-07-24 10:22:58 INFO  Reusables:47 - Waiting for output.txt to generate.
2024-07-24 10:22:58 INFO  Reusables:47 - Waiting for output.txt to generate.
2024-07-24 10:22:58 INFO  Reusables:47 - Waiting for output.txt to generate.
2024-07-24 10:22:58 INFO  Reusables:47 - Waiting for output.txt to generate.
2024-07-24 10:22:58 INFO  Reusables:47 - Waiting for output.txt to generate.
2024-07-24 10:22:58 INFO  Reusables:47 - Waiting for output.txt to generate.
2024-07-24 10:22:58 INFO  Reusables:47 - Waiting for output.txt to generate.
2024-07-24 10:22:58 INFO  Reusables:47 - Waiting for output.txt to generate.
2024-07-24 10:22:58 INFO  Reusables:47 - Waiting for output.txt to generate.
2024-07-24 10:22:58 INFO  Reusables:47 - Waiting for output.txt to generate.
2024-07-24 10:22:58 INFO  Reusables:47 - Waiting for output.txt to generate.
2024-07-24 10:22:58 INFO  Reusables:47 - Waiting for output.txt to generate.
2024-07-24 10:22:58 INFO  Reusables:47 - Waiting for output.txt to generate.
2024-07-24 10:22:58 INFO  Reusables:47 - Waiting for output.txt to generate.
2024-07-24 10:22:58 INFO  Reusables:47 - Waiting for output.txt to generate.
2024-07-24 10:22:58 INFO  Reusables:47 - Waiting for output.txt to generate.
2024-07-24 10:22:58 INFO  Reusables:47 - Waiting for output.txt to generate.
2024-07-24 10:22:58 INFO  Reusables:47 - Waiting for output.txt to generate.
2024-07-24 10:22:58 INFO  Reusables:47 - Waiting for output.txt to generate.
2024-07-24 10:22:58 INFO  Reusables:47 - Waiting for output.txt to generate.
2024-07-24 10:22:58 INFO  Reusables:47 - Waiting for output.txt to generate.
2024-07-24 10:22:58 INFO  Reusables:47 - Waiting for output.txt to generate.
2024-07-24 10:22:58 INFO  Reusables:47 - Waiting for output.txt to generate.
2024-07-24 10:22:58 INFO  Reusables:47 - Waiting for output.txt to generate.
2024-07-24 10:22:58 INFO  Reusables:47 - Waiting for output.txt to generate.
2024-07-24 10:22:58 INFO  Reusables:47 - Waiting for output.txt to generate.
2024-07-24 10:22:58 INFO  Reusables:47 - Waiting for output.txt to generate.
2024-07-24 10:22:58 INFO  Reusables:47 - Waiting for output.txt to generate.
2024-07-24 10:22:58 INFO  Reusables:47 - Waiting for output.txt to generate.
2024-07-24 10:22:58 INFO  Reusables:47 - Waiting for output.txt to generate.
2024-07-24 10:22:58 INFO  Reusables:47 - Waiting for output.txt to generate.
2024-07-24 10:22:58 INFO  Reusables:47 - Waiting for output.txt to generate.
2024-07-24 10:22:58 INFO  Reusables:47 - Waiting for output.txt to generate.
2024-07-24 10:22:58 INFO  Reusables:47 - Waiting for output.txt to generate.
2024-07-24 10:22:58 INFO  Reusables:47 - Waiting for output.txt to generate.
2024-07-24 10:22:58 INFO  Reusables:47 - Waiting for output.txt to generate.
2024-07-24 10:22:58 INFO  Reusables:47 - Waiting for output.txt to generate.
2024-07-24 10:22:58 INFO  Reusables:47 - Waiting for output.txt to generate.
2024-07-24 10:22:58 INFO  Reusables:47 - Waiting for output.txt to generate.
2024-07-24 10:22:58 INFO  Reusables:47 - Waiting for output.txt to generate.
2024-07-24 10:22:58 INFO  Reusables:47 - Waiting for output.txt to generate.
2024-07-24 10:22:58 INFO  Reusables:47 - Waiting for output.txt to generate.
2024-07-24 10:22:58 INFO  Reusables:47 - Waiting for output.txt to generate.
2024-07-24 10:22:58 INFO  Reusables:47 - Waiting for output.txt to generate.
2024-07-24 10:22:58 INFO  Reusables:47 - Waiting for output.txt to generate.
2024-07-24 10:22:58 INFO  Reusables:47 - Waiting for output.txt to generate.
2024-07-24 10:22:58 INFO  Reusables:47 - Waiting for output.txt to generate.
2024-07-24 10:22:58 INFO  Reusables:47 - Waiting for output.txt to generate.
2024-07-24 10:22:58 INFO  Reusables:47 - Waiting for output.txt to generate.
2024-07-24 10:22:58 INFO  Reusables:47 - Waiting for output.txt to generate.
2024-07-24 10:22:58 INFO  Reusables:47 - Waiting for output.txt to generate.
2024-07-24 10:22:58 INFO  Reusables:47 - Waiting for output.txt to generate.
2024-07-24 10:22:58 INFO  Reusables:47 - Waiting for output.txt to generate.
2024-07-24 10:22:58 INFO  Reusables:47 - Waiting for output.txt to generate.
2024-07-24 10:22:58 INFO  Reusables:47 - Waiting for output.txt to generate.
2024-07-24 10:22:58 INFO  Reusables:47 - Waiting for output.txt to generate.
2024-07-24 10:22:58 INFO  Reusables:47 - Waiting for output.txt to generate.
2024-07-24 10:22:58 INFO  Reusables:47 - Waiting for output.txt to generate.
2024-07-24 10:22:58 INFO  Reusables:47 - Waiting for output.txt to generate.
2024-07-24 10:22:58 INFO  Reusables:47 - Waiting for output.txt to generate.
2024-07-24 10:22:58 INFO  Reusables:47 - Waiting for output.txt to generate.
2024-07-24 10:22:58 INFO  Reusables:47 - Waiting for output.txt to generate.
2024-07-24 10:22:58 INFO  Reusables:47 - Waiting for output.txt to generate.
2024-07-24 10:22:58 INFO  Reusables:47 - Waiting for output.txt to generate.
2024-07-24 10:22:58 INFO  Reusables:47 - Waiting for output.txt to generate.
2024-07-24 10:22:58 INFO  Reusables:47 - Waiting for output.txt to generate.
2024-07-24 10:22:58 INFO  Reusables:47 - Waiting for output.txt to generate.
2024-07-24 10:22:58 INFO  Reusables:47 - Waiting for output.txt to generate.
2024-07-24 10:22:58 INFO  Reusables:47 - Waiting for output.txt to generate.
2024-07-24 10:22:58 INFO  Reusables:47 - Waiting for output.txt to generate.
2024-07-24 10:22:58 INFO  Reusables:47 - Waiting for output.txt to generate.
2024-07-24 10:22:58 INFO  Reusables:47 - Waiting for output.txt to generate.
2024-07-24 10:22:58 INFO  Reusables:47 - Waiting for output.txt to generate.
2024-07-24 10:22:58 INFO  Reusables:47 - Waiting for output.txt to generate.
2024-07-24 10:22:58 INFO  Reusables:47 - Waiting for output.txt to generate.
2024-07-24 10:22:58 INFO  Reusables:47 - Waiting for output.txt to generate.
2024-07-24 10:22:58 INFO  Reusables:47 - Waiting for output.txt to generate.
2024-07-24 10:22:58 INFO  Reusables:47 - Waiting for output.txt to generate.
2024-07-24 10:22:58 INFO  Reusables:47 - Waiting for output.txt to generate.
2024-07-24 10:22:58 INFO  Reusables:47 - Waiting for output.txt to generate.
2024-07-24 10:22:58 INFO  Reusables:47 - Waiting for output.txt to generate.
2024-07-24 10:22:58 INFO  Reusables:47 - Waiting for output.txt to generate.
2024-07-24 10:22:58 INFO  Reusables:47 - Waiting for output.txt to generate.
2024-07-24 10:22:58 INFO  Reusables:47 - Waiting for output.txt to generate.
2024-07-24 10:22:58 INFO  Reusables:47 - Waiting for output.txt to generate.
2024-07-24 10:22:58 INFO  Reusables:47 - Waiting for output.txt to generate.
2024-07-24 10:22:58 INFO  Reusables:47 - Waiting for output.txt to generate.
2024-07-24 10:22:58 INFO  Reusables:47 - Waiting for output.txt to generate.
2024-07-24 10:22:58 INFO  Reusables:47 - Waiting for output.txt to generate.
2024-07-24 10:22:58 INFO  Reusables:47 - Waiting for output.txt to generate.
2024-07-24 10:22:58 INFO  Reusables:47 - Waiting for output.txt to generate.
2024-07-24 10:22:58 INFO  Reusables:47 - Waiting for output.txt to generate.
2024-07-24 10:22:58 INFO  Reusables:47 - Waiting for output.txt to generate.
2024-07-24 10:22:58 INFO  Reusables:47 - Waiting for output.txt to generate.
2024-07-24 10:22:58 INFO  Reusables:47 - Waiting for output.txt to generate.
2024-07-24 10:22:58 INFO  Reusables:47 - Waiting for output.txt to generate.
2024-07-24 10:22:58 INFO  Reusables:47 - Waiting for output.txt to generate.
2024-07-24 10:22:58 INFO  Reusables:47 - Waiting for output.txt to generate.
2024-07-24 10:22:58 INFO  Reusables:47 - Waiting for output.txt to generate.
2024-07-24 10:22:58 INFO  Reusables:47 - Waiting for output.txt to generate.
2024-07-24 10:22:58 INFO  Reusables:47 - Waiting for output.txt to generate.
2024-07-24 10:22:58 INFO  Reusables:47 - Waiting for output.txt to generate.
2024-07-24 10:22:58 INFO  Reusables:47 - Waiting for output.txt to generate.
2024-07-24 10:22:58 INFO  Reusables:47 - Waiting for output.txt to generate.
2024-07-24 10:22:58 INFO  Reusables:47 - Waiting for output.txt to generate.
2024-07-24 10:22:58 INFO  Reusables:47 - Waiting for output.txt to generate.
2024-07-24 10:22:58 INFO  Reusables:47 - Waiting for output.txt to generate.
2024-07-24 10:22:58 INFO  Reusables:47 - Waiting for output.txt to generate.
2024-07-24 10:22:58 INFO  Reusables:47 - Waiting for output.txt to generate.
2024-07-24 10:22:58 INFO  Reusables:47 - Waiting for output.txt to generate.
2024-07-24 10:22:58 INFO  Reusables:47 - Waiting for output.txt to generate.
2024-07-24 10:22:58 INFO  Reusables:47 - Waiting for output.txt to generate.
2024-07-24 10:22:58 INFO  Reusables:47 - Waiting for output.txt to generate.
2024-07-24 10:22:58 INFO  Reusables:47 - Waiting for output.txt to generate.
2024-07-24 10:22:58 INFO  Reusables:47 - Waiting for output.txt to generate.
2024-07-24 10:22:58 INFO  Reusables:47 - Waiting for output.txt to generate.
2024-07-24 10:22:58 INFO  Reusables:47 - Waiting for output.txt to generate.
2024-07-24 10:22:58 INFO  Reusables:47 - Waiting for output.txt to generate.
2024-07-24 10:22:58 INFO  Reusables:47 - Waiting for output.txt to generate.
2024-07-24 10:22:58 INFO  Reusables:47 - Waiting for output.txt to generate.
2024-07-24 10:22:58 INFO  Reusables:47 - Waiting for output.txt to generate.
2024-07-24 10:22:58 INFO  Reusables:47 - Waiting for output.txt to generate.
2024-07-24 10:22:58 INFO  Reusables:47 - Waiting for output.txt to generate.
2024-07-24 10:22:58 INFO  Reusables:47 - Waiting for output.txt to generate.
2024-07-24 10:22:58 INFO  Reusables:47 - Waiting for output.txt to generate.
2024-07-24 10:22:58 INFO  Reusables:47 - Waiting for output.txt to generate.
2024-07-24 10:22:58 INFO  Reusables:47 - Waiting for output.txt to generate.
2024-07-24 10:22:58 INFO  Reusables:47 - Waiting for output.txt to generate.
2024-07-24 10:22:58 INFO  Reusables:47 - Waiting for output.txt to generate.
2024-07-24 10:22:58 INFO  Reusables:47 - Waiting for output.txt to generate.
2024-07-24 10:22:58 INFO  Reusables:47 - Waiting for output.txt to generate.
2024-07-24 10:22:58 INFO  Reusables:47 - Waiting for output.txt to generate.
2024-07-24 10:22:58 INFO  Reusables:47 - Waiting for output.txt to generate.
2024-07-24 10:22:58 INFO  Reusables:47 - Waiting for output.txt to generate.
2024-07-24 10:22:58 INFO  Reusables:47 - Waiting for output.txt to generate.
2024-07-24 10:22:58 INFO  Reusables:47 - Waiting for output.txt to generate.
2024-07-24 10:22:58 INFO  Reusables:47 - Waiting for output.txt to generate.
2024-07-24 10:22:58 INFO  Reusables:47 - Waiting for output.txt to generate.
2024-07-24 10:22:58 INFO  Reusables:47 - Waiting for output.txt to generate.
2024-07-24 10:22:58 INFO  Reusables:47 - Waiting for output.txt to generate.
2024-07-24 10:22:58 INFO  Reusables:47 - Waiting for output.txt to generate.
2024-07-24 10:22:58 INFO  Reusables:47 - Waiting for output.txt to generate.
2024-07-24 10:22:58 INFO  Reusables:47 - Waiting for output.txt to generate.
2024-07-24 10:22:58 INFO  Reusables:47 - Waiting for output.txt to generate.
2024-07-24 10:22:58 INFO  Reusables:47 - Waiting for output.txt to generate.
2024-07-24 10:22:58 INFO  Reusables:47 - Waiting for output.txt to generate.
2024-07-24 10:22:58 INFO  Reusables:47 - Waiting for output.txt to generate.
2024-07-24 10:22:58 INFO  Reusables:47 - Waiting for output.txt to generate.
2024-07-24 10:22:58 INFO  Reusables:47 - Waiting for output.txt to generate.
2024-07-24 10:22:58 INFO  Reusables:47 - Waiting for output.txt to generate.
2024-07-24 10:22:58 INFO  Reusables:47 - Waiting for output.txt to generate.
2024-07-24 10:22:58 INFO  Reusables:47 - Waiting for output.txt to generate.
2024-07-24 10:22:58 INFO  Reusables:47 - Waiting for output.txt to generate.
2024-07-24 10:22:58 INFO  Reusables:47 - Waiting for output.txt to generate.
2024-07-24 10:22:58 INFO  Reusables:47 - Waiting for output.txt to generate.
2024-07-24 10:22:58 INFO  Reusables:47 - Waiting for output.txt to generate.
2024-07-24 10:22:58 INFO  Reusables:47 - Waiting for output.txt to generate.
2024-07-24 10:22:58 INFO  Reusables:47 - Waiting for output.txt to generate.
2024-07-24 10:22:58 INFO  Reusables:47 - Waiting for output.txt to generate.
2024-07-24 10:22:58 INFO  Reusables:47 - Waiting for output.txt to generate.
2024-07-24 10:22:58 INFO  Reusables:47 - Waiting for output.txt to generate.
2024-07-24 10:22:58 INFO  Reusables:47 - Waiting for output.txt to generate.
2024-07-24 10:22:58 INFO  Reusables:47 - Waiting for output.txt to generate.
2024-07-24 10:22:58 INFO  Reusables:47 - Waiting for output.txt to generate.
2024-07-24 10:22:58 INFO  Reusables:47 - Waiting for output.txt to generate.
2024-07-24 10:22:58 INFO  Reusables:47 - Waiting for output.txt to generate.
2024-07-24 10:22:58 INFO  Reusables:47 - Waiting for output.txt to generate.
2024-07-24 10:22:58 INFO  Reusables:47 - Waiting for output.txt to generate.
2024-07-24 10:22:58 INFO  Reusables:47 - Waiting for output.txt to generate.
2024-07-24 10:22:58 INFO  Reusables:47 - Waiting for output.txt to generate.
2024-07-24 10:22:58 INFO  Reusables:47 - Waiting for output.txt to generate.
2024-07-24 10:22:58 INFO  Reusables:47 - Waiting for output.txt to generate.
2024-07-24 10:22:58 INFO  Reusables:47 - Waiting for output.txt to generate.
2024-07-24 10:22:58 INFO  Reusables:47 - Waiting for output.txt to generate.
2024-07-24 10:22:58 INFO  Reusables:47 - Waiting for output.txt to generate.
2024-07-24 10:22:58 INFO  Reusables:47 - Waiting for output.txt to generate.
2024-07-24 10:22:58 INFO  Reusables:47 - Waiting for output.txt to generate.
2024-07-24 10:22:58 INFO  Reusables:47 - Waiting for output.txt to generate.
2024-07-24 10:22:58 INFO  Reusables:47 - Waiting for output.txt to generate.
2024-07-24 10:22:58 INFO  Reusables:47 - Waiting for output.txt to generate.
2024-07-24 10:22:58 INFO  Reusables:47 - Waiting for output.txt to generate.
2024-07-24 10:22:58 INFO  Reusables:47 - Waiting for output.txt to generate.
2024-07-24 10:22:58 INFO  Reusables:47 - Waiting for output.txt to generate.
2024-07-24 10:22:58 INFO  Reusables:47 - Waiting for output.txt to generate.
2024-07-24 10:22:58 INFO  Reusables:47 - Waiting for output.txt to generate.
2024-07-24 10:22:58 INFO  Reusables:47 - Waiting for output.txt to generate.
2024-07-24 10:22:58 INFO  Reusables:47 - Waiting for output.txt to generate.
2024-07-24 10:22:58 INFO  Reusables:47 - Waiting for output.txt to generate.
2024-07-24 10:22:58 INFO  Reusables:47 - Waiting for output.txt to generate.
2024-07-24 10:22:58 INFO  Reusables:47 - Waiting for output.txt to generate.
2024-07-24 10:22:58 INFO  Reusables:47 - Waiting for output.txt to generate.
2024-07-24 10:22:58 INFO  Reusables:47 - Waiting for output.txt to generate.
2024-07-24 10:22:58 INFO  Reusables:47 - Waiting for output.txt to generate.
2024-07-24 10:22:58 INFO  Reusables:47 - Waiting for output.txt to generate.
2024-07-24 10:22:58 INFO  Reusables:47 - Waiting for output.txt to generate.
2024-07-24 10:22:58 INFO  Reusables:47 - Waiting for output.txt to generate.
2024-07-24 10:22:58 INFO  Reusables:47 - Waiting for output.txt to generate.
2024-07-24 10:22:58 INFO  Reusables:47 - Waiting for output.txt to generate.
2024-07-24 10:22:58 INFO  Reusables:47 - Waiting for output.txt to generate.
2024-07-24 10:22:58 INFO  Reusables:47 - Waiting for output.txt to generate.
2024-07-24 10:22:58 INFO  Reusables:47 - Waiting for output.txt to generate.
2024-07-24 10:22:58 INFO  Reusables:47 - Waiting for output.txt to generate.
2024-07-24 10:22:58 INFO  Reusables:47 - Waiting for output.txt to generate.
2024-07-24 10:22:58 INFO  Reusables:47 - Waiting for output.txt to generate.
2024-07-24 10:22:58 INFO  Reusables:47 - Waiting for output.txt to generate.
2024-07-24 10:22:58 INFO  Reusables:47 - Waiting for output.txt to generate.
2024-07-24 10:22:58 INFO  Reusables:47 - Waiting for output.txt to generate.
2024-07-24 10:22:58 INFO  Reusables:47 - Waiting for output.txt to generate.
2024-07-24 10:22:58 INFO  Reusables:47 - Waiting for output.txt to generate.
2024-07-24 10:22:58 INFO  Reusables:47 - Waiting for output.txt to generate.
2024-07-24 10:22:58 INFO  Reusables:47 - Waiting for output.txt to generate.
2024-07-24 10:22:58 INFO  Reusables:47 - Waiting for output.txt to generate.
2024-07-24 10:22:58 INFO  Reusables:47 - Waiting for output.txt to generate.
2024-07-24 10:22:58 INFO  Reusables:47 - Waiting for output.txt to generate.
2024-07-24 10:22:58 INFO  Reusables:47 - Waiting for output.txt to generate.
2024-07-24 10:22:58 INFO  Reusables:47 - Waiting for output.txt to generate.
2024-07-24 10:22:58 INFO  Reusables:47 - Waiting for output.txt to generate.
2024-07-24 10:22:58 INFO  Reusables:47 - Waiting for output.txt to generate.
2024-07-24 10:22:58 INFO  Reusables:47 - Waiting for output.txt to generate.
2024-07-24 10:22:58 INFO  Reusables:47 - Waiting for output.txt to generate.
2024-07-24 10:22:58 INFO  Reusables:47 - Waiting for output.txt to generate.
2024-07-24 10:22:58 INFO  Reusables:47 - Waiting for output.txt to generate.
2024-07-24 10:22:58 INFO  Reusables:47 - Waiting for output.txt to generate.
2024-07-24 10:22:58 INFO  Reusables:47 - Waiting for output.txt to generate.
2024-07-24 10:22:58 INFO  Reusables:47 - Waiting for output.txt to generate.
2024-07-24 10:22:58 INFO  Reusables:47 - Waiting for output.txt to generate.
2024-07-24 10:22:58 INFO  Reusables:47 - Waiting for output.txt to generate.
2024-07-24 10:22:58 INFO  Reusables:47 - Waiting for output.txt to generate.
2024-07-24 10:22:58 INFO  Reusables:47 - Waiting for output.txt to generate.
2024-07-24 10:22:58 INFO  Reusables:47 - Waiting for output.txt to generate.
2024-07-24 10:22:58 INFO  Reusables:47 - Waiting for output.txt to generate.
2024-07-24 10:22:58 INFO  Reusables:47 - Waiting for output.txt to generate.
2024-07-24 10:22:58 INFO  Reusables:47 - Waiting for output.txt to generate.
2024-07-24 10:22:58 INFO  Reusables:47 - Waiting for output.txt to generate.
2024-07-24 10:22:58 INFO  Reusables:47 - Waiting for output.txt to generate.
2024-07-24 10:22:58 INFO  Reusables:47 - Waiting for output.txt to generate.
2024-07-24 10:22:58 INFO  Reusables:47 - Waiting for output.txt to generate.
2024-07-24 10:22:58 INFO  Reusables:47 - Waiting for output.txt to generate.
2024-07-24 10:22:58 INFO  Reusables:47 - Waiting for output.txt to generate.
2024-07-24 10:22:58 INFO  Reusables:47 - Waiting for output.txt to generate.
2024-07-24 10:22:58 INFO  Reusables:47 - Waiting for output.txt to generate.
2024-07-24 10:22:58 INFO  Reusables:47 - Waiting for output.txt to generate.
2024-07-24 10:22:58 INFO  Reusables:47 - Waiting for output.txt to generate.
2024-07-24 10:22:58 INFO  Reusables:47 - Waiting for output.txt to generate.
2024-07-24 10:22:58 INFO  Reusables:47 - Waiting for output.txt to generate.
2024-07-24 10:22:58 INFO  Reusables:47 - Waiting for output.txt to generate.
2024-07-24 10:22:58 INFO  Reusables:47 - Waiting for output.txt to generate.
2024-07-24 10:22:58 INFO  Reusables:47 - Waiting for output.txt to generate.
2024-07-24 10:22:58 INFO  Reusables:47 - Waiting for output.txt to generate.
2024-07-24 10:22:58 INFO  Reusables:47 - Waiting for output.txt to generate.
2024-07-24 10:22:58 INFO  Reusables:47 - Waiting for output.txt to generate.
2024-07-24 10:22:58 INFO  Reusables:47 - Waiting for output.txt to generate.
2024-07-24 10:22:58 INFO  Reusables:47 - Waiting for output.txt to generate.
2024-07-24 10:22:58 INFO  Reusables:47 - Waiting for output.txt to generate.
2024-07-24 10:22:58 INFO  Reusables:47 - Waiting for output.txt to generate.
2024-07-24 10:22:58 INFO  Reusables:47 - Waiting for output.txt to generate.
2024-07-24 10:22:58 INFO  Reusables:47 - Waiting for output.txt to generate.
2024-07-24 10:22:58 INFO  Reusables:47 - Waiting for output.txt to generate.
2024-07-24 10:22:58 INFO  Reusables:47 - Waiting for output.txt to generate.
2024-07-24 10:22:58 INFO  Reusables:47 - Waiting for output.txt to generate.
2024-07-24 10:22:58 INFO  Reusables:47 - Waiting for output.txt to generate.
2024-07-24 10:22:58 INFO  Reusables:47 - Waiting for output.txt to generate.
2024-07-24 10:22:58 INFO  Reusables:47 - Waiting for output.txt to generate.
2024-07-24 10:22:58 INFO  Reusables:47 - Waiting for output.txt to generate.
2024-07-24 10:22:58 INFO  Reusables:47 - Waiting for output.txt to generate.
2024-07-24 10:22:58 INFO  Reusables:47 - Waiting for output.txt to generate.
2024-07-24 10:22:58 INFO  Reusables:47 - Waiting for output.txt to generate.
2024-07-24 10:22:58 INFO  Reusables:47 - Waiting for output.txt to generate.
2024-07-24 10:22:58 INFO  Reusables:47 - Waiting for output.txt to generate.
2024-07-24 10:22:58 INFO  Reusables:47 - Waiting for output.txt to generate.
2024-07-24 10:22:58 INFO  Reusables:47 - Waiting for output.txt to generate.
2024-07-24 10:22:58 INFO  Reusables:47 - Waiting for output.txt to generate.
2024-07-24 10:22:58 INFO  Reusables:47 - Waiting for output.txt to generate.
2024-07-24 10:22:58 INFO  Reusables:47 - Waiting for output.txt to generate.
2024-07-24 10:22:58 INFO  Reusables:47 - Waiting for output.txt to generate.
2024-07-24 10:22:58 INFO  Reusables:47 - Waiting for output.txt to generate.
2024-07-24 10:22:58 INFO  Reusables:47 - Waiting for output.txt to generate.
2024-07-24 10:22:58 INFO  Reusables:47 - Waiting for output.txt to generate.
2024-07-24 10:22:58 INFO  Reusables:47 - Waiting for output.txt to generate.
2024-07-24 10:22:58 INFO  Reusables:47 - Waiting for output.txt to generate.
2024-07-24 10:22:58 INFO  Reusables:47 - Waiting for output.txt to generate.
2024-07-24 10:22:58 INFO  Reusables:47 - Waiting for output.txt to generate.
2024-07-24 10:22:58 INFO  Reusables:47 - Waiting for output.txt to generate.
2024-07-24 10:22:58 INFO  Reusables:47 - Waiting for output.txt to generate.
2024-07-24 10:22:58 INFO  Reusables:47 - Waiting for output.txt to generate.
2024-07-24 10:22:58 INFO  Reusables:47 - Waiting for output.txt to generate.
2024-07-24 10:22:58 INFO  Reusables:47 - Waiting for output.txt to generate.
2024-07-24 10:22:58 INFO  Reusables:47 - Waiting for output.txt to generate.
2024-07-24 10:22:58 INFO  Reusables:47 - Waiting for output.txt to generate.
2024-07-24 10:22:58 INFO  Reusables:47 - Waiting for output.txt to generate.
2024-07-24 10:22:58 INFO  Reusables:47 - Waiting for output.txt to generate.
2024-07-24 10:22:58 INFO  Reusables:47 - Waiting for output.txt to generate.
2024-07-24 10:22:58 INFO  Reusables:47 - Waiting for output.txt to generate.
2024-07-24 10:22:58 INFO  Reusables:47 - Waiting for output.txt to generate.
2024-07-24 10:22:58 INFO  Reusables:47 - Waiting for output.txt to generate.
2024-07-24 10:22:58 INFO  Reusables:47 - Waiting for output.txt to generate.
2024-07-24 10:22:58 INFO  Reusables:47 - Waiting for output.txt to generate.
2024-07-24 10:22:58 INFO  Reusables:47 - Waiting for output.txt to generate.
2024-07-24 10:22:58 INFO  Reusables:47 - Waiting for output.txt to generate.
2024-07-24 10:22:58 INFO  Reusables:47 - Waiting for output.txt to generate.
2024-07-24 10:22:58 INFO  Reusables:47 - Waiting for output.txt to generate.
2024-07-24 10:22:58 INFO  Reusables:47 - Waiting for output.txt to generate.
2024-07-24 10:22:58 INFO  Reusables:47 - Waiting for output.txt to generate.
2024-07-24 10:22:58 INFO  Reusables:47 - Waiting for output.txt to generate.
2024-07-24 10:22:58 INFO  Reusables:47 - Waiting for output.txt to generate.
2024-07-24 10:22:58 INFO  Reusables:47 - Waiting for output.txt to generate.
2024-07-24 10:22:58 INFO  Reusables:47 - Waiting for output.txt to generate.
2024-07-24 10:22:58 INFO  Reusables:47 - Waiting for output.txt to generate.
2024-07-24 10:22:58 INFO  Reusables:47 - Waiting for output.txt to generate.
2024-07-24 10:22:58 INFO  Reusables:47 - Waiting for output.txt to generate.
2024-07-24 10:22:58 INFO  Reusables:47 - Waiting for output.txt to generate.
2024-07-24 10:22:58 INFO  Reusables:47 - Waiting for output.txt to generate.
2024-07-24 10:22:58 INFO  Reusables:47 - Waiting for output.txt to generate.
2024-07-24 10:22:58 INFO  Reusables:47 - Waiting for output.txt to generate.
2024-07-24 10:22:58 INFO  Reusables:47 - Waiting for output.txt to generate.
2024-07-24 10:22:58 INFO  Reusables:47 - Waiting for output.txt to generate.
2024-07-24 10:22:58 INFO  Reusables:47 - Waiting for output.txt to generate.
2024-07-24 10:22:58 INFO  Reusables:47 - Waiting for output.txt to generate.
2024-07-24 10:22:58 INFO  Reusables:47 - Waiting for output.txt to generate.
2024-07-24 10:22:58 INFO  Reusables:47 - Waiting for output.txt to generate.
2024-07-24 10:22:58 INFO  Reusables:47 - Waiting for output.txt to generate.
2024-07-24 10:22:58 INFO  Reusables:47 - Waiting for output.txt to generate.
2024-07-24 10:22:58 INFO  Reusables:47 - Waiting for output.txt to generate.
2024-07-24 10:22:58 INFO  Reusables:47 - Waiting for output.txt to generate.
2024-07-24 10:22:58 INFO  Reusables:47 - Waiting for output.txt to generate.
2024-07-24 10:22:58 INFO  Reusables:47 - Waiting for output.txt to generate.
2024-07-24 10:22:58 INFO  Reusables:47 - Waiting for output.txt to generate.
2024-07-24 10:22:58 INFO  Reusables:47 - Waiting for output.txt to generate.
2024-07-24 10:22:58 INFO  Reusables:47 - Waiting for output.txt to generate.
2024-07-24 10:22:58 INFO  Reusables:47 - Waiting for output.txt to generate.
2024-07-24 10:22:58 INFO  Reusables:47 - Waiting for output.txt to generate.
2024-07-24 10:22:58 INFO  Reusables:47 - Waiting for output.txt to generate.
2024-07-24 10:22:58 INFO  Reusables:47 - Waiting for output.txt to generate.
2024-07-24 10:22:58 INFO  Reusables:47 - Waiting for output.txt to generate.
2024-07-24 10:22:58 INFO  Reusables:47 - Waiting for output.txt to generate.
2024-07-24 10:22:58 INFO  Reusables:47 - Waiting for output.txt to generate.
2024-07-24 10:22:58 INFO  Reusables:47 - Waiting for output.txt to generate.
2024-07-24 10:22:58 INFO  Reusables:47 - Waiting for output.txt to generate.
2024-07-24 10:22:58 INFO  Reusables:47 - Waiting for output.txt to generate.
2024-07-24 10:22:58 INFO  Reusables:47 - Waiting for output.txt to generate.
2024-07-24 10:22:58 INFO  Reusables:47 - Waiting for output.txt to generate.
2024-07-24 10:22:58 INFO  Reusables:47 - Waiting for output.txt to generate.
2024-07-24 10:22:58 INFO  Reusables:47 - Waiting for output.txt to generate.
2024-07-24 10:22:58 INFO  Reusables:47 - Waiting for output.txt to generate.
2024-07-24 10:22:58 INFO  Reusables:47 - Waiting for output.txt to generate.
2024-07-24 10:22:58 INFO  Reusables:47 - Waiting for output.txt to generate.
2024-07-24 10:22:58 INFO  Reusables:47 - Waiting for output.txt to generate.
2024-07-24 10:22:58 INFO  Reusables:47 - Waiting for output.txt to generate.
2024-07-24 10:22:58 INFO  Reusables:47 - Waiting for output.txt to generate.
2024-07-24 10:22:58 INFO  Reusables:47 - Waiting for output.txt to generate.
2024-07-24 10:22:58 INFO  Reusables:47 - Waiting for output.txt to generate.
2024-07-24 10:22:58 INFO  Reusables:47 - Waiting for output.txt to generate.
2024-07-24 10:22:58 INFO  Reusables:47 - Waiting for output.txt to generate.
2024-07-24 10:22:58 INFO  Reusables:47 - Waiting for output.txt to generate.
2024-07-24 10:22:58 INFO  Reusables:47 - Waiting for output.txt to generate.
2024-07-24 10:22:58 INFO  Reusables:47 - Waiting for output.txt to generate.
2024-07-24 10:22:58 INFO  Reusables:47 - Waiting for output.txt to generate.
2024-07-24 10:22:58 INFO  Reusables:47 - Waiting for output.txt to generate.
2024-07-24 10:22:58 INFO  Reusables:47 - Waiting for output.txt to generate.
2024-07-24 10:22:58 INFO  Reusables:47 - Waiting for output.txt to generate.
2024-07-24 10:22:58 INFO  Reusables:47 - Waiting for output.txt to generate.
2024-07-24 10:22:58 INFO  Reusables:47 - Waiting for output.txt to generate.
2024-07-24 10:22:58 INFO  Reusables:47 - Waiting for output.txt to generate.
2024-07-24 10:22:58 INFO  Reusables:47 - Waiting for output.txt to generate.
2024-07-24 10:22:58 INFO  Reusables:47 - Waiting for output.txt to generate.
2024-07-24 10:22:58 INFO  Reusables:47 - Waiting for output.txt to generate.
2024-07-24 10:22:58 INFO  Reusables:47 - Waiting for output.txt to generate.
2024-07-24 10:22:58 INFO  Reusables:47 - Waiting for output.txt to generate.
2024-07-24 10:22:58 INFO  Reusables:47 - Waiting for output.txt to generate.
2024-07-24 10:22:58 INFO  Reusables:47 - Waiting for output.txt to generate.
2024-07-24 10:22:58 INFO  Reusables:47 - Waiting for output.txt to generate.
2024-07-24 10:22:58 INFO  Reusables:47 - Waiting for output.txt to generate.
2024-07-24 10:22:58 INFO  Reusables:47 - Waiting for output.txt to generate.
2024-07-24 10:22:58 INFO  Reusables:47 - Waiting for output.txt to generate.
2024-07-24 10:22:58 INFO  Reusables:47 - Waiting for output.txt to generate.
2024-07-24 10:22:58 INFO  Reusables:47 - Waiting for output.txt to generate.
2024-07-24 10:22:58 INFO  Reusables:47 - Waiting for output.txt to generate.
2024-07-24 10:22:58 INFO  Reusables:47 - Waiting for output.txt to generate.
2024-07-24 10:22:58 INFO  Reusables:47 - Waiting for output.txt to generate.
2024-07-24 10:22:58 INFO  Reusables:47 - Waiting for output.txt to generate.
2024-07-24 10:22:58 INFO  Reusables:47 - Waiting for output.txt to generate.
2024-07-24 10:22:58 INFO  Reusables:47 - Waiting for output.txt to generate.
2024-07-24 10:22:58 INFO  Reusables:47 - Waiting for output.txt to generate.
2024-07-24 10:22:58 INFO  Reusables:47 - Waiting for output.txt to generate.
2024-07-24 10:22:58 INFO  Reusables:47 - Waiting for output.txt to generate.
2024-07-24 10:22:58 INFO  Reusables:47 - Waiting for output.txt to generate.
2024-07-24 10:22:58 INFO  Reusables:47 - Waiting for output.txt to generate.
2024-07-24 10:22:58 INFO  Reusables:47 - Waiting for output.txt to generate.
2024-07-24 10:22:58 INFO  Reusables:47 - Waiting for output.txt to generate.
2024-07-24 10:22:58 INFO  Reusables:47 - Waiting for output.txt to generate.
2024-07-24 10:22:58 INFO  Reusables:47 - Waiting for output.txt to generate.
2024-07-24 10:22:58 INFO  Reusables:47 - Waiting for output.txt to generate.
2024-07-24 10:22:58 INFO  Reusables:47 - Waiting for output.txt to generate.
2024-07-24 10:22:58 INFO  Reusables:47 - Waiting for output.txt to generate.
2024-07-24 10:22:58 INFO  Reusables:47 - Waiting for output.txt to generate.
2024-07-24 10:22:58 INFO  Reusables:47 - Waiting for output.txt to generate.
2024-07-24 10:22:58 INFO  Reusables:47 - Waiting for output.txt to generate.
2024-07-24 10:22:58 INFO  Reusables:47 - Waiting for output.txt to generate.
2024-07-24 10:22:58 INFO  Reusables:47 - Waiting for output.txt to generate.
2024-07-24 10:22:58 INFO  Reusables:47 - Waiting for output.txt to generate.
2024-07-24 10:22:58 INFO  Reusables:47 - Waiting for output.txt to generate.
2024-07-24 10:22:58 INFO  Reusables:47 - Waiting for output.txt to generate.
2024-07-24 10:22:58 INFO  Reusables:47 - Waiting for output.txt to generate.
2024-07-24 10:22:58 INFO  Reusables:47 - Waiting for output.txt to generate.
2024-07-24 10:22:58 INFO  Reusables:47 - Waiting for output.txt to generate.
2024-07-24 10:22:58 INFO  Reusables:47 - Waiting for output.txt to generate.
2024-07-24 10:22:58 INFO  Reusables:47 - Waiting for output.txt to generate.
2024-07-24 10:22:58 INFO  Reusables:47 - Waiting for output.txt to generate.
2024-07-24 10:22:58 INFO  Reusables:47 - Waiting for output.txt to generate.
2024-07-24 10:22:58 INFO  Reusables:47 - Waiting for output.txt to generate.
2024-07-24 10:22:58 INFO  Reusables:47 - Waiting for output.txt to generate.
2024-07-24 10:22:58 INFO  Reusables:47 - Waiting for output.txt to generate.
2024-07-24 10:22:58 INFO  Reusables:47 - Waiting for output.txt to generate.
2024-07-24 10:22:58 INFO  Reusables:47 - Waiting for output.txt to generate.
2024-07-24 10:22:58 INFO  Reusables:47 - Waiting for output.txt to generate.
2024-07-24 10:22:58 INFO  Reusables:47 - Waiting for output.txt to generate.
2024-07-24 10:22:58 INFO  Reusables:47 - Waiting for output.txt to generate.
2024-07-24 10:22:58 INFO  Reusables:47 - Waiting for output.txt to generate.
2024-07-24 10:22:58 INFO  Reusables:47 - Waiting for output.txt to generate.
2024-07-24 10:22:58 INFO  Reusables:47 - Waiting for output.txt to generate.
2024-07-24 10:22:58 INFO  Reusables:47 - Waiting for output.txt to generate.
2024-07-24 10:22:58 INFO  Reusables:47 - Waiting for output.txt to generate.
2024-07-24 10:22:58 INFO  Reusables:47 - Waiting for output.txt to generate.
2024-07-24 10:22:58 INFO  Reusables:47 - Waiting for output.txt to generate.
2024-07-24 10:22:58 INFO  Reusables:47 - Waiting for output.txt to generate.
2024-07-24 10:22:58 INFO  Reusables:47 - Waiting for output.txt to generate.
2024-07-24 10:22:58 INFO  Reusables:47 - Waiting for output.txt to generate.
2024-07-24 10:22:58 INFO  Reusables:47 - Waiting for output.txt to generate.
2024-07-24 10:22:58 INFO  Reusables:47 - Waiting for output.txt to generate.
2024-07-24 10:22:58 INFO  Reusables:47 - Waiting for output.txt to generate.
2024-07-24 10:22:58 INFO  Reusables:47 - Waiting for output.txt to generate.
2024-07-24 10:22:58 INFO  Reusables:47 - Waiting for output.txt to generate.
2024-07-24 10:22:58 INFO  Reusables:47 - Waiting for output.txt to generate.
2024-07-24 10:22:58 INFO  Reusables:47 - Waiting for output.txt to generate.
2024-07-24 10:22:58 INFO  Reusables:47 - Waiting for output.txt to generate.
2024-07-24 10:22:58 INFO  Reusables:47 - Waiting for output.txt to generate.
2024-07-24 10:22:58 INFO  Reusables:47 - Waiting for output.txt to generate.
2024-07-24 10:22:58 INFO  Reusables:47 - Waiting for output.txt to generate.
2024-07-24 10:22:58 INFO  Reusables:47 - Waiting for output.txt to generate.
2024-07-24 10:22:58 INFO  Reusables:47 - Waiting for output.txt to generate.
2024-07-24 10:22:58 INFO  Reusables:47 - Waiting for output.txt to generate.
2024-07-24 10:22:58 INFO  Reusables:47 - Waiting for output.txt to generate.
2024-07-24 10:22:58 INFO  Reusables:47 - Waiting for output.txt to generate.
2024-07-24 10:22:58 INFO  Reusables:47 - Waiting for output.txt to generate.
2024-07-24 10:22:58 INFO  Reusables:47 - Waiting for output.txt to generate.
2024-07-24 10:22:58 INFO  Reusables:47 - Waiting for output.txt to generate.
2024-07-24 10:22:58 INFO  Reusables:47 - Waiting for output.txt to generate.
2024-07-24 10:22:58 INFO  Reusables:47 - Waiting for output.txt to generate.
2024-07-24 10:22:58 INFO  Reusables:47 - Waiting for output.txt to generate.
2024-07-24 10:22:58 INFO  Reusables:47 - Waiting for output.txt to generate.
2024-07-24 10:22:58 INFO  Reusables:47 - Waiting for output.txt to generate.
2024-07-24 10:22:58 INFO  Reusables:47 - Waiting for output.txt to generate.
2024-07-24 10:22:58 INFO  Reusables:47 - Waiting for output.txt to generate.
2024-07-24 10:22:58 INFO  Reusables:47 - Waiting for output.txt to generate.
2024-07-24 10:22:58 INFO  Reusables:47 - Waiting for output.txt to generate.
2024-07-24 10:22:58 INFO  Reusables:47 - Waiting for output.txt to generate.
2024-07-24 10:22:58 INFO  Reusables:47 - Waiting for output.txt to generate.
2024-07-24 10:22:58 INFO  Reusables:47 - Waiting for output.txt to generate.
2024-07-24 10:22:58 INFO  Reusables:47 - Waiting for output.txt to generate.
2024-07-24 10:22:58 INFO  Reusables:47 - Waiting for output.txt to generate.
2024-07-24 10:22:58 INFO  Reusables:47 - Waiting for output.txt to generate.
2024-07-24 10:22:58 INFO  Reusables:47 - Waiting for output.txt to generate.
2024-07-24 10:22:58 INFO  Reusables:47 - Waiting for output.txt to generate.
2024-07-24 10:22:58 INFO  Reusables:47 - Waiting for output.txt to generate.
2024-07-24 10:22:58 INFO  Reusables:47 - Waiting for output.txt to generate.
2024-07-24 10:22:58 INFO  Reusables:47 - Waiting for output.txt to generate.
2024-07-24 10:22:58 INFO  Reusables:47 - Waiting for output.txt to generate.
2024-07-24 10:22:58 INFO  Reusables:47 - Waiting for output.txt to generate.
2024-07-24 10:22:58 INFO  Reusables:47 - Waiting for output.txt to generate.
2024-07-24 10:22:58 INFO  Reusables:47 - Waiting for output.txt to generate.
2024-07-24 10:22:58 INFO  Reusables:47 - Waiting for output.txt to generate.
2024-07-24 10:22:58 INFO  Reusables:47 - Waiting for output.txt to generate.
2024-07-24 10:22:58 INFO  Reusables:47 - Waiting for output.txt to generate.
2024-07-24 10:22:58 INFO  Reusables:47 - Waiting for output.txt to generate.
2024-07-24 10:22:58 INFO  Reusables:47 - Waiting for output.txt to generate.
2024-07-24 10:22:58 INFO  Reusables:47 - Waiting for output.txt to generate.
2024-07-24 10:22:58 INFO  Reusables:47 - Waiting for output.txt to generate.
2024-07-24 10:22:58 INFO  Reusables:47 - Waiting for output.txt to generate.
2024-07-24 10:22:58 INFO  Reusables:47 - Waiting for output.txt to generate.
2024-07-24 10:22:58 INFO  Reusables:47 - Waiting for output.txt to generate.
2024-07-24 10:22:58 INFO  Reusables:47 - Waiting for output.txt to generate.
2024-07-24 10:22:58 INFO  Reusables:47 - Waiting for output.txt to generate.
2024-07-24 10:22:58 INFO  Reusables:47 - Waiting for output.txt to generate.
2024-07-24 10:22:58 INFO  Reusables:47 - Waiting for output.txt to generate.
2024-07-24 10:22:58 INFO  Reusables:47 - Waiting for output.txt to generate.
2024-07-24 10:22:58 INFO  Reusables:47 - Waiting for output.txt to generate.
2024-07-24 10:22:58 INFO  Reusables:47 - Waiting for output.txt to generate.
2024-07-24 10:22:58 INFO  Reusables:47 - Waiting for output.txt to generate.
2024-07-24 10:22:58 INFO  Reusables:47 - Waiting for output.txt to generate.
2024-07-24 10:22:58 INFO  Reusables:47 - Waiting for output.txt to generate.
2024-07-24 10:22:58 INFO  Reusables:47 - Waiting for output.txt to generate.
2024-07-24 10:22:58 INFO  Reusables:47 - Waiting for output.txt to generate.
2024-07-24 10:22:58 INFO  Reusables:47 - Waiting for output.txt to generate.
2024-07-24 10:22:58 INFO  Reusables:47 - Waiting for output.txt to generate.
2024-07-24 10:22:58 INFO  Reusables:47 - Waiting for output.txt to generate.
2024-07-24 10:22:58 INFO  Reusables:47 - Waiting for output.txt to generate.
2024-07-24 10:22:58 INFO  Reusables:47 - Waiting for output.txt to generate.
2024-07-24 10:22:58 INFO  Reusables:47 - Waiting for output.txt to generate.
2024-07-24 10:22:58 INFO  Reusables:47 - Waiting for output.txt to generate.
2024-07-24 10:22:58 INFO  Reusables:47 - Waiting for output.txt to generate.
2024-07-24 10:22:58 INFO  Reusables:47 - Waiting for output.txt to generate.
2024-07-24 10:22:58 INFO  Reusables:47 - Waiting for output.txt to generate.
2024-07-24 10:22:58 INFO  Reusables:47 - Waiting for output.txt to generate.
2024-07-24 10:22:58 INFO  Reusables:47 - Waiting for output.txt to generate.
2024-07-24 10:22:58 INFO  Reusables:47 - Waiting for output.txt to generate.
2024-07-24 10:22:58 INFO  Reusables:47 - Waiting for output.txt to generate.
2024-07-24 10:22:58 INFO  Reusables:47 - Waiting for output.txt to generate.
2024-07-24 10:22:58 INFO  Reusables:47 - Waiting for output.txt to generate.
2024-07-24 10:22:58 INFO  Reusables:47 - Waiting for output.txt to generate.
2024-07-24 10:22:58 INFO  Reusables:47 - Waiting for output.txt to generate.
2024-07-24 10:22:58 INFO  Reusables:47 - Waiting for output.txt to generate.
2024-07-24 10:22:58 INFO  Reusables:47 - Waiting for output.txt to generate.
2024-07-24 10:22:58 INFO  Reusables:47 - Waiting for output.txt to generate.
2024-07-24 10:22:58 INFO  Reusables:47 - Waiting for output.txt to generate.
2024-07-24 10:22:58 INFO  Reusables:47 - Waiting for output.txt to generate.
2024-07-24 10:22:58 INFO  Reusables:47 - Waiting for output.txt to generate.
2024-07-24 10:22:58 INFO  Reusables:47 - Waiting for output.txt to generate.
2024-07-24 10:22:58 INFO  Reusables:47 - Waiting for output.txt to generate.
2024-07-24 10:22:58 INFO  Reusables:47 - Waiting for output.txt to generate.
2024-07-24 10:22:58 INFO  Reusables:47 - Waiting for output.txt to generate.
2024-07-24 10:22:58 INFO  Reusables:47 - Waiting for output.txt to generate.
2024-07-24 10:22:58 INFO  Reusables:47 - Waiting for output.txt to generate.
2024-07-24 10:22:58 INFO  Reusables:47 - Waiting for output.txt to generate.
2024-07-24 10:22:58 INFO  Reusables:47 - Waiting for output.txt to generate.
2024-07-24 10:22:58 INFO  Reusables:47 - Waiting for output.txt to generate.
2024-07-24 10:22:58 INFO  Reusables:47 - Waiting for output.txt to generate.
2024-07-24 10:22:58 INFO  Reusables:47 - Waiting for output.txt to generate.
2024-07-24 10:22:58 INFO  Reusables:47 - Waiting for output.txt to generate.
2024-07-24 10:22:58 INFO  Reusables:47 - Waiting for output.txt to generate.
2024-07-24 10:22:58 INFO  Reusables:47 - Waiting for output.txt to generate.
2024-07-24 10:22:58 INFO  Reusables:47 - Waiting for output.txt to generate.
2024-07-24 10:22:58 INFO  Reusables:47 - Waiting for output.txt to generate.
2024-07-24 10:22:58 INFO  Reusables:47 - Waiting for output.txt to generate.
2024-07-24 10:22:58 INFO  Reusables:47 - Waiting for output.txt to generate.
2024-07-24 10:22:58 INFO  Reusables:47 - Waiting for output.txt to generate.
2024-07-24 10:22:58 INFO  Reusables:47 - Waiting for output.txt to generate.
2024-07-24 10:22:58 INFO  Reusables:47 - Waiting for output.txt to generate.
2024-07-24 10:22:58 INFO  Reusables:47 - Waiting for output.txt to generate.
2024-07-24 10:22:58 INFO  Reusables:47 - Waiting for output.txt to generate.
2024-07-24 10:22:58 INFO  Reusables:47 - Waiting for output.txt to generate.
2024-07-24 10:22:58 INFO  Reusables:47 - Waiting for output.txt to generate.
2024-07-24 10:22:58 INFO  Reusables:47 - Waiting for output.txt to generate.
2024-07-24 10:22:58 INFO  Reusables:47 - Waiting for output.txt to generate.
2024-07-24 10:22:58 INFO  Reusables:47 - Waiting for output.txt to generate.
2024-07-24 10:22:58 INFO  Reusables:47 - Waiting for output.txt to generate.
2024-07-24 10:22:58 INFO  Reusables:47 - Waiting for output.txt to generate.
2024-07-24 10:22:58 INFO  Reusables:47 - Waiting for output.txt to generate.
2024-07-24 10:22:58 INFO  Reusables:47 - Waiting for output.txt to generate.
2024-07-24 10:22:58 INFO  Reusables:47 - Waiting for output.txt to generate.
2024-07-24 10:22:58 INFO  Reusables:47 - Waiting for output.txt to generate.
2024-07-24 10:22:58 INFO  Reusables:47 - Waiting for output.txt to generate.
2024-07-24 10:22:58 INFO  Reusables:47 - Waiting for output.txt to generate.
2024-07-24 10:22:58 INFO  Reusables:47 - Waiting for output.txt to generate.
2024-07-24 10:22:58 INFO  Reusables:47 - Waiting for output.txt to generate.
2024-07-24 10:22:58 INFO  Reusables:47 - Waiting for output.txt to generate.
2024-07-24 10:22:58 INFO  Reusables:47 - Waiting for output.txt to generate.
2024-07-24 10:22:58 INFO  Reusables:47 - Waiting for output.txt to generate.
2024-07-24 10:22:58 INFO  Reusables:47 - Waiting for output.txt to generate.
2024-07-24 10:22:58 INFO  Reusables:47 - Waiting for output.txt to generate.
2024-07-24 10:22:58 INFO  Reusables:47 - Waiting for output.txt to generate.
2024-07-24 10:22:58 INFO  Reusables:47 - Waiting for output.txt to generate.
2024-07-24 10:22:58 INFO  Reusables:47 - Waiting for output.txt to generate.
2024-07-24 10:22:58 INFO  Reusables:47 - Waiting for output.txt to generate.
2024-07-24 10:22:58 INFO  Reusables:47 - Waiting for output.txt to generate.
2024-07-24 10:22:58 INFO  Reusables:47 - Waiting for output.txt to generate.
2024-07-24 10:22:58 INFO  Reusables:47 - Waiting for output.txt to generate.
2024-07-24 10:22:58 INFO  Reusables:47 - Waiting for output.txt to generate.
2024-07-24 10:22:58 INFO  Reusables:47 - Waiting for output.txt to generate.
2024-07-24 10:22:58 INFO  Reusables:47 - Waiting for output.txt to generate.
2024-07-24 10:22:58 INFO  Reusables:47 - Waiting for output.txt to generate.
2024-07-24 10:22:58 INFO  Reusables:47 - Waiting for output.txt to generate.
2024-07-24 10:22:58 INFO  Reusables:47 - Waiting for output.txt to generate.
2024-07-24 10:22:58 INFO  Reusables:47 - Waiting for output.txt to generate.
2024-07-24 10:22:58 INFO  Reusables:47 - Waiting for output.txt to generate.
2024-07-24 10:22:58 INFO  Reusables:47 - Waiting for output.txt to generate.
2024-07-24 10:22:58 INFO  Reusables:47 - Waiting for output.txt to generate.
2024-07-24 10:22:58 INFO  Reusables:47 - Waiting for output.txt to generate.
2024-07-24 10:22:58 INFO  Reusables:47 - Waiting for output.txt to generate.
2024-07-24 10:22:58 INFO  Reusables:47 - Waiting for output.txt to generate.
2024-07-24 10:22:58 INFO  Reusables:47 - Waiting for output.txt to generate.
2024-07-24 10:22:58 INFO  Reusables:47 - Waiting for output.txt to generate.
2024-07-24 10:22:58 INFO  Reusables:47 - Waiting for output.txt to generate.
2024-07-24 10:22:58 INFO  Reusables:47 - Waiting for output.txt to generate.
2024-07-24 10:22:58 INFO  Reusables:47 - Waiting for output.txt to generate.
2024-07-24 10:22:58 INFO  Reusables:47 - Waiting for output.txt to generate.
2024-07-24 10:22:58 INFO  Reusables:47 - Waiting for output.txt to generate.
2024-07-24 10:22:58 INFO  Reusables:47 - Waiting for output.txt to generate.
2024-07-24 10:22:58 INFO  Reusables:47 - Waiting for output.txt to generate.
2024-07-24 10:22:58 INFO  Reusables:47 - Waiting for output.txt to generate.
2024-07-24 10:22:58 INFO  Reusables:47 - Waiting for output.txt to generate.
2024-07-24 10:22:58 INFO  Reusables:47 - Waiting for output.txt to generate.
2024-07-24 10:22:58 INFO  Reusables:47 - Waiting for output.txt to generate.
2024-07-24 10:22:58 INFO  Reusables:47 - Waiting for output.txt to generate.
2024-07-24 10:22:58 INFO  Reusables:47 - Waiting for output.txt to generate.
2024-07-24 10:22:58 INFO  Reusables:47 - Waiting for output.txt to generate.
2024-07-24 10:22:58 INFO  Reusables:47 - Waiting for output.txt to generate.
2024-07-24 10:22:58 INFO  Reusables:47 - Waiting for output.txt to generate.
2024-07-24 10:22:58 INFO  Reusables:47 - Waiting for output.txt to generate.
2024-07-24 10:22:58 INFO  Reusables:47 - Waiting for output.txt to generate.
2024-07-24 10:22:58 INFO  Reusables:47 - Waiting for output.txt to generate.
2024-07-24 10:22:58 INFO  Reusables:47 - Waiting for output.txt to generate.
2024-07-24 10:22:58 INFO  Reusables:47 - Waiting for output.txt to generate.
2024-07-24 10:22:58 INFO  Reusables:47 - Waiting for output.txt to generate.
2024-07-24 10:22:58 INFO  Reusables:47 - Waiting for output.txt to generate.
2024-07-24 10:22:58 INFO  Reusables:47 - Waiting for output.txt to generate.
2024-07-24 10:22:58 INFO  Reusables:47 - Waiting for output.txt to generate.
2024-07-24 10:22:58 INFO  Reusables:47 - Waiting for output.txt to generate.
2024-07-24 10:22:58 INFO  Reusables:47 - Waiting for output.txt to generate.
2024-07-24 10:22:58 INFO  Reusables:47 - Waiting for output.txt to generate.
2024-07-24 10:22:58 INFO  Reusables:47 - Waiting for output.txt to generate.
2024-07-24 10:22:58 INFO  Reusables:47 - Waiting for output.txt to generate.
2024-07-24 10:22:58 INFO  Reusables:47 - Waiting for output.txt to generate.
2024-07-24 10:22:58 INFO  Reusables:47 - Waiting for output.txt to generate.
2024-07-24 10:22:58 INFO  Reusables:47 - Waiting for output.txt to generate.
2024-07-24 10:22:58 INFO  Reusables:47 - Waiting for output.txt to generate.
2024-07-24 10:22:58 INFO  Reusables:47 - Waiting for output.txt to generate.
2024-07-24 10:22:58 INFO  Reusables:47 - Waiting for output.txt to generate.
2024-07-24 10:22:58 INFO  Reusables:47 - Waiting for output.txt to generate.
2024-07-24 10:22:58 INFO  Reusables:47 - Waiting for output.txt to generate.
2024-07-24 10:22:58 INFO  Reusables:47 - Waiting for output.txt to generate.
2024-07-24 10:22:58 INFO  Reusables:47 - Waiting for output.txt to generate.
2024-07-24 10:22:58 INFO  Reusables:47 - Waiting for output.txt to generate.
2024-07-24 10:22:58 INFO  Reusables:47 - Waiting for output.txt to generate.
2024-07-24 10:22:58 INFO  Reusables:47 - Waiting for output.txt to generate.
2024-07-24 10:22:58 INFO  Reusables:47 - Waiting for output.txt to generate.
2024-07-24 10:22:58 INFO  Reusables:47 - Waiting for output.txt to generate.
2024-07-24 10:22:58 INFO  Reusables:47 - Waiting for output.txt to generate.
2024-07-24 10:22:58 INFO  Reusables:47 - Waiting for output.txt to generate.
2024-07-24 10:22:58 INFO  Reusables:47 - Waiting for output.txt to generate.
2024-07-24 10:22:58 INFO  Reusables:47 - Waiting for output.txt to generate.
2024-07-24 10:22:58 INFO  Reusables:47 - Waiting for output.txt to generate.
2024-07-24 10:22:58 INFO  Reusables:47 - Waiting for output.txt to generate.
2024-07-24 10:22:58 INFO  Reusables:47 - Waiting for output.txt to generate.
2024-07-24 10:22:58 INFO  Reusables:47 - Waiting for output.txt to generate.
2024-07-24 10:22:58 INFO  Reusables:47 - Waiting for output.txt to generate.
2024-07-24 10:22:58 INFO  Reusables:47 - Waiting for output.txt to generate.
2024-07-24 10:22:58 INFO  Reusables:47 - Waiting for output.txt to generate.
2024-07-24 10:22:58 INFO  Reusables:47 - Waiting for output.txt to generate.
2024-07-24 10:22:58 INFO  Reusables:47 - Waiting for output.txt to generate.
2024-07-24 10:22:58 INFO  Reusables:47 - Waiting for output.txt to generate.
2024-07-24 10:22:58 INFO  Reusables:47 - Waiting for output.txt to generate.
2024-07-24 10:22:58 INFO  Reusables:47 - Waiting for output.txt to generate.
2024-07-24 10:22:58 INFO  Reusables:47 - Waiting for output.txt to generate.
2024-07-24 10:22:58 INFO  Reusables:47 - Waiting for output.txt to generate.
2024-07-24 10:22:58 INFO  Reusables:47 - Waiting for output.txt to generate.
2024-07-24 10:22:58 INFO  Reusables:47 - Waiting for output.txt to generate.
2024-07-24 10:22:58 INFO  Reusables:47 - Waiting for output.txt to generate.
2024-07-24 10:22:58 INFO  Reusables:47 - Waiting for output.txt to generate.
2024-07-24 10:22:58 INFO  Reusables:47 - Waiting for output.txt to generate.
2024-07-24 10:22:58 INFO  Reusables:47 - Waiting for output.txt to generate.
2024-07-24 10:22:58 INFO  Reusables:47 - Waiting for output.txt to generate.
2024-07-24 10:22:58 INFO  Reusables:47 - Waiting for output.txt to generate.
2024-07-24 10:22:58 INFO  Reusables:47 - Waiting for output.txt to generate.
2024-07-24 10:22:58 INFO  Reusables:47 - Waiting for output.txt to generate.
2024-07-24 10:22:58 INFO  Reusables:47 - Waiting for output.txt to generate.
2024-07-24 10:22:58 INFO  Reusables:47 - Waiting for output.txt to generate.
2024-07-24 10:22:58 INFO  Reusables:47 - Waiting for output.txt to generate.
2024-07-24 10:22:58 INFO  Reusables:47 - Waiting for output.txt to generate.
2024-07-24 10:22:58 INFO  Reusables:47 - Waiting for output.txt to generate.
2024-07-24 10:22:58 INFO  Reusables:47 - Waiting for output.txt to generate.
2024-07-24 10:22:58 INFO  Reusables:47 - Waiting for output.txt to generate.
2024-07-24 10:22:58 INFO  Reusables:47 - Waiting for output.txt to generate.
2024-07-24 10:22:58 INFO  Reusables:47 - Waiting for output.txt to generate.
2024-07-24 10:22:58 INFO  Reusables:47 - Waiting for output.txt to generate.
2024-07-24 10:22:58 INFO  Reusables:47 - Waiting for output.txt to generate.
2024-07-24 10:22:58 INFO  Reusables:47 - Waiting for output.txt to generate.
2024-07-24 10:22:58 INFO  Reusables:47 - Waiting for output.txt to generate.
2024-07-24 10:22:58 INFO  Reusables:47 - Waiting for output.txt to generate.
2024-07-24 10:22:58 INFO  Reusables:47 - Waiting for output.txt to generate.
2024-07-24 10:22:58 INFO  Reusables:47 - Waiting for output.txt to generate.
2024-07-24 10:22:58 INFO  Reusables:47 - Waiting for output.txt to generate.
2024-07-24 10:22:58 INFO  Reusables:47 - Waiting for output.txt to generate.
2024-07-24 10:22:58 INFO  Reusables:47 - Waiting for output.txt to generate.
2024-07-24 10:22:58 INFO  Reusables:47 - Waiting for output.txt to generate.
2024-07-24 10:22:58 INFO  Reusables:47 - Waiting for output.txt to generate.
2024-07-24 10:22:58 INFO  Reusables:47 - Waiting for output.txt to generate.
2024-07-24 10:22:58 INFO  Reusables:47 - Waiting for output.txt to generate.
2024-07-24 10:22:58 INFO  Reusables:47 - Waiting for output.txt to generate.
2024-07-24 10:22:58 INFO  Reusables:47 - Waiting for output.txt to generate.
2024-07-24 10:22:58 INFO  Reusables:47 - Waiting for output.txt to generate.
2024-07-24 10:22:58 INFO  Reusables:47 - Waiting for output.txt to generate.
2024-07-24 10:22:58 INFO  Reusables:47 - Waiting for output.txt to generate.
2024-07-24 10:22:58 INFO  Reusables:47 - Waiting for output.txt to generate.
2024-07-24 10:22:58 INFO  Reusables:47 - Waiting for output.txt to generate.
2024-07-24 10:22:58 INFO  Reusables:47 - Waiting for output.txt to generate.
2024-07-24 10:22:58 INFO  Reusables:47 - Waiting for output.txt to generate.
2024-07-24 10:22:58 INFO  Reusables:47 - Waiting for output.txt to generate.
2024-07-24 10:22:58 INFO  Reusables:47 - Waiting for output.txt to generate.
2024-07-24 10:22:58 INFO  Reusables:47 - Waiting for output.txt to generate.
2024-07-24 10:22:58 INFO  Reusables:47 - Waiting for output.txt to generate.
2024-07-24 10:22:58 INFO  Reusables:47 - Waiting for output.txt to generate.
2024-07-24 10:22:58 INFO  Reusables:47 - Waiting for output.txt to generate.
2024-07-24 10:22:58 INFO  Reusables:47 - Waiting for output.txt to generate.
2024-07-24 10:22:58 INFO  Reusables:47 - Waiting for output.txt to generate.
2024-07-24 10:22:58 INFO  Reusables:47 - Waiting for output.txt to generate.
2024-07-24 10:22:58 INFO  Reusables:47 - Waiting for output.txt to generate.
2024-07-24 10:22:58 INFO  Reusables:47 - Waiting for output.txt to generate.
2024-07-24 10:22:58 INFO  Reusables:47 - Waiting for output.txt to generate.
2024-07-24 10:22:58 INFO  Reusables:47 - Waiting for output.txt to generate.
2024-07-24 10:22:58 INFO  Reusables:47 - Waiting for output.txt to generate.
2024-07-24 10:22:58 INFO  Reusables:47 - Waiting for output.txt to generate.
2024-07-24 10:22:58 INFO  Reusables:47 - Waiting for output.txt to generate.
2024-07-24 10:22:58 INFO  Reusables:47 - Waiting for output.txt to generate.
2024-07-24 10:22:58 INFO  Reusables:47 - Waiting for output.txt to generate.
2024-07-24 10:22:58 INFO  Reusables:47 - Waiting for output.txt to generate.
2024-07-24 10:22:58 INFO  Reusables:47 - Waiting for output.txt to generate.
2024-07-24 10:22:58 INFO  Reusables:47 - Waiting for output.txt to generate.
2024-07-24 10:22:58 INFO  Reusables:47 - Waiting for output.txt to generate.
2024-07-24 10:22:58 INFO  Reusables:47 - Waiting for output.txt to generate.
2024-07-24 10:22:58 INFO  Reusables:47 - Waiting for output.txt to generate.
2024-07-24 10:22:58 INFO  Reusables:47 - Waiting for output.txt to generate.
2024-07-24 10:22:58 INFO  Reusables:47 - Waiting for output.txt to generate.
2024-07-24 10:22:58 INFO  Reusables:47 - Waiting for output.txt to generate.
2024-07-24 10:22:58 INFO  Reusables:47 - Waiting for output.txt to generate.
2024-07-24 10:22:58 INFO  Reusables:47 - Waiting for output.txt to generate.
2024-07-24 10:22:58 INFO  Reusables:47 - Waiting for output.txt to generate.
2024-07-24 10:22:58 INFO  Reusables:47 - Waiting for output.txt to generate.
2024-07-24 10:22:58 INFO  Reusables:47 - Waiting for output.txt to generate.
2024-07-24 10:22:58 INFO  Reusables:47 - Waiting for output.txt to generate.
2024-07-24 10:22:58 INFO  Reusables:47 - Waiting for output.txt to generate.
2024-07-24 10:22:58 INFO  Reusables:47 - Waiting for output.txt to generate.
2024-07-24 10:22:58 INFO  Reusables:47 - Waiting for output.txt to generate.
2024-07-24 10:22:58 INFO  Reusables:47 - Waiting for output.txt to generate.
2024-07-24 10:22:58 INFO  Reusables:47 - Waiting for output.txt to generate.
2024-07-24 10:22:58 INFO  Reusables:47 - Waiting for output.txt to generate.
2024-07-24 10:22:58 INFO  Reusables:47 - Waiting for output.txt to generate.
2024-07-24 10:22:58 INFO  Reusables:47 - Waiting for output.txt to generate.
2024-07-24 10:22:58 INFO  Reusables:47 - Waiting for output.txt to generate.
2024-07-24 10:22:58 INFO  Reusables:47 - Waiting for output.txt to generate.
2024-07-24 10:22:58 INFO  Reusables:47 - Waiting for output.txt to generate.
2024-07-24 10:22:58 INFO  Reusables:47 - Waiting for output.txt to generate.
2024-07-24 10:22:58 INFO  Reusables:47 - Waiting for output.txt to generate.
2024-07-24 10:22:58 INFO  Reusables:47 - Waiting for output.txt to generate.
2024-07-24 10:22:58 INFO  Reusables:47 - Waiting for output.txt to generate.
2024-07-24 10:22:58 INFO  Reusables:47 - Waiting for output.txt to generate.
2024-07-24 10:22:58 INFO  Reusables:47 - Waiting for output.txt to generate.
2024-07-24 10:22:58 INFO  Reusables:47 - Waiting for output.txt to generate.
2024-07-24 10:22:58 INFO  Reusables:47 - Waiting for output.txt to generate.
2024-07-24 10:22:58 INFO  Reusables:47 - Waiting for output.txt to generate.
2024-07-24 10:22:58 INFO  Reusables:47 - Waiting for output.txt to generate.
2024-07-24 10:22:58 INFO  Reusables:47 - Waiting for output.txt to generate.
2024-07-24 10:22:58 INFO  Reusables:47 - Waiting for output.txt to generate.
2024-07-24 10:22:58 INFO  Reusables:47 - Waiting for output.txt to generate.
2024-07-24 10:22:58 INFO  Reusables:47 - Waiting for output.txt to generate.
2024-07-24 10:22:58 INFO  Reusables:47 - Waiting for output.txt to generate.
2024-07-24 10:22:58 INFO  Reusables:47 - Waiting for output.txt to generate.
2024-07-24 10:22:58 INFO  Reusables:47 - Waiting for output.txt to generate.
2024-07-24 10:22:58 INFO  Reusables:47 - Waiting for output.txt to generate.
2024-07-24 10:22:58 INFO  Reusables:47 - Waiting for output.txt to generate.
2024-07-24 10:22:58 INFO  Reusables:47 - Waiting for output.txt to generate.
2024-07-24 10:22:58 INFO  Reusables:47 - Waiting for output.txt to generate.
2024-07-24 10:22:58 INFO  Reusables:47 - Waiting for output.txt to generate.
2024-07-24 10:22:58 INFO  Reusables:47 - Waiting for output.txt to generate.
2024-07-24 10:22:58 INFO  Reusables:47 - Waiting for output.txt to generate.
2024-07-24 10:22:58 INFO  Reusables:47 - Waiting for output.txt to generate.
2024-07-24 10:22:58 INFO  Reusables:47 - Waiting for output.txt to generate.
2024-07-24 10:22:58 INFO  Reusables:47 - Waiting for output.txt to generate.
2024-07-24 10:22:58 INFO  Reusables:47 - Waiting for output.txt to generate.
2024-07-24 10:22:58 INFO  Reusables:47 - Waiting for output.txt to generate.
2024-07-24 10:22:58 INFO  Reusables:47 - Waiting for output.txt to generate.
2024-07-24 10:22:58 INFO  Reusables:47 - Waiting for output.txt to generate.
2024-07-24 10:22:58 INFO  Reusables:47 - Waiting for output.txt to generate.
2024-07-24 10:22:58 INFO  Reusables:47 - Waiting for output.txt to generate.
2024-07-24 10:22:58 INFO  Reusables:47 - Waiting for output.txt to generate.
2024-07-24 10:22:58 INFO  Reusables:47 - Waiting for output.txt to generate.
2024-07-24 10:22:58 INFO  Reusables:47 - Waiting for output.txt to generate.
2024-07-24 10:22:58 INFO  Reusables:47 - Waiting for output.txt to generate.
2024-07-24 10:22:58 INFO  Reusables:47 - Waiting for output.txt to generate.
2024-07-24 10:22:58 INFO  Reusables:47 - Waiting for output.txt to generate.
2024-07-24 10:22:58 INFO  Reusables:47 - Waiting for output.txt to generate.
2024-07-24 10:22:58 INFO  Reusables:47 - Waiting for output.txt to generate.
2024-07-24 10:22:58 INFO  Reusables:47 - Waiting for output.txt to generate.
2024-07-24 10:22:58 INFO  Reusables:47 - Waiting for output.txt to generate.
2024-07-24 10:22:58 INFO  Reusables:47 - Waiting for output.txt to generate.
2024-07-24 10:22:58 INFO  Reusables:47 - Waiting for output.txt to generate.
2024-07-24 10:22:58 INFO  Reusables:47 - Waiting for output.txt to generate.
2024-07-24 10:22:58 INFO  Reusables:47 - Waiting for output.txt to generate.
2024-07-24 10:22:58 INFO  Reusables:47 - Waiting for output.txt to generate.
2024-07-24 10:22:58 INFO  Reusables:47 - Waiting for output.txt to generate.
2024-07-24 10:22:58 INFO  Reusables:47 - Waiting for output.txt to generate.
2024-07-24 10:22:58 INFO  Reusables:47 - Waiting for output.txt to generate.
2024-07-24 10:22:58 INFO  Reusables:47 - Waiting for output.txt to generate.
2024-07-24 10:22:58 INFO  Reusables:47 - Waiting for output.txt to generate.
2024-07-24 10:22:58 INFO  Reusables:47 - Waiting for output.txt to generate.
2024-07-24 10:22:58 INFO  Reusables:47 - Waiting for output.txt to generate.
2024-07-24 10:22:58 INFO  Reusables:47 - Waiting for output.txt to generate.
2024-07-24 10:22:58 INFO  Reusables:47 - Waiting for output.txt to generate.
2024-07-24 10:22:58 INFO  Reusables:47 - Waiting for output.txt to generate.
2024-07-24 10:22:58 INFO  Reusables:47 - Waiting for output.txt to generate.
2024-07-24 10:22:58 INFO  Reusables:47 - Waiting for output.txt to generate.
2024-07-24 10:22:58 INFO  Reusables:47 - Waiting for output.txt to generate.
2024-07-24 10:22:58 INFO  Reusables:47 - Waiting for output.txt to generate.
2024-07-24 10:22:58 INFO  Reusables:47 - Waiting for output.txt to generate.
2024-07-24 10:22:58 INFO  Reusables:47 - Waiting for output.txt to generate.
2024-07-24 10:22:58 INFO  Reusables:47 - Waiting for output.txt to generate.
2024-07-24 10:22:58 INFO  Reusables:47 - Waiting for output.txt to generate.
2024-07-24 10:22:58 INFO  Reusables:47 - Waiting for output.txt to generate.
2024-07-24 10:22:58 INFO  Reusables:47 - Waiting for output.txt to generate.
2024-07-24 10:22:58 INFO  Reusables:47 - Waiting for output.txt to generate.
2024-07-24 10:22:58 INFO  Reusables:47 - Waiting for output.txt to generate.
2024-07-24 10:22:58 INFO  Reusables:47 - Waiting for output.txt to generate.
2024-07-24 10:22:58 INFO  Reusables:47 - Waiting for output.txt to generate.
2024-07-24 10:22:58 INFO  Reusables:47 - Waiting for output.txt to generate.
2024-07-24 10:22:58 INFO  Reusables:47 - Waiting for output.txt to generate.
2024-07-24 10:22:58 INFO  Reusables:47 - Waiting for output.txt to generate.
2024-07-24 10:22:58 INFO  Reusables:47 - Waiting for output.txt to generate.
2024-07-24 10:22:58 INFO  Reusables:47 - Waiting for output.txt to generate.
2024-07-24 10:22:58 INFO  Reusables:47 - Waiting for output.txt to generate.
2024-07-24 10:22:58 INFO  Reusables:47 - Waiting for output.txt to generate.
2024-07-24 10:22:58 INFO  Reusables:47 - Waiting for output.txt to generate.
2024-07-24 10:22:58 INFO  Reusables:47 - Waiting for output.txt to generate.
2024-07-24 10:22:58 INFO  Reusables:47 - Waiting for output.txt to generate.
2024-07-24 10:22:58 INFO  Reusables:47 - Waiting for output.txt to generate.
2024-07-24 10:22:58 INFO  Reusables:47 - Waiting for output.txt to generate.
2024-07-24 10:22:58 INFO  Reusables:47 - Waiting for output.txt to generate.
2024-07-24 10:22:58 INFO  Reusables:47 - Waiting for output.txt to generate.
2024-07-24 10:22:58 INFO  Reusables:47 - Waiting for output.txt to generate.
2024-07-24 10:22:58 INFO  Reusables:47 - Waiting for output.txt to generate.
2024-07-24 10:22:58 INFO  Reusables:47 - Waiting for output.txt to generate.
2024-07-24 10:22:58 INFO  Reusables:47 - Waiting for output.txt to generate.
2024-07-24 10:22:58 INFO  Reusables:47 - Waiting for output.txt to generate.
2024-07-24 10:22:58 INFO  Reusables:47 - Waiting for output.txt to generate.
2024-07-24 10:22:58 INFO  Reusables:47 - Waiting for output.txt to generate.
2024-07-24 10:22:58 INFO  Reusables:47 - Waiting for output.txt to generate.
2024-07-24 10:22:58 INFO  Reusables:47 - Waiting for output.txt to generate.
2024-07-24 10:22:58 INFO  Reusables:47 - Waiting for output.txt to generate.
2024-07-24 10:22:58 INFO  Reusables:47 - Waiting for output.txt to generate.
2024-07-24 10:22:58 INFO  Reusables:47 - Waiting for output.txt to generate.
2024-07-24 10:22:58 INFO  Reusables:47 - Waiting for output.txt to generate.
2024-07-24 10:22:58 INFO  Reusables:47 - Waiting for output.txt to generate.
2024-07-24 10:22:58 INFO  Reusables:47 - Waiting for output.txt to generate.
2024-07-24 10:22:58 INFO  Reusables:47 - Waiting for output.txt to generate.
2024-07-24 10:22:58 INFO  Reusables:47 - Waiting for output.txt to generate.
2024-07-24 10:22:58 INFO  Reusables:47 - Waiting for output.txt to generate.
2024-07-24 10:22:58 INFO  Reusables:47 - Waiting for output.txt to generate.
2024-07-24 10:22:58 INFO  Reusables:47 - Waiting for output.txt to generate.
2024-07-24 10:22:58 INFO  Reusables:47 - Waiting for output.txt to generate.
2024-07-24 10:22:58 INFO  Reusables:47 - Waiting for output.txt to generate.
2024-07-24 10:22:58 INFO  Reusables:47 - Waiting for output.txt to generate.
2024-07-24 10:22:58 INFO  Reusables:47 - Waiting for output.txt to generate.
2024-07-24 10:22:58 INFO  Reusables:47 - Waiting for output.txt to generate.
2024-07-24 10:22:58 INFO  Reusables:47 - Waiting for output.txt to generate.
2024-07-24 10:22:58 INFO  Reusables:47 - Waiting for output.txt to generate.
2024-07-24 10:22:58 INFO  Reusables:47 - Waiting for output.txt to generate.
2024-07-24 10:22:58 INFO  Reusables:47 - Waiting for output.txt to generate.
2024-07-24 10:22:58 INFO  Reusables:47 - Waiting for output.txt to generate.
2024-07-24 10:22:58 INFO  Reusables:47 - Waiting for output.txt to generate.
2024-07-24 10:22:58 INFO  Reusables:47 - Waiting for output.txt to generate.
2024-07-24 10:22:58 INFO  Reusables:47 - Waiting for output.txt to generate.
2024-07-24 10:22:58 INFO  Reusables:47 - Waiting for output.txt to generate.
2024-07-24 10:22:58 INFO  Reusables:47 - Waiting for output.txt to generate.
2024-07-24 10:22:58 INFO  Reusables:47 - Waiting for output.txt to generate.
2024-07-24 10:22:58 INFO  Reusables:47 - Waiting for output.txt to generate.
2024-07-24 10:22:58 INFO  Reusables:47 - Waiting for output.txt to generate.
2024-07-24 10:22:58 INFO  Reusables:47 - Waiting for output.txt to generate.
2024-07-24 10:22:58 INFO  Reusables:47 - Waiting for output.txt to generate.
2024-07-24 10:22:58 INFO  Reusables:47 - Waiting for output.txt to generate.
2024-07-24 10:22:58 INFO  Reusables:47 - Waiting for output.txt to generate.
2024-07-24 10:22:58 INFO  Reusables:47 - Waiting for output.txt to generate.
2024-07-24 10:22:58 INFO  Reusables:47 - Waiting for output.txt to generate.
2024-07-24 10:22:58 INFO  Reusables:47 - Waiting for output.txt to generate.
2024-07-24 10:22:58 INFO  Reusables:47 - Waiting for output.txt to generate.
2024-07-24 10:22:58 INFO  Reusables:47 - Waiting for output.txt to generate.
2024-07-24 10:22:58 INFO  Reusables:47 - Waiting for output.txt to generate.
2024-07-24 10:22:58 INFO  Reusables:47 - Waiting for output.txt to generate.
2024-07-24 10:22:58 INFO  Reusables:47 - Waiting for output.txt to generate.
2024-07-24 10:22:58 INFO  Reusables:47 - Waiting for output.txt to generate.
2024-07-24 10:22:58 INFO  Reusables:47 - Waiting for output.txt to generate.
2024-07-24 10:22:58 INFO  Reusables:47 - Waiting for output.txt to generate.
2024-07-24 10:22:58 INFO  Reusables:47 - Waiting for output.txt to generate.
2024-07-24 10:22:58 INFO  Reusables:47 - Waiting for output.txt to generate.
2024-07-24 10:22:58 INFO  Reusables:47 - Waiting for output.txt to generate.
2024-07-24 10:22:58 INFO  Reusables:47 - Waiting for output.txt to generate.
2024-07-24 10:22:58 INFO  Reusables:47 - Waiting for output.txt to generate.
2024-07-24 10:22:58 INFO  Reusables:47 - Waiting for output.txt to generate.
2024-07-24 10:22:58 INFO  Reusables:47 - Waiting for output.txt to generate.
2024-07-24 10:22:58 INFO  Reusables:47 - Waiting for output.txt to generate.
2024-07-24 10:22:58 INFO  Reusables:47 - Waiting for output.txt to generate.
2024-07-24 10:22:58 INFO  Reusables:47 - Waiting for output.txt to generate.
2024-07-24 10:22:58 INFO  Reusables:47 - Waiting for output.txt to generate.
2024-07-24 10:22:58 INFO  Reusables:47 - Waiting for output.txt to generate.
2024-07-24 10:22:58 INFO  Reusables:47 - Waiting for output.txt to generate.
2024-07-24 10:22:58 INFO  Reusables:47 - Waiting for output.txt to generate.
2024-07-24 10:22:58 INFO  Reusables:47 - Waiting for output.txt to generate.
2024-07-24 10:22:58 INFO  Reusables:47 - Waiting for output.txt to generate.
2024-07-24 10:22:58 INFO  Reusables:47 - Waiting for output.txt to generate.
2024-07-24 10:22:58 INFO  Reusables:47 - Waiting for output.txt to generate.
2024-07-24 10:22:58 INFO  Reusables:47 - Waiting for output.txt to generate.
2024-07-24 10:22:58 INFO  Reusables:47 - Waiting for output.txt to generate.
2024-07-24 10:22:58 INFO  Reusables:47 - Waiting for output.txt to generate.
2024-07-24 10:22:58 INFO  Reusables:47 - Waiting for output.txt to generate.
2024-07-24 10:22:58 INFO  Reusables:47 - Waiting for output.txt to generate.
2024-07-24 10:22:58 INFO  Reusables:47 - Waiting for output.txt to generate.
2024-07-24 10:22:58 INFO  Reusables:47 - Waiting for output.txt to generate.
2024-07-24 10:22:58 INFO  Reusables:47 - Waiting for output.txt to generate.
2024-07-24 10:22:58 INFO  Reusables:47 - Waiting for output.txt to generate.
2024-07-24 10:22:58 INFO  Reusables:47 - Waiting for output.txt to generate.
2024-07-24 10:22:58 INFO  Reusables:47 - Waiting for output.txt to generate.
2024-07-24 10:22:58 INFO  Reusables:47 - Waiting for output.txt to generate.
2024-07-24 10:22:58 INFO  Reusables:47 - Waiting for output.txt to generate.
2024-07-24 10:22:58 INFO  Reusables:47 - Waiting for output.txt to generate.
2024-07-24 10:22:58 INFO  Reusables:47 - Waiting for output.txt to generate.
2024-07-24 10:22:58 INFO  Reusables:47 - Waiting for output.txt to generate.
2024-07-24 10:22:58 INFO  Reusables:47 - Waiting for output.txt to generate.
2024-07-24 10:22:58 INFO  Reusables:47 - Waiting for output.txt to generate.
2024-07-24 10:22:58 INFO  Reusables:47 - Waiting for output.txt to generate.
2024-07-24 10:22:58 INFO  Reusables:47 - Waiting for output.txt to generate.
2024-07-24 10:22:58 INFO  Reusables:47 - Waiting for output.txt to generate.
2024-07-24 10:22:58 INFO  Reusables:47 - Waiting for output.txt to generate.
2024-07-24 10:22:58 INFO  Reusables:47 - Waiting for output.txt to generate.
2024-07-24 10:22:58 INFO  Reusables:47 - Waiting for output.txt to generate.
2024-07-24 10:22:58 INFO  Reusables:47 - Waiting for output.txt to generate.
2024-07-24 10:22:58 INFO  Reusables:47 - Waiting for output.txt to generate.
2024-07-24 10:22:58 INFO  Reusables:47 - Waiting for output.txt to generate.
2024-07-24 10:22:58 INFO  Reusables:47 - Waiting for output.txt to generate.
2024-07-24 10:22:58 INFO  Reusables:47 - Waiting for output.txt to generate.
2024-07-24 10:22:58 INFO  Reusables:47 - Waiting for output.txt to generate.
2024-07-24 10:22:58 INFO  Reusables:47 - Waiting for output.txt to generate.
2024-07-24 10:22:58 INFO  Reusables:47 - Waiting for output.txt to generate.
2024-07-24 10:22:58 INFO  Reusables:47 - Waiting for output.txt to generate.
2024-07-24 10:22:58 INFO  Reusables:47 - Waiting for output.txt to generate.
2024-07-24 10:22:58 INFO  Reusables:47 - Waiting for output.txt to generate.
2024-07-24 10:22:58 INFO  Reusables:47 - Waiting for output.txt to generate.
2024-07-24 10:22:58 INFO  Reusables:47 - Waiting for output.txt to generate.
2024-07-24 10:22:58 INFO  Reusables:47 - Waiting for output.txt to generate.
2024-07-24 10:22:58 INFO  Reusables:47 - Waiting for output.txt to generate.
2024-07-24 10:22:58 INFO  Reusables:47 - Waiting for output.txt to generate.
2024-07-24 10:22:58 INFO  Reusables:47 - Waiting for output.txt to generate.
2024-07-24 10:22:58 INFO  Reusables:47 - Waiting for output.txt to generate.
2024-07-24 10:22:58 INFO  Reusables:47 - Waiting for output.txt to generate.
2024-07-24 10:22:58 INFO  Reusables:47 - Waiting for output.txt to generate.
2024-07-24 10:22:58 INFO  Reusables:47 - Waiting for output.txt to generate.
2024-07-24 10:22:58 INFO  Reusables:47 - Waiting for output.txt to generate.
2024-07-24 10:22:58 INFO  Reusables:47 - Waiting for output.txt to generate.
2024-07-24 10:22:58 INFO  Reusables:47 - Waiting for output.txt to generate.
2024-07-24 10:22:58 INFO  Reusables:47 - Waiting for output.txt to generate.
2024-07-24 10:22:58 INFO  Reusables:47 - Waiting for output.txt to generate.
2024-07-24 10:22:58 INFO  Reusables:47 - Waiting for output.txt to generate.
2024-07-24 10:22:58 INFO  Reusables:47 - Waiting for output.txt to generate.
2024-07-24 10:22:58 INFO  Reusables:47 - Waiting for output.txt to generate.
2024-07-24 10:22:58 INFO  Reusables:47 - Waiting for output.txt to generate.
2024-07-24 10:22:58 INFO  Reusables:47 - Waiting for output.txt to generate.
2024-07-24 10:22:58 INFO  Reusables:47 - Waiting for output.txt to generate.
2024-07-24 10:22:58 INFO  Reusables:47 - Waiting for output.txt to generate.
2024-07-24 10:22:58 INFO  Reusables:47 - Waiting for output.txt to generate.
2024-07-24 10:22:58 INFO  Reusables:47 - Waiting for output.txt to generate.
2024-07-24 10:22:58 INFO  Reusables:47 - Waiting for output.txt to generate.
2024-07-24 10:22:58 INFO  Reusables:47 - Waiting for output.txt to generate.
2024-07-24 10:22:58 INFO  Reusables:47 - Waiting for output.txt to generate.
2024-07-24 10:22:58 INFO  Reusables:47 - Waiting for output.txt to generate.
2024-07-24 10:22:58 INFO  Reusables:47 - Waiting for output.txt to generate.
2024-07-24 10:22:58 INFO  Reusables:47 - Waiting for output.txt to generate.
2024-07-24 10:22:58 INFO  Reusables:47 - Waiting for output.txt to generate.
2024-07-24 10:22:58 INFO  Reusables:47 - Waiting for output.txt to generate.
2024-07-24 10:22:58 INFO  Reusables:47 - Waiting for output.txt to generate.
2024-07-24 10:22:58 INFO  Reusables:47 - Waiting for output.txt to generate.
2024-07-24 10:22:58 INFO  Reusables:47 - Waiting for output.txt to generate.
2024-07-24 10:22:58 INFO  Reusables:47 - Waiting for output.txt to generate.
2024-07-24 10:22:58 INFO  Reusables:47 - Waiting for output.txt to generate.
2024-07-24 10:22:58 INFO  Reusables:47 - Waiting for output.txt to generate.
2024-07-24 10:22:58 INFO  Reusables:47 - Waiting for output.txt to generate.
2024-07-24 10:22:58 INFO  Reusables:47 - Waiting for output.txt to generate.
2024-07-24 10:22:58 INFO  Reusables:47 - Waiting for output.txt to generate.
2024-07-24 10:22:58 INFO  Reusables:47 - Waiting for output.txt to generate.
2024-07-24 10:22:58 INFO  Reusables:47 - Waiting for output.txt to generate.
2024-07-24 10:22:58 INFO  Reusables:47 - Waiting for output.txt to generate.
2024-07-24 10:22:58 INFO  Reusables:47 - Waiting for output.txt to generate.
2024-07-24 10:22:58 INFO  Reusables:47 - Waiting for output.txt to generate.
2024-07-24 10:22:58 INFO  Reusables:47 - Waiting for output.txt to generate.
2024-07-24 10:22:58 INFO  Reusables:47 - Waiting for output.txt to generate.
2024-07-24 10:22:58 INFO  Reusables:47 - Waiting for output.txt to generate.
2024-07-24 10:22:58 INFO  Reusables:47 - Waiting for output.txt to generate.
2024-07-24 10:22:58 INFO  Reusables:47 - Waiting for output.txt to generate.
2024-07-24 10:22:58 INFO  Reusables:47 - Waiting for output.txt to generate.
2024-07-24 10:22:58 INFO  Reusables:47 - Waiting for output.txt to generate.
2024-07-24 10:22:58 INFO  Reusables:47 - Waiting for output.txt to generate.
2024-07-24 10:22:58 INFO  Reusables:47 - Waiting for output.txt to generate.
2024-07-24 10:22:58 INFO  Reusables:47 - Waiting for output.txt to generate.
2024-07-24 10:22:58 INFO  Reusables:47 - Waiting for output.txt to generate.
2024-07-24 10:22:58 INFO  Reusables:47 - Waiting for output.txt to generate.
2024-07-24 10:22:58 INFO  Reusables:47 - Waiting for output.txt to generate.
2024-07-24 10:22:58 INFO  Reusables:47 - Waiting for output.txt to generate.
2024-07-24 10:22:58 INFO  Reusables:47 - Waiting for output.txt to generate.
2024-07-24 10:22:58 INFO  Reusables:47 - Waiting for output.txt to generate.
2024-07-24 10:22:58 INFO  Reusables:47 - Waiting for output.txt to generate.
2024-07-24 10:22:58 INFO  Reusables:47 - Waiting for output.txt to generate.
2024-07-24 10:22:58 INFO  Reusables:47 - Waiting for output.txt to generate.
2024-07-24 10:22:58 INFO  Reusables:47 - Waiting for output.txt to generate.
2024-07-24 10:22:58 INFO  Reusables:47 - Waiting for output.txt to generate.
2024-07-24 10:22:58 INFO  Reusables:47 - Waiting for output.txt to generate.
2024-07-24 10:22:58 INFO  Reusables:47 - Waiting for output.txt to generate.
2024-07-24 10:22:58 INFO  Reusables:47 - Waiting for output.txt to generate.
2024-07-24 10:22:58 INFO  Reusables:47 - Waiting for output.txt to generate.
2024-07-24 10:22:58 INFO  Reusables:47 - Waiting for output.txt to generate.
2024-07-24 10:22:58 INFO  Reusables:47 - Waiting for output.txt to generate.
2024-07-24 10:22:58 INFO  Reusables:47 - Waiting for output.txt to generate.
2024-07-24 10:22:58 INFO  Reusables:47 - Waiting for output.txt to generate.
2024-07-24 10:22:58 INFO  Reusables:47 - Waiting for output.txt to generate.
2024-07-24 10:22:58 INFO  Reusables:47 - Waiting for output.txt to generate.
2024-07-24 10:22:58 INFO  Reusables:47 - Waiting for output.txt to generate.
2024-07-24 10:22:58 INFO  Reusables:47 - Waiting for output.txt to generate.
2024-07-24 10:22:58 INFO  Reusables:47 - Waiting for output.txt to generate.
2024-07-24 10:22:58 INFO  Reusables:47 - Waiting for output.txt to generate.
2024-07-24 10:22:58 INFO  Reusables:47 - Waiting for output.txt to generate.
2024-07-24 10:22:58 INFO  Reusables:47 - Waiting for output.txt to generate.
2024-07-24 10:22:58 INFO  Reusables:47 - Waiting for output.txt to generate.
2024-07-24 10:22:58 INFO  Reusables:47 - Waiting for output.txt to generate.
2024-07-24 10:22:58 INFO  Reusables:47 - Waiting for output.txt to generate.
2024-07-24 10:22:58 INFO  Reusables:47 - Waiting for output.txt to generate.
2024-07-24 10:22:58 INFO  Reusables:47 - Waiting for output.txt to generate.
2024-07-24 10:22:58 INFO  Reusables:47 - Waiting for output.txt to generate.
2024-07-24 10:22:58 INFO  Reusables:47 - Waiting for output.txt to generate.
2024-07-24 10:22:58 INFO  Reusables:47 - Waiting for output.txt to generate.
2024-07-24 10:22:58 INFO  Reusables:47 - Waiting for output.txt to generate.
2024-07-24 10:22:58 INFO  Reusables:47 - Waiting for output.txt to generate.
2024-07-24 10:22:58 INFO  Reusables:47 - Waiting for output.txt to generate.
2024-07-24 10:22:58 INFO  Reusables:47 - Waiting for output.txt to generate.
2024-07-24 10:22:58 INFO  Reusables:47 - Waiting for output.txt to generate.
2024-07-24 10:22:58 INFO  Reusables:47 - Waiting for output.txt to generate.
2024-07-24 10:22:58 INFO  Reusables:47 - Waiting for output.txt to generate.
2024-07-24 10:22:58 INFO  Reusables:47 - Waiting for output.txt to generate.
2024-07-24 10:22:58 INFO  Reusables:47 - Waiting for output.txt to generate.
2024-07-24 10:22:58 INFO  Reusables:47 - Waiting for output.txt to generate.
2024-07-24 10:22:58 INFO  Reusables:47 - Waiting for output.txt to generate.
2024-07-24 10:22:58 INFO  Reusables:47 - Waiting for output.txt to generate.
2024-07-24 10:22:58 INFO  Reusables:47 - Waiting for output.txt to generate.
2024-07-24 10:22:58 INFO  Reusables:47 - Waiting for output.txt to generate.
2024-07-24 10:22:58 INFO  Reusables:47 - Waiting for output.txt to generate.
2024-07-24 10:22:58 INFO  Reusables:47 - Waiting for output.txt to generate.
2024-07-24 10:22:58 INFO  Reusables:47 - Waiting for output.txt to generate.
2024-07-24 10:22:58 INFO  Reusables:47 - Waiting for output.txt to generate.
2024-07-24 10:22:58 INFO  Reusables:47 - Waiting for output.txt to generate.
2024-07-24 10:22:58 INFO  Reusables:47 - Waiting for output.txt to generate.
2024-07-24 10:22:58 INFO  Reusables:47 - Waiting for output.txt to generate.
2024-07-24 10:22:58 INFO  Reusables:47 - Waiting for output.txt to generate.
2024-07-24 10:22:58 INFO  Reusables:47 - Waiting for output.txt to generate.
2024-07-24 10:22:58 INFO  Reusables:47 - Waiting for output.txt to generate.
2024-07-24 10:22:58 INFO  Reusables:47 - Waiting for output.txt to generate.
2024-07-24 10:22:58 INFO  Reusables:47 - Waiting for output.txt to generate.
2024-07-24 10:22:58 INFO  Reusables:47 - Waiting for output.txt to generate.
2024-07-24 10:22:58 INFO  Reusables:47 - Waiting for output.txt to generate.
2024-07-24 10:22:58 INFO  Reusables:47 - Waiting for output.txt to generate.
2024-07-24 10:22:58 INFO  Reusables:47 - Waiting for output.txt to generate.
2024-07-24 10:22:58 INFO  Reusables:47 - Waiting for output.txt to generate.
2024-07-24 10:22:58 INFO  Reusables:47 - Waiting for output.txt to generate.
2024-07-24 10:22:58 INFO  Reusables:47 - Waiting for output.txt to generate.
2024-07-24 10:22:58 INFO  Reusables:47 - Waiting for output.txt to generate.
2024-07-24 10:22:58 INFO  Reusables:47 - Waiting for output.txt to generate.
2024-07-24 10:22:58 INFO  Reusables:47 - Waiting for output.txt to generate.
2024-07-24 10:22:58 INFO  Reusables:47 - Waiting for output.txt to generate.
2024-07-24 10:22:58 INFO  Reusables:47 - Waiting for output.txt to generate.
2024-07-24 10:22:58 INFO  Reusables:47 - Waiting for output.txt to generate.
2024-07-24 10:22:58 INFO  Reusables:47 - Waiting for output.txt to generate.
2024-07-24 10:22:58 INFO  Reusables:47 - Waiting for output.txt to generate.
2024-07-24 10:22:58 INFO  Reusables:47 - Waiting for output.txt to generate.
2024-07-24 10:22:58 INFO  Reusables:47 - Waiting for output.txt to generate.
2024-07-24 10:22:58 INFO  Reusables:47 - Waiting for output.txt to generate.
2024-07-24 10:22:58 INFO  Reusables:47 - Waiting for output.txt to generate.
2024-07-24 10:22:58 INFO  Reusables:47 - Waiting for output.txt to generate.
2024-07-24 10:22:58 INFO  Reusables:47 - Waiting for output.txt to generate.
2024-07-24 10:22:58 INFO  Reusables:47 - Waiting for output.txt to generate.
2024-07-24 10:22:58 INFO  Reusables:47 - Waiting for output.txt to generate.
2024-07-24 10:22:58 INFO  Reusables:47 - Waiting for output.txt to generate.
2024-07-24 10:22:58 INFO  Reusables:47 - Waiting for output.txt to generate.
2024-07-24 10:22:58 INFO  Reusables:47 - Waiting for output.txt to generate.
2024-07-24 10:22:58 INFO  Reusables:47 - Waiting for output.txt to generate.
2024-07-24 10:22:58 INFO  Reusables:47 - Waiting for output.txt to generate.
2024-07-24 10:22:58 INFO  Reusables:47 - Waiting for output.txt to generate.
2024-07-24 10:22:58 INFO  Reusables:47 - Waiting for output.txt to generate.
2024-07-24 10:22:58 INFO  Reusables:47 - Waiting for output.txt to generate.
2024-07-24 10:22:58 INFO  Reusables:47 - Waiting for output.txt to generate.
2024-07-24 10:22:58 INFO  Reusables:47 - Waiting for output.txt to generate.
2024-07-24 10:22:58 INFO  Reusables:47 - Waiting for output.txt to generate.
2024-07-24 10:22:58 INFO  Reusables:47 - Waiting for output.txt to generate.
2024-07-24 10:22:58 INFO  Reusables:47 - Waiting for output.txt to generate.
2024-07-24 10:22:58 INFO  Reusables:47 - Waiting for output.txt to generate.
2024-07-24 10:22:58 INFO  Reusables:47 - Waiting for output.txt to generate.
2024-07-24 10:22:58 INFO  Reusables:47 - Waiting for output.txt to generate.
2024-07-24 10:22:58 INFO  Reusables:47 - Waiting for output.txt to generate.
2024-07-24 10:22:58 INFO  Reusables:47 - Waiting for output.txt to generate.
2024-07-24 10:22:58 INFO  Reusables:47 - Waiting for output.txt to generate.
2024-07-24 10:22:58 INFO  Reusables:47 - Waiting for output.txt to generate.
2024-07-24 10:22:58 INFO  Reusables:47 - Waiting for output.txt to generate.
2024-07-24 10:22:58 INFO  Reusables:47 - Waiting for output.txt to generate.
2024-07-24 10:22:58 INFO  Reusables:47 - Waiting for output.txt to generate.
2024-07-24 10:22:58 INFO  Reusables:47 - Waiting for output.txt to generate.
2024-07-24 10:22:58 INFO  Reusables:47 - Waiting for output.txt to generate.
2024-07-24 10:22:58 INFO  Reusables:47 - Waiting for output.txt to generate.
2024-07-24 10:22:58 INFO  Reusables:47 - Waiting for output.txt to generate.
2024-07-24 10:22:58 INFO  Reusables:47 - Waiting for output.txt to generate.
2024-07-24 10:22:58 INFO  Reusables:47 - Waiting for output.txt to generate.
2024-07-24 10:22:58 INFO  Reusables:47 - Waiting for output.txt to generate.
2024-07-24 10:22:58 INFO  Reusables:47 - Waiting for output.txt to generate.
2024-07-24 10:22:58 INFO  Reusables:47 - Waiting for output.txt to generate.
2024-07-24 10:22:58 INFO  Reusables:47 - Waiting for output.txt to generate.
2024-07-24 10:22:58 INFO  Reusables:47 - Waiting for output.txt to generate.
2024-07-24 10:22:58 INFO  Reusables:47 - Waiting for output.txt to generate.
2024-07-24 10:22:58 INFO  Reusables:47 - Waiting for output.txt to generate.
2024-07-24 10:22:58 INFO  Reusables:47 - Waiting for output.txt to generate.
2024-07-24 10:22:58 INFO  Reusables:47 - Waiting for output.txt to generate.
2024-07-24 10:22:58 INFO  Reusables:47 - Waiting for output.txt to generate.
2024-07-24 10:22:58 INFO  Reusables:47 - Waiting for output.txt to generate.
2024-07-24 10:22:58 INFO  Reusables:47 - Waiting for output.txt to generate.
2024-07-24 10:22:58 INFO  Reusables:47 - Waiting for output.txt to generate.
2024-07-24 10:22:58 INFO  Reusables:47 - Waiting for output.txt to generate.
2024-07-24 10:22:58 INFO  Reusables:47 - Waiting for output.txt to generate.
2024-07-24 10:22:58 INFO  Reusables:47 - Waiting for output.txt to generate.
2024-07-24 10:22:58 INFO  Reusables:47 - Waiting for output.txt to generate.
2024-07-24 10:22:58 INFO  Reusables:47 - Waiting for output.txt to generate.
2024-07-24 10:22:58 INFO  Reusables:47 - Waiting for output.txt to generate.
2024-07-24 10:22:58 INFO  Reusables:47 - Waiting for output.txt to generate.
2024-07-24 10:22:58 INFO  Reusables:47 - Waiting for output.txt to generate.
2024-07-24 10:22:58 INFO  Reusables:47 - Waiting for output.txt to generate.
2024-07-24 10:22:58 INFO  Reusables:47 - Waiting for output.txt to generate.
2024-07-24 10:22:58 INFO  Reusables:47 - Waiting for output.txt to generate.
2024-07-24 10:22:58 INFO  Reusables:47 - Waiting for output.txt to generate.
2024-07-24 10:22:58 INFO  Reusables:47 - Waiting for output.txt to generate.
2024-07-24 10:22:58 INFO  Reusables:47 - Waiting for output.txt to generate.
2024-07-24 10:22:58 INFO  Reusables:47 - Waiting for output.txt to generate.
2024-07-24 10:22:58 INFO  Reusables:47 - Waiting for output.txt to generate.
2024-07-24 10:22:58 INFO  Reusables:47 - Waiting for output.txt to generate.
2024-07-24 10:22:58 INFO  Reusables:47 - Waiting for output.txt to generate.
2024-07-24 10:22:58 INFO  Reusables:47 - Waiting for output.txt to generate.
2024-07-24 10:22:58 INFO  Reusables:47 - Waiting for output.txt to generate.
2024-07-24 10:22:58 INFO  Reusables:47 - Waiting for output.txt to generate.
2024-07-24 10:22:58 INFO  Reusables:47 - Waiting for output.txt to generate.
2024-07-24 10:22:58 INFO  Reusables:47 - Waiting for output.txt to generate.
2024-07-24 10:22:58 INFO  Reusables:47 - Waiting for output.txt to generate.
2024-07-24 10:22:58 INFO  Reusables:47 - Waiting for output.txt to generate.
2024-07-24 10:22:58 INFO  Reusables:47 - Waiting for output.txt to generate.
2024-07-24 10:22:58 INFO  Reusables:47 - Waiting for output.txt to generate.
2024-07-24 10:22:58 INFO  Reusables:47 - Waiting for output.txt to generate.
2024-07-24 10:22:58 INFO  Reusables:47 - Waiting for output.txt to generate.
2024-07-24 10:22:58 INFO  Reusables:47 - Waiting for output.txt to generate.
2024-07-24 10:22:58 INFO  Reusables:47 - Waiting for output.txt to generate.
2024-07-24 10:22:58 INFO  Reusables:47 - Waiting for output.txt to generate.
2024-07-24 10:22:58 INFO  Reusables:47 - Waiting for output.txt to generate.
2024-07-24 10:22:58 INFO  Reusables:47 - Waiting for output.txt to generate.
2024-07-24 10:22:58 INFO  Reusables:47 - Waiting for output.txt to generate.
2024-07-24 10:22:58 INFO  Reusables:47 - Waiting for output.txt to generate.
2024-07-24 10:22:58 INFO  Reusables:47 - Waiting for output.txt to generate.
2024-07-24 10:22:58 INFO  Reusables:47 - Waiting for output.txt to generate.
2024-07-24 10:22:58 INFO  Reusables:47 - Waiting for output.txt to generate.
2024-07-24 10:22:58 INFO  Reusables:47 - Waiting for output.txt to generate.
2024-07-24 10:22:58 INFO  Reusables:47 - Waiting for output.txt to generate.
2024-07-24 10:22:58 INFO  Reusables:47 - Waiting for output.txt to generate.
2024-07-24 10:22:58 INFO  Reusables:47 - Waiting for output.txt to generate.
2024-07-24 10:22:58 INFO  Reusables:47 - Waiting for output.txt to generate.
2024-07-24 10:22:58 INFO  Reusables:47 - Waiting for output.txt to generate.
2024-07-24 10:22:58 INFO  Reusables:47 - Waiting for output.txt to generate.
2024-07-24 10:22:58 INFO  Reusables:47 - Waiting for output.txt to generate.
2024-07-24 10:22:58 INFO  Reusables:47 - Waiting for output.txt to generate.
2024-07-24 10:22:58 INFO  Reusables:47 - Waiting for output.txt to generate.
2024-07-24 10:22:58 INFO  Reusables:47 - Waiting for output.txt to generate.
2024-07-24 10:22:58 INFO  Reusables:47 - Waiting for output.txt to generate.
2024-07-24 10:22:58 INFO  Reusables:47 - Waiting for output.txt to generate.
2024-07-24 10:22:58 INFO  Reusables:47 - Waiting for output.txt to generate.
2024-07-24 10:22:58 INFO  Reusables:47 - Waiting for output.txt to generate.
2024-07-24 10:22:58 INFO  Reusables:47 - Waiting for output.txt to generate.
2024-07-24 10:22:58 INFO  Reusables:47 - Waiting for output.txt to generate.
2024-07-24 10:22:58 INFO  Reusables:47 - Waiting for output.txt to generate.
2024-07-24 10:22:58 INFO  Reusables:47 - Waiting for output.txt to generate.
2024-07-24 10:22:58 INFO  Reusables:47 - Waiting for output.txt to generate.
2024-07-24 10:22:58 INFO  Reusables:47 - Waiting for output.txt to generate.
2024-07-24 10:22:58 INFO  Reusables:47 - Waiting for output.txt to generate.
2024-07-24 10:22:58 INFO  Reusables:47 - Waiting for output.txt to generate.
2024-07-24 10:22:58 INFO  Reusables:47 - Waiting for output.txt to generate.
2024-07-24 10:22:58 INFO  Reusables:47 - Waiting for output.txt to generate.
2024-07-24 10:22:58 INFO  Reusables:47 - Waiting for output.txt to generate.
2024-07-24 10:22:58 INFO  Reusables:47 - Waiting for output.txt to generate.
2024-07-24 10:22:58 INFO  Reusables:47 - Waiting for output.txt to generate.
2024-07-24 10:22:58 INFO  Reusables:47 - Waiting for output.txt to generate.
2024-07-24 10:22:58 INFO  Reusables:47 - Waiting for output.txt to generate.
2024-07-24 10:22:58 INFO  Reusables:47 - Waiting for output.txt to generate.
2024-07-24 10:22:58 INFO  Reusables:47 - Waiting for output.txt to generate.
2024-07-24 10:22:58 INFO  Reusables:47 - Waiting for output.txt to generate.
2024-07-24 10:22:58 INFO  Reusables:47 - Waiting for output.txt to generate.
2024-07-24 10:22:58 INFO  Reusables:47 - Waiting for output.txt to generate.
2024-07-24 10:22:58 INFO  Reusables:47 - Waiting for output.txt to generate.
2024-07-24 10:22:58 INFO  Reusables:47 - Waiting for output.txt to generate.
2024-07-24 10:22:58 INFO  Reusables:47 - Waiting for output.txt to generate.
2024-07-24 10:22:58 INFO  Reusables:47 - Waiting for output.txt to generate.
2024-07-24 10:22:58 INFO  Reusables:47 - Waiting for output.txt to generate.
2024-07-24 10:22:58 INFO  Reusables:47 - Waiting for output.txt to generate.
2024-07-24 10:22:58 INFO  Reusables:47 - Waiting for output.txt to generate.
2024-07-24 10:22:58 INFO  Reusables:47 - Waiting for output.txt to generate.
2024-07-24 10:22:58 INFO  Reusables:47 - Waiting for output.txt to generate.
2024-07-24 10:22:58 INFO  Reusables:47 - Waiting for output.txt to generate.
2024-07-24 10:22:58 INFO  Reusables:47 - Waiting for output.txt to generate.
2024-07-24 10:22:58 INFO  Reusables:47 - Waiting for output.txt to generate.
2024-07-24 10:22:58 INFO  Reusables:47 - Waiting for output.txt to generate.
2024-07-24 10:22:58 INFO  Reusables:47 - Waiting for output.txt to generate.
2024-07-24 10:22:58 INFO  Reusables:47 - Waiting for output.txt to generate.
2024-07-24 10:22:58 INFO  Reusables:47 - Waiting for output.txt to generate.
2024-07-24 10:22:58 INFO  Reusables:47 - Waiting for output.txt to generate.
2024-07-24 10:22:58 INFO  Reusables:47 - Waiting for output.txt to generate.
2024-07-24 10:22:58 INFO  Reusables:47 - Waiting for output.txt to generate.
2024-07-24 10:22:58 INFO  Reusables:47 - Waiting for output.txt to generate.
2024-07-24 10:22:58 INFO  Reusables:47 - Waiting for output.txt to generate.
2024-07-24 10:22:58 INFO  Reusables:47 - Waiting for output.txt to generate.
2024-07-24 10:22:58 INFO  Reusables:47 - Waiting for output.txt to generate.
2024-07-24 10:22:58 INFO  Reusables:47 - Waiting for output.txt to generate.
2024-07-24 10:22:58 INFO  Reusables:47 - Waiting for output.txt to generate.
2024-07-24 10:22:58 INFO  Reusables:47 - Waiting for output.txt to generate.
2024-07-24 10:22:58 INFO  Reusables:47 - Waiting for output.txt to generate.
2024-07-24 10:22:58 INFO  Reusables:47 - Waiting for output.txt to generate.
2024-07-24 10:22:58 INFO  Reusables:47 - Waiting for output.txt to generate.
2024-07-24 10:22:58 INFO  Reusables:47 - Waiting for output.txt to generate.
2024-07-24 10:22:58 INFO  Reusables:47 - Waiting for output.txt to generate.
2024-07-24 10:22:58 INFO  Reusables:47 - Waiting for output.txt to generate.
2024-07-24 10:22:58 INFO  Reusables:47 - Waiting for output.txt to generate.
2024-07-24 10:22:58 INFO  Reusables:47 - Waiting for output.txt to generate.
2024-07-24 10:22:58 INFO  Reusables:47 - Waiting for output.txt to generate.
2024-07-24 10:22:58 INFO  Reusables:47 - Waiting for output.txt to generate.
2024-07-24 10:22:58 INFO  Reusables:47 - Waiting for output.txt to generate.
2024-07-24 10:22:58 INFO  Reusables:47 - Waiting for output.txt to generate.
2024-07-24 10:22:58 INFO  Reusables:47 - Waiting for output.txt to generate.
2024-07-24 10:22:58 INFO  Reusables:47 - Waiting for output.txt to generate.
2024-07-24 10:22:58 INFO  Reusables:47 - Waiting for output.txt to generate.
2024-07-24 10:22:58 INFO  Reusables:47 - Waiting for output.txt to generate.
2024-07-24 10:22:58 INFO  Reusables:47 - Waiting for output.txt to generate.
2024-07-24 10:22:58 INFO  Reusables:47 - Waiting for output.txt to generate.
2024-07-24 10:22:58 INFO  Reusables:47 - Waiting for output.txt to generate.
2024-07-24 10:22:58 INFO  Reusables:47 - Waiting for output.txt to generate.
2024-07-24 10:22:58 INFO  Reusables:47 - Waiting for output.txt to generate.
2024-07-24 10:22:58 INFO  Reusables:47 - Waiting for output.txt to generate.
2024-07-24 10:22:58 INFO  Reusables:47 - Waiting for output.txt to generate.
2024-07-24 10:22:58 INFO  Reusables:47 - Waiting for output.txt to generate.
2024-07-24 10:22:58 INFO  Reusables:47 - Waiting for output.txt to generate.
2024-07-24 10:22:58 INFO  Reusables:47 - Waiting for output.txt to generate.
2024-07-24 10:22:58 INFO  Reusables:47 - Waiting for output.txt to generate.
2024-07-24 10:22:58 INFO  Reusables:47 - Waiting for output.txt to generate.
2024-07-24 10:22:58 INFO  Reusables:47 - Waiting for output.txt to generate.
2024-07-24 10:22:58 INFO  Reusables:47 - Waiting for output.txt to generate.
2024-07-24 10:22:58 INFO  Reusables:47 - Waiting for output.txt to generate.
2024-07-24 10:22:58 INFO  Reusables:47 - Waiting for output.txt to generate.
2024-07-24 10:22:58 INFO  Reusables:47 - Waiting for output.txt to generate.
2024-07-24 10:22:58 INFO  Reusables:47 - Waiting for output.txt to generate.
2024-07-24 10:22:58 INFO  Reusables:47 - Waiting for output.txt to generate.
2024-07-24 10:22:58 INFO  Reusables:47 - Waiting for output.txt to generate.
2024-07-24 10:22:58 INFO  Reusables:47 - Waiting for output.txt to generate.
2024-07-24 10:22:58 INFO  Reusables:47 - Waiting for output.txt to generate.
2024-07-24 10:22:58 INFO  Reusables:47 - Waiting for output.txt to generate.
2024-07-24 10:22:58 INFO  Reusables:47 - Waiting for output.txt to generate.
2024-07-24 10:22:58 INFO  Reusables:47 - Waiting for output.txt to generate.
2024-07-24 10:22:58 INFO  Reusables:47 - Waiting for output.txt to generate.
2024-07-24 10:22:58 INFO  Reusables:47 - Waiting for output.txt to generate.
2024-07-24 10:22:58 INFO  Reusables:47 - Waiting for output.txt to generate.
2024-07-24 10:22:58 INFO  Reusables:47 - Waiting for output.txt to generate.
2024-07-24 10:22:58 INFO  Reusables:47 - Waiting for output.txt to generate.
2024-07-24 10:22:58 INFO  Reusables:47 - Waiting for output.txt to generate.
2024-07-24 10:22:58 INFO  Reusables:47 - Waiting for output.txt to generate.
2024-07-24 10:22:58 INFO  Reusables:47 - Waiting for output.txt to generate.
2024-07-24 10:22:58 INFO  Reusables:47 - Waiting for output.txt to generate.
2024-07-24 10:22:58 INFO  Reusables:47 - Waiting for output.txt to generate.
2024-07-24 10:22:58 INFO  Reusables:47 - Waiting for output.txt to generate.
2024-07-24 10:22:58 INFO  Reusables:47 - Waiting for output.txt to generate.
2024-07-24 10:22:58 INFO  Reusables:47 - Waiting for output.txt to generate.
2024-07-24 10:22:58 INFO  Reusables:47 - Waiting for output.txt to generate.
2024-07-24 10:22:58 INFO  Reusables:47 - Waiting for output.txt to generate.
2024-07-24 10:22:58 INFO  Reusables:47 - Waiting for output.txt to generate.
2024-07-24 10:22:58 INFO  Reusables:47 - Waiting for output.txt to generate.
2024-07-24 10:22:58 INFO  Reusables:47 - Waiting for output.txt to generate.
2024-07-24 10:22:58 INFO  Reusables:47 - Waiting for output.txt to generate.
2024-07-24 10:22:58 INFO  Reusables:47 - Waiting for output.txt to generate.
2024-07-24 10:22:58 INFO  Reusables:47 - Waiting for output.txt to generate.
2024-07-24 10:22:58 INFO  Reusables:47 - Waiting for output.txt to generate.
2024-07-24 10:22:58 INFO  Reusables:47 - Waiting for output.txt to generate.
2024-07-24 10:22:58 INFO  Reusables:47 - Waiting for output.txt to generate.
2024-07-24 10:22:58 INFO  Reusables:47 - Waiting for output.txt to generate.
2024-07-24 10:22:58 INFO  Reusables:47 - Waiting for output.txt to generate.
2024-07-24 10:22:58 INFO  Reusables:47 - Waiting for output.txt to generate.
2024-07-24 10:22:58 INFO  Reusables:47 - Waiting for output.txt to generate.
2024-07-24 10:22:58 INFO  Reusables:47 - Waiting for output.txt to generate.
2024-07-24 10:22:58 INFO  Reusables:47 - Waiting for output.txt to generate.
2024-07-24 10:22:58 INFO  Reusables:47 - Waiting for output.txt to generate.
2024-07-24 10:22:58 INFO  Reusables:47 - Waiting for output.txt to generate.
2024-07-24 10:22:58 INFO  Reusables:47 - Waiting for output.txt to generate.
2024-07-24 10:22:58 INFO  Reusables:47 - Waiting for output.txt to generate.
2024-07-24 10:22:58 INFO  Reusables:47 - Waiting for output.txt to generate.
2024-07-24 10:22:58 INFO  Reusables:47 - Waiting for output.txt to generate.
2024-07-24 10:22:58 INFO  Reusables:47 - Waiting for output.txt to generate.
2024-07-24 10:22:58 INFO  Reusables:47 - Waiting for output.txt to generate.
2024-07-24 10:22:58 INFO  Reusables:47 - Waiting for output.txt to generate.
2024-07-24 10:22:58 INFO  Reusables:47 - Waiting for output.txt to generate.
2024-07-24 10:22:58 INFO  Reusables:47 - Waiting for output.txt to generate.
2024-07-24 10:22:58 INFO  Reusables:47 - Waiting for output.txt to generate.
2024-07-24 10:22:58 INFO  Reusables:47 - Waiting for output.txt to generate.
2024-07-24 10:22:58 INFO  Reusables:47 - Waiting for output.txt to generate.
2024-07-24 10:22:58 INFO  Reusables:47 - Waiting for output.txt to generate.
2024-07-24 10:22:58 INFO  Reusables:47 - Waiting for output.txt to generate.
2024-07-24 10:22:58 INFO  Reusables:47 - Waiting for output.txt to generate.
2024-07-24 10:22:58 INFO  Reusables:47 - Waiting for output.txt to generate.
2024-07-24 10:22:58 INFO  Reusables:47 - Waiting for output.txt to generate.
2024-07-24 10:22:58 INFO  Reusables:47 - Waiting for output.txt to generate.
2024-07-24 10:22:58 INFO  Reusables:47 - Waiting for output.txt to generate.
2024-07-24 10:22:58 INFO  Reusables:47 - Waiting for output.txt to generate.
2024-07-24 10:22:58 INFO  Reusables:47 - Waiting for output.txt to generate.
2024-07-24 10:22:58 INFO  Reusables:47 - Waiting for output.txt to generate.
2024-07-24 10:22:58 INFO  Reusables:47 - Waiting for output.txt to generate.
2024-07-24 10:22:58 INFO  Reusables:47 - Waiting for output.txt to generate.
2024-07-24 10:22:58 INFO  Reusables:47 - Waiting for output.txt to generate.
2024-07-24 10:22:58 INFO  Reusables:47 - Waiting for output.txt to generate.
2024-07-24 10:22:58 INFO  Reusables:47 - Waiting for output.txt to generate.
2024-07-24 10:22:58 INFO  Reusables:47 - Waiting for output.txt to generate.
2024-07-24 10:22:58 INFO  Reusables:47 - Waiting for output.txt to generate.
2024-07-24 10:22:58 INFO  Reusables:47 - Waiting for output.txt to generate.
2024-07-24 10:22:58 INFO  Reusables:47 - Waiting for output.txt to generate.
2024-07-24 10:22:58 INFO  Reusables:47 - Waiting for output.txt to generate.
2024-07-24 10:22:58 INFO  Reusables:47 - Waiting for output.txt to generate.
2024-07-24 10:22:58 INFO  Reusables:47 - Waiting for output.txt to generate.
2024-07-24 10:22:58 INFO  Reusables:47 - Waiting for output.txt to generate.
2024-07-24 10:22:58 INFO  Reusables:47 - Waiting for output.txt to generate.
2024-07-24 10:22:58 INFO  Reusables:47 - Waiting for output.txt to generate.
2024-07-24 10:22:58 INFO  Reusables:47 - Waiting for output.txt to generate.
2024-07-24 10:22:58 INFO  Reusables:47 - Waiting for output.txt to generate.
2024-07-24 10:22:58 INFO  Reusables:47 - Waiting for output.txt to generate.
2024-07-24 10:22:58 INFO  Reusables:47 - Waiting for output.txt to generate.
2024-07-24 10:22:58 INFO  Reusables:47 - Waiting for output.txt to generate.
2024-07-24 10:22:58 INFO  Reusables:47 - Waiting for output.txt to generate.
2024-07-24 10:22:58 INFO  Reusables:47 - Waiting for output.txt to generate.
2024-07-24 10:22:58 INFO  Reusables:47 - Waiting for output.txt to generate.
2024-07-24 10:22:58 INFO  Reusables:47 - Waiting for output.txt to generate.
2024-07-24 10:22:58 INFO  Reusables:47 - Waiting for output.txt to generate.
2024-07-24 10:22:58 INFO  Reusables:47 - Waiting for output.txt to generate.
2024-07-24 10:22:58 INFO  Reusables:47 - Waiting for output.txt to generate.
2024-07-24 10:22:58 INFO  Reusables:47 - Waiting for output.txt to generate.
2024-07-24 10:22:58 INFO  Reusables:47 - Waiting for output.txt to generate.
2024-07-24 10:22:58 INFO  Reusables:47 - Waiting for output.txt to generate.
2024-07-24 10:22:58 INFO  Reusables:47 - Waiting for output.txt to generate.
2024-07-24 10:22:58 INFO  Reusables:47 - Waiting for output.txt to generate.
2024-07-24 10:22:58 INFO  Reusables:47 - Waiting for output.txt to generate.
2024-07-24 10:22:58 INFO  Reusables:47 - Waiting for output.txt to generate.
2024-07-24 10:22:58 INFO  Reusables:47 - Waiting for output.txt to generate.
2024-07-24 10:22:58 INFO  Reusables:47 - Waiting for output.txt to generate.
2024-07-24 10:22:58 INFO  Reusables:47 - Waiting for output.txt to generate.
2024-07-24 10:22:58 INFO  Reusables:47 - Waiting for output.txt to generate.
2024-07-24 10:22:58 INFO  Reusables:47 - Waiting for output.txt to generate.
2024-07-24 10:22:58 INFO  Reusables:47 - Waiting for output.txt to generate.
2024-07-24 10:22:58 INFO  Reusables:47 - Waiting for output.txt to generate.
2024-07-24 10:22:58 INFO  Reusables:47 - Waiting for output.txt to generate.
2024-07-24 10:22:58 INFO  Reusables:47 - Waiting for output.txt to generate.
2024-07-24 10:22:58 INFO  Reusables:47 - Waiting for output.txt to generate.
2024-07-24 10:22:58 INFO  Reusables:47 - Waiting for output.txt to generate.
2024-07-24 10:22:58 INFO  Reusables:47 - Waiting for output.txt to generate.
2024-07-24 10:22:58 INFO  Reusables:47 - Waiting for output.txt to generate.
2024-07-24 10:22:58 INFO  Reusables:47 - Waiting for output.txt to generate.
2024-07-24 10:22:58 INFO  Reusables:47 - Waiting for output.txt to generate.
2024-07-24 10:22:58 INFO  Reusables:47 - Waiting for output.txt to generate.
2024-07-24 10:22:58 INFO  Reusables:47 - Waiting for output.txt to generate.
2024-07-24 10:22:58 INFO  Reusables:47 - Waiting for output.txt to generate.
2024-07-24 10:22:58 INFO  Reusables:47 - Waiting for output.txt to generate.
2024-07-24 10:22:58 INFO  Reusables:47 - Waiting for output.txt to generate.
2024-07-24 10:22:58 INFO  Reusables:47 - Waiting for output.txt to generate.
2024-07-24 10:22:58 INFO  Reusables:47 - Waiting for output.txt to generate.
2024-07-24 10:22:58 INFO  Reusables:47 - Waiting for output.txt to generate.
2024-07-24 10:22:58 INFO  Reusables:47 - Waiting for output.txt to generate.
2024-07-24 10:22:58 INFO  Reusables:47 - Waiting for output.txt to generate.
2024-07-24 10:22:58 INFO  Reusables:47 - Waiting for output.txt to generate.
2024-07-24 10:22:58 INFO  Reusables:47 - Waiting for output.txt to generate.
2024-07-24 10:22:58 INFO  Reusables:47 - Waiting for output.txt to generate.
2024-07-24 10:22:58 INFO  Reusables:47 - Waiting for output.txt to generate.
2024-07-24 10:22:58 INFO  Reusables:47 - Waiting for output.txt to generate.
2024-07-24 10:22:58 INFO  Reusables:47 - Waiting for output.txt to generate.
2024-07-24 10:22:58 INFO  Reusables:47 - Waiting for output.txt to generate.
2024-07-24 10:22:58 INFO  Reusables:47 - Waiting for output.txt to generate.
2024-07-24 10:22:58 INFO  Reusables:47 - Waiting for output.txt to generate.
2024-07-24 10:22:58 INFO  Reusables:47 - Waiting for output.txt to generate.
2024-07-24 10:22:58 INFO  Reusables:47 - Waiting for output.txt to generate.
2024-07-24 10:22:58 INFO  Reusables:47 - Waiting for output.txt to generate.
2024-07-24 10:22:58 INFO  Reusables:47 - Waiting for output.txt to generate.
2024-07-24 10:22:58 INFO  Reusables:47 - Waiting for output.txt to generate.
2024-07-24 10:22:58 INFO  Reusables:47 - Waiting for output.txt to generate.
2024-07-24 10:22:58 INFO  Reusables:47 - Waiting for output.txt to generate.
2024-07-24 10:22:58 INFO  Reusables:47 - Waiting for output.txt to generate.
2024-07-24 10:22:58 INFO  Reusables:47 - Waiting for output.txt to generate.
2024-07-24 10:22:58 INFO  Reusables:47 - Waiting for output.txt to generate.
2024-07-24 10:22:58 INFO  Reusables:47 - Waiting for output.txt to generate.
2024-07-24 10:22:58 INFO  Reusables:47 - Waiting for output.txt to generate.
2024-07-24 10:22:58 INFO  Reusables:47 - Waiting for output.txt to generate.
2024-07-24 10:22:58 INFO  Reusables:47 - Waiting for output.txt to generate.
2024-07-24 10:22:58 INFO  Reusables:47 - Waiting for output.txt to generate.
2024-07-24 10:22:58 INFO  Reusables:47 - Waiting for output.txt to generate.
2024-07-24 10:22:58 INFO  Reusables:47 - Waiting for output.txt to generate.
2024-07-24 10:22:58 INFO  Reusables:47 - Waiting for output.txt to generate.
2024-07-24 10:22:58 INFO  Reusables:47 - Waiting for output.txt to generate.
2024-07-24 10:22:58 INFO  Reusables:47 - Waiting for output.txt to generate.
2024-07-24 10:22:58 INFO  Reusables:47 - Waiting for output.txt to generate.
2024-07-24 10:22:58 INFO  Reusables:47 - Waiting for output.txt to generate.
2024-07-24 10:22:58 INFO  Reusables:47 - Waiting for output.txt to generate.
2024-07-24 10:22:58 INFO  Reusables:47 - Waiting for output.txt to generate.
2024-07-24 10:22:58 INFO  Reusables:47 - Waiting for output.txt to generate.
2024-07-24 10:22:58 INFO  Reusables:47 - Waiting for output.txt to generate.
2024-07-24 10:22:58 INFO  Reusables:47 - Waiting for output.txt to generate.
2024-07-24 10:22:58 INFO  Reusables:47 - Waiting for output.txt to generate.
2024-07-24 10:22:58 INFO  Reusables:47 - Waiting for output.txt to generate.
2024-07-24 10:22:58 INFO  Reusables:47 - Waiting for output.txt to generate.
2024-07-24 10:22:58 INFO  Reusables:47 - Waiting for output.txt to generate.
2024-07-24 10:22:58 INFO  Reusables:47 - Waiting for output.txt to generate.
2024-07-24 10:22:58 INFO  Reusables:47 - Waiting for output.txt to generate.
2024-07-24 10:22:58 INFO  Reusables:47 - Waiting for output.txt to generate.
2024-07-24 10:22:58 INFO  Reusables:47 - Waiting for output.txt to generate.
2024-07-24 10:22:58 INFO  Reusables:47 - Waiting for output.txt to generate.
2024-07-24 10:22:58 INFO  Reusables:47 - Waiting for output.txt to generate.
2024-07-24 10:22:58 INFO  Reusables:47 - Waiting for output.txt to generate.
2024-07-24 10:22:58 INFO  Reusables:47 - Waiting for output.txt to generate.
2024-07-24 10:22:58 INFO  Reusables:47 - Waiting for output.txt to generate.
2024-07-24 10:22:58 INFO  Reusables:47 - Waiting for output.txt to generate.
2024-07-24 10:22:58 INFO  Reusables:47 - Waiting for output.txt to generate.
2024-07-24 10:22:58 INFO  Reusables:47 - Waiting for output.txt to generate.
2024-07-24 10:22:58 INFO  Reusables:47 - Waiting for output.txt to generate.
2024-07-24 10:22:58 INFO  Reusables:47 - Waiting for output.txt to generate.
2024-07-24 10:22:58 INFO  Reusables:47 - Waiting for output.txt to generate.
2024-07-24 10:22:58 INFO  Reusables:47 - Waiting for output.txt to generate.
2024-07-24 10:22:58 INFO  Reusables:47 - Waiting for output.txt to generate.
2024-07-24 10:22:58 INFO  Reusables:47 - Waiting for output.txt to generate.
2024-07-24 10:22:58 INFO  Reusables:47 - Waiting for output.txt to generate.
2024-07-24 10:22:58 INFO  Reusables:47 - Waiting for output.txt to generate.
2024-07-24 10:22:58 INFO  Reusables:47 - Waiting for output.txt to generate.
2024-07-24 10:22:58 INFO  Reusables:47 - Waiting for output.txt to generate.
2024-07-24 10:22:58 INFO  Reusables:47 - Waiting for output.txt to generate.
2024-07-24 10:22:58 INFO  Reusables:47 - Waiting for output.txt to generate.
2024-07-24 10:22:58 INFO  Reusables:47 - Waiting for output.txt to generate.
2024-07-24 10:22:58 INFO  Reusables:47 - Waiting for output.txt to generate.
2024-07-24 10:22:58 INFO  Reusables:47 - Waiting for output.txt to generate.
2024-07-24 10:22:58 INFO  Reusables:47 - Waiting for output.txt to generate.
2024-07-24 10:22:58 INFO  Reusables:47 - Waiting for output.txt to generate.
2024-07-24 10:22:58 INFO  Reusables:47 - Waiting for output.txt to generate.
2024-07-24 10:22:58 INFO  Reusables:47 - Waiting for output.txt to generate.
2024-07-24 10:22:58 INFO  Reusables:47 - Waiting for output.txt to generate.
2024-07-24 10:22:58 INFO  Reusables:47 - Waiting for output.txt to generate.
2024-07-24 10:22:58 INFO  Reusables:47 - Waiting for output.txt to generate.
2024-07-24 10:22:58 INFO  Reusables:47 - Waiting for output.txt to generate.
2024-07-24 10:22:58 INFO  Reusables:47 - Waiting for output.txt to generate.
2024-07-24 10:22:58 INFO  Reusables:47 - Waiting for output.txt to generate.
2024-07-24 10:22:58 INFO  Reusables:47 - Waiting for output.txt to generate.
2024-07-24 10:22:58 INFO  Reusables:47 - Waiting for output.txt to generate.
2024-07-24 10:22:58 INFO  Reusables:47 - Waiting for output.txt to generate.
2024-07-24 10:22:58 INFO  Reusables:47 - Waiting for output.txt to generate.
2024-07-24 10:22:58 INFO  Reusables:47 - Waiting for output.txt to generate.
2024-07-24 10:22:58 INFO  Reusables:47 - Waiting for output.txt to generate.
2024-07-24 10:22:58 INFO  Reusables:47 - Waiting for output.txt to generate.
2024-07-24 10:22:58 INFO  Reusables:47 - Waiting for output.txt to generate.
2024-07-24 10:22:58 INFO  Reusables:47 - Waiting for output.txt to generate.
2024-07-24 10:22:58 INFO  Reusables:47 - Waiting for output.txt to generate.
2024-07-24 10:22:58 INFO  Reusables:47 - Waiting for output.txt to generate.
2024-07-24 10:22:58 INFO  Reusables:47 - Waiting for output.txt to generate.
2024-07-24 10:22:58 INFO  Reusables:47 - Waiting for output.txt to generate.
2024-07-24 10:22:58 INFO  Reusables:47 - Waiting for output.txt to generate.
2024-07-24 10:22:58 INFO  Reusables:47 - Waiting for output.txt to generate.
2024-07-24 10:22:58 INFO  Reusables:47 - Waiting for output.txt to generate.
2024-07-24 10:22:58 INFO  Reusables:47 - Waiting for output.txt to generate.
2024-07-24 10:22:58 INFO  Reusables:47 - Waiting for output.txt to generate.
2024-07-24 10:22:58 INFO  Reusables:47 - Waiting for output.txt to generate.
2024-07-24 10:22:58 INFO  Reusables:47 - Waiting for output.txt to generate.
2024-07-24 10:22:58 INFO  Reusables:47 - Waiting for output.txt to generate.
2024-07-24 10:22:58 INFO  Reusables:47 - Waiting for output.txt to generate.
2024-07-24 10:22:58 INFO  Reusables:47 - Waiting for output.txt to generate.
2024-07-24 10:22:58 INFO  Reusables:47 - Waiting for output.txt to generate.
2024-07-24 10:22:58 INFO  Reusables:47 - Waiting for output.txt to generate.
2024-07-24 10:22:58 INFO  Reusables:47 - Waiting for output.txt to generate.
2024-07-24 10:22:58 INFO  Reusables:47 - Waiting for output.txt to generate.
2024-07-24 10:22:58 INFO  Reusables:47 - Waiting for output.txt to generate.
2024-07-24 10:22:58 INFO  Reusables:47 - Waiting for output.txt to generate.
2024-07-24 10:22:58 INFO  Reusables:47 - Waiting for output.txt to generate.
2024-07-24 10:22:58 INFO  Reusables:47 - Waiting for output.txt to generate.
2024-07-24 10:22:58 INFO  Reusables:47 - Waiting for output.txt to generate.
2024-07-24 10:22:58 INFO  Reusables:47 - Waiting for output.txt to generate.
2024-07-24 10:22:58 INFO  Reusables:47 - Waiting for output.txt to generate.
2024-07-24 10:22:58 INFO  Reusables:47 - Waiting for output.txt to generate.
2024-07-24 10:22:58 INFO  Reusables:47 - Waiting for output.txt to generate.
2024-07-24 10:22:58 INFO  Reusables:47 - Waiting for output.txt to generate.
2024-07-24 10:22:58 INFO  Reusables:47 - Waiting for output.txt to generate.
2024-07-24 10:22:58 INFO  Reusables:47 - Waiting for output.txt to generate.
2024-07-24 10:22:58 INFO  Reusables:47 - Waiting for output.txt to generate.
2024-07-24 10:22:58 INFO  Reusables:47 - Waiting for output.txt to generate.
2024-07-24 10:22:58 INFO  Reusables:47 - Waiting for output.txt to generate.
2024-07-24 10:22:58 INFO  Reusables:47 - Waiting for output.txt to generate.
2024-07-24 10:22:58 INFO  Reusables:47 - Waiting for output.txt to generate.
2024-07-24 10:22:58 INFO  Reusables:47 - Waiting for output.txt to generate.
2024-07-24 10:22:58 INFO  Reusables:47 - Waiting for output.txt to generate.
2024-07-24 10:22:58 INFO  Reusables:47 - Waiting for output.txt to generate.
2024-07-24 10:22:58 INFO  Reusables:47 - Waiting for output.txt to generate.
2024-07-24 10:22:58 INFO  Reusables:47 - Waiting for output.txt to generate.
2024-07-24 10:22:58 INFO  Reusables:47 - Waiting for output.txt to generate.
2024-07-24 10:22:58 INFO  Reusables:47 - Waiting for output.txt to generate.
2024-07-24 10:22:58 INFO  Reusables:47 - Waiting for output.txt to generate.
2024-07-24 10:22:58 INFO  Reusables:47 - Waiting for output.txt to generate.
2024-07-24 10:22:58 INFO  Reusables:47 - Waiting for output.txt to generate.
2024-07-24 10:22:58 INFO  Reusables:47 - Waiting for output.txt to generate.
2024-07-24 10:22:58 INFO  Reusables:47 - Waiting for output.txt to generate.
2024-07-24 10:22:58 INFO  Reusables:47 - Waiting for output.txt to generate.
2024-07-24 10:22:58 INFO  Reusables:47 - Waiting for output.txt to generate.
2024-07-24 10:22:58 INFO  Reusables:47 - Waiting for output.txt to generate.
2024-07-24 10:22:58 INFO  Reusables:47 - Waiting for output.txt to generate.
2024-07-24 10:22:58 INFO  Reusables:47 - Waiting for output.txt to generate.
2024-07-24 10:22:58 INFO  Reusables:47 - Waiting for output.txt to generate.
2024-07-24 10:22:58 INFO  Reusables:47 - Waiting for output.txt to generate.
2024-07-24 10:22:58 INFO  Reusables:47 - Waiting for output.txt to generate.
2024-07-24 10:22:58 INFO  Reusables:47 - Waiting for output.txt to generate.
2024-07-24 10:22:58 INFO  Reusables:47 - Waiting for output.txt to generate.
2024-07-24 10:22:58 INFO  Reusables:47 - Waiting for output.txt to generate.
2024-07-24 10:22:58 INFO  Reusables:47 - Waiting for output.txt to generate.
2024-07-24 10:22:58 INFO  Reusables:47 - Waiting for output.txt to generate.
2024-07-24 10:22:58 INFO  Reusables:47 - Waiting for output.txt to generate.
2024-07-24 10:22:58 INFO  Reusables:47 - Waiting for output.txt to generate.
2024-07-24 10:22:58 INFO  Reusables:47 - Waiting for output.txt to generate.
2024-07-24 10:22:58 INFO  Reusables:47 - Waiting for output.txt to generate.
2024-07-24 10:22:58 INFO  Reusables:47 - Waiting for output.txt to generate.
2024-07-24 10:22:58 INFO  Reusables:47 - Waiting for output.txt to generate.
2024-07-24 10:22:58 INFO  Reusables:47 - Waiting for output.txt to generate.
2024-07-24 10:22:58 INFO  Reusables:47 - Waiting for output.txt to generate.
2024-07-24 10:22:58 INFO  Reusables:47 - Waiting for output.txt to generate.
2024-07-24 10:22:58 INFO  Reusables:47 - Waiting for output.txt to generate.
2024-07-24 10:22:58 INFO  Reusables:47 - Waiting for output.txt to generate.
2024-07-24 10:22:58 INFO  Reusables:47 - Waiting for output.txt to generate.
2024-07-24 10:22:58 INFO  Reusables:47 - Waiting for output.txt to generate.
2024-07-24 10:22:58 INFO  Reusables:47 - Waiting for output.txt to generate.
2024-07-24 10:22:58 INFO  Reusables:47 - Waiting for output.txt to generate.
2024-07-24 10:22:58 INFO  Reusables:47 - Waiting for output.txt to generate.
2024-07-24 10:22:58 INFO  Reusables:47 - Waiting for output.txt to generate.
2024-07-24 10:22:58 INFO  Reusables:47 - Waiting for output.txt to generate.
2024-07-24 10:22:58 INFO  Reusables:47 - Waiting for output.txt to generate.
2024-07-24 10:22:58 INFO  Reusables:47 - Waiting for output.txt to generate.
2024-07-24 10:22:58 INFO  Reusables:47 - Waiting for output.txt to generate.
2024-07-24 10:22:58 INFO  Reusables:47 - Waiting for output.txt to generate.
2024-07-24 10:22:58 INFO  Reusables:47 - Waiting for output.txt to generate.
2024-07-24 10:22:58 INFO  Reusables:47 - Waiting for output.txt to generate.
2024-07-24 10:22:58 INFO  Reusables:47 - Waiting for output.txt to generate.
2024-07-24 10:22:58 INFO  Reusables:47 - Waiting for output.txt to generate.
2024-07-24 10:22:58 INFO  Reusables:47 - Waiting for output.txt to generate.
2024-07-24 10:22:58 INFO  Reusables:47 - Waiting for output.txt to generate.
2024-07-24 10:22:58 INFO  Reusables:47 - Waiting for output.txt to generate.
2024-07-24 10:22:58 INFO  Reusables:47 - Waiting for output.txt to generate.
2024-07-24 10:22:58 INFO  Reusables:47 - Waiting for output.txt to generate.
2024-07-24 10:22:58 INFO  Reusables:47 - Waiting for output.txt to generate.
2024-07-24 10:22:58 INFO  Reusables:47 - Waiting for output.txt to generate.
2024-07-24 10:22:58 INFO  Reusables:47 - Waiting for output.txt to generate.
2024-07-24 10:22:58 INFO  Reusables:47 - Waiting for output.txt to generate.
2024-07-24 10:22:58 INFO  Reusables:47 - Waiting for output.txt to generate.
2024-07-24 10:22:58 INFO  Reusables:47 - Waiting for output.txt to generate.
2024-07-24 10:22:58 INFO  Reusables:47 - Waiting for output.txt to generate.
2024-07-24 10:22:58 INFO  Reusables:47 - Waiting for output.txt to generate.
2024-07-24 10:22:58 INFO  Reusables:47 - Waiting for output.txt to generate.
2024-07-24 10:22:58 INFO  Reusables:47 - Waiting for output.txt to generate.
2024-07-24 10:22:58 INFO  Reusables:47 - Waiting for output.txt to generate.
2024-07-24 10:22:58 INFO  Reusables:47 - Waiting for output.txt to generate.
2024-07-24 10:22:58 INFO  Reusables:47 - Waiting for output.txt to generate.
2024-07-24 10:22:58 INFO  Reusables:47 - Waiting for output.txt to generate.
2024-07-24 10:22:58 INFO  Reusables:47 - Waiting for output.txt to generate.
2024-07-24 10:22:58 INFO  Reusables:47 - Waiting for output.txt to generate.
2024-07-24 10:22:58 INFO  Reusables:47 - Waiting for output.txt to generate.
2024-07-24 10:22:58 INFO  Reusables:47 - Waiting for output.txt to generate.
2024-07-24 10:22:58 INFO  Reusables:47 - Waiting for output.txt to generate.
2024-07-24 10:22:58 INFO  Reusables:47 - Waiting for output.txt to generate.
2024-07-24 10:22:58 INFO  Reusables:47 - Waiting for output.txt to generate.
2024-07-24 10:22:58 INFO  Reusables:47 - Waiting for output.txt to generate.
2024-07-24 10:22:58 INFO  Reusables:47 - Waiting for output.txt to generate.
2024-07-24 10:22:58 INFO  Reusables:47 - Waiting for output.txt to generate.
2024-07-24 10:22:58 INFO  Reusables:47 - Waiting for output.txt to generate.
2024-07-24 10:22:58 INFO  Reusables:47 - Waiting for output.txt to generate.
2024-07-24 10:22:58 INFO  Reusables:47 - Waiting for output.txt to generate.
2024-07-24 10:22:58 INFO  Reusables:47 - Waiting for output.txt to generate.
2024-07-24 10:22:58 INFO  Reusables:47 - Waiting for output.txt to generate.
2024-07-24 10:22:58 INFO  Reusables:47 - Waiting for output.txt to generate.
2024-07-24 10:22:58 INFO  Reusables:47 - Waiting for output.txt to generate.
2024-07-24 10:22:58 INFO  Reusables:47 - Waiting for output.txt to generate.
2024-07-24 10:22:58 INFO  Reusables:47 - Waiting for output.txt to generate.
2024-07-24 10:22:58 INFO  Reusables:47 - Waiting for output.txt to generate.
2024-07-24 10:22:58 INFO  Reusables:47 - Waiting for output.txt to generate.
2024-07-24 10:22:58 INFO  Reusables:47 - Waiting for output.txt to generate.
2024-07-24 10:22:58 INFO  Reusables:47 - Waiting for output.txt to generate.
2024-07-24 10:22:58 INFO  Reusables:47 - Waiting for output.txt to generate.
2024-07-24 10:22:58 INFO  Reusables:47 - Waiting for output.txt to generate.
2024-07-24 10:22:58 INFO  Reusables:47 - Waiting for output.txt to generate.
2024-07-24 10:22:58 INFO  Reusables:47 - Waiting for output.txt to generate.
2024-07-24 10:22:58 INFO  Reusables:47 - Waiting for output.txt to generate.
2024-07-24 10:22:58 INFO  Reusables:47 - Waiting for output.txt to generate.
2024-07-24 10:22:58 INFO  Reusables:47 - Waiting for output.txt to generate.
2024-07-24 10:22:58 INFO  Reusables:47 - Waiting for output.txt to generate.
2024-07-24 10:22:58 INFO  Reusables:47 - Waiting for output.txt to generate.
2024-07-24 10:22:58 INFO  Reusables:47 - Waiting for output.txt to generate.
2024-07-24 10:22:58 INFO  Reusables:47 - Waiting for output.txt to generate.
2024-07-24 10:22:58 INFO  Reusables:47 - Waiting for output.txt to generate.
2024-07-24 10:22:58 INFO  Reusables:47 - Waiting for output.txt to generate.
2024-07-24 10:22:58 INFO  Reusables:47 - Waiting for output.txt to generate.
2024-07-24 10:22:58 INFO  Reusables:47 - Waiting for output.txt to generate.
2024-07-24 10:22:58 INFO  Reusables:47 - Waiting for output.txt to generate.
2024-07-24 10:22:58 INFO  Reusables:47 - Waiting for output.txt to generate.
2024-07-24 10:22:58 INFO  Reusables:47 - Waiting for output.txt to generate.
2024-07-24 10:22:58 INFO  Reusables:47 - Waiting for output.txt to generate.
2024-07-24 10:22:58 INFO  Reusables:47 - Waiting for output.txt to generate.
2024-07-24 10:22:58 INFO  Reusables:47 - Waiting for output.txt to generate.
2024-07-24 10:22:58 INFO  Reusables:47 - Waiting for output.txt to generate.
2024-07-24 10:22:58 INFO  Reusables:47 - Waiting for output.txt to generate.
2024-07-24 10:22:58 INFO  Reusables:47 - Waiting for output.txt to generate.
2024-07-24 10:22:58 INFO  Reusables:47 - Waiting for output.txt to generate.
2024-07-24 10:22:58 INFO  Reusables:47 - Waiting for output.txt to generate.
2024-07-24 10:22:58 INFO  Reusables:47 - Waiting for output.txt to generate.
2024-07-24 10:22:58 INFO  Reusables:47 - Waiting for output.txt to generate.
2024-07-24 10:22:58 INFO  Reusables:47 - Waiting for output.txt to generate.
2024-07-24 10:22:58 INFO  Reusables:47 - Waiting for output.txt to generate.
2024-07-24 10:22:58 INFO  Reusables:47 - Waiting for output.txt to generate.
2024-07-24 10:22:58 INFO  Reusables:47 - Waiting for output.txt to generate.
2024-07-24 10:22:58 INFO  Reusables:47 - Waiting for output.txt to generate.
2024-07-24 10:22:58 INFO  Reusables:47 - Waiting for output.txt to generate.
2024-07-24 10:22:58 INFO  Reusables:47 - Waiting for output.txt to generate.
2024-07-24 10:22:58 INFO  Reusables:47 - Waiting for output.txt to generate.
2024-07-24 10:22:58 INFO  Reusables:47 - Waiting for output.txt to generate.
2024-07-24 10:22:58 INFO  Reusables:47 - Waiting for output.txt to generate.
2024-07-24 10:22:58 INFO  Reusables:47 - Waiting for output.txt to generate.
2024-07-24 10:22:58 INFO  Reusables:47 - Waiting for output.txt to generate.
2024-07-24 10:22:58 INFO  Reusables:47 - Waiting for output.txt to generate.
2024-07-24 10:22:58 INFO  Reusables:47 - Waiting for output.txt to generate.
2024-07-24 10:22:58 INFO  Reusables:47 - Waiting for output.txt to generate.
2024-07-24 10:22:58 INFO  Reusables:47 - Waiting for output.txt to generate.
2024-07-24 10:22:58 INFO  Reusables:47 - Waiting for output.txt to generate.
2024-07-24 10:22:58 INFO  Reusables:47 - Waiting for output.txt to generate.
2024-07-24 10:22:58 INFO  Reusables:47 - Waiting for output.txt to generate.
2024-07-24 10:22:58 INFO  Reusables:47 - Waiting for output.txt to generate.
2024-07-24 10:22:58 INFO  Reusables:47 - Waiting for output.txt to generate.
2024-07-24 10:22:58 INFO  Reusables:47 - Waiting for output.txt to generate.
2024-07-24 10:22:58 INFO  Reusables:47 - Waiting for output.txt to generate.
2024-07-24 10:22:58 INFO  Reusables:47 - Waiting for output.txt to generate.
2024-07-24 10:22:58 INFO  Reusables:47 - Waiting for output.txt to generate.
2024-07-24 10:22:58 INFO  Reusables:47 - Waiting for output.txt to generate.
2024-07-24 10:22:58 INFO  Reusables:47 - Waiting for output.txt to generate.
2024-07-24 10:22:58 INFO  Reusables:47 - Waiting for output.txt to generate.
2024-07-24 10:22:58 INFO  Reusables:47 - Waiting for output.txt to generate.
2024-07-24 10:22:58 INFO  Reusables:47 - Waiting for output.txt to generate.
2024-07-24 10:22:58 INFO  Reusables:47 - Waiting for output.txt to generate.
2024-07-24 10:22:58 INFO  Reusables:47 - Waiting for output.txt to generate.
2024-07-24 10:22:58 INFO  Reusables:47 - Waiting for output.txt to generate.
2024-07-24 10:22:58 INFO  Reusables:47 - Waiting for output.txt to generate.
2024-07-24 10:22:58 INFO  Reusables:47 - Waiting for output.txt to generate.
2024-07-24 10:22:58 INFO  Reusables:47 - Waiting for output.txt to generate.
2024-07-24 10:22:58 INFO  Reusables:47 - Waiting for output.txt to generate.
2024-07-24 10:22:58 INFO  Reusables:47 - Waiting for output.txt to generate.
2024-07-24 10:22:58 INFO  Reusables:47 - Waiting for output.txt to generate.
2024-07-24 10:22:58 INFO  Reusables:47 - Waiting for output.txt to generate.
2024-07-24 10:22:58 INFO  Reusables:47 - Waiting for output.txt to generate.
2024-07-24 10:22:58 INFO  Reusables:47 - Waiting for output.txt to generate.
2024-07-24 10:22:58 INFO  Reusables:47 - Waiting for output.txt to generate.
2024-07-24 10:22:58 INFO  Reusables:47 - Waiting for output.txt to generate.
2024-07-24 10:22:58 INFO  Reusables:47 - Waiting for output.txt to generate.
2024-07-24 10:22:58 INFO  Reusables:47 - Waiting for output.txt to generate.
2024-07-24 10:22:58 INFO  Reusables:47 - Waiting for output.txt to generate.
2024-07-24 10:22:58 INFO  Reusables:47 - Waiting for output.txt to generate.
2024-07-24 10:22:58 INFO  Reusables:47 - Waiting for output.txt to generate.
2024-07-24 10:22:58 INFO  Reusables:47 - Waiting for output.txt to generate.
2024-07-24 10:22:58 INFO  Reusables:47 - Waiting for output.txt to generate.
2024-07-24 10:22:58 INFO  Reusables:47 - Waiting for output.txt to generate.
2024-07-24 10:22:58 INFO  Reusables:47 - Waiting for output.txt to generate.
2024-07-24 10:22:58 INFO  Reusables:47 - Waiting for output.txt to generate.
2024-07-24 10:22:58 INFO  Reusables:47 - Waiting for output.txt to generate.
2024-07-24 10:22:58 INFO  Reusables:47 - Waiting for output.txt to generate.
2024-07-24 10:22:58 INFO  Reusables:47 - Waiting for output.txt to generate.
2024-07-24 10:22:58 INFO  Reusables:47 - Waiting for output.txt to generate.
2024-07-24 10:22:58 INFO  Reusables:47 - Waiting for output.txt to generate.
2024-07-24 10:22:58 INFO  Reusables:47 - Waiting for output.txt to generate.
2024-07-24 10:22:58 INFO  Reusables:47 - Waiting for output.txt to generate.
2024-07-24 10:22:58 INFO  Reusables:47 - Waiting for output.txt to generate.
2024-07-24 10:22:58 INFO  Reusables:47 - Waiting for output.txt to generate.
2024-07-24 10:22:58 INFO  Reusables:47 - Waiting for output.txt to generate.
2024-07-24 10:22:58 INFO  Reusables:47 - Waiting for output.txt to generate.
2024-07-24 10:22:58 INFO  Reusables:47 - Waiting for output.txt to generate.
2024-07-24 10:22:58 INFO  Reusables:47 - Waiting for output.txt to generate.
2024-07-24 10:22:58 INFO  Reusables:47 - Waiting for output.txt to generate.
2024-07-24 10:22:58 INFO  Reusables:47 - Waiting for output.txt to generate.
2024-07-24 10:22:58 INFO  Reusables:47 - Waiting for output.txt to generate.
2024-07-24 10:22:58 INFO  Reusables:47 - Waiting for output.txt to generate.
2024-07-24 10:22:58 INFO  Reusables:47 - Waiting for output.txt to generate.
2024-07-24 10:22:58 INFO  Reusables:47 - Waiting for output.txt to generate.
2024-07-24 10:22:58 INFO  Reusables:47 - Waiting for output.txt to generate.
2024-07-24 10:22:58 INFO  Reusables:47 - Waiting for output.txt to generate.
2024-07-24 10:22:58 INFO  Reusables:47 - Waiting for output.txt to generate.
2024-07-24 10:22:58 INFO  Reusables:47 - Waiting for output.txt to generate.
2024-07-24 10:22:58 INFO  Reusables:47 - Waiting for output.txt to generate.
2024-07-24 10:22:58 INFO  Reusables:47 - Waiting for output.txt to generate.
2024-07-24 10:22:58 INFO  Reusables:47 - Waiting for output.txt to generate.
2024-07-24 10:22:58 INFO  Reusables:47 - Waiting for output.txt to generate.
2024-07-24 10:22:58 INFO  Reusables:47 - Waiting for output.txt to generate.
2024-07-24 10:22:58 INFO  Reusables:47 - Waiting for output.txt to generate.
2024-07-24 10:22:58 INFO  Reusables:47 - Waiting for output.txt to generate.
2024-07-24 10:22:58 INFO  Reusables:47 - Waiting for output.txt to generate.
2024-07-24 10:22:58 INFO  Reusables:47 - Waiting for output.txt to generate.
2024-07-24 10:22:58 INFO  Reusables:47 - Waiting for output.txt to generate.
2024-07-24 10:22:58 INFO  Reusables:47 - Waiting for output.txt to generate.
2024-07-24 10:22:58 INFO  Reusables:47 - Waiting for output.txt to generate.
2024-07-24 10:22:58 INFO  Reusables:47 - Waiting for output.txt to generate.
2024-07-24 10:22:58 INFO  Reusables:47 - Waiting for output.txt to generate.
2024-07-24 10:22:58 INFO  Reusables:47 - Waiting for output.txt to generate.
2024-07-24 10:22:58 INFO  Reusables:47 - Waiting for output.txt to generate.
2024-07-24 10:22:58 INFO  Reusables:47 - Waiting for output.txt to generate.
2024-07-24 10:22:58 INFO  Reusables:47 - Waiting for output.txt to generate.
2024-07-24 10:22:58 INFO  Reusables:47 - Waiting for output.txt to generate.
2024-07-24 10:22:58 INFO  Reusables:47 - Waiting for output.txt to generate.
2024-07-24 10:22:58 INFO  Reusables:47 - Waiting for output.txt to generate.
2024-07-24 10:22:58 INFO  Reusables:47 - Waiting for output.txt to generate.
2024-07-24 10:22:58 INFO  Reusables:47 - Waiting for output.txt to generate.
2024-07-24 10:22:58 INFO  Reusables:47 - Waiting for output.txt to generate.
2024-07-24 10:22:58 INFO  Reusables:47 - Waiting for output.txt to generate.
2024-07-24 10:22:58 INFO  Reusables:47 - Waiting for output.txt to generate.
2024-07-24 10:22:58 INFO  Reusables:47 - Waiting for output.txt to generate.
2024-07-24 10:22:58 INFO  Reusables:47 - Waiting for output.txt to generate.
2024-07-24 10:22:58 INFO  Reusables:47 - Waiting for output.txt to generate.
2024-07-24 10:22:58 INFO  Reusables:47 - Waiting for output.txt to generate.
2024-07-24 10:22:58 INFO  Reusables:47 - Waiting for output.txt to generate.
2024-07-24 10:22:58 INFO  Reusables:47 - Waiting for output.txt to generate.
2024-07-24 10:22:58 INFO  Reusables:47 - Waiting for output.txt to generate.
2024-07-24 10:22:58 INFO  Reusables:47 - Waiting for output.txt to generate.
2024-07-24 10:22:58 INFO  Reusables:47 - Waiting for output.txt to generate.
2024-07-24 10:22:58 INFO  Reusables:47 - Waiting for output.txt to generate.
2024-07-24 10:22:58 INFO  Reusables:47 - Waiting for output.txt to generate.
2024-07-24 10:22:58 INFO  Reusables:47 - Waiting for output.txt to generate.
2024-07-24 10:22:58 INFO  Reusables:47 - Waiting for output.txt to generate.
2024-07-24 10:22:58 INFO  Reusables:47 - Waiting for output.txt to generate.
2024-07-24 10:22:58 INFO  Reusables:47 - Waiting for output.txt to generate.
2024-07-24 10:22:58 INFO  Reusables:47 - Waiting for output.txt to generate.
2024-07-24 10:22:58 INFO  Reusables:47 - Waiting for output.txt to generate.
2024-07-24 10:22:58 INFO  Reusables:47 - Waiting for output.txt to generate.
2024-07-24 10:22:58 INFO  Reusables:47 - Waiting for output.txt to generate.
2024-07-24 10:22:58 INFO  Reusables:47 - Waiting for output.txt to generate.
2024-07-24 10:22:58 INFO  Reusables:47 - Waiting for output.txt to generate.
2024-07-24 10:22:58 INFO  Reusables:47 - Waiting for output.txt to generate.
2024-07-24 10:22:58 INFO  Reusables:47 - Waiting for output.txt to generate.
2024-07-24 10:22:58 INFO  Reusables:47 - Waiting for output.txt to generate.
2024-07-24 10:22:58 INFO  Reusables:47 - Waiting for output.txt to generate.
2024-07-24 10:22:58 INFO  Reusables:47 - Waiting for output.txt to generate.
2024-07-24 10:22:58 INFO  Reusables:47 - Waiting for output.txt to generate.
2024-07-24 10:22:58 INFO  Reusables:47 - Waiting for output.txt to generate.
2024-07-24 10:22:58 INFO  Reusables:47 - Waiting for output.txt to generate.
2024-07-24 10:22:58 INFO  Reusables:47 - Waiting for output.txt to generate.
2024-07-24 10:22:58 INFO  Reusables:47 - Waiting for output.txt to generate.
2024-07-24 10:22:58 INFO  Reusables:47 - Waiting for output.txt to generate.
2024-07-24 10:22:58 INFO  Reusables:47 - Waiting for output.txt to generate.
2024-07-24 10:22:58 INFO  Reusables:47 - Waiting for output.txt to generate.
2024-07-24 10:22:58 INFO  Reusables:47 - Waiting for output.txt to generate.
2024-07-24 10:22:58 INFO  Reusables:47 - Waiting for output.txt to generate.
2024-07-24 10:22:58 INFO  Reusables:47 - Waiting for output.txt to generate.
2024-07-24 10:22:58 INFO  Reusables:47 - Waiting for output.txt to generate.
2024-07-24 10:22:58 INFO  Reusables:47 - Waiting for output.txt to generate.
2024-07-24 10:22:58 INFO  Reusables:47 - Waiting for output.txt to generate.
2024-07-24 10:22:58 INFO  Reusables:47 - Waiting for output.txt to generate.
2024-07-24 10:22:58 INFO  Reusables:47 - Waiting for output.txt to generate.
2024-07-24 10:22:58 INFO  Reusables:47 - Waiting for output.txt to generate.
2024-07-24 10:22:58 INFO  Reusables:47 - Waiting for output.txt to generate.
2024-07-24 10:22:58 INFO  Reusables:47 - Waiting for output.txt to generate.
2024-07-24 10:22:58 INFO  Reusables:47 - Waiting for output.txt to generate.
2024-07-24 10:22:58 INFO  Reusables:47 - Waiting for output.txt to generate.
2024-07-24 10:22:58 INFO  Reusables:47 - Waiting for output.txt to generate.
2024-07-24 10:22:58 INFO  Reusables:47 - Waiting for output.txt to generate.
2024-07-24 10:22:58 INFO  Reusables:47 - Waiting for output.txt to generate.
2024-07-24 10:22:58 INFO  Reusables:47 - Waiting for output.txt to generate.
2024-07-24 10:22:58 INFO  Reusables:47 - Waiting for output.txt to generate.
2024-07-24 10:22:58 INFO  Reusables:47 - Waiting for output.txt to generate.
2024-07-24 10:22:58 INFO  Reusables:47 - Waiting for output.txt to generate.
2024-07-24 10:22:58 INFO  Reusables:47 - Waiting for output.txt to generate.
2024-07-24 10:22:58 INFO  Reusables:47 - Waiting for output.txt to generate.
2024-07-24 10:22:58 INFO  Reusables:47 - Waiting for output.txt to generate.
2024-07-24 10:22:58 INFO  Reusables:47 - Waiting for output.txt to generate.
2024-07-24 10:22:58 INFO  Reusables:47 - Waiting for output.txt to generate.
2024-07-24 10:22:58 INFO  Reusables:47 - Waiting for output.txt to generate.
2024-07-24 10:22:58 INFO  Reusables:47 - Waiting for output.txt to generate.
2024-07-24 10:22:58 INFO  Reusables:47 - Waiting for output.txt to generate.
2024-07-24 10:22:58 INFO  Reusables:47 - Waiting for output.txt to generate.
2024-07-24 10:22:58 INFO  Reusables:47 - Waiting for output.txt to generate.
2024-07-24 10:22:58 INFO  Reusables:47 - Waiting for output.txt to generate.
2024-07-24 10:22:58 INFO  Reusables:47 - Waiting for output.txt to generate.
2024-07-24 10:22:58 INFO  Reusables:47 - Waiting for output.txt to generate.
2024-07-24 10:22:58 INFO  Reusables:47 - Waiting for output.txt to generate.
2024-07-24 10:22:58 INFO  Reusables:47 - Waiting for output.txt to generate.
2024-07-24 10:22:58 INFO  Reusables:47 - Waiting for output.txt to generate.
2024-07-24 10:22:58 INFO  Reusables:47 - Waiting for output.txt to generate.
2024-07-24 10:22:58 INFO  Reusables:47 - Waiting for output.txt to generate.
2024-07-24 10:22:58 INFO  Reusables:47 - Waiting for output.txt to generate.
2024-07-24 10:22:58 INFO  Reusables:47 - Waiting for output.txt to generate.
2024-07-24 10:22:58 INFO  Reusables:47 - Waiting for output.txt to generate.
2024-07-24 10:22:58 INFO  Reusables:47 - Waiting for output.txt to generate.
2024-07-24 10:22:58 INFO  Reusables:47 - Waiting for output.txt to generate.
2024-07-24 10:22:58 INFO  Reusables:47 - Waiting for output.txt to generate.
2024-07-24 10:22:58 INFO  Reusables:47 - Waiting for output.txt to generate.
2024-07-24 10:22:58 INFO  Reusables:47 - Waiting for output.txt to generate.
2024-07-24 10:22:58 INFO  Reusables:47 - Waiting for output.txt to generate.
2024-07-24 10:22:58 INFO  Reusables:47 - Waiting for output.txt to generate.
2024-07-24 10:22:58 INFO  Reusables:47 - Waiting for output.txt to generate.
2024-07-24 10:22:58 INFO  Reusables:47 - Waiting for output.txt to generate.
2024-07-24 10:22:58 INFO  Reusables:47 - Waiting for output.txt to generate.
2024-07-24 10:22:58 INFO  Reusables:47 - Waiting for output.txt to generate.
2024-07-24 10:22:58 INFO  Reusables:47 - Waiting for output.txt to generate.
2024-07-24 10:22:58 INFO  Reusables:47 - Waiting for output.txt to generate.
2024-07-24 10:22:58 INFO  Reusables:47 - Waiting for output.txt to generate.
2024-07-24 10:22:58 INFO  Reusables:47 - Waiting for output.txt to generate.
2024-07-24 10:22:58 INFO  Reusables:47 - Waiting for output.txt to generate.
2024-07-24 10:22:58 INFO  Reusables:47 - Waiting for output.txt to generate.
2024-07-24 10:22:58 INFO  Reusables:47 - Waiting for output.txt to generate.
2024-07-24 10:22:58 INFO  Reusables:47 - Waiting for output.txt to generate.
2024-07-24 10:22:58 INFO  Reusables:47 - Waiting for output.txt to generate.
2024-07-24 10:22:58 INFO  Reusables:47 - Waiting for output.txt to generate.
2024-07-24 10:22:58 INFO  Reusables:47 - Waiting for output.txt to generate.
2024-07-24 10:22:58 INFO  Reusables:47 - Waiting for output.txt to generate.
2024-07-24 10:22:58 INFO  Reusables:47 - Waiting for output.txt to generate.
2024-07-24 10:22:58 INFO  Reusables:47 - Waiting for output.txt to generate.
2024-07-24 10:22:58 INFO  Reusables:47 - Waiting for output.txt to generate.
2024-07-24 10:22:58 INFO  Reusables:47 - Waiting for output.txt to generate.
2024-07-24 10:22:58 INFO  Reusables:47 - Waiting for output.txt to generate.
2024-07-24 10:22:58 INFO  Reusables:47 - Waiting for output.txt to generate.
2024-07-24 10:22:58 INFO  Reusables:47 - Waiting for output.txt to generate.
2024-07-24 10:22:58 INFO  Reusables:47 - Waiting for output.txt to generate.
2024-07-24 10:22:58 INFO  Reusables:47 - Waiting for output.txt to generate.
2024-07-24 10:22:58 INFO  Reusables:47 - Waiting for output.txt to generate.
2024-07-24 10:22:58 INFO  Reusables:47 - Waiting for output.txt to generate.
2024-07-24 10:22:58 INFO  Reusables:47 - Waiting for output.txt to generate.
2024-07-24 10:22:58 INFO  Reusables:47 - Waiting for output.txt to generate.
2024-07-24 10:22:58 INFO  Reusables:47 - Waiting for output.txt to generate.
2024-07-24 10:22:58 INFO  Reusables:47 - Waiting for output.txt to generate.
2024-07-24 10:22:58 INFO  Reusables:47 - Waiting for output.txt to generate.
2024-07-24 10:22:58 INFO  Reusables:47 - Waiting for output.txt to generate.
2024-07-24 10:22:58 INFO  Reusables:47 - Waiting for output.txt to generate.
2024-07-24 10:22:58 INFO  Reusables:47 - Waiting for output.txt to generate.
2024-07-24 10:22:58 INFO  Reusables:47 - Waiting for output.txt to generate.
2024-07-24 10:22:58 INFO  Reusables:47 - Waiting for output.txt to generate.
2024-07-24 10:22:58 INFO  Reusables:47 - Waiting for output.txt to generate.
2024-07-24 10:22:58 INFO  Reusables:47 - Waiting for output.txt to generate.
2024-07-24 10:22:58 INFO  Reusables:47 - Waiting for output.txt to generate.
2024-07-24 10:22:58 INFO  Reusables:47 - Waiting for output.txt to generate.
2024-07-24 10:22:58 INFO  Reusables:47 - Waiting for output.txt to generate.
2024-07-24 10:22:58 INFO  Reusables:47 - Waiting for output.txt to generate.
2024-07-24 10:22:58 INFO  Reusables:47 - Waiting for output.txt to generate.
2024-07-24 10:22:58 INFO  Reusables:47 - Waiting for output.txt to generate.
2024-07-24 10:22:58 INFO  Reusables:47 - Waiting for output.txt to generate.
2024-07-24 10:22:58 INFO  Reusables:47 - Waiting for output.txt to generate.
2024-07-24 10:22:58 INFO  Reusables:47 - Waiting for output.txt to generate.
2024-07-24 10:22:58 INFO  Reusables:47 - Waiting for output.txt to generate.
2024-07-24 10:22:58 INFO  Reusables:47 - Waiting for output.txt to generate.
2024-07-24 10:22:58 INFO  Reusables:47 - Waiting for output.txt to generate.
2024-07-24 10:22:58 INFO  Reusables:47 - Waiting for output.txt to generate.
2024-07-24 10:22:58 INFO  Reusables:47 - Waiting for output.txt to generate.
2024-07-24 10:22:58 INFO  Reusables:47 - Waiting for output.txt to generate.
2024-07-24 10:22:58 INFO  Reusables:47 - Waiting for output.txt to generate.
2024-07-24 10:22:58 INFO  Reusables:47 - Waiting for output.txt to generate.
2024-07-24 10:22:58 INFO  Reusables:47 - Waiting for output.txt to generate.
2024-07-24 10:22:58 INFO  Reusables:47 - Waiting for output.txt to generate.
2024-07-24 10:22:58 INFO  Reusables:47 - Waiting for output.txt to generate.
2024-07-24 10:22:58 INFO  Reusables:47 - Waiting for output.txt to generate.
2024-07-24 10:22:58 INFO  Reusables:47 - Waiting for output.txt to generate.
2024-07-24 10:22:58 INFO  Reusables:47 - Waiting for output.txt to generate.
2024-07-24 10:22:58 INFO  Reusables:47 - Waiting for output.txt to generate.
2024-07-24 10:22:58 INFO  Reusables:47 - Waiting for output.txt to generate.
2024-07-24 10:22:58 INFO  Reusables:47 - Waiting for output.txt to generate.
2024-07-24 10:22:58 INFO  Reusables:47 - Waiting for output.txt to generate.
2024-07-24 10:22:58 INFO  Reusables:47 - Waiting for output.txt to generate.
2024-07-24 10:22:58 INFO  Reusables:47 - Waiting for output.txt to generate.
2024-07-24 10:22:58 INFO  Reusables:47 - Waiting for output.txt to generate.
2024-07-24 10:22:58 INFO  Reusables:47 - Waiting for output.txt to generate.
2024-07-24 10:22:58 INFO  Reusables:47 - Waiting for output.txt to generate.
2024-07-24 10:22:58 INFO  Reusables:47 - Waiting for output.txt to generate.
2024-07-24 10:22:58 INFO  Reusables:47 - Waiting for output.txt to generate.
2024-07-24 10:22:58 INFO  Reusables:47 - Waiting for output.txt to generate.
2024-07-24 10:22:58 INFO  Reusables:47 - Waiting for output.txt to generate.
2024-07-24 10:22:58 INFO  Reusables:47 - Waiting for output.txt to generate.
2024-07-24 10:22:58 INFO  Reusables:47 - Waiting for output.txt to generate.
2024-07-24 10:22:58 INFO  Reusables:47 - Waiting for output.txt to generate.
2024-07-24 10:22:58 INFO  Reusables:47 - Waiting for output.txt to generate.
2024-07-24 10:22:58 INFO  Reusables:47 - Waiting for output.txt to generate.
2024-07-24 10:22:58 INFO  Reusables:47 - Waiting for output.txt to generate.
2024-07-24 10:22:58 INFO  Reusables:47 - Waiting for output.txt to generate.
2024-07-24 10:22:58 INFO  Reusables:47 - Waiting for output.txt to generate.
2024-07-24 10:22:58 INFO  Reusables:47 - Waiting for output.txt to generate.
2024-07-24 10:22:58 INFO  Reusables:47 - Waiting for output.txt to generate.
2024-07-24 10:22:58 INFO  Reusables:47 - Waiting for output.txt to generate.
2024-07-24 10:22:58 INFO  Reusables:47 - Waiting for output.txt to generate.
2024-07-24 10:22:58 INFO  Reusables:47 - Waiting for output.txt to generate.
2024-07-24 10:22:58 INFO  Reusables:47 - Waiting for output.txt to generate.
2024-07-24 10:22:58 INFO  Reusables:47 - Waiting for output.txt to generate.
2024-07-24 10:22:58 INFO  Reusables:47 - Waiting for output.txt to generate.
2024-07-24 10:22:58 INFO  Reusables:47 - Waiting for output.txt to generate.
2024-07-24 10:22:58 INFO  Reusables:47 - Waiting for output.txt to generate.
2024-07-24 10:22:58 INFO  Reusables:47 - Waiting for output.txt to generate.
2024-07-24 10:22:58 INFO  Reusables:47 - Waiting for output.txt to generate.
2024-07-24 10:22:58 INFO  Reusables:47 - Waiting for output.txt to generate.
2024-07-24 10:22:58 INFO  Reusables:47 - Waiting for output.txt to generate.
2024-07-24 10:22:58 INFO  Reusables:47 - Waiting for output.txt to generate.
2024-07-24 10:22:58 INFO  Reusables:47 - Waiting for output.txt to generate.
2024-07-24 10:22:58 INFO  Reusables:47 - Waiting for output.txt to generate.
2024-07-24 10:22:58 INFO  Reusables:47 - Waiting for output.txt to generate.
2024-07-24 10:22:58 INFO  Reusables:47 - Waiting for output.txt to generate.
2024-07-24 10:22:58 INFO  Reusables:47 - Waiting for output.txt to generate.
2024-07-24 10:22:58 INFO  Reusables:47 - Waiting for output.txt to generate.
2024-07-24 10:22:58 INFO  Reusables:47 - Waiting for output.txt to generate.
2024-07-24 10:22:58 INFO  Reusables:47 - Waiting for output.txt to generate.
2024-07-24 10:22:58 INFO  Reusables:47 - Waiting for output.txt to generate.
2024-07-24 10:22:58 INFO  Reusables:47 - Waiting for output.txt to generate.
2024-07-24 10:22:58 INFO  Reusables:47 - Waiting for output.txt to generate.
2024-07-24 10:22:58 INFO  Reusables:47 - Waiting for output.txt to generate.
2024-07-24 10:22:58 INFO  Reusables:47 - Waiting for output.txt to generate.
2024-07-24 10:22:58 INFO  Reusables:47 - Waiting for output.txt to generate.
2024-07-24 10:22:58 INFO  Reusables:47 - Waiting for output.txt to generate.
2024-07-24 10:22:58 INFO  Reusables:47 - Waiting for output.txt to generate.
2024-07-24 10:22:58 INFO  Reusables:47 - Waiting for output.txt to generate.
2024-07-24 10:22:58 INFO  Reusables:47 - Waiting for output.txt to generate.
2024-07-24 10:22:58 INFO  Reusables:47 - Waiting for output.txt to generate.
2024-07-24 10:22:58 INFO  Reusables:47 - Waiting for output.txt to generate.
2024-07-24 10:22:58 INFO  Reusables:47 - Waiting for output.txt to generate.
2024-07-24 10:22:58 INFO  Reusables:47 - Waiting for output.txt to generate.
2024-07-24 10:22:58 INFO  Reusables:47 - Waiting for output.txt to generate.
2024-07-24 10:22:58 INFO  Reusables:47 - Waiting for output.txt to generate.
2024-07-24 10:22:58 INFO  Reusables:47 - Waiting for output.txt to generate.
2024-07-24 10:22:58 INFO  Reusables:47 - Waiting for output.txt to generate.
2024-07-24 10:22:58 INFO  Reusables:47 - Waiting for output.txt to generate.
2024-07-24 10:22:58 INFO  Reusables:47 - Waiting for output.txt to generate.
2024-07-24 10:22:58 INFO  Reusables:47 - Waiting for output.txt to generate.
2024-07-24 10:22:58 INFO  Reusables:47 - Waiting for output.txt to generate.
2024-07-24 10:22:58 INFO  Reusables:47 - Waiting for output.txt to generate.
2024-07-24 10:22:58 INFO  Reusables:47 - Waiting for output.txt to generate.
2024-07-24 10:22:58 INFO  Reusables:47 - Waiting for output.txt to generate.
2024-07-24 10:22:58 INFO  Reusables:47 - Waiting for output.txt to generate.
2024-07-24 10:22:58 INFO  Reusables:47 - Waiting for output.txt to generate.
2024-07-24 10:22:58 INFO  Reusables:47 - Waiting for output.txt to generate.
2024-07-24 10:22:58 INFO  Reusables:47 - Waiting for output.txt to generate.
2024-07-24 10:22:58 INFO  Reusables:47 - Waiting for output.txt to generate.
2024-07-24 10:22:58 INFO  Reusables:47 - Waiting for output.txt to generate.
2024-07-24 10:22:58 INFO  Reusables:47 - Waiting for output.txt to generate.
2024-07-24 10:22:58 INFO  Reusables:47 - Waiting for output.txt to generate.
2024-07-24 10:22:58 INFO  Reusables:47 - Waiting for output.txt to generate.
2024-07-24 10:22:58 INFO  Reusables:47 - Waiting for output.txt to generate.
2024-07-24 10:22:58 INFO  Reusables:47 - Waiting for output.txt to generate.
2024-07-24 10:22:58 INFO  Reusables:47 - Waiting for output.txt to generate.
2024-07-24 10:22:58 INFO  Reusables:47 - Waiting for output.txt to generate.
2024-07-24 10:22:58 INFO  Reusables:47 - Waiting for output.txt to generate.
2024-07-24 10:22:58 INFO  Reusables:47 - Waiting for output.txt to generate.
2024-07-24 10:22:58 INFO  Reusables:47 - Waiting for output.txt to generate.
2024-07-24 10:22:58 INFO  Reusables:47 - Waiting for output.txt to generate.
2024-07-24 10:22:58 INFO  Reusables:47 - Waiting for output.txt to generate.
2024-07-24 10:22:58 INFO  Reusables:47 - Waiting for output.txt to generate.
2024-07-24 10:22:58 INFO  Reusables:47 - Waiting for output.txt to generate.
2024-07-24 10:22:58 INFO  Reusables:47 - Waiting for output.txt to generate.
2024-07-24 10:22:58 INFO  Reusables:47 - Waiting for output.txt to generate.
2024-07-24 10:22:58 INFO  Reusables:47 - Waiting for output.txt to generate.
2024-07-24 10:22:58 INFO  Reusables:47 - Waiting for output.txt to generate.
2024-07-24 10:22:58 INFO  Reusables:47 - Waiting for output.txt to generate.
2024-07-24 10:22:58 INFO  Reusables:47 - Waiting for output.txt to generate.
2024-07-24 10:22:58 INFO  Reusables:47 - Waiting for output.txt to generate.
2024-07-24 10:22:58 INFO  Reusables:47 - Waiting for output.txt to generate.
2024-07-24 10:22:58 INFO  Reusables:47 - Waiting for output.txt to generate.
2024-07-24 10:22:58 INFO  Reusables:47 - Waiting for output.txt to generate.
2024-07-24 10:22:58 INFO  Reusables:47 - Waiting for output.txt to generate.
2024-07-24 10:22:58 INFO  Reusables:47 - Waiting for output.txt to generate.
2024-07-24 10:22:58 INFO  Reusables:47 - Waiting for output.txt to generate.
2024-07-24 10:22:58 INFO  Reusables:47 - Waiting for output.txt to generate.
2024-07-24 10:22:58 INFO  Reusables:47 - Waiting for output.txt to generate.
2024-07-24 10:22:58 INFO  Reusables:47 - Waiting for output.txt to generate.
2024-07-24 10:22:58 INFO  Reusables:47 - Waiting for output.txt to generate.
2024-07-24 10:22:58 INFO  Reusables:47 - Waiting for output.txt to generate.
2024-07-24 10:22:58 INFO  Reusables:47 - Waiting for output.txt to generate.
2024-07-24 10:22:58 INFO  Reusables:47 - Waiting for output.txt to generate.
2024-07-24 10:22:58 INFO  Reusables:47 - Waiting for output.txt to generate.
2024-07-24 10:22:58 INFO  Reusables:47 - Waiting for output.txt to generate.
2024-07-24 10:22:58 INFO  Reusables:47 - Waiting for output.txt to generate.
2024-07-24 10:22:58 INFO  Reusables:47 - Waiting for output.txt to generate.
2024-07-24 10:22:58 INFO  Reusables:47 - Waiting for output.txt to generate.
2024-07-24 10:22:58 INFO  Reusables:47 - Waiting for output.txt to generate.
2024-07-24 10:22:58 INFO  Reusables:47 - Waiting for output.txt to generate.
2024-07-24 10:22:58 INFO  Reusables:47 - Waiting for output.txt to generate.
2024-07-24 10:22:58 INFO  Reusables:47 - Waiting for output.txt to generate.
2024-07-24 10:22:58 INFO  Reusables:47 - Waiting for output.txt to generate.
2024-07-24 10:22:58 INFO  Reusables:47 - Waiting for output.txt to generate.
2024-07-24 10:22:58 INFO  Reusables:47 - Waiting for output.txt to generate.
2024-07-24 10:22:58 INFO  Reusables:47 - Waiting for output.txt to generate.
2024-07-24 10:22:58 INFO  Reusables:47 - Waiting for output.txt to generate.
2024-07-24 10:22:58 INFO  Reusables:47 - Waiting for output.txt to generate.
2024-07-24 10:22:58 INFO  Reusables:47 - Waiting for output.txt to generate.
2024-07-24 10:22:58 INFO  Reusables:47 - Waiting for output.txt to generate.
2024-07-24 10:22:58 INFO  Reusables:47 - Waiting for output.txt to generate.
2024-07-24 10:22:58 INFO  Reusables:47 - Waiting for output.txt to generate.
2024-07-24 10:22:58 INFO  Reusables:47 - Waiting for output.txt to generate.
2024-07-24 10:22:58 INFO  Reusables:47 - Waiting for output.txt to generate.
2024-07-24 10:22:58 INFO  Reusables:47 - Waiting for output.txt to generate.
2024-07-24 10:22:58 INFO  Reusables:47 - Waiting for output.txt to generate.
2024-07-24 10:22:58 INFO  Reusables:47 - Waiting for output.txt to generate.
2024-07-24 10:22:58 INFO  Reusables:47 - Waiting for output.txt to generate.
2024-07-24 10:22:58 INFO  Reusables:47 - Waiting for output.txt to generate.
2024-07-24 10:22:58 INFO  Reusables:47 - Waiting for output.txt to generate.
2024-07-24 10:22:58 INFO  Reusables:47 - Waiting for output.txt to generate.
2024-07-24 10:22:58 INFO  Reusables:47 - Waiting for output.txt to generate.
2024-07-24 10:22:58 INFO  Reusables:47 - Waiting for output.txt to generate.
2024-07-24 10:22:58 INFO  Reusables:47 - Waiting for output.txt to generate.
2024-07-24 10:22:58 INFO  Reusables:47 - Waiting for output.txt to generate.
2024-07-24 10:22:58 INFO  Reusables:47 - Waiting for output.txt to generate.
2024-07-24 10:22:58 INFO  Reusables:47 - Waiting for output.txt to generate.
2024-07-24 10:22:58 INFO  Reusables:47 - Waiting for output.txt to generate.
2024-07-24 10:22:58 INFO  Reusables:47 - Waiting for output.txt to generate.
2024-07-24 10:22:58 INFO  Reusables:47 - Waiting for output.txt to generate.
2024-07-24 10:22:58 INFO  Reusables:47 - Waiting for output.txt to generate.
2024-07-24 10:22:58 INFO  Reusables:47 - Waiting for output.txt to generate.
2024-07-24 10:22:58 INFO  Reusables:47 - Waiting for output.txt to generate.
2024-07-24 10:22:58 INFO  Reusables:47 - Waiting for output.txt to generate.
2024-07-24 10:22:58 INFO  Reusables:47 - Waiting for output.txt to generate.
2024-07-24 10:22:58 INFO  Reusables:47 - Waiting for output.txt to generate.
2024-07-24 10:22:58 INFO  Reusables:47 - Waiting for output.txt to generate.
2024-07-24 10:22:58 INFO  Reusables:47 - Waiting for output.txt to generate.
2024-07-24 10:22:58 INFO  Reusables:47 - Waiting for output.txt to generate.
2024-07-24 10:22:58 INFO  Reusables:47 - Waiting for output.txt to generate.
2024-07-24 10:22:58 INFO  Reusables:47 - Waiting for output.txt to generate.
2024-07-24 10:22:58 INFO  Reusables:47 - Waiting for output.txt to generate.
2024-07-24 10:22:58 INFO  Reusables:47 - Waiting for output.txt to generate.
2024-07-24 10:22:58 INFO  Reusables:47 - Waiting for output.txt to generate.
2024-07-24 10:22:58 INFO  Reusables:47 - Waiting for output.txt to generate.
2024-07-24 10:22:58 INFO  Reusables:47 - Waiting for output.txt to generate.
2024-07-24 10:22:58 INFO  Reusables:47 - Waiting for output.txt to generate.
2024-07-24 10:22:58 INFO  Reusables:47 - Waiting for output.txt to generate.
2024-07-24 10:22:58 INFO  Reusables:47 - Waiting for output.txt to generate.
2024-07-24 10:22:58 INFO  Reusables:47 - Waiting for output.txt to generate.
2024-07-24 10:22:58 INFO  Reusables:47 - Waiting for output.txt to generate.
2024-07-24 10:22:58 INFO  Reusables:47 - Waiting for output.txt to generate.
2024-07-24 10:22:58 INFO  Reusables:47 - Waiting for output.txt to generate.
2024-07-24 10:22:58 INFO  Reusables:47 - Waiting for output.txt to generate.
2024-07-24 10:22:58 INFO  Reusables:47 - Waiting for output.txt to generate.
2024-07-24 10:22:58 INFO  Reusables:47 - Waiting for output.txt to generate.
2024-07-24 10:22:58 INFO  Reusables:47 - Waiting for output.txt to generate.
2024-07-24 10:22:58 INFO  Reusables:47 - Waiting for output.txt to generate.
2024-07-24 10:22:58 INFO  Reusables:47 - Waiting for output.txt to generate.
2024-07-24 10:22:58 INFO  Reusables:47 - Waiting for output.txt to generate.
2024-07-24 10:22:58 INFO  Reusables:47 - Waiting for output.txt to generate.
2024-07-24 10:22:58 INFO  Reusables:47 - Waiting for output.txt to generate.
2024-07-24 10:22:58 INFO  Reusables:47 - Waiting for output.txt to generate.
2024-07-24 10:22:58 INFO  Reusables:47 - Waiting for output.txt to generate.
2024-07-24 10:22:58 INFO  Reusables:47 - Waiting for output.txt to generate.
2024-07-24 10:22:58 INFO  Reusables:47 - Waiting for output.txt to generate.
2024-07-24 10:22:58 INFO  Reusables:47 - Waiting for output.txt to generate.
2024-07-24 10:22:58 INFO  Reusables:47 - Waiting for output.txt to generate.
2024-07-24 10:22:58 INFO  Reusables:47 - Waiting for output.txt to generate.
2024-07-24 10:22:58 INFO  Reusables:47 - Waiting for output.txt to generate.
2024-07-24 10:22:58 INFO  Reusables:47 - Waiting for output.txt to generate.
2024-07-24 10:22:58 INFO  Reusables:47 - Waiting for output.txt to generate.
2024-07-24 10:22:58 INFO  Reusables:47 - Waiting for output.txt to generate.
2024-07-24 10:22:58 INFO  Reusables:47 - Waiting for output.txt to generate.
2024-07-24 10:22:58 INFO  Reusables:47 - Waiting for output.txt to generate.
2024-07-24 10:22:58 INFO  Reusables:47 - Waiting for output.txt to generate.
2024-07-24 10:22:58 INFO  Reusables:47 - Waiting for output.txt to generate.
2024-07-24 10:22:58 INFO  Reusables:47 - Waiting for output.txt to generate.
2024-07-24 10:22:58 INFO  Reusables:47 - Waiting for output.txt to generate.
2024-07-24 10:22:58 INFO  Reusables:47 - Waiting for output.txt to generate.
2024-07-24 10:22:58 INFO  Reusables:47 - Waiting for output.txt to generate.
2024-07-24 10:22:58 INFO  Reusables:47 - Waiting for output.txt to generate.
2024-07-24 10:22:58 INFO  Reusables:47 - Waiting for output.txt to generate.
2024-07-24 10:22:58 INFO  Reusables:47 - Waiting for output.txt to generate.
2024-07-24 10:22:58 INFO  Reusables:47 - Waiting for output.txt to generate.
2024-07-24 10:22:58 INFO  Reusables:47 - Waiting for output.txt to generate.
2024-07-24 10:22:58 INFO  Reusables:47 - Waiting for output.txt to generate.
2024-07-24 10:22:58 INFO  Reusables:47 - Waiting for output.txt to generate.
2024-07-24 10:22:58 INFO  Reusables:47 - Waiting for output.txt to generate.
2024-07-24 10:22:58 INFO  Reusables:47 - Waiting for output.txt to generate.
2024-07-24 10:22:58 INFO  Reusables:47 - Waiting for output.txt to generate.
2024-07-24 10:22:58 INFO  Reusables:47 - Waiting for output.txt to generate.
2024-07-24 10:22:58 INFO  Reusables:47 - Waiting for output.txt to generate.
2024-07-24 10:22:58 INFO  Reusables:47 - Waiting for output.txt to generate.
2024-07-24 10:22:58 INFO  Reusables:47 - Waiting for output.txt to generate.
2024-07-24 10:22:58 INFO  Reusables:47 - Waiting for output.txt to generate.
2024-07-24 10:22:58 INFO  Reusables:47 - Waiting for output.txt to generate.
2024-07-24 10:22:58 INFO  Reusables:47 - Waiting for output.txt to generate.
2024-07-24 10:22:58 INFO  Reusables:47 - Waiting for output.txt to generate.
2024-07-24 10:22:58 INFO  Reusables:47 - Waiting for output.txt to generate.
2024-07-24 10:22:58 INFO  Reusables:47 - Waiting for output.txt to generate.
2024-07-24 10:22:58 INFO  Reusables:47 - Waiting for output.txt to generate.
2024-07-24 10:22:58 INFO  Reusables:47 - Waiting for output.txt to generate.
2024-07-24 10:22:58 INFO  Reusables:47 - Waiting for output.txt to generate.
2024-07-24 10:22:58 INFO  Reusables:47 - Waiting for output.txt to generate.
2024-07-24 10:22:58 INFO  Reusables:47 - Waiting for output.txt to generate.
2024-07-24 10:22:58 INFO  Reusables:47 - Waiting for output.txt to generate.
2024-07-24 10:22:58 INFO  Reusables:47 - Waiting for output.txt to generate.
2024-07-24 10:22:58 INFO  Reusables:47 - Waiting for output.txt to generate.
2024-07-24 10:22:58 INFO  Reusables:47 - Waiting for output.txt to generate.
2024-07-24 10:22:58 INFO  Reusables:47 - Waiting for output.txt to generate.
2024-07-24 10:22:58 INFO  Reusables:47 - Waiting for output.txt to generate.
2024-07-24 10:22:58 INFO  Reusables:47 - Waiting for output.txt to generate.
2024-07-24 10:22:58 INFO  Reusables:47 - Waiting for output.txt to generate.
2024-07-24 10:22:58 INFO  Reusables:47 - Waiting for output.txt to generate.
2024-07-24 10:22:58 INFO  Reusables:47 - Waiting for output.txt to generate.
2024-07-24 10:22:58 INFO  Reusables:47 - Waiting for output.txt to generate.
2024-07-24 10:22:58 INFO  Reusables:47 - Waiting for output.txt to generate.
2024-07-24 10:22:58 INFO  Reusables:47 - Waiting for output.txt to generate.
2024-07-24 10:22:58 INFO  Reusables:47 - Waiting for output.txt to generate.
2024-07-24 10:22:58 INFO  Reusables:47 - Waiting for output.txt to generate.
2024-07-24 10:22:58 INFO  Reusables:47 - Waiting for output.txt to generate.
2024-07-24 10:22:58 INFO  Reusables:47 - Waiting for output.txt to generate.
2024-07-24 10:22:58 INFO  Reusables:47 - Waiting for output.txt to generate.
2024-07-24 10:22:58 INFO  Reusables:47 - Waiting for output.txt to generate.
2024-07-24 10:22:58 INFO  Reusables:47 - Waiting for output.txt to generate.
2024-07-24 10:22:58 INFO  Reusables:47 - Waiting for output.txt to generate.
2024-07-24 10:22:58 INFO  Reusables:47 - Waiting for output.txt to generate.
2024-07-24 10:22:58 INFO  Reusables:47 - Waiting for output.txt to generate.
2024-07-24 10:22:58 INFO  Reusables:47 - Waiting for output.txt to generate.
2024-07-24 10:22:58 INFO  Reusables:47 - Waiting for output.txt to generate.
2024-07-24 10:22:58 INFO  Reusables:47 - Waiting for output.txt to generate.
2024-07-24 10:22:58 INFO  Reusables:47 - Waiting for output.txt to generate.
2024-07-24 10:22:58 INFO  Reusables:47 - Waiting for output.txt to generate.
2024-07-24 10:22:58 INFO  Reusables:47 - Waiting for output.txt to generate.
2024-07-24 10:22:58 INFO  Reusables:47 - Waiting for output.txt to generate.
2024-07-24 10:22:58 INFO  Reusables:47 - Waiting for output.txt to generate.
2024-07-24 10:22:58 INFO  Reusables:47 - Waiting for output.txt to generate.
2024-07-24 10:22:58 INFO  Reusables:47 - Waiting for output.txt to generate.
2024-07-24 10:22:58 INFO  Reusables:47 - Waiting for output.txt to generate.
2024-07-24 10:22:58 INFO  Reusables:47 - Waiting for output.txt to generate.
2024-07-24 10:22:58 INFO  Reusables:47 - Waiting for output.txt to generate.
2024-07-24 10:22:58 INFO  Reusables:47 - Waiting for output.txt to generate.
2024-07-24 10:22:58 INFO  Reusables:47 - Waiting for output.txt to generate.
2024-07-24 10:22:58 INFO  Reusables:47 - Waiting for output.txt to generate.
2024-07-24 10:22:58 INFO  Reusables:47 - Waiting for output.txt to generate.
2024-07-24 10:22:58 INFO  Reusables:47 - Waiting for output.txt to generate.
2024-07-24 10:22:58 INFO  Reusables:47 - Waiting for output.txt to generate.
2024-07-24 10:22:58 INFO  Reusables:47 - Waiting for output.txt to generate.
2024-07-24 10:22:58 INFO  Reusables:47 - Waiting for output.txt to generate.
2024-07-24 10:22:58 INFO  Reusables:47 - Waiting for output.txt to generate.
2024-07-24 10:22:58 INFO  Reusables:47 - Waiting for output.txt to generate.
2024-07-24 10:22:58 INFO  Reusables:47 - Waiting for output.txt to generate.
2024-07-24 10:22:58 INFO  Reusables:47 - Waiting for output.txt to generate.
2024-07-24 10:22:58 INFO  Reusables:47 - Waiting for output.txt to generate.
2024-07-24 10:22:58 INFO  Reusables:47 - Waiting for output.txt to generate.
2024-07-24 10:22:58 INFO  Reusables:47 - Waiting for output.txt to generate.
2024-07-24 10:22:58 INFO  Reusables:47 - Waiting for output.txt to generate.
2024-07-24 10:22:58 INFO  Reusables:47 - Waiting for output.txt to generate.
2024-07-24 10:22:58 INFO  Reusables:47 - Waiting for output.txt to generate.
2024-07-24 10:22:58 INFO  Reusables:47 - Waiting for output.txt to generate.
2024-07-24 10:22:58 INFO  Reusables:47 - Waiting for output.txt to generate.
2024-07-24 10:22:58 INFO  Reusables:47 - Waiting for output.txt to generate.
2024-07-24 10:22:58 INFO  Reusables:47 - Waiting for output.txt to generate.
2024-07-24 10:22:58 INFO  Reusables:47 - Waiting for output.txt to generate.
2024-07-24 10:22:58 INFO  Reusables:47 - Waiting for output.txt to generate.
2024-07-24 10:22:58 INFO  Reusables:47 - Waiting for output.txt to generate.
2024-07-24 10:22:58 INFO  Reusables:47 - Waiting for output.txt to generate.
2024-07-24 10:22:58 INFO  Reusables:47 - Waiting for output.txt to generate.
2024-07-24 10:22:58 INFO  Reusables:47 - Waiting for output.txt to generate.
2024-07-24 10:22:58 INFO  Reusables:47 - Waiting for output.txt to generate.
2024-07-24 10:22:58 INFO  Reusables:47 - Waiting for output.txt to generate.
2024-07-24 10:22:58 INFO  Reusables:47 - Waiting for output.txt to generate.
2024-07-24 10:22:58 INFO  Reusables:47 - Waiting for output.txt to generate.
2024-07-24 10:22:58 INFO  Reusables:47 - Waiting for output.txt to generate.
2024-07-24 10:22:58 INFO  Reusables:47 - Waiting for output.txt to generate.
2024-07-24 10:22:58 INFO  Reusables:47 - Waiting for output.txt to generate.
2024-07-24 10:22:58 INFO  Reusables:47 - Waiting for output.txt to generate.
2024-07-24 10:22:58 INFO  Reusables:47 - Waiting for output.txt to generate.
2024-07-24 10:22:58 INFO  Reusables:47 - Waiting for output.txt to generate.
2024-07-24 10:22:58 INFO  Reusables:47 - Waiting for output.txt to generate.
2024-07-24 10:22:58 INFO  Reusables:47 - Waiting for output.txt to generate.
2024-07-24 10:22:58 INFO  Reusables:47 - Waiting for output.txt to generate.
2024-07-24 10:22:58 INFO  Reusables:47 - Waiting for output.txt to generate.
2024-07-24 10:22:58 INFO  Reusables:47 - Waiting for output.txt to generate.
2024-07-24 10:22:58 INFO  Reusables:47 - Waiting for output.txt to generate.
2024-07-24 10:22:58 INFO  Reusables:47 - Waiting for output.txt to generate.
2024-07-24 10:22:58 INFO  Reusables:47 - Waiting for output.txt to generate.
2024-07-24 10:22:58 INFO  Reusables:47 - Waiting for output.txt to generate.
2024-07-24 10:22:58 INFO  Reusables:47 - Waiting for output.txt to generate.
2024-07-24 10:22:58 INFO  Reusables:47 - Waiting for output.txt to generate.
2024-07-24 10:22:58 INFO  Reusables:47 - Waiting for output.txt to generate.
2024-07-24 10:22:58 INFO  Reusables:47 - Waiting for output.txt to generate.
2024-07-24 10:22:58 INFO  Reusables:47 - Waiting for output.txt to generate.
2024-07-24 10:22:58 INFO  Reusables:47 - Waiting for output.txt to generate.
2024-07-24 10:22:58 INFO  Reusables:47 - Waiting for output.txt to generate.
2024-07-24 10:22:58 INFO  Reusables:47 - Waiting for output.txt to generate.
2024-07-24 10:22:58 INFO  Reusables:47 - Waiting for output.txt to generate.
2024-07-24 10:22:58 INFO  Reusables:47 - Waiting for output.txt to generate.
2024-07-24 10:22:58 INFO  Reusables:47 - Waiting for output.txt to generate.
2024-07-24 10:22:58 INFO  Reusables:47 - Waiting for output.txt to generate.
2024-07-24 10:22:58 INFO  Reusables:47 - Waiting for output.txt to generate.
2024-07-24 10:22:58 INFO  Reusables:47 - Waiting for output.txt to generate.
2024-07-24 10:22:58 INFO  Reusables:47 - Waiting for output.txt to generate.
2024-07-24 10:22:58 INFO  Reusables:47 - Waiting for output.txt to generate.
2024-07-24 10:22:58 INFO  Reusables:47 - Waiting for output.txt to generate.
2024-07-24 10:22:58 INFO  Reusables:47 - Waiting for output.txt to generate.
2024-07-24 10:22:58 INFO  Reusables:47 - Waiting for output.txt to generate.
2024-07-24 10:22:58 INFO  Reusables:47 - Waiting for output.txt to generate.
2024-07-24 10:22:58 INFO  Reusables:47 - Waiting for output.txt to generate.
2024-07-24 10:22:58 INFO  Reusables:47 - Waiting for output.txt to generate.
2024-07-24 10:22:58 INFO  Reusables:47 - Waiting for output.txt to generate.
2024-07-24 10:22:58 INFO  Reusables:47 - Waiting for output.txt to generate.
2024-07-24 10:22:58 INFO  Reusables:47 - Waiting for output.txt to generate.
2024-07-24 10:22:58 INFO  Reusables:47 - Waiting for output.txt to generate.
2024-07-24 10:22:58 INFO  Reusables:47 - Waiting for output.txt to generate.
2024-07-24 10:22:58 INFO  Reusables:47 - Waiting for output.txt to generate.
2024-07-24 10:22:58 INFO  Reusables:47 - Waiting for output.txt to generate.
2024-07-24 10:22:58 INFO  Reusables:47 - Waiting for output.txt to generate.
2024-07-24 10:22:58 INFO  Reusables:47 - Waiting for output.txt to generate.
2024-07-24 10:22:58 INFO  Reusables:47 - Waiting for output.txt to generate.
2024-07-24 10:22:58 INFO  Reusables:47 - Waiting for output.txt to generate.
2024-07-24 10:22:58 INFO  Reusables:47 - Waiting for output.txt to generate.
2024-07-24 10:22:58 INFO  Reusables:47 - Waiting for output.txt to generate.
2024-07-24 10:22:58 INFO  Reusables:47 - Waiting for output.txt to generate.
2024-07-24 10:22:58 INFO  Reusables:47 - Waiting for output.txt to generate.
2024-07-24 10:22:58 INFO  Reusables:47 - Waiting for output.txt to generate.
2024-07-24 10:22:58 INFO  Reusables:47 - Waiting for output.txt to generate.
2024-07-24 10:22:58 INFO  Reusables:47 - Waiting for output.txt to generate.
2024-07-24 10:22:58 INFO  Reusables:47 - Waiting for output.txt to generate.
2024-07-24 10:22:58 INFO  Reusables:47 - Waiting for output.txt to generate.
2024-07-24 10:22:58 INFO  Reusables:47 - Waiting for output.txt to generate.
2024-07-24 10:22:58 INFO  Reusables:47 - Waiting for output.txt to generate.
2024-07-24 10:22:58 INFO  Reusables:47 - Waiting for output.txt to generate.
2024-07-24 10:22:58 INFO  Reusables:47 - Waiting for output.txt to generate.
2024-07-24 10:22:58 INFO  Reusables:47 - Waiting for output.txt to generate.
2024-07-24 10:22:58 INFO  Reusables:47 - Waiting for output.txt to generate.
2024-07-24 10:22:58 INFO  Reusables:47 - Waiting for output.txt to generate.
2024-07-24 10:22:58 INFO  Reusables:47 - Waiting for output.txt to generate.
2024-07-24 10:22:58 INFO  Reusables:47 - Waiting for output.txt to generate.
2024-07-24 10:22:58 INFO  Reusables:47 - Waiting for output.txt to generate.
2024-07-24 10:22:58 INFO  Reusables:47 - Waiting for output.txt to generate.
2024-07-24 10:22:58 INFO  Reusables:47 - Waiting for output.txt to generate.
2024-07-24 10:22:58 INFO  Reusables:47 - Waiting for output.txt to generate.
2024-07-24 10:22:58 INFO  Reusables:47 - Waiting for output.txt to generate.
2024-07-24 10:22:58 INFO  Reusables:47 - Waiting for output.txt to generate.
2024-07-24 10:22:58 INFO  Reusables:47 - Waiting for output.txt to generate.
2024-07-24 10:22:58 INFO  Reusables:47 - Waiting for output.txt to generate.
2024-07-24 10:22:58 INFO  Reusables:47 - Waiting for output.txt to generate.
2024-07-24 10:22:58 INFO  Reusables:47 - Waiting for output.txt to generate.
2024-07-24 10:22:58 INFO  Reusables:47 - Waiting for output.txt to generate.
2024-07-24 10:22:58 INFO  Reusables:47 - Waiting for output.txt to generate.
2024-07-24 10:22:58 INFO  Reusables:47 - Waiting for output.txt to generate.
2024-07-24 10:22:58 INFO  Reusables:47 - Waiting for output.txt to generate.
2024-07-24 10:22:58 INFO  Reusables:47 - Waiting for output.txt to generate.
2024-07-24 10:22:58 INFO  Reusables:47 - Waiting for output.txt to generate.
2024-07-24 10:22:58 INFO  Reusables:47 - Waiting for output.txt to generate.
2024-07-24 10:22:58 INFO  Reusables:47 - Waiting for output.txt to generate.
2024-07-24 10:22:58 INFO  Reusables:47 - Waiting for output.txt to generate.
2024-07-24 10:22:58 INFO  Reusables:47 - Waiting for output.txt to generate.
2024-07-24 10:22:58 INFO  Reusables:47 - Waiting for output.txt to generate.
2024-07-24 10:22:58 INFO  Reusables:47 - Waiting for output.txt to generate.
2024-07-24 10:22:58 INFO  Reusables:47 - Waiting for output.txt to generate.
2024-07-24 10:22:58 INFO  Reusables:47 - Waiting for output.txt to generate.
2024-07-24 10:22:58 INFO  Reusables:47 - Waiting for output.txt to generate.
2024-07-24 10:22:58 INFO  Reusables:47 - Waiting for output.txt to generate.
2024-07-24 10:22:58 INFO  Reusables:47 - Waiting for output.txt to generate.
2024-07-24 10:22:58 INFO  Reusables:47 - Waiting for output.txt to generate.
2024-07-24 10:22:58 INFO  Reusables:47 - Waiting for output.txt to generate.
2024-07-24 10:22:58 INFO  Reusables:47 - Waiting for output.txt to generate.
2024-07-24 10:22:58 INFO  Reusables:47 - Waiting for output.txt to generate.
2024-07-24 10:22:58 INFO  Reusables:47 - Waiting for output.txt to generate.
2024-07-24 10:22:58 INFO  Reusables:47 - Waiting for output.txt to generate.
2024-07-24 10:22:58 INFO  Reusables:47 - Waiting for output.txt to generate.
2024-07-24 10:22:58 INFO  Reusables:47 - Waiting for output.txt to generate.
2024-07-24 10:22:58 INFO  Reusables:47 - Waiting for output.txt to generate.
2024-07-24 10:22:58 INFO  Reusables:47 - Waiting for output.txt to generate.
2024-07-24 10:22:58 INFO  Reusables:47 - Waiting for output.txt to generate.
2024-07-24 10:22:58 INFO  Reusables:47 - Waiting for output.txt to generate.
2024-07-24 10:22:58 INFO  Reusables:47 - Waiting for output.txt to generate.
2024-07-24 10:22:58 INFO  Reusables:47 - Waiting for output.txt to generate.
2024-07-24 10:22:58 INFO  Reusables:47 - Waiting for output.txt to generate.
2024-07-24 10:22:58 INFO  Reusables:47 - Waiting for output.txt to generate.
2024-07-24 10:22:58 INFO  Reusables:47 - Waiting for output.txt to generate.
2024-07-24 10:22:58 INFO  Reusables:47 - Waiting for output.txt to generate.
2024-07-24 10:22:58 INFO  Reusables:47 - Waiting for output.txt to generate.
2024-07-24 10:22:58 INFO  Reusables:47 - Waiting for output.txt to generate.
2024-07-24 10:22:58 INFO  Reusables:47 - Waiting for output.txt to generate.
2024-07-24 10:22:58 INFO  Reusables:47 - Waiting for output.txt to generate.
2024-07-24 10:22:58 INFO  Reusables:47 - Waiting for output.txt to generate.
2024-07-24 10:22:58 INFO  Reusables:47 - Waiting for output.txt to generate.
2024-07-24 10:22:58 INFO  Reusables:47 - Waiting for output.txt to generate.
2024-07-24 10:22:58 INFO  Reusables:47 - Waiting for output.txt to generate.
2024-07-24 10:22:58 INFO  Reusables:47 - Waiting for output.txt to generate.
2024-07-24 10:22:58 INFO  Reusables:47 - Waiting for output.txt to generate.
2024-07-24 10:22:58 INFO  Reusables:47 - Waiting for output.txt to generate.
2024-07-24 10:22:58 INFO  Reusables:47 - Waiting for output.txt to generate.
2024-07-24 10:22:58 INFO  Reusables:47 - Waiting for output.txt to generate.
2024-07-24 10:22:58 INFO  Reusables:47 - Waiting for output.txt to generate.
2024-07-24 10:22:58 INFO  Reusables:47 - Waiting for output.txt to generate.
2024-07-24 10:22:58 INFO  Reusables:47 - Waiting for output.txt to generate.
2024-07-24 10:22:58 INFO  Reusables:47 - Waiting for output.txt to generate.
2024-07-24 10:22:58 INFO  Reusables:47 - Waiting for output.txt to generate.
2024-07-24 10:22:58 INFO  Reusables:47 - Waiting for output.txt to generate.
2024-07-24 10:22:58 INFO  Reusables:47 - Waiting for output.txt to generate.
2024-07-24 10:22:58 INFO  Reusables:47 - Waiting for output.txt to generate.
2024-07-24 10:22:58 INFO  Reusables:47 - Waiting for output.txt to generate.
2024-07-24 10:22:58 INFO  Reusables:47 - Waiting for output.txt to generate.
2024-07-24 10:22:58 INFO  Reusables:47 - Waiting for output.txt to generate.
2024-07-24 10:22:58 INFO  Reusables:47 - Waiting for output.txt to generate.
2024-07-24 10:22:58 INFO  Reusables:47 - Waiting for output.txt to generate.
2024-07-24 10:22:58 INFO  Reusables:47 - Waiting for output.txt to generate.
2024-07-24 10:22:58 INFO  Reusables:47 - Waiting for output.txt to generate.
2024-07-24 10:22:58 INFO  Reusables:47 - Waiting for output.txt to generate.
2024-07-24 10:22:58 INFO  Reusables:47 - Waiting for output.txt to generate.
2024-07-24 10:22:58 INFO  Reusables:47 - Waiting for output.txt to generate.
2024-07-24 10:22:58 INFO  Reusables:47 - Waiting for output.txt to generate.
2024-07-24 10:22:58 INFO  Reusables:47 - Waiting for output.txt to generate.
2024-07-24 10:22:58 INFO  Reusables:47 - Waiting for output.txt to generate.
2024-07-24 10:22:58 INFO  Reusables:47 - Waiting for output.txt to generate.
2024-07-24 10:22:58 INFO  Reusables:47 - Waiting for output.txt to generate.
2024-07-24 10:22:58 INFO  Reusables:47 - Waiting for output.txt to generate.
2024-07-24 10:22:58 INFO  Reusables:47 - Waiting for output.txt to generate.
2024-07-24 10:22:58 INFO  Reusables:47 - Waiting for output.txt to generate.
2024-07-24 10:22:58 INFO  Reusables:47 - Waiting for output.txt to generate.
2024-07-24 10:22:58 INFO  Reusables:47 - Waiting for output.txt to generate.
2024-07-24 10:22:58 INFO  Reusables:47 - Waiting for output.txt to generate.
2024-07-24 10:22:58 INFO  Reusables:47 - Waiting for output.txt to generate.
2024-07-24 10:22:58 INFO  Reusables:47 - Waiting for output.txt to generate.
2024-07-24 10:22:58 INFO  Reusables:47 - Waiting for output.txt to generate.
2024-07-24 10:22:58 INFO  Reusables:47 - Waiting for output.txt to generate.
2024-07-24 10:22:58 INFO  Reusables:47 - Waiting for output.txt to generate.
2024-07-24 10:22:58 INFO  Reusables:47 - Waiting for output.txt to generate.
2024-07-24 10:22:58 INFO  Reusables:47 - Waiting for output.txt to generate.
2024-07-24 10:22:58 INFO  Reusables:47 - Waiting for output.txt to generate.
2024-07-24 10:22:58 INFO  Reusables:47 - Waiting for output.txt to generate.
2024-07-24 10:22:58 INFO  Reusables:47 - Waiting for output.txt to generate.
2024-07-24 10:22:58 INFO  Reusables:47 - Waiting for output.txt to generate.
2024-07-24 10:22:58 INFO  Reusables:47 - Waiting for output.txt to generate.
2024-07-24 10:22:58 INFO  Reusables:47 - Waiting for output.txt to generate.
2024-07-24 10:22:58 INFO  Reusables:47 - Waiting for output.txt to generate.
2024-07-24 10:22:58 INFO  Reusables:47 - Waiting for output.txt to generate.
2024-07-24 10:22:58 INFO  Reusables:47 - Waiting for output.txt to generate.
2024-07-24 10:22:58 INFO  Reusables:47 - Waiting for output.txt to generate.
2024-07-24 10:22:58 INFO  Reusables:47 - Waiting for output.txt to generate.
2024-07-24 10:22:58 INFO  Reusables:47 - Waiting for output.txt to generate.
2024-07-24 10:22:58 INFO  Reusables:47 - Waiting for output.txt to generate.
2024-07-24 10:22:58 INFO  Reusables:47 - Waiting for output.txt to generate.
2024-07-24 10:22:58 INFO  Reusables:47 - Waiting for output.txt to generate.
2024-07-24 10:22:58 INFO  Reusables:47 - Waiting for output.txt to generate.
2024-07-24 10:22:58 INFO  Reusables:47 - Waiting for output.txt to generate.
2024-07-24 10:22:58 INFO  Reusables:47 - Waiting for output.txt to generate.
2024-07-24 10:22:58 INFO  Reusables:47 - Waiting for output.txt to generate.
2024-07-24 10:22:58 INFO  Reusables:47 - Waiting for output.txt to generate.
2024-07-24 10:22:58 INFO  Reusables:47 - Waiting for output.txt to generate.
2024-07-24 10:22:58 INFO  Reusables:47 - Waiting for output.txt to generate.
2024-07-24 10:22:58 INFO  Reusables:47 - Waiting for output.txt to generate.
2024-07-24 10:22:58 INFO  Reusables:47 - Waiting for output.txt to generate.
2024-07-24 10:22:58 INFO  Reusables:47 - Waiting for output.txt to generate.
2024-07-24 10:22:58 INFO  Reusables:47 - Waiting for output.txt to generate.
2024-07-24 10:22:58 INFO  Reusables:47 - Waiting for output.txt to generate.
2024-07-24 10:22:58 INFO  Reusables:47 - Waiting for output.txt to generate.
2024-07-24 10:22:58 INFO  Reusables:47 - Waiting for output.txt to generate.
2024-07-24 10:22:58 INFO  Reusables:47 - Waiting for output.txt to generate.
2024-07-24 10:22:58 INFO  Reusables:47 - Waiting for output.txt to generate.
2024-07-24 10:22:58 INFO  Reusables:47 - Waiting for output.txt to generate.
2024-07-24 10:22:58 INFO  Reusables:47 - Waiting for output.txt to generate.
2024-07-24 10:22:58 INFO  Reusables:47 - Waiting for output.txt to generate.
2024-07-24 10:22:58 INFO  Reusables:47 - Waiting for output.txt to generate.
2024-07-24 10:22:58 INFO  Reusables:47 - Waiting for output.txt to generate.
2024-07-24 10:22:58 INFO  Reusables:47 - Waiting for output.txt to generate.
2024-07-24 10:22:58 INFO  Reusables:47 - Waiting for output.txt to generate.
2024-07-24 10:22:58 INFO  Reusables:47 - Waiting for output.txt to generate.
2024-07-24 10:22:58 INFO  Reusables:47 - Waiting for output.txt to generate.
2024-07-24 10:22:58 INFO  Reusables:47 - Waiting for output.txt to generate.
2024-07-24 10:22:58 INFO  Reusables:47 - Waiting for output.txt to generate.
2024-07-24 10:22:58 INFO  Reusables:47 - Waiting for output.txt to generate.
2024-07-24 10:22:58 INFO  Reusables:47 - Waiting for output.txt to generate.
2024-07-24 10:22:58 INFO  Reusables:47 - Waiting for output.txt to generate.
2024-07-24 10:22:58 INFO  Reusables:47 - Waiting for output.txt to generate.
2024-07-24 10:22:58 INFO  Reusables:47 - Waiting for output.txt to generate.
2024-07-24 10:22:58 INFO  Reusables:47 - Waiting for output.txt to generate.
2024-07-24 10:22:58 INFO  Reusables:47 - Waiting for output.txt to generate.
2024-07-24 10:22:58 INFO  Reusables:47 - Waiting for output.txt to generate.
2024-07-24 10:22:58 INFO  Reusables:47 - Waiting for output.txt to generate.
2024-07-24 10:22:58 INFO  Reusables:47 - Waiting for output.txt to generate.
2024-07-24 10:22:58 INFO  Reusables:47 - Waiting for output.txt to generate.
2024-07-24 10:22:58 INFO  Reusables:47 - Waiting for output.txt to generate.
2024-07-24 10:22:58 INFO  Reusables:47 - Waiting for output.txt to generate.
2024-07-24 10:22:58 INFO  Reusables:47 - Waiting for output.txt to generate.
2024-07-24 10:22:58 INFO  Reusables:47 - Waiting for output.txt to generate.
2024-07-24 10:22:58 INFO  Reusables:47 - Waiting for output.txt to generate.
2024-07-24 10:22:58 INFO  Reusables:47 - Waiting for output.txt to generate.
2024-07-24 10:22:58 INFO  Reusables:47 - Waiting for output.txt to generate.
2024-07-24 10:22:58 INFO  Reusables:47 - Waiting for output.txt to generate.
2024-07-24 10:22:58 INFO  Reusables:47 - Waiting for output.txt to generate.
2024-07-24 10:22:58 INFO  Reusables:47 - Waiting for output.txt to generate.
2024-07-24 10:22:58 INFO  Reusables:47 - Waiting for output.txt to generate.
2024-07-24 10:22:58 INFO  Reusables:47 - Waiting for output.txt to generate.
2024-07-24 10:22:58 INFO  Reusables:47 - Waiting for output.txt to generate.
2024-07-24 10:22:58 INFO  Reusables:47 - Waiting for output.txt to generate.
2024-07-24 10:22:58 INFO  Reusables:47 - Waiting for output.txt to generate.
2024-07-24 10:22:58 INFO  Reusables:47 - Waiting for output.txt to generate.
2024-07-24 10:22:58 INFO  Reusables:47 - Waiting for output.txt to generate.
2024-07-24 10:22:58 INFO  Reusables:47 - Waiting for output.txt to generate.
2024-07-24 10:22:58 INFO  Reusables:47 - Waiting for output.txt to generate.
2024-07-24 10:22:58 INFO  Reusables:47 - Waiting for output.txt to generate.
2024-07-24 10:22:58 INFO  Reusables:47 - Waiting for output.txt to generate.
2024-07-24 10:22:58 INFO  Reusables:47 - Waiting for output.txt to generate.
2024-07-24 10:22:58 INFO  Reusables:47 - Waiting for output.txt to generate.
2024-07-24 10:22:58 INFO  Reusables:47 - Waiting for output.txt to generate.
2024-07-24 10:22:58 INFO  Reusables:47 - Waiting for output.txt to generate.
2024-07-24 10:22:58 INFO  Reusables:47 - Waiting for output.txt to generate.
2024-07-24 10:22:58 INFO  Reusables:47 - Waiting for output.txt to generate.
2024-07-24 10:22:58 INFO  Reusables:47 - Waiting for output.txt to generate.
2024-07-24 10:22:58 INFO  Reusables:47 - Waiting for output.txt to generate.
2024-07-24 10:22:58 INFO  Reusables:47 - Waiting for output.txt to generate.
2024-07-24 10:22:58 INFO  Reusables:47 - Waiting for output.txt to generate.
2024-07-24 10:22:58 INFO  Reusables:47 - Waiting for output.txt to generate.
2024-07-24 10:22:58 INFO  Reusables:47 - Waiting for output.txt to generate.
2024-07-24 10:22:58 INFO  Reusables:47 - Waiting for output.txt to generate.
2024-07-24 10:22:58 INFO  Reusables:47 - Waiting for output.txt to generate.
2024-07-24 10:22:58 INFO  Reusables:47 - Waiting for output.txt to generate.
2024-07-24 10:22:58 INFO  Reusables:47 - Waiting for output.txt to generate.
2024-07-24 10:22:58 INFO  Reusables:47 - Waiting for output.txt to generate.
2024-07-24 10:22:58 INFO  Reusables:47 - Waiting for output.txt to generate.
2024-07-24 10:22:58 INFO  Reusables:47 - Waiting for output.txt to generate.
2024-07-24 10:22:58 INFO  Reusables:47 - Waiting for output.txt to generate.
2024-07-24 10:22:58 INFO  Reusables:47 - Waiting for output.txt to generate.
2024-07-24 10:22:58 INFO  Reusables:47 - Waiting for output.txt to generate.
2024-07-24 10:22:58 INFO  Reusables:47 - Waiting for output.txt to generate.
2024-07-24 10:22:58 INFO  Reusables:47 - Waiting for output.txt to generate.
2024-07-24 10:22:58 INFO  Reusables:47 - Waiting for output.txt to generate.
2024-07-24 10:22:58 INFO  Reusables:47 - Waiting for output.txt to generate.
2024-07-24 10:22:58 INFO  Reusables:47 - Waiting for output.txt to generate.
2024-07-24 10:22:58 INFO  Reusables:47 - Waiting for output.txt to generate.
2024-07-24 10:22:58 INFO  Reusables:47 - Waiting for output.txt to generate.
2024-07-24 10:22:58 INFO  Reusables:47 - Waiting for output.txt to generate.
2024-07-24 10:22:58 INFO  Reusables:47 - Waiting for output.txt to generate.
2024-07-24 10:22:58 INFO  Reusables:47 - Waiting for output.txt to generate.
2024-07-24 10:22:58 INFO  Reusables:47 - Waiting for output.txt to generate.
2024-07-24 10:22:58 INFO  Reusables:47 - Waiting for output.txt to generate.
2024-07-24 10:22:58 INFO  Reusables:47 - Waiting for output.txt to generate.
2024-07-24 10:22:58 INFO  Reusables:47 - Waiting for output.txt to generate.
2024-07-24 10:22:58 INFO  Reusables:47 - Waiting for output.txt to generate.
2024-07-24 10:22:58 INFO  Reusables:47 - Waiting for output.txt to generate.
2024-07-24 10:22:58 INFO  Reusables:47 - Waiting for output.txt to generate.
2024-07-24 10:22:58 INFO  Reusables:47 - Waiting for output.txt to generate.
2024-07-24 10:22:58 INFO  Reusables:47 - Waiting for output.txt to generate.
2024-07-24 10:22:58 INFO  Reusables:47 - Waiting for output.txt to generate.
2024-07-24 10:22:58 INFO  Reusables:47 - Waiting for output.txt to generate.
2024-07-24 10:22:58 INFO  Reusables:47 - Waiting for output.txt to generate.
2024-07-24 10:22:58 INFO  Reusables:47 - Waiting for output.txt to generate.
2024-07-24 10:22:58 INFO  Reusables:47 - Waiting for output.txt to generate.
2024-07-24 10:22:58 INFO  Reusables:47 - Waiting for output.txt to generate.
2024-07-24 10:22:58 INFO  Reusables:47 - Waiting for output.txt to generate.
2024-07-24 10:22:58 INFO  Reusables:47 - Waiting for output.txt to generate.
2024-07-24 10:22:58 INFO  Reusables:47 - Waiting for output.txt to generate.
2024-07-24 10:22:58 INFO  Reusables:47 - Waiting for output.txt to generate.
2024-07-24 10:22:58 INFO  Reusables:47 - Waiting for output.txt to generate.
2024-07-24 10:22:58 INFO  Reusables:47 - Waiting for output.txt to generate.
2024-07-24 10:22:58 INFO  Reusables:47 - Waiting for output.txt to generate.
2024-07-24 10:22:58 INFO  Reusables:47 - Waiting for output.txt to generate.
2024-07-24 10:22:58 INFO  Reusables:47 - Waiting for output.txt to generate.
2024-07-24 10:22:58 INFO  Reusables:47 - Waiting for output.txt to generate.
2024-07-24 10:22:58 INFO  Reusables:47 - Waiting for output.txt to generate.
2024-07-24 10:22:58 INFO  Reusables:47 - Waiting for output.txt to generate.
2024-07-24 10:22:58 INFO  Reusables:47 - Waiting for output.txt to generate.
2024-07-24 10:22:58 INFO  Reusables:47 - Waiting for output.txt to generate.
2024-07-24 10:22:58 INFO  Reusables:47 - Waiting for output.txt to generate.
2024-07-24 10:22:58 INFO  Reusables:47 - Waiting for output.txt to generate.
2024-07-24 10:22:58 INFO  Reusables:47 - Waiting for output.txt to generate.
2024-07-24 10:22:58 INFO  Reusables:47 - Waiting for output.txt to generate.
2024-07-24 10:22:58 INFO  Reusables:47 - Waiting for output.txt to generate.
2024-07-24 10:22:58 INFO  Reusables:47 - Waiting for output.txt to generate.
2024-07-24 10:22:58 INFO  Reusables:47 - Waiting for output.txt to generate.
2024-07-24 10:22:58 INFO  Reusables:47 - Waiting for output.txt to generate.
2024-07-24 10:22:58 INFO  Reusables:47 - Waiting for output.txt to generate.
2024-07-24 10:22:58 INFO  Reusables:47 - Waiting for output.txt to generate.
2024-07-24 10:22:58 INFO  Reusables:47 - Waiting for output.txt to generate.
2024-07-24 10:22:58 INFO  Reusables:47 - Waiting for output.txt to generate.
2024-07-24 10:22:58 INFO  Reusables:47 - Waiting for output.txt to generate.
2024-07-24 10:22:58 INFO  Reusables:47 - Waiting for output.txt to generate.
2024-07-24 10:22:58 INFO  Reusables:47 - Waiting for output.txt to generate.
2024-07-24 10:22:58 INFO  Reusables:47 - Waiting for output.txt to generate.
2024-07-24 10:22:58 INFO  Reusables:47 - Waiting for output.txt to generate.
2024-07-24 10:22:58 INFO  Reusables:47 - Waiting for output.txt to generate.
2024-07-24 10:22:58 INFO  Reusables:47 - Waiting for output.txt to generate.
2024-07-24 10:22:58 INFO  Reusables:47 - Waiting for output.txt to generate.
2024-07-24 10:22:58 INFO  Reusables:47 - Waiting for output.txt to generate.
2024-07-24 10:22:58 INFO  Reusables:47 - Waiting for output.txt to generate.
2024-07-24 10:22:58 INFO  Reusables:47 - Waiting for output.txt to generate.
2024-07-24 10:22:58 INFO  Reusables:47 - Waiting for output.txt to generate.
2024-07-24 10:22:58 INFO  Reusables:47 - Waiting for output.txt to generate.
2024-07-24 10:22:58 INFO  Reusables:47 - Waiting for output.txt to generate.
2024-07-24 10:22:58 INFO  Reusables:47 - Waiting for output.txt to generate.
2024-07-24 10:22:58 INFO  Reusables:47 - Waiting for output.txt to generate.
2024-07-24 10:22:58 INFO  Reusables:47 - Waiting for output.txt to generate.
2024-07-24 10:22:58 INFO  Reusables:47 - Waiting for output.txt to generate.
2024-07-24 10:22:58 INFO  Reusables:47 - Waiting for output.txt to generate.
2024-07-24 10:22:58 INFO  Reusables:47 - Waiting for output.txt to generate.
2024-07-24 10:22:58 INFO  Reusables:47 - Waiting for output.txt to generate.
2024-07-24 10:22:58 INFO  Reusables:47 - Waiting for output.txt to generate.
2024-07-24 10:22:58 INFO  Reusables:47 - Waiting for output.txt to generate.
2024-07-24 10:22:58 INFO  Reusables:47 - Waiting for output.txt to generate.
2024-07-24 10:22:58 INFO  Reusables:47 - Waiting for output.txt to generate.
2024-07-24 10:22:58 INFO  Reusables:47 - Waiting for output.txt to generate.
2024-07-24 10:22:58 INFO  Reusables:47 - Waiting for output.txt to generate.
2024-07-24 10:22:58 INFO  Reusables:47 - Waiting for output.txt to generate.
2024-07-24 10:22:58 INFO  Reusables:47 - Waiting for output.txt to generate.
2024-07-24 10:22:58 INFO  Reusables:47 - Waiting for output.txt to generate.
2024-07-24 10:22:58 INFO  Reusables:47 - Waiting for output.txt to generate.
2024-07-24 10:22:58 INFO  Reusables:47 - Waiting for output.txt to generate.
2024-07-24 10:22:58 INFO  Reusables:47 - Waiting for output.txt to generate.
2024-07-24 10:22:58 INFO  Reusables:47 - Waiting for output.txt to generate.
2024-07-24 10:22:58 INFO  Reusables:47 - Waiting for output.txt to generate.
2024-07-24 10:22:58 INFO  Reusables:47 - Waiting for output.txt to generate.
2024-07-24 10:22:58 INFO  Reusables:47 - Waiting for output.txt to generate.
2024-07-24 10:22:58 INFO  Reusables:47 - Waiting for output.txt to generate.
2024-07-24 10:22:58 INFO  Reusables:47 - Waiting for output.txt to generate.
2024-07-24 10:22:58 INFO  Reusables:47 - Waiting for output.txt to generate.
2024-07-24 10:22:58 INFO  Reusables:47 - Waiting for output.txt to generate.
2024-07-24 10:22:58 INFO  Reusables:47 - Waiting for output.txt to generate.
2024-07-24 10:22:58 INFO  Reusables:47 - Waiting for output.txt to generate.
2024-07-24 10:22:58 INFO  Reusables:47 - Waiting for output.txt to generate.
2024-07-24 10:22:58 INFO  Reusables:47 - Waiting for output.txt to generate.
2024-07-24 10:22:58 INFO  Reusables:47 - Waiting for output.txt to generate.
2024-07-24 10:22:58 INFO  Reusables:47 - Waiting for output.txt to generate.
2024-07-24 10:22:58 INFO  Reusables:47 - Waiting for output.txt to generate.
2024-07-24 10:22:58 INFO  Reusables:47 - Waiting for output.txt to generate.
2024-07-24 10:22:58 INFO  Reusables:47 - Waiting for output.txt to generate.
2024-07-24 10:22:58 INFO  Reusables:47 - Waiting for output.txt to generate.
2024-07-24 10:22:58 INFO  Reusables:47 - Waiting for output.txt to generate.
2024-07-24 10:22:58 INFO  Reusables:47 - Waiting for output.txt to generate.
2024-07-24 10:22:58 INFO  Reusables:47 - Waiting for output.txt to generate.
2024-07-24 10:22:58 INFO  Reusables:47 - Waiting for output.txt to generate.
2024-07-24 10:22:58 INFO  Reusables:47 - Waiting for output.txt to generate.
2024-07-24 10:22:58 INFO  Reusables:47 - Waiting for output.txt to generate.
2024-07-24 10:22:58 INFO  Reusables:47 - Waiting for output.txt to generate.
2024-07-24 10:22:58 INFO  Reusables:47 - Waiting for output.txt to generate.
2024-07-24 10:22:58 INFO  Reusables:47 - Waiting for output.txt to generate.
2024-07-24 10:22:58 INFO  Reusables:47 - Waiting for output.txt to generate.
2024-07-24 10:22:58 INFO  Reusables:47 - Waiting for output.txt to generate.
2024-07-24 10:22:58 INFO  Reusables:47 - Waiting for output.txt to generate.
2024-07-24 10:22:58 INFO  Reusables:47 - Waiting for output.txt to generate.
2024-07-24 10:22:58 INFO  Reusables:47 - Waiting for output.txt to generate.
2024-07-24 10:22:58 INFO  Reusables:47 - Waiting for output.txt to generate.
2024-07-24 10:22:58 INFO  Reusables:47 - Waiting for output.txt to generate.
2024-07-24 10:22:58 INFO  Reusables:47 - Waiting for output.txt to generate.
2024-07-24 10:22:58 INFO  Reusables:47 - Waiting for output.txt to generate.
2024-07-24 10:22:58 INFO  Reusables:47 - Waiting for output.txt to generate.
2024-07-24 10:22:58 INFO  Reusables:47 - Waiting for output.txt to generate.
2024-07-24 10:22:58 INFO  Reusables:47 - Waiting for output.txt to generate.
2024-07-24 10:22:58 INFO  Reusables:47 - Waiting for output.txt to generate.
2024-07-24 10:22:58 INFO  Reusables:47 - Waiting for output.txt to generate.
2024-07-24 10:22:58 INFO  Reusables:47 - Waiting for output.txt to generate.
2024-07-24 10:22:58 INFO  Reusables:47 - Waiting for output.txt to generate.
2024-07-24 10:22:58 INFO  Reusables:47 - Waiting for output.txt to generate.
2024-07-24 10:22:58 INFO  Reusables:47 - Waiting for output.txt to generate.
2024-07-24 10:22:58 INFO  Reusables:47 - Waiting for output.txt to generate.
2024-07-24 10:22:58 INFO  Reusables:47 - Waiting for output.txt to generate.
2024-07-24 10:22:58 INFO  Reusables:47 - Waiting for output.txt to generate.
2024-07-24 10:22:58 INFO  Reusables:47 - Waiting for output.txt to generate.
2024-07-24 10:22:58 INFO  Reusables:47 - Waiting for output.txt to generate.
2024-07-24 10:22:58 INFO  Reusables:47 - Waiting for output.txt to generate.
2024-07-24 10:22:58 INFO  Reusables:47 - Waiting for output.txt to generate.
2024-07-24 10:22:58 INFO  Reusables:47 - Waiting for output.txt to generate.
2024-07-24 10:22:58 INFO  Reusables:47 - Waiting for output.txt to generate.
2024-07-24 10:22:58 INFO  Reusables:47 - Waiting for output.txt to generate.
2024-07-24 10:22:58 INFO  Reusables:47 - Waiting for output.txt to generate.
2024-07-24 10:22:58 INFO  Reusables:47 - Waiting for output.txt to generate.
2024-07-24 10:22:58 INFO  Reusables:47 - Waiting for output.txt to generate.
2024-07-24 10:22:58 INFO  Reusables:47 - Waiting for output.txt to generate.
2024-07-24 10:22:58 INFO  Reusables:47 - Waiting for output.txt to generate.
2024-07-24 10:22:58 INFO  Reusables:47 - Waiting for output.txt to generate.
2024-07-24 10:22:58 INFO  Reusables:47 - Waiting for output.txt to generate.
2024-07-24 10:22:58 INFO  Reusables:47 - Waiting for output.txt to generate.
2024-07-24 10:22:58 INFO  Reusables:47 - Waiting for output.txt to generate.
2024-07-24 10:22:58 INFO  Reusables:47 - Waiting for output.txt to generate.
2024-07-24 10:22:58 INFO  Reusables:47 - Waiting for output.txt to generate.
2024-07-24 10:22:58 INFO  Reusables:47 - Waiting for output.txt to generate.
2024-07-24 10:22:58 INFO  Reusables:47 - Waiting for output.txt to generate.
2024-07-24 10:22:58 INFO  Reusables:47 - Waiting for output.txt to generate.
2024-07-24 10:22:58 INFO  Reusables:47 - Waiting for output.txt to generate.
2024-07-24 10:22:58 INFO  Reusables:47 - Waiting for output.txt to generate.
2024-07-24 10:22:58 INFO  Reusables:47 - Waiting for output.txt to generate.
2024-07-24 10:22:58 INFO  Reusables:47 - Waiting for output.txt to generate.
2024-07-24 10:22:58 INFO  Reusables:47 - Waiting for output.txt to generate.
2024-07-24 10:22:58 INFO  Reusables:47 - Waiting for output.txt to generate.
2024-07-24 10:22:58 INFO  Reusables:47 - Waiting for output.txt to generate.
2024-07-24 10:22:58 INFO  Reusables:47 - Waiting for output.txt to generate.
2024-07-24 10:22:58 INFO  Reusables:47 - Waiting for output.txt to generate.
2024-07-24 10:22:58 INFO  Reusables:47 - Waiting for output.txt to generate.
2024-07-24 10:22:58 INFO  Reusables:47 - Waiting for output.txt to generate.
2024-07-24 10:22:58 INFO  Reusables:47 - Waiting for output.txt to generate.
2024-07-24 10:22:58 INFO  Reusables:47 - Waiting for output.txt to generate.
2024-07-24 10:22:58 INFO  Reusables:47 - Waiting for output.txt to generate.
2024-07-24 10:22:58 INFO  Reusables:47 - Waiting for output.txt to generate.
2024-07-24 10:22:58 INFO  Reusables:47 - Waiting for output.txt to generate.
2024-07-24 10:22:58 INFO  Reusables:47 - Waiting for output.txt to generate.
2024-07-24 10:22:58 INFO  Reusables:47 - Waiting for output.txt to generate.
2024-07-24 10:22:58 INFO  Reusables:47 - Waiting for output.txt to generate.
2024-07-24 10:22:58 INFO  Reusables:47 - Waiting for output.txt to generate.
2024-07-24 10:22:58 INFO  Reusables:47 - Waiting for output.txt to generate.
2024-07-24 10:22:58 INFO  Reusables:47 - Waiting for output.txt to generate.
2024-07-24 10:22:58 INFO  Reusables:47 - Waiting for output.txt to generate.
2024-07-24 10:22:58 INFO  Reusables:47 - Waiting for output.txt to generate.
2024-07-24 10:22:58 INFO  Reusables:47 - Waiting for output.txt to generate.
2024-07-24 10:22:58 INFO  Reusables:47 - Waiting for output.txt to generate.
2024-07-24 10:22:58 INFO  Reusables:47 - Waiting for output.txt to generate.
2024-07-24 10:22:58 INFO  Reusables:47 - Waiting for output.txt to generate.
2024-07-24 10:22:58 INFO  Reusables:47 - Waiting for output.txt to generate.
2024-07-24 10:22:58 INFO  Reusables:47 - Waiting for output.txt to generate.
2024-07-24 10:22:58 INFO  Reusables:47 - Waiting for output.txt to generate.
2024-07-24 10:22:58 INFO  Reusables:47 - Waiting for output.txt to generate.
2024-07-24 10:22:58 INFO  Reusables:47 - Waiting for output.txt to generate.
2024-07-24 10:22:58 INFO  Reusables:47 - Waiting for output.txt to generate.
2024-07-24 10:22:58 INFO  Reusables:47 - Waiting for output.txt to generate.
2024-07-24 10:22:58 INFO  Reusables:47 - Waiting for output.txt to generate.
2024-07-24 10:22:58 INFO  Reusables:47 - Waiting for output.txt to generate.
2024-07-24 10:22:58 INFO  Reusables:47 - Waiting for output.txt to generate.
2024-07-24 10:22:58 INFO  Reusables:47 - Waiting for output.txt to generate.
2024-07-24 10:22:58 INFO  Reusables:47 - Waiting for output.txt to generate.
2024-07-24 10:22:58 INFO  Reusables:47 - Waiting for output.txt to generate.
2024-07-24 10:22:58 INFO  Reusables:47 - Waiting for output.txt to generate.
2024-07-24 10:22:58 INFO  Reusables:47 - Waiting for output.txt to generate.
2024-07-24 10:22:58 INFO  Reusables:47 - Waiting for output.txt to generate.
2024-07-24 10:22:58 INFO  Reusables:47 - Waiting for output.txt to generate.
2024-07-24 10:22:58 INFO  Reusables:47 - Waiting for output.txt to generate.
2024-07-24 10:22:58 INFO  Reusables:47 - Waiting for output.txt to generate.
2024-07-24 10:22:58 INFO  Reusables:47 - Waiting for output.txt to generate.
2024-07-24 10:22:58 INFO  Reusables:47 - Waiting for output.txt to generate.
2024-07-24 10:22:58 INFO  Reusables:47 - Waiting for output.txt to generate.
2024-07-24 10:22:58 INFO  Reusables:47 - Waiting for output.txt to generate.
2024-07-24 10:22:58 INFO  Reusables:47 - Waiting for output.txt to generate.
2024-07-24 10:22:58 INFO  Reusables:47 - Waiting for output.txt to generate.
2024-07-24 10:22:58 INFO  Reusables:47 - Waiting for output.txt to generate.
2024-07-24 10:22:58 INFO  Reusables:47 - Waiting for output.txt to generate.
2024-07-24 10:22:58 INFO  Reusables:47 - Waiting for output.txt to generate.
2024-07-24 10:22:58 INFO  Reusables:47 - Waiting for output.txt to generate.
2024-07-24 10:22:58 INFO  Reusables:47 - Waiting for output.txt to generate.
2024-07-24 10:22:58 INFO  Reusables:47 - Waiting for output.txt to generate.
2024-07-24 10:22:58 INFO  Reusables:47 - Waiting for output.txt to generate.
2024-07-24 10:22:58 INFO  Reusables:47 - Waiting for output.txt to generate.
2024-07-24 10:22:58 INFO  Reusables:47 - Waiting for output.txt to generate.
2024-07-24 10:22:58 INFO  Reusables:47 - Waiting for output.txt to generate.
2024-07-24 10:22:58 INFO  Reusables:47 - Waiting for output.txt to generate.
2024-07-24 10:22:58 INFO  Reusables:47 - Waiting for output.txt to generate.
2024-07-24 10:22:58 INFO  Reusables:47 - Waiting for output.txt to generate.
2024-07-24 10:22:58 INFO  Reusables:47 - Waiting for output.txt to generate.
2024-07-24 10:22:58 INFO  Reusables:47 - Waiting for output.txt to generate.
2024-07-24 10:22:58 INFO  Reusables:47 - Waiting for output.txt to generate.
2024-07-24 10:22:58 INFO  Reusables:47 - Waiting for output.txt to generate.
2024-07-24 10:22:58 INFO  Reusables:47 - Waiting for output.txt to generate.
2024-07-24 10:22:58 INFO  Reusables:47 - Waiting for output.txt to generate.
2024-07-24 10:22:58 INFO  Reusables:47 - Waiting for output.txt to generate.
2024-07-24 10:22:58 INFO  Reusables:47 - Waiting for output.txt to generate.
2024-07-24 10:22:58 INFO  Reusables:47 - Waiting for output.txt to generate.
2024-07-24 10:22:58 INFO  Reusables:47 - Waiting for output.txt to generate.
2024-07-24 10:22:58 INFO  Reusables:47 - Waiting for output.txt to generate.
2024-07-24 10:22:58 INFO  Reusables:47 - Waiting for output.txt to generate.
2024-07-24 10:22:58 INFO  Reusables:47 - Waiting for output.txt to generate.
2024-07-24 10:22:58 INFO  Reusables:47 - Waiting for output.txt to generate.
2024-07-24 10:22:58 INFO  Reusables:47 - Waiting for output.txt to generate.
2024-07-24 10:22:58 INFO  Reusables:47 - Waiting for output.txt to generate.
2024-07-24 10:22:58 INFO  Reusables:47 - Waiting for output.txt to generate.
2024-07-24 10:22:58 INFO  Reusables:47 - Waiting for output.txt to generate.
2024-07-24 10:22:58 INFO  Reusables:47 - Waiting for output.txt to generate.
2024-07-24 10:22:58 INFO  Reusables:47 - Waiting for output.txt to generate.
2024-07-24 10:22:58 INFO  Reusables:47 - Waiting for output.txt to generate.
2024-07-24 10:22:58 INFO  Reusables:47 - Waiting for output.txt to generate.
2024-07-24 10:22:58 INFO  Reusables:47 - Waiting for output.txt to generate.
2024-07-24 10:22:58 INFO  Reusables:47 - Waiting for output.txt to generate.
2024-07-24 10:22:58 INFO  Reusables:47 - Waiting for output.txt to generate.
2024-07-24 10:22:58 INFO  Reusables:47 - Waiting for output.txt to generate.
2024-07-24 10:22:58 INFO  Reusables:47 - Waiting for output.txt to generate.
2024-07-24 10:22:58 INFO  Reusables:47 - Waiting for output.txt to generate.
2024-07-24 10:22:58 INFO  Reusables:47 - Waiting for output.txt to generate.
2024-07-24 10:22:58 INFO  Reusables:47 - Waiting for output.txt to generate.
2024-07-24 10:22:58 INFO  Reusables:47 - Waiting for output.txt to generate.
2024-07-24 10:22:58 INFO  Reusables:47 - Waiting for output.txt to generate.
2024-07-24 10:22:58 INFO  Reusables:47 - Waiting for output.txt to generate.
2024-07-24 10:22:58 INFO  Reusables:47 - Waiting for output.txt to generate.
2024-07-24 10:22:58 INFO  Reusables:47 - Waiting for output.txt to generate.
2024-07-24 10:22:58 INFO  Reusables:47 - Waiting for output.txt to generate.
2024-07-24 10:22:58 INFO  Reusables:47 - Waiting for output.txt to generate.
2024-07-24 10:22:58 INFO  Reusables:47 - Waiting for output.txt to generate.
2024-07-24 10:22:58 INFO  Reusables:47 - Waiting for output.txt to generate.
2024-07-24 10:22:58 INFO  Reusables:47 - Waiting for output.txt to generate.
2024-07-24 10:22:58 INFO  Reusables:47 - Waiting for output.txt to generate.
2024-07-24 10:22:58 INFO  Reusables:47 - Waiting for output.txt to generate.
2024-07-24 10:22:58 INFO  Reusables:47 - Waiting for output.txt to generate.
2024-07-24 10:22:58 INFO  Reusables:47 - Waiting for output.txt to generate.
2024-07-24 10:22:58 INFO  Reusables:47 - Waiting for output.txt to generate.
2024-07-24 10:22:58 INFO  Reusables:47 - Waiting for output.txt to generate.
2024-07-24 10:22:58 INFO  Reusables:47 - Waiting for output.txt to generate.
2024-07-24 10:22:58 INFO  Reusables:47 - Waiting for output.txt to generate.
2024-07-24 10:22:58 INFO  Reusables:47 - Waiting for output.txt to generate.
2024-07-24 10:22:58 INFO  Reusables:47 - Waiting for output.txt to generate.
2024-07-24 10:22:58 INFO  Reusables:47 - Waiting for output.txt to generate.
2024-07-24 10:22:58 INFO  Reusables:47 - Waiting for output.txt to generate.
2024-07-24 10:22:58 INFO  Reusables:47 - Waiting for output.txt to generate.
2024-07-24 10:22:58 INFO  Reusables:47 - Waiting for output.txt to generate.
2024-07-24 10:22:58 INFO  Reusables:47 - Waiting for output.txt to generate.
2024-07-24 10:22:58 INFO  Reusables:47 - Waiting for output.txt to generate.
2024-07-24 10:22:58 INFO  Reusables:47 - Waiting for output.txt to generate.
2024-07-24 10:22:58 INFO  Reusables:47 - Waiting for output.txt to generate.
2024-07-24 10:22:58 INFO  Reusables:47 - Waiting for output.txt to generate.
2024-07-24 10:22:58 INFO  Reusables:47 - Waiting for output.txt to generate.
2024-07-24 10:22:58 INFO  Reusables:47 - Waiting for output.txt to generate.
2024-07-24 10:22:58 INFO  Reusables:47 - Waiting for output.txt to generate.
2024-07-24 10:22:58 INFO  Reusables:47 - Waiting for output.txt to generate.
2024-07-24 10:22:58 INFO  Reusables:47 - Waiting for output.txt to generate.
2024-07-24 10:22:58 INFO  Reusables:47 - Waiting for output.txt to generate.
2024-07-24 10:22:58 INFO  Reusables:47 - Waiting for output.txt to generate.
2024-07-24 10:22:58 INFO  Reusables:47 - Waiting for output.txt to generate.
2024-07-24 10:22:58 INFO  Reusables:47 - Waiting for output.txt to generate.
2024-07-24 10:22:58 INFO  Reusables:47 - Waiting for output.txt to generate.
2024-07-24 10:22:58 INFO  Reusables:47 - Waiting for output.txt to generate.
2024-07-24 10:22:58 INFO  Reusables:47 - Waiting for output.txt to generate.
2024-07-24 10:22:58 INFO  Reusables:47 - Waiting for output.txt to generate.
2024-07-24 10:22:58 INFO  Reusables:47 - Waiting for output.txt to generate.
2024-07-24 10:22:58 INFO  Reusables:47 - Waiting for output.txt to generate.
2024-07-24 10:22:58 INFO  Reusables:47 - Waiting for output.txt to generate.
2024-07-24 10:22:58 INFO  Reusables:47 - Waiting for output.txt to generate.
2024-07-24 10:22:58 INFO  Reusables:47 - Waiting for output.txt to generate.
2024-07-24 10:22:58 INFO  Reusables:47 - Waiting for output.txt to generate.
2024-07-24 10:22:58 INFO  Reusables:47 - Waiting for output.txt to generate.
2024-07-24 10:22:58 INFO  Reusables:47 - Waiting for output.txt to generate.
2024-07-24 10:22:58 INFO  Reusables:47 - Waiting for output.txt to generate.
2024-07-24 10:22:58 INFO  Reusables:47 - Waiting for output.txt to generate.
2024-07-24 10:22:58 INFO  Reusables:47 - Waiting for output.txt to generate.
2024-07-24 10:22:58 INFO  Reusables:47 - Waiting for output.txt to generate.
2024-07-24 10:22:58 INFO  Reusables:47 - Waiting for output.txt to generate.
2024-07-24 10:22:58 INFO  Reusables:47 - Waiting for output.txt to generate.
2024-07-24 10:22:58 INFO  Reusables:47 - Waiting for output.txt to generate.
2024-07-24 10:22:58 INFO  Reusables:47 - Waiting for output.txt to generate.
2024-07-24 10:22:58 INFO  Reusables:47 - Waiting for output.txt to generate.
2024-07-24 10:22:58 INFO  Reusables:47 - Waiting for output.txt to generate.
2024-07-24 10:22:58 INFO  Reusables:47 - Waiting for output.txt to generate.
2024-07-24 10:22:58 INFO  Reusables:47 - Waiting for output.txt to generate.
2024-07-24 10:22:58 INFO  Reusables:47 - Waiting for output.txt to generate.
2024-07-24 10:22:58 INFO  Reusables:47 - Waiting for output.txt to generate.
2024-07-24 10:22:58 INFO  Reusables:47 - Waiting for output.txt to generate.
2024-07-24 10:22:58 INFO  Reusables:47 - Waiting for output.txt to generate.
2024-07-24 10:22:58 INFO  Reusables:47 - Waiting for output.txt to generate.
2024-07-24 10:22:58 INFO  Reusables:47 - Waiting for output.txt to generate.
2024-07-24 10:22:58 INFO  Reusables:47 - Waiting for output.txt to generate.
2024-07-24 10:22:58 INFO  Reusables:47 - Waiting for output.txt to generate.
2024-07-24 10:22:58 INFO  Reusables:47 - Waiting for output.txt to generate.
2024-07-24 10:22:58 INFO  Reusables:47 - Waiting for output.txt to generate.
2024-07-24 10:22:58 INFO  Reusables:47 - Waiting for output.txt to generate.
2024-07-24 10:22:58 INFO  Reusables:47 - Waiting for output.txt to generate.
2024-07-24 10:22:58 INFO  Reusables:47 - Waiting for output.txt to generate.
2024-07-24 10:22:58 INFO  Reusables:47 - Waiting for output.txt to generate.
2024-07-24 10:22:58 INFO  Reusables:47 - Waiting for output.txt to generate.
2024-07-24 10:22:58 INFO  Reusables:47 - Waiting for output.txt to generate.
2024-07-24 10:22:58 INFO  Reusables:47 - Waiting for output.txt to generate.
2024-07-24 10:22:58 INFO  Reusables:47 - Waiting for output.txt to generate.
2024-07-24 10:22:58 INFO  Reusables:47 - Waiting for output.txt to generate.
2024-07-24 10:22:58 INFO  Reusables:47 - Waiting for output.txt to generate.
2024-07-24 10:22:58 INFO  Reusables:47 - Waiting for output.txt to generate.
2024-07-24 10:22:58 INFO  Reusables:47 - Waiting for output.txt to generate.
2024-07-24 10:22:58 INFO  Reusables:47 - Waiting for output.txt to generate.
2024-07-24 10:22:58 INFO  Reusables:47 - Waiting for output.txt to generate.
2024-07-24 10:22:58 INFO  Reusables:47 - Waiting for output.txt to generate.
2024-07-24 10:22:58 INFO  Reusables:47 - Waiting for output.txt to generate.
2024-07-24 10:22:58 INFO  Reusables:47 - Waiting for output.txt to generate.
2024-07-24 10:22:58 INFO  Reusables:47 - Waiting for output.txt to generate.
2024-07-24 10:22:58 INFO  Reusables:47 - Waiting for output.txt to generate.
2024-07-24 10:22:58 INFO  Reusables:47 - Waiting for output.txt to generate.
2024-07-24 10:22:58 INFO  Reusables:47 - Waiting for output.txt to generate.
2024-07-24 10:22:58 INFO  Reusables:47 - Waiting for output.txt to generate.
2024-07-24 10:22:58 INFO  Reusables:47 - Waiting for output.txt to generate.
2024-07-24 10:22:58 INFO  Reusables:47 - Waiting for output.txt to generate.
2024-07-24 10:22:58 INFO  Reusables:47 - Waiting for output.txt to generate.
2024-07-24 10:22:58 INFO  Reusables:47 - Waiting for output.txt to generate.
2024-07-24 10:22:58 INFO  Reusables:47 - Waiting for output.txt to generate.
2024-07-24 10:22:58 INFO  Reusables:47 - Waiting for output.txt to generate.
2024-07-24 10:22:58 INFO  Reusables:47 - Waiting for output.txt to generate.
2024-07-24 10:22:58 INFO  Reusables:47 - Waiting for output.txt to generate.
2024-07-24 10:22:58 INFO  Reusables:47 - Waiting for output.txt to generate.
2024-07-24 10:22:58 INFO  Reusables:47 - Waiting for output.txt to generate.
2024-07-24 10:22:58 INFO  Reusables:47 - Waiting for output.txt to generate.
2024-07-24 10:22:58 INFO  Reusables:47 - Waiting for output.txt to generate.
2024-07-24 10:22:58 INFO  Reusables:47 - Waiting for output.txt to generate.
2024-07-24 10:22:58 INFO  Reusables:47 - Waiting for output.txt to generate.
2024-07-24 10:22:58 INFO  Reusables:47 - Waiting for output.txt to generate.
2024-07-24 10:22:58 INFO  Reusables:47 - Waiting for output.txt to generate.
2024-07-24 10:22:58 INFO  Reusables:47 - Waiting for output.txt to generate.
2024-07-24 10:22:58 INFO  Reusables:47 - Waiting for output.txt to generate.
2024-07-24 10:22:58 INFO  Reusables:47 - Waiting for output.txt to generate.
2024-07-24 10:22:58 INFO  Reusables:47 - Waiting for output.txt to generate.
2024-07-24 10:22:58 INFO  Reusables:47 - Waiting for output.txt to generate.
2024-07-24 10:22:58 INFO  Reusables:47 - Waiting for output.txt to generate.
2024-07-24 10:22:58 INFO  Reusables:47 - Waiting for output.txt to generate.
2024-07-24 10:22:58 INFO  Reusables:47 - Waiting for output.txt to generate.
2024-07-24 10:22:58 INFO  Reusables:47 - Waiting for output.txt to generate.
2024-07-24 10:22:58 INFO  Reusables:47 - Waiting for output.txt to generate.
2024-07-24 10:22:58 INFO  Reusables:47 - Waiting for output.txt to generate.
2024-07-24 10:22:58 INFO  Reusables:47 - Waiting for output.txt to generate.
2024-07-24 10:22:58 INFO  Reusables:47 - Waiting for output.txt to generate.
2024-07-24 10:22:58 INFO  Reusables:47 - Waiting for output.txt to generate.
2024-07-24 10:22:58 INFO  Reusables:47 - Waiting for output.txt to generate.
2024-07-24 10:22:58 INFO  Reusables:47 - Waiting for output.txt to generate.
2024-07-24 10:22:58 INFO  Reusables:47 - Waiting for output.txt to generate.
2024-07-24 10:22:58 INFO  Reusables:47 - Waiting for output.txt to generate.
2024-07-24 10:22:58 INFO  Reusables:47 - Waiting for output.txt to generate.
2024-07-24 10:22:58 INFO  Reusables:47 - Waiting for output.txt to generate.
2024-07-24 10:22:58 INFO  Reusables:47 - Waiting for output.txt to generate.
2024-07-24 10:22:58 INFO  Reusables:47 - Waiting for output.txt to generate.
2024-07-24 10:22:58 INFO  Reusables:47 - Waiting for output.txt to generate.
2024-07-24 10:22:58 INFO  Reusables:47 - Waiting for output.txt to generate.
2024-07-24 10:22:58 INFO  Reusables:47 - Waiting for output.txt to generate.
2024-07-24 10:22:58 INFO  Reusables:47 - Waiting for output.txt to generate.
2024-07-24 10:22:58 INFO  Reusables:47 - Waiting for output.txt to generate.
2024-07-24 10:22:58 INFO  Reusables:47 - Waiting for output.txt to generate.
2024-07-24 10:22:58 INFO  Reusables:47 - Waiting for output.txt to generate.
2024-07-24 10:22:58 INFO  Reusables:47 - Waiting for output.txt to generate.
2024-07-24 10:22:58 INFO  Reusables:47 - Waiting for output.txt to generate.
2024-07-24 10:22:58 INFO  Reusables:47 - Waiting for output.txt to generate.
2024-07-24 10:22:58 INFO  Reusables:47 - Waiting for output.txt to generate.
2024-07-24 10:22:58 INFO  Reusables:47 - Waiting for output.txt to generate.
2024-07-24 10:22:58 INFO  Reusables:47 - Waiting for output.txt to generate.
2024-07-24 10:22:58 INFO  Reusables:47 - Waiting for output.txt to generate.
2024-07-24 10:22:58 INFO  Reusables:47 - Waiting for output.txt to generate.
2024-07-24 10:22:58 INFO  Reusables:47 - Waiting for output.txt to generate.
2024-07-24 10:22:58 INFO  Reusables:47 - Waiting for output.txt to generate.
2024-07-24 10:22:58 INFO  Reusables:47 - Waiting for output.txt to generate.
2024-07-24 10:22:58 INFO  Reusables:47 - Waiting for output.txt to generate.
2024-07-24 10:22:58 INFO  Reusables:47 - Waiting for output.txt to generate.
2024-07-24 10:22:58 INFO  Reusables:47 - Waiting for output.txt to generate.
2024-07-24 10:22:58 INFO  Reusables:47 - Waiting for output.txt to generate.
2024-07-24 10:22:58 INFO  Reusables:47 - Waiting for output.txt to generate.
2024-07-24 10:22:58 INFO  Reusables:47 - Waiting for output.txt to generate.
2024-07-24 10:22:58 INFO  Reusables:47 - Waiting for output.txt to generate.
2024-07-24 10:22:58 INFO  Reusables:47 - Waiting for output.txt to generate.
2024-07-24 10:22:58 INFO  Reusables:47 - Waiting for output.txt to generate.
2024-07-24 10:22:58 INFO  Reusables:47 - Waiting for output.txt to generate.
2024-07-24 10:22:58 INFO  Reusables:47 - Waiting for output.txt to generate.
2024-07-24 10:22:58 INFO  Reusables:47 - Waiting for output.txt to generate.
2024-07-24 10:22:58 INFO  Reusables:47 - Waiting for output.txt to generate.
2024-07-24 10:22:58 INFO  Reusables:47 - Waiting for output.txt to generate.
2024-07-24 10:22:58 INFO  Reusables:47 - Waiting for output.txt to generate.
2024-07-24 10:22:58 INFO  Reusables:47 - Waiting for output.txt to generate.
2024-07-24 10:22:58 INFO  Reusables:47 - Waiting for output.txt to generate.
2024-07-24 10:22:58 INFO  Reusables:47 - Waiting for output.txt to generate.
2024-07-24 10:22:58 INFO  Reusables:47 - Waiting for output.txt to generate.
2024-07-24 10:22:58 INFO  Reusables:47 - Waiting for output.txt to generate.
2024-07-24 10:22:58 INFO  Reusables:47 - Waiting for output.txt to generate.
2024-07-24 10:22:58 INFO  Reusables:47 - Waiting for output.txt to generate.
2024-07-24 10:22:58 INFO  Reusables:47 - Waiting for output.txt to generate.
2024-07-24 10:22:58 INFO  Reusables:47 - Waiting for output.txt to generate.
2024-07-24 10:22:58 INFO  Reusables:47 - Waiting for output.txt to generate.
2024-07-24 10:22:58 INFO  Reusables:47 - Waiting for output.txt to generate.
2024-07-24 10:22:58 INFO  Reusables:47 - Waiting for output.txt to generate.
2024-07-24 10:22:58 INFO  Reusables:47 - Waiting for output.txt to generate.
2024-07-24 10:22:58 INFO  Reusables:47 - Waiting for output.txt to generate.
2024-07-24 10:22:58 INFO  Reusables:47 - Waiting for output.txt to generate.
2024-07-24 10:22:58 INFO  Reusables:47 - Waiting for output.txt to generate.
2024-07-24 10:22:58 INFO  Reusables:47 - Waiting for output.txt to generate.
2024-07-24 10:22:58 INFO  Reusables:47 - Waiting for output.txt to generate.
2024-07-24 10:22:58 INFO  Reusables:47 - Waiting for output.txt to generate.
2024-07-24 10:22:58 INFO  Reusables:47 - Waiting for output.txt to generate.
2024-07-24 10:22:58 INFO  Reusables:47 - Waiting for output.txt to generate.
2024-07-24 10:22:58 INFO  Reusables:47 - Waiting for output.txt to generate.
2024-07-24 10:22:58 INFO  Reusables:47 - Waiting for output.txt to generate.
2024-07-24 10:22:58 INFO  Reusables:47 - Waiting for output.txt to generate.
2024-07-24 10:22:58 INFO  Reusables:47 - Waiting for output.txt to generate.
2024-07-24 10:22:58 INFO  Reusables:47 - Waiting for output.txt to generate.
2024-07-24 10:22:58 INFO  Reusables:47 - Waiting for output.txt to generate.
2024-07-24 10:22:58 INFO  Reusables:47 - Waiting for output.txt to generate.
2024-07-24 10:22:58 INFO  Reusables:47 - Waiting for output.txt to generate.
2024-07-24 10:22:58 INFO  Reusables:47 - Waiting for output.txt to generate.
2024-07-24 10:22:58 INFO  Reusables:47 - Waiting for output.txt to generate.
2024-07-24 10:22:58 INFO  Reusables:47 - Waiting for output.txt to generate.
2024-07-24 10:22:58 INFO  Reusables:47 - Waiting for output.txt to generate.
2024-07-24 10:22:58 INFO  Reusables:47 - Waiting for output.txt to generate.
2024-07-24 10:22:58 INFO  Reusables:47 - Waiting for output.txt to generate.
2024-07-24 10:22:58 INFO  Reusables:47 - Waiting for output.txt to generate.
2024-07-24 10:22:58 INFO  Reusables:47 - Waiting for output.txt to generate.
2024-07-24 10:22:58 INFO  Reusables:47 - Waiting for output.txt to generate.
2024-07-24 10:22:58 INFO  Reusables:47 - Waiting for output.txt to generate.
2024-07-24 10:22:58 INFO  Reusables:47 - Waiting for output.txt to generate.
2024-07-24 10:22:58 INFO  Reusables:47 - Waiting for output.txt to generate.
2024-07-24 10:22:58 INFO  Reusables:47 - Waiting for output.txt to generate.
2024-07-24 10:22:58 INFO  Reusables:47 - Waiting for output.txt to generate.
2024-07-24 10:22:58 INFO  Reusables:47 - Waiting for output.txt to generate.
2024-07-24 10:22:58 INFO  Reusables:47 - Waiting for output.txt to generate.
2024-07-24 10:22:58 INFO  Reusables:47 - Waiting for output.txt to generate.
2024-07-24 10:22:58 INFO  Reusables:47 - Waiting for output.txt to generate.
2024-07-24 10:22:58 INFO  Reusables:47 - Waiting for output.txt to generate.
2024-07-24 10:22:58 INFO  Reusables:47 - Waiting for output.txt to generate.
2024-07-24 10:22:58 INFO  Reusables:47 - Waiting for output.txt to generate.
2024-07-24 10:22:58 INFO  Reusables:47 - Waiting for output.txt to generate.
2024-07-24 10:22:58 INFO  Reusables:47 - Waiting for output.txt to generate.
2024-07-24 10:22:58 INFO  Reusables:47 - Waiting for output.txt to generate.
2024-07-24 10:22:58 INFO  Reusables:47 - Waiting for output.txt to generate.
2024-07-24 10:22:58 INFO  Reusables:47 - Waiting for output.txt to generate.
2024-07-24 10:22:58 INFO  Reusables:47 - Waiting for output.txt to generate.
2024-07-24 10:22:58 INFO  Reusables:47 - Waiting for output.txt to generate.
2024-07-24 10:22:58 INFO  Reusables:47 - Waiting for output.txt to generate.
2024-07-24 10:22:58 INFO  Reusables:47 - Waiting for output.txt to generate.
2024-07-24 10:22:58 INFO  Reusables:47 - Waiting for output.txt to generate.
2024-07-24 10:22:58 INFO  Reusables:47 - Waiting for output.txt to generate.
2024-07-24 10:22:58 INFO  Reusables:47 - Waiting for output.txt to generate.
2024-07-24 10:22:58 INFO  Reusables:47 - Waiting for output.txt to generate.
2024-07-24 10:22:58 INFO  Reusables:47 - Waiting for output.txt to generate.
2024-07-24 10:22:58 INFO  Reusables:47 - Waiting for output.txt to generate.
2024-07-24 10:22:58 INFO  Reusables:47 - Waiting for output.txt to generate.
2024-07-24 10:22:58 INFO  Reusables:47 - Waiting for output.txt to generate.
2024-07-24 10:22:58 INFO  Reusables:47 - Waiting for output.txt to generate.
2024-07-24 10:22:58 INFO  Reusables:47 - Waiting for output.txt to generate.
2024-07-24 10:22:58 INFO  Reusables:47 - Waiting for output.txt to generate.
2024-07-24 10:22:58 INFO  Reusables:47 - Waiting for output.txt to generate.
2024-07-24 10:22:58 INFO  Reusables:47 - Waiting for output.txt to generate.
2024-07-24 10:22:58 INFO  Reusables:47 - Waiting for output.txt to generate.
2024-07-24 10:22:58 INFO  Reusables:47 - Waiting for output.txt to generate.
2024-07-24 10:22:58 INFO  Reusables:47 - Waiting for output.txt to generate.
2024-07-24 10:22:58 INFO  Reusables:47 - Waiting for output.txt to generate.
2024-07-24 10:22:58 INFO  Reusables:47 - Waiting for output.txt to generate.
2024-07-24 10:22:58 INFO  Reusables:47 - Waiting for output.txt to generate.
2024-07-24 10:22:58 INFO  Reusables:47 - Waiting for output.txt to generate.
2024-07-24 10:22:58 INFO  Reusables:47 - Waiting for output.txt to generate.
2024-07-24 10:22:58 INFO  Reusables:47 - Waiting for output.txt to generate.
2024-07-24 10:22:58 INFO  Reusables:47 - Waiting for output.txt to generate.
2024-07-24 10:22:58 INFO  Reusables:47 - Waiting for output.txt to generate.
2024-07-24 10:22:58 INFO  Reusables:47 - Waiting for output.txt to generate.
2024-07-24 10:22:58 INFO  Reusables:47 - Waiting for output.txt to generate.
2024-07-24 10:22:58 INFO  Reusables:47 - Waiting for output.txt to generate.
2024-07-24 10:22:58 INFO  Reusables:47 - Waiting for output.txt to generate.
2024-07-24 10:22:58 INFO  Reusables:47 - Waiting for output.txt to generate.
2024-07-24 10:22:58 INFO  Reusables:47 - Waiting for output.txt to generate.
2024-07-24 10:22:58 INFO  Reusables:47 - Waiting for output.txt to generate.
2024-07-24 10:22:58 INFO  Reusables:47 - Waiting for output.txt to generate.
2024-07-24 10:22:58 INFO  Reusables:47 - Waiting for output.txt to generate.
2024-07-24 10:22:58 INFO  Reusables:47 - Waiting for output.txt to generate.
2024-07-24 10:22:58 INFO  Reusables:47 - Waiting for output.txt to generate.
2024-07-24 10:22:58 INFO  Reusables:47 - Waiting for output.txt to generate.
2024-07-24 10:22:58 INFO  Reusables:47 - Waiting for output.txt to generate.
2024-07-24 10:22:58 INFO  Reusables:47 - Waiting for output.txt to generate.
2024-07-24 10:22:58 INFO  Reusables:47 - Waiting for output.txt to generate.
2024-07-24 10:22:58 INFO  Reusables:47 - Waiting for output.txt to generate.
2024-07-24 10:22:58 INFO  Reusables:47 - Waiting for output.txt to generate.
2024-07-24 10:22:58 INFO  Reusables:47 - Waiting for output.txt to generate.
2024-07-24 10:22:58 INFO  Reusables:47 - Waiting for output.txt to generate.
2024-07-24 10:22:58 INFO  Reusables:47 - Waiting for output.txt to generate.
2024-07-24 10:22:58 INFO  Reusables:47 - Waiting for output.txt to generate.
2024-07-24 10:22:58 INFO  Reusables:47 - Waiting for output.txt to generate.
2024-07-24 10:22:58 INFO  Reusables:47 - Waiting for output.txt to generate.
2024-07-24 10:22:58 INFO  Reusables:47 - Waiting for output.txt to generate.
2024-07-24 10:22:58 INFO  Reusables:47 - Waiting for output.txt to generate.
2024-07-24 10:22:58 INFO  Reusables:47 - Waiting for output.txt to generate.
2024-07-24 10:22:58 INFO  Reusables:47 - Waiting for output.txt to generate.
2024-07-24 10:22:58 INFO  Reusables:47 - Waiting for output.txt to generate.
2024-07-24 10:22:58 INFO  Reusables:47 - Waiting for output.txt to generate.
2024-07-24 10:22:58 INFO  Reusables:47 - Waiting for output.txt to generate.
2024-07-24 10:22:58 INFO  Reusables:47 - Waiting for output.txt to generate.
2024-07-24 10:22:58 INFO  Reusables:47 - Waiting for output.txt to generate.
2024-07-24 10:22:58 INFO  Reusables:47 - Waiting for output.txt to generate.
2024-07-24 10:22:58 INFO  Reusables:47 - Waiting for output.txt to generate.
2024-07-24 10:22:58 INFO  Reusables:47 - Waiting for output.txt to generate.
2024-07-24 10:22:58 INFO  Reusables:47 - Waiting for output.txt to generate.
2024-07-24 10:22:58 INFO  Reusables:47 - Waiting for output.txt to generate.
2024-07-24 10:22:58 INFO  Reusables:47 - Waiting for output.txt to generate.
2024-07-24 10:22:58 INFO  Reusables:47 - Waiting for output.txt to generate.
2024-07-24 10:22:58 INFO  Reusables:47 - Waiting for output.txt to generate.
2024-07-24 10:22:58 INFO  Reusables:47 - Waiting for output.txt to generate.
2024-07-24 10:22:58 INFO  Reusables:47 - Waiting for output.txt to generate.
2024-07-24 10:22:58 INFO  Reusables:47 - Waiting for output.txt to generate.
2024-07-24 10:22:58 INFO  Reusables:47 - Waiting for output.txt to generate.
2024-07-24 10:22:58 INFO  Reusables:47 - Waiting for output.txt to generate.
2024-07-24 10:22:58 INFO  Reusables:47 - Waiting for output.txt to generate.
2024-07-24 10:22:58 INFO  Reusables:47 - Waiting for output.txt to generate.
2024-07-24 10:22:58 INFO  Reusables:47 - Waiting for output.txt to generate.
2024-07-24 10:22:58 INFO  Reusables:47 - Waiting for output.txt to generate.
2024-07-24 10:22:58 INFO  Reusables:47 - Waiting for output.txt to generate.
2024-07-24 10:22:58 INFO  Reusables:47 - Waiting for output.txt to generate.
2024-07-24 10:22:58 INFO  Reusables:47 - Waiting for output.txt to generate.
2024-07-24 10:22:58 INFO  Reusables:47 - Waiting for output.txt to generate.
2024-07-24 10:22:58 INFO  Reusables:47 - Waiting for output.txt to generate.
2024-07-24 10:22:58 INFO  Reusables:47 - Waiting for output.txt to generate.
2024-07-24 10:22:58 INFO  Reusables:47 - Waiting for output.txt to generate.
2024-07-24 10:22:58 INFO  Reusables:47 - Waiting for output.txt to generate.
2024-07-24 10:22:58 INFO  Reusables:47 - Waiting for output.txt to generate.
2024-07-24 10:22:58 INFO  Reusables:47 - Waiting for output.txt to generate.
2024-07-24 10:22:58 INFO  Reusables:47 - Waiting for output.txt to generate.
2024-07-24 10:22:58 INFO  Reusables:47 - Waiting for output.txt to generate.
2024-07-24 10:22:58 INFO  Reusables:47 - Waiting for output.txt to generate.
2024-07-24 10:22:58 INFO  Reusables:47 - Waiting for output.txt to generate.
2024-07-24 10:22:58 INFO  Reusables:47 - Waiting for output.txt to generate.
2024-07-24 10:22:58 INFO  Reusables:47 - Waiting for output.txt to generate.
2024-07-24 10:22:58 INFO  Reusables:47 - Waiting for output.txt to generate.
2024-07-24 10:22:58 INFO  Reusables:47 - Waiting for output.txt to generate.
2024-07-24 10:22:58 INFO  Reusables:47 - Waiting for output.txt to generate.
2024-07-24 10:22:58 INFO  Reusables:47 - Waiting for output.txt to generate.
2024-07-24 10:22:58 INFO  Reusables:47 - Waiting for output.txt to generate.
2024-07-24 10:22:58 INFO  Reusables:47 - Waiting for output.txt to generate.
2024-07-24 10:22:58 INFO  Reusables:47 - Waiting for output.txt to generate.
2024-07-24 10:22:58 INFO  Reusables:47 - Waiting for output.txt to generate.
2024-07-24 10:22:58 INFO  Reusables:47 - Waiting for output.txt to generate.
2024-07-24 10:22:58 INFO  Reusables:47 - Waiting for output.txt to generate.
2024-07-24 10:22:58 INFO  Reusables:47 - Waiting for output.txt to generate.
2024-07-24 10:22:58 INFO  Reusables:47 - Waiting for output.txt to generate.
2024-07-24 10:22:58 INFO  Reusables:47 - Waiting for output.txt to generate.
2024-07-24 10:22:58 INFO  Reusables:47 - Waiting for output.txt to generate.
2024-07-24 10:22:58 INFO  Reusables:47 - Waiting for output.txt to generate.
2024-07-24 10:22:58 INFO  Reusables:47 - Waiting for output.txt to generate.
2024-07-24 10:22:58 INFO  Reusables:47 - Waiting for output.txt to generate.
2024-07-24 10:22:58 INFO  Reusables:47 - Waiting for output.txt to generate.
2024-07-24 10:22:58 INFO  Reusables:47 - Waiting for output.txt to generate.
2024-07-24 10:22:58 INFO  Reusables:47 - Waiting for output.txt to generate.
2024-07-24 10:22:58 INFO  Reusables:47 - Waiting for output.txt to generate.
2024-07-24 10:22:58 INFO  Reusables:47 - Waiting for output.txt to generate.
2024-07-24 10:22:58 INFO  Reusables:47 - Waiting for output.txt to generate.
2024-07-24 10:22:58 INFO  Reusables:47 - Waiting for output.txt to generate.
2024-07-24 10:22:58 INFO  Reusables:47 - Waiting for output.txt to generate.
2024-07-24 10:22:58 INFO  Reusables:47 - Waiting for output.txt to generate.
2024-07-24 10:22:58 INFO  Reusables:47 - Waiting for output.txt to generate.
2024-07-24 10:22:58 INFO  Reusables:47 - Waiting for output.txt to generate.
2024-07-24 10:22:58 INFO  Reusables:47 - Waiting for output.txt to generate.
2024-07-24 10:22:58 INFO  Reusables:47 - Waiting for output.txt to generate.
2024-07-24 10:22:58 INFO  Reusables:47 - Waiting for output.txt to generate.
2024-07-24 10:22:58 INFO  Reusables:47 - Waiting for output.txt to generate.
2024-07-24 10:22:58 INFO  Reusables:47 - Waiting for output.txt to generate.
2024-07-24 10:22:58 INFO  Reusables:47 - Waiting for output.txt to generate.
2024-07-24 10:22:58 INFO  Reusables:47 - Waiting for output.txt to generate.
2024-07-24 10:22:58 INFO  Reusables:47 - Waiting for output.txt to generate.
2024-07-24 10:22:58 INFO  Reusables:47 - Waiting for output.txt to generate.
2024-07-24 10:22:58 INFO  Reusables:47 - Waiting for output.txt to generate.
2024-07-24 10:22:58 INFO  Reusables:47 - Waiting for output.txt to generate.
2024-07-24 10:22:58 INFO  Reusables:47 - Waiting for output.txt to generate.
2024-07-24 10:22:58 INFO  Reusables:47 - Waiting for output.txt to generate.
2024-07-24 10:22:58 INFO  Reusables:47 - Waiting for output.txt to generate.
2024-07-24 10:22:58 INFO  Reusables:47 - Waiting for output.txt to generate.
2024-07-24 10:22:58 INFO  Reusables:47 - Waiting for output.txt to generate.
2024-07-24 10:22:58 INFO  Reusables:47 - Waiting for output.txt to generate.
2024-07-24 10:22:58 INFO  Reusables:47 - Waiting for output.txt to generate.
2024-07-24 10:22:58 INFO  Reusables:47 - Waiting for output.txt to generate.
2024-07-24 10:22:58 INFO  Reusables:47 - Waiting for output.txt to generate.
2024-07-24 10:22:58 INFO  Reusables:47 - Waiting for output.txt to generate.
2024-07-24 10:22:58 INFO  Reusables:47 - Waiting for output.txt to generate.
2024-07-24 10:22:58 INFO  Reusables:47 - Waiting for output.txt to generate.
2024-07-24 10:22:58 INFO  Reusables:47 - Waiting for output.txt to generate.
2024-07-24 10:22:58 INFO  Reusables:47 - Waiting for output.txt to generate.
2024-07-24 10:22:58 INFO  Reusables:47 - Waiting for output.txt to generate.
2024-07-24 10:22:58 INFO  Reusables:47 - Waiting for output.txt to generate.
2024-07-24 10:22:58 INFO  Reusables:47 - Waiting for output.txt to generate.
2024-07-24 10:22:58 INFO  Reusables:47 - Waiting for output.txt to generate.
2024-07-24 10:22:58 INFO  Reusables:47 - Waiting for output.txt to generate.
2024-07-24 10:22:58 INFO  Reusables:47 - Waiting for output.txt to generate.
2024-07-24 10:22:58 INFO  Reusables:47 - Waiting for output.txt to generate.
2024-07-24 10:22:58 INFO  Reusables:47 - Waiting for output.txt to generate.
2024-07-24 10:22:58 INFO  Reusables:47 - Waiting for output.txt to generate.
2024-07-24 10:22:58 INFO  Reusables:47 - Waiting for output.txt to generate.
2024-07-24 10:22:58 INFO  Reusables:47 - Waiting for output.txt to generate.
2024-07-24 10:22:58 INFO  Reusables:47 - Waiting for output.txt to generate.
2024-07-24 10:22:58 INFO  Reusables:47 - Waiting for output.txt to generate.
2024-07-24 10:22:58 INFO  Reusables:47 - Waiting for output.txt to generate.
2024-07-24 10:22:58 INFO  Reusables:47 - Waiting for output.txt to generate.
2024-07-24 10:22:58 INFO  Reusables:47 - Waiting for output.txt to generate.
2024-07-24 10:22:58 INFO  Reusables:47 - Waiting for output.txt to generate.
2024-07-24 10:22:58 INFO  Reusables:47 - Waiting for output.txt to generate.
2024-07-24 10:22:58 INFO  Reusables:47 - Waiting for output.txt to generate.
2024-07-24 10:22:58 INFO  Reusables:47 - Waiting for output.txt to generate.
2024-07-24 10:22:58 INFO  Reusables:47 - Waiting for output.txt to generate.
2024-07-24 10:22:58 INFO  Reusables:47 - Waiting for output.txt to generate.
2024-07-24 10:22:58 INFO  Reusables:47 - Waiting for output.txt to generate.
2024-07-24 10:22:58 INFO  Reusables:47 - Waiting for output.txt to generate.
2024-07-24 10:22:58 INFO  Reusables:47 - Waiting for output.txt to generate.
2024-07-24 10:22:58 INFO  Reusables:47 - Waiting for output.txt to generate.
2024-07-24 10:22:58 INFO  Reusables:47 - Waiting for output.txt to generate.
2024-07-24 10:22:58 INFO  Reusables:47 - Waiting for output.txt to generate.
2024-07-24 10:22:58 INFO  Reusables:47 - Waiting for output.txt to generate.
2024-07-24 10:22:58 INFO  Reusables:47 - Waiting for output.txt to generate.
2024-07-24 10:22:58 INFO  Reusables:47 - Waiting for output.txt to generate.
2024-07-24 10:22:58 INFO  Reusables:47 - Waiting for output.txt to generate.
2024-07-24 10:22:58 INFO  Reusables:47 - Waiting for output.txt to generate.
2024-07-24 10:22:58 INFO  Reusables:47 - Waiting for output.txt to generate.
2024-07-24 10:22:58 INFO  Reusables:47 - Waiting for output.txt to generate.
2024-07-24 10:22:58 INFO  Reusables:47 - Waiting for output.txt to generate.
2024-07-24 10:22:58 INFO  Reusables:47 - Waiting for output.txt to generate.
2024-07-24 10:22:58 INFO  Reusables:47 - Waiting for output.txt to generate.
2024-07-24 10:22:58 INFO  Reusables:47 - Waiting for output.txt to generate.
2024-07-24 10:22:58 INFO  Reusables:47 - Waiting for output.txt to generate.
2024-07-24 10:22:58 INFO  Reusables:47 - Waiting for output.txt to generate.
2024-07-24 10:22:58 INFO  Reusables:47 - Waiting for output.txt to generate.
2024-07-24 10:22:58 INFO  Reusables:47 - Waiting for output.txt to generate.
2024-07-24 10:22:58 INFO  Reusables:47 - Waiting for output.txt to generate.
2024-07-24 10:22:58 INFO  Reusables:47 - Waiting for output.txt to generate.
2024-07-24 10:22:58 INFO  Reusables:47 - Waiting for output.txt to generate.
2024-07-24 10:22:58 INFO  Reusables:47 - Waiting for output.txt to generate.
2024-07-24 10:22:58 INFO  Reusables:47 - Waiting for output.txt to generate.
2024-07-24 10:22:58 INFO  Reusables:47 - Waiting for output.txt to generate.
2024-07-24 10:22:58 INFO  Reusables:47 - Waiting for output.txt to generate.
2024-07-24 10:22:58 INFO  Reusables:47 - Waiting for output.txt to generate.
2024-07-24 10:22:58 INFO  Reusables:47 - Waiting for output.txt to generate.
2024-07-24 10:22:58 INFO  Reusables:47 - Waiting for output.txt to generate.
2024-07-24 10:22:58 INFO  Reusables:47 - Waiting for output.txt to generate.
2024-07-24 10:22:58 INFO  Reusables:47 - Waiting for output.txt to generate.
2024-07-24 10:22:58 INFO  Reusables:47 - Waiting for output.txt to generate.
2024-07-24 10:22:58 INFO  Reusables:47 - Waiting for output.txt to generate.
2024-07-24 10:22:58 INFO  Reusables:47 - Waiting for output.txt to generate.
2024-07-24 10:22:58 INFO  Reusables:47 - Waiting for output.txt to generate.
2024-07-24 10:22:58 INFO  Reusables:47 - Waiting for output.txt to generate.
2024-07-24 10:22:58 INFO  Reusables:47 - Waiting for output.txt to generate.
2024-07-24 10:22:58 INFO  Reusables:47 - Waiting for output.txt to generate.
2024-07-24 10:22:58 INFO  Reusables:47 - Waiting for output.txt to generate.
2024-07-24 10:22:58 INFO  Reusables:47 - Waiting for output.txt to generate.
2024-07-24 10:22:58 INFO  Reusables:47 - Waiting for output.txt to generate.
2024-07-24 10:22:58 INFO  Reusables:47 - Waiting for output.txt to generate.
2024-07-24 10:22:58 INFO  Reusables:47 - Waiting for output.txt to generate.
2024-07-24 10:22:58 INFO  Reusables:47 - Waiting for output.txt to generate.
2024-07-24 10:22:58 INFO  Reusables:47 - Waiting for output.txt to generate.
2024-07-24 10:22:58 INFO  Reusables:47 - Waiting for output.txt to generate.
2024-07-24 10:22:58 INFO  Reusables:47 - Waiting for output.txt to generate.
2024-07-24 10:22:58 INFO  Reusables:47 - Waiting for output.txt to generate.
2024-07-24 10:22:58 INFO  Reusables:47 - Waiting for output.txt to generate.
2024-07-24 10:22:58 INFO  Reusables:47 - Waiting for output.txt to generate.
2024-07-24 10:22:58 INFO  Reusables:47 - Waiting for output.txt to generate.
2024-07-24 10:22:58 INFO  Reusables:47 - Waiting for output.txt to generate.
2024-07-24 10:22:58 INFO  Reusables:47 - Waiting for output.txt to generate.
2024-07-24 10:22:58 INFO  Reusables:47 - Waiting for output.txt to generate.
2024-07-24 10:22:58 INFO  Reusables:47 - Waiting for output.txt to generate.
2024-07-24 10:22:58 INFO  Reusables:47 - Waiting for output.txt to generate.
2024-07-24 10:22:58 INFO  Reusables:47 - Waiting for output.txt to generate.
2024-07-24 10:22:58 INFO  Reusables:47 - Waiting for output.txt to generate.
2024-07-24 10:22:58 INFO  Reusables:47 - Waiting for output.txt to generate.
2024-07-24 10:22:58 INFO  Reusables:47 - Waiting for output.txt to generate.
2024-07-24 10:22:58 INFO  Reusables:47 - Waiting for output.txt to generate.
2024-07-24 10:22:58 INFO  Reusables:47 - Waiting for output.txt to generate.
2024-07-24 10:22:58 INFO  Reusables:47 - Waiting for output.txt to generate.
2024-07-24 10:22:58 INFO  Reusables:47 - Waiting for output.txt to generate.
2024-07-24 10:22:58 INFO  Reusables:47 - Waiting for output.txt to generate.
2024-07-24 10:22:58 INFO  Reusables:47 - Waiting for output.txt to generate.
2024-07-24 10:22:58 INFO  Reusables:47 - Waiting for output.txt to generate.
2024-07-24 10:22:58 INFO  Reusables:47 - Waiting for output.txt to generate.
2024-07-24 10:22:58 INFO  Reusables:47 - Waiting for output.txt to generate.
2024-07-24 10:22:58 INFO  Reusables:47 - Waiting for output.txt to generate.
2024-07-24 10:22:58 INFO  Reusables:47 - Waiting for output.txt to generate.
2024-07-24 10:22:58 INFO  Reusables:47 - Waiting for output.txt to generate.
2024-07-24 10:22:58 INFO  Reusables:47 - Waiting for output.txt to generate.
2024-07-24 10:22:58 INFO  Reusables:47 - Waiting for output.txt to generate.
2024-07-24 10:22:58 INFO  Reusables:47 - Waiting for output.txt to generate.
2024-07-24 10:22:58 INFO  Reusables:47 - Waiting for output.txt to generate.
2024-07-24 10:22:58 INFO  Reusables:47 - Waiting for output.txt to generate.
2024-07-24 10:22:58 INFO  Reusables:47 - Waiting for output.txt to generate.
2024-07-24 10:22:58 INFO  Reusables:47 - Waiting for output.txt to generate.
2024-07-24 10:22:58 INFO  Reusables:47 - Waiting for output.txt to generate.
2024-07-24 10:22:58 INFO  Reusables:47 - Waiting for output.txt to generate.
2024-07-24 10:22:58 INFO  Reusables:47 - Waiting for output.txt to generate.
2024-07-24 10:22:58 INFO  Reusables:47 - Waiting for output.txt to generate.
2024-07-24 10:22:58 INFO  Reusables:47 - Waiting for output.txt to generate.
2024-07-24 10:22:58 INFO  Reusables:47 - Waiting for output.txt to generate.
2024-07-24 10:22:58 INFO  Reusables:47 - Waiting for output.txt to generate.
2024-07-24 10:22:58 INFO  Reusables:47 - Waiting for output.txt to generate.
2024-07-24 10:22:58 INFO  Reusables:47 - Waiting for output.txt to generate.
2024-07-24 10:22:58 INFO  Reusables:47 - Waiting for output.txt to generate.
2024-07-24 10:22:58 INFO  Reusables:47 - Waiting for output.txt to generate.
2024-07-24 10:22:58 INFO  Reusables:47 - Waiting for output.txt to generate.
2024-07-24 10:22:58 INFO  Reusables:47 - Waiting for output.txt to generate.
2024-07-24 10:22:58 INFO  Reusables:47 - Waiting for output.txt to generate.
2024-07-24 10:22:58 INFO  Reusables:47 - Waiting for output.txt to generate.
2024-07-24 10:22:58 INFO  Reusables:47 - Waiting for output.txt to generate.
2024-07-24 10:22:58 INFO  Reusables:47 - Waiting for output.txt to generate.
2024-07-24 10:22:58 INFO  Reusables:47 - Waiting for output.txt to generate.
2024-07-24 10:22:58 INFO  Reusables:47 - Waiting for output.txt to generate.
2024-07-24 10:22:58 INFO  Reusables:47 - Waiting for output.txt to generate.
2024-07-24 10:22:58 INFO  Reusables:47 - Waiting for output.txt to generate.
2024-07-24 10:22:58 INFO  Reusables:47 - Waiting for output.txt to generate.
2024-07-24 10:22:58 INFO  Reusables:47 - Waiting for output.txt to generate.
2024-07-24 10:22:58 INFO  Reusables:47 - Waiting for output.txt to generate.
2024-07-24 10:22:58 INFO  Reusables:47 - Waiting for output.txt to generate.
2024-07-24 10:22:58 INFO  Reusables:47 - Waiting for output.txt to generate.
2024-07-24 10:22:58 INFO  Reusables:47 - Waiting for output.txt to generate.
2024-07-24 10:22:58 INFO  Reusables:47 - Waiting for output.txt to generate.
2024-07-24 10:22:58 INFO  Reusables:47 - Waiting for output.txt to generate.
2024-07-24 10:22:58 INFO  Reusables:47 - Waiting for output.txt to generate.
2024-07-24 10:22:58 INFO  Reusables:47 - Waiting for output.txt to generate.
2024-07-24 10:22:58 INFO  Reusables:47 - Waiting for output.txt to generate.
2024-07-24 10:22:58 INFO  Reusables:47 - Waiting for output.txt to generate.
2024-07-24 10:22:58 INFO  Reusables:47 - Waiting for output.txt to generate.
2024-07-24 10:22:58 INFO  Reusables:47 - Waiting for output.txt to generate.
2024-07-24 10:22:58 INFO  Reusables:47 - Waiting for output.txt to generate.
2024-07-24 10:22:58 INFO  Reusables:47 - Waiting for output.txt to generate.
2024-07-24 10:22:58 INFO  Reusables:47 - Waiting for output.txt to generate.
2024-07-24 10:22:58 INFO  Reusables:47 - Waiting for output.txt to generate.
2024-07-24 10:22:58 INFO  Reusables:47 - Waiting for output.txt to generate.
2024-07-24 10:22:58 INFO  Reusables:47 - Waiting for output.txt to generate.
2024-07-24 10:22:58 INFO  Reusables:47 - Waiting for output.txt to generate.
2024-07-24 10:22:58 INFO  Reusables:47 - Waiting for output.txt to generate.
2024-07-24 10:22:58 INFO  Reusables:47 - Waiting for output.txt to generate.
2024-07-24 10:22:58 INFO  Reusables:47 - Waiting for output.txt to generate.
2024-07-24 10:22:58 INFO  Reusables:47 - Waiting for output.txt to generate.
2024-07-24 10:22:58 INFO  Reusables:47 - Waiting for output.txt to generate.
2024-07-24 10:22:58 INFO  Reusables:47 - Waiting for output.txt to generate.
2024-07-24 10:22:58 INFO  Reusables:47 - Waiting for output.txt to generate.
2024-07-24 10:22:58 INFO  Reusables:47 - Waiting for output.txt to generate.
2024-07-24 10:22:58 INFO  Reusables:47 - Waiting for output.txt to generate.
2024-07-24 10:22:58 INFO  Reusables:47 - Waiting for output.txt to generate.
2024-07-24 10:22:58 INFO  Reusables:47 - Waiting for output.txt to generate.
2024-07-24 10:22:58 INFO  Reusables:47 - Waiting for output.txt to generate.
2024-07-24 10:22:58 INFO  Reusables:47 - Waiting for output.txt to generate.
2024-07-24 10:22:58 INFO  Reusables:47 - Waiting for output.txt to generate.
2024-07-24 10:22:58 INFO  Reusables:47 - Waiting for output.txt to generate.
2024-07-24 10:22:58 INFO  Reusables:47 - Waiting for output.txt to generate.
2024-07-24 10:22:58 INFO  Reusables:47 - Waiting for output.txt to generate.
2024-07-24 10:22:58 INFO  Reusables:47 - Waiting for output.txt to generate.
2024-07-24 10:22:58 INFO  Reusables:47 - Waiting for output.txt to generate.
2024-07-24 10:22:58 INFO  Reusables:47 - Waiting for output.txt to generate.
2024-07-24 10:22:58 INFO  Reusables:47 - Waiting for output.txt to generate.
2024-07-24 10:22:58 INFO  Reusables:47 - Waiting for output.txt to generate.
2024-07-24 10:22:58 INFO  Reusables:47 - Waiting for output.txt to generate.
2024-07-24 10:22:58 INFO  Reusables:47 - Waiting for output.txt to generate.
2024-07-24 10:22:58 INFO  Reusables:47 - Waiting for output.txt to generate.
2024-07-24 10:22:58 INFO  Reusables:47 - Waiting for output.txt to generate.
2024-07-24 10:22:58 INFO  Reusables:47 - Waiting for output.txt to generate.
2024-07-24 10:22:58 INFO  Reusables:47 - Waiting for output.txt to generate.
2024-07-24 10:22:58 INFO  Reusables:47 - Waiting for output.txt to generate.
2024-07-24 10:22:58 INFO  Reusables:47 - Waiting for output.txt to generate.
2024-07-24 10:22:58 INFO  Reusables:47 - Waiting for output.txt to generate.
2024-07-24 10:22:58 INFO  Reusables:47 - Waiting for output.txt to generate.
2024-07-24 10:22:58 INFO  Reusables:47 - Waiting for output.txt to generate.
2024-07-24 10:22:58 INFO  Reusables:47 - Waiting for output.txt to generate.
2024-07-24 10:22:58 INFO  Reusables:47 - Waiting for output.txt to generate.
2024-07-24 10:22:58 INFO  Reusables:47 - Waiting for output.txt to generate.
2024-07-24 10:22:58 INFO  Reusables:47 - Waiting for output.txt to generate.
2024-07-24 10:22:58 INFO  Reusables:47 - Waiting for output.txt to generate.
2024-07-24 10:22:58 INFO  Reusables:47 - Waiting for output.txt to generate.
2024-07-24 10:22:58 INFO  Reusables:47 - Waiting for output.txt to generate.
2024-07-24 10:22:58 INFO  Reusables:47 - Waiting for output.txt to generate.
2024-07-24 10:22:58 INFO  Reusables:47 - Waiting for output.txt to generate.
2024-07-24 10:22:58 INFO  Reusables:47 - Waiting for output.txt to generate.
2024-07-24 10:22:58 INFO  Reusables:47 - Waiting for output.txt to generate.
2024-07-24 10:22:58 INFO  Reusables:47 - Waiting for output.txt to generate.
2024-07-24 10:22:58 INFO  Reusables:47 - Waiting for output.txt to generate.
2024-07-24 10:22:58 INFO  Reusables:47 - Waiting for output.txt to generate.
2024-07-24 10:22:58 INFO  Reusables:47 - Waiting for output.txt to generate.
2024-07-24 10:22:58 INFO  Reusables:47 - Waiting for output.txt to generate.
2024-07-24 10:22:58 INFO  Reusables:47 - Waiting for output.txt to generate.
2024-07-24 10:22:58 INFO  Reusables:47 - Waiting for output.txt to generate.
2024-07-24 10:22:58 INFO  Reusables:47 - Waiting for output.txt to generate.
2024-07-24 10:22:58 INFO  Reusables:47 - Waiting for output.txt to generate.
2024-07-24 10:22:58 INFO  Reusables:47 - Waiting for output.txt to generate.
2024-07-24 10:22:58 INFO  Reusables:47 - Waiting for output.txt to generate.
2024-07-24 10:22:58 INFO  Reusables:47 - Waiting for output.txt to generate.
2024-07-24 10:22:58 INFO  Reusables:47 - Waiting for output.txt to generate.
2024-07-24 10:22:58 INFO  Reusables:47 - Waiting for output.txt to generate.
2024-07-24 10:22:58 INFO  Reusables:47 - Waiting for output.txt to generate.
2024-07-24 10:22:58 INFO  Reusables:47 - Waiting for output.txt to generate.
2024-07-24 10:22:58 INFO  Reusables:47 - Waiting for output.txt to generate.
2024-07-24 10:22:58 INFO  Reusables:47 - Waiting for output.txt to generate.
2024-07-24 10:22:58 INFO  Reusables:47 - Waiting for output.txt to generate.
2024-07-24 10:22:58 INFO  Reusables:47 - Waiting for output.txt to generate.
2024-07-24 10:22:58 INFO  Reusables:47 - Waiting for output.txt to generate.
2024-07-24 10:22:58 INFO  Reusables:47 - Waiting for output.txt to generate.
2024-07-24 10:22:58 INFO  Reusables:47 - Waiting for output.txt to generate.
2024-07-24 10:22:58 INFO  Reusables:47 - Waiting for output.txt to generate.
2024-07-24 10:22:58 INFO  Reusables:47 - Waiting for output.txt to generate.
2024-07-24 10:22:58 INFO  Reusables:47 - Waiting for output.txt to generate.
2024-07-24 10:22:58 INFO  Reusables:47 - Waiting for output.txt to generate.
2024-07-24 10:22:58 INFO  Reusables:47 - Waiting for output.txt to generate.
2024-07-24 10:22:58 INFO  Reusables:47 - Waiting for output.txt to generate.
2024-07-24 10:22:58 INFO  Reusables:47 - Waiting for output.txt to generate.
2024-07-24 10:22:58 INFO  Reusables:47 - Waiting for output.txt to generate.
2024-07-24 10:22:58 INFO  Reusables:47 - Waiting for output.txt to generate.
2024-07-24 10:22:58 INFO  Reusables:47 - Waiting for output.txt to generate.
2024-07-24 10:22:58 INFO  Reusables:47 - Waiting for output.txt to generate.
2024-07-24 10:22:58 INFO  Reusables:47 - Waiting for output.txt to generate.
2024-07-24 10:22:58 INFO  Reusables:47 - Waiting for output.txt to generate.
2024-07-24 10:22:58 INFO  Reusables:47 - Waiting for output.txt to generate.
2024-07-24 10:22:58 INFO  Reusables:47 - Waiting for output.txt to generate.
2024-07-24 10:22:58 INFO  Reusables:47 - Waiting for output.txt to generate.
2024-07-24 10:22:58 INFO  Reusables:47 - Waiting for output.txt to generate.
2024-07-24 10:22:58 INFO  Reusables:47 - Waiting for output.txt to generate.
2024-07-24 10:22:58 INFO  Reusables:47 - Waiting for output.txt to generate.
2024-07-24 10:22:58 INFO  Reusables:47 - Waiting for output.txt to generate.
2024-07-24 10:22:58 INFO  Reusables:47 - Waiting for output.txt to generate.
2024-07-24 10:22:58 INFO  Reusables:47 - Waiting for output.txt to generate.
2024-07-24 10:22:58 INFO  Reusables:47 - Waiting for output.txt to generate.
2024-07-24 10:22:58 INFO  Reusables:47 - Waiting for output.txt to generate.
2024-07-24 10:22:58 INFO  Reusables:47 - Waiting for output.txt to generate.
2024-07-24 10:22:58 INFO  Reusables:47 - Waiting for output.txt to generate.
2024-07-24 10:22:58 INFO  Reusables:47 - Waiting for output.txt to generate.
2024-07-24 10:22:58 INFO  Reusables:47 - Waiting for output.txt to generate.
2024-07-24 10:22:58 INFO  Reusables:47 - Waiting for output.txt to generate.
2024-07-24 10:22:58 INFO  Reusables:47 - Waiting for output.txt to generate.
2024-07-24 10:22:58 INFO  Reusables:47 - Waiting for output.txt to generate.
2024-07-24 10:22:58 INFO  Reusables:47 - Waiting for output.txt to generate.
2024-07-24 10:22:58 INFO  Reusables:47 - Waiting for output.txt to generate.
2024-07-24 10:22:58 INFO  Reusables:47 - Waiting for output.txt to generate.
2024-07-24 10:22:58 INFO  Reusables:47 - Waiting for output.txt to generate.
2024-07-24 10:22:58 INFO  Reusables:47 - Waiting for output.txt to generate.
2024-07-24 10:22:58 INFO  Reusables:47 - Waiting for output.txt to generate.
2024-07-24 10:22:58 INFO  Reusables:47 - Waiting for output.txt to generate.
2024-07-24 10:22:58 INFO  Reusables:47 - Waiting for output.txt to generate.
2024-07-24 10:22:58 INFO  Reusables:47 - Waiting for output.txt to generate.
2024-07-24 10:22:58 INFO  Reusables:47 - Waiting for output.txt to generate.
2024-07-24 10:22:58 INFO  Reusables:47 - Waiting for output.txt to generate.
2024-07-24 10:22:58 INFO  Reusables:47 - Waiting for output.txt to generate.
2024-07-24 10:22:58 INFO  Reusables:47 - Waiting for output.txt to generate.
2024-07-24 10:22:58 INFO  Reusables:47 - Waiting for output.txt to generate.
2024-07-24 10:22:58 INFO  Reusables:47 - Waiting for output.txt to generate.
2024-07-24 10:22:58 INFO  Reusables:47 - Waiting for output.txt to generate.
2024-07-24 10:22:58 INFO  Reusables:47 - Waiting for output.txt to generate.
2024-07-24 10:22:58 INFO  Reusables:47 - Waiting for output.txt to generate.
2024-07-24 10:22:58 INFO  Reusables:47 - Waiting for output.txt to generate.
2024-07-24 10:22:58 INFO  Reusables:47 - Waiting for output.txt to generate.
2024-07-24 10:22:58 INFO  Reusables:47 - Waiting for output.txt to generate.
2024-07-24 10:22:58 INFO  Reusables:47 - Waiting for output.txt to generate.
2024-07-24 10:22:58 INFO  Reusables:47 - Waiting for output.txt to generate.
2024-07-24 10:22:58 INFO  Reusables:47 - Waiting for output.txt to generate.
2024-07-24 10:22:58 INFO  Reusables:47 - Waiting for output.txt to generate.
2024-07-24 10:22:58 INFO  Reusables:47 - Waiting for output.txt to generate.
2024-07-24 10:22:58 INFO  Reusables:47 - Waiting for output.txt to generate.
2024-07-24 10:22:58 INFO  Reusables:47 - Waiting for output.txt to generate.
2024-07-24 10:22:58 INFO  Reusables:47 - Waiting for output.txt to generate.
2024-07-24 10:22:58 INFO  Reusables:47 - Waiting for output.txt to generate.
2024-07-24 10:22:58 INFO  Reusables:47 - Waiting for output.txt to generate.
2024-07-24 10:22:58 INFO  Reusables:47 - Waiting for output.txt to generate.
2024-07-24 10:22:58 INFO  Reusables:47 - Waiting for output.txt to generate.
2024-07-24 10:22:58 INFO  Reusables:47 - Waiting for output.txt to generate.
2024-07-24 10:22:58 INFO  Reusables:47 - Waiting for output.txt to generate.
2024-07-24 10:22:58 INFO  Reusables:47 - Waiting for output.txt to generate.
2024-07-24 10:22:58 INFO  Reusables:47 - Waiting for output.txt to generate.
2024-07-24 10:22:58 INFO  Reusables:47 - Waiting for output.txt to generate.
2024-07-24 10:22:58 INFO  Reusables:47 - Waiting for output.txt to generate.
2024-07-24 10:22:58 INFO  Reusables:47 - Waiting for output.txt to generate.
2024-07-24 10:22:58 INFO  Reusables:47 - Waiting for output.txt to generate.
2024-07-24 10:22:58 INFO  Reusables:47 - Waiting for output.txt to generate.
2024-07-24 10:22:58 INFO  Reusables:47 - Waiting for output.txt to generate.
2024-07-24 10:22:58 INFO  Reusables:47 - Waiting for output.txt to generate.
2024-07-24 10:22:58 INFO  Reusables:47 - Waiting for output.txt to generate.
2024-07-24 10:22:58 INFO  Reusables:47 - Waiting for output.txt to generate.
2024-07-24 10:22:58 INFO  Reusables:47 - Waiting for output.txt to generate.
2024-07-24 10:22:58 INFO  Reusables:47 - Waiting for output.txt to generate.
2024-07-24 10:22:58 INFO  Reusables:47 - Waiting for output.txt to generate.
2024-07-24 10:22:58 INFO  Reusables:47 - Waiting for output.txt to generate.
2024-07-24 10:22:58 INFO  Reusables:47 - Waiting for output.txt to generate.
2024-07-24 10:22:58 INFO  Reusables:47 - Waiting for output.txt to generate.
2024-07-24 10:22:58 INFO  Reusables:47 - Waiting for output.txt to generate.
2024-07-24 10:22:58 INFO  Reusables:47 - Waiting for output.txt to generate.
2024-07-24 10:22:58 INFO  Reusables:47 - Waiting for output.txt to generate.
2024-07-24 10:22:58 INFO  Reusables:47 - Waiting for output.txt to generate.
2024-07-24 10:22:58 INFO  Reusables:47 - Waiting for output.txt to generate.
2024-07-24 10:22:58 INFO  Reusables:47 - Waiting for output.txt to generate.
2024-07-24 10:22:58 INFO  Reusables:47 - Waiting for output.txt to generate.
2024-07-24 10:22:58 INFO  Reusables:47 - Waiting for output.txt to generate.
2024-07-24 10:22:58 INFO  Reusables:47 - Waiting for output.txt to generate.
2024-07-24 10:22:58 INFO  Reusables:47 - Waiting for output.txt to generate.
2024-07-24 10:22:58 INFO  Reusables:47 - Waiting for output.txt to generate.
2024-07-24 10:22:58 INFO  Reusables:47 - Waiting for output.txt to generate.
2024-07-24 10:22:58 INFO  Reusables:47 - Waiting for output.txt to generate.
2024-07-24 10:22:58 INFO  Reusables:47 - Waiting for output.txt to generate.
2024-07-24 10:22:58 INFO  Reusables:47 - Waiting for output.txt to generate.
2024-07-24 10:22:58 INFO  Reusables:47 - Waiting for output.txt to generate.
2024-07-24 10:22:58 INFO  Reusables:47 - Waiting for output.txt to generate.
2024-07-24 10:22:58 INFO  Reusables:47 - Waiting for output.txt to generate.
2024-07-24 10:22:58 INFO  Reusables:47 - Waiting for output.txt to generate.
2024-07-24 10:22:58 INFO  Reusables:47 - Waiting for output.txt to generate.
2024-07-24 10:22:58 INFO  Reusables:47 - Waiting for output.txt to generate.
2024-07-24 10:22:58 INFO  Reusables:47 - Waiting for output.txt to generate.
2024-07-24 10:22:58 INFO  Reusables:47 - Waiting for output.txt to generate.
2024-07-24 10:22:58 INFO  Reusables:47 - Waiting for output.txt to generate.
2024-07-24 10:22:58 INFO  Reusables:47 - Waiting for output.txt to generate.
2024-07-24 10:22:58 INFO  Reusables:47 - Waiting for output.txt to generate.
2024-07-24 10:22:58 INFO  Reusables:47 - Waiting for output.txt to generate.
2024-07-24 10:22:58 INFO  Reusables:47 - Waiting for output.txt to generate.
2024-07-24 10:22:58 INFO  Reusables:47 - Waiting for output.txt to generate.
2024-07-24 10:22:58 INFO  Reusables:47 - Waiting for output.txt to generate.
2024-07-24 10:22:58 INFO  Reusables:47 - Waiting for output.txt to generate.
2024-07-24 10:22:58 INFO  Reusables:47 - Waiting for output.txt to generate.
2024-07-24 10:22:58 INFO  Reusables:47 - Waiting for output.txt to generate.
2024-07-24 10:22:58 INFO  Reusables:47 - Waiting for output.txt to generate.
2024-07-24 10:22:58 INFO  Reusables:47 - Waiting for output.txt to generate.
2024-07-24 10:22:58 INFO  Reusables:47 - Waiting for output.txt to generate.
2024-07-24 10:22:58 INFO  Reusables:47 - Waiting for output.txt to generate.
2024-07-24 10:22:58 INFO  Reusables:47 - Waiting for output.txt to generate.
2024-07-24 10:22:58 INFO  Reusables:47 - Waiting for output.txt to generate.
2024-07-24 10:22:58 INFO  Reusables:47 - Waiting for output.txt to generate.
2024-07-24 10:22:58 INFO  Reusables:47 - Waiting for output.txt to generate.
2024-07-24 10:22:58 INFO  Reusables:47 - Waiting for output.txt to generate.
2024-07-24 10:22:58 INFO  Reusables:47 - Waiting for output.txt to generate.
2024-07-24 10:22:58 INFO  Reusables:47 - Waiting for output.txt to generate.
2024-07-24 10:22:58 INFO  Reusables:47 - Waiting for output.txt to generate.
2024-07-24 10:22:58 INFO  Reusables:47 - Waiting for output.txt to generate.
2024-07-24 10:22:58 INFO  Reusables:47 - Waiting for output.txt to generate.
2024-07-24 10:22:58 INFO  Reusables:47 - Waiting for output.txt to generate.
2024-07-24 10:22:58 INFO  Reusables:47 - Waiting for output.txt to generate.
2024-07-24 10:22:58 INFO  Reusables:47 - Waiting for output.txt to generate.
2024-07-24 10:22:58 INFO  Reusables:47 - Waiting for output.txt to generate.
2024-07-24 10:22:58 INFO  Reusables:47 - Waiting for output.txt to generate.
2024-07-24 10:22:58 INFO  Reusables:47 - Waiting for output.txt to generate.
2024-07-24 10:22:58 INFO  Reusables:47 - Waiting for output.txt to generate.
2024-07-24 10:22:58 INFO  Reusables:47 - Waiting for output.txt to generate.
2024-07-24 10:22:58 INFO  Reusables:47 - Waiting for output.txt to generate.
2024-07-24 10:22:58 INFO  Reusables:47 - Waiting for output.txt to generate.
2024-07-24 10:22:58 INFO  Reusables:47 - Waiting for output.txt to generate.
2024-07-24 10:22:58 INFO  Reusables:47 - Waiting for output.txt to generate.
2024-07-24 10:22:58 INFO  Reusables:47 - Waiting for output.txt to generate.
2024-07-24 10:22:58 INFO  Reusables:47 - Waiting for output.txt to generate.
2024-07-24 10:22:58 INFO  Reusables:47 - Waiting for output.txt to generate.
2024-07-24 10:22:58 INFO  Reusables:47 - Waiting for output.txt to generate.
2024-07-24 10:22:58 INFO  Reusables:47 - Waiting for output.txt to generate.
2024-07-24 10:22:58 INFO  Reusables:47 - Waiting for output.txt to generate.
2024-07-24 10:22:58 INFO  Reusables:47 - Waiting for output.txt to generate.
2024-07-24 10:22:58 INFO  Reusables:47 - Waiting for output.txt to generate.
2024-07-24 10:22:58 INFO  Reusables:47 - Waiting for output.txt to generate.
2024-07-24 10:22:58 INFO  Reusables:47 - Waiting for output.txt to generate.
2024-07-24 10:22:58 INFO  Reusables:47 - Waiting for output.txt to generate.
2024-07-24 10:22:58 INFO  Reusables:47 - Waiting for output.txt to generate.
2024-07-24 10:22:58 INFO  Reusables:47 - Waiting for output.txt to generate.
2024-07-24 10:22:58 INFO  Reusables:47 - Waiting for output.txt to generate.
2024-07-24 10:22:58 INFO  Reusables:47 - Waiting for output.txt to generate.
2024-07-24 10:22:58 INFO  Reusables:47 - Waiting for output.txt to generate.
2024-07-24 10:22:58 INFO  Reusables:47 - Waiting for output.txt to generate.
2024-07-24 10:22:58 INFO  Reusables:47 - Waiting for output.txt to generate.
2024-07-24 10:22:58 INFO  Reusables:47 - Waiting for output.txt to generate.
2024-07-24 10:22:58 INFO  Reusables:47 - Waiting for output.txt to generate.
2024-07-24 10:22:58 INFO  Reusables:47 - Waiting for output.txt to generate.
2024-07-24 10:22:58 INFO  Reusables:47 - Waiting for output.txt to generate.
2024-07-24 10:22:58 INFO  Reusables:47 - Waiting for output.txt to generate.
2024-07-24 10:22:58 INFO  Reusables:47 - Waiting for output.txt to generate.
2024-07-24 10:22:58 INFO  Reusables:47 - Waiting for output.txt to generate.
2024-07-24 10:22:58 INFO  Reusables:47 - Waiting for output.txt to generate.
2024-07-24 10:22:58 INFO  Reusables:47 - Waiting for output.txt to generate.
2024-07-24 10:22:58 INFO  Reusables:47 - Waiting for output.txt to generate.
2024-07-24 10:22:58 INFO  Reusables:47 - Waiting for output.txt to generate.
2024-07-24 10:22:58 INFO  Reusables:47 - Waiting for output.txt to generate.
2024-07-24 10:22:58 INFO  Reusables:47 - Waiting for output.txt to generate.
2024-07-24 10:22:58 INFO  Reusables:47 - Waiting for output.txt to generate.
2024-07-24 10:22:58 INFO  Reusables:47 - Waiting for output.txt to generate.
2024-07-24 10:22:58 INFO  Reusables:47 - Waiting for output.txt to generate.
2024-07-24 10:22:58 INFO  Reusables:47 - Waiting for output.txt to generate.
2024-07-24 10:22:58 INFO  Reusables:47 - Waiting for output.txt to generate.
2024-07-24 10:22:58 INFO  Reusables:47 - Waiting for output.txt to generate.
2024-07-24 10:22:58 INFO  Reusables:47 - Waiting for output.txt to generate.
2024-07-24 10:22:58 INFO  Reusables:47 - Waiting for output.txt to generate.
2024-07-24 10:22:58 INFO  Reusables:47 - Waiting for output.txt to generate.
2024-07-24 10:22:58 INFO  Reusables:47 - Waiting for output.txt to generate.
2024-07-24 10:22:58 INFO  Reusables:47 - Waiting for output.txt to generate.
2024-07-24 10:22:58 INFO  Reusables:47 - Waiting for output.txt to generate.
2024-07-24 10:22:58 INFO  Reusables:47 - Waiting for output.txt to generate.
2024-07-24 10:22:58 INFO  Reusables:47 - Waiting for output.txt to generate.
2024-07-24 10:22:58 INFO  Reusables:47 - Waiting for output.txt to generate.
2024-07-24 10:22:58 INFO  Reusables:47 - Waiting for output.txt to generate.
2024-07-24 10:22:58 INFO  Reusables:47 - Waiting for output.txt to generate.
2024-07-24 10:22:58 INFO  Reusables:47 - Waiting for output.txt to generate.
2024-07-24 10:22:58 INFO  Reusables:47 - Waiting for output.txt to generate.
2024-07-24 10:22:58 INFO  Reusables:47 - Waiting for output.txt to generate.
2024-07-24 10:22:58 INFO  Reusables:47 - Waiting for output.txt to generate.
2024-07-24 10:22:58 INFO  Reusables:47 - Waiting for output.txt to generate.
2024-07-24 10:22:58 INFO  Reusables:47 - Waiting for output.txt to generate.
2024-07-24 10:22:58 INFO  Reusables:47 - Waiting for output.txt to generate.
2024-07-24 10:22:58 INFO  Reusables:47 - Waiting for output.txt to generate.
2024-07-24 10:22:58 INFO  Reusables:47 - Waiting for output.txt to generate.
2024-07-24 10:22:58 INFO  Reusables:47 - Waiting for output.txt to generate.
2024-07-24 10:22:58 INFO  Reusables:47 - Waiting for output.txt to generate.
2024-07-24 10:22:58 INFO  Reusables:47 - Waiting for output.txt to generate.
2024-07-24 10:22:58 INFO  Reusables:47 - Waiting for output.txt to generate.
2024-07-24 10:22:58 INFO  Reusables:47 - Waiting for output.txt to generate.
2024-07-24 10:22:58 INFO  Reusables:47 - Waiting for output.txt to generate.
2024-07-24 10:22:58 INFO  Reusables:47 - Waiting for output.txt to generate.
2024-07-24 10:22:58 INFO  Reusables:47 - Waiting for output.txt to generate.
2024-07-24 10:22:58 INFO  Reusables:47 - Waiting for output.txt to generate.
2024-07-24 10:22:58 INFO  Reusables:47 - Waiting for output.txt to generate.
2024-07-24 10:22:58 INFO  Reusables:47 - Waiting for output.txt to generate.
2024-07-24 10:22:58 INFO  Reusables:47 - Waiting for output.txt to generate.
2024-07-24 10:22:58 INFO  Reusables:47 - Waiting for output.txt to generate.
2024-07-24 10:22:58 INFO  Reusables:47 - Waiting for output.txt to generate.
2024-07-24 10:22:58 INFO  Reusables:47 - Waiting for output.txt to generate.
2024-07-24 10:22:58 INFO  Reusables:47 - Waiting for output.txt to generate.
2024-07-24 10:22:58 INFO  Reusables:47 - Waiting for output.txt to generate.
2024-07-24 10:22:58 INFO  Reusables:47 - Waiting for output.txt to generate.
2024-07-24 10:22:58 INFO  Reusables:47 - Waiting for output.txt to generate.
2024-07-24 10:22:58 INFO  Reusables:47 - Waiting for output.txt to generate.
2024-07-24 10:22:58 INFO  Reusables:47 - Waiting for output.txt to generate.
2024-07-24 10:22:58 INFO  Reusables:47 - Waiting for output.txt to generate.
2024-07-24 10:22:58 INFO  Reusables:47 - Waiting for output.txt to generate.
2024-07-24 10:22:58 INFO  Reusables:47 - Waiting for output.txt to generate.
2024-07-24 10:22:58 INFO  Reusables:47 - Waiting for output.txt to generate.
2024-07-24 10:22:58 INFO  Reusables:47 - Waiting for output.txt to generate.
2024-07-24 10:22:58 INFO  Reusables:47 - Waiting for output.txt to generate.
2024-07-24 10:22:58 INFO  Reusables:47 - Waiting for output.txt to generate.
2024-07-24 10:22:58 INFO  Reusables:47 - Waiting for output.txt to generate.
2024-07-24 10:22:58 INFO  Reusables:47 - Waiting for output.txt to generate.
2024-07-24 10:22:58 INFO  Reusables:47 - Waiting for output.txt to generate.
2024-07-24 10:22:58 INFO  Reusables:47 - Waiting for output.txt to generate.
2024-07-24 10:22:58 INFO  Reusables:47 - Waiting for output.txt to generate.
2024-07-24 10:22:58 INFO  Reusables:47 - Waiting for output.txt to generate.
2024-07-24 10:22:58 INFO  Reusables:47 - Waiting for output.txt to generate.
2024-07-24 10:22:58 INFO  Reusables:47 - Waiting for output.txt to generate.
2024-07-24 10:22:58 INFO  Reusables:47 - Waiting for output.txt to generate.
2024-07-24 10:22:58 INFO  Reusables:47 - Waiting for output.txt to generate.
2024-07-24 10:22:58 INFO  Reusables:47 - Waiting for output.txt to generate.
2024-07-24 10:22:58 INFO  Reusables:47 - Waiting for output.txt to generate.
2024-07-24 10:22:58 INFO  Reusables:47 - Waiting for output.txt to generate.
2024-07-24 10:22:58 INFO  Reusables:47 - Waiting for output.txt to generate.
2024-07-24 10:22:58 INFO  Reusables:47 - Waiting for output.txt to generate.
2024-07-24 10:22:58 INFO  Reusables:47 - Waiting for output.txt to generate.
2024-07-24 10:22:58 INFO  Reusables:47 - Waiting for output.txt to generate.
2024-07-24 10:22:58 INFO  Reusables:47 - Waiting for output.txt to generate.
2024-07-24 10:22:58 INFO  Reusables:47 - Waiting for output.txt to generate.
2024-07-24 10:22:58 INFO  Reusables:47 - Waiting for output.txt to generate.
2024-07-24 10:22:58 INFO  Reusables:47 - Waiting for output.txt to generate.
2024-07-24 10:22:58 INFO  Reusables:47 - Waiting for output.txt to generate.
2024-07-24 10:22:58 INFO  Reusables:47 - Waiting for output.txt to generate.
2024-07-24 10:22:58 INFO  Reusables:47 - Waiting for output.txt to generate.
2024-07-24 10:22:58 INFO  Reusables:47 - Waiting for output.txt to generate.
2024-07-24 10:22:58 INFO  Reusables:47 - Waiting for output.txt to generate.
2024-07-24 10:22:58 INFO  Reusables:47 - Waiting for output.txt to generate.
2024-07-24 10:22:58 INFO  Reusables:47 - Waiting for output.txt to generate.
2024-07-24 10:22:58 INFO  Reusables:47 - Waiting for output.txt to generate.
2024-07-24 10:22:58 INFO  Reusables:47 - Waiting for output.txt to generate.
2024-07-24 10:22:58 INFO  Reusables:47 - Waiting for output.txt to generate.
2024-07-24 10:22:58 INFO  Reusables:47 - Waiting for output.txt to generate.
2024-07-24 10:22:58 INFO  Reusables:47 - Waiting for output.txt to generate.
2024-07-24 10:22:58 INFO  Reusables:47 - Waiting for output.txt to generate.
2024-07-24 10:22:58 INFO  Reusables:47 - Waiting for output.txt to generate.
2024-07-24 10:22:58 INFO  Reusables:47 - Waiting for output.txt to generate.
2024-07-24 10:22:58 INFO  Reusables:47 - Waiting for output.txt to generate.
2024-07-24 10:22:58 INFO  Reusables:47 - Waiting for output.txt to generate.
2024-07-24 10:22:58 INFO  Reusables:47 - Waiting for output.txt to generate.
2024-07-24 10:22:58 INFO  Reusables:47 - Waiting for output.txt to generate.
2024-07-24 10:22:58 INFO  Reusables:47 - Waiting for output.txt to generate.
2024-07-24 10:22:58 INFO  Reusables:47 - Waiting for output.txt to generate.
2024-07-24 10:22:58 INFO  Reusables:47 - Waiting for output.txt to generate.
2024-07-24 10:22:58 INFO  Reusables:47 - Waiting for output.txt to generate.
2024-07-24 10:22:58 INFO  Reusables:47 - Waiting for output.txt to generate.
2024-07-24 10:22:58 INFO  Reusables:47 - Waiting for output.txt to generate.
2024-07-24 10:22:58 INFO  Reusables:47 - Waiting for output.txt to generate.
2024-07-24 10:22:58 INFO  Reusables:47 - Waiting for output.txt to generate.
2024-07-24 10:22:58 INFO  Reusables:47 - Waiting for output.txt to generate.
2024-07-24 10:22:58 INFO  Reusables:47 - Waiting for output.txt to generate.
2024-07-24 10:22:58 INFO  Reusables:47 - Waiting for output.txt to generate.
2024-07-24 10:22:58 INFO  Reusables:47 - Waiting for output.txt to generate.
2024-07-24 10:22:58 INFO  Reusables:47 - Waiting for output.txt to generate.
2024-07-24 10:22:58 INFO  Reusables:47 - Waiting for output.txt to generate.
2024-07-24 10:22:58 INFO  Reusables:47 - Waiting for output.txt to generate.
2024-07-24 10:22:58 INFO  Reusables:47 - Waiting for output.txt to generate.
2024-07-24 10:22:58 INFO  Reusables:47 - Waiting for output.txt to generate.
2024-07-24 10:22:58 INFO  Reusables:47 - Waiting for output.txt to generate.
2024-07-24 10:22:58 INFO  Reusables:47 - Waiting for output.txt to generate.
2024-07-24 10:22:58 INFO  Reusables:47 - Waiting for output.txt to generate.
2024-07-24 10:22:58 INFO  Reusables:47 - Waiting for output.txt to generate.
2024-07-24 10:22:58 INFO  Reusables:47 - Waiting for output.txt to generate.
2024-07-24 10:22:58 INFO  Reusables:47 - Waiting for output.txt to generate.
2024-07-24 10:22:58 INFO  Reusables:47 - Waiting for output.txt to generate.
2024-07-24 10:22:58 INFO  Reusables:47 - Waiting for output.txt to generate.
2024-07-24 10:22:58 INFO  Reusables:47 - Waiting for output.txt to generate.
2024-07-24 10:22:58 INFO  Reusables:47 - Waiting for output.txt to generate.
2024-07-24 10:22:58 INFO  Reusables:47 - Waiting for output.txt to generate.
2024-07-24 10:22:58 INFO  Reusables:47 - Waiting for output.txt to generate.
2024-07-24 10:22:58 INFO  Reusables:47 - Waiting for output.txt to generate.
2024-07-24 10:22:58 INFO  Reusables:47 - Waiting for output.txt to generate.
2024-07-24 10:22:58 INFO  Reusables:47 - Waiting for output.txt to generate.
2024-07-24 10:22:58 INFO  Reusables:47 - Waiting for output.txt to generate.
2024-07-24 10:22:58 INFO  Reusables:47 - Waiting for output.txt to generate.
2024-07-24 10:22:58 INFO  Reusables:47 - Waiting for output.txt to generate.
2024-07-24 10:22:58 INFO  Reusables:47 - Waiting for output.txt to generate.
2024-07-24 10:22:58 INFO  Reusables:47 - Waiting for output.txt to generate.
2024-07-24 10:22:58 INFO  Reusables:47 - Waiting for output.txt to generate.
2024-07-24 10:22:58 INFO  Reusables:47 - Waiting for output.txt to generate.
2024-07-24 10:22:58 INFO  Reusables:47 - Waiting for output.txt to generate.
2024-07-24 10:22:58 INFO  Reusables:47 - Waiting for output.txt to generate.
2024-07-24 10:22:58 INFO  Reusables:47 - Waiting for output.txt to generate.
2024-07-24 10:22:58 INFO  Reusables:47 - Waiting for output.txt to generate.
2024-07-24 10:22:58 INFO  Reusables:47 - Waiting for output.txt to generate.
2024-07-24 10:22:58 INFO  Reusables:47 - Waiting for output.txt to generate.
2024-07-24 10:22:58 INFO  Reusables:47 - Waiting for output.txt to generate.
2024-07-24 10:22:58 INFO  Reusables:47 - Waiting for output.txt to generate.
2024-07-24 10:22:58 INFO  Reusables:47 - Waiting for output.txt to generate.
2024-07-24 10:22:58 INFO  Reusables:47 - Waiting for output.txt to generate.
2024-07-24 10:22:58 INFO  Reusables:47 - Waiting for output.txt to generate.
2024-07-24 10:22:58 INFO  Reusables:47 - Waiting for output.txt to generate.
2024-07-24 10:22:58 INFO  Reusables:47 - Waiting for output.txt to generate.
2024-07-24 10:22:58 INFO  Reusables:47 - Waiting for output.txt to generate.
2024-07-24 10:22:58 INFO  Reusables:47 - Waiting for output.txt to generate.
2024-07-24 10:22:58 INFO  Reusables:47 - Waiting for output.txt to generate.
2024-07-24 10:22:58 INFO  Reusables:47 - Waiting for output.txt to generate.
2024-07-24 10:22:58 INFO  Reusables:47 - Waiting for output.txt to generate.
2024-07-24 10:22:58 INFO  Reusables:47 - Waiting for output.txt to generate.
2024-07-24 10:22:58 INFO  Reusables:47 - Waiting for output.txt to generate.
2024-07-24 10:22:58 INFO  Reusables:47 - Waiting for output.txt to generate.
2024-07-24 10:22:58 INFO  Reusables:47 - Waiting for output.txt to generate.
2024-07-24 10:22:58 INFO  Reusables:47 - Waiting for output.txt to generate.
2024-07-24 10:22:58 INFO  Reusables:47 - Waiting for output.txt to generate.
2024-07-24 10:22:58 INFO  Reusables:47 - Waiting for output.txt to generate.
2024-07-24 10:22:58 INFO  Reusables:47 - Waiting for output.txt to generate.
2024-07-24 10:22:58 INFO  Reusables:47 - Waiting for output.txt to generate.
2024-07-24 10:22:58 INFO  Reusables:47 - Waiting for output.txt to generate.
2024-07-24 10:22:58 INFO  Reusables:47 - Waiting for output.txt to generate.
2024-07-24 10:22:58 INFO  Reusables:47 - Waiting for output.txt to generate.
2024-07-24 10:22:58 INFO  Reusables:47 - Waiting for output.txt to generate.
2024-07-24 10:22:58 INFO  Reusables:47 - Waiting for output.txt to generate.
2024-07-24 10:22:58 INFO  Reusables:47 - Waiting for output.txt to generate.
2024-07-24 10:22:58 INFO  Reusables:47 - Waiting for output.txt to generate.
2024-07-24 10:22:58 INFO  Reusables:47 - Waiting for output.txt to generate.
2024-07-24 10:22:58 INFO  Reusables:47 - Waiting for output.txt to generate.
2024-07-24 10:22:58 INFO  Reusables:47 - Waiting for output.txt to generate.
2024-07-24 10:22:58 INFO  Reusables:47 - Waiting for output.txt to generate.
2024-07-24 10:22:58 INFO  Reusables:47 - Waiting for output.txt to generate.
2024-07-24 10:22:58 INFO  Reusables:47 - Waiting for output.txt to generate.
2024-07-24 10:22:58 INFO  Reusables:47 - Waiting for output.txt to generate.
2024-07-24 10:22:58 INFO  Reusables:47 - Waiting for output.txt to generate.
2024-07-24 10:22:58 INFO  Reusables:47 - Waiting for output.txt to generate.
2024-07-24 10:22:58 INFO  Reusables:47 - Waiting for output.txt to generate.
2024-07-24 10:22:58 INFO  Reusables:47 - Waiting for output.txt to generate.
2024-07-24 10:22:58 INFO  Reusables:47 - Waiting for output.txt to generate.
2024-07-24 10:22:58 INFO  Reusables:47 - Waiting for output.txt to generate.
2024-07-24 10:22:58 INFO  Reusables:47 - Waiting for output.txt to generate.
2024-07-24 10:22:58 INFO  Reusables:47 - Waiting for output.txt to generate.
2024-07-24 10:22:58 INFO  Reusables:47 - Waiting for output.txt to generate.
2024-07-24 10:22:58 INFO  Reusables:47 - Waiting for output.txt to generate.
2024-07-24 10:22:58 INFO  Reusables:47 - Waiting for output.txt to generate.
2024-07-24 10:22:58 INFO  Reusables:47 - Waiting for output.txt to generate.
2024-07-24 10:22:58 INFO  Reusables:47 - Waiting for output.txt to generate.
2024-07-24 10:22:58 INFO  Reusables:47 - Waiting for output.txt to generate.
2024-07-24 10:22:58 INFO  Reusables:47 - Waiting for output.txt to generate.
2024-07-24 10:22:58 INFO  Reusables:47 - Waiting for output.txt to generate.
2024-07-24 10:22:58 INFO  Reusables:47 - Waiting for output.txt to generate.
2024-07-24 10:22:58 INFO  Reusables:47 - Waiting for output.txt to generate.
2024-07-24 10:22:58 INFO  Reusables:47 - Waiting for output.txt to generate.
2024-07-24 10:22:58 INFO  Reusables:47 - Waiting for output.txt to generate.
2024-07-24 10:22:58 INFO  Reusables:47 - Waiting for output.txt to generate.
2024-07-24 10:22:58 INFO  Reusables:47 - Waiting for output.txt to generate.
2024-07-24 10:22:58 INFO  Reusables:47 - Waiting for output.txt to generate.
2024-07-24 10:22:58 INFO  Reusables:47 - Waiting for output.txt to generate.
2024-07-24 10:22:58 INFO  Reusables:47 - Waiting for output.txt to generate.
2024-07-24 10:22:58 INFO  Reusables:47 - Waiting for output.txt to generate.
2024-07-24 10:22:58 INFO  Reusables:47 - Waiting for output.txt to generate.
2024-07-24 10:22:58 INFO  Reusables:47 - Waiting for output.txt to generate.
2024-07-24 10:22:58 INFO  Reusables:47 - Waiting for output.txt to generate.
2024-07-24 10:22:58 INFO  Reusables:47 - Waiting for output.txt to generate.
2024-07-24 10:22:58 INFO  Reusables:47 - Waiting for output.txt to generate.
2024-07-24 10:22:58 INFO  Reusables:47 - Waiting for output.txt to generate.
2024-07-24 10:22:58 INFO  Reusables:47 - Waiting for output.txt to generate.
2024-07-24 10:22:58 INFO  Reusables:47 - Waiting for output.txt to generate.
2024-07-24 10:22:58 INFO  Reusables:47 - Waiting for output.txt to generate.
2024-07-24 10:22:58 INFO  Reusables:47 - Waiting for output.txt to generate.
2024-07-24 10:22:58 INFO  Reusables:47 - Waiting for output.txt to generate.
2024-07-24 10:22:58 INFO  Reusables:47 - Waiting for output.txt to generate.
2024-07-24 10:22:58 INFO  Reusables:47 - Waiting for output.txt to generate.
2024-07-24 10:22:58 INFO  Reusables:47 - Waiting for output.txt to generate.
2024-07-24 10:22:58 INFO  Reusables:47 - Waiting for output.txt to generate.
2024-07-24 10:22:58 INFO  Reusables:47 - Waiting for output.txt to generate.
2024-07-24 10:22:58 INFO  Reusables:47 - Waiting for output.txt to generate.
2024-07-24 10:22:58 INFO  Reusables:47 - Waiting for output.txt to generate.
2024-07-24 10:22:58 INFO  Reusables:47 - Waiting for output.txt to generate.
2024-07-24 10:22:58 INFO  Reusables:47 - Waiting for output.txt to generate.
2024-07-24 10:22:58 INFO  Reusables:47 - Waiting for output.txt to generate.
2024-07-24 10:22:58 INFO  Reusables:47 - Waiting for output.txt to generate.
2024-07-24 10:22:58 INFO  Reusables:47 - Waiting for output.txt to generate.
2024-07-24 10:22:58 INFO  Reusables:47 - Waiting for output.txt to generate.
2024-07-24 10:22:58 INFO  Reusables:47 - Waiting for output.txt to generate.
2024-07-24 10:22:58 INFO  Reusables:47 - Waiting for output.txt to generate.
2024-07-24 10:22:58 INFO  Reusables:47 - Waiting for output.txt to generate.
2024-07-24 10:22:58 INFO  Reusables:47 - Waiting for output.txt to generate.
2024-07-24 10:22:58 INFO  Reusables:47 - Waiting for output.txt to generate.
2024-07-24 10:22:58 INFO  Reusables:47 - Waiting for output.txt to generate.
2024-07-24 10:22:58 INFO  Reusables:47 - Waiting for output.txt to generate.
2024-07-24 10:22:58 INFO  Reusables:47 - Waiting for output.txt to generate.
2024-07-24 10:22:58 INFO  Reusables:47 - Waiting for output.txt to generate.
2024-07-24 10:22:58 INFO  Reusables:47 - Waiting for output.txt to generate.
2024-07-24 10:22:58 INFO  Reusables:47 - Waiting for output.txt to generate.
2024-07-24 10:22:58 INFO  Reusables:47 - Waiting for output.txt to generate.
2024-07-24 10:22:58 INFO  Reusables:47 - Waiting for output.txt to generate.
2024-07-24 10:22:58 INFO  Reusables:47 - Waiting for output.txt to generate.
2024-07-24 10:22:58 INFO  Reusables:47 - Waiting for output.txt to generate.
2024-07-24 10:22:58 INFO  Reusables:47 - Waiting for output.txt to generate.
2024-07-24 10:22:58 INFO  Reusables:47 - Waiting for output.txt to generate.
2024-07-24 10:22:58 INFO  Reusables:47 - Waiting for output.txt to generate.
2024-07-24 10:22:58 INFO  Reusables:47 - Waiting for output.txt to generate.
2024-07-24 10:22:58 INFO  Reusables:47 - Waiting for output.txt to generate.
2024-07-24 10:22:58 INFO  Reusables:47 - Waiting for output.txt to generate.
2024-07-24 10:22:58 INFO  Reusables:47 - Waiting for output.txt to generate.
2024-07-24 10:22:58 INFO  Reusables:47 - Waiting for output.txt to generate.
2024-07-24 10:22:58 INFO  Reusables:47 - Waiting for output.txt to generate.
2024-07-24 10:22:58 INFO  Reusables:47 - Waiting for output.txt to generate.
2024-07-24 10:22:58 INFO  Reusables:47 - Waiting for output.txt to generate.
2024-07-24 10:22:58 INFO  Reusables:47 - Waiting for output.txt to generate.
2024-07-24 10:22:58 INFO  Reusables:47 - Waiting for output.txt to generate.
2024-07-24 10:22:58 INFO  Reusables:47 - Waiting for output.txt to generate.
2024-07-24 10:22:58 INFO  Reusables:47 - Waiting for output.txt to generate.
2024-07-24 10:22:58 INFO  Reusables:47 - Waiting for output.txt to generate.
2024-07-24 10:22:58 INFO  Reusables:47 - Waiting for output.txt to generate.
2024-07-24 10:22:58 INFO  Reusables:47 - Waiting for output.txt to generate.
2024-07-24 10:22:58 INFO  Reusables:47 - Waiting for output.txt to generate.
2024-07-24 10:22:58 INFO  Reusables:47 - Waiting for output.txt to generate.
2024-07-24 10:22:58 INFO  Reusables:47 - Waiting for output.txt to generate.
2024-07-24 10:22:58 INFO  Reusables:47 - Waiting for output.txt to generate.
2024-07-24 10:22:58 INFO  Reusables:47 - Waiting for output.txt to generate.
2024-07-24 10:22:58 INFO  Reusables:47 - Waiting for output.txt to generate.
2024-07-24 10:22:58 INFO  Reusables:47 - Waiting for output.txt to generate.
2024-07-24 10:22:58 INFO  Reusables:47 - Waiting for output.txt to generate.
2024-07-24 10:22:58 INFO  Reusables:47 - Waiting for output.txt to generate.
2024-07-24 10:22:58 INFO  Reusables:47 - Waiting for output.txt to generate.
2024-07-24 10:22:58 INFO  Reusables:47 - Waiting for output.txt to generate.
2024-07-24 10:22:58 INFO  Reusables:47 - Waiting for output.txt to generate.
2024-07-24 10:22:58 INFO  Reusables:47 - Waiting for output.txt to generate.
2024-07-24 10:22:58 INFO  Reusables:47 - Waiting for output.txt to generate.
2024-07-24 10:22:58 INFO  Reusables:47 - Waiting for output.txt to generate.
2024-07-24 10:22:58 INFO  Reusables:47 - Waiting for output.txt to generate.
2024-07-24 10:22:58 INFO  Reusables:47 - Waiting for output.txt to generate.
2024-07-24 10:22:58 INFO  Reusables:47 - Waiting for output.txt to generate.
2024-07-24 10:22:58 INFO  Reusables:47 - Waiting for output.txt to generate.
2024-07-24 10:22:58 INFO  Reusables:47 - Waiting for output.txt to generate.
2024-07-24 10:22:58 INFO  Reusables:47 - Waiting for output.txt to generate.
2024-07-24 10:22:58 INFO  Reusables:47 - Waiting for output.txt to generate.
2024-07-24 10:22:58 INFO  Reusables:47 - Waiting for output.txt to generate.
2024-07-24 10:22:58 INFO  Reusables:47 - Waiting for output.txt to generate.
2024-07-24 10:22:58 INFO  Reusables:47 - Waiting for output.txt to generate.
2024-07-24 10:22:58 INFO  Reusables:47 - Waiting for output.txt to generate.
2024-07-24 10:22:58 INFO  Reusables:47 - Waiting for output.txt to generate.
2024-07-24 10:22:58 INFO  Reusables:47 - Waiting for output.txt to generate.
2024-07-24 10:22:58 INFO  Reusables:47 - Waiting for output.txt to generate.
2024-07-24 10:22:58 INFO  Reusables:47 - Waiting for output.txt to generate.
2024-07-24 10:22:58 INFO  Reusables:47 - Waiting for output.txt to generate.
2024-07-24 10:22:58 INFO  Reusables:47 - Waiting for output.txt to generate.
2024-07-24 10:22:58 INFO  Reusables:47 - Waiting for output.txt to generate.
2024-07-24 10:22:58 INFO  Reusables:47 - Waiting for output.txt to generate.
2024-07-24 10:22:58 INFO  Reusables:47 - Waiting for output.txt to generate.
2024-07-24 10:22:58 INFO  Reusables:47 - Waiting for output.txt to generate.
2024-07-24 10:22:58 INFO  Reusables:47 - Waiting for output.txt to generate.
2024-07-24 10:22:58 INFO  Reusables:47 - Waiting for output.txt to generate.
2024-07-24 10:22:58 INFO  Reusables:47 - Waiting for output.txt to generate.
2024-07-24 10:22:58 INFO  Reusables:47 - Waiting for output.txt to generate.
2024-07-24 10:22:58 INFO  Reusables:47 - Waiting for output.txt to generate.
2024-07-24 10:22:58 INFO  Reusables:47 - Waiting for output.txt to generate.
2024-07-24 10:22:58 INFO  Reusables:47 - Waiting for output.txt to generate.
2024-07-24 10:22:58 INFO  Reusables:47 - Waiting for output.txt to generate.
2024-07-24 10:22:58 INFO  Reusables:47 - Waiting for output.txt to generate.
2024-07-24 10:22:58 INFO  Reusables:47 - Waiting for output.txt to generate.
2024-07-24 10:22:58 INFO  Reusables:47 - Waiting for output.txt to generate.
2024-07-24 10:22:58 INFO  Reusables:47 - Waiting for output.txt to generate.
2024-07-24 10:22:58 INFO  Reusables:47 - Waiting for output.txt to generate.
2024-07-24 10:22:58 INFO  Reusables:47 - Waiting for output.txt to generate.
2024-07-24 10:22:58 INFO  Reusables:47 - Waiting for output.txt to generate.
2024-07-24 10:22:58 INFO  Reusables:47 - Waiting for output.txt to generate.
2024-07-24 10:22:58 INFO  Reusables:47 - Waiting for output.txt to generate.
2024-07-24 10:22:58 INFO  Reusables:47 - Waiting for output.txt to generate.
2024-07-24 10:22:58 INFO  Reusables:47 - Waiting for output.txt to generate.
2024-07-24 10:22:58 INFO  Reusables:47 - Waiting for output.txt to generate.
2024-07-24 10:22:58 INFO  Reusables:47 - Waiting for output.txt to generate.
2024-07-24 10:22:58 INFO  Reusables:47 - Waiting for output.txt to generate.
2024-07-24 10:22:58 INFO  Reusables:47 - Waiting for output.txt to generate.
2024-07-24 10:22:58 INFO  Reusables:47 - Waiting for output.txt to generate.
2024-07-24 10:22:58 INFO  Reusables:47 - Waiting for output.txt to generate.
2024-07-24 10:22:58 INFO  Reusables:47 - Waiting for output.txt to generate.
2024-07-24 10:22:58 INFO  Reusables:47 - Waiting for output.txt to generate.
2024-07-24 10:22:58 INFO  Reusables:47 - Waiting for output.txt to generate.
2024-07-24 10:22:58 INFO  Reusables:47 - Waiting for output.txt to generate.
2024-07-24 10:22:58 INFO  Reusables:47 - Waiting for output.txt to generate.
2024-07-24 10:22:58 INFO  Reusables:47 - Waiting for output.txt to generate.
2024-07-24 10:22:58 INFO  Reusables:47 - Waiting for output.txt to generate.
2024-07-24 10:22:58 INFO  Reusables:47 - Waiting for output.txt to generate.
2024-07-24 10:22:58 INFO  Reusables:47 - Waiting for output.txt to generate.
2024-07-24 10:22:58 INFO  Reusables:47 - Waiting for output.txt to generate.
2024-07-24 10:22:58 INFO  Reusables:47 - Waiting for output.txt to generate.
2024-07-24 10:22:58 INFO  Reusables:47 - Waiting for output.txt to generate.
2024-07-24 10:22:58 INFO  Reusables:47 - Waiting for output.txt to generate.
2024-07-24 10:22:58 INFO  Reusables:47 - Waiting for output.txt to generate.
2024-07-24 10:22:58 INFO  Reusables:47 - Waiting for output.txt to generate.
2024-07-24 10:22:58 INFO  Reusables:47 - Waiting for output.txt to generate.
2024-07-24 10:22:58 INFO  Reusables:47 - Waiting for output.txt to generate.
2024-07-24 10:22:58 INFO  Reusables:47 - Waiting for output.txt to generate.
2024-07-24 10:22:58 INFO  Reusables:47 - Waiting for output.txt to generate.
2024-07-24 10:22:58 INFO  Reusables:47 - Waiting for output.txt to generate.
2024-07-24 10:22:58 INFO  Reusables:47 - Waiting for output.txt to generate.
2024-07-24 10:22:58 INFO  Reusables:47 - Waiting for output.txt to generate.
2024-07-24 10:22:58 INFO  Reusables:47 - Waiting for output.txt to generate.
2024-07-24 10:22:58 INFO  Reusables:47 - Waiting for output.txt to generate.
2024-07-24 10:22:58 INFO  Reusables:47 - Waiting for output.txt to generate.
2024-07-24 10:22:58 INFO  Reusables:47 - Waiting for output.txt to generate.
2024-07-24 10:22:58 INFO  Reusables:47 - Waiting for output.txt to generate.
2024-07-24 10:22:58 INFO  Reusables:47 - Waiting for output.txt to generate.
2024-07-24 10:22:58 INFO  Reusables:47 - Waiting for output.txt to generate.
2024-07-24 10:22:58 INFO  Reusables:47 - Waiting for output.txt to generate.
2024-07-24 10:22:58 INFO  Reusables:47 - Waiting for output.txt to generate.
2024-07-24 10:22:58 INFO  Reusables:47 - Waiting for output.txt to generate.
2024-07-24 10:22:58 INFO  Reusables:47 - Waiting for output.txt to generate.
2024-07-24 10:22:58 INFO  Reusables:47 - Waiting for output.txt to generate.
2024-07-24 10:22:58 INFO  Reusables:47 - Waiting for output.txt to generate.
2024-07-24 10:22:58 INFO  Reusables:47 - Waiting for output.txt to generate.
2024-07-24 10:22:58 INFO  Reusables:47 - Waiting for output.txt to generate.
2024-07-24 10:22:58 INFO  Reusables:47 - Waiting for output.txt to generate.
2024-07-24 10:22:58 INFO  Reusables:47 - Waiting for output.txt to generate.
2024-07-24 10:22:58 INFO  Reusables:47 - Waiting for output.txt to generate.
2024-07-24 10:22:58 INFO  Reusables:47 - Waiting for output.txt to generate.
2024-07-24 10:22:58 INFO  Reusables:47 - Waiting for output.txt to generate.
2024-07-24 10:22:58 INFO  Reusables:47 - Waiting for output.txt to generate.
2024-07-24 10:22:58 INFO  Reusables:47 - Waiting for output.txt to generate.
2024-07-24 10:22:58 INFO  Reusables:47 - Waiting for output.txt to generate.
2024-07-24 10:22:58 INFO  Reusables:47 - Waiting for output.txt to generate.
2024-07-24 10:22:58 INFO  Reusables:47 - Waiting for output.txt to generate.
2024-07-24 10:22:58 INFO  Reusables:47 - Waiting for output.txt to generate.
2024-07-24 10:22:58 INFO  Reusables:47 - Waiting for output.txt to generate.
2024-07-24 10:22:58 INFO  Reusables:47 - Waiting for output.txt to generate.
2024-07-24 10:22:58 INFO  Reusables:47 - Waiting for output.txt to generate.
2024-07-24 10:22:58 INFO  Reusables:47 - Waiting for output.txt to generate.
2024-07-24 10:22:58 INFO  Reusables:47 - Waiting for output.txt to generate.
2024-07-24 10:22:58 INFO  Reusables:47 - Waiting for output.txt to generate.
2024-07-24 10:22:58 INFO  Reusables:47 - Waiting for output.txt to generate.
2024-07-24 10:22:58 INFO  Reusables:47 - Waiting for output.txt to generate.
2024-07-24 10:22:58 INFO  Reusables:47 - Waiting for output.txt to generate.
2024-07-24 10:22:58 INFO  Reusables:47 - Waiting for output.txt to generate.
2024-07-24 10:22:58 INFO  Reusables:47 - Waiting for output.txt to generate.
2024-07-24 10:22:58 INFO  Reusables:47 - Waiting for output.txt to generate.
2024-07-24 10:22:58 INFO  Reusables:47 - Waiting for output.txt to generate.
2024-07-24 10:22:58 INFO  Reusables:47 - Waiting for output.txt to generate.
2024-07-24 10:22:58 INFO  Reusables:47 - Waiting for output.txt to generate.
2024-07-24 10:22:58 INFO  Reusables:47 - Waiting for output.txt to generate.
2024-07-24 10:22:58 INFO  Reusables:47 - Waiting for output.txt to generate.
2024-07-24 10:22:58 INFO  Reusables:47 - Waiting for output.txt to generate.
2024-07-24 10:22:58 INFO  Reusables:47 - Waiting for output.txt to generate.
2024-07-24 10:22:58 INFO  Reusables:47 - Waiting for output.txt to generate.
2024-07-24 10:22:58 INFO  Reusables:47 - Waiting for output.txt to generate.
2024-07-24 10:22:58 INFO  Reusables:47 - Waiting for output.txt to generate.
2024-07-24 10:22:58 INFO  Reusables:47 - Waiting for output.txt to generate.
2024-07-24 10:22:58 INFO  Reusables:47 - Waiting for output.txt to generate.
2024-07-24 10:22:58 INFO  Reusables:47 - Waiting for output.txt to generate.
2024-07-24 10:22:58 INFO  Reusables:47 - Waiting for output.txt to generate.
2024-07-24 10:22:58 INFO  Reusables:47 - Waiting for output.txt to generate.
2024-07-24 10:22:58 INFO  Reusables:47 - Waiting for output.txt to generate.
2024-07-24 10:22:58 INFO  Reusables:47 - Waiting for output.txt to generate.
2024-07-24 10:22:58 INFO  Reusables:47 - Waiting for output.txt to generate.
2024-07-24 10:22:58 INFO  Reusables:47 - Waiting for output.txt to generate.
2024-07-24 10:22:58 INFO  Reusables:47 - Waiting for output.txt to generate.
2024-07-24 10:22:58 INFO  Reusables:47 - Waiting for output.txt to generate.
2024-07-24 10:22:58 INFO  Reusables:47 - Waiting for output.txt to generate.
2024-07-24 10:22:58 INFO  Reusables:47 - Waiting for output.txt to generate.
2024-07-24 10:22:58 INFO  Reusables:47 - Waiting for output.txt to generate.
2024-07-24 10:22:58 INFO  Reusables:47 - Waiting for output.txt to generate.
2024-07-24 10:22:58 INFO  Reusables:47 - Waiting for output.txt to generate.
2024-07-24 10:22:58 INFO  Reusables:47 - Waiting for output.txt to generate.
2024-07-24 10:22:58 INFO  Reusables:47 - Waiting for output.txt to generate.
2024-07-24 10:22:58 INFO  Reusables:47 - Waiting for output.txt to generate.
2024-07-24 10:22:58 INFO  Reusables:47 - Waiting for output.txt to generate.
2024-07-24 10:22:58 INFO  Reusables:47 - Waiting for output.txt to generate.
2024-07-24 10:22:58 INFO  Reusables:47 - Waiting for output.txt to generate.
2024-07-24 10:22:58 INFO  Reusables:47 - Waiting for output.txt to generate.
2024-07-24 10:22:58 INFO  Reusables:47 - Waiting for output.txt to generate.
2024-07-24 10:22:58 INFO  Reusables:47 - Waiting for output.txt to generate.
2024-07-24 10:22:58 INFO  Reusables:47 - Waiting for output.txt to generate.
2024-07-24 10:22:58 INFO  Reusables:47 - Waiting for output.txt to generate.
2024-07-24 10:22:58 INFO  Reusables:47 - Waiting for output.txt to generate.
2024-07-24 10:22:58 INFO  Reusables:47 - Waiting for output.txt to generate.
2024-07-24 10:22:58 INFO  Reusables:47 - Waiting for output.txt to generate.
2024-07-24 10:22:58 INFO  Reusables:47 - Waiting for output.txt to generate.
2024-07-24 10:22:58 INFO  Reusables:47 - Waiting for output.txt to generate.
2024-07-24 10:22:58 INFO  Reusables:47 - Waiting for output.txt to generate.
2024-07-24 10:22:58 INFO  Reusables:47 - Waiting for output.txt to generate.
2024-07-24 10:22:58 INFO  Reusables:47 - Waiting for output.txt to generate.
2024-07-24 10:22:58 INFO  Reusables:47 - Waiting for output.txt to generate.
2024-07-24 10:22:58 INFO  Reusables:47 - Waiting for output.txt to generate.
2024-07-24 10:22:58 INFO  Reusables:47 - Waiting for output.txt to generate.
2024-07-24 10:22:58 INFO  Reusables:47 - Waiting for output.txt to generate.
2024-07-24 10:22:58 INFO  Reusables:47 - Waiting for output.txt to generate.
2024-07-24 10:22:58 INFO  Reusables:47 - Waiting for output.txt to generate.
2024-07-24 10:22:58 INFO  Reusables:47 - Waiting for output.txt to generate.
2024-07-24 10:22:58 INFO  Reusables:47 - Waiting for output.txt to generate.
2024-07-24 10:22:58 INFO  Reusables:47 - Waiting for output.txt to generate.
2024-07-24 10:22:58 INFO  Reusables:47 - Waiting for output.txt to generate.
2024-07-24 10:22:58 INFO  Reusables:47 - Waiting for output.txt to generate.
2024-07-24 10:22:58 INFO  Reusables:47 - Waiting for output.txt to generate.
2024-07-24 10:22:58 INFO  Reusables:47 - Waiting for output.txt to generate.
2024-07-24 10:22:58 INFO  Reusables:47 - Waiting for output.txt to generate.
2024-07-24 10:22:58 INFO  Reusables:47 - Waiting for output.txt to generate.
2024-07-24 10:22:58 INFO  Reusables:47 - Waiting for output.txt to generate.
2024-07-24 10:22:58 INFO  Reusables:47 - Waiting for output.txt to generate.
2024-07-24 10:22:58 INFO  Reusables:47 - Waiting for output.txt to generate.
2024-07-24 10:22:58 INFO  Reusables:47 - Waiting for output.txt to generate.
2024-07-24 10:22:58 INFO  Reusables:47 - Waiting for output.txt to generate.
2024-07-24 10:22:58 INFO  Reusables:47 - Waiting for output.txt to generate.
2024-07-24 10:22:58 INFO  Reusables:47 - Waiting for output.txt to generate.
2024-07-24 10:22:58 INFO  Reusables:47 - Waiting for output.txt to generate.
2024-07-24 10:22:58 INFO  Reusables:47 - Waiting for output.txt to generate.
2024-07-24 10:22:58 INFO  Reusables:47 - Waiting for output.txt to generate.
2024-07-24 10:22:58 INFO  Reusables:47 - Waiting for output.txt to generate.
2024-07-24 10:22:58 INFO  Reusables:47 - Waiting for output.txt to generate.
2024-07-24 10:22:58 INFO  Reusables:47 - Waiting for output.txt to generate.
2024-07-24 10:22:58 INFO  Reusables:47 - Waiting for output.txt to generate.
2024-07-24 10:22:58 INFO  Reusables:47 - Waiting for output.txt to generate.
2024-07-24 10:22:58 INFO  Reusables:47 - Waiting for output.txt to generate.
2024-07-24 10:22:58 INFO  Reusables:47 - Waiting for output.txt to generate.
2024-07-24 10:22:58 INFO  Reusables:47 - Waiting for output.txt to generate.
2024-07-24 10:22:58 INFO  Reusables:47 - Waiting for output.txt to generate.
2024-07-24 10:22:58 INFO  Reusables:47 - Waiting for output.txt to generate.
2024-07-24 10:22:58 INFO  Reusables:47 - Waiting for output.txt to generate.
2024-07-24 10:22:58 INFO  Reusables:47 - Waiting for output.txt to generate.
2024-07-24 10:22:58 INFO  Reusables:47 - Waiting for output.txt to generate.
2024-07-24 10:22:58 INFO  Reusables:47 - Waiting for output.txt to generate.
2024-07-24 10:22:58 INFO  Reusables:47 - Waiting for output.txt to generate.
2024-07-24 10:22:58 INFO  Reusables:47 - Waiting for output.txt to generate.
2024-07-24 10:22:58 INFO  Reusables:47 - Waiting for output.txt to generate.
2024-07-24 10:22:58 INFO  Reusables:47 - Waiting for output.txt to generate.
2024-07-24 10:22:58 INFO  Reusables:47 - Waiting for output.txt to generate.
2024-07-24 10:22:58 INFO  Reusables:47 - Waiting for output.txt to generate.
2024-07-24 10:22:58 INFO  Reusables:47 - Waiting for output.txt to generate.
2024-07-24 10:22:58 INFO  Reusables:47 - Waiting for output.txt to generate.
2024-07-24 10:22:58 INFO  Reusables:47 - Waiting for output.txt to generate.
2024-07-24 10:22:58 INFO  Reusables:47 - Waiting for output.txt to generate.
2024-07-24 10:22:58 INFO  Reusables:47 - Waiting for output.txt to generate.
2024-07-24 10:22:58 INFO  Reusables:47 - Waiting for output.txt to generate.
2024-07-24 10:22:58 INFO  Reusables:47 - Waiting for output.txt to generate.
2024-07-24 10:22:58 INFO  Reusables:47 - Waiting for output.txt to generate.
2024-07-24 10:22:58 INFO  Reusables:47 - Waiting for output.txt to generate.
2024-07-24 10:22:58 INFO  Reusables:47 - Waiting for output.txt to generate.
2024-07-24 10:22:58 INFO  Reusables:47 - Waiting for output.txt to generate.
2024-07-24 10:22:58 INFO  Reusables:47 - Waiting for output.txt to generate.
2024-07-24 10:22:58 INFO  Reusables:47 - Waiting for output.txt to generate.
2024-07-24 10:22:58 INFO  Reusables:47 - Waiting for output.txt to generate.
2024-07-24 10:22:58 INFO  Reusables:47 - Waiting for output.txt to generate.
2024-07-24 10:22:58 INFO  Reusables:47 - Waiting for output.txt to generate.
2024-07-24 10:22:58 INFO  Reusables:47 - Waiting for output.txt to generate.
2024-07-24 10:22:58 INFO  Reusables:47 - Waiting for output.txt to generate.
2024-07-24 10:22:58 INFO  Reusables:47 - Waiting for output.txt to generate.
2024-07-24 10:22:58 INFO  Reusables:47 - Waiting for output.txt to generate.
2024-07-24 10:22:58 INFO  Reusables:47 - Waiting for output.txt to generate.
2024-07-24 10:22:58 INFO  Reusables:47 - Waiting for output.txt to generate.
2024-07-24 10:22:58 INFO  Reusables:47 - Waiting for output.txt to generate.
2024-07-24 10:22:58 INFO  Reusables:47 - Waiting for output.txt to generate.
2024-07-24 10:22:58 INFO  Reusables:47 - Waiting for output.txt to generate.
2024-07-24 10:22:58 INFO  Reusables:47 - Waiting for output.txt to generate.
2024-07-24 10:22:58 INFO  Reusables:47 - Waiting for output.txt to generate.
2024-07-24 10:22:58 INFO  Reusables:47 - Waiting for output.txt to generate.
2024-07-24 10:22:58 INFO  Reusables:47 - Waiting for output.txt to generate.
2024-07-24 10:22:58 INFO  Reusables:47 - Waiting for output.txt to generate.
2024-07-24 10:22:58 INFO  Reusables:47 - Waiting for output.txt to generate.
2024-07-24 10:22:58 INFO  Reusables:47 - Waiting for output.txt to generate.
2024-07-24 10:22:58 INFO  Reusables:47 - Waiting for output.txt to generate.
2024-07-24 10:22:58 INFO  Reusables:47 - Waiting for output.txt to generate.
2024-07-24 10:22:58 INFO  Reusables:47 - Waiting for output.txt to generate.
2024-07-24 10:22:58 INFO  Reusables:47 - Waiting for output.txt to generate.
2024-07-24 10:22:58 INFO  Reusables:47 - Waiting for output.txt to generate.
2024-07-24 10:22:58 INFO  Reusables:47 - Waiting for output.txt to generate.
2024-07-24 10:22:58 INFO  Reusables:47 - Waiting for output.txt to generate.
2024-07-24 10:22:58 INFO  Reusables:47 - Waiting for output.txt to generate.
2024-07-24 10:22:58 INFO  Reusables:47 - Waiting for output.txt to generate.
2024-07-24 10:22:58 INFO  Reusables:47 - Waiting for output.txt to generate.
2024-07-24 10:22:58 INFO  Reusables:47 - Waiting for output.txt to generate.
2024-07-24 10:22:58 INFO  Reusables:47 - Waiting for output.txt to generate.
2024-07-24 10:22:58 INFO  Reusables:47 - Waiting for output.txt to generate.
2024-07-24 10:22:58 INFO  Reusables:47 - Waiting for output.txt to generate.
2024-07-24 10:22:58 INFO  Reusables:47 - Waiting for output.txt to generate.
2024-07-24 10:22:58 INFO  Reusables:47 - Waiting for output.txt to generate.
2024-07-24 10:22:58 INFO  Reusables:47 - Waiting for output.txt to generate.
2024-07-24 10:22:58 INFO  Reusables:47 - Waiting for output.txt to generate.
2024-07-24 10:22:58 INFO  Reusables:47 - Waiting for output.txt to generate.
2024-07-24 10:22:58 INFO  Reusables:47 - Waiting for output.txt to generate.
2024-07-24 10:22:58 INFO  Reusables:47 - Waiting for output.txt to generate.
2024-07-24 10:22:58 INFO  Reusables:47 - Waiting for output.txt to generate.
2024-07-24 10:22:58 INFO  Reusables:47 - Waiting for output.txt to generate.
2024-07-24 10:22:58 INFO  Reusables:47 - Waiting for output.txt to generate.
2024-07-24 10:22:58 INFO  Reusables:47 - Waiting for output.txt to generate.
2024-07-24 10:22:58 INFO  Reusables:47 - Waiting for output.txt to generate.
2024-07-24 10:22:58 INFO  Reusables:47 - Waiting for output.txt to generate.
2024-07-24 10:22:58 INFO  Reusables:47 - Waiting for output.txt to generate.
2024-07-24 10:22:58 INFO  Reusables:47 - Waiting for output.txt to generate.
2024-07-24 10:22:58 INFO  Reusables:47 - Waiting for output.txt to generate.
2024-07-24 10:22:58 INFO  Reusables:47 - Waiting for output.txt to generate.
2024-07-24 10:22:58 INFO  Reusables:47 - Waiting for output.txt to generate.
2024-07-24 10:22:58 INFO  Reusables:47 - Waiting for output.txt to generate.
2024-07-24 10:22:58 INFO  Reusables:47 - Waiting for output.txt to generate.
2024-07-24 10:22:58 INFO  Reusables:47 - Waiting for output.txt to generate.
2024-07-24 10:22:58 INFO  Reusables:47 - Waiting for output.txt to generate.
2024-07-24 10:22:58 INFO  Reusables:47 - Waiting for output.txt to generate.
2024-07-24 10:22:58 INFO  Reusables:47 - Waiting for output.txt to generate.
2024-07-24 10:22:58 INFO  Reusables:47 - Waiting for output.txt to generate.
2024-07-24 10:22:58 INFO  Reusables:47 - Waiting for output.txt to generate.
2024-07-24 10:22:58 INFO  Reusables:47 - Waiting for output.txt to generate.
2024-07-24 10:22:58 INFO  Reusables:47 - Waiting for output.txt to generate.
2024-07-24 10:22:58 INFO  Reusables:47 - Waiting for output.txt to generate.
2024-07-24 10:22:58 INFO  Reusables:47 - Waiting for output.txt to generate.
2024-07-24 10:22:58 INFO  Reusables:47 - Waiting for output.txt to generate.
2024-07-24 10:22:58 INFO  Reusables:47 - Waiting for output.txt to generate.
2024-07-24 10:22:58 INFO  Reusables:47 - Waiting for output.txt to generate.
2024-07-24 10:22:58 INFO  Reusables:47 - Waiting for output.txt to generate.
2024-07-24 10:22:58 INFO  Reusables:47 - Waiting for output.txt to generate.
2024-07-24 10:22:58 INFO  Reusables:47 - Waiting for output.txt to generate.
2024-07-24 10:22:58 INFO  Reusables:47 - Waiting for output.txt to generate.
2024-07-24 10:22:58 INFO  Reusables:47 - Waiting for output.txt to generate.
2024-07-24 10:22:58 INFO  Reusables:47 - Waiting for output.txt to generate.
2024-07-24 10:22:58 INFO  Reusables:47 - Waiting for output.txt to generate.
2024-07-24 10:22:58 INFO  Reusables:47 - Waiting for output.txt to generate.
2024-07-24 10:22:58 INFO  Reusables:47 - Waiting for output.txt to generate.
2024-07-24 10:22:58 INFO  Reusables:47 - Waiting for output.txt to generate.
2024-07-24 10:22:58 INFO  Reusables:47 - Waiting for output.txt to generate.
2024-07-24 10:22:58 INFO  Reusables:47 - Waiting for output.txt to generate.
2024-07-24 10:22:58 INFO  Reusables:47 - Waiting for output.txt to generate.
2024-07-24 10:22:58 INFO  Reusables:47 - Waiting for output.txt to generate.
2024-07-24 10:22:58 INFO  Reusables:47 - Waiting for output.txt to generate.
2024-07-24 10:22:58 INFO  Reusables:47 - Waiting for output.txt to generate.
2024-07-24 10:22:58 INFO  Reusables:47 - Waiting for output.txt to generate.
2024-07-24 10:22:58 INFO  Reusables:47 - Waiting for output.txt to generate.
2024-07-24 10:22:58 INFO  Reusables:47 - Waiting for output.txt to generate.
2024-07-24 10:22:58 INFO  Reusables:47 - Waiting for output.txt to generate.
2024-07-24 10:22:58 INFO  Reusables:47 - Waiting for output.txt to generate.
2024-07-24 10:22:58 INFO  Reusables:47 - Waiting for output.txt to generate.
2024-07-24 10:22:58 INFO  Reusables:47 - Waiting for output.txt to generate.
2024-07-24 10:22:58 INFO  Reusables:47 - Waiting for output.txt to generate.
2024-07-24 10:22:58 INFO  Reusables:47 - Waiting for output.txt to generate.
2024-07-24 10:22:58 INFO  Reusables:47 - Waiting for output.txt to generate.
2024-07-24 10:22:58 INFO  Reusables:47 - Waiting for output.txt to generate.
2024-07-24 10:22:58 INFO  Reusables:47 - Waiting for output.txt to generate.
2024-07-24 10:22:58 INFO  Reusables:47 - Waiting for output.txt to generate.
2024-07-24 10:22:58 INFO  Reusables:47 - Waiting for output.txt to generate.
2024-07-24 10:22:58 INFO  Reusables:47 - Waiting for output.txt to generate.
2024-07-24 10:22:58 INFO  Reusables:47 - Waiting for output.txt to generate.
2024-07-24 10:22:58 INFO  Reusables:47 - Waiting for output.txt to generate.
2024-07-24 10:22:58 INFO  Reusables:47 - Waiting for output.txt to generate.
2024-07-24 10:22:58 INFO  Reusables:47 - Waiting for output.txt to generate.
2024-07-24 10:22:58 INFO  Reusables:47 - Waiting for output.txt to generate.
2024-07-24 10:22:58 INFO  Reusables:47 - Waiting for output.txt to generate.
2024-07-24 10:22:58 INFO  Reusables:47 - Waiting for output.txt to generate.
2024-07-24 10:22:58 INFO  Reusables:47 - Waiting for output.txt to generate.
2024-07-24 10:22:58 INFO  Reusables:47 - Waiting for output.txt to generate.
2024-07-24 10:22:58 INFO  Reusables:47 - Waiting for output.txt to generate.
2024-07-24 10:22:58 INFO  Reusables:47 - Waiting for output.txt to generate.
2024-07-24 10:22:58 INFO  Reusables:47 - Waiting for output.txt to generate.
2024-07-24 10:22:58 INFO  Reusables:47 - Waiting for output.txt to generate.
2024-07-24 10:22:58 INFO  Reusables:47 - Waiting for output.txt to generate.
2024-07-24 10:22:58 INFO  Reusables:47 - Waiting for output.txt to generate.
2024-07-24 10:22:58 INFO  Reusables:47 - Waiting for output.txt to generate.
2024-07-24 10:22:58 INFO  Reusables:47 - Waiting for output.txt to generate.
2024-07-24 10:22:58 INFO  Reusables:47 - Waiting for output.txt to generate.
2024-07-24 10:22:58 INFO  Reusables:47 - Waiting for output.txt to generate.
2024-07-24 10:22:58 INFO  Reusables:47 - Waiting for output.txt to generate.
2024-07-24 10:22:58 INFO  Reusables:47 - Waiting for output.txt to generate.
2024-07-24 10:22:58 INFO  Reusables:47 - Waiting for output.txt to generate.
2024-07-24 10:22:58 INFO  Reusables:47 - Waiting for output.txt to generate.
2024-07-24 10:22:58 INFO  Reusables:47 - Waiting for output.txt to generate.
2024-07-24 10:22:58 INFO  Reusables:47 - Waiting for output.txt to generate.
2024-07-24 10:22:58 INFO  Reusables:47 - Waiting for output.txt to generate.
2024-07-24 10:22:58 INFO  Reusables:47 - Waiting for output.txt to generate.
2024-07-24 10:22:58 INFO  Reusables:47 - Waiting for output.txt to generate.
2024-07-24 10:22:58 INFO  Reusables:47 - Waiting for output.txt to generate.
2024-07-24 10:22:58 INFO  Reusables:47 - Waiting for output.txt to generate.
2024-07-24 10:22:58 INFO  Reusables:47 - Waiting for output.txt to generate.
2024-07-24 10:22:58 INFO  Reusables:47 - Waiting for output.txt to generate.
2024-07-24 10:22:58 INFO  Reusables:47 - Waiting for output.txt to generate.
2024-07-24 10:22:58 INFO  Reusables:47 - Waiting for output.txt to generate.
2024-07-24 10:22:58 INFO  Reusables:47 - Waiting for output.txt to generate.
2024-07-24 10:22:58 INFO  Reusables:47 - Waiting for output.txt to generate.
2024-07-24 10:22:58 INFO  Reusables:47 - Waiting for output.txt to generate.
2024-07-24 10:22:58 INFO  Reusables:47 - Waiting for output.txt to generate.
2024-07-24 10:22:58 INFO  Reusables:47 - Waiting for output.txt to generate.
2024-07-24 10:22:58 INFO  Reusables:47 - Waiting for output.txt to generate.
2024-07-24 10:22:58 INFO  Reusables:47 - Waiting for output.txt to generate.
2024-07-24 10:22:58 INFO  Reusables:47 - Waiting for output.txt to generate.
2024-07-24 10:22:58 INFO  Reusables:47 - Waiting for output.txt to generate.
2024-07-24 10:22:58 INFO  Reusables:47 - Waiting for output.txt to generate.
2024-07-24 10:22:58 INFO  Reusables:47 - Waiting for output.txt to generate.
2024-07-24 10:22:58 INFO  Reusables:47 - Waiting for output.txt to generate.
2024-07-24 10:22:58 INFO  Reusables:47 - Waiting for output.txt to generate.
2024-07-24 10:22:58 INFO  Reusables:47 - Waiting for output.txt to generate.
2024-07-24 10:22:58 INFO  Reusables:47 - Waiting for output.txt to generate.
2024-07-24 10:22:58 INFO  Reusables:47 - Waiting for output.txt to generate.
2024-07-24 10:22:58 INFO  Reusables:47 - Waiting for output.txt to generate.
2024-07-24 10:22:58 INFO  Reusables:47 - Waiting for output.txt to generate.
2024-07-24 10:22:58 INFO  Reusables:47 - Waiting for output.txt to generate.
2024-07-24 10:22:58 INFO  Reusables:47 - Waiting for output.txt to generate.
2024-07-24 10:22:58 INFO  Reusables:47 - Waiting for output.txt to generate.
2024-07-24 10:22:58 INFO  Reusables:47 - Waiting for output.txt to generate.
2024-07-24 10:22:58 INFO  Reusables:47 - Waiting for output.txt to generate.
2024-07-24 10:22:58 INFO  Reusables:47 - Waiting for output.txt to generate.
2024-07-24 10:22:58 INFO  Reusables:47 - Waiting for output.txt to generate.
2024-07-24 10:22:58 INFO  Reusables:47 - Waiting for output.txt to generate.
2024-07-24 10:22:58 INFO  Reusables:47 - Waiting for output.txt to generate.
2024-07-24 10:22:58 INFO  Reusables:47 - Waiting for output.txt to generate.
2024-07-24 10:22:58 INFO  Reusables:47 - Waiting for output.txt to generate.
2024-07-24 10:22:58 INFO  Reusables:47 - Waiting for output.txt to generate.
2024-07-24 10:22:58 INFO  Reusables:47 - Waiting for output.txt to generate.
2024-07-24 10:22:58 INFO  Reusables:47 - Waiting for output.txt to generate.
2024-07-24 10:22:58 INFO  Reusables:47 - Waiting for output.txt to generate.
2024-07-24 10:22:58 INFO  Reusables:47 - Waiting for output.txt to generate.
2024-07-24 10:22:58 INFO  Reusables:47 - Waiting for output.txt to generate.
2024-07-24 10:22:58 INFO  Reusables:47 - Waiting for output.txt to generate.
2024-07-24 10:22:58 INFO  Reusables:47 - Waiting for output.txt to generate.
2024-07-24 10:22:58 INFO  Reusables:47 - Waiting for output.txt to generate.
2024-07-24 10:22:58 INFO  Reusables:47 - Waiting for output.txt to generate.
2024-07-24 10:22:58 INFO  Reusables:47 - Waiting for output.txt to generate.
2024-07-24 10:22:58 INFO  Reusables:47 - Waiting for output.txt to generate.
2024-07-24 10:22:58 INFO  Reusables:47 - Waiting for output.txt to generate.
2024-07-24 10:22:58 INFO  Reusables:47 - Waiting for output.txt to generate.
2024-07-24 10:22:58 INFO  Reusables:47 - Waiting for output.txt to generate.
2024-07-24 10:22:58 INFO  Reusables:47 - Waiting for output.txt to generate.
2024-07-24 10:22:58 INFO  Reusables:47 - Waiting for output.txt to generate.
2024-07-24 10:22:58 INFO  Reusables:47 - Waiting for output.txt to generate.
2024-07-24 10:22:58 INFO  Reusables:47 - Waiting for output.txt to generate.
2024-07-24 10:22:58 INFO  Reusables:47 - Waiting for output.txt to generate.
2024-07-24 10:22:58 INFO  Reusables:47 - Waiting for output.txt to generate.
2024-07-24 10:22:58 INFO  Reusables:47 - Waiting for output.txt to generate.
2024-07-24 10:22:58 INFO  Reusables:47 - Waiting for output.txt to generate.
2024-07-24 10:22:58 INFO  Reusables:47 - Waiting for output.txt to generate.
2024-07-24 10:22:58 INFO  Reusables:47 - Waiting for output.txt to generate.
2024-07-24 10:22:58 INFO  Reusables:47 - Waiting for output.txt to generate.
2024-07-24 10:22:58 INFO  Reusables:47 - Waiting for output.txt to generate.
2024-07-24 10:22:58 INFO  Reusables:47 - Waiting for output.txt to generate.
2024-07-24 10:22:58 INFO  Reusables:47 - Waiting for output.txt to generate.
2024-07-24 10:22:58 INFO  Reusables:47 - Waiting for output.txt to generate.
2024-07-24 10:22:58 INFO  Reusables:47 - Waiting for output.txt to generate.
2024-07-24 10:22:58 INFO  Reusables:47 - Waiting for output.txt to generate.
2024-07-24 10:22:58 INFO  Reusables:47 - Waiting for output.txt to generate.
2024-07-24 10:22:58 INFO  Reusables:47 - Waiting for output.txt to generate.
2024-07-24 10:22:58 INFO  Reusables:47 - Waiting for output.txt to generate.
2024-07-24 10:22:58 INFO  Reusables:47 - Waiting for output.txt to generate.
2024-07-24 10:22:58 INFO  Reusables:47 - Waiting for output.txt to generate.
2024-07-24 10:22:58 INFO  Reusables:47 - Waiting for output.txt to generate.
2024-07-24 10:22:58 INFO  Reusables:47 - Waiting for output.txt to generate.
2024-07-24 10:22:58 INFO  Reusables:47 - Waiting for output.txt to generate.
2024-07-24 10:22:58 INFO  Reusables:47 - Waiting for output.txt to generate.
2024-07-24 10:22:58 INFO  Reusables:47 - Waiting for output.txt to generate.
2024-07-24 10:22:58 INFO  Reusables:47 - Waiting for output.txt to generate.
2024-07-24 10:22:58 INFO  Reusables:47 - Waiting for output.txt to generate.
2024-07-24 10:22:58 INFO  Reusables:47 - Waiting for output.txt to generate.
2024-07-24 10:22:58 INFO  Reusables:47 - Waiting for output.txt to generate.
2024-07-24 10:22:58 INFO  Reusables:47 - Waiting for output.txt to generate.
2024-07-24 10:22:58 INFO  Reusables:47 - Waiting for output.txt to generate.
2024-07-24 10:22:58 INFO  Reusables:47 - Waiting for output.txt to generate.
2024-07-24 10:22:58 INFO  Reusables:47 - Waiting for output.txt to generate.
2024-07-24 10:22:58 INFO  Reusables:47 - Waiting for output.txt to generate.
2024-07-24 10:22:58 INFO  Reusables:47 - Waiting for output.txt to generate.
2024-07-24 10:22:58 INFO  Reusables:47 - Waiting for output.txt to generate.
2024-07-24 10:22:58 INFO  Reusables:47 - Waiting for output.txt to generate.
2024-07-24 10:22:58 INFO  Reusables:47 - Waiting for output.txt to generate.
2024-07-24 10:22:58 INFO  Reusables:47 - Waiting for output.txt to generate.
2024-07-24 10:22:58 INFO  Reusables:47 - Waiting for output.txt to generate.
2024-07-24 10:22:58 INFO  Reusables:47 - Waiting for output.txt to generate.
2024-07-24 10:22:58 INFO  Reusables:47 - Waiting for output.txt to generate.
2024-07-24 10:22:58 INFO  Reusables:47 - Waiting for output.txt to generate.
2024-07-24 10:22:58 INFO  Reusables:47 - Waiting for output.txt to generate.
2024-07-24 10:22:58 INFO  Reusables:47 - Waiting for output.txt to generate.
2024-07-24 10:22:58 INFO  Reusables:47 - Waiting for output.txt to generate.
2024-07-24 10:22:58 INFO  Reusables:47 - Waiting for output.txt to generate.
2024-07-24 10:22:58 INFO  Reusables:47 - Waiting for output.txt to generate.
2024-07-24 10:22:58 INFO  Reusables:47 - Waiting for output.txt to generate.
2024-07-24 10:22:58 INFO  Reusables:47 - Waiting for output.txt to generate.
2024-07-24 10:22:58 INFO  Reusables:47 - Waiting for output.txt to generate.
2024-07-24 10:22:58 INFO  Reusables:47 - Waiting for output.txt to generate.
2024-07-24 10:22:58 INFO  Reusables:47 - Waiting for output.txt to generate.
2024-07-24 10:22:58 INFO  Reusables:47 - Waiting for output.txt to generate.
2024-07-24 10:22:58 INFO  Reusables:47 - Waiting for output.txt to generate.
2024-07-24 10:22:58 INFO  Reusables:47 - Waiting for output.txt to generate.
2024-07-24 10:22:58 INFO  Reusables:47 - Waiting for output.txt to generate.
2024-07-24 10:22:58 INFO  Reusables:47 - Waiting for output.txt to generate.
2024-07-24 10:22:58 INFO  Reusables:47 - Waiting for output.txt to generate.
2024-07-24 10:22:58 INFO  Reusables:47 - Waiting for output.txt to generate.
2024-07-24 10:22:58 INFO  Reusables:47 - Waiting for output.txt to generate.
2024-07-24 10:22:58 INFO  Reusables:47 - Waiting for output.txt to generate.
2024-07-24 10:22:58 INFO  Reusables:47 - Waiting for output.txt to generate.
2024-07-24 10:22:58 INFO  Reusables:47 - Waiting for output.txt to generate.
2024-07-24 10:22:58 INFO  Reusables:47 - Waiting for output.txt to generate.
2024-07-24 10:22:58 INFO  Reusables:47 - Waiting for output.txt to generate.
2024-07-24 10:22:58 INFO  Reusables:47 - Waiting for output.txt to generate.
2024-07-24 10:22:58 INFO  Reusables:47 - Waiting for output.txt to generate.
2024-07-24 10:22:58 INFO  Reusables:47 - Waiting for output.txt to generate.
2024-07-24 10:22:58 INFO  Reusables:47 - Waiting for output.txt to generate.
2024-07-24 10:22:58 INFO  Reusables:47 - Waiting for output.txt to generate.
2024-07-24 10:22:58 INFO  Reusables:47 - Waiting for output.txt to generate.
2024-07-24 10:22:58 INFO  Reusables:47 - Waiting for output.txt to generate.
2024-07-24 10:22:58 INFO  Reusables:47 - Waiting for output.txt to generate.
2024-07-24 10:22:58 INFO  Reusables:47 - Waiting for output.txt to generate.
2024-07-24 10:22:58 INFO  Reusables:47 - Waiting for output.txt to generate.
2024-07-24 10:22:58 INFO  Reusables:47 - Waiting for output.txt to generate.
2024-07-24 10:22:58 INFO  Reusables:47 - Waiting for output.txt to generate.
2024-07-24 10:22:58 INFO  Reusables:47 - Waiting for output.txt to generate.
2024-07-24 10:22:58 INFO  Reusables:47 - Waiting for output.txt to generate.
2024-07-24 10:22:58 INFO  Reusables:47 - Waiting for output.txt to generate.
2024-07-24 10:22:58 INFO  Reusables:47 - Waiting for output.txt to generate.
2024-07-24 10:22:58 INFO  Reusables:47 - Waiting for output.txt to generate.
2024-07-24 10:22:58 INFO  Reusables:47 - Waiting for output.txt to generate.
2024-07-24 10:22:58 INFO  Reusables:47 - Waiting for output.txt to generate.
2024-07-24 10:22:58 INFO  Reusables:47 - Waiting for output.txt to generate.
2024-07-24 10:22:58 INFO  Reusables:47 - Waiting for output.txt to generate.
2024-07-24 10:22:58 INFO  Reusables:47 - Waiting for output.txt to generate.
2024-07-24 10:22:58 INFO  Reusables:47 - Waiting for output.txt to generate.
2024-07-24 10:22:58 INFO  Reusables:47 - Waiting for output.txt to generate.
2024-07-24 10:22:58 INFO  Reusables:47 - Waiting for output.txt to generate.
2024-07-24 10:22:58 INFO  Reusables:47 - Waiting for output.txt to generate.
2024-07-24 10:22:58 INFO  Reusables:47 - Waiting for output.txt to generate.
2024-07-24 10:22:58 INFO  Reusables:47 - Waiting for output.txt to generate.
2024-07-24 10:22:58 INFO  Reusables:47 - Waiting for output.txt to generate.
2024-07-24 10:22:58 INFO  Reusables:47 - Waiting for output.txt to generate.
2024-07-24 10:22:58 INFO  Reusables:47 - Waiting for output.txt to generate.
2024-07-24 10:22:58 INFO  Reusables:47 - Waiting for output.txt to generate.
2024-07-24 10:22:58 INFO  Reusables:47 - Waiting for output.txt to generate.
2024-07-24 10:22:58 INFO  Reusables:47 - Waiting for output.txt to generate.
2024-07-24 10:22:58 INFO  Reusables:47 - Waiting for output.txt to generate.
2024-07-24 10:22:58 INFO  Reusables:47 - Waiting for output.txt to generate.
2024-07-24 10:22:58 INFO  Reusables:47 - Waiting for output.txt to generate.
2024-07-24 10:22:58 INFO  Reusables:47 - Waiting for output.txt to generate.
2024-07-24 10:22:58 INFO  Reusables:47 - Waiting for output.txt to generate.
2024-07-24 10:22:58 INFO  Reusables:47 - Waiting for output.txt to generate.
2024-07-24 10:22:58 INFO  Reusables:47 - Waiting for output.txt to generate.
2024-07-24 10:22:58 INFO  Reusables:47 - Waiting for output.txt to generate.
2024-07-24 10:22:58 INFO  Reusables:47 - Waiting for output.txt to generate.
2024-07-24 10:22:58 INFO  Reusables:47 - Waiting for output.txt to generate.
2024-07-24 10:22:58 INFO  Reusables:47 - Waiting for output.txt to generate.
2024-07-24 10:22:58 INFO  Reusables:47 - Waiting for output.txt to generate.
2024-07-24 10:22:58 INFO  Reusables:47 - Waiting for output.txt to generate.
2024-07-24 10:22:58 INFO  Reusables:47 - Waiting for output.txt to generate.
2024-07-24 10:22:58 INFO  Reusables:47 - Waiting for output.txt to generate.
2024-07-24 10:22:58 INFO  Reusables:47 - Waiting for output.txt to generate.
2024-07-24 10:22:58 INFO  Reusables:47 - Waiting for output.txt to generate.
2024-07-24 10:22:58 INFO  Reusables:47 - Waiting for output.txt to generate.
2024-07-24 10:22:58 INFO  Reusables:47 - Waiting for output.txt to generate.
2024-07-24 10:22:58 INFO  Reusables:47 - Waiting for output.txt to generate.
2024-07-24 10:22:58 INFO  Reusables:47 - Waiting for output.txt to generate.
2024-07-24 10:22:58 INFO  Reusables:47 - Waiting for output.txt to generate.
2024-07-24 10:22:58 INFO  Reusables:47 - Waiting for output.txt to generate.
2024-07-24 10:22:58 INFO  Reusables:47 - Waiting for output.txt to generate.
2024-07-24 10:22:58 INFO  Reusables:47 - Waiting for output.txt to generate.
2024-07-24 10:22:58 INFO  Reusables:47 - Waiting for output.txt to generate.
2024-07-24 10:22:58 INFO  Reusables:47 - Waiting for output.txt to generate.
2024-07-24 10:22:58 INFO  Reusables:47 - Waiting for output.txt to generate.
2024-07-24 10:22:58 INFO  Reusables:47 - Waiting for output.txt to generate.
2024-07-24 10:22:58 INFO  Reusables:47 - Waiting for output.txt to generate.
2024-07-24 10:22:58 INFO  Reusables:47 - Waiting for output.txt to generate.
2024-07-24 10:22:58 INFO  Reusables:47 - Waiting for output.txt to generate.
2024-07-24 10:22:58 INFO  Reusables:47 - Waiting for output.txt to generate.
2024-07-24 10:22:58 INFO  Reusables:47 - Waiting for output.txt to generate.
2024-07-24 10:22:58 INFO  Reusables:47 - Waiting for output.txt to generate.
2024-07-24 10:22:58 INFO  Reusables:47 - Waiting for output.txt to generate.
2024-07-24 10:22:58 INFO  Reusables:53 - output.txt is still empty
2024-07-24 10:22:58 INFO  Reusables:53 - output.txt is still empty
2024-07-24 10:22:58 INFO  Reusables:53 - output.txt is still empty
2024-07-24 10:22:58 INFO  Reusables:53 - output.txt is still empty
2024-07-24 10:22:58 INFO  Reusables:53 - output.txt is still empty
2024-07-24 10:22:58 INFO  Reusables:53 - output.txt is still empty
2024-07-24 10:22:58 INFO  Reusables:53 - output.txt is still empty
2024-07-24 10:22:58 INFO  Reusables:53 - output.txt is still empty
2024-07-24 10:22:58 INFO  Reusables:53 - output.txt is still empty
2024-07-24 10:22:58 INFO  Reusables:53 - output.txt is still empty
2024-07-24 10:22:58 INFO  Reusables:53 - output.txt is still empty
2024-07-24 10:22:58 INFO  Reusables:53 - output.txt is still empty
2024-07-24 10:22:58 INFO  Reusables:53 - output.txt is still empty
2024-07-24 10:22:58 INFO  Reusables:53 - output.txt is still empty
2024-07-24 10:22:58 INFO  Reusables:53 - output.txt is still empty
2024-07-24 10:22:58 INFO  Reusables:53 - output.txt is still empty
2024-07-24 10:22:58 INFO  Reusables:53 - output.txt is still empty
2024-07-24 10:22:58 INFO  Reusables:53 - output.txt is still empty
2024-07-24 10:22:58 INFO  Reusables:53 - output.txt is still empty
2024-07-24 10:22:58 INFO  Reusables:53 - output.txt is still empty
2024-07-24 10:22:58 INFO  Reusables:53 - output.txt is still empty
2024-07-24 10:22:58 INFO  Reusables:53 - output.txt is still empty
2024-07-24 10:22:58 INFO  Reusables:53 - output.txt is still empty
2024-07-24 10:22:58 INFO  Reusables:53 - output.txt is still empty
2024-07-24 10:22:58 INFO  Reusables:53 - output.txt is still empty
2024-07-24 10:22:58 INFO  Reusables:53 - output.txt is still empty
2024-07-24 10:22:58 INFO  Reusables:53 - output.txt is still empty
2024-07-24 10:22:58 INFO  Reusables:53 - output.txt is still empty
2024-07-24 10:22:58 INFO  Reusables:53 - output.txt is still empty
2024-07-24 10:22:58 INFO  Reusables:53 - output.txt is still empty
2024-07-24 10:22:58 INFO  Reusables:53 - output.txt is still empty
2024-07-24 10:22:58 INFO  Reusables:53 - output.txt is still empty
2024-07-24 10:22:58 INFO  Reusables:53 - output.txt is still empty
2024-07-24 10:22:58 INFO  Reusables:53 - output.txt is still empty
2024-07-24 10:22:58 INFO  Reusables:53 - output.txt is still empty
2024-07-24 10:22:58 INFO  Reusables:53 - output.txt is still empty
2024-07-24 10:22:58 INFO  Reusables:53 - output.txt is still empty
2024-07-24 10:22:58 INFO  Reusables:53 - output.txt is still empty
2024-07-24 10:22:58 INFO  Reusables:53 - output.txt is still empty
2024-07-24 10:22:58 INFO  Reusables:53 - output.txt is still empty
2024-07-24 10:22:58 INFO  Reusables:53 - output.txt is still empty
2024-07-24 10:22:58 INFO  Reusables:53 - output.txt is still empty
2024-07-24 10:22:58 INFO  Reusables:53 - output.txt is still empty
2024-07-24 10:22:58 INFO  Reusables:53 - output.txt is still empty
2024-07-24 10:22:58 INFO  Reusables:53 - output.txt is still empty
2024-07-24 10:22:58 INFO  Reusables:53 - output.txt is still empty
2024-07-24 10:22:58 INFO  Reusables:53 - output.txt is still empty
2024-07-24 10:22:58 INFO  Reusables:53 - output.txt is still empty
2024-07-24 10:22:58 INFO  Reusables:53 - output.txt is still empty
2024-07-24 10:22:58 INFO  Reusables:53 - output.txt is still empty
2024-07-24 10:22:58 INFO  Reusables:53 - output.txt is still empty
2024-07-24 10:22:58 INFO  Reusables:53 - output.txt is still empty
2024-07-24 10:22:58 INFO  Reusables:53 - output.txt is still empty
2024-07-24 10:22:58 INFO  Reusables:53 - output.txt is still empty
2024-07-24 10:22:58 INFO  Reusables:53 - output.txt is still empty
2024-07-24 10:22:58 INFO  Reusables:53 - output.txt is still empty
2024-07-24 10:22:58 INFO  Reusables:53 - output.txt is still empty
2024-07-24 10:22:58 INFO  Reusables:53 - output.txt is still empty
2024-07-24 10:22:58 INFO  Reusables:53 - output.txt is still empty
2024-07-24 10:22:58 INFO  Reusables:53 - output.txt is still empty
2024-07-24 10:22:58 INFO  Reusables:53 - output.txt is still empty
2024-07-24 10:22:58 INFO  Reusables:53 - output.txt is still empty
2024-07-24 10:22:58 INFO  Reusables:53 - output.txt is still empty
2024-07-24 10:22:58 INFO  Reusables:53 - output.txt is still empty
2024-07-24 10:22:58 INFO  Reusables:53 - output.txt is still empty
2024-07-24 10:22:58 INFO  Reusables:53 - output.txt is still empty
2024-07-24 10:22:58 INFO  Reusables:53 - output.txt is still empty
2024-07-24 10:22:58 INFO  Reusables:53 - output.txt is still empty
2024-07-24 10:22:58 INFO  Reusables:53 - output.txt is still empty
2024-07-24 10:22:58 INFO  Reusables:53 - output.txt is still empty
2024-07-24 10:22:58 INFO  Reusables:53 - output.txt is still empty
2024-07-24 10:22:58 INFO  Reusables:53 - output.txt is still empty
2024-07-24 10:22:58 INFO  Reusables:53 - output.txt is still empty
2024-07-24 10:22:58 INFO  Reusables:53 - output.txt is still empty
2024-07-24 10:22:58 INFO  Reusables:53 - output.txt is still empty
2024-07-24 10:22:58 INFO  Reusables:53 - output.txt is still empty
2024-07-24 10:22:58 INFO  Reusables:53 - output.txt is still empty
2024-07-24 10:22:58 INFO  Reusables:53 - output.txt is still empty
2024-07-24 10:22:58 INFO  Reusables:53 - output.txt is still empty
2024-07-24 10:22:58 INFO  Reusables:53 - output.txt is still empty
2024-07-24 10:22:58 INFO  Reusables:53 - output.txt is still empty
2024-07-24 10:22:58 INFO  Reusables:53 - output.txt is still empty
2024-07-24 10:22:58 INFO  Reusables:53 - output.txt is still empty
2024-07-24 10:22:58 INFO  Reusables:53 - output.txt is still empty
2024-07-24 10:22:58 INFO  Reusables:53 - output.txt is still empty
2024-07-24 10:22:58 INFO  Reusables:53 - output.txt is still empty
2024-07-24 10:22:58 INFO  Reusables:53 - output.txt is still empty
2024-07-24 10:22:58 INFO  Reusables:53 - output.txt is still empty
2024-07-24 10:22:58 INFO  Reusables:53 - output.txt is still empty
2024-07-24 10:22:58 INFO  Reusables:53 - output.txt is still empty
2024-07-24 10:22:58 INFO  Reusables:53 - output.txt is still empty
2024-07-24 10:22:58 INFO  Reusables:53 - output.txt is still empty
2024-07-24 10:22:58 INFO  Reusables:53 - output.txt is still empty
2024-07-24 10:22:58 INFO  Reusables:53 - output.txt is still empty
2024-07-24 10:22:58 INFO  Reusables:53 - output.txt is still empty
2024-07-24 10:22:58 INFO  Reusables:53 - output.txt is still empty
2024-07-24 10:22:58 INFO  Reusables:53 - output.txt is still empty
2024-07-24 10:22:58 INFO  Reusables:53 - output.txt is still empty
2024-07-24 10:22:58 INFO  Reusables:53 - output.txt is still empty
2024-07-24 10:22:58 INFO  Reusables:53 - output.txt is still empty
2024-07-24 10:22:58 INFO  Reusables:53 - output.txt is still empty
2024-07-24 10:22:58 INFO  Reusables:53 - output.txt is still empty
2024-07-24 10:22:58 INFO  Reusables:53 - output.txt is still empty
2024-07-24 10:22:58 INFO  Reusables:53 - output.txt is still empty
2024-07-24 10:22:58 INFO  Reusables:53 - output.txt is still empty
2024-07-24 10:22:58 INFO  Reusables:53 - output.txt is still empty
2024-07-24 10:22:58 INFO  Reusables:53 - output.txt is still empty
2024-07-24 10:22:58 INFO  Reusables:53 - output.txt is still empty
2024-07-24 10:22:58 INFO  Reusables:53 - output.txt is still empty
2024-07-24 10:22:58 INFO  Reusables:53 - output.txt is still empty
2024-07-24 10:22:58 INFO  Reusables:53 - output.txt is still empty
2024-07-24 10:22:58 INFO  Reusables:53 - output.txt is still empty
2024-07-24 10:22:58 INFO  Reusables:53 - output.txt is still empty
2024-07-24 10:22:58 INFO  Reusables:53 - output.txt is still empty
2024-07-24 10:22:58 INFO  Reusables:53 - output.txt is still empty
2024-07-24 10:22:58 INFO  Reusables:53 - output.txt is still empty
2024-07-24 10:22:58 INFO  Reusables:53 - output.txt is still empty
2024-07-24 10:22:58 INFO  Reusables:53 - output.txt is still empty
2024-07-24 10:22:58 INFO  Reusables:53 - output.txt is still empty
2024-07-24 10:22:58 INFO  Reusables:53 - output.txt is still empty
2024-07-24 10:22:58 INFO  Reusables:53 - output.txt is still empty
2024-07-24 10:22:58 INFO  Reusables:53 - output.txt is still empty
2024-07-24 10:22:58 INFO  Reusables:53 - output.txt is still empty
2024-07-24 10:22:58 INFO  Reusables:53 - output.txt is still empty
2024-07-24 10:22:58 INFO  Reusables:53 - output.txt is still empty
2024-07-24 10:22:58 INFO  Reusables:53 - output.txt is still empty
2024-07-24 10:22:58 INFO  Reusables:53 - output.txt is still empty
2024-07-24 10:22:58 INFO  Reusables:53 - output.txt is still empty
2024-07-24 10:22:58 INFO  Reusables:53 - output.txt is still empty
2024-07-24 10:22:58 INFO  Reusables:53 - output.txt is still empty
2024-07-24 10:22:58 INFO  Reusables:53 - output.txt is still empty
2024-07-24 10:22:58 INFO  Reusables:53 - output.txt is still empty
2024-07-24 10:22:58 INFO  Reusables:53 - output.txt is still empty
2024-07-24 10:22:58 INFO  Reusables:53 - output.txt is still empty
2024-07-24 10:22:58 INFO  Reusables:53 - output.txt is still empty
2024-07-24 10:22:58 INFO  Reusables:53 - output.txt is still empty
2024-07-24 10:22:58 INFO  Reusables:53 - output.txt is still empty
2024-07-24 10:22:58 INFO  Reusables:53 - output.txt is still empty
2024-07-24 10:22:58 INFO  Reusables:53 - output.txt is still empty
2024-07-24 10:22:58 INFO  Reusables:53 - output.txt is still empty
2024-07-24 10:22:58 INFO  Reusables:53 - output.txt is still empty
2024-07-24 10:22:58 INFO  Reusables:53 - output.txt is still empty
2024-07-24 10:22:58 INFO  Reusables:53 - output.txt is still empty
2024-07-24 10:22:58 INFO  Reusables:53 - output.txt is still empty
2024-07-24 10:22:58 INFO  Reusables:53 - output.txt is still empty
2024-07-24 10:22:58 INFO  Reusables:53 - output.txt is still empty
2024-07-24 10:22:58 INFO  Reusables:53 - output.txt is still empty
2024-07-24 10:22:58 INFO  Reusables:53 - output.txt is still empty
2024-07-24 10:22:58 INFO  Reusables:53 - output.txt is still empty
2024-07-24 10:22:58 INFO  Reusables:53 - output.txt is still empty
2024-07-24 10:22:58 INFO  Reusables:53 - output.txt is still empty
2024-07-24 10:22:58 INFO  Reusables:53 - output.txt is still empty
2024-07-24 10:22:58 INFO  Reusables:53 - output.txt is still empty
2024-07-24 10:22:58 INFO  Reusables:53 - output.txt is still empty
2024-07-24 10:22:58 INFO  Reusables:53 - output.txt is still empty
2024-07-24 10:22:58 INFO  Reusables:53 - output.txt is still empty
2024-07-24 10:22:58 INFO  Reusables:53 - output.txt is still empty
2024-07-24 10:22:58 INFO  Reusables:53 - output.txt is still empty
2024-07-24 10:22:58 INFO  Reusables:53 - output.txt is still empty
2024-07-24 10:22:58 INFO  Reusables:53 - output.txt is still empty
2024-07-24 10:22:58 INFO  Reusables:53 - output.txt is still empty
2024-07-24 10:22:58 INFO  Reusables:53 - output.txt is still empty
2024-07-24 10:22:58 INFO  Reusables:53 - output.txt is still empty
2024-07-24 10:22:58 INFO  Reusables:53 - output.txt is still empty
2024-07-24 10:22:58 INFO  Reusables:53 - output.txt is still empty
2024-07-24 10:22:58 INFO  Reusables:53 - output.txt is still empty
2024-07-24 10:22:58 INFO  Reusables:53 - output.txt is still empty
2024-07-24 10:22:58 INFO  Reusables:53 - output.txt is still empty
2024-07-24 10:22:58 INFO  Reusables:53 - output.txt is still empty
2024-07-24 10:22:58 INFO  Reusables:53 - output.txt is still empty
2024-07-24 10:22:58 INFO  Reusables:53 - output.txt is still empty
2024-07-24 10:22:58 INFO  Reusables:53 - output.txt is still empty
2024-07-24 10:22:58 INFO  Reusables:53 - output.txt is still empty
2024-07-24 10:22:58 INFO  Reusables:53 - output.txt is still empty
2024-07-24 10:22:58 INFO  Reusables:53 - output.txt is still empty
2024-07-24 10:22:58 INFO  Reusables:53 - output.txt is still empty
2024-07-24 10:22:58 INFO  Reusables:53 - output.txt is still empty
2024-07-24 10:22:58 INFO  Reusables:53 - output.txt is still empty
2024-07-24 10:22:58 INFO  Reusables:53 - output.txt is still empty
2024-07-24 10:22:58 INFO  Reusables:53 - output.txt is still empty
2024-07-24 10:22:58 INFO  Reusables:53 - output.txt is still empty
2024-07-24 10:22:58 INFO  Reusables:53 - output.txt is still empty
2024-07-24 10:22:58 INFO  Reusables:53 - output.txt is still empty
2024-07-24 10:22:58 INFO  Reusables:53 - output.txt is still empty
2024-07-24 10:22:58 INFO  Reusables:53 - output.txt is still empty
2024-07-24 10:22:58 INFO  Reusables:53 - output.txt is still empty
2024-07-24 10:22:58 INFO  Reusables:53 - output.txt is still empty
2024-07-24 10:22:58 INFO  Reusables:53 - output.txt is still empty
2024-07-24 10:22:58 INFO  Reusables:53 - output.txt is still empty
2024-07-24 10:22:58 INFO  Reusables:53 - output.txt is still empty
2024-07-24 10:22:58 INFO  Reusables:53 - output.txt is still empty
2024-07-24 10:22:58 INFO  Reusables:53 - output.txt is still empty
2024-07-24 10:22:58 INFO  Reusables:53 - output.txt is still empty
2024-07-24 10:22:58 INFO  Reusables:53 - output.txt is still empty
2024-07-24 10:22:58 INFO  Reusables:53 - output.txt is still empty
2024-07-24 10:22:58 INFO  Reusables:53 - output.txt is still empty
2024-07-24 10:22:58 INFO  Reusables:53 - output.txt is still empty
2024-07-24 10:22:58 INFO  Reusables:53 - output.txt is still empty
2024-07-24 10:22:58 INFO  Reusables:53 - output.txt is still empty
2024-07-24 10:22:58 INFO  Reusables:53 - output.txt is still empty
2024-07-24 10:22:58 INFO  Reusables:53 - output.txt is still empty
2024-07-24 10:22:58 INFO  Reusables:53 - output.txt is still empty
2024-07-24 10:22:58 INFO  Reusables:53 - output.txt is still empty
2024-07-24 10:22:58 INFO  Reusables:53 - output.txt is still empty
2024-07-24 10:22:58 INFO  Reusables:53 - output.txt is still empty
2024-07-24 10:22:58 INFO  Reusables:53 - output.txt is still empty
2024-07-24 10:22:58 INFO  Reusables:53 - output.txt is still empty
2024-07-24 10:22:58 INFO  Reusables:53 - output.txt is still empty
2024-07-24 10:22:58 INFO  Reusables:53 - output.txt is still empty
2024-07-24 10:22:58 INFO  Reusables:53 - output.txt is still empty
2024-07-24 10:22:58 INFO  Reusables:53 - output.txt is still empty
2024-07-24 10:22:58 INFO  Reusables:53 - output.txt is still empty
2024-07-24 10:22:58 INFO  Reusables:53 - output.txt is still empty
2024-07-24 10:22:58 INFO  Reusables:53 - output.txt is still empty
2024-07-24 10:22:58 INFO  Reusables:53 - output.txt is still empty
2024-07-24 10:22:58 INFO  Reusables:53 - output.txt is still empty
2024-07-24 10:22:58 INFO  Reusables:53 - output.txt is still empty
2024-07-24 10:22:58 INFO  Reusables:53 - output.txt is still empty
2024-07-24 10:22:58 INFO  Reusables:53 - output.txt is still empty
2024-07-24 10:22:58 INFO  Reusables:53 - output.txt is still empty
2024-07-24 10:22:58 INFO  Reusables:53 - output.txt is still empty
2024-07-24 10:22:58 INFO  Reusables:53 - output.txt is still empty
2024-07-24 10:22:58 INFO  Reusables:53 - output.txt is still empty
2024-07-24 10:22:58 INFO  Reusables:53 - output.txt is still empty
2024-07-24 10:22:58 INFO  Reusables:53 - output.txt is still empty
2024-07-24 10:22:58 INFO  Reusables:53 - output.txt is still empty
2024-07-24 10:22:58 INFO  Reusables:53 - output.txt is still empty
2024-07-24 10:22:58 INFO  Reusables:53 - output.txt is still empty
2024-07-24 10:22:58 INFO  Reusables:53 - output.txt is still empty
2024-07-24 10:22:58 INFO  Reusables:53 - output.txt is still empty
2024-07-24 10:22:58 INFO  Reusables:53 - output.txt is still empty
2024-07-24 10:22:58 INFO  Reusables:53 - output.txt is still empty
2024-07-24 10:22:58 INFO  Reusables:53 - output.txt is still empty
2024-07-24 10:22:58 INFO  Reusables:53 - output.txt is still empty
2024-07-24 10:22:58 INFO  Reusables:53 - output.txt is still empty
2024-07-24 10:22:58 INFO  Reusables:53 - output.txt is still empty
2024-07-24 10:22:58 INFO  Reusables:53 - output.txt is still empty
2024-07-24 10:22:58 INFO  Reusables:53 - output.txt is still empty
2024-07-24 10:22:58 INFO  Reusables:53 - output.txt is still empty
2024-07-24 10:22:58 INFO  Reusables:53 - output.txt is still empty
2024-07-24 10:22:58 INFO  Reusables:53 - output.txt is still empty
2024-07-24 10:22:58 INFO  Reusables:53 - output.txt is still empty
2024-07-24 10:22:58 INFO  Reusables:53 - output.txt is still empty
2024-07-24 10:22:58 INFO  Reusables:53 - output.txt is still empty
2024-07-24 10:22:58 INFO  Reusables:53 - output.txt is still empty
2024-07-24 10:22:58 INFO  Reusables:53 - output.txt is still empty
2024-07-24 10:22:58 INFO  Reusables:53 - output.txt is still empty
2024-07-24 10:22:58 INFO  Reusables:53 - output.txt is still empty
2024-07-24 10:22:58 INFO  Reusables:53 - output.txt is still empty
2024-07-24 10:22:58 INFO  Reusables:53 - output.txt is still empty
2024-07-24 10:22:58 INFO  Reusables:53 - output.txt is still empty
2024-07-24 10:22:58 INFO  Reusables:53 - output.txt is still empty
2024-07-24 10:22:58 INFO  Reusables:53 - output.txt is still empty
2024-07-24 10:22:58 INFO  Reusables:53 - output.txt is still empty
2024-07-24 10:22:58 INFO  Reusables:53 - output.txt is still empty
2024-07-24 10:22:58 INFO  Reusables:53 - output.txt is still empty
2024-07-24 10:22:58 INFO  Reusables:53 - output.txt is still empty
2024-07-24 10:22:58 INFO  Reusables:53 - output.txt is still empty
2024-07-24 10:22:58 INFO  Reusables:53 - output.txt is still empty
2024-07-24 10:22:58 INFO  Reusables:53 - output.txt is still empty
2024-07-24 10:22:58 INFO  Reusables:53 - output.txt is still empty
2024-07-24 10:22:58 INFO  Reusables:53 - output.txt is still empty
2024-07-24 10:22:58 INFO  Reusables:53 - output.txt is still empty
2024-07-24 10:22:58 INFO  Reusables:53 - output.txt is still empty
2024-07-24 10:22:58 INFO  Reusables:53 - output.txt is still empty
2024-07-24 10:22:58 INFO  Reusables:53 - output.txt is still empty
2024-07-24 10:22:58 INFO  Reusables:53 - output.txt is still empty
2024-07-24 10:22:58 INFO  Reusables:53 - output.txt is still empty
2024-07-24 10:22:58 INFO  Reusables:53 - output.txt is still empty
2024-07-24 10:22:58 INFO  Reusables:53 - output.txt is still empty
2024-07-24 10:22:58 INFO  Reusables:53 - output.txt is still empty
2024-07-24 10:22:58 INFO  Reusables:53 - output.txt is still empty
2024-07-24 10:22:58 INFO  Reusables:53 - output.txt is still empty
2024-07-24 10:22:58 INFO  Reusables:53 - output.txt is still empty
2024-07-24 10:22:58 INFO  Reusables:53 - output.txt is still empty
2024-07-24 10:22:58 INFO  Reusables:53 - output.txt is still empty
2024-07-24 10:22:58 INFO  Reusables:53 - output.txt is still empty
2024-07-24 10:22:58 INFO  Reusables:53 - output.txt is still empty
2024-07-24 10:22:58 INFO  Reusables:53 - output.txt is still empty
2024-07-24 10:22:58 INFO  Reusables:53 - output.txt is still empty
2024-07-24 10:22:58 INFO  Reusables:53 - output.txt is still empty
2024-07-24 10:22:58 INFO  Reusables:53 - output.txt is still empty
2024-07-24 10:22:58 INFO  Reusables:53 - output.txt is still empty
2024-07-24 10:22:58 INFO  Reusables:53 - output.txt is still empty
2024-07-24 10:22:58 INFO  Reusables:53 - output.txt is still empty
2024-07-24 10:22:58 INFO  Reusables:53 - output.txt is still empty
2024-07-24 10:22:58 INFO  Reusables:53 - output.txt is still empty
2024-07-24 10:22:58 INFO  Reusables:53 - output.txt is still empty
2024-07-24 10:22:58 INFO  Reusables:53 - output.txt is still empty
2024-07-24 10:22:58 INFO  Reusables:53 - output.txt is still empty
2024-07-24 10:22:58 INFO  Reusables:53 - output.txt is still empty
2024-07-24 10:22:58 INFO  Reusables:53 - output.txt is still empty
2024-07-24 10:22:58 INFO  Reusables:53 - output.txt is still empty
2024-07-24 10:22:58 INFO  Reusables:53 - output.txt is still empty
2024-07-24 10:22:58 INFO  Reusables:53 - output.txt is still empty
2024-07-24 10:22:58 INFO  Reusables:53 - output.txt is still empty
2024-07-24 10:22:58 INFO  Reusables:53 - output.txt is still empty
2024-07-24 10:22:58 INFO  Reusables:53 - output.txt is still empty
2024-07-24 10:22:58 INFO  Reusables:53 - output.txt is still empty
2024-07-24 10:22:58 INFO  Reusables:53 - output.txt is still empty
2024-07-24 10:22:58 INFO  Reusables:53 - output.txt is still empty
2024-07-24 10:22:58 INFO  Reusables:53 - output.txt is still empty
2024-07-24 10:22:58 INFO  Reusables:53 - output.txt is still empty
2024-07-24 10:22:58 INFO  Reusables:53 - output.txt is still empty
2024-07-24 10:22:58 INFO  Reusables:53 - output.txt is still empty
2024-07-24 10:22:58 INFO  Reusables:53 - output.txt is still empty
2024-07-24 10:22:58 INFO  Reusables:53 - output.txt is still empty
2024-07-24 10:22:58 INFO  Reusables:53 - output.txt is still empty
2024-07-24 10:22:58 INFO  Reusables:53 - output.txt is still empty
2024-07-24 10:22:58 INFO  Reusables:53 - output.txt is still empty
2024-07-24 10:22:58 INFO  Reusables:53 - output.txt is still empty
2024-07-24 10:22:58 INFO  Reusables:53 - output.txt is still empty
2024-07-24 10:22:58 INFO  Reusables:53 - output.txt is still empty
2024-07-24 10:22:58 INFO  Reusables:53 - output.txt is still empty
2024-07-24 10:22:58 INFO  Reusables:53 - output.txt is still empty
2024-07-24 10:22:58 INFO  Reusables:53 - output.txt is still empty
2024-07-24 10:22:58 INFO  Reusables:53 - output.txt is still empty
2024-07-24 10:22:58 INFO  Reusables:53 - output.txt is still empty
2024-07-24 10:22:58 INFO  Reusables:53 - output.txt is still empty
2024-07-24 10:22:58 INFO  Reusables:53 - output.txt is still empty
2024-07-24 10:22:58 INFO  Reusables:53 - output.txt is still empty
2024-07-24 10:22:58 INFO  Reusables:53 - output.txt is still empty
2024-07-24 10:22:58 INFO  Reusables:53 - output.txt is still empty
2024-07-24 10:22:58 INFO  Reusables:53 - output.txt is still empty
2024-07-24 10:22:58 INFO  Reusables:53 - output.txt is still empty
2024-07-24 10:22:58 INFO  Reusables:53 - output.txt is still empty
2024-07-24 10:22:58 INFO  Reusables:53 - output.txt is still empty
2024-07-24 10:22:58 INFO  Reusables:53 - output.txt is still empty
2024-07-24 10:22:58 INFO  Reusables:53 - output.txt is still empty
2024-07-24 10:22:58 INFO  Reusables:53 - output.txt is still empty
2024-07-24 10:22:58 INFO  Reusables:53 - output.txt is still empty
2024-07-24 10:22:58 INFO  Reusables:53 - output.txt is still empty
2024-07-24 10:22:58 INFO  Reusables:53 - output.txt is still empty
2024-07-24 10:22:58 INFO  Reusables:53 - output.txt is still empty
2024-07-24 10:22:58 INFO  Reusables:53 - output.txt is still empty
2024-07-24 10:22:58 INFO  Reusables:53 - output.txt is still empty
2024-07-24 10:22:58 INFO  Reusables:53 - output.txt is still empty
2024-07-24 10:22:58 INFO  Reusables:53 - output.txt is still empty
2024-07-24 10:22:58 INFO  Reusables:53 - output.txt is still empty
2024-07-24 10:22:58 INFO  Reusables:53 - output.txt is still empty
2024-07-24 10:22:58 INFO  Reusables:53 - output.txt is still empty
2024-07-24 10:22:58 INFO  Reusables:53 - output.txt is still empty
2024-07-24 10:22:58 INFO  Reusables:53 - output.txt is still empty
2024-07-24 10:22:58 INFO  Reusables:53 - output.txt is still empty
2024-07-24 10:22:58 INFO  Reusables:53 - output.txt is still empty
2024-07-24 10:22:58 INFO  Reusables:53 - output.txt is still empty
2024-07-24 10:22:58 INFO  Reusables:53 - output.txt is still empty
2024-07-24 10:22:58 INFO  Reusables:53 - output.txt is still empty
2024-07-24 10:22:58 INFO  Reusables:53 - output.txt is still empty
2024-07-24 10:22:58 INFO  Reusables:53 - output.txt is still empty
2024-07-24 10:22:58 INFO  Reusables:53 - output.txt is still empty
2024-07-24 10:22:58 INFO  Reusables:53 - output.txt is still empty
2024-07-24 10:22:58 INFO  Reusables:53 - output.txt is still empty
2024-07-24 10:22:58 INFO  Reusables:53 - output.txt is still empty
2024-07-24 10:22:58 INFO  Reusables:53 - output.txt is still empty
2024-07-24 10:22:58 INFO  Reusables:53 - output.txt is still empty
2024-07-24 10:22:58 INFO  Reusables:53 - output.txt is still empty
2024-07-24 10:22:58 INFO  Reusables:53 - output.txt is still empty
2024-07-24 10:22:58 INFO  Reusables:53 - output.txt is still empty
2024-07-24 10:22:58 INFO  Reusables:53 - output.txt is still empty
2024-07-24 10:22:58 INFO  Reusables:53 - output.txt is still empty
2024-07-24 10:22:58 INFO  Reusables:53 - output.txt is still empty
2024-07-24 10:22:58 INFO  Reusables:53 - output.txt is still empty
2024-07-24 10:22:58 INFO  Reusables:53 - output.txt is still empty
2024-07-24 10:22:58 INFO  Reusables:53 - output.txt is still empty
2024-07-24 10:22:58 INFO  Reusables:53 - output.txt is still empty
2024-07-24 10:22:58 INFO  Reusables:53 - output.txt is still empty
2024-07-24 10:22:58 INFO  Reusables:53 - output.txt is still empty
2024-07-24 10:22:58 INFO  Reusables:53 - output.txt is still empty
2024-07-24 10:22:58 INFO  Reusables:53 - output.txt is still empty
2024-07-24 10:22:58 INFO  Reusables:53 - output.txt is still empty
2024-07-24 10:22:58 INFO  Reusables:53 - output.txt is still empty
2024-07-24 10:22:58 INFO  Reusables:53 - output.txt is still empty
2024-07-24 10:22:58 INFO  Reusables:53 - output.txt is still empty
2024-07-24 10:22:58 INFO  Reusables:53 - output.txt is still empty
2024-07-24 10:22:58 INFO  Reusables:53 - output.txt is still empty
2024-07-24 10:22:58 INFO  Reusables:53 - output.txt is still empty
2024-07-24 10:22:58 INFO  Reusables:53 - output.txt is still empty
2024-07-24 10:22:58 INFO  Reusables:53 - output.txt is still empty
2024-07-24 10:22:58 INFO  Reusables:53 - output.txt is still empty
2024-07-24 10:22:58 INFO  Reusables:53 - output.txt is still empty
2024-07-24 10:22:58 INFO  Reusables:53 - output.txt is still empty
2024-07-24 10:22:58 INFO  Reusables:53 - output.txt is still empty
2024-07-24 10:22:58 INFO  Reusables:53 - output.txt is still empty
2024-07-24 10:22:58 INFO  Reusables:53 - output.txt is still empty
2024-07-24 10:22:58 INFO  Reusables:53 - output.txt is still empty
2024-07-24 10:22:58 INFO  Reusables:53 - output.txt is still empty
2024-07-24 10:22:58 INFO  Reusables:53 - output.txt is still empty
2024-07-24 10:22:58 INFO  Reusables:53 - output.txt is still empty
2024-07-24 10:22:58 INFO  Reusables:53 - output.txt is still empty
2024-07-24 10:22:58 INFO  Reusables:53 - output.txt is still empty
2024-07-24 10:22:58 INFO  Reusables:53 - output.txt is still empty
2024-07-24 10:22:58 INFO  Reusables:53 - output.txt is still empty
2024-07-24 10:22:58 INFO  Reusables:53 - output.txt is still empty
2024-07-24 10:22:58 INFO  Reusables:53 - output.txt is still empty
2024-07-24 10:22:58 INFO  Reusables:53 - output.txt is still empty
2024-07-24 10:22:58 INFO  Reusables:53 - output.txt is still empty
2024-07-24 10:22:58 INFO  Reusables:53 - output.txt is still empty
2024-07-24 10:22:58 INFO  Reusables:53 - output.txt is still empty
2024-07-24 10:22:58 INFO  Reusables:53 - output.txt is still empty
2024-07-24 10:22:58 INFO  Reusables:53 - output.txt is still empty
2024-07-24 10:22:58 INFO  Reusables:53 - output.txt is still empty
2024-07-24 10:22:58 INFO  Reusables:53 - output.txt is still empty
2024-07-24 10:22:58 INFO  Reusables:53 - output.txt is still empty
2024-07-24 10:22:58 INFO  Reusables:53 - output.txt is still empty
2024-07-24 10:22:58 INFO  Reusables:53 - output.txt is still empty
2024-07-24 10:22:58 INFO  Reusables:53 - output.txt is still empty
2024-07-24 10:22:58 INFO  Reusables:53 - output.txt is still empty
2024-07-24 10:22:58 INFO  Reusables:53 - output.txt is still empty
2024-07-24 10:22:58 INFO  Reusables:53 - output.txt is still empty
2024-07-24 10:22:58 INFO  Reusables:53 - output.txt is still empty
2024-07-24 10:22:58 INFO  Reusables:53 - output.txt is still empty
2024-07-24 10:22:58 INFO  Reusables:53 - output.txt is still empty
2024-07-24 10:22:58 INFO  Reusables:53 - output.txt is still empty
2024-07-24 10:22:58 INFO  Reusables:53 - output.txt is still empty
2024-07-24 10:22:58 INFO  Reusables:53 - output.txt is still empty
2024-07-24 10:22:58 INFO  Reusables:53 - output.txt is still empty
2024-07-24 10:22:58 INFO  Reusables:53 - output.txt is still empty
2024-07-24 10:22:58 INFO  Reusables:53 - output.txt is still empty
2024-07-24 10:22:58 INFO  Reusables:53 - output.txt is still empty
2024-07-24 10:22:58 INFO  Reusables:53 - output.txt is still empty
2024-07-24 10:22:58 INFO  Reusables:53 - output.txt is still empty
2024-07-24 10:22:58 INFO  Reusables:53 - output.txt is still empty
2024-07-24 10:22:58 INFO  Reusables:53 - output.txt is still empty
2024-07-24 10:22:58 INFO  Reusables:53 - output.txt is still empty
2024-07-24 10:22:58 INFO  Reusables:53 - output.txt is still empty
2024-07-24 10:22:58 INFO  Reusables:53 - output.txt is still empty
2024-07-24 10:22:58 INFO  Reusables:53 - output.txt is still empty
2024-07-24 10:22:58 INFO  Reusables:53 - output.txt is still empty
2024-07-24 10:22:58 INFO  Reusables:53 - output.txt is still empty
2024-07-24 10:22:58 INFO  Reusables:53 - output.txt is still empty
2024-07-24 10:22:58 INFO  Reusables:53 - output.txt is still empty
2024-07-24 10:22:58 INFO  Reusables:53 - output.txt is still empty
2024-07-24 10:22:58 INFO  Reusables:53 - output.txt is still empty
2024-07-24 10:22:58 INFO  Reusables:53 - output.txt is still empty
2024-07-24 10:22:58 INFO  Reusables:53 - output.txt is still empty
2024-07-24 10:22:58 INFO  Reusables:53 - output.txt is still empty
2024-07-24 10:22:58 INFO  Reusables:53 - output.txt is still empty
2024-07-24 10:22:58 INFO  Reusables:53 - output.txt is still empty
2024-07-24 10:22:58 INFO  Reusables:53 - output.txt is still empty
2024-07-24 10:22:58 INFO  Reusables:53 - output.txt is still empty
2024-07-24 10:22:58 INFO  Reusables:53 - output.txt is still empty
2024-07-24 10:22:58 INFO  Reusables:53 - output.txt is still empty
2024-07-24 10:22:58 INFO  Reusables:53 - output.txt is still empty
2024-07-24 10:22:58 INFO  Reusables:53 - output.txt is still empty
2024-07-24 10:22:58 INFO  Reusables:53 - output.txt is still empty
2024-07-24 10:22:58 INFO  Reusables:53 - output.txt is still empty
2024-07-24 10:22:58 INFO  Reusables:53 - output.txt is still empty
2024-07-24 10:22:58 INFO  Reusables:53 - output.txt is still empty
2024-07-24 10:22:58 INFO  Reusables:53 - output.txt is still empty
2024-07-24 10:22:58 INFO  Reusables:53 - output.txt is still empty
2024-07-24 10:22:58 INFO  Reusables:53 - output.txt is still empty
2024-07-24 10:22:58 INFO  Reusables:53 - output.txt is still empty
2024-07-24 10:22:58 INFO  Reusables:53 - output.txt is still empty
2024-07-24 10:22:58 INFO  Reusables:53 - output.txt is still empty
2024-07-24 10:22:58 INFO  Reusables:53 - output.txt is still empty
2024-07-24 10:22:58 INFO  Reusables:53 - output.txt is still empty
2024-07-24 10:22:58 INFO  Reusables:53 - output.txt is still empty
2024-07-24 10:22:58 INFO  Reusables:53 - output.txt is still empty
2024-07-24 10:22:58 INFO  Reusables:53 - output.txt is still empty
2024-07-24 10:22:58 INFO  Reusables:53 - output.txt is still empty
2024-07-24 10:22:58 INFO  Reusables:53 - output.txt is still empty
2024-07-24 10:22:58 INFO  Reusables:53 - output.txt is still empty
2024-07-24 10:22:58 INFO  Reusables:53 - output.txt is still empty
2024-07-24 10:22:58 INFO  Reusables:53 - output.txt is still empty
2024-07-24 10:22:58 INFO  Reusables:53 - output.txt is still empty
2024-07-24 10:22:58 INFO  Reusables:53 - output.txt is still empty
2024-07-24 10:22:58 INFO  Reusables:53 - output.txt is still empty
2024-07-24 10:22:58 INFO  Reusables:53 - output.txt is still empty
2024-07-24 10:22:58 INFO  Reusables:53 - output.txt is still empty
2024-07-24 10:22:58 INFO  Reusables:53 - output.txt is still empty
2024-07-24 10:22:58 INFO  Reusables:53 - output.txt is still empty
2024-07-24 10:22:58 INFO  Reusables:53 - output.txt is still empty
2024-07-24 10:22:58 INFO  Reusables:53 - output.txt is still empty
2024-07-24 10:22:58 INFO  Reusables:53 - output.txt is still empty
2024-07-24 10:22:58 INFO  Reusables:53 - output.txt is still empty
2024-07-24 10:22:58 INFO  Reusables:53 - output.txt is still empty
2024-07-24 10:22:58 INFO  Reusables:53 - output.txt is still empty
2024-07-24 10:22:58 INFO  Reusables:53 - output.txt is still empty
2024-07-24 10:22:58 INFO  Reusables:53 - output.txt is still empty
2024-07-24 10:22:58 INFO  Reusables:53 - output.txt is still empty
2024-07-24 10:22:58 INFO  Reusables:53 - output.txt is still empty
2024-07-24 10:22:58 INFO  Reusables:53 - output.txt is still empty
2024-07-24 10:22:58 INFO  Reusables:53 - output.txt is still empty
2024-07-24 10:22:58 INFO  Reusables:53 - output.txt is still empty
2024-07-24 10:22:58 INFO  Reusables:53 - output.txt is still empty
2024-07-24 10:22:58 INFO  Reusables:53 - output.txt is still empty
2024-07-24 10:22:58 INFO  Reusables:53 - output.txt is still empty
2024-07-24 10:22:58 INFO  Reusables:53 - output.txt is still empty
2024-07-24 10:22:58 INFO  Reusables:53 - output.txt is still empty
2024-07-24 10:22:58 INFO  Reusables:53 - output.txt is still empty
2024-07-24 10:22:58 INFO  Reusables:53 - output.txt is still empty
2024-07-24 10:22:58 INFO  Reusables:53 - output.txt is still empty
2024-07-24 10:22:58 INFO  Reusables:53 - output.txt is still empty
2024-07-24 10:22:58 INFO  Reusables:53 - output.txt is still empty
2024-07-24 10:22:58 INFO  Reusables:53 - output.txt is still empty
2024-07-24 10:22:58 INFO  Reusables:53 - output.txt is still empty
2024-07-24 10:22:58 INFO  Reusables:53 - output.txt is still empty
2024-07-24 10:22:58 INFO  Reusables:53 - output.txt is still empty
2024-07-24 10:22:58 INFO  Reusables:53 - output.txt is still empty
2024-07-24 10:22:58 INFO  Reusables:53 - output.txt is still empty
2024-07-24 10:22:58 INFO  Reusables:53 - output.txt is still empty
2024-07-24 10:22:58 INFO  Reusables:53 - output.txt is still empty
2024-07-24 10:22:58 INFO  Reusables:53 - output.txt is still empty
2024-07-24 10:22:58 INFO  Reusables:53 - output.txt is still empty
2024-07-24 10:22:58 INFO  Reusables:53 - output.txt is still empty
2024-07-24 10:22:58 INFO  Reusables:53 - output.txt is still empty
2024-07-24 10:22:58 INFO  Reusables:53 - output.txt is still empty
2024-07-24 10:22:58 INFO  Reusables:53 - output.txt is still empty
2024-07-24 10:22:58 INFO  Reusables:53 - output.txt is still empty
2024-07-24 10:22:58 INFO  Reusables:53 - output.txt is still empty
2024-07-24 10:22:58 INFO  Reusables:53 - output.txt is still empty
2024-07-24 10:22:58 INFO  Reusables:53 - output.txt is still empty
2024-07-24 10:22:58 INFO  Reusables:53 - output.txt is still empty
2024-07-24 10:22:58 INFO  Reusables:53 - output.txt is still empty
2024-07-24 10:22:58 INFO  Reusables:53 - output.txt is still empty
2024-07-24 10:22:58 INFO  Reusables:53 - output.txt is still empty
2024-07-24 10:22:58 INFO  Reusables:53 - output.txt is still empty
2024-07-24 10:22:58 INFO  Reusables:53 - output.txt is still empty
2024-07-24 10:22:58 INFO  Reusables:53 - output.txt is still empty
2024-07-24 10:22:58 INFO  Reusables:53 - output.txt is still empty
2024-07-24 10:22:58 INFO  Reusables:53 - output.txt is still empty
2024-07-24 10:22:58 INFO  Reusables:53 - output.txt is still empty
2024-07-24 10:22:58 INFO  Reusables:53 - output.txt is still empty
2024-07-24 10:22:58 INFO  Reusables:53 - output.txt is still empty
2024-07-24 10:22:58 INFO  Reusables:53 - output.txt is still empty
2024-07-24 10:22:58 INFO  Reusables:53 - output.txt is still empty
2024-07-24 10:22:58 INFO  Reusables:53 - output.txt is still empty
2024-07-24 10:22:58 INFO  Reusables:53 - output.txt is still empty
2024-07-24 10:22:58 INFO  Reusables:53 - output.txt is still empty
2024-07-24 10:22:58 INFO  Reusables:53 - output.txt is still empty
2024-07-24 10:22:58 INFO  Reusables:53 - output.txt is still empty
2024-07-24 10:22:58 INFO  Reusables:53 - output.txt is still empty
2024-07-24 10:22:58 INFO  Reusables:53 - output.txt is still empty
2024-07-24 10:22:58 INFO  Reusables:53 - output.txt is still empty
2024-07-24 10:22:58 INFO  Reusables:53 - output.txt is still empty
2024-07-24 10:22:58 INFO  Reusables:53 - output.txt is still empty
2024-07-24 10:22:58 INFO  Reusables:53 - output.txt is still empty
2024-07-24 10:22:58 INFO  Reusables:53 - output.txt is still empty
2024-07-24 10:22:58 INFO  Reusables:53 - output.txt is still empty
2024-07-24 10:22:58 INFO  Reusables:53 - output.txt is still empty
2024-07-24 10:22:58 INFO  Reusables:53 - output.txt is still empty
2024-07-24 10:22:58 INFO  Reusables:53 - output.txt is still empty
2024-07-24 10:22:58 INFO  Reusables:53 - output.txt is still empty
2024-07-24 10:22:58 INFO  Reusables:53 - output.txt is still empty
2024-07-24 10:22:58 INFO  Reusables:53 - output.txt is still empty
2024-07-24 10:22:58 INFO  Reusables:53 - output.txt is still empty
2024-07-24 10:22:58 INFO  Reusables:53 - output.txt is still empty
2024-07-24 10:22:58 INFO  Reusables:53 - output.txt is still empty
2024-07-24 10:22:58 INFO  Reusables:53 - output.txt is still empty
2024-07-24 10:22:58 INFO  Reusables:53 - output.txt is still empty
2024-07-24 10:22:58 INFO  Reusables:53 - output.txt is still empty
2024-07-24 10:22:58 INFO  Reusables:53 - output.txt is still empty
2024-07-24 10:22:58 INFO  Reusables:53 - output.txt is still empty
2024-07-24 10:22:58 INFO  Reusables:53 - output.txt is still empty
2024-07-24 10:22:58 INFO  Reusables:53 - output.txt is still empty
2024-07-24 10:22:58 INFO  Reusables:53 - output.txt is still empty
2024-07-24 10:22:58 INFO  Reusables:53 - output.txt is still empty
2024-07-24 10:22:58 INFO  Reusables:53 - output.txt is still empty
2024-07-24 10:22:58 INFO  Reusables:53 - output.txt is still empty
2024-07-24 10:22:58 INFO  Reusables:53 - output.txt is still empty
2024-07-24 10:22:58 INFO  Reusables:53 - output.txt is still empty
2024-07-24 10:22:58 INFO  Reusables:53 - output.txt is still empty
2024-07-24 10:22:58 INFO  Reusables:53 - output.txt is still empty
2024-07-24 10:22:58 INFO  Reusables:53 - output.txt is still empty
2024-07-24 10:22:58 INFO  Reusables:53 - output.txt is still empty
2024-07-24 10:22:58 INFO  Reusables:53 - output.txt is still empty
2024-07-24 10:22:58 INFO  Reusables:53 - output.txt is still empty
2024-07-24 10:22:58 INFO  Reusables:53 - output.txt is still empty
2024-07-24 10:22:58 INFO  Reusables:53 - output.txt is still empty
2024-07-24 10:22:58 INFO  Reusables:53 - output.txt is still empty
2024-07-24 10:22:58 INFO  Reusables:53 - output.txt is still empty
2024-07-24 10:22:58 INFO  Reusables:53 - output.txt is still empty
2024-07-24 10:22:58 INFO  Reusables:53 - output.txt is still empty
2024-07-24 10:22:58 INFO  Reusables:53 - output.txt is still empty
2024-07-24 10:22:58 INFO  Reusables:53 - output.txt is still empty
2024-07-24 10:22:58 INFO  Reusables:53 - output.txt is still empty
2024-07-24 10:22:58 INFO  Reusables:53 - output.txt is still empty
2024-07-24 10:22:58 INFO  Reusables:53 - output.txt is still empty
2024-07-24 10:22:58 INFO  Reusables:53 - output.txt is still empty
2024-07-24 10:22:58 INFO  Reusables:53 - output.txt is still empty
2024-07-24 10:22:58 INFO  Reusables:53 - output.txt is still empty
2024-07-24 10:22:58 INFO  Reusables:53 - output.txt is still empty
2024-07-24 10:22:58 INFO  Reusables:53 - output.txt is still empty
2024-07-24 10:22:58 INFO  Reusables:53 - output.txt is still empty
2024-07-24 10:22:58 INFO  Reusables:53 - output.txt is still empty
2024-07-24 10:22:58 INFO  Reusables:53 - output.txt is still empty
2024-07-24 10:22:58 INFO  Reusables:53 - output.txt is still empty
2024-07-24 10:22:58 INFO  Reusables:53 - output.txt is still empty
2024-07-24 10:22:58 INFO  Reusables:53 - output.txt is still empty
2024-07-24 10:22:58 INFO  Reusables:53 - output.txt is still empty
2024-07-24 10:22:58 INFO  Reusables:53 - output.txt is still empty
2024-07-24 10:22:58 INFO  Reusables:53 - output.txt is still empty
2024-07-24 10:22:58 INFO  Reusables:53 - output.txt is still empty
2024-07-24 10:22:58 INFO  Reusables:53 - output.txt is still empty
2024-07-24 10:22:58 INFO  Reusables:53 - output.txt is still empty
2024-07-24 10:22:58 INFO  Reusables:53 - output.txt is still empty
2024-07-24 10:22:58 INFO  Reusables:53 - output.txt is still empty
2024-07-24 10:22:58 INFO  Reusables:53 - output.txt is still empty
2024-07-24 10:22:58 INFO  Reusables:53 - output.txt is still empty
2024-07-24 10:22:58 INFO  Reusables:53 - output.txt is still empty
2024-07-24 10:22:58 INFO  Reusables:53 - output.txt is still empty
2024-07-24 10:22:58 INFO  Reusables:53 - output.txt is still empty
2024-07-24 10:22:58 INFO  Reusables:53 - output.txt is still empty
2024-07-24 10:22:58 INFO  Reusables:53 - output.txt is still empty
2024-07-24 10:22:58 INFO  Reusables:53 - output.txt is still empty
2024-07-24 10:22:58 INFO  Reusables:53 - output.txt is still empty
2024-07-24 10:22:58 INFO  Reusables:53 - output.txt is still empty
2024-07-24 10:22:58 INFO  Reusables:53 - output.txt is still empty
2024-07-24 10:22:58 INFO  Reusables:53 - output.txt is still empty
2024-07-24 10:22:58 INFO  Reusables:53 - output.txt is still empty
2024-07-24 10:22:58 INFO  Reusables:53 - output.txt is still empty
2024-07-24 10:22:58 INFO  Reusables:53 - output.txt is still empty
2024-07-24 10:22:58 INFO  Reusables:53 - output.txt is still empty
2024-07-24 10:22:58 INFO  Reusables:53 - output.txt is still empty
2024-07-24 10:22:58 INFO  Reusables:53 - output.txt is still empty
2024-07-24 10:22:58 INFO  Reusables:53 - output.txt is still empty
2024-07-24 10:22:58 INFO  Reusables:53 - output.txt is still empty
2024-07-24 10:22:58 INFO  Reusables:53 - output.txt is still empty
2024-07-24 10:22:58 INFO  Reusables:53 - output.txt is still empty
2024-07-24 10:22:58 INFO  Reusables:53 - output.txt is still empty
2024-07-24 10:22:58 INFO  Reusables:53 - output.txt is still empty
2024-07-24 10:22:58 INFO  Reusables:53 - output.txt is still empty
2024-07-24 10:22:58 INFO  Reusables:53 - output.txt is still empty
2024-07-24 10:22:58 INFO  Reusables:53 - output.txt is still empty
2024-07-24 10:22:58 INFO  Reusables:53 - output.txt is still empty
2024-07-24 10:22:58 INFO  Reusables:53 - output.txt is still empty
2024-07-24 10:22:58 INFO  Reusables:53 - output.txt is still empty
2024-07-24 10:22:58 INFO  Reusables:53 - output.txt is still empty
2024-07-24 10:22:58 INFO  Reusables:53 - output.txt is still empty
2024-07-24 10:22:58 INFO  Reusables:53 - output.txt is still empty
2024-07-24 10:22:58 INFO  Reusables:53 - output.txt is still empty
2024-07-24 10:22:58 INFO  Reusables:53 - output.txt is still empty
2024-07-24 10:22:58 INFO  Reusables:53 - output.txt is still empty
2024-07-24 10:22:58 INFO  Reusables:53 - output.txt is still empty
2024-07-24 10:22:58 INFO  Reusables:53 - output.txt is still empty
2024-07-24 10:22:58 INFO  Reusables:53 - output.txt is still empty
2024-07-24 10:22:58 INFO  Reusables:53 - output.txt is still empty
2024-07-24 10:22:58 INFO  Reusables:53 - output.txt is still empty
2024-07-24 10:22:58 INFO  Reusables:53 - output.txt is still empty
2024-07-24 10:22:58 INFO  Reusables:53 - output.txt is still empty
2024-07-24 10:22:58 INFO  Reusables:53 - output.txt is still empty
2024-07-24 10:22:58 INFO  Reusables:53 - output.txt is still empty
2024-07-24 10:22:58 INFO  Reusables:53 - output.txt is still empty
2024-07-24 10:22:58 INFO  Reusables:53 - output.txt is still empty
2024-07-24 10:22:58 INFO  Reusables:53 - output.txt is still empty
2024-07-24 10:22:58 INFO  Reusables:53 - output.txt is still empty
2024-07-24 10:22:58 INFO  Reusables:53 - output.txt is still empty
2024-07-24 10:22:58 INFO  Reusables:53 - output.txt is still empty
2024-07-24 10:22:58 INFO  Reusables:53 - output.txt is still empty
2024-07-24 10:22:58 INFO  Reusables:53 - output.txt is still empty
2024-07-24 10:22:58 INFO  Reusables:53 - output.txt is still empty
2024-07-24 10:22:58 INFO  Reusables:53 - output.txt is still empty
2024-07-24 10:22:58 INFO  Reusables:53 - output.txt is still empty
2024-07-24 10:22:58 INFO  Reusables:53 - output.txt is still empty
2024-07-24 10:22:58 INFO  Reusables:53 - output.txt is still empty
2024-07-24 10:22:58 INFO  Reusables:53 - output.txt is still empty
2024-07-24 10:22:58 INFO  Reusables:53 - output.txt is still empty
2024-07-24 10:22:58 INFO  Reusables:53 - output.txt is still empty
2024-07-24 10:22:58 INFO  Reusables:53 - output.txt is still empty
2024-07-24 10:22:58 INFO  Reusables:53 - output.txt is still empty
2024-07-24 10:22:58 INFO  Reusables:53 - output.txt is still empty
2024-07-24 10:22:58 INFO  Reusables:53 - output.txt is still empty
2024-07-24 10:22:58 INFO  Reusables:53 - output.txt is still empty
2024-07-24 10:22:58 INFO  Reusables:53 - output.txt is still empty
2024-07-24 10:22:58 INFO  Reusables:53 - output.txt is still empty
2024-07-24 10:22:58 INFO  Reusables:53 - output.txt is still empty
2024-07-24 10:22:58 INFO  Reusables:53 - output.txt is still empty
2024-07-24 10:22:58 INFO  Reusables:53 - output.txt is still empty
2024-07-24 10:22:58 INFO  Reusables:53 - output.txt is still empty
2024-07-24 10:22:58 INFO  Reusables:53 - output.txt is still empty
2024-07-24 10:22:58 INFO  Reusables:53 - output.txt is still empty
2024-07-24 10:22:58 INFO  Reusables:53 - output.txt is still empty
2024-07-24 10:22:58 INFO  Reusables:53 - output.txt is still empty
2024-07-24 10:22:58 INFO  Reusables:53 - output.txt is still empty
2024-07-24 10:22:58 INFO  Reusables:53 - output.txt is still empty
2024-07-24 10:22:58 INFO  Reusables:53 - output.txt is still empty
2024-07-24 10:22:58 INFO  Reusables:53 - output.txt is still empty
2024-07-24 10:22:58 INFO  Reusables:53 - output.txt is still empty
2024-07-24 10:22:58 INFO  Reusables:53 - output.txt is still empty
2024-07-24 10:22:58 INFO  Reusables:53 - output.txt is still empty
2024-07-24 10:22:58 INFO  Reusables:53 - output.txt is still empty
2024-07-24 10:22:58 INFO  Reusables:53 - output.txt is still empty
2024-07-24 10:22:58 INFO  Reusables:53 - output.txt is still empty
2024-07-24 10:22:58 INFO  Reusables:53 - output.txt is still empty
2024-07-24 10:22:58 INFO  Reusables:53 - output.txt is still empty
2024-07-24 10:22:58 INFO  Reusables:53 - output.txt is still empty
2024-07-24 10:22:58 INFO  Reusables:53 - output.txt is still empty
2024-07-24 10:22:58 INFO  Reusables:53 - output.txt is still empty
2024-07-24 10:22:58 INFO  Reusables:53 - output.txt is still empty
2024-07-24 10:22:58 INFO  Reusables:53 - output.txt is still empty
2024-07-24 10:22:58 INFO  Reusables:53 - output.txt is still empty
2024-07-24 10:22:58 INFO  Reusables:53 - output.txt is still empty
2024-07-24 10:22:58 INFO  Reusables:53 - output.txt is still empty
2024-07-24 10:22:58 INFO  Reusables:53 - output.txt is still empty
2024-07-24 10:22:58 INFO  Reusables:53 - output.txt is still empty
2024-07-24 10:22:58 INFO  Reusables:53 - output.txt is still empty
2024-07-24 10:22:58 INFO  Reusables:53 - output.txt is still empty
2024-07-24 10:22:58 INFO  Reusables:53 - output.txt is still empty
2024-07-24 10:22:58 INFO  Reusables:53 - output.txt is still empty
2024-07-24 10:22:58 INFO  Reusables:53 - output.txt is still empty
2024-07-24 10:22:58 INFO  Reusables:53 - output.txt is still empty
2024-07-24 10:22:58 INFO  Reusables:53 - output.txt is still empty
2024-07-24 10:22:58 INFO  Reusables:53 - output.txt is still empty
2024-07-24 10:22:58 INFO  Reusables:53 - output.txt is still empty
2024-07-24 10:22:58 INFO  Reusables:53 - output.txt is still empty
2024-07-24 10:22:58 INFO  Reusables:53 - output.txt is still empty
2024-07-24 10:22:58 INFO  Reusables:53 - output.txt is still empty
2024-07-24 10:22:58 INFO  Reusables:53 - output.txt is still empty
2024-07-24 10:22:58 INFO  Reusables:53 - output.txt is still empty
2024-07-24 10:22:58 INFO  Reusables:53 - output.txt is still empty
2024-07-24 10:22:58 INFO  Reusables:53 - output.txt is still empty
2024-07-24 10:22:58 INFO  Reusables:53 - output.txt is still empty
2024-07-24 10:22:58 INFO  Reusables:53 - output.txt is still empty
2024-07-24 10:22:58 INFO  Reusables:53 - output.txt is still empty
2024-07-24 10:22:58 INFO  Reusables:53 - output.txt is still empty
2024-07-24 10:22:58 INFO  Reusables:53 - output.txt is still empty
2024-07-24 10:22:58 INFO  Reusables:53 - output.txt is still empty
2024-07-24 10:22:58 INFO  Reusables:53 - output.txt is still empty
2024-07-24 10:22:58 INFO  Reusables:53 - output.txt is still empty
2024-07-24 10:22:58 INFO  Reusables:53 - output.txt is still empty
2024-07-24 10:22:58 INFO  Reusables:53 - output.txt is still empty
2024-07-24 10:22:58 INFO  Reusables:53 - output.txt is still empty
2024-07-24 10:22:58 INFO  Reusables:53 - output.txt is still empty
2024-07-24 10:22:58 INFO  Reusables:53 - output.txt is still empty
2024-07-24 10:22:58 INFO  Reusables:53 - output.txt is still empty
2024-07-24 10:22:58 INFO  Reusables:53 - output.txt is still empty
2024-07-24 10:22:58 INFO  Reusables:53 - output.txt is still empty
2024-07-24 10:22:58 INFO  Reusables:53 - output.txt is still empty
2024-07-24 10:22:58 INFO  Reusables:53 - output.txt is still empty
2024-07-24 10:22:58 INFO  Reusables:53 - output.txt is still empty
2024-07-24 10:22:58 INFO  Reusables:53 - output.txt is still empty
2024-07-24 10:22:58 INFO  Reusables:53 - output.txt is still empty
2024-07-24 10:22:58 INFO  Reusables:53 - output.txt is still empty
2024-07-24 10:22:58 INFO  Reusables:53 - output.txt is still empty
2024-07-24 10:22:58 INFO  Reusables:53 - output.txt is still empty
2024-07-24 10:22:58 INFO  Reusables:53 - output.txt is still empty
2024-07-24 10:22:58 INFO  Reusables:53 - output.txt is still empty
2024-07-24 10:22:58 INFO  Reusables:53 - output.txt is still empty
2024-07-24 10:22:58 INFO  Reusables:53 - output.txt is still empty
2024-07-24 10:22:58 INFO  Reusables:53 - output.txt is still empty
2024-07-24 10:22:58 INFO  Reusables:53 - output.txt is still empty
2024-07-24 10:22:58 INFO  Reusables:53 - output.txt is still empty
2024-07-24 10:22:58 INFO  Reusables:53 - output.txt is still empty
2024-07-24 10:22:58 INFO  Reusables:53 - output.txt is still empty
2024-07-24 10:22:58 INFO  Reusables:53 - output.txt is still empty
2024-07-24 10:22:58 INFO  Reusables:53 - output.txt is still empty
2024-07-24 10:22:58 INFO  Reusables:53 - output.txt is still empty
2024-07-24 10:22:58 INFO  Reusables:53 - output.txt is still empty
2024-07-24 10:22:58 INFO  Reusables:53 - output.txt is still empty
2024-07-24 10:22:58 INFO  Reusables:53 - output.txt is still empty
2024-07-24 10:22:58 INFO  Reusables:53 - output.txt is still empty
2024-07-24 10:22:58 INFO  Reusables:53 - output.txt is still empty
2024-07-24 10:22:58 INFO  Reusables:53 - output.txt is still empty
2024-07-24 10:22:58 INFO  Reusables:53 - output.txt is still empty
2024-07-24 10:22:58 INFO  Reusables:53 - output.txt is still empty
2024-07-24 10:22:58 INFO  Reusables:53 - output.txt is still empty
2024-07-24 10:22:58 INFO  Reusables:53 - output.txt is still empty
2024-07-24 10:22:58 INFO  Reusables:53 - output.txt is still empty
2024-07-24 10:22:58 INFO  Reusables:53 - output.txt is still empty
2024-07-24 10:22:58 INFO  Reusables:53 - output.txt is still empty
2024-07-24 10:22:58 INFO  Reusables:53 - output.txt is still empty
2024-07-24 10:22:58 INFO  Reusables:53 - output.txt is still empty
2024-07-24 10:22:58 INFO  Reusables:53 - output.txt is still empty
2024-07-24 10:22:58 INFO  Reusables:53 - output.txt is still empty
2024-07-24 10:22:58 INFO  Reusables:53 - output.txt is still empty
2024-07-24 10:22:58 INFO  Reusables:53 - output.txt is still empty
2024-07-24 10:22:58 INFO  Reusables:53 - output.txt is still empty
2024-07-24 10:22:58 INFO  Reusables:53 - output.txt is still empty
2024-07-24 10:22:58 INFO  Reusables:53 - output.txt is still empty
2024-07-24 10:22:58 INFO  Reusables:53 - output.txt is still empty
2024-07-24 10:22:58 INFO  Reusables:53 - output.txt is still empty
2024-07-24 10:22:58 INFO  Reusables:53 - output.txt is still empty
2024-07-24 10:22:58 INFO  Reusables:53 - output.txt is still empty
2024-07-24 10:22:58 INFO  Reusables:53 - output.txt is still empty
2024-07-24 10:22:58 INFO  Reusables:53 - output.txt is still empty
2024-07-24 10:22:58 INFO  Reusables:53 - output.txt is still empty
2024-07-24 10:22:58 INFO  Reusables:53 - output.txt is still empty
2024-07-24 10:22:58 INFO  Reusables:53 - output.txt is still empty
2024-07-24 10:22:58 INFO  Reusables:53 - output.txt is still empty
2024-07-24 10:22:58 INFO  Reusables:53 - output.txt is still empty
2024-07-24 10:22:58 INFO  Reusables:53 - output.txt is still empty
2024-07-24 10:22:58 INFO  Reusables:53 - output.txt is still empty
2024-07-24 10:22:58 INFO  Reusables:53 - output.txt is still empty
2024-07-24 10:22:58 INFO  Reusables:53 - output.txt is still empty
2024-07-24 10:22:58 INFO  Reusables:53 - output.txt is still empty
2024-07-24 10:22:58 INFO  Reusables:53 - output.txt is still empty
2024-07-24 10:22:58 INFO  Reusables:53 - output.txt is still empty
2024-07-24 10:22:58 INFO  Reusables:53 - output.txt is still empty
2024-07-24 10:22:58 INFO  Reusables:53 - output.txt is still empty
2024-07-24 10:22:58 INFO  Reusables:53 - output.txt is still empty
2024-07-24 10:22:58 INFO  Reusables:53 - output.txt is still empty
2024-07-24 10:22:58 INFO  Reusables:53 - output.txt is still empty
2024-07-24 10:22:58 INFO  Reusables:53 - output.txt is still empty
2024-07-24 10:22:58 INFO  Reusables:53 - output.txt is still empty
2024-07-24 10:22:58 INFO  Reusables:53 - output.txt is still empty
2024-07-24 10:22:58 INFO  Reusables:53 - output.txt is still empty
2024-07-24 10:22:58 INFO  Reusables:53 - output.txt is still empty
2024-07-24 10:22:58 INFO  Reusables:53 - output.txt is still empty
2024-07-24 10:22:58 INFO  Reusables:53 - output.txt is still empty
2024-07-24 10:22:58 INFO  Reusables:53 - output.txt is still empty
2024-07-24 10:22:58 INFO  Reusables:53 - output.txt is still empty
2024-07-24 10:22:58 INFO  Reusables:53 - output.txt is still empty
2024-07-24 10:22:58 INFO  Reusables:53 - output.txt is still empty
2024-07-24 10:22:58 INFO  Reusables:53 - output.txt is still empty
2024-07-24 10:22:58 INFO  Reusables:53 - output.txt is still empty
2024-07-24 10:22:58 INFO  Reusables:53 - output.txt is still empty
2024-07-24 10:22:58 INFO  Reusables:53 - output.txt is still empty
2024-07-24 10:22:58 INFO  Reusables:53 - output.txt is still empty
2024-07-24 10:22:58 INFO  Reusables:53 - output.txt is still empty
2024-07-24 10:22:58 INFO  Reusables:53 - output.txt is still empty
2024-07-24 10:22:58 INFO  Reusables:53 - output.txt is still empty
2024-07-24 10:22:58 INFO  Reusables:53 - output.txt is still empty
2024-07-24 10:22:58 INFO  Reusables:53 - output.txt is still empty
2024-07-24 10:22:58 INFO  Reusables:53 - output.txt is still empty
2024-07-24 10:22:58 INFO  Reusables:53 - output.txt is still empty
2024-07-24 10:22:58 INFO  Reusables:53 - output.txt is still empty
2024-07-24 10:22:58 INFO  Reusables:53 - output.txt is still empty
2024-07-24 10:22:58 INFO  Reusables:53 - output.txt is still empty
2024-07-24 10:22:58 INFO  Reusables:53 - output.txt is still empty
2024-07-24 10:22:58 INFO  Reusables:53 - output.txt is still empty
2024-07-24 10:22:58 INFO  Reusables:53 - output.txt is still empty
2024-07-24 10:22:58 INFO  Reusables:53 - output.txt is still empty
2024-07-24 10:22:58 INFO  Reusables:53 - output.txt is still empty
2024-07-24 10:22:58 INFO  Reusables:53 - output.txt is still empty
2024-07-24 10:22:58 INFO  Reusables:53 - output.txt is still empty
2024-07-24 10:22:58 INFO  Reusables:53 - output.txt is still empty
2024-07-24 10:22:58 INFO  Reusables:53 - output.txt is still empty
2024-07-24 10:22:58 INFO  Reusables:53 - output.txt is still empty
2024-07-24 10:22:58 INFO  Reusables:53 - output.txt is still empty
2024-07-24 10:22:58 INFO  Reusables:53 - output.txt is still empty
2024-07-24 10:22:58 INFO  Reusables:53 - output.txt is still empty
2024-07-24 10:22:58 INFO  Reusables:53 - output.txt is still empty
2024-07-24 10:22:58 INFO  Reusables:53 - output.txt is still empty
2024-07-24 10:22:58 INFO  Reusables:53 - output.txt is still empty
2024-07-24 10:22:58 INFO  Reusables:53 - output.txt is still empty
2024-07-24 10:22:58 INFO  Reusables:53 - output.txt is still empty
2024-07-24 10:22:58 INFO  Reusables:53 - output.txt is still empty
2024-07-24 10:22:58 INFO  Reusables:53 - output.txt is still empty
2024-07-24 10:22:58 INFO  Reusables:53 - output.txt is still empty
2024-07-24 10:22:58 INFO  Reusables:53 - output.txt is still empty
2024-07-24 10:22:58 INFO  Reusables:53 - output.txt is still empty
2024-07-24 10:22:58 INFO  Reusables:53 - output.txt is still empty
2024-07-24 10:22:58 INFO  Reusables:53 - output.txt is still empty
2024-07-24 10:22:58 INFO  Reusables:53 - output.txt is still empty
2024-07-24 10:22:58 INFO  Reusables:53 - output.txt is still empty
2024-07-24 10:22:58 INFO  Reusables:53 - output.txt is still empty
2024-07-24 10:22:58 INFO  Reusables:53 - output.txt is still empty
2024-07-24 10:22:58 INFO  Reusables:53 - output.txt is still empty
2024-07-24 10:22:58 INFO  Reusables:53 - output.txt is still empty
2024-07-24 10:22:58 INFO  Reusables:53 - output.txt is still empty
2024-07-24 10:22:58 INFO  Reusables:53 - output.txt is still empty
2024-07-24 10:22:58 INFO  Reusables:53 - output.txt is still empty
2024-07-24 10:22:58 INFO  Reusables:53 - output.txt is still empty
2024-07-24 10:22:58 INFO  Reusables:53 - output.txt is still empty
2024-07-24 10:22:58 INFO  Reusables:53 - output.txt is still empty
2024-07-24 10:22:58 INFO  Reusables:53 - output.txt is still empty
2024-07-24 10:22:58 INFO  Reusables:53 - output.txt is still empty
2024-07-24 10:22:58 INFO  Reusables:53 - output.txt is still empty
2024-07-24 10:22:58 INFO  Reusables:53 - output.txt is still empty
2024-07-24 10:22:58 INFO  Reusables:53 - output.txt is still empty
2024-07-24 10:22:58 INFO  Reusables:53 - output.txt is still empty
2024-07-24 10:22:58 INFO  Reusables:53 - output.txt is still empty
2024-07-24 10:22:58 INFO  Reusables:53 - output.txt is still empty
2024-07-24 10:22:58 INFO  Reusables:53 - output.txt is still empty
2024-07-24 10:22:58 INFO  Reusables:53 - output.txt is still empty
2024-07-24 10:22:58 INFO  Reusables:53 - output.txt is still empty
2024-07-24 10:22:58 INFO  Reusables:53 - output.txt is still empty
2024-07-24 10:22:58 INFO  Reusables:53 - output.txt is still empty
2024-07-24 10:22:58 INFO  Reusables:53 - output.txt is still empty
2024-07-24 10:22:58 INFO  Reusables:53 - output.txt is still empty
2024-07-24 10:22:58 INFO  Reusables:53 - output.txt is still empty
2024-07-24 10:22:58 INFO  Reusables:53 - output.txt is still empty
2024-07-24 10:22:58 INFO  Reusables:53 - output.txt is still empty
2024-07-24 10:22:58 INFO  Reusables:53 - output.txt is still empty
2024-07-24 10:22:58 INFO  Reusables:53 - output.txt is still empty
2024-07-24 10:22:58 INFO  Reusables:53 - output.txt is still empty
2024-07-24 10:22:58 INFO  Reusables:53 - output.txt is still empty
2024-07-24 10:22:58 INFO  Reusables:53 - output.txt is still empty
2024-07-24 10:22:58 INFO  Reusables:53 - output.txt is still empty
2024-07-24 10:22:58 INFO  Reusables:53 - output.txt is still empty
2024-07-24 10:22:58 INFO  Reusables:53 - output.txt is still empty
2024-07-24 10:22:58 INFO  Reusables:53 - output.txt is still empty
2024-07-24 10:22:58 INFO  Reusables:53 - output.txt is still empty
2024-07-24 10:22:58 INFO  Reusables:53 - output.txt is still empty
2024-07-24 10:22:58 INFO  Reusables:53 - output.txt is still empty
2024-07-24 10:22:58 INFO  Reusables:53 - output.txt is still empty
2024-07-24 10:22:58 INFO  Reusables:53 - output.txt is still empty
2024-07-24 10:22:58 INFO  Reusables:53 - output.txt is still empty
2024-07-24 10:22:58 INFO  Reusables:53 - output.txt is still empty
2024-07-24 10:22:58 INFO  Reusables:53 - output.txt is still empty
2024-07-24 10:22:58 INFO  Reusables:53 - output.txt is still empty
2024-07-24 10:22:58 INFO  Reusables:53 - output.txt is still empty
2024-07-24 10:22:58 INFO  Reusables:53 - output.txt is still empty
2024-07-24 10:22:58 INFO  Reusables:53 - output.txt is still empty
2024-07-24 10:22:58 INFO  Reusables:53 - output.txt is still empty
2024-07-24 10:22:58 INFO  Reusables:53 - output.txt is still empty
2024-07-24 10:22:58 INFO  Reusables:53 - output.txt is still empty
2024-07-24 10:22:58 INFO  Reusables:53 - output.txt is still empty
2024-07-24 10:22:58 INFO  Reusables:53 - output.txt is still empty
2024-07-24 10:22:58 INFO  Reusables:53 - output.txt is still empty
2024-07-24 10:22:58 INFO  Reusables:53 - output.txt is still empty
2024-07-24 10:22:58 INFO  Reusables:53 - output.txt is still empty
2024-07-24 10:22:58 INFO  Reusables:53 - output.txt is still empty
2024-07-24 10:22:58 INFO  Reusables:53 - output.txt is still empty
2024-07-24 10:22:58 INFO  Reusables:53 - output.txt is still empty
2024-07-24 10:22:58 INFO  Reusables:53 - output.txt is still empty
2024-07-24 10:22:58 INFO  Reusables:53 - output.txt is still empty
2024-07-24 10:22:58 INFO  Reusables:53 - output.txt is still empty
2024-07-24 10:22:58 INFO  Reusables:53 - output.txt is still empty
2024-07-24 10:22:58 INFO  Reusables:53 - output.txt is still empty
2024-07-24 10:22:58 INFO  Reusables:53 - output.txt is still empty
2024-07-24 10:22:58 INFO  Reusables:53 - output.txt is still empty
2024-07-24 10:22:58 INFO  Reusables:53 - output.txt is still empty
2024-07-24 10:22:58 INFO  Reusables:53 - output.txt is still empty
2024-07-24 10:22:58 INFO  Reusables:53 - output.txt is still empty
2024-07-24 10:22:58 INFO  Reusables:53 - output.txt is still empty
2024-07-24 10:22:58 INFO  Reusables:53 - output.txt is still empty
2024-07-24 10:22:58 INFO  Reusables:53 - output.txt is still empty
2024-07-24 10:22:58 INFO  Reusables:53 - output.txt is still empty
2024-07-24 10:22:58 INFO  Reusables:53 - output.txt is still empty
2024-07-24 10:22:58 INFO  Reusables:53 - output.txt is still empty
2024-07-24 10:22:58 INFO  Reusables:53 - output.txt is still empty
2024-07-24 10:22:58 INFO  Reusables:53 - output.txt is still empty
2024-07-24 10:22:58 INFO  Reusables:53 - output.txt is still empty
2024-07-24 10:22:58 INFO  Reusables:53 - output.txt is still empty
2024-07-24 10:22:58 INFO  Reusables:53 - output.txt is still empty
2024-07-24 10:22:58 INFO  Reusables:53 - output.txt is still empty
2024-07-24 10:22:58 INFO  Reusables:53 - output.txt is still empty
2024-07-24 10:22:58 INFO  Reusables:53 - output.txt is still empty
2024-07-24 10:22:58 INFO  Reusables:53 - output.txt is still empty
2024-07-24 10:22:58 INFO  Reusables:53 - output.txt is still empty
2024-07-24 10:22:58 INFO  Reusables:53 - output.txt is still empty
2024-07-24 10:22:58 INFO  Reusables:53 - output.txt is still empty
2024-07-24 10:22:58 INFO  Reusables:53 - output.txt is still empty
2024-07-24 10:22:58 INFO  Reusables:53 - output.txt is still empty
2024-07-24 10:22:58 INFO  Reusables:53 - output.txt is still empty
2024-07-24 10:22:58 INFO  Reusables:53 - output.txt is still empty
2024-07-24 10:22:58 INFO  Reusables:53 - output.txt is still empty
2024-07-24 10:22:58 INFO  Reusables:53 - output.txt is still empty
2024-07-24 10:22:58 INFO  Reusables:53 - output.txt is still empty
2024-07-24 10:22:58 INFO  Reusables:53 - output.txt is still empty
2024-07-24 10:22:58 INFO  Reusables:53 - output.txt is still empty
2024-07-24 10:22:58 INFO  Reusables:53 - output.txt is still empty
2024-07-24 10:22:58 INFO  Reusables:53 - output.txt is still empty
2024-07-24 10:22:58 INFO  Reusables:53 - output.txt is still empty
2024-07-24 10:22:58 INFO  Reusables:53 - output.txt is still empty
2024-07-24 10:22:58 INFO  Reusables:53 - output.txt is still empty
2024-07-24 10:22:58 INFO  Reusables:53 - output.txt is still empty
2024-07-24 10:22:58 INFO  Reusables:53 - output.txt is still empty
2024-07-24 10:22:58 INFO  Reusables:53 - output.txt is still empty
2024-07-24 10:22:58 INFO  Reusables:53 - output.txt is still empty
2024-07-24 10:22:58 INFO  Reusables:53 - output.txt is still empty
2024-07-24 10:22:58 INFO  Reusables:53 - output.txt is still empty
2024-07-24 10:22:58 INFO  Reusables:53 - output.txt is still empty
2024-07-24 10:22:58 INFO  Reusables:53 - output.txt is still empty
2024-07-24 10:22:58 INFO  Reusables:53 - output.txt is still empty
2024-07-24 10:22:58 INFO  Reusables:53 - output.txt is still empty
2024-07-24 10:22:58 INFO  Reusables:53 - output.txt is still empty
2024-07-24 10:22:58 INFO  Reusables:53 - output.txt is still empty
2024-07-24 10:22:58 INFO  Reusables:53 - output.txt is still empty
2024-07-24 10:22:58 INFO  Reusables:53 - output.txt is still empty
2024-07-24 10:22:58 INFO  Reusables:53 - output.txt is still empty
2024-07-24 10:22:58 INFO  Reusables:53 - output.txt is still empty
2024-07-24 10:22:58 INFO  Reusables:53 - output.txt is still empty
2024-07-24 10:22:58 INFO  Reusables:53 - output.txt is still empty
2024-07-24 10:22:58 INFO  Reusables:53 - output.txt is still empty
2024-07-24 10:22:58 INFO  Reusables:53 - output.txt is still empty
2024-07-24 10:22:58 INFO  Reusables:53 - output.txt is still empty
2024-07-24 10:22:58 INFO  Reusables:53 - output.txt is still empty
2024-07-24 10:22:58 INFO  Reusables:53 - output.txt is still empty
2024-07-24 10:22:58 INFO  Reusables:53 - output.txt is still empty
2024-07-24 10:22:58 INFO  Reusables:53 - output.txt is still empty
2024-07-24 10:22:58 INFO  Reusables:53 - output.txt is still empty
2024-07-24 10:22:58 INFO  Reusables:53 - output.txt is still empty
2024-07-24 10:22:58 INFO  Reusables:53 - output.txt is still empty
2024-07-24 10:22:58 INFO  Reusables:53 - output.txt is still empty
2024-07-24 10:22:58 INFO  Reusables:53 - output.txt is still empty
2024-07-24 10:22:58 INFO  Reusables:53 - output.txt is still empty
2024-07-24 10:22:58 INFO  Reusables:53 - output.txt is still empty
2024-07-24 10:22:58 INFO  Reusables:53 - output.txt is still empty
2024-07-24 10:22:58 INFO  Reusables:53 - output.txt is still empty
2024-07-24 10:22:58 INFO  Reusables:53 - output.txt is still empty
2024-07-24 10:22:58 INFO  Reusables:53 - output.txt is still empty
2024-07-24 10:22:58 INFO  Reusables:53 - output.txt is still empty
2024-07-24 10:22:58 INFO  Reusables:53 - output.txt is still empty
2024-07-24 10:22:58 INFO  Reusables:53 - output.txt is still empty
2024-07-24 10:22:58 INFO  Reusables:53 - output.txt is still empty
2024-07-24 10:22:58 INFO  Reusables:53 - output.txt is still empty
2024-07-24 10:22:58 INFO  Reusables:53 - output.txt is still empty
2024-07-24 10:22:58 INFO  Reusables:53 - output.txt is still empty
2024-07-24 10:22:58 INFO  Reusables:53 - output.txt is still empty
2024-07-24 10:22:58 INFO  Reusables:53 - output.txt is still empty
2024-07-24 10:22:58 INFO  Reusables:53 - output.txt is still empty
2024-07-24 10:22:58 INFO  Reusables:53 - output.txt is still empty
2024-07-24 10:22:58 INFO  Reusables:53 - output.txt is still empty
2024-07-24 10:22:58 INFO  Reusables:53 - output.txt is still empty
2024-07-24 10:22:58 INFO  Reusables:53 - output.txt is still empty
2024-07-24 10:22:58 INFO  Reusables:53 - output.txt is still empty
2024-07-24 10:22:58 INFO  Reusables:53 - output.txt is still empty
2024-07-24 10:22:58 INFO  Reusables:53 - output.txt is still empty
2024-07-24 10:22:58 INFO  Reusables:53 - output.txt is still empty
2024-07-24 10:22:58 INFO  Reusables:53 - output.txt is still empty
2024-07-24 10:22:58 INFO  Reusables:53 - output.txt is still empty
2024-07-24 10:22:58 INFO  Reusables:53 - output.txt is still empty
2024-07-24 10:22:58 INFO  Reusables:53 - output.txt is still empty
2024-07-24 10:22:58 INFO  Reusables:53 - output.txt is still empty
2024-07-24 10:22:58 INFO  Reusables:53 - output.txt is still empty
2024-07-24 10:22:58 INFO  Reusables:53 - output.txt is still empty
2024-07-24 10:22:58 INFO  Reusables:53 - output.txt is still empty
2024-07-24 10:22:58 INFO  Reusables:53 - output.txt is still empty
2024-07-24 10:22:58 INFO  Reusables:53 - output.txt is still empty
2024-07-24 10:22:58 INFO  Reusables:53 - output.txt is still empty
2024-07-24 10:22:58 INFO  Reusables:53 - output.txt is still empty
2024-07-24 10:22:58 INFO  Reusables:53 - output.txt is still empty
2024-07-24 10:22:58 INFO  Reusables:53 - output.txt is still empty
2024-07-24 10:22:58 INFO  Reusables:53 - output.txt is still empty
2024-07-24 10:22:58 INFO  Reusables:53 - output.txt is still empty
2024-07-24 10:22:58 INFO  Reusables:53 - output.txt is still empty
2024-07-24 10:22:58 INFO  Reusables:53 - output.txt is still empty
2024-07-24 10:22:58 INFO  Reusables:53 - output.txt is still empty
2024-07-24 10:22:58 INFO  Reusables:53 - output.txt is still empty
2024-07-24 10:22:58 INFO  Reusables:53 - output.txt is still empty
2024-07-24 10:22:58 INFO  Reusables:53 - output.txt is still empty
2024-07-24 10:22:58 INFO  Reusables:53 - output.txt is still empty
2024-07-24 10:22:58 INFO  Reusables:53 - output.txt is still empty
2024-07-24 10:22:58 INFO  Reusables:53 - output.txt is still empty
2024-07-24 10:22:58 INFO  Reusables:53 - output.txt is still empty
2024-07-24 10:22:58 INFO  Reusables:53 - output.txt is still empty
2024-07-24 10:22:58 INFO  Reusables:53 - output.txt is still empty
2024-07-24 10:22:58 INFO  Reusables:53 - output.txt is still empty
2024-07-24 10:22:58 INFO  Reusables:53 - output.txt is still empty
2024-07-24 10:22:58 INFO  Reusables:53 - output.txt is still empty
2024-07-24 10:22:58 INFO  Reusables:53 - output.txt is still empty
2024-07-24 10:22:58 INFO  Reusables:53 - output.txt is still empty
2024-07-24 10:22:58 INFO  Reusables:53 - output.txt is still empty
2024-07-24 10:22:58 INFO  Reusables:53 - output.txt is still empty
2024-07-24 10:22:58 INFO  Reusables:53 - output.txt is still empty
2024-07-24 10:22:58 INFO  Reusables:53 - output.txt is still empty
2024-07-24 10:22:58 INFO  Reusables:53 - output.txt is still empty
2024-07-24 10:22:58 INFO  Reusables:53 - output.txt is still empty
2024-07-24 10:22:58 INFO  Reusables:53 - output.txt is still empty
2024-07-24 10:22:58 INFO  Reusables:53 - output.txt is still empty
2024-07-24 10:22:58 INFO  Reusables:53 - output.txt is still empty
2024-07-24 10:22:58 INFO  Reusables:53 - output.txt is still empty
2024-07-24 10:22:58 INFO  Reusables:53 - output.txt is still empty
2024-07-24 10:22:58 INFO  Reusables:53 - output.txt is still empty
2024-07-24 10:22:58 INFO  Reusables:53 - output.txt is still empty
2024-07-24 10:22:58 INFO  Reusables:53 - output.txt is still empty
2024-07-24 10:22:58 INFO  Reusables:53 - output.txt is still empty
2024-07-24 10:22:58 INFO  Reusables:53 - output.txt is still empty
2024-07-24 10:22:58 INFO  Reusables:53 - output.txt is still empty
2024-07-24 10:22:58 INFO  Reusables:53 - output.txt is still empty
2024-07-24 10:22:58 INFO  Reusables:53 - output.txt is still empty
2024-07-24 10:22:58 INFO  Reusables:53 - output.txt is still empty
2024-07-24 10:22:58 INFO  Reusables:53 - output.txt is still empty
2024-07-24 10:22:58 INFO  Reusables:53 - output.txt is still empty
2024-07-24 10:22:58 INFO  Reusables:53 - output.txt is still empty
2024-07-24 10:22:58 INFO  Reusables:53 - output.txt is still empty
2024-07-24 10:22:58 INFO  Reusables:53 - output.txt is still empty
2024-07-24 10:22:58 INFO  Reusables:53 - output.txt is still empty
2024-07-24 10:22:58 INFO  Reusables:53 - output.txt is still empty
2024-07-24 10:22:58 INFO  Reusables:53 - output.txt is still empty
2024-07-24 10:22:58 INFO  Reusables:53 - output.txt is still empty
2024-07-24 10:22:58 INFO  Reusables:53 - output.txt is still empty
2024-07-24 10:22:58 INFO  Reusables:53 - output.txt is still empty
2024-07-24 10:22:58 INFO  Reusables:53 - output.txt is still empty
2024-07-24 10:22:58 INFO  Reusables:53 - output.txt is still empty
2024-07-24 10:22:58 INFO  Reusables:53 - output.txt is still empty
2024-07-24 10:22:58 INFO  Reusables:53 - output.txt is still empty
2024-07-24 10:22:58 INFO  Reusables:53 - output.txt is still empty
2024-07-24 10:22:58 INFO  Reusables:53 - output.txt is still empty
2024-07-24 10:22:58 INFO  Reusables:53 - output.txt is still empty
2024-07-24 10:22:58 INFO  Reusables:53 - output.txt is still empty
2024-07-24 10:22:58 INFO  Reusables:53 - output.txt is still empty
2024-07-24 10:22:58 INFO  Reusables:53 - output.txt is still empty
2024-07-24 10:22:58 INFO  Reusables:53 - output.txt is still empty
2024-07-24 10:22:58 INFO  Reusables:53 - output.txt is still empty
2024-07-24 10:22:58 INFO  Reusables:53 - output.txt is still empty
2024-07-24 10:22:58 INFO  Reusables:53 - output.txt is still empty
2024-07-24 10:22:58 INFO  Reusables:53 - output.txt is still empty
2024-07-24 10:22:58 INFO  Reusables:53 - output.txt is still empty
2024-07-24 10:22:58 INFO  Reusables:53 - output.txt is still empty
2024-07-24 10:22:58 INFO  Reusables:53 - output.txt is still empty
2024-07-24 10:22:58 INFO  Reusables:53 - output.txt is still empty
2024-07-24 10:22:58 INFO  Reusables:53 - output.txt is still empty
2024-07-24 10:22:58 INFO  Reusables:53 - output.txt is still empty
2024-07-24 10:22:58 INFO  Reusables:53 - output.txt is still empty
2024-07-24 10:22:58 INFO  Reusables:53 - output.txt is still empty
2024-07-24 10:22:58 INFO  Reusables:53 - output.txt is still empty
2024-07-24 10:22:58 INFO  Reusables:53 - output.txt is still empty
2024-07-24 10:22:58 INFO  Reusables:53 - output.txt is still empty
2024-07-24 10:22:58 INFO  Reusables:53 - output.txt is still empty
2024-07-24 10:22:58 INFO  Reusables:53 - output.txt is still empty
2024-07-24 10:22:58 INFO  Reusables:53 - output.txt is still empty
2024-07-24 10:22:58 INFO  Reusables:53 - output.txt is still empty
2024-07-24 10:22:58 INFO  Reusables:53 - output.txt is still empty
2024-07-24 10:22:58 INFO  Reusables:53 - output.txt is still empty
2024-07-24 10:22:58 INFO  Reusables:53 - output.txt is still empty
2024-07-24 10:22:58 INFO  Reusables:53 - output.txt is still empty
2024-07-24 10:22:58 INFO  Reusables:53 - output.txt is still empty
2024-07-24 10:22:58 INFO  Reusables:53 - output.txt is still empty
2024-07-24 10:22:58 INFO  Reusables:53 - output.txt is still empty
2024-07-24 10:22:58 INFO  Reusables:53 - output.txt is still empty
2024-07-24 10:22:58 INFO  Reusables:53 - output.txt is still empty
2024-07-24 10:22:58 INFO  Reusables:53 - output.txt is still empty
2024-07-24 10:22:58 INFO  Reusables:53 - output.txt is still empty
2024-07-24 10:22:58 INFO  Reusables:53 - output.txt is still empty
2024-07-24 10:22:58 INFO  Reusables:53 - output.txt is still empty
2024-07-24 10:22:58 INFO  Reusables:53 - output.txt is still empty
2024-07-24 10:22:58 INFO  Reusables:53 - output.txt is still empty
2024-07-24 10:22:58 INFO  Reusables:53 - output.txt is still empty
2024-07-24 10:22:58 INFO  Reusables:53 - output.txt is still empty
2024-07-24 10:22:58 INFO  Reusables:53 - output.txt is still empty
2024-07-24 10:22:58 INFO  Reusables:53 - output.txt is still empty
2024-07-24 10:22:58 INFO  Reusables:53 - output.txt is still empty
2024-07-24 10:22:58 INFO  Reusables:53 - output.txt is still empty
2024-07-24 10:22:58 INFO  Reusables:53 - output.txt is still empty
2024-07-24 10:22:58 INFO  Reusables:53 - output.txt is still empty
2024-07-24 10:22:58 INFO  Reusables:53 - output.txt is still empty
2024-07-24 10:22:58 INFO  Reusables:53 - output.txt is still empty
2024-07-24 10:22:58 INFO  Reusables:53 - output.txt is still empty
2024-07-24 10:22:58 INFO  Reusables:53 - output.txt is still empty
2024-07-24 10:22:58 INFO  Reusables:53 - output.txt is still empty
2024-07-24 10:22:58 INFO  Reusables:53 - output.txt is still empty
2024-07-24 10:22:58 INFO  Reusables:53 - output.txt is still empty
2024-07-24 10:22:58 INFO  Reusables:53 - output.txt is still empty
2024-07-24 10:22:58 INFO  Reusables:53 - output.txt is still empty
2024-07-24 10:22:58 INFO  Reusables:53 - output.txt is still empty
2024-07-24 10:22:58 INFO  Reusables:53 - output.txt is still empty
2024-07-24 10:22:58 INFO  Reusables:53 - output.txt is still empty
2024-07-24 10:22:58 INFO  Reusables:53 - output.txt is still empty
2024-07-24 10:22:58 INFO  Reusables:53 - output.txt is still empty
2024-07-24 10:22:58 INFO  Reusables:53 - output.txt is still empty
2024-07-24 10:22:58 INFO  Reusables:53 - output.txt is still empty
2024-07-24 10:22:58 INFO  Reusables:53 - output.txt is still empty
2024-07-24 10:22:58 INFO  Reusables:53 - output.txt is still empty
2024-07-24 10:22:58 INFO  Reusables:53 - output.txt is still empty
2024-07-24 10:22:58 INFO  Reusables:53 - output.txt is still empty
2024-07-24 10:22:58 INFO  Reusables:53 - output.txt is still empty
2024-07-24 10:22:58 INFO  Reusables:53 - output.txt is still empty
2024-07-24 10:22:58 INFO  Reusables:53 - output.txt is still empty
2024-07-24 10:22:58 INFO  Reusables:53 - output.txt is still empty
2024-07-24 10:22:58 INFO  Reusables:53 - output.txt is still empty
2024-07-24 10:22:58 INFO  Reusables:53 - output.txt is still empty
2024-07-24 10:22:58 INFO  Reusables:53 - output.txt is still empty
2024-07-24 10:22:58 INFO  Reusables:53 - output.txt is still empty
2024-07-24 10:22:58 INFO  Reusables:53 - output.txt is still empty
2024-07-24 10:22:58 INFO  Reusables:53 - output.txt is still empty
2024-07-24 10:22:58 INFO  Reusables:53 - output.txt is still empty
2024-07-24 10:22:58 INFO  Reusables:53 - output.txt is still empty
2024-07-24 10:22:58 INFO  Reusables:53 - output.txt is still empty
2024-07-24 10:22:58 INFO  Reusables:53 - output.txt is still empty
2024-07-24 10:22:58 INFO  Reusables:53 - output.txt is still empty
2024-07-24 10:22:58 INFO  Reusables:53 - output.txt is still empty
2024-07-24 10:22:58 INFO  Reusables:53 - output.txt is still empty
2024-07-24 10:22:58 INFO  Reusables:53 - output.txt is still empty
2024-07-24 10:22:58 INFO  Reusables:53 - output.txt is still empty
2024-07-24 10:22:58 INFO  Reusables:53 - output.txt is still empty
2024-07-24 10:22:58 INFO  Reusables:53 - output.txt is still empty
2024-07-24 10:22:58 INFO  Reusables:53 - output.txt is still empty
2024-07-24 10:22:58 INFO  Reusables:53 - output.txt is still empty
2024-07-24 10:22:58 INFO  Reusables:53 - output.txt is still empty
2024-07-24 10:22:58 INFO  Reusables:53 - output.txt is still empty
2024-07-24 10:22:58 INFO  Reusables:53 - output.txt is still empty
2024-07-24 10:22:58 INFO  Reusables:53 - output.txt is still empty
2024-07-24 10:22:58 INFO  Reusables:53 - output.txt is still empty
2024-07-24 10:22:58 INFO  Reusables:53 - output.txt is still empty
2024-07-24 10:22:58 INFO  Reusables:53 - output.txt is still empty
2024-07-24 10:22:58 INFO  Reusables:53 - output.txt is still empty
2024-07-24 10:22:58 INFO  Reusables:53 - output.txt is still empty
2024-07-24 10:22:58 INFO  Reusables:53 - output.txt is still empty
2024-07-24 10:22:58 INFO  Reusables:53 - output.txt is still empty
2024-07-24 10:22:58 INFO  Reusables:53 - output.txt is still empty
2024-07-24 10:22:58 INFO  Reusables:53 - output.txt is still empty
2024-07-24 10:22:58 INFO  Reusables:53 - output.txt is still empty
2024-07-24 10:22:58 INFO  Reusables:53 - output.txt is still empty
2024-07-24 10:22:58 INFO  Reusables:53 - output.txt is still empty
2024-07-24 10:22:58 INFO  Reusables:53 - output.txt is still empty
2024-07-24 10:22:58 INFO  Reusables:53 - output.txt is still empty
2024-07-24 10:22:58 INFO  Reusables:53 - output.txt is still empty
2024-07-24 10:22:58 INFO  Reusables:53 - output.txt is still empty
2024-07-24 10:22:58 INFO  Reusables:53 - output.txt is still empty
2024-07-24 10:22:58 INFO  Reusables:53 - output.txt is still empty
2024-07-24 10:22:58 INFO  Reusables:53 - output.txt is still empty
2024-07-24 10:22:58 INFO  Reusables:53 - output.txt is still empty
2024-07-24 10:22:58 INFO  Reusables:53 - output.txt is still empty
2024-07-24 10:22:58 INFO  Reusables:53 - output.txt is still empty
2024-07-24 10:22:58 INFO  Reusables:53 - output.txt is still empty
2024-07-24 10:22:58 INFO  Reusables:53 - output.txt is still empty
2024-07-24 10:22:58 INFO  Reusables:53 - output.txt is still empty
2024-07-24 10:22:58 INFO  Reusables:53 - output.txt is still empty
2024-07-24 10:22:58 INFO  Reusables:53 - output.txt is still empty
2024-07-24 10:22:58 INFO  Reusables:53 - output.txt is still empty
2024-07-24 10:22:58 INFO  Reusables:53 - output.txt is still empty
2024-07-24 10:22:58 INFO  Reusables:53 - output.txt is still empty
2024-07-24 10:22:58 INFO  Reusables:53 - output.txt is still empty
2024-07-24 10:22:58 INFO  Reusables:53 - output.txt is still empty
2024-07-24 10:22:58 INFO  Reusables:53 - output.txt is still empty
2024-07-24 10:22:58 INFO  Reusables:53 - output.txt is still empty
2024-07-24 10:22:58 INFO  Reusables:53 - output.txt is still empty
2024-07-24 10:22:58 INFO  Reusables:53 - output.txt is still empty
2024-07-24 10:22:58 INFO  Reusables:53 - output.txt is still empty
2024-07-24 10:22:58 INFO  Reusables:53 - output.txt is still empty
2024-07-24 10:22:58 INFO  Reusables:53 - output.txt is still empty
2024-07-24 10:22:58 INFO  Reusables:53 - output.txt is still empty
2024-07-24 10:22:58 INFO  Reusables:53 - output.txt is still empty
2024-07-24 10:22:58 INFO  Reusables:53 - output.txt is still empty
2024-07-24 10:22:58 INFO  Reusables:53 - output.txt is still empty
2024-07-24 10:22:58 INFO  Reusables:53 - output.txt is still empty
2024-07-24 10:22:58 INFO  Reusables:53 - output.txt is still empty
2024-07-24 10:22:58 INFO  Reusables:53 - output.txt is still empty
2024-07-24 10:22:58 INFO  Reusables:53 - output.txt is still empty
2024-07-24 10:22:58 INFO  Reusables:53 - output.txt is still empty
2024-07-24 10:22:58 INFO  Reusables:53 - output.txt is still empty
2024-07-24 10:22:58 INFO  Reusables:53 - output.txt is still empty
2024-07-24 10:22:58 INFO  Reusables:53 - output.txt is still empty
2024-07-24 10:22:58 INFO  Reusables:53 - output.txt is still empty
2024-07-24 10:22:58 INFO  Reusables:53 - output.txt is still empty
2024-07-24 10:22:58 INFO  Reusables:53 - output.txt is still empty
2024-07-24 10:22:58 INFO  Reusables:53 - output.txt is still empty
2024-07-24 10:22:58 INFO  Reusables:53 - output.txt is still empty
2024-07-24 10:22:58 INFO  Reusables:53 - output.txt is still empty
2024-07-24 10:22:58 INFO  Reusables:53 - output.txt is still empty
2024-07-24 10:22:58 INFO  Reusables:53 - output.txt is still empty
2024-07-24 10:22:58 INFO  Reusables:53 - output.txt is still empty
2024-07-24 10:22:58 INFO  Reusables:53 - output.txt is still empty
2024-07-24 10:22:58 INFO  Reusables:53 - output.txt is still empty
2024-07-24 10:22:58 INFO  Reusables:53 - output.txt is still empty
2024-07-24 10:22:58 INFO  Reusables:53 - output.txt is still empty
2024-07-24 10:22:58 INFO  Reusables:53 - output.txt is still empty
2024-07-24 10:22:58 INFO  Reusables:53 - output.txt is still empty
2024-07-24 10:22:58 INFO  Reusables:53 - output.txt is still empty
2024-07-24 10:22:58 INFO  Reusables:53 - output.txt is still empty
2024-07-24 10:22:58 INFO  Reusables:53 - output.txt is still empty
2024-07-24 10:22:58 INFO  Reusables:53 - output.txt is still empty
2024-07-24 10:22:58 INFO  Reusables:53 - output.txt is still empty
2024-07-24 10:22:58 INFO  Reusables:53 - output.txt is still empty
2024-07-24 10:22:58 INFO  Reusables:53 - output.txt is still empty
2024-07-24 10:22:58 INFO  Reusables:53 - output.txt is still empty
2024-07-24 10:22:58 INFO  Reusables:53 - output.txt is still empty
2024-07-24 10:22:58 INFO  Reusables:53 - output.txt is still empty
2024-07-24 10:22:58 INFO  Reusables:53 - output.txt is still empty
2024-07-24 10:22:58 INFO  Reusables:53 - output.txt is still empty
2024-07-24 10:22:58 INFO  Reusables:53 - output.txt is still empty
2024-07-24 10:22:58 INFO  Reusables:53 - output.txt is still empty
2024-07-24 10:22:58 INFO  Reusables:53 - output.txt is still empty
2024-07-24 10:22:58 INFO  Reusables:53 - output.txt is still empty
2024-07-24 10:22:58 INFO  Reusables:53 - output.txt is still empty
2024-07-24 10:22:58 INFO  Reusables:53 - output.txt is still empty
2024-07-24 10:22:58 INFO  Reusables:53 - output.txt is still empty
2024-07-24 10:22:58 INFO  Reusables:53 - output.txt is still empty
2024-07-24 10:22:58 INFO  Reusables:53 - output.txt is still empty
2024-07-24 10:22:58 INFO  Reusables:53 - output.txt is still empty
2024-07-24 10:22:58 INFO  Reusables:53 - output.txt is still empty
2024-07-24 10:22:58 INFO  Reusables:53 - output.txt is still empty
2024-07-24 10:22:58 INFO  Reusables:53 - output.txt is still empty
2024-07-24 10:22:58 INFO  Reusables:53 - output.txt is still empty
2024-07-24 10:22:58 INFO  Reusables:53 - output.txt is still empty
2024-07-24 10:22:58 INFO  Reusables:53 - output.txt is still empty
2024-07-24 10:22:58 INFO  Reusables:53 - output.txt is still empty
2024-07-24 10:22:58 INFO  Reusables:53 - output.txt is still empty
2024-07-24 10:22:58 INFO  Reusables:53 - output.txt is still empty
2024-07-24 10:22:58 INFO  Reusables:53 - output.txt is still empty
2024-07-24 10:22:58 INFO  Reusables:53 - output.txt is still empty
2024-07-24 10:22:58 INFO  Reusables:53 - output.txt is still empty
2024-07-24 10:22:58 INFO  Reusables:53 - output.txt is still empty
2024-07-24 10:22:58 INFO  Reusables:53 - output.txt is still empty
2024-07-24 10:22:58 INFO  Reusables:53 - output.txt is still empty
2024-07-24 10:22:58 INFO  Reusables:53 - output.txt is still empty
2024-07-24 10:22:58 INFO  Reusables:53 - output.txt is still empty
2024-07-24 10:22:58 INFO  Reusables:53 - output.txt is still empty
2024-07-24 10:22:58 INFO  Reusables:53 - output.txt is still empty
2024-07-24 10:22:58 INFO  Reusables:53 - output.txt is still empty
2024-07-24 10:22:58 INFO  Reusables:53 - output.txt is still empty
2024-07-24 10:22:58 INFO  Reusables:53 - output.txt is still empty
2024-07-24 10:22:58 INFO  Reusables:53 - output.txt is still empty
2024-07-24 10:22:58 INFO  Reusables:53 - output.txt is still empty
2024-07-24 10:22:58 INFO  Reusables:53 - output.txt is still empty
2024-07-24 10:22:58 INFO  Reusables:53 - output.txt is still empty
2024-07-24 10:22:58 INFO  Reusables:53 - output.txt is still empty
2024-07-24 10:22:58 INFO  Reusables:53 - output.txt is still empty
2024-07-24 10:22:58 INFO  Reusables:53 - output.txt is still empty
2024-07-24 10:22:58 INFO  Reusables:53 - output.txt is still empty
2024-07-24 10:22:58 INFO  Reusables:53 - output.txt is still empty
2024-07-24 10:22:58 INFO  Reusables:53 - output.txt is still empty
2024-07-24 10:22:58 INFO  Reusables:53 - output.txt is still empty
2024-07-24 10:22:58 INFO  Reusables:53 - output.txt is still empty
2024-07-24 10:22:58 INFO  Reusables:53 - output.txt is still empty
2024-07-24 10:22:58 INFO  Reusables:53 - output.txt is still empty
2024-07-24 10:22:58 INFO  Reusables:53 - output.txt is still empty
2024-07-24 10:22:58 INFO  Reusables:53 - output.txt is still empty
2024-07-24 10:22:58 INFO  Reusables:53 - output.txt is still empty
2024-07-24 10:22:58 INFO  Reusables:53 - output.txt is still empty
2024-07-24 10:22:58 INFO  Reusables:53 - output.txt is still empty
2024-07-24 10:22:58 INFO  Reusables:53 - output.txt is still empty
2024-07-24 10:22:58 INFO  Reusables:53 - output.txt is still empty
2024-07-24 10:22:58 INFO  Reusables:53 - output.txt is still empty
2024-07-24 10:22:58 INFO  Reusables:53 - output.txt is still empty
2024-07-24 10:22:58 INFO  Reusables:53 - output.txt is still empty
2024-07-24 10:22:58 INFO  Reusables:53 - output.txt is still empty
2024-07-24 10:22:58 INFO  Reusables:53 - output.txt is still empty
2024-07-24 10:22:58 INFO  Reusables:53 - output.txt is still empty
2024-07-24 10:22:58 INFO  Reusables:53 - output.txt is still empty
2024-07-24 10:22:58 INFO  Reusables:53 - output.txt is still empty
2024-07-24 10:22:58 INFO  Reusables:53 - output.txt is still empty
2024-07-24 10:22:58 INFO  Reusables:53 - output.txt is still empty
2024-07-24 10:22:58 INFO  Reusables:53 - output.txt is still empty
2024-07-24 10:22:58 INFO  Reusables:53 - output.txt is still empty
2024-07-24 10:22:58 INFO  Reusables:53 - output.txt is still empty
2024-07-24 10:22:58 INFO  Reusables:53 - output.txt is still empty
2024-07-24 10:22:58 INFO  Reusables:53 - output.txt is still empty
2024-07-24 10:22:58 INFO  Reusables:53 - output.txt is still empty
2024-07-24 10:22:58 INFO  Reusables:53 - output.txt is still empty
2024-07-24 10:22:58 INFO  Reusables:53 - output.txt is still empty
2024-07-24 10:22:58 INFO  Reusables:53 - output.txt is still empty
2024-07-24 10:22:58 INFO  Reusables:53 - output.txt is still empty
2024-07-24 10:22:58 INFO  Reusables:53 - output.txt is still empty
2024-07-24 10:22:58 INFO  Reusables:53 - output.txt is still empty
2024-07-24 10:22:58 INFO  Reusables:53 - output.txt is still empty
2024-07-24 10:22:58 INFO  Reusables:53 - output.txt is still empty
2024-07-24 10:22:58 INFO  Reusables:53 - output.txt is still empty
2024-07-24 10:22:58 INFO  Reusables:53 - output.txt is still empty
2024-07-24 10:22:58 INFO  Reusables:53 - output.txt is still empty
2024-07-24 10:22:58 INFO  Reusables:53 - output.txt is still empty
2024-07-24 10:22:58 INFO  Reusables:53 - output.txt is still empty
2024-07-24 10:22:58 INFO  Reusables:53 - output.txt is still empty
2024-07-24 10:22:58 INFO  Reusables:53 - output.txt is still empty
2024-07-24 10:22:58 INFO  Reusables:53 - output.txt is still empty
2024-07-24 10:22:58 INFO  Reusables:53 - output.txt is still empty
2024-07-24 10:22:58 INFO  Reusables:53 - output.txt is still empty
2024-07-24 10:22:58 INFO  Reusables:53 - output.txt is still empty
2024-07-24 10:22:58 INFO  Reusables:53 - output.txt is still empty
2024-07-24 10:22:58 INFO  Reusables:53 - output.txt is still empty
2024-07-24 10:22:58 INFO  Reusables:53 - output.txt is still empty
2024-07-24 10:22:58 INFO  Reusables:53 - output.txt is still empty
2024-07-24 10:22:58 INFO  Reusables:53 - output.txt is still empty
2024-07-24 10:22:58 INFO  Reusables:53 - output.txt is still empty
2024-07-24 10:22:58 INFO  Reusables:53 - output.txt is still empty
2024-07-24 10:22:58 INFO  Reusables:53 - output.txt is still empty
2024-07-24 10:22:58 INFO  Reusables:53 - output.txt is still empty
2024-07-24 10:22:58 INFO  Reusables:53 - output.txt is still empty
2024-07-24 10:22:58 INFO  Reusables:53 - output.txt is still empty
2024-07-24 10:22:58 INFO  Reusables:53 - output.txt is still empty
2024-07-24 10:22:58 INFO  Reusables:53 - output.txt is still empty
2024-07-24 10:22:58 INFO  Reusables:53 - output.txt is still empty
2024-07-24 10:22:58 INFO  Reusables:53 - output.txt is still empty
2024-07-24 10:22:58 INFO  Reusables:53 - output.txt is still empty
2024-07-24 10:22:58 INFO  Reusables:53 - output.txt is still empty
2024-07-24 10:22:58 INFO  Reusables:53 - output.txt is still empty
2024-07-24 10:22:58 INFO  Reusables:53 - output.txt is still empty
2024-07-24 10:22:58 INFO  Reusables:53 - output.txt is still empty
2024-07-24 10:22:58 INFO  Reusables:53 - output.txt is still empty
2024-07-24 10:22:58 INFO  Reusables:53 - output.txt is still empty
2024-07-24 10:22:58 INFO  Reusables:53 - output.txt is still empty
2024-07-24 10:22:58 INFO  Reusables:53 - output.txt is still empty
2024-07-24 10:22:58 INFO  Reusables:53 - output.txt is still empty
2024-07-24 10:22:58 INFO  Reusables:53 - output.txt is still empty
2024-07-24 10:22:58 INFO  Reusables:53 - output.txt is still empty
2024-07-24 10:22:58 INFO  Reusables:53 - output.txt is still empty
2024-07-24 10:22:58 INFO  Reusables:53 - output.txt is still empty
2024-07-24 10:22:58 INFO  Reusables:53 - output.txt is still empty
2024-07-24 10:22:58 INFO  Reusables:53 - output.txt is still empty
2024-07-24 10:22:58 INFO  Reusables:53 - output.txt is still empty
2024-07-24 10:22:58 INFO  Reusables:53 - output.txt is still empty
2024-07-24 10:22:58 INFO  Reusables:53 - output.txt is still empty
2024-07-24 10:22:58 INFO  Reusables:53 - output.txt is still empty
2024-07-24 10:22:58 INFO  Reusables:53 - output.txt is still empty
2024-07-24 10:22:58 INFO  Reusables:53 - output.txt is still empty
2024-07-24 10:22:58 INFO  Reusables:53 - output.txt is still empty
2024-07-24 10:22:58 INFO  Reusables:53 - output.txt is still empty
2024-07-24 10:22:58 INFO  Reusables:53 - output.txt is still empty
2024-07-24 10:22:58 INFO  Reusables:53 - output.txt is still empty
2024-07-24 10:22:58 INFO  Reusables:53 - output.txt is still empty
2024-07-24 10:22:58 INFO  Reusables:53 - output.txt is still empty
2024-07-24 10:22:58 INFO  Reusables:53 - output.txt is still empty
2024-07-24 10:22:58 INFO  Reusables:53 - output.txt is still empty
2024-07-24 10:22:58 INFO  Reusables:53 - output.txt is still empty
2024-07-24 10:22:58 INFO  Reusables:53 - output.txt is still empty
2024-07-24 10:22:58 INFO  Reusables:53 - output.txt is still empty
2024-07-24 10:22:58 INFO  Reusables:53 - output.txt is still empty
2024-07-24 10:22:58 INFO  Reusables:53 - output.txt is still empty
2024-07-24 10:22:58 INFO  Reusables:53 - output.txt is still empty
2024-07-24 10:22:58 INFO  Reusables:53 - output.txt is still empty
2024-07-24 10:22:58 INFO  Reusables:53 - output.txt is still empty
2024-07-24 10:22:58 INFO  Reusables:53 - output.txt is still empty
2024-07-24 10:22:58 INFO  Reusables:53 - output.txt is still empty
2024-07-24 10:22:58 INFO  Reusables:53 - output.txt is still empty
2024-07-24 10:22:58 INFO  Reusables:53 - output.txt is still empty
2024-07-24 10:22:58 INFO  Reusables:53 - output.txt is still empty
2024-07-24 10:22:58 INFO  Reusables:53 - output.txt is still empty
2024-07-24 10:22:58 INFO  Reusables:53 - output.txt is still empty
2024-07-24 10:22:58 INFO  Reusables:53 - output.txt is still empty
2024-07-24 10:22:58 INFO  Reusables:53 - output.txt is still empty
2024-07-24 10:22:58 INFO  Reusables:53 - output.txt is still empty
2024-07-24 10:22:58 INFO  Reusables:53 - output.txt is still empty
2024-07-24 10:22:58 INFO  Reusables:53 - output.txt is still empty
2024-07-24 10:22:58 INFO  Reusables:53 - output.txt is still empty
2024-07-24 10:22:58 INFO  Reusables:53 - output.txt is still empty
2024-07-24 10:22:58 INFO  Reusables:53 - output.txt is still empty
2024-07-24 10:22:58 INFO  Reusables:53 - output.txt is still empty
2024-07-24 10:22:58 INFO  Reusables:53 - output.txt is still empty
2024-07-24 10:22:58 INFO  Reusables:53 - output.txt is still empty
2024-07-24 10:22:58 INFO  Reusables:53 - output.txt is still empty
2024-07-24 10:22:58 INFO  Reusables:53 - output.txt is still empty
2024-07-24 10:22:58 INFO  Reusables:53 - output.txt is still empty
2024-07-24 10:22:58 INFO  Reusables:53 - output.txt is still empty
2024-07-24 10:22:58 INFO  Reusables:53 - output.txt is still empty
2024-07-24 10:22:58 INFO  Reusables:53 - output.txt is still empty
2024-07-24 10:22:58 INFO  Reusables:53 - output.txt is still empty
2024-07-24 10:22:58 INFO  Reusables:53 - output.txt is still empty
2024-07-24 10:22:58 INFO  Reusables:53 - output.txt is still empty
2024-07-24 10:22:58 INFO  Reusables:53 - output.txt is still empty
2024-07-24 10:22:58 INFO  Reusables:53 - output.txt is still empty
2024-07-24 10:22:58 INFO  Reusables:53 - output.txt is still empty
2024-07-24 10:22:58 INFO  Reusables:53 - output.txt is still empty
2024-07-24 10:22:58 INFO  Reusables:53 - output.txt is still empty
2024-07-24 10:22:58 INFO  Reusables:53 - output.txt is still empty
2024-07-24 10:22:58 INFO  Reusables:53 - output.txt is still empty
2024-07-24 10:22:58 INFO  Reusables:53 - output.txt is still empty
2024-07-24 10:22:58 INFO  Reusables:53 - output.txt is still empty
2024-07-24 10:22:58 INFO  Reusables:53 - output.txt is still empty
2024-07-24 10:22:58 INFO  Reusables:53 - output.txt is still empty
2024-07-24 10:22:58 INFO  Reusables:53 - output.txt is still empty
2024-07-24 10:22:58 INFO  Reusables:53 - output.txt is still empty
2024-07-24 10:22:58 INFO  Reusables:53 - output.txt is still empty
2024-07-24 10:22:58 INFO  Reusables:53 - output.txt is still empty
2024-07-24 10:22:58 INFO  Reusables:53 - output.txt is still empty
2024-07-24 10:22:58 INFO  Reusables:53 - output.txt is still empty
2024-07-24 10:22:58 INFO  Reusables:53 - output.txt is still empty
2024-07-24 10:22:58 INFO  Reusables:53 - output.txt is still empty
2024-07-24 10:22:58 INFO  Reusables:53 - output.txt is still empty
2024-07-24 10:22:58 INFO  Reusables:53 - output.txt is still empty
2024-07-24 10:22:58 INFO  Reusables:53 - output.txt is still empty
2024-07-24 10:22:58 INFO  Reusables:53 - output.txt is still empty
2024-07-24 10:22:58 INFO  Reusables:53 - output.txt is still empty
2024-07-24 10:22:58 INFO  Reusables:53 - output.txt is still empty
2024-07-24 10:22:58 INFO  Reusables:53 - output.txt is still empty
2024-07-24 10:22:58 INFO  Reusables:53 - output.txt is still empty
2024-07-24 10:22:58 INFO  Reusables:53 - output.txt is still empty
2024-07-24 10:22:58 INFO  Reusables:53 - output.txt is still empty
2024-07-24 10:22:58 INFO  Reusables:53 - output.txt is still empty
2024-07-24 10:22:58 INFO  Reusables:53 - output.txt is still empty
2024-07-24 10:22:58 INFO  Reusables:53 - output.txt is still empty
2024-07-24 10:22:58 INFO  Reusables:53 - output.txt is still empty
2024-07-24 10:22:58 INFO  Reusables:53 - output.txt is still empty
2024-07-24 10:22:58 INFO  Reusables:53 - output.txt is still empty
2024-07-24 10:22:58 INFO  Reusables:53 - output.txt is still empty
2024-07-24 10:22:58 INFO  Reusables:53 - output.txt is still empty
2024-07-24 10:22:58 INFO  Reusables:53 - output.txt is still empty
2024-07-24 10:22:58 INFO  Reusables:53 - output.txt is still empty
2024-07-24 10:22:58 INFO  Reusables:53 - output.txt is still empty
2024-07-24 10:22:58 INFO  Reusables:53 - output.txt is still empty
2024-07-24 10:22:58 INFO  Reusables:53 - output.txt is still empty
2024-07-24 10:22:58 INFO  Reusables:53 - output.txt is still empty
2024-07-24 10:22:58 INFO  Reusables:53 - output.txt is still empty
2024-07-24 10:22:58 INFO  Reusables:53 - output.txt is still empty
2024-07-24 10:22:58 INFO  Reusables:53 - output.txt is still empty
2024-07-24 10:22:58 INFO  Reusables:53 - output.txt is still empty
2024-07-24 10:22:58 INFO  Reusables:53 - output.txt is still empty
2024-07-24 10:22:58 INFO  Reusables:53 - output.txt is still empty
2024-07-24 10:22:58 INFO  Reusables:53 - output.txt is still empty
2024-07-24 10:22:58 INFO  Reusables:53 - output.txt is still empty
2024-07-24 10:22:58 INFO  Reusables:53 - output.txt is still empty
2024-07-24 10:22:58 INFO  Reusables:53 - output.txt is still empty
2024-07-24 10:22:58 INFO  Reusables:53 - output.txt is still empty
2024-07-24 10:22:58 INFO  Reusables:53 - output.txt is still empty
2024-07-24 10:22:58 INFO  Reusables:53 - output.txt is still empty
2024-07-24 10:22:58 INFO  Reusables:53 - output.txt is still empty
2024-07-24 10:22:58 INFO  Reusables:53 - output.txt is still empty
2024-07-24 10:22:58 INFO  Reusables:53 - output.txt is still empty
2024-07-24 10:22:58 INFO  Reusables:53 - output.txt is still empty
2024-07-24 10:22:58 INFO  Reusables:53 - output.txt is still empty
2024-07-24 10:22:58 INFO  Reusables:53 - output.txt is still empty
2024-07-24 10:22:58 INFO  Reusables:53 - output.txt is still empty
2024-07-24 10:22:58 INFO  Reusables:53 - output.txt is still empty
2024-07-24 10:22:58 INFO  Reusables:53 - output.txt is still empty
2024-07-24 10:22:58 INFO  Reusables:53 - output.txt is still empty
2024-07-24 10:22:58 INFO  Reusables:53 - output.txt is still empty
2024-07-24 10:22:58 INFO  Reusables:53 - output.txt is still empty
2024-07-24 10:22:58 INFO  Reusables:53 - output.txt is still empty
2024-07-24 10:22:58 INFO  Reusables:53 - output.txt is still empty
2024-07-24 10:22:58 INFO  Reusables:53 - output.txt is still empty
2024-07-24 10:22:58 INFO  Reusables:53 - output.txt is still empty
2024-07-24 10:22:58 INFO  Reusables:53 - output.txt is still empty
2024-07-24 10:22:58 INFO  Reusables:53 - output.txt is still empty
2024-07-24 10:22:58 INFO  Reusables:53 - output.txt is still empty
2024-07-24 10:22:58 INFO  Reusables:53 - output.txt is still empty
2024-07-24 10:22:58 INFO  Reusables:53 - output.txt is still empty
2024-07-24 10:22:58 INFO  Reusables:53 - output.txt is still empty
2024-07-24 10:22:58 INFO  Reusables:53 - output.txt is still empty
2024-07-24 10:22:58 INFO  Reusables:53 - output.txt is still empty
2024-07-24 10:22:58 INFO  Reusables:53 - output.txt is still empty
2024-07-24 10:22:58 INFO  Reusables:53 - output.txt is still empty
2024-07-24 10:22:58 INFO  Reusables:53 - output.txt is still empty
2024-07-24 10:22:58 INFO  Reusables:53 - output.txt is still empty
2024-07-24 10:22:58 INFO  Reusables:53 - output.txt is still empty
2024-07-24 10:22:58 INFO  Reusables:53 - output.txt is still empty
2024-07-24 10:22:58 INFO  Reusables:53 - output.txt is still empty
2024-07-24 10:22:58 INFO  Reusables:53 - output.txt is still empty
2024-07-24 10:22:58 INFO  Reusables:53 - output.txt is still empty
2024-07-24 10:22:58 INFO  Reusables:53 - output.txt is still empty
2024-07-24 10:22:58 INFO  Reusables:53 - output.txt is still empty
2024-07-24 10:22:58 INFO  Reusables:53 - output.txt is still empty
2024-07-24 10:22:58 INFO  Reusables:53 - output.txt is still empty
2024-07-24 10:22:58 INFO  Reusables:53 - output.txt is still empty
2024-07-24 10:22:58 INFO  Reusables:53 - output.txt is still empty
2024-07-24 10:22:58 INFO  Reusables:53 - output.txt is still empty
2024-07-24 10:22:58 INFO  Reusables:53 - output.txt is still empty
2024-07-24 10:22:58 INFO  Reusables:53 - output.txt is still empty
2024-07-24 10:22:58 INFO  Reusables:53 - output.txt is still empty
2024-07-24 10:22:58 INFO  Reusables:53 - output.txt is still empty
2024-07-24 10:22:58 INFO  Reusables:53 - output.txt is still empty
2024-07-24 10:22:58 INFO  Reusables:53 - output.txt is still empty
2024-07-24 10:22:58 INFO  Reusables:53 - output.txt is still empty
2024-07-24 10:22:58 INFO  Reusables:53 - output.txt is still empty
2024-07-24 10:22:58 INFO  Reusables:53 - output.txt is still empty
2024-07-24 10:22:58 INFO  Reusables:53 - output.txt is still empty
2024-07-24 10:22:58 INFO  Reusables:53 - output.txt is still empty
2024-07-24 10:22:58 INFO  Reusables:53 - output.txt is still empty
2024-07-24 10:22:58 INFO  Reusables:53 - output.txt is still empty
2024-07-24 10:22:58 INFO  Reusables:53 - output.txt is still empty
2024-07-24 10:22:58 INFO  Reusables:53 - output.txt is still empty
2024-07-24 10:22:58 INFO  Reusables:53 - output.txt is still empty
2024-07-24 10:22:58 INFO  Reusables:53 - output.txt is still empty
2024-07-24 10:22:58 INFO  Reusables:53 - output.txt is still empty
2024-07-24 10:22:58 INFO  Reusables:53 - output.txt is still empty
2024-07-24 10:22:58 INFO  Reusables:53 - output.txt is still empty
2024-07-24 10:22:58 INFO  Reusables:53 - output.txt is still empty
2024-07-24 10:22:58 INFO  Reusables:53 - output.txt is still empty
2024-07-24 10:22:58 INFO  Reusables:53 - output.txt is still empty
2024-07-24 10:22:58 INFO  Reusables:53 - output.txt is still empty
2024-07-24 10:22:58 INFO  Reusables:53 - output.txt is still empty
2024-07-24 10:22:58 INFO  Reusables:53 - output.txt is still empty
2024-07-24 10:22:58 INFO  Reusables:53 - output.txt is still empty
2024-07-24 10:22:58 INFO  Reusables:53 - output.txt is still empty
2024-07-24 10:22:58 INFO  Reusables:53 - output.txt is still empty
2024-07-24 10:22:58 INFO  Reusables:53 - output.txt is still empty
2024-07-24 10:22:58 INFO  Reusables:53 - output.txt is still empty
2024-07-24 10:22:58 INFO  Reusables:53 - output.txt is still empty
2024-07-24 10:22:58 INFO  Reusables:53 - output.txt is still empty
2024-07-24 10:22:58 INFO  Reusables:53 - output.txt is still empty
2024-07-24 10:22:58 INFO  Reusables:53 - output.txt is still empty
2024-07-24 10:22:58 INFO  Reusables:53 - output.txt is still empty
2024-07-24 10:22:58 INFO  Reusables:53 - output.txt is still empty
2024-07-24 10:22:58 INFO  Reusables:53 - output.txt is still empty
2024-07-24 10:22:58 INFO  Reusables:53 - output.txt is still empty
2024-07-24 10:22:58 INFO  Reusables:53 - output.txt is still empty
2024-07-24 10:22:58 INFO  Reusables:53 - output.txt is still empty
2024-07-24 10:22:58 INFO  Reusables:53 - output.txt is still empty
2024-07-24 10:22:58 INFO  Reusables:53 - output.txt is still empty
2024-07-24 10:22:58 INFO  Reusables:53 - output.txt is still empty
2024-07-24 10:22:58 INFO  Reusables:53 - output.txt is still empty
2024-07-24 10:22:58 INFO  Reusables:53 - output.txt is still empty
2024-07-24 10:22:58 INFO  Reusables:53 - output.txt is still empty
2024-07-24 10:22:58 INFO  Reusables:53 - output.txt is still empty
2024-07-24 10:22:58 INFO  Reusables:53 - output.txt is still empty
2024-07-24 10:22:58 INFO  Reusables:53 - output.txt is still empty
2024-07-24 10:22:58 INFO  Reusables:53 - output.txt is still empty
2024-07-24 10:22:58 INFO  Reusables:53 - output.txt is still empty
2024-07-24 10:22:58 INFO  Reusables:53 - output.txt is still empty
2024-07-24 10:22:58 INFO  Reusables:53 - output.txt is still empty
2024-07-24 10:22:58 INFO  Reusables:53 - output.txt is still empty
2024-07-24 10:22:58 INFO  Reusables:53 - output.txt is still empty
2024-07-24 10:22:58 INFO  Reusables:53 - output.txt is still empty
2024-07-24 10:22:58 INFO  Reusables:53 - output.txt is still empty
2024-07-24 10:22:58 INFO  Reusables:53 - output.txt is still empty
2024-07-24 10:22:58 INFO  Reusables:53 - output.txt is still empty
2024-07-24 10:22:58 INFO  Reusables:53 - output.txt is still empty
2024-07-24 10:22:58 INFO  Reusables:53 - output.txt is still empty
2024-07-24 10:22:58 INFO  Reusables:53 - output.txt is still empty
2024-07-24 10:22:58 INFO  Reusables:53 - output.txt is still empty
2024-07-24 10:22:58 INFO  Reusables:53 - output.txt is still empty
2024-07-24 10:22:58 INFO  Reusables:53 - output.txt is still empty
2024-07-24 10:22:58 INFO  Reusables:53 - output.txt is still empty
2024-07-24 10:22:58 INFO  Reusables:53 - output.txt is still empty
2024-07-24 10:22:58 INFO  Reusables:53 - output.txt is still empty
2024-07-24 10:22:58 INFO  Reusables:53 - output.txt is still empty
2024-07-24 10:22:58 INFO  Reusables:53 - output.txt is still empty
2024-07-24 10:22:58 INFO  Reusables:53 - output.txt is still empty
2024-07-24 10:22:58 INFO  Reusables:53 - output.txt is still empty
2024-07-24 10:22:58 INFO  Reusables:53 - output.txt is still empty
2024-07-24 10:22:58 INFO  Reusables:53 - output.txt is still empty
2024-07-24 10:22:58 INFO  Reusables:53 - output.txt is still empty
2024-07-24 10:22:58 INFO  Reusables:53 - output.txt is still empty
2024-07-24 10:22:58 INFO  Reusables:53 - output.txt is still empty
2024-07-24 10:22:58 INFO  Reusables:53 - output.txt is still empty
2024-07-24 10:22:58 INFO  Reusables:53 - output.txt is still empty
2024-07-24 10:22:58 INFO  Reusables:53 - output.txt is still empty
2024-07-24 10:22:58 INFO  Reusables:53 - output.txt is still empty
2024-07-24 10:22:58 INFO  Reusables:53 - output.txt is still empty
2024-07-24 10:22:58 INFO  Reusables:53 - output.txt is still empty
2024-07-24 10:22:58 INFO  Reusables:53 - output.txt is still empty
2024-07-24 10:22:58 INFO  Reusables:53 - output.txt is still empty
2024-07-24 10:22:58 INFO  Reusables:53 - output.txt is still empty
2024-07-24 10:22:58 INFO  Reusables:53 - output.txt is still empty
2024-07-24 10:22:58 INFO  Reusables:53 - output.txt is still empty
2024-07-24 10:22:58 INFO  Reusables:53 - output.txt is still empty
2024-07-24 10:22:58 INFO  Reusables:53 - output.txt is still empty
2024-07-24 10:22:58 INFO  Reusables:53 - output.txt is still empty
2024-07-24 10:22:58 INFO  Reusables:53 - output.txt is still empty
2024-07-24 10:22:58 INFO  Reusables:53 - output.txt is still empty
2024-07-24 10:22:58 INFO  Reusables:53 - output.txt is still empty
2024-07-24 10:22:58 INFO  Reusables:53 - output.txt is still empty
2024-07-24 10:22:58 INFO  Reusables:53 - output.txt is still empty
2024-07-24 10:22:58 INFO  Reusables:53 - output.txt is still empty
2024-07-24 10:22:58 INFO  Reusables:53 - output.txt is still empty
2024-07-24 10:22:58 INFO  Reusables:53 - output.txt is still empty
2024-07-24 10:22:58 INFO  Reusables:53 - output.txt is still empty
2024-07-24 10:22:58 INFO  Reusables:53 - output.txt is still empty
2024-07-24 10:22:58 INFO  Reusables:53 - output.txt is still empty
2024-07-24 10:22:58 INFO  Reusables:53 - output.txt is still empty
2024-07-24 10:22:58 INFO  Reusables:53 - output.txt is still empty
2024-07-24 10:22:58 INFO  Reusables:53 - output.txt is still empty
2024-07-24 10:22:58 INFO  Reusables:53 - output.txt is still empty
2024-07-24 10:22:58 INFO  Reusables:53 - output.txt is still empty
2024-07-24 10:22:58 INFO  Reusables:53 - output.txt is still empty
2024-07-24 10:22:58 INFO  Reusables:53 - output.txt is still empty
2024-07-24 10:22:58 INFO  Reusables:53 - output.txt is still empty
2024-07-24 10:22:58 INFO  Reusables:53 - output.txt is still empty
2024-07-24 10:22:58 INFO  Reusables:53 - output.txt is still empty
2024-07-24 10:22:58 INFO  Reusables:53 - output.txt is still empty
2024-07-24 10:22:58 INFO  Reusables:53 - output.txt is still empty
2024-07-24 10:22:58 INFO  Reusables:53 - output.txt is still empty
2024-07-24 10:22:58 INFO  Reusables:53 - output.txt is still empty
2024-07-24 10:22:58 INFO  Reusables:53 - output.txt is still empty
2024-07-24 10:22:58 INFO  Reusables:53 - output.txt is still empty
2024-07-24 10:22:58 INFO  Reusables:53 - output.txt is still empty
2024-07-24 10:22:58 INFO  Reusables:53 - output.txt is still empty
2024-07-24 10:22:58 INFO  Reusables:53 - output.txt is still empty
2024-07-24 10:22:58 INFO  Reusables:53 - output.txt is still empty
2024-07-24 10:22:58 INFO  Reusables:53 - output.txt is still empty
2024-07-24 10:22:58 INFO  Reusables:53 - output.txt is still empty
2024-07-24 10:22:58 INFO  Reusables:53 - output.txt is still empty
2024-07-24 10:22:58 INFO  Reusables:53 - output.txt is still empty
2024-07-24 10:22:58 INFO  Reusables:53 - output.txt is still empty
2024-07-24 10:22:58 INFO  Reusables:53 - output.txt is still empty
2024-07-24 10:22:58 INFO  Reusables:53 - output.txt is still empty
2024-07-24 10:22:58 INFO  Reusables:53 - output.txt is still empty
2024-07-24 10:22:58 INFO  Reusables:53 - output.txt is still empty
2024-07-24 10:22:58 INFO  Reusables:53 - output.txt is still empty
2024-07-24 10:22:58 INFO  Reusables:53 - output.txt is still empty
2024-07-24 10:22:58 INFO  Reusables:53 - output.txt is still empty
2024-07-24 10:22:58 INFO  Reusables:53 - output.txt is still empty
2024-07-24 10:22:58 INFO  Reusables:53 - output.txt is still empty
2024-07-24 10:22:58 INFO  Reusables:53 - output.txt is still empty
2024-07-24 10:22:58 INFO  Reusables:53 - output.txt is still empty
2024-07-24 10:22:58 INFO  Reusables:53 - output.txt is still empty
2024-07-24 10:22:58 INFO  Reusables:53 - output.txt is still empty
2024-07-24 10:22:58 INFO  Reusables:53 - output.txt is still empty
2024-07-24 10:22:58 INFO  Reusables:53 - output.txt is still empty
2024-07-24 10:22:58 INFO  Reusables:53 - output.txt is still empty
2024-07-24 10:22:58 INFO  Reusables:53 - output.txt is still empty
2024-07-24 10:22:58 INFO  Reusables:53 - output.txt is still empty
2024-07-24 10:22:58 INFO  Reusables:53 - output.txt is still empty
2024-07-24 10:22:58 INFO  Reusables:53 - output.txt is still empty
2024-07-24 10:22:58 INFO  Reusables:53 - output.txt is still empty
2024-07-24 10:22:58 INFO  Reusables:53 - output.txt is still empty
2024-07-24 10:22:58 INFO  Reusables:53 - output.txt is still empty
2024-07-24 10:22:58 INFO  Reusables:53 - output.txt is still empty
2024-07-24 10:22:58 INFO  Reusables:53 - output.txt is still empty
2024-07-24 10:22:58 INFO  Reusables:53 - output.txt is still empty
2024-07-24 10:22:58 INFO  Reusables:53 - output.txt is still empty
2024-07-24 10:22:58 INFO  Reusables:53 - output.txt is still empty
2024-07-24 10:22:58 INFO  Reusables:53 - output.txt is still empty
2024-07-24 10:22:58 INFO  Reusables:53 - output.txt is still empty
2024-07-24 10:22:58 INFO  Reusables:53 - output.txt is still empty
2024-07-24 10:22:58 INFO  Reusables:53 - output.txt is still empty
2024-07-24 10:22:58 INFO  Reusables:53 - output.txt is still empty
2024-07-24 10:22:58 INFO  Reusables:53 - output.txt is still empty
2024-07-24 10:22:58 INFO  Reusables:53 - output.txt is still empty
2024-07-24 10:22:58 INFO  Reusables:53 - output.txt is still empty
2024-07-24 10:22:58 INFO  Reusables:53 - output.txt is still empty
2024-07-24 10:22:58 INFO  Reusables:53 - output.txt is still empty
2024-07-24 10:22:58 INFO  Reusables:53 - output.txt is still empty
2024-07-24 10:22:58 INFO  Reusables:53 - output.txt is still empty
2024-07-24 10:22:58 INFO  Reusables:53 - output.txt is still empty
2024-07-24 10:22:58 INFO  Reusables:53 - output.txt is still empty
2024-07-24 10:22:58 INFO  Reusables:53 - output.txt is still empty
2024-07-24 10:22:58 INFO  Reusables:53 - output.txt is still empty
2024-07-24 10:22:58 INFO  Reusables:53 - output.txt is still empty
2024-07-24 10:22:58 INFO  Reusables:53 - output.txt is still empty
2024-07-24 10:22:58 INFO  Reusables:53 - output.txt is still empty
2024-07-24 10:22:58 INFO  Reusables:53 - output.txt is still empty
2024-07-24 10:22:58 INFO  Reusables:53 - output.txt is still empty
2024-07-24 10:22:58 INFO  Reusables:53 - output.txt is still empty
2024-07-24 10:22:58 INFO  Reusables:53 - output.txt is still empty
2024-07-24 10:22:58 INFO  Reusables:53 - output.txt is still empty
2024-07-24 10:22:58 INFO  Reusables:53 - output.txt is still empty
2024-07-24 10:22:58 INFO  Reusables:53 - output.txt is still empty
2024-07-24 10:22:58 INFO  Reusables:53 - output.txt is still empty
2024-07-24 10:22:58 INFO  Reusables:53 - output.txt is still empty
2024-07-24 10:22:58 INFO  Reusables:53 - output.txt is still empty
2024-07-24 10:22:58 INFO  Reusables:53 - output.txt is still empty
2024-07-24 10:22:58 INFO  Reusables:53 - output.txt is still empty
2024-07-24 10:22:58 INFO  Reusables:53 - output.txt is still empty
2024-07-24 10:22:58 INFO  Reusables:53 - output.txt is still empty
2024-07-24 10:22:58 INFO  Reusables:53 - output.txt is still empty
2024-07-24 10:22:58 INFO  Reusables:53 - output.txt is still empty
2024-07-24 10:22:58 INFO  Reusables:53 - output.txt is still empty
2024-07-24 10:22:58 INFO  Reusables:53 - output.txt is still empty
2024-07-24 10:22:58 INFO  Reusables:53 - output.txt is still empty
2024-07-24 10:22:58 INFO  Reusables:53 - output.txt is still empty
2024-07-24 10:22:58 INFO  Reusables:53 - output.txt is still empty
2024-07-24 10:22:58 INFO  Reusables:53 - output.txt is still empty
2024-07-24 10:22:58 INFO  Reusables:53 - output.txt is still empty
2024-07-24 10:22:58 INFO  Reusables:53 - output.txt is still empty
2024-07-24 10:22:58 INFO  Reusables:53 - output.txt is still empty
2024-07-24 10:22:58 INFO  Reusables:53 - output.txt is still empty
2024-07-24 10:22:58 INFO  Reusables:53 - output.txt is still empty
2024-07-24 10:22:58 INFO  Reusables:53 - output.txt is still empty
2024-07-24 10:22:58 INFO  Reusables:53 - output.txt is still empty
2024-07-24 10:22:58 INFO  Reusables:53 - output.txt is still empty
2024-07-24 10:22:58 INFO  Reusables:53 - output.txt is still empty
2024-07-24 10:22:58 INFO  Reusables:53 - output.txt is still empty
2024-07-24 10:22:58 INFO  Reusables:53 - output.txt is still empty
2024-07-24 10:22:58 INFO  Reusables:53 - output.txt is still empty
2024-07-24 10:22:58 INFO  Reusables:53 - output.txt is still empty
2024-07-24 10:22:58 INFO  Reusables:53 - output.txt is still empty
2024-07-24 10:22:58 INFO  Reusables:53 - output.txt is still empty
2024-07-24 10:22:58 INFO  Reusables:53 - output.txt is still empty
2024-07-24 10:22:58 INFO  Reusables:53 - output.txt is still empty
2024-07-24 10:22:58 INFO  Reusables:53 - output.txt is still empty
2024-07-24 10:22:58 INFO  Reusables:53 - output.txt is still empty
2024-07-24 10:22:58 INFO  Reusables:53 - output.txt is still empty
2024-07-24 10:22:58 INFO  Reusables:53 - output.txt is still empty
2024-07-24 10:22:58 INFO  Reusables:53 - output.txt is still empty
2024-07-24 10:22:58 INFO  Reusables:53 - output.txt is still empty
2024-07-24 10:22:58 INFO  Reusables:53 - output.txt is still empty
2024-07-24 10:22:58 INFO  Reusables:53 - output.txt is still empty
2024-07-24 10:22:58 INFO  Reusables:53 - output.txt is still empty
2024-07-24 10:22:58 INFO  Reusables:53 - output.txt is still empty
2024-07-24 10:22:58 INFO  Reusables:53 - output.txt is still empty
2024-07-24 10:22:58 INFO  Reusables:53 - output.txt is still empty
2024-07-24 10:22:58 INFO  Reusables:53 - output.txt is still empty
2024-07-24 10:22:58 INFO  Reusables:53 - output.txt is still empty
2024-07-24 10:22:58 INFO  Reusables:53 - output.txt is still empty
2024-07-24 10:22:58 INFO  Reusables:53 - output.txt is still empty
2024-07-24 10:22:58 INFO  Reusables:53 - output.txt is still empty
2024-07-24 10:22:58 INFO  Reusables:53 - output.txt is still empty
2024-07-24 10:22:58 INFO  Reusables:53 - output.txt is still empty
2024-07-24 10:22:58 INFO  Reusables:53 - output.txt is still empty
2024-07-24 10:22:58 INFO  Reusables:53 - output.txt is still empty
2024-07-24 10:22:58 INFO  Reusables:53 - output.txt is still empty
2024-07-24 10:22:58 INFO  Reusables:53 - output.txt is still empty
2024-07-24 10:22:58 INFO  Reusables:53 - output.txt is still empty
2024-07-24 10:22:58 INFO  Reusables:53 - output.txt is still empty
2024-07-24 10:22:58 INFO  Reusables:53 - output.txt is still empty
2024-07-24 10:22:58 INFO  Reusables:53 - output.txt is still empty
2024-07-24 10:22:58 INFO  Reusables:53 - output.txt is still empty
2024-07-24 10:22:58 INFO  Reusables:53 - output.txt is still empty
2024-07-24 10:22:58 INFO  Reusables:53 - output.txt is still empty
2024-07-24 10:22:58 INFO  Reusables:53 - output.txt is still empty
2024-07-24 10:22:58 INFO  Reusables:53 - output.txt is still empty
2024-07-24 10:22:58 INFO  Reusables:53 - output.txt is still empty
2024-07-24 10:22:58 INFO  Reusables:53 - output.txt is still empty
2024-07-24 10:22:58 INFO  Reusables:53 - output.txt is still empty
2024-07-24 10:22:58 INFO  Reusables:53 - output.txt is still empty
2024-07-24 10:22:58 INFO  Reusables:53 - output.txt is still empty
2024-07-24 10:22:58 INFO  Reusables:53 - output.txt is still empty
2024-07-24 10:22:58 INFO  Reusables:53 - output.txt is still empty
2024-07-24 10:22:58 INFO  Reusables:53 - output.txt is still empty
2024-07-24 10:22:58 INFO  Reusables:53 - output.txt is still empty
2024-07-24 10:22:58 INFO  Reusables:53 - output.txt is still empty
2024-07-24 10:22:58 INFO  Reusables:53 - output.txt is still empty
2024-07-24 10:22:58 INFO  Reusables:53 - output.txt is still empty
2024-07-24 10:22:58 INFO  Reusables:53 - output.txt is still empty
2024-07-24 10:22:58 INFO  Reusables:53 - output.txt is still empty
2024-07-24 10:22:58 INFO  Reusables:53 - output.txt is still empty
2024-07-24 10:22:58 INFO  Reusables:53 - output.txt is still empty
2024-07-24 10:22:58 INFO  Reusables:53 - output.txt is still empty
2024-07-24 10:22:58 INFO  Reusables:53 - output.txt is still empty
2024-07-24 10:22:58 INFO  Reusables:53 - output.txt is still empty
2024-07-24 10:22:58 INFO  Reusables:53 - output.txt is still empty
2024-07-24 10:22:58 INFO  Reusables:53 - output.txt is still empty
2024-07-24 10:22:58 INFO  Reusables:53 - output.txt is still empty
2024-07-24 10:22:58 INFO  Reusables:53 - output.txt is still empty
2024-07-24 10:22:58 INFO  Reusables:53 - output.txt is still empty
2024-07-24 10:22:58 INFO  Reusables:53 - output.txt is still empty
2024-07-24 10:22:58 INFO  Reusables:53 - output.txt is still empty
2024-07-24 10:22:58 INFO  Reusables:53 - output.txt is still empty
2024-07-24 10:22:58 INFO  Reusables:53 - output.txt is still empty
2024-07-24 10:22:58 INFO  Reusables:53 - output.txt is still empty
2024-07-24 10:22:58 INFO  Reusables:53 - output.txt is still empty
2024-07-24 10:22:58 INFO  Reusables:53 - output.txt is still empty
2024-07-24 10:22:58 INFO  Reusables:53 - output.txt is still empty
2024-07-24 10:22:58 INFO  Reusables:53 - output.txt is still empty
2024-07-24 10:22:58 INFO  Reusables:53 - output.txt is still empty
2024-07-24 10:22:58 INFO  Reusables:53 - output.txt is still empty
2024-07-24 10:22:58 INFO  Reusables:53 - output.txt is still empty
2024-07-24 10:22:58 INFO  Reusables:53 - output.txt is still empty
2024-07-24 10:22:58 INFO  Reusables:53 - output.txt is still empty
2024-07-24 10:22:58 INFO  Reusables:53 - output.txt is still empty
2024-07-24 10:22:58 INFO  Reusables:53 - output.txt is still empty
2024-07-24 10:22:58 INFO  Reusables:53 - output.txt is still empty
2024-07-24 10:22:58 INFO  Reusables:53 - output.txt is still empty
2024-07-24 10:22:58 INFO  Reusables:53 - output.txt is still empty
2024-07-24 10:22:58 INFO  Reusables:53 - output.txt is still empty
2024-07-24 10:22:58 INFO  Reusables:53 - output.txt is still empty
2024-07-24 10:22:58 INFO  Reusables:53 - output.txt is still empty
2024-07-24 10:22:58 INFO  Reusables:53 - output.txt is still empty
2024-07-24 10:22:58 INFO  Reusables:53 - output.txt is still empty
2024-07-24 10:22:58 INFO  Reusables:53 - output.txt is still empty
2024-07-24 10:22:58 INFO  Reusables:53 - output.txt is still empty
2024-07-24 10:22:58 INFO  Reusables:53 - output.txt is still empty
2024-07-24 10:22:58 INFO  Reusables:53 - output.txt is still empty
2024-07-24 10:22:58 INFO  Reusables:53 - output.txt is still empty
2024-07-24 10:22:58 INFO  Reusables:53 - output.txt is still empty
2024-07-24 10:22:58 INFO  Reusables:53 - output.txt is still empty
2024-07-24 10:22:58 INFO  Reusables:53 - output.txt is still empty
2024-07-24 10:22:58 INFO  Reusables:53 - output.txt is still empty
2024-07-24 10:22:58 INFO  Reusables:53 - output.txt is still empty
2024-07-24 10:22:58 INFO  Reusables:53 - output.txt is still empty
2024-07-24 10:22:58 INFO  Reusables:53 - output.txt is still empty
2024-07-24 10:22:58 INFO  Reusables:53 - output.txt is still empty
2024-07-24 10:22:58 INFO  Reusables:53 - output.txt is still empty
2024-07-24 10:22:58 INFO  Reusables:53 - output.txt is still empty
2024-07-24 10:22:58 INFO  Reusables:53 - output.txt is still empty
2024-07-24 10:22:58 INFO  Reusables:53 - output.txt is still empty
2024-07-24 10:22:58 INFO  Reusables:53 - output.txt is still empty
2024-07-24 10:22:58 INFO  Reusables:53 - output.txt is still empty
2024-07-24 10:22:58 INFO  Reusables:53 - output.txt is still empty
2024-07-24 10:22:58 INFO  Reusables:53 - output.txt is still empty
2024-07-24 10:22:58 INFO  Reusables:53 - output.txt is still empty
2024-07-24 10:22:58 INFO  Reusables:53 - output.txt is still empty
2024-07-24 10:22:58 INFO  Reusables:53 - output.txt is still empty
2024-07-24 10:22:58 INFO  Reusables:53 - output.txt is still empty
2024-07-24 10:22:58 INFO  Reusables:53 - output.txt is still empty
2024-07-24 10:22:58 INFO  Reusables:53 - output.txt is still empty
2024-07-24 10:22:58 INFO  Reusables:53 - output.txt is still empty
2024-07-24 10:22:58 INFO  Reusables:53 - output.txt is still empty
2024-07-24 10:22:58 INFO  Reusables:53 - output.txt is still empty
2024-07-24 10:22:58 INFO  Reusables:53 - output.txt is still empty
2024-07-24 10:22:58 INFO  Reusables:53 - output.txt is still empty
2024-07-24 10:22:58 INFO  Reusables:53 - output.txt is still empty
2024-07-24 10:22:58 INFO  Reusables:53 - output.txt is still empty
2024-07-24 10:22:58 INFO  Reusables:53 - output.txt is still empty
2024-07-24 10:22:58 INFO  Reusables:53 - output.txt is still empty
2024-07-24 10:22:58 INFO  Reusables:53 - output.txt is still empty
2024-07-24 10:22:58 INFO  Reusables:53 - output.txt is still empty
2024-07-24 10:22:58 INFO  Reusables:53 - output.txt is still empty
2024-07-24 10:22:58 INFO  Reusables:53 - output.txt is still empty
2024-07-24 10:22:58 INFO  Reusables:53 - output.txt is still empty
2024-07-24 10:22:58 INFO  Reusables:53 - output.txt is still empty
2024-07-24 10:22:58 INFO  Reusables:53 - output.txt is still empty
2024-07-24 10:22:58 INFO  Reusables:53 - output.txt is still empty
2024-07-24 10:22:58 INFO  Reusables:53 - output.txt is still empty
2024-07-24 10:22:58 INFO  Reusables:53 - output.txt is still empty
2024-07-24 10:22:58 INFO  Reusables:53 - output.txt is still empty
2024-07-24 10:22:58 INFO  Reusables:53 - output.txt is still empty
2024-07-24 10:22:58 INFO  Reusables:53 - output.txt is still empty
2024-07-24 10:22:58 INFO  Reusables:53 - output.txt is still empty
2024-07-24 10:22:58 INFO  Reusables:53 - output.txt is still empty
2024-07-24 10:22:58 INFO  Reusables:53 - output.txt is still empty
2024-07-24 10:22:58 INFO  Reusables:53 - output.txt is still empty
2024-07-24 10:22:58 INFO  Reusables:53 - output.txt is still empty
2024-07-24 10:22:58 INFO  Reusables:53 - output.txt is still empty
2024-07-24 10:22:58 INFO  Reusables:53 - output.txt is still empty
2024-07-24 10:22:58 INFO  Reusables:53 - output.txt is still empty
2024-07-24 10:22:58 INFO  Reusables:53 - output.txt is still empty
2024-07-24 10:22:58 INFO  Reusables:53 - output.txt is still empty
2024-07-24 10:22:58 INFO  Reusables:53 - output.txt is still empty
2024-07-24 10:22:58 INFO  Reusables:53 - output.txt is still empty
2024-07-24 10:22:58 INFO  Reusables:53 - output.txt is still empty
2024-07-24 10:22:58 INFO  Reusables:53 - output.txt is still empty
2024-07-24 10:22:58 INFO  Reusables:53 - output.txt is still empty
2024-07-24 10:22:58 INFO  Reusables:53 - output.txt is still empty
2024-07-24 10:22:58 INFO  Reusables:53 - output.txt is still empty
2024-07-24 10:22:58 INFO  Reusables:53 - output.txt is still empty
2024-07-24 10:22:58 INFO  Reusables:53 - output.txt is still empty
2024-07-24 10:22:58 INFO  Reusables:53 - output.txt is still empty
2024-07-24 10:22:58 INFO  Reusables:53 - output.txt is still empty
2024-07-24 10:22:58 INFO  Reusables:53 - output.txt is still empty
2024-07-24 10:22:58 INFO  Reusables:53 - output.txt is still empty
2024-07-24 10:22:58 INFO  Reusables:53 - output.txt is still empty
2024-07-24 10:22:58 INFO  Reusables:53 - output.txt is still empty
2024-07-24 10:22:58 INFO  Reusables:53 - output.txt is still empty
2024-07-24 10:22:58 INFO  Reusables:53 - output.txt is still empty
2024-07-24 10:22:58 INFO  Reusables:53 - output.txt is still empty
2024-07-24 10:22:58 INFO  Reusables:53 - output.txt is still empty
2024-07-24 10:22:58 INFO  Reusables:53 - output.txt is still empty
2024-07-24 10:22:58 INFO  Reusables:53 - output.txt is still empty
2024-07-24 10:22:58 INFO  Reusables:53 - output.txt is still empty
2024-07-24 10:22:58 INFO  Reusables:53 - output.txt is still empty
2024-07-24 10:22:58 INFO  Reusables:53 - output.txt is still empty
2024-07-24 10:22:58 INFO  Reusables:53 - output.txt is still empty
2024-07-24 10:22:58 INFO  Reusables:53 - output.txt is still empty
2024-07-24 10:22:58 INFO  Reusables:53 - output.txt is still empty
2024-07-24 10:22:58 INFO  Reusables:53 - output.txt is still empty
2024-07-24 10:22:58 INFO  Reusables:53 - output.txt is still empty
2024-07-24 10:22:58 INFO  Reusables:53 - output.txt is still empty
2024-07-24 10:22:58 INFO  Reusables:53 - output.txt is still empty
2024-07-24 10:22:58 INFO  Reusables:53 - output.txt is still empty
2024-07-24 10:22:58 INFO  Reusables:53 - output.txt is still empty
2024-07-24 10:22:58 INFO  Reusables:53 - output.txt is still empty
2024-07-24 10:22:58 INFO  Reusables:53 - output.txt is still empty
2024-07-24 10:22:58 INFO  Reusables:53 - output.txt is still empty
2024-07-24 10:22:58 INFO  Reusables:53 - output.txt is still empty
2024-07-24 10:22:58 INFO  Reusables:53 - output.txt is still empty
2024-07-24 10:22:58 INFO  Reusables:53 - output.txt is still empty
2024-07-24 10:22:58 INFO  Reusables:53 - output.txt is still empty
2024-07-24 10:22:58 INFO  Reusables:53 - output.txt is still empty
2024-07-24 10:22:58 INFO  Reusables:53 - output.txt is still empty
2024-07-24 10:22:58 INFO  Reusables:53 - output.txt is still empty
2024-07-24 10:22:58 INFO  Reusables:53 - output.txt is still empty
2024-07-24 10:22:58 INFO  Reusables:53 - output.txt is still empty
2024-07-24 10:22:58 INFO  Reusables:53 - output.txt is still empty
2024-07-24 10:22:58 INFO  Reusables:53 - output.txt is still empty
2024-07-24 10:22:58 INFO  Reusables:53 - output.txt is still empty
2024-07-24 10:22:58 INFO  Reusables:53 - output.txt is still empty
2024-07-24 10:22:58 INFO  Reusables:53 - output.txt is still empty
2024-07-24 10:22:58 INFO  Reusables:53 - output.txt is still empty
2024-07-24 10:22:58 INFO  Reusables:53 - output.txt is still empty
2024-07-24 10:22:58 INFO  Reusables:53 - output.txt is still empty
2024-07-24 10:22:58 INFO  Reusables:53 - output.txt is still empty
2024-07-24 10:22:58 INFO  Reusables:53 - output.txt is still empty
2024-07-24 10:22:58 INFO  Reusables:53 - output.txt is still empty
2024-07-24 10:22:58 INFO  Reusables:53 - output.txt is still empty
2024-07-24 10:22:58 INFO  Reusables:53 - output.txt is still empty
2024-07-24 10:22:58 INFO  Reusables:53 - output.txt is still empty
2024-07-24 10:22:58 INFO  Reusables:53 - output.txt is still empty
2024-07-24 10:22:58 INFO  Reusables:53 - output.txt is still empty
2024-07-24 10:22:58 INFO  Reusables:53 - output.txt is still empty
2024-07-24 10:22:58 INFO  Reusables:53 - output.txt is still empty
2024-07-24 10:22:58 INFO  Reusables:53 - output.txt is still empty
2024-07-24 10:22:58 INFO  Reusables:53 - output.txt is still empty
2024-07-24 10:22:58 INFO  Reusables:53 - output.txt is still empty
2024-07-24 10:22:58 INFO  Reusables:53 - output.txt is still empty
2024-07-24 10:22:58 INFO  Reusables:53 - output.txt is still empty
2024-07-24 10:22:58 INFO  Reusables:53 - output.txt is still empty
2024-07-24 10:22:58 INFO  Reusables:53 - output.txt is still empty
2024-07-24 10:22:58 INFO  Reusables:53 - output.txt is still empty
2024-07-24 10:22:58 INFO  Reusables:53 - output.txt is still empty
2024-07-24 10:22:58 INFO  Reusables:53 - output.txt is still empty
2024-07-24 10:22:58 INFO  Reusables:53 - output.txt is still empty
2024-07-24 10:22:58 INFO  Reusables:53 - output.txt is still empty
2024-07-24 10:22:58 INFO  Reusables:53 - output.txt is still empty
2024-07-24 10:22:58 INFO  Reusables:53 - output.txt is still empty
2024-07-24 10:22:58 INFO  Reusables:53 - output.txt is still empty
2024-07-24 10:22:58 INFO  Reusables:53 - output.txt is still empty
2024-07-24 10:22:58 INFO  Reusables:53 - output.txt is still empty
2024-07-24 10:22:58 INFO  Reusables:53 - output.txt is still empty
2024-07-24 10:22:58 INFO  Reusables:53 - output.txt is still empty
2024-07-24 10:22:58 INFO  Reusables:53 - output.txt is still empty
2024-07-24 10:22:58 INFO  Reusables:53 - output.txt is still empty
2024-07-24 10:22:58 INFO  Reusables:53 - output.txt is still empty
2024-07-24 10:22:58 INFO  Reusables:53 - output.txt is still empty
2024-07-24 10:22:58 INFO  Reusables:53 - output.txt is still empty
2024-07-24 10:22:58 INFO  Reusables:53 - output.txt is still empty
2024-07-24 10:22:58 INFO  Reusables:53 - output.txt is still empty
2024-07-24 10:22:58 INFO  Reusables:53 - output.txt is still empty
2024-07-24 10:22:58 INFO  Reusables:53 - output.txt is still empty
2024-07-24 10:22:58 INFO  Reusables:53 - output.txt is still empty
2024-07-24 10:22:58 INFO  Reusables:53 - output.txt is still empty
2024-07-24 10:22:58 INFO  Reusables:53 - output.txt is still empty
2024-07-24 10:22:58 INFO  Reusables:53 - output.txt is still empty
2024-07-24 10:22:58 INFO  Reusables:53 - output.txt is still empty
2024-07-24 10:22:58 INFO  Reusables:53 - output.txt is still empty
2024-07-24 10:22:58 INFO  Reusables:53 - output.txt is still empty
2024-07-24 10:22:58 INFO  Reusables:53 - output.txt is still empty
2024-07-24 10:22:58 INFO  Reusables:53 - output.txt is still empty
2024-07-24 10:22:58 INFO  Reusables:53 - output.txt is still empty
2024-07-24 10:22:58 INFO  Reusables:53 - output.txt is still empty
2024-07-24 10:22:58 INFO  Reusables:53 - output.txt is still empty
2024-07-24 10:22:58 INFO  Reusables:53 - output.txt is still empty
2024-07-24 10:22:58 INFO  Reusables:53 - output.txt is still empty
2024-07-24 10:22:58 INFO  Reusables:53 - output.txt is still empty
2024-07-24 10:22:58 INFO  Reusables:53 - output.txt is still empty
2024-07-24 10:22:58 INFO  Reusables:53 - output.txt is still empty
2024-07-24 10:22:58 INFO  Reusables:53 - output.txt is still empty
2024-07-24 10:22:58 INFO  Reusables:53 - output.txt is still empty
2024-07-24 10:22:58 INFO  Reusables:53 - output.txt is still empty
2024-07-24 10:22:58 INFO  Reusables:53 - output.txt is still empty
2024-07-24 10:22:58 INFO  Reusables:53 - output.txt is still empty
2024-07-24 10:22:58 INFO  Reusables:53 - output.txt is still empty
2024-07-24 10:22:58 INFO  Reusables:53 - output.txt is still empty
2024-07-24 10:22:58 INFO  Reusables:53 - output.txt is still empty
2024-07-24 10:22:58 INFO  Reusables:53 - output.txt is still empty
2024-07-24 10:22:58 INFO  Reusables:53 - output.txt is still empty
2024-07-24 10:22:58 INFO  Reusables:53 - output.txt is still empty
2024-07-24 10:22:58 INFO  Reusables:53 - output.txt is still empty
2024-07-24 10:22:58 INFO  Reusables:53 - output.txt is still empty
2024-07-24 10:22:58 INFO  Reusables:53 - output.txt is still empty
2024-07-24 10:22:58 INFO  Reusables:53 - output.txt is still empty
2024-07-24 10:22:58 INFO  Reusables:53 - output.txt is still empty
2024-07-24 10:22:58 INFO  Reusables:53 - output.txt is still empty
2024-07-24 10:22:58 INFO  Reusables:53 - output.txt is still empty
2024-07-24 10:22:58 INFO  Reusables:53 - output.txt is still empty
2024-07-24 10:22:58 INFO  Reusables:53 - output.txt is still empty
2024-07-24 10:22:58 INFO  Reusables:53 - output.txt is still empty
2024-07-24 10:22:58 INFO  Reusables:53 - output.txt is still empty
2024-07-24 10:22:58 INFO  Reusables:53 - output.txt is still empty
2024-07-24 10:22:58 INFO  Reusables:53 - output.txt is still empty
2024-07-24 10:22:58 INFO  Reusables:53 - output.txt is still empty
2024-07-24 10:22:58 INFO  Reusables:53 - output.txt is still empty
2024-07-24 10:22:58 INFO  Reusables:53 - output.txt is still empty
2024-07-24 10:22:58 INFO  Reusables:53 - output.txt is still empty
2024-07-24 10:22:58 INFO  Reusables:53 - output.txt is still empty
2024-07-24 10:22:58 INFO  Reusables:53 - output.txt is still empty
2024-07-24 10:22:58 INFO  Reusables:53 - output.txt is still empty
2024-07-24 10:22:58 INFO  Reusables:53 - output.txt is still empty
2024-07-24 10:22:58 INFO  Reusables:53 - output.txt is still empty
2024-07-24 10:22:58 INFO  Reusables:53 - output.txt is still empty
2024-07-24 10:22:58 INFO  Reusables:53 - output.txt is still empty
2024-07-24 10:22:58 INFO  Reusables:53 - output.txt is still empty
2024-07-24 10:22:58 INFO  Reusables:53 - output.txt is still empty
2024-07-24 10:22:58 INFO  Reusables:53 - output.txt is still empty
2024-07-24 10:22:58 INFO  Reusables:53 - output.txt is still empty
2024-07-24 10:22:58 INFO  Reusables:53 - output.txt is still empty
2024-07-24 10:22:58 INFO  Reusables:53 - output.txt is still empty
2024-07-24 10:22:58 INFO  Reusables:53 - output.txt is still empty
2024-07-24 10:22:58 INFO  Reusables:53 - output.txt is still empty
2024-07-24 10:22:58 INFO  Reusables:53 - output.txt is still empty
2024-07-24 10:22:58 INFO  Reusables:53 - output.txt is still empty
2024-07-24 10:22:58 INFO  Reusables:53 - output.txt is still empty
2024-07-24 10:22:58 INFO  Reusables:53 - output.txt is still empty
2024-07-24 10:22:58 INFO  Reusables:53 - output.txt is still empty
2024-07-24 10:22:58 INFO  Reusables:53 - output.txt is still empty
2024-07-24 10:22:58 INFO  Reusables:53 - output.txt is still empty
2024-07-24 10:22:58 INFO  Reusables:53 - output.txt is still empty
2024-07-24 10:22:58 INFO  Reusables:53 - output.txt is still empty
2024-07-24 10:22:58 INFO  Reusables:53 - output.txt is still empty
2024-07-24 10:22:58 INFO  Reusables:53 - output.txt is still empty
2024-07-24 10:22:58 INFO  Reusables:53 - output.txt is still empty
2024-07-24 10:22:58 INFO  Reusables:53 - output.txt is still empty
2024-07-24 10:22:58 INFO  Reusables:53 - output.txt is still empty
2024-07-24 10:22:58 INFO  Reusables:53 - output.txt is still empty
2024-07-24 10:22:58 INFO  Reusables:53 - output.txt is still empty
2024-07-24 10:22:58 INFO  Reusables:53 - output.txt is still empty
2024-07-24 10:22:58 INFO  Reusables:53 - output.txt is still empty
2024-07-24 10:22:58 INFO  Reusables:53 - output.txt is still empty
2024-07-24 10:22:58 INFO  Reusables:53 - output.txt is still empty
2024-07-24 10:22:58 INFO  Reusables:53 - output.txt is still empty
2024-07-24 10:22:58 INFO  Reusables:53 - output.txt is still empty
2024-07-24 10:22:58 INFO  Reusables:53 - output.txt is still empty
2024-07-24 10:22:58 INFO  Reusables:53 - output.txt is still empty
2024-07-24 10:22:58 INFO  Reusables:53 - output.txt is still empty
2024-07-24 10:22:58 INFO  Reusables:53 - output.txt is still empty
2024-07-24 10:22:58 INFO  Reusables:53 - output.txt is still empty
2024-07-24 10:22:58 INFO  Reusables:53 - output.txt is still empty
2024-07-24 10:22:58 INFO  Reusables:53 - output.txt is still empty
2024-07-24 10:22:58 INFO  Reusables:53 - output.txt is still empty
2024-07-24 10:22:58 INFO  Reusables:53 - output.txt is still empty
2024-07-24 10:22:58 INFO  Reusables:53 - output.txt is still empty
2024-07-24 10:22:58 INFO  Reusables:53 - output.txt is still empty
2024-07-24 10:22:58 INFO  Reusables:53 - output.txt is still empty
2024-07-24 10:22:58 INFO  Reusables:53 - output.txt is still empty
2024-07-24 10:22:58 INFO  Reusables:53 - output.txt is still empty
2024-07-24 10:22:58 INFO  Reusables:53 - output.txt is still empty
2024-07-24 10:22:58 INFO  Reusables:53 - output.txt is still empty
2024-07-24 10:22:58 INFO  Reusables:53 - output.txt is still empty
2024-07-24 10:22:58 INFO  Reusables:53 - output.txt is still empty
2024-07-24 10:22:58 INFO  Reusables:53 - output.txt is still empty
2024-07-24 10:22:58 INFO  Reusables:53 - output.txt is still empty
2024-07-24 10:22:58 INFO  Reusables:53 - output.txt is still empty
2024-07-24 10:22:58 INFO  Reusables:53 - output.txt is still empty
2024-07-24 10:22:58 INFO  Reusables:53 - output.txt is still empty
2024-07-24 10:22:58 INFO  Reusables:53 - output.txt is still empty
2024-07-24 10:22:58 INFO  Reusables:53 - output.txt is still empty
2024-07-24 10:22:58 INFO  Reusables:53 - output.txt is still empty
2024-07-24 10:22:58 INFO  Reusables:53 - output.txt is still empty
2024-07-24 10:22:58 INFO  Reusables:53 - output.txt is still empty
2024-07-24 10:22:58 INFO  Reusables:53 - output.txt is still empty
2024-07-24 10:22:58 INFO  Reusables:53 - output.txt is still empty
2024-07-24 10:22:58 INFO  Reusables:53 - output.txt is still empty
2024-07-24 10:22:58 INFO  Reusables:53 - output.txt is still empty
2024-07-24 10:22:58 INFO  Reusables:53 - output.txt is still empty
2024-07-24 10:22:58 INFO  Reusables:53 - output.txt is still empty
2024-07-24 10:22:58 INFO  Reusables:53 - output.txt is still empty
2024-07-24 10:22:58 INFO  Reusables:53 - output.txt is still empty
2024-07-24 10:22:58 INFO  Reusables:53 - output.txt is still empty
2024-07-24 10:22:58 INFO  Reusables:53 - output.txt is still empty
2024-07-24 10:22:58 INFO  Reusables:53 - output.txt is still empty
2024-07-24 10:22:58 INFO  Reusables:53 - output.txt is still empty
2024-07-24 10:22:58 INFO  Reusables:53 - output.txt is still empty
2024-07-24 10:22:58 INFO  Reusables:53 - output.txt is still empty
2024-07-24 10:22:58 INFO  Reusables:53 - output.txt is still empty
2024-07-24 10:22:58 INFO  Reusables:53 - output.txt is still empty
2024-07-24 10:22:58 INFO  Reusables:53 - output.txt is still empty
2024-07-24 10:22:58 INFO  Reusables:53 - output.txt is still empty
2024-07-24 10:22:58 INFO  Reusables:53 - output.txt is still empty
2024-07-24 10:22:58 INFO  Reusables:53 - output.txt is still empty
2024-07-24 10:22:58 INFO  Reusables:53 - output.txt is still empty
2024-07-24 10:22:58 INFO  Reusables:53 - output.txt is still empty
2024-07-24 10:22:58 INFO  Reusables:53 - output.txt is still empty
2024-07-24 10:22:58 INFO  Reusables:53 - output.txt is still empty
2024-07-24 10:22:58 INFO  Reusables:53 - output.txt is still empty
2024-07-24 10:22:58 INFO  Reusables:53 - output.txt is still empty
2024-07-24 10:22:58 INFO  Reusables:53 - output.txt is still empty
2024-07-24 10:22:58 INFO  Reusables:53 - output.txt is still empty
2024-07-24 10:22:58 INFO  Reusables:53 - output.txt is still empty
2024-07-24 10:22:58 INFO  Reusables:53 - output.txt is still empty
2024-07-24 10:22:58 INFO  Reusables:53 - output.txt is still empty
2024-07-24 10:22:58 INFO  Reusables:53 - output.txt is still empty
2024-07-24 10:22:58 INFO  Reusables:53 - output.txt is still empty
2024-07-24 10:22:58 INFO  Reusables:53 - output.txt is still empty
2024-07-24 10:22:58 INFO  Reusables:53 - output.txt is still empty
2024-07-24 10:22:58 INFO  Reusables:53 - output.txt is still empty
2024-07-24 10:22:58 INFO  Reusables:53 - output.txt is still empty
2024-07-24 10:22:58 INFO  Reusables:53 - output.txt is still empty
2024-07-24 10:22:58 INFO  Reusables:53 - output.txt is still empty
2024-07-24 10:22:58 INFO  Reusables:53 - output.txt is still empty
2024-07-24 10:22:58 INFO  Reusables:53 - output.txt is still empty
2024-07-24 10:22:58 INFO  Reusables:53 - output.txt is still empty
2024-07-24 10:22:58 INFO  Reusables:53 - output.txt is still empty
2024-07-24 10:22:58 INFO  Reusables:53 - output.txt is still empty
2024-07-24 10:22:58 INFO  Reusables:53 - output.txt is still empty
2024-07-24 10:22:58 INFO  Reusables:53 - output.txt is still empty
2024-07-24 10:22:58 INFO  Reusables:53 - output.txt is still empty
2024-07-24 10:22:58 INFO  Reusables:53 - output.txt is still empty
2024-07-24 10:22:58 INFO  Reusables:53 - output.txt is still empty
2024-07-24 10:22:58 INFO  Reusables:53 - output.txt is still empty
2024-07-24 10:22:58 INFO  Reusables:53 - output.txt is still empty
2024-07-24 10:22:58 INFO  Reusables:53 - output.txt is still empty
2024-07-24 10:22:58 INFO  Reusables:53 - output.txt is still empty
2024-07-24 10:22:58 INFO  Reusables:53 - output.txt is still empty
2024-07-24 10:22:58 INFO  Reusables:53 - output.txt is still empty
2024-07-24 10:22:58 INFO  Reusables:53 - output.txt is still empty
2024-07-24 10:22:58 INFO  Reusables:53 - output.txt is still empty
2024-07-24 10:22:58 INFO  Reusables:53 - output.txt is still empty
2024-07-24 10:22:58 INFO  Reusables:53 - output.txt is still empty
2024-07-24 10:22:58 INFO  Reusables:53 - output.txt is still empty
2024-07-24 10:22:58 INFO  Reusables:53 - output.txt is still empty
2024-07-24 10:22:58 INFO  Reusables:53 - output.txt is still empty
2024-07-24 10:22:58 INFO  Reusables:53 - output.txt is still empty
2024-07-24 10:22:58 INFO  Reusables:53 - output.txt is still empty
2024-07-24 10:22:58 INFO  Reusables:53 - output.txt is still empty
2024-07-24 10:22:58 INFO  Reusables:53 - output.txt is still empty
2024-07-24 10:22:58 INFO  Reusables:53 - output.txt is still empty
2024-07-24 10:22:58 INFO  Reusables:53 - output.txt is still empty
2024-07-24 10:22:58 INFO  Reusables:53 - output.txt is still empty
2024-07-24 10:22:58 INFO  Reusables:53 - output.txt is still empty
2024-07-24 10:22:58 INFO  Reusables:53 - output.txt is still empty
2024-07-24 10:22:58 INFO  Reusables:53 - output.txt is still empty
2024-07-24 10:22:58 INFO  Reusables:53 - output.txt is still empty
2024-07-24 10:22:58 INFO  Reusables:53 - output.txt is still empty
2024-07-24 10:22:58 INFO  Reusables:53 - output.txt is still empty
2024-07-24 10:22:58 INFO  Reusables:53 - output.txt is still empty
2024-07-24 10:22:58 INFO  Reusables:53 - output.txt is still empty
2024-07-24 10:22:58 INFO  Reusables:53 - output.txt is still empty
2024-07-24 10:22:58 INFO  Reusables:53 - output.txt is still empty
2024-07-24 10:22:58 INFO  Reusables:53 - output.txt is still empty
2024-07-24 10:22:58 INFO  Reusables:53 - output.txt is still empty
2024-07-24 10:22:58 INFO  Reusables:53 - output.txt is still empty
2024-07-24 10:22:58 INFO  Reusables:53 - output.txt is still empty
2024-07-24 10:22:58 INFO  Reusables:53 - output.txt is still empty
2024-07-24 10:22:58 INFO  Reusables:53 - output.txt is still empty
2024-07-24 10:22:58 INFO  Reusables:53 - output.txt is still empty
2024-07-24 10:22:58 INFO  Reusables:53 - output.txt is still empty
2024-07-24 10:22:58 INFO  Reusables:53 - output.txt is still empty
2024-07-24 10:22:58 INFO  Reusables:53 - output.txt is still empty
2024-07-24 10:22:58 INFO  Reusables:53 - output.txt is still empty
2024-07-24 10:22:58 INFO  Reusables:53 - output.txt is still empty
2024-07-24 10:22:58 INFO  Reusables:53 - output.txt is still empty
2024-07-24 10:22:58 INFO  Reusables:53 - output.txt is still empty
2024-07-24 10:22:58 INFO  Reusables:53 - output.txt is still empty
2024-07-24 10:22:58 INFO  Reusables:53 - output.txt is still empty
2024-07-24 10:22:58 INFO  Reusables:53 - output.txt is still empty
2024-07-24 10:22:58 INFO  Reusables:53 - output.txt is still empty
2024-07-24 10:22:58 INFO  Reusables:53 - output.txt is still empty
2024-07-24 10:22:58 INFO  Reusables:53 - output.txt is still empty
2024-07-24 10:22:58 INFO  Reusables:53 - output.txt is still empty
2024-07-24 10:22:58 INFO  Reusables:53 - output.txt is still empty
2024-07-24 10:22:58 INFO  Reusables:53 - output.txt is still empty
2024-07-24 10:22:58 INFO  Reusables:53 - output.txt is still empty
2024-07-24 10:22:58 INFO  Reusables:53 - output.txt is still empty
2024-07-24 10:22:58 INFO  Reusables:53 - output.txt is still empty
2024-07-24 10:22:58 INFO  Reusables:53 - output.txt is still empty
2024-07-24 10:22:58 INFO  Reusables:53 - output.txt is still empty
2024-07-24 10:22:58 INFO  Reusables:53 - output.txt is still empty
2024-07-24 10:22:58 INFO  Reusables:53 - output.txt is still empty
2024-07-24 10:22:58 INFO  Reusables:53 - output.txt is still empty
2024-07-24 10:22:58 INFO  Reusables:53 - output.txt is still empty
2024-07-24 10:22:58 INFO  Reusables:53 - output.txt is still empty
2024-07-24 10:22:58 INFO  Reusables:53 - output.txt is still empty
2024-07-24 10:22:58 INFO  Reusables:53 - output.txt is still empty
2024-07-24 10:22:58 INFO  Reusables:53 - output.txt is still empty
2024-07-24 10:22:58 INFO  Reusables:53 - output.txt is still empty
2024-07-24 10:22:58 INFO  Reusables:53 - output.txt is still empty
2024-07-24 10:22:58 INFO  Reusables:53 - output.txt is still empty
2024-07-24 10:22:58 INFO  Reusables:53 - output.txt is still empty
2024-07-24 10:22:58 INFO  Reusables:53 - output.txt is still empty
2024-07-24 10:22:58 INFO  Reusables:53 - output.txt is still empty
2024-07-24 10:22:58 INFO  Reusables:53 - output.txt is still empty
2024-07-24 10:22:58 INFO  Reusables:53 - output.txt is still empty
2024-07-24 10:22:58 INFO  Reusables:53 - output.txt is still empty
2024-07-24 10:22:58 INFO  Reusables:53 - output.txt is still empty
2024-07-24 10:22:58 INFO  Reusables:53 - output.txt is still empty
2024-07-24 10:22:58 INFO  Reusables:53 - output.txt is still empty
2024-07-24 10:22:58 INFO  Reusables:53 - output.txt is still empty
2024-07-24 10:22:58 INFO  Reusables:53 - output.txt is still empty
2024-07-24 10:22:58 INFO  Reusables:53 - output.txt is still empty
2024-07-24 10:22:58 INFO  Reusables:53 - output.txt is still empty
2024-07-24 10:22:58 INFO  Reusables:53 - output.txt is still empty
2024-07-24 10:22:58 INFO  Reusables:53 - output.txt is still empty
2024-07-24 10:22:58 INFO  Reusables:53 - output.txt is still empty
2024-07-24 10:22:58 INFO  Reusables:53 - output.txt is still empty
2024-07-24 10:22:58 INFO  Reusables:53 - output.txt is still empty
2024-07-24 10:22:58 INFO  Reusables:53 - output.txt is still empty
2024-07-24 10:22:58 INFO  Reusables:53 - output.txt is still empty
2024-07-24 10:22:58 INFO  Reusables:53 - output.txt is still empty
2024-07-24 10:22:58 INFO  Reusables:53 - output.txt is still empty
2024-07-24 10:22:58 INFO  Reusables:53 - output.txt is still empty
2024-07-24 10:22:58 INFO  Reusables:53 - output.txt is still empty
2024-07-24 10:22:58 INFO  Reusables:53 - output.txt is still empty
2024-07-24 10:22:58 INFO  Reusables:53 - output.txt is still empty
2024-07-24 10:22:58 INFO  Reusables:53 - output.txt is still empty
2024-07-24 10:22:58 INFO  Reusables:53 - output.txt is still empty
2024-07-24 10:22:58 INFO  Reusables:53 - output.txt is still empty
2024-07-24 10:22:58 INFO  Reusables:53 - output.txt is still empty
2024-07-24 10:22:58 INFO  Reusables:53 - output.txt is still empty
2024-07-24 10:22:58 INFO  Reusables:53 - output.txt is still empty
2024-07-24 10:22:58 INFO  Reusables:53 - output.txt is still empty
2024-07-24 10:22:58 INFO  Reusables:53 - output.txt is still empty
2024-07-24 10:22:58 INFO  Reusables:53 - output.txt is still empty
2024-07-24 10:22:58 INFO  Reusables:53 - output.txt is still empty
2024-07-24 10:22:58 INFO  Reusables:53 - output.txt is still empty
2024-07-24 10:22:58 INFO  Reusables:53 - output.txt is still empty
2024-07-24 10:22:58 INFO  Reusables:53 - output.txt is still empty
2024-07-24 10:22:58 INFO  Reusables:53 - output.txt is still empty
2024-07-24 10:22:58 INFO  Reusables:53 - output.txt is still empty
2024-07-24 10:22:58 INFO  Reusables:53 - output.txt is still empty
2024-07-24 10:22:58 INFO  Reusables:53 - output.txt is still empty
2024-07-24 10:22:58 INFO  Reusables:53 - output.txt is still empty
2024-07-24 10:22:58 INFO  Reusables:53 - output.txt is still empty
2024-07-24 10:22:58 INFO  Reusables:53 - output.txt is still empty
2024-07-24 10:22:58 INFO  Reusables:53 - output.txt is still empty
2024-07-24 10:22:58 INFO  Reusables:53 - output.txt is still empty
2024-07-24 10:22:58 INFO  Reusables:53 - output.txt is still empty
2024-07-24 10:22:58 INFO  Reusables:53 - output.txt is still empty
2024-07-24 10:22:58 INFO  Reusables:53 - output.txt is still empty
2024-07-24 10:22:58 INFO  Reusables:53 - output.txt is still empty
2024-07-24 10:22:58 INFO  Reusables:53 - output.txt is still empty
2024-07-24 10:22:58 INFO  Reusables:53 - output.txt is still empty
2024-07-24 10:22:58 INFO  Reusables:53 - output.txt is still empty
2024-07-24 10:22:58 INFO  Reusables:53 - output.txt is still empty
2024-07-24 10:22:58 INFO  Reusables:53 - output.txt is still empty
2024-07-24 10:22:58 INFO  Reusables:53 - output.txt is still empty
2024-07-24 10:22:58 INFO  Reusables:53 - output.txt is still empty
2024-07-24 10:22:58 INFO  Reusables:53 - output.txt is still empty
2024-07-24 10:22:58 INFO  Reusables:53 - output.txt is still empty
2024-07-24 10:22:58 INFO  Reusables:53 - output.txt is still empty
2024-07-24 10:22:58 INFO  Reusables:53 - output.txt is still empty
2024-07-24 10:22:58 INFO  Reusables:53 - output.txt is still empty
2024-07-24 10:22:58 INFO  Reusables:53 - output.txt is still empty
2024-07-24 10:22:58 INFO  Reusables:53 - output.txt is still empty
2024-07-24 10:22:58 INFO  Reusables:53 - output.txt is still empty
2024-07-24 10:22:58 INFO  Reusables:53 - output.txt is still empty
2024-07-24 10:22:58 INFO  Reusables:53 - output.txt is still empty
2024-07-24 10:22:58 INFO  Reusables:53 - output.txt is still empty
2024-07-24 10:22:58 INFO  Reusables:53 - output.txt is still empty
2024-07-24 10:22:58 INFO  Reusables:53 - output.txt is still empty
2024-07-24 10:22:58 INFO  Reusables:53 - output.txt is still empty
2024-07-24 10:22:58 INFO  Reusables:53 - output.txt is still empty
2024-07-24 10:22:58 INFO  Reusables:53 - output.txt is still empty
2024-07-24 10:22:58 INFO  Reusables:53 - output.txt is still empty
2024-07-24 10:22:58 INFO  Reusables:53 - output.txt is still empty
2024-07-24 10:22:58 INFO  Reusables:53 - output.txt is still empty
2024-07-24 10:22:58 INFO  Reusables:53 - output.txt is still empty
2024-07-24 10:22:58 INFO  Reusables:53 - output.txt is still empty
2024-07-24 10:22:58 INFO  Reusables:53 - output.txt is still empty
2024-07-24 10:22:58 INFO  Reusables:53 - output.txt is still empty
2024-07-24 10:22:58 INFO  Reusables:53 - output.txt is still empty
2024-07-24 10:22:58 INFO  Reusables:53 - output.txt is still empty
2024-07-24 10:22:58 INFO  Reusables:53 - output.txt is still empty
2024-07-24 10:22:58 INFO  Reusables:53 - output.txt is still empty
2024-07-24 10:22:58 INFO  Reusables:53 - output.txt is still empty
2024-07-24 10:22:58 INFO  Reusables:53 - output.txt is still empty
2024-07-24 10:22:58 INFO  Reusables:53 - output.txt is still empty
2024-07-24 10:22:58 INFO  Reusables:53 - output.txt is still empty
2024-07-24 10:22:58 INFO  Reusables:53 - output.txt is still empty
2024-07-24 10:22:58 INFO  Reusables:53 - output.txt is still empty
2024-07-24 10:22:58 INFO  Reusables:53 - output.txt is still empty
2024-07-24 10:22:58 INFO  Reusables:53 - output.txt is still empty
2024-07-24 10:22:58 INFO  Reusables:53 - output.txt is still empty
2024-07-24 10:22:58 INFO  Reusables:53 - output.txt is still empty
2024-07-24 10:22:58 INFO  Reusables:53 - output.txt is still empty
2024-07-24 10:22:58 INFO  Reusables:53 - output.txt is still empty
2024-07-24 10:22:58 INFO  Reusables:53 - output.txt is still empty
2024-07-24 10:22:58 INFO  Reusables:53 - output.txt is still empty
2024-07-24 10:22:58 INFO  Reusables:53 - output.txt is still empty
2024-07-24 10:22:58 INFO  Reusables:53 - output.txt is still empty
2024-07-24 10:22:58 INFO  Reusables:53 - output.txt is still empty
2024-07-24 10:22:58 INFO  Reusables:53 - output.txt is still empty
2024-07-24 10:22:58 INFO  Reusables:53 - output.txt is still empty
2024-07-24 10:22:58 INFO  Reusables:53 - output.txt is still empty
2024-07-24 10:22:58 INFO  Reusables:53 - output.txt is still empty
2024-07-24 10:22:58 INFO  Reusables:53 - output.txt is still empty
2024-07-24 10:22:58 INFO  Reusables:53 - output.txt is still empty
2024-07-24 10:22:58 INFO  Reusables:53 - output.txt is still empty
2024-07-24 10:22:58 INFO  Reusables:53 - output.txt is still empty
2024-07-24 10:22:58 INFO  Reusables:53 - output.txt is still empty
2024-07-24 10:22:58 INFO  Reusables:53 - output.txt is still empty
2024-07-24 10:22:58 INFO  Reusables:53 - output.txt is still empty
2024-07-24 10:22:58 INFO  Reusables:53 - output.txt is still empty
2024-07-24 10:22:58 INFO  Reusables:53 - output.txt is still empty
2024-07-24 10:22:58 INFO  Reusables:53 - output.txt is still empty
2024-07-24 10:22:58 INFO  Reusables:53 - output.txt is still empty
2024-07-24 10:22:58 INFO  Reusables:53 - output.txt is still empty
2024-07-24 10:22:58 INFO  Reusables:53 - output.txt is still empty
2024-07-24 10:22:58 INFO  Reusables:53 - output.txt is still empty
2024-07-24 10:22:58 INFO  Reusables:53 - output.txt is still empty
2024-07-24 10:22:58 INFO  Reusables:53 - output.txt is still empty
2024-07-24 10:22:58 INFO  Reusables:53 - output.txt is still empty
2024-07-24 10:22:58 INFO  Reusables:53 - output.txt is still empty
2024-07-24 10:22:58 INFO  Reusables:53 - output.txt is still empty
2024-07-24 10:22:58 INFO  Reusables:53 - output.txt is still empty
2024-07-24 10:22:58 INFO  Reusables:53 - output.txt is still empty
2024-07-24 10:22:58 INFO  Reusables:53 - output.txt is still empty
2024-07-24 10:22:58 INFO  Reusables:53 - output.txt is still empty
2024-07-24 10:22:58 INFO  Reusables:53 - output.txt is still empty
2024-07-24 10:22:58 INFO  Reusables:53 - output.txt is still empty
2024-07-24 10:22:58 INFO  Reusables:53 - output.txt is still empty
2024-07-24 10:22:58 INFO  Reusables:53 - output.txt is still empty
2024-07-24 10:22:58 INFO  Reusables:53 - output.txt is still empty
2024-07-24 10:22:58 INFO  Reusables:53 - output.txt is still empty
2024-07-24 10:22:58 INFO  Reusables:53 - output.txt is still empty
2024-07-24 10:22:58 INFO  Reusables:53 - output.txt is still empty
2024-07-24 10:22:58 INFO  Reusables:53 - output.txt is still empty
2024-07-24 10:22:58 INFO  Reusables:53 - output.txt is still empty
2024-07-24 10:22:58 INFO  Reusables:53 - output.txt is still empty
2024-07-24 10:22:58 INFO  Reusables:53 - output.txt is still empty
2024-07-24 10:22:58 INFO  Reusables:53 - output.txt is still empty
2024-07-24 10:22:58 INFO  Reusables:53 - output.txt is still empty
2024-07-24 10:22:58 INFO  Reusables:53 - output.txt is still empty
2024-07-24 10:22:58 INFO  Reusables:53 - output.txt is still empty
2024-07-24 10:22:58 INFO  Reusables:53 - output.txt is still empty
2024-07-24 10:22:58 INFO  Reusables:53 - output.txt is still empty
2024-07-24 10:22:58 INFO  Reusables:53 - output.txt is still empty
2024-07-24 10:22:58 INFO  Reusables:53 - output.txt is still empty
2024-07-24 10:22:58 INFO  Reusables:53 - output.txt is still empty
2024-07-24 10:22:58 INFO  Reusables:53 - output.txt is still empty
2024-07-24 10:22:58 INFO  Reusables:53 - output.txt is still empty
2024-07-24 10:22:58 INFO  Reusables:53 - output.txt is still empty
2024-07-24 10:22:58 INFO  Reusables:53 - output.txt is still empty
2024-07-24 10:22:58 INFO  Reusables:53 - output.txt is still empty
2024-07-24 10:22:58 INFO  Reusables:53 - output.txt is still empty
2024-07-24 10:22:58 INFO  Reusables:53 - output.txt is still empty
2024-07-24 10:22:58 INFO  Reusables:53 - output.txt is still empty
2024-07-24 10:22:58 INFO  Reusables:53 - output.txt is still empty
2024-07-24 10:22:58 INFO  Reusables:53 - output.txt is still empty
2024-07-24 10:22:58 INFO  Reusables:53 - output.txt is still empty
2024-07-24 10:22:58 INFO  Reusables:53 - output.txt is still empty
2024-07-24 10:22:58 INFO  Reusables:53 - output.txt is still empty
2024-07-24 10:22:58 INFO  Reusables:53 - output.txt is still empty
2024-07-24 10:22:58 INFO  Reusables:53 - output.txt is still empty
2024-07-24 10:22:58 INFO  Reusables:53 - output.txt is still empty
2024-07-24 10:22:58 INFO  Reusables:53 - output.txt is still empty
2024-07-24 10:22:58 INFO  Reusables:53 - output.txt is still empty
2024-07-24 10:22:58 INFO  Reusables:53 - output.txt is still empty
2024-07-24 10:22:58 INFO  Reusables:53 - output.txt is still empty
2024-07-24 10:22:58 INFO  Reusables:53 - output.txt is still empty
2024-07-24 10:22:58 INFO  Reusables:53 - output.txt is still empty
2024-07-24 10:22:58 INFO  Reusables:53 - output.txt is still empty
2024-07-24 10:22:58 INFO  Reusables:53 - output.txt is still empty
2024-07-24 10:22:58 INFO  Reusables:53 - output.txt is still empty
2024-07-24 10:22:58 INFO  Reusables:53 - output.txt is still empty
2024-07-24 10:22:58 INFO  Reusables:53 - output.txt is still empty
2024-07-24 10:22:58 INFO  Reusables:53 - output.txt is still empty
2024-07-24 10:22:58 INFO  Reusables:53 - output.txt is still empty
2024-07-24 10:22:58 INFO  Reusables:53 - output.txt is still empty
2024-07-24 10:22:58 INFO  Reusables:53 - output.txt is still empty
2024-07-24 10:22:58 INFO  Reusables:53 - output.txt is still empty
2024-07-24 10:22:58 INFO  Reusables:53 - output.txt is still empty
2024-07-24 10:22:58 INFO  Reusables:53 - output.txt is still empty
2024-07-24 10:22:58 INFO  Reusables:53 - output.txt is still empty
2024-07-24 10:22:58 INFO  Reusables:53 - output.txt is still empty
2024-07-24 10:22:58 INFO  Reusables:53 - output.txt is still empty
2024-07-24 10:22:58 INFO  Reusables:53 - output.txt is still empty
2024-07-24 10:22:58 INFO  Reusables:53 - output.txt is still empty
2024-07-24 10:22:58 INFO  Reusables:53 - output.txt is still empty
2024-07-24 10:22:58 INFO  Reusables:53 - output.txt is still empty
2024-07-24 10:22:58 INFO  Reusables:53 - output.txt is still empty
2024-07-24 10:22:58 INFO  Reusables:53 - output.txt is still empty
2024-07-24 10:22:58 INFO  Reusables:53 - output.txt is still empty
2024-07-24 10:22:58 INFO  Reusables:53 - output.txt is still empty
2024-07-24 10:22:58 INFO  Reusables:53 - output.txt is still empty
2024-07-24 10:22:58 INFO  Reusables:53 - output.txt is still empty
2024-07-24 10:22:58 INFO  Reusables:53 - output.txt is still empty
2024-07-24 10:22:58 INFO  Reusables:53 - output.txt is still empty
2024-07-24 10:22:58 INFO  Reusables:53 - output.txt is still empty
2024-07-24 10:22:58 INFO  Reusables:53 - output.txt is still empty
2024-07-24 10:22:58 INFO  Reusables:53 - output.txt is still empty
2024-07-24 10:22:58 INFO  Reusables:53 - output.txt is still empty
2024-07-24 10:22:58 INFO  Reusables:53 - output.txt is still empty
2024-07-24 10:22:58 INFO  Reusables:53 - output.txt is still empty
2024-07-24 10:22:58 INFO  Reusables:53 - output.txt is still empty
2024-07-24 10:22:58 INFO  Reusables:53 - output.txt is still empty
2024-07-24 10:22:58 INFO  Reusables:53 - output.txt is still empty
2024-07-24 10:22:58 INFO  Reusables:53 - output.txt is still empty
2024-07-24 10:22:58 INFO  Reusables:53 - output.txt is still empty
2024-07-24 10:22:58 INFO  Reusables:53 - output.txt is still empty
2024-07-24 10:22:58 INFO  Reusables:53 - output.txt is still empty
2024-07-24 10:22:58 INFO  Reusables:53 - output.txt is still empty
2024-07-24 10:22:58 INFO  Reusables:53 - output.txt is still empty
2024-07-24 10:22:58 INFO  Reusables:53 - output.txt is still empty
2024-07-24 10:22:58 INFO  Reusables:53 - output.txt is still empty
2024-07-24 10:22:58 INFO  Reusables:53 - output.txt is still empty
2024-07-24 10:22:58 INFO  Reusables:53 - output.txt is still empty
2024-07-24 10:22:58 INFO  Reusables:53 - output.txt is still empty
2024-07-24 10:22:58 INFO  Reusables:53 - output.txt is still empty
2024-07-24 10:22:58 INFO  Reusables:53 - output.txt is still empty
2024-07-24 10:22:58 INFO  Reusables:53 - output.txt is still empty
2024-07-24 10:22:58 INFO  Reusables:53 - output.txt is still empty
2024-07-24 10:22:58 INFO  Reusables:53 - output.txt is still empty
2024-07-24 10:22:58 INFO  Reusables:53 - output.txt is still empty
2024-07-24 10:22:58 INFO  Reusables:53 - output.txt is still empty
2024-07-24 10:22:58 INFO  Reusables:53 - output.txt is still empty
2024-07-24 10:22:58 INFO  Reusables:53 - output.txt is still empty
2024-07-24 10:22:58 INFO  Reusables:53 - output.txt is still empty
2024-07-24 10:22:58 INFO  Reusables:53 - output.txt is still empty
2024-07-24 10:22:58 INFO  Reusables:53 - output.txt is still empty
2024-07-24 10:22:58 INFO  Reusables:53 - output.txt is still empty
2024-07-24 10:22:58 INFO  Reusables:53 - output.txt is still empty
2024-07-24 10:22:58 INFO  Reusables:53 - output.txt is still empty
2024-07-24 10:22:58 INFO  Reusables:53 - output.txt is still empty
2024-07-24 10:22:58 INFO  Reusables:53 - output.txt is still empty
2024-07-24 10:22:58 INFO  Reusables:53 - output.txt is still empty
2024-07-24 10:22:58 INFO  Reusables:53 - output.txt is still empty
2024-07-24 10:22:58 INFO  Reusables:53 - output.txt is still empty
2024-07-24 10:22:58 INFO  Reusables:53 - output.txt is still empty
2024-07-24 10:22:58 INFO  Reusables:53 - output.txt is still empty
2024-07-24 10:22:58 INFO  Reusables:53 - output.txt is still empty
2024-07-24 10:22:58 INFO  Reusables:53 - output.txt is still empty
2024-07-24 10:22:58 INFO  Reusables:53 - output.txt is still empty
2024-07-24 10:22:58 INFO  Reusables:53 - output.txt is still empty
2024-07-24 10:22:58 INFO  Reusables:53 - output.txt is still empty
2024-07-24 10:22:58 INFO  Reusables:53 - output.txt is still empty
2024-07-24 10:22:58 INFO  Reusables:53 - output.txt is still empty
2024-07-24 10:22:58 INFO  Reusables:53 - output.txt is still empty
2024-07-24 10:22:58 INFO  Reusables:53 - output.txt is still empty
2024-07-24 10:22:58 INFO  Reusables:53 - output.txt is still empty
2024-07-24 10:22:58 INFO  Reusables:53 - output.txt is still empty
2024-07-24 10:22:58 INFO  Reusables:53 - output.txt is still empty
2024-07-24 10:22:58 INFO  Reusables:53 - output.txt is still empty
2024-07-24 10:22:58 INFO  Reusables:53 - output.txt is still empty
2024-07-24 10:22:58 INFO  Reusables:53 - output.txt is still empty
2024-07-24 10:22:58 INFO  Reusables:53 - output.txt is still empty
2024-07-24 10:22:58 INFO  Reusables:53 - output.txt is still empty
2024-07-24 10:22:58 INFO  Reusables:53 - output.txt is still empty
2024-07-24 10:22:58 INFO  Reusables:53 - output.txt is still empty
2024-07-24 10:22:58 INFO  Reusables:53 - output.txt is still empty
2024-07-24 10:22:58 INFO  Reusables:53 - output.txt is still empty
2024-07-24 10:22:58 INFO  Reusables:53 - output.txt is still empty
2024-07-24 10:22:58 INFO  Reusables:53 - output.txt is still empty
2024-07-24 10:22:58 INFO  Reusables:53 - output.txt is still empty
2024-07-24 10:22:58 INFO  Reusables:53 - output.txt is still empty
2024-07-24 10:22:58 INFO  Reusables:53 - output.txt is still empty
2024-07-24 10:22:58 INFO  Reusables:53 - output.txt is still empty
2024-07-24 10:22:58 INFO  Reusables:53 - output.txt is still empty
2024-07-24 10:22:58 INFO  Reusables:53 - output.txt is still empty
2024-07-24 10:22:58 INFO  Reusables:53 - output.txt is still empty
2024-07-24 10:22:58 INFO  Reusables:53 - output.txt is still empty
2024-07-24 10:22:58 INFO  Reusables:53 - output.txt is still empty
2024-07-24 10:22:58 INFO  Reusables:53 - output.txt is still empty
2024-07-24 10:22:58 INFO  Reusables:53 - output.txt is still empty
2024-07-24 10:22:58 INFO  Reusables:53 - output.txt is still empty
2024-07-24 10:22:58 INFO  Reusables:53 - output.txt is still empty
2024-07-24 10:22:58 INFO  Reusables:53 - output.txt is still empty
2024-07-24 10:22:58 INFO  Reusables:53 - output.txt is still empty
2024-07-24 10:22:58 INFO  Reusables:53 - output.txt is still empty
2024-07-24 10:22:58 INFO  Reusables:53 - output.txt is still empty
2024-07-24 10:22:58 INFO  Reusables:53 - output.txt is still empty
2024-07-24 10:22:58 INFO  Reusables:53 - output.txt is still empty
2024-07-24 10:22:58 INFO  Reusables:53 - output.txt is still empty
2024-07-24 10:22:58 INFO  Reusables:53 - output.txt is still empty
2024-07-24 10:22:58 INFO  Reusables:53 - output.txt is still empty
2024-07-24 10:22:58 INFO  Reusables:53 - output.txt is still empty
2024-07-24 10:22:58 INFO  Reusables:53 - output.txt is still empty
2024-07-24 10:22:58 INFO  Reusables:53 - output.txt is still empty
2024-07-24 10:22:58 INFO  Reusables:53 - output.txt is still empty
2024-07-24 10:22:58 INFO  Reusables:53 - output.txt is still empty
2024-07-24 10:22:58 INFO  Reusables:53 - output.txt is still empty
2024-07-24 10:22:58 INFO  Reusables:53 - output.txt is still empty
2024-07-24 10:22:58 INFO  Reusables:53 - output.txt is still empty
2024-07-24 10:22:58 INFO  Reusables:53 - output.txt is still empty
2024-07-24 10:22:58 INFO  Reusables:53 - output.txt is still empty
2024-07-24 10:22:58 INFO  Reusables:53 - output.txt is still empty
2024-07-24 10:22:58 INFO  Reusables:53 - output.txt is still empty
2024-07-24 10:22:58 INFO  Reusables:53 - output.txt is still empty
2024-07-24 10:22:58 INFO  Reusables:53 - output.txt is still empty
2024-07-24 10:22:58 INFO  Reusables:53 - output.txt is still empty
2024-07-24 10:22:58 INFO  Reusables:53 - output.txt is still empty
2024-07-24 10:22:58 INFO  Reusables:53 - output.txt is still empty
2024-07-24 10:22:58 INFO  Reusables:53 - output.txt is still empty
2024-07-24 10:22:58 INFO  Reusables:53 - output.txt is still empty
2024-07-24 10:22:58 INFO  Reusables:53 - output.txt is still empty
2024-07-24 10:22:58 INFO  Reusables:53 - output.txt is still empty
2024-07-24 10:22:58 INFO  Reusables:53 - output.txt is still empty
2024-07-24 10:22:58 INFO  Reusables:53 - output.txt is still empty
2024-07-24 10:22:58 INFO  Reusables:53 - output.txt is still empty
2024-07-24 10:22:58 INFO  Reusables:53 - output.txt is still empty
2024-07-24 10:22:58 INFO  Reusables:53 - output.txt is still empty
2024-07-24 10:22:58 INFO  Reusables:53 - output.txt is still empty
2024-07-24 10:22:58 INFO  Reusables:53 - output.txt is still empty
2024-07-24 10:22:58 INFO  Reusables:53 - output.txt is still empty
2024-07-24 10:22:58 INFO  Reusables:53 - output.txt is still empty
2024-07-24 10:22:58 INFO  Reusables:53 - output.txt is still empty
2024-07-24 10:22:58 INFO  Reusables:53 - output.txt is still empty
2024-07-24 10:22:58 INFO  Reusables:53 - output.txt is still empty
2024-07-24 10:22:58 INFO  Reusables:53 - output.txt is still empty
2024-07-24 10:22:58 INFO  Reusables:53 - output.txt is still empty
2024-07-24 10:22:58 INFO  Reusables:53 - output.txt is still empty
2024-07-24 10:22:58 INFO  Reusables:53 - output.txt is still empty
2024-07-24 10:22:58 INFO  Reusables:53 - output.txt is still empty
2024-07-24 10:22:58 INFO  Reusables:53 - output.txt is still empty
2024-07-24 10:22:58 INFO  Reusables:53 - output.txt is still empty
2024-07-24 10:22:58 INFO  Reusables:53 - output.txt is still empty
2024-07-24 10:22:58 INFO  Reusables:53 - output.txt is still empty
2024-07-24 10:22:58 INFO  Reusables:53 - output.txt is still empty
2024-07-24 10:22:58 INFO  Reusables:53 - output.txt is still empty
2024-07-24 10:22:58 INFO  Reusables:53 - output.txt is still empty
2024-07-24 10:22:58 INFO  Reusables:53 - output.txt is still empty
2024-07-24 10:22:58 INFO  Reusables:53 - output.txt is still empty
2024-07-24 10:22:58 INFO  Reusables:53 - output.txt is still empty
2024-07-24 10:22:58 INFO  Reusables:53 - output.txt is still empty
2024-07-24 10:22:58 INFO  Reusables:53 - output.txt is still empty
2024-07-24 10:22:58 INFO  Reusables:53 - output.txt is still empty
2024-07-24 10:22:58 INFO  Reusables:53 - output.txt is still empty
2024-07-24 10:22:58 INFO  Reusables:53 - output.txt is still empty
2024-07-24 10:22:58 INFO  Reusables:53 - output.txt is still empty
2024-07-24 10:22:58 INFO  Reusables:53 - output.txt is still empty
2024-07-24 10:22:58 INFO  Reusables:53 - output.txt is still empty
2024-07-24 10:22:58 INFO  Reusables:53 - output.txt is still empty
2024-07-24 10:22:58 INFO  Reusables:53 - output.txt is still empty
2024-07-24 10:22:58 INFO  Reusables:53 - output.txt is still empty
2024-07-24 10:22:58 INFO  Reusables:53 - output.txt is still empty
2024-07-24 10:22:58 INFO  Reusables:53 - output.txt is still empty
2024-07-24 10:22:58 INFO  Reusables:53 - output.txt is still empty
2024-07-24 10:22:58 INFO  Reusables:53 - output.txt is still empty
2024-07-24 10:22:58 INFO  Reusables:53 - output.txt is still empty
2024-07-24 10:22:58 INFO  Reusables:53 - output.txt is still empty
2024-07-24 10:22:58 INFO  Reusables:53 - output.txt is still empty
2024-07-24 10:22:58 INFO  Reusables:53 - output.txt is still empty
2024-07-24 10:22:58 INFO  Reusables:53 - output.txt is still empty
2024-07-24 10:22:58 INFO  Reusables:53 - output.txt is still empty
2024-07-24 10:22:58 INFO  Reusables:53 - output.txt is still empty
2024-07-24 10:22:58 INFO  Reusables:53 - output.txt is still empty
2024-07-24 10:22:58 INFO  Reusables:53 - output.txt is still empty
2024-07-24 10:22:58 INFO  Reusables:53 - output.txt is still empty
2024-07-24 10:22:58 INFO  Reusables:53 - output.txt is still empty
2024-07-24 10:22:58 INFO  Reusables:53 - output.txt is still empty
2024-07-24 10:22:58 INFO  Reusables:53 - output.txt is still empty
2024-07-24 10:22:58 INFO  Reusables:53 - output.txt is still empty
2024-07-24 10:22:58 INFO  Reusables:53 - output.txt is still empty
2024-07-24 10:22:58 INFO  Reusables:53 - output.txt is still empty
2024-07-24 10:22:58 INFO  Reusables:53 - output.txt is still empty
2024-07-24 10:22:58 INFO  Reusables:53 - output.txt is still empty
2024-07-24 10:22:58 INFO  Reusables:53 - output.txt is still empty
2024-07-24 10:22:58 INFO  Reusables:53 - output.txt is still empty
2024-07-24 10:22:58 INFO  Reusables:53 - output.txt is still empty
2024-07-24 10:22:58 INFO  Reusables:53 - output.txt is still empty
2024-07-24 10:22:58 INFO  Reusables:53 - output.txt is still empty
2024-07-24 10:22:58 INFO  Reusables:53 - output.txt is still empty
2024-07-24 10:22:58 INFO  Reusables:53 - output.txt is still empty
2024-07-24 10:22:58 INFO  Reusables:53 - output.txt is still empty
2024-07-24 10:22:58 INFO  Reusables:53 - output.txt is still empty
2024-07-24 10:22:58 INFO  Reusables:53 - output.txt is still empty
2024-07-24 10:22:58 INFO  Reusables:53 - output.txt is still empty
2024-07-24 10:22:58 INFO  Reusables:53 - output.txt is still empty
2024-07-24 10:22:58 INFO  Reusables:53 - output.txt is still empty
2024-07-24 10:22:58 INFO  Reusables:53 - output.txt is still empty
2024-07-24 10:22:58 INFO  Reusables:53 - output.txt is still empty
2024-07-24 10:22:58 INFO  Reusables:53 - output.txt is still empty
2024-07-24 10:22:58 INFO  Reusables:53 - output.txt is still empty
2024-07-24 10:22:58 INFO  Reusables:53 - output.txt is still empty
2024-07-24 10:22:58 INFO  Reusables:53 - output.txt is still empty
2024-07-24 10:22:58 INFO  Reusables:53 - output.txt is still empty
2024-07-24 10:22:58 INFO  Reusables:53 - output.txt is still empty
2024-07-24 10:22:58 INFO  Reusables:53 - output.txt is still empty
2024-07-24 10:22:58 INFO  Reusables:53 - output.txt is still empty
2024-07-24 10:22:58 INFO  Reusables:53 - output.txt is still empty
2024-07-24 10:22:58 INFO  Reusables:53 - output.txt is still empty
2024-07-24 10:22:58 INFO  Reusables:53 - output.txt is still empty
2024-07-24 10:22:58 INFO  Reusables:53 - output.txt is still empty
2024-07-24 10:22:58 INFO  Reusables:53 - output.txt is still empty
2024-07-24 10:22:58 INFO  Reusables:53 - output.txt is still empty
2024-07-24 10:22:58 INFO  Reusables:53 - output.txt is still empty
2024-07-24 10:22:58 INFO  Reusables:53 - output.txt is still empty
2024-07-24 10:22:58 INFO  Reusables:53 - output.txt is still empty
2024-07-24 10:22:58 INFO  Reusables:53 - output.txt is still empty
2024-07-24 10:22:58 INFO  Reusables:53 - output.txt is still empty
2024-07-24 10:22:58 INFO  Reusables:53 - output.txt is still empty
2024-07-24 10:22:58 INFO  Reusables:53 - output.txt is still empty
2024-07-24 10:22:58 INFO  Reusables:53 - output.txt is still empty
2024-07-24 10:22:58 INFO  Reusables:53 - output.txt is still empty
2024-07-24 10:22:58 INFO  Reusables:53 - output.txt is still empty
2024-07-24 10:22:58 INFO  Reusables:53 - output.txt is still empty
2024-07-24 10:22:58 INFO  Reusables:53 - output.txt is still empty
2024-07-24 10:22:58 INFO  Reusables:53 - output.txt is still empty
2024-07-24 10:22:58 INFO  Reusables:53 - output.txt is still empty
2024-07-24 10:22:58 INFO  Reusables:53 - output.txt is still empty
2024-07-24 10:22:58 INFO  Reusables:53 - output.txt is still empty
2024-07-24 10:22:58 INFO  Reusables:53 - output.txt is still empty
2024-07-24 10:22:58 INFO  Reusables:53 - output.txt is still empty
2024-07-24 10:22:58 INFO  Reusables:53 - output.txt is still empty
2024-07-24 10:22:58 INFO  Reusables:53 - output.txt is still empty
2024-07-24 10:22:58 INFO  Reusables:53 - output.txt is still empty
2024-07-24 10:22:58 INFO  Reusables:53 - output.txt is still empty
2024-07-24 10:22:58 INFO  Reusables:53 - output.txt is still empty
2024-07-24 10:22:58 INFO  Reusables:53 - output.txt is still empty
2024-07-24 10:22:58 INFO  Reusables:53 - output.txt is still empty
2024-07-24 10:22:58 INFO  Reusables:53 - output.txt is still empty
2024-07-24 10:22:58 INFO  Reusables:53 - output.txt is still empty
2024-07-24 10:22:58 INFO  Reusables:53 - output.txt is still empty
2024-07-24 10:22:58 INFO  Reusables:53 - output.txt is still empty
2024-07-24 10:22:58 INFO  Reusables:53 - output.txt is still empty
2024-07-24 10:22:58 INFO  Reusables:53 - output.txt is still empty
2024-07-24 10:22:58 INFO  Reusables:53 - output.txt is still empty
2024-07-24 10:22:58 INFO  Reusables:53 - output.txt is still empty
2024-07-24 10:22:58 INFO  Reusables:53 - output.txt is still empty
2024-07-24 10:22:58 INFO  Reusables:53 - output.txt is still empty
2024-07-24 10:22:58 INFO  Reusables:53 - output.txt is still empty
2024-07-24 10:22:58 INFO  Reusables:53 - output.txt is still empty
2024-07-24 10:22:58 INFO  Reusables:53 - output.txt is still empty
2024-07-24 10:22:58 INFO  Reusables:53 - output.txt is still empty
2024-07-24 10:22:58 INFO  Reusables:53 - output.txt is still empty
2024-07-24 10:22:58 INFO  Reusables:53 - output.txt is still empty
2024-07-24 10:22:58 INFO  Reusables:53 - output.txt is still empty
2024-07-24 10:22:58 INFO  Reusables:53 - output.txt is still empty
2024-07-24 10:22:58 INFO  Reusables:53 - output.txt is still empty
2024-07-24 10:22:58 INFO  Reusables:53 - output.txt is still empty
2024-07-24 10:22:58 INFO  Reusables:53 - output.txt is still empty
2024-07-24 10:22:58 INFO  Reusables:53 - output.txt is still empty
2024-07-24 10:22:58 INFO  Reusables:53 - output.txt is still empty
2024-07-24 10:22:58 INFO  Reusables:53 - output.txt is still empty
2024-07-24 10:22:58 INFO  Reusables:53 - output.txt is still empty
2024-07-24 10:22:58 INFO  Reusables:53 - output.txt is still empty
2024-07-24 10:22:58 INFO  Reusables:53 - output.txt is still empty
2024-07-24 10:22:58 INFO  Reusables:53 - output.txt is still empty
2024-07-24 10:22:58 INFO  Reusables:53 - output.txt is still empty
2024-07-24 10:22:58 INFO  Reusables:53 - output.txt is still empty
2024-07-24 10:22:58 INFO  Reusables:53 - output.txt is still empty
2024-07-24 10:22:58 INFO  Reusables:53 - output.txt is still empty
2024-07-24 10:22:58 INFO  Reusables:53 - output.txt is still empty
2024-07-24 10:22:58 INFO  Reusables:53 - output.txt is still empty
2024-07-24 10:22:58 INFO  Reusables:53 - output.txt is still empty
2024-07-24 10:22:58 INFO  Reusables:53 - output.txt is still empty
2024-07-24 10:22:58 INFO  Reusables:53 - output.txt is still empty
2024-07-24 10:22:58 INFO  Reusables:53 - output.txt is still empty
2024-07-24 10:22:58 INFO  Reusables:53 - output.txt is still empty
2024-07-24 10:22:58 INFO  Reusables:53 - output.txt is still empty
2024-07-24 10:22:58 INFO  Reusables:53 - output.txt is still empty
2024-07-24 10:22:58 INFO  Reusables:53 - output.txt is still empty
2024-07-24 10:22:58 INFO  Reusables:53 - output.txt is still empty
2024-07-24 10:22:58 INFO  Reusables:53 - output.txt is still empty
2024-07-24 10:22:58 INFO  Reusables:53 - output.txt is still empty
2024-07-24 10:22:58 INFO  Reusables:53 - output.txt is still empty
2024-07-24 10:22:58 INFO  Reusables:53 - output.txt is still empty
2024-07-24 10:22:58 INFO  Reusables:53 - output.txt is still empty
2024-07-24 10:22:58 INFO  Reusables:53 - output.txt is still empty
2024-07-24 10:22:58 INFO  Reusables:53 - output.txt is still empty
2024-07-24 10:22:58 INFO  Reusables:53 - output.txt is still empty
2024-07-24 10:22:58 INFO  Reusables:53 - output.txt is still empty
2024-07-24 10:22:58 INFO  Reusables:53 - output.txt is still empty
2024-07-24 10:22:58 INFO  Reusables:53 - output.txt is still empty
2024-07-24 10:22:58 INFO  Reusables:53 - output.txt is still empty
2024-07-24 10:22:58 INFO  Reusables:53 - output.txt is still empty
2024-07-24 10:22:58 INFO  Reusables:53 - output.txt is still empty
2024-07-24 10:22:58 INFO  Reusables:53 - output.txt is still empty
2024-07-24 10:22:58 INFO  Reusables:53 - output.txt is still empty
2024-07-24 10:22:58 INFO  Reusables:53 - output.txt is still empty
2024-07-24 10:22:58 INFO  Reusables:53 - output.txt is still empty
2024-07-24 10:22:58 INFO  Reusables:53 - output.txt is still empty
2024-07-24 10:22:58 INFO  Reusables:53 - output.txt is still empty
2024-07-24 10:22:58 INFO  Reusables:53 - output.txt is still empty
2024-07-24 10:22:58 INFO  Reusables:53 - output.txt is still empty
2024-07-24 10:22:58 INFO  Reusables:53 - output.txt is still empty
2024-07-24 10:22:58 INFO  Reusables:53 - output.txt is still empty
2024-07-24 10:22:58 INFO  Reusables:53 - output.txt is still empty
2024-07-24 10:22:58 INFO  Reusables:53 - output.txt is still empty
2024-07-24 10:22:58 INFO  Reusables:53 - output.txt is still empty
2024-07-24 10:22:58 INFO  Reusables:53 - output.txt is still empty
2024-07-24 10:22:58 INFO  Reusables:53 - output.txt is still empty
2024-07-24 10:22:58 INFO  Reusables:53 - output.txt is still empty
2024-07-24 10:22:58 INFO  Reusables:53 - output.txt is still empty
2024-07-24 10:22:58 INFO  Reusables:53 - output.txt is still empty
2024-07-24 10:22:58 INFO  Reusables:53 - output.txt is still empty
2024-07-24 10:22:58 INFO  Reusables:53 - output.txt is still empty
2024-07-24 10:22:58 INFO  Reusables:53 - output.txt is still empty
2024-07-24 10:22:58 INFO  Reusables:53 - output.txt is still empty
2024-07-24 10:22:58 INFO  Reusables:53 - output.txt is still empty
2024-07-24 10:22:58 INFO  Reusables:53 - output.txt is still empty
2024-07-24 10:22:58 INFO  Reusables:53 - output.txt is still empty
2024-07-24 10:22:58 INFO  Reusables:53 - output.txt is still empty
2024-07-24 10:22:58 INFO  Reusables:53 - output.txt is still empty
2024-07-24 10:22:58 INFO  Reusables:53 - output.txt is still empty
2024-07-24 10:22:58 INFO  Reusables:53 - output.txt is still empty
2024-07-24 10:22:58 INFO  Reusables:53 - output.txt is still empty
2024-07-24 10:22:58 INFO  Reusables:53 - output.txt is still empty
2024-07-24 10:22:58 INFO  Reusables:53 - output.txt is still empty
2024-07-24 10:22:58 INFO  Reusables:53 - output.txt is still empty
2024-07-24 10:22:58 INFO  Reusables:53 - output.txt is still empty
2024-07-24 10:22:58 INFO  Reusables:53 - output.txt is still empty
2024-07-24 10:22:58 INFO  Reusables:53 - output.txt is still empty
2024-07-24 10:22:58 INFO  Reusables:53 - output.txt is still empty
2024-07-24 10:22:58 INFO  Reusables:53 - output.txt is still empty
2024-07-24 10:22:58 INFO  Reusables:53 - output.txt is still empty
2024-07-24 10:22:58 INFO  Reusables:53 - output.txt is still empty
2024-07-24 10:22:58 INFO  Reusables:53 - output.txt is still empty
2024-07-24 10:22:58 INFO  Reusables:53 - output.txt is still empty
2024-07-24 10:22:58 INFO  Reusables:53 - output.txt is still empty
2024-07-24 10:22:58 INFO  Reusables:53 - output.txt is still empty
2024-07-24 10:22:58 INFO  Reusables:53 - output.txt is still empty
2024-07-24 10:22:58 INFO  Reusables:53 - output.txt is still empty
2024-07-24 10:22:58 INFO  Reusables:53 - output.txt is still empty
2024-07-24 10:22:58 INFO  Reusables:53 - output.txt is still empty
2024-07-24 10:22:58 INFO  Reusables:53 - output.txt is still empty
2024-07-24 10:22:58 INFO  Reusables:53 - output.txt is still empty
2024-07-24 10:22:58 INFO  Reusables:53 - output.txt is still empty
2024-07-24 10:22:58 INFO  Reusables:53 - output.txt is still empty
2024-07-24 10:22:58 INFO  Reusables:53 - output.txt is still empty
2024-07-24 10:22:58 INFO  Reusables:53 - output.txt is still empty
2024-07-24 10:22:58 INFO  Reusables:53 - output.txt is still empty
2024-07-24 10:22:58 INFO  Reusables:53 - output.txt is still empty
2024-07-24 10:22:58 INFO  Reusables:53 - output.txt is still empty
2024-07-24 10:22:58 INFO  Reusables:53 - output.txt is still empty
2024-07-24 10:22:58 INFO  Reusables:53 - output.txt is still empty
2024-07-24 10:22:58 INFO  Reusables:53 - output.txt is still empty
2024-07-24 10:22:58 INFO  Reusables:53 - output.txt is still empty
2024-07-24 10:22:58 INFO  Reusables:53 - output.txt is still empty
2024-07-24 10:22:58 INFO  Reusables:53 - output.txt is still empty
2024-07-24 10:22:58 INFO  Reusables:53 - output.txt is still empty
2024-07-24 10:22:58 INFO  Reusables:53 - output.txt is still empty
2024-07-24 10:22:58 INFO  Reusables:53 - output.txt is still empty
2024-07-24 10:22:58 INFO  Reusables:53 - output.txt is still empty
2024-07-24 10:22:58 INFO  Reusables:53 - output.txt is still empty
2024-07-24 10:22:58 INFO  Reusables:53 - output.txt is still empty
2024-07-24 10:22:58 INFO  Reusables:53 - output.txt is still empty
2024-07-24 10:22:58 INFO  Reusables:53 - output.txt is still empty
2024-07-24 10:22:58 INFO  Reusables:53 - output.txt is still empty
2024-07-24 10:22:58 INFO  Reusables:53 - output.txt is still empty
2024-07-24 10:22:58 INFO  Reusables:53 - output.txt is still empty
2024-07-24 10:22:58 INFO  Reusables:53 - output.txt is still empty
2024-07-24 10:22:58 INFO  Reusables:53 - output.txt is still empty
2024-07-24 10:22:58 INFO  Reusables:53 - output.txt is still empty
2024-07-24 10:22:58 INFO  Reusables:53 - output.txt is still empty
2024-07-24 10:22:58 INFO  Reusables:53 - output.txt is still empty
2024-07-24 10:22:58 INFO  Reusables:53 - output.txt is still empty
2024-07-24 10:22:58 INFO  Reusables:53 - output.txt is still empty
2024-07-24 10:22:58 INFO  Reusables:53 - output.txt is still empty
2024-07-24 10:22:58 INFO  Reusables:53 - output.txt is still empty
2024-07-24 10:22:58 INFO  Reusables:53 - output.txt is still empty
2024-07-24 10:22:58 INFO  Reusables:53 - output.txt is still empty
2024-07-24 10:22:58 INFO  Reusables:53 - output.txt is still empty
2024-07-24 10:22:58 INFO  Reusables:53 - output.txt is still empty
2024-07-24 10:22:58 INFO  Reusables:53 - output.txt is still empty
2024-07-24 10:22:58 INFO  Reusables:53 - output.txt is still empty
2024-07-24 10:22:58 INFO  Reusables:53 - output.txt is still empty
2024-07-24 10:22:58 INFO  Reusables:53 - output.txt is still empty
2024-07-24 10:22:58 INFO  Reusables:53 - output.txt is still empty
2024-07-24 10:22:58 INFO  Reusables:53 - output.txt is still empty
2024-07-24 10:22:58 INFO  Reusables:53 - output.txt is still empty
2024-07-24 10:22:58 INFO  Reusables:53 - output.txt is still empty
2024-07-24 10:22:58 INFO  Reusables:53 - output.txt is still empty
2024-07-24 10:22:58 INFO  Reusables:53 - output.txt is still empty
2024-07-24 10:22:58 INFO  Reusables:53 - output.txt is still empty
2024-07-24 10:22:58 INFO  Reusables:53 - output.txt is still empty
2024-07-24 10:22:58 INFO  Reusables:53 - output.txt is still empty
2024-07-24 10:22:58 INFO  Reusables:53 - output.txt is still empty
2024-07-24 10:22:58 INFO  Reusables:53 - output.txt is still empty
2024-07-24 10:22:58 INFO  Reusables:53 - output.txt is still empty
2024-07-24 10:22:58 INFO  Reusables:53 - output.txt is still empty
2024-07-24 10:22:58 INFO  Reusables:53 - output.txt is still empty
2024-07-24 10:22:58 INFO  Reusables:53 - output.txt is still empty
2024-07-24 10:22:58 INFO  Reusables:53 - output.txt is still empty
2024-07-24 10:22:58 INFO  Reusables:53 - output.txt is still empty
2024-07-24 10:22:58 INFO  Reusables:53 - output.txt is still empty
2024-07-24 10:22:58 INFO  Reusables:53 - output.txt is still empty
2024-07-24 10:22:58 INFO  Reusables:53 - output.txt is still empty
2024-07-24 10:22:58 INFO  Reusables:53 - output.txt is still empty
2024-07-24 10:22:58 INFO  Reusables:53 - output.txt is still empty
2024-07-24 10:22:58 INFO  Reusables:53 - output.txt is still empty
2024-07-24 10:22:58 INFO  Reusables:53 - output.txt is still empty
2024-07-24 10:22:58 INFO  Reusables:53 - output.txt is still empty
2024-07-24 10:22:58 INFO  Reusables:53 - output.txt is still empty
2024-07-24 10:22:58 INFO  Reusables:53 - output.txt is still empty
2024-07-24 10:22:58 INFO  Reusables:53 - output.txt is still empty
2024-07-24 10:22:58 INFO  Reusables:53 - output.txt is still empty
2024-07-24 10:22:58 INFO  Reusables:53 - output.txt is still empty
2024-07-24 10:22:58 INFO  Reusables:53 - output.txt is still empty
2024-07-24 10:22:58 INFO  Reusables:53 - output.txt is still empty
2024-07-24 10:22:58 INFO  Reusables:53 - output.txt is still empty
2024-07-24 10:22:58 INFO  Reusables:53 - output.txt is still empty
2024-07-24 10:22:58 INFO  Reusables:53 - output.txt is still empty
2024-07-24 10:22:58 INFO  Reusables:53 - output.txt is still empty
2024-07-24 10:22:58 INFO  Reusables:53 - output.txt is still empty
2024-07-24 10:22:58 INFO  Reusables:53 - output.txt is still empty
2024-07-24 10:22:58 INFO  Reusables:53 - output.txt is still empty
2024-07-24 10:22:58 INFO  Reusables:53 - output.txt is still empty
2024-07-24 10:22:58 INFO  Reusables:53 - output.txt is still empty
2024-07-24 10:22:58 INFO  Reusables:53 - output.txt is still empty
2024-07-24 10:22:58 INFO  Reusables:53 - output.txt is still empty
2024-07-24 10:22:58 INFO  Reusables:53 - output.txt is still empty
2024-07-24 10:22:58 INFO  Reusables:53 - output.txt is still empty
2024-07-24 10:22:58 INFO  Reusables:53 - output.txt is still empty
2024-07-24 10:22:58 INFO  Reusables:53 - output.txt is still empty
2024-07-24 10:22:58 INFO  Reusables:53 - output.txt is still empty
2024-07-24 10:22:58 INFO  Reusables:53 - output.txt is still empty
2024-07-24 10:22:58 INFO  Reusables:53 - output.txt is still empty
2024-07-24 10:22:58 INFO  Reusables:53 - output.txt is still empty
2024-07-24 10:22:58 INFO  Reusables:53 - output.txt is still empty
2024-07-24 10:22:58 INFO  Reusables:53 - output.txt is still empty
2024-07-24 10:22:58 INFO  Reusables:53 - output.txt is still empty
2024-07-24 10:22:58 INFO  Reusables:53 - output.txt is still empty
2024-07-24 10:22:58 INFO  Reusables:53 - output.txt is still empty
2024-07-24 10:22:58 INFO  Reusables:53 - output.txt is still empty
2024-07-24 10:22:58 INFO  Reusables:53 - output.txt is still empty
2024-07-24 10:22:58 INFO  Reusables:53 - output.txt is still empty
2024-07-24 10:22:58 INFO  Reusables:53 - output.txt is still empty
2024-07-24 10:22:58 INFO  Reusables:53 - output.txt is still empty
2024-07-24 10:22:58 INFO  Reusables:53 - output.txt is still empty
2024-07-24 10:22:58 INFO  Reusables:53 - output.txt is still empty
2024-07-24 10:22:58 INFO  Reusables:53 - output.txt is still empty
2024-07-24 10:22:58 INFO  Reusables:53 - output.txt is still empty
2024-07-24 10:22:58 INFO  Reusables:53 - output.txt is still empty
2024-07-24 10:22:58 INFO  Reusables:53 - output.txt is still empty
2024-07-24 10:22:58 INFO  Reusables:53 - output.txt is still empty
2024-07-24 10:22:58 INFO  Reusables:53 - output.txt is still empty
2024-07-24 10:22:58 INFO  Reusables:53 - output.txt is still empty
2024-07-24 10:22:58 INFO  Reusables:53 - output.txt is still empty
2024-07-24 10:22:58 INFO  Reusables:53 - output.txt is still empty
2024-07-24 10:22:58 INFO  Reusables:53 - output.txt is still empty
2024-07-24 10:22:58 INFO  Reusables:53 - output.txt is still empty
2024-07-24 10:22:58 INFO  Reusables:53 - output.txt is still empty
2024-07-24 10:22:58 INFO  Reusables:53 - output.txt is still empty
2024-07-24 10:22:58 INFO  Reusables:53 - output.txt is still empty
2024-07-24 10:22:58 INFO  Reusables:53 - output.txt is still empty
2024-07-24 10:22:58 INFO  Reusables:53 - output.txt is still empty
2024-07-24 10:22:58 INFO  Reusables:53 - output.txt is still empty
2024-07-24 10:22:58 INFO  Reusables:53 - output.txt is still empty
2024-07-24 10:22:58 INFO  Reusables:53 - output.txt is still empty
2024-07-24 10:22:58 INFO  Reusables:53 - output.txt is still empty
2024-07-24 10:22:58 INFO  Reusables:53 - output.txt is still empty
2024-07-24 10:22:58 INFO  Reusables:53 - output.txt is still empty
2024-07-24 10:22:58 INFO  Reusables:53 - output.txt is still empty
2024-07-24 10:22:58 INFO  Reusables:53 - output.txt is still empty
2024-07-24 10:22:58 INFO  Reusables:53 - output.txt is still empty
2024-07-24 10:22:58 INFO  Reusables:53 - output.txt is still empty
2024-07-24 10:22:58 INFO  Reusables:53 - output.txt is still empty
2024-07-24 10:22:58 INFO  Reusables:53 - output.txt is still empty
2024-07-24 10:22:58 INFO  Reusables:53 - output.txt is still empty
2024-07-24 10:22:58 INFO  Reusables:53 - output.txt is still empty
2024-07-24 10:22:58 INFO  Reusables:53 - output.txt is still empty
2024-07-24 10:22:58 INFO  Reusables:53 - output.txt is still empty
2024-07-24 10:22:58 INFO  Reusables:53 - output.txt is still empty
2024-07-24 10:22:58 INFO  Reusables:53 - output.txt is still empty
2024-07-24 10:22:58 INFO  Reusables:53 - output.txt is still empty
2024-07-24 10:22:58 INFO  Reusables:53 - output.txt is still empty
2024-07-24 10:22:58 INFO  Reusables:53 - output.txt is still empty
2024-07-24 10:22:58 INFO  Reusables:53 - output.txt is still empty
2024-07-24 10:22:58 INFO  Reusables:53 - output.txt is still empty
2024-07-24 10:22:58 INFO  Reusables:53 - output.txt is still empty
2024-07-24 10:22:58 INFO  Reusables:53 - output.txt is still empty
2024-07-24 10:22:58 INFO  Reusables:53 - output.txt is still empty
2024-07-24 10:22:58 INFO  Reusables:53 - output.txt is still empty
2024-07-24 10:22:58 INFO  Reusables:53 - output.txt is still empty
2024-07-24 10:22:58 INFO  Reusables:53 - output.txt is still empty
2024-07-24 10:22:58 INFO  Reusables:53 - output.txt is still empty
2024-07-24 10:22:58 INFO  Reusables:53 - output.txt is still empty
2024-07-24 10:22:58 INFO  Reusables:53 - output.txt is still empty
2024-07-24 10:22:58 INFO  Reusables:53 - output.txt is still empty
2024-07-24 10:22:58 INFO  Reusables:53 - output.txt is still empty
2024-07-24 10:22:58 INFO  Reusables:53 - output.txt is still empty
2024-07-24 10:22:58 INFO  Reusables:53 - output.txt is still empty
2024-07-24 10:22:58 INFO  Reusables:53 - output.txt is still empty
2024-07-24 10:22:58 INFO  Reusables:53 - output.txt is still empty
2024-07-24 10:22:58 INFO  Reusables:53 - output.txt is still empty
2024-07-24 10:22:58 INFO  Reusables:53 - output.txt is still empty
2024-07-24 10:22:58 INFO  Reusables:53 - output.txt is still empty
2024-07-24 10:22:58 INFO  Reusables:53 - output.txt is still empty
2024-07-24 10:22:58 INFO  Reusables:53 - output.txt is still empty
2024-07-24 10:22:58 INFO  Reusables:53 - output.txt is still empty
2024-07-24 10:22:58 INFO  Reusables:53 - output.txt is still empty
2024-07-24 10:22:58 INFO  Reusables:53 - output.txt is still empty
2024-07-24 10:22:58 INFO  Reusables:53 - output.txt is still empty
2024-07-24 10:22:58 INFO  Reusables:53 - output.txt is still empty
2024-07-24 10:22:58 INFO  Reusables:53 - output.txt is still empty
2024-07-24 10:22:58 INFO  Reusables:53 - output.txt is still empty
2024-07-24 10:22:58 INFO  Reusables:53 - output.txt is still empty
2024-07-24 10:22:58 INFO  Reusables:53 - output.txt is still empty
2024-07-24 10:22:58 INFO  Reusables:53 - output.txt is still empty
2024-07-24 10:22:58 INFO  Reusables:53 - output.txt is still empty
2024-07-24 10:22:58 INFO  Reusables:53 - output.txt is still empty
2024-07-24 10:22:58 INFO  Reusables:53 - output.txt is still empty
2024-07-24 10:22:58 INFO  Reusables:53 - output.txt is still empty
2024-07-24 10:22:58 INFO  Reusables:53 - output.txt is still empty
2024-07-24 10:22:58 INFO  Reusables:53 - output.txt is still empty
2024-07-24 10:22:58 INFO  Reusables:53 - output.txt is still empty
2024-07-24 10:22:58 INFO  Reusables:53 - output.txt is still empty
2024-07-24 10:22:58 INFO  Reusables:53 - output.txt is still empty
2024-07-24 10:22:58 INFO  Reusables:53 - output.txt is still empty
2024-07-24 10:22:58 INFO  Reusables:53 - output.txt is still empty
2024-07-24 10:22:58 INFO  Reusables:53 - output.txt is still empty
2024-07-24 10:22:58 INFO  Reusables:53 - output.txt is still empty
2024-07-24 10:22:58 INFO  Reusables:53 - output.txt is still empty
2024-07-24 10:22:58 INFO  Reusables:53 - output.txt is still empty
2024-07-24 10:22:58 INFO  Reusables:53 - output.txt is still empty
2024-07-24 10:22:58 INFO  Reusables:53 - output.txt is still empty
2024-07-24 10:22:58 INFO  Reusables:53 - output.txt is still empty
2024-07-24 10:22:58 INFO  Reusables:53 - output.txt is still empty
2024-07-24 10:22:58 INFO  Reusables:53 - output.txt is still empty
2024-07-24 10:22:58 INFO  Reusables:53 - output.txt is still empty
2024-07-24 10:22:58 INFO  Reusables:53 - output.txt is still empty
2024-07-24 10:22:58 INFO  Reusables:53 - output.txt is still empty
2024-07-24 10:22:58 INFO  Reusables:53 - output.txt is still empty
2024-07-24 10:22:58 INFO  Reusables:53 - output.txt is still empty
2024-07-24 10:22:58 INFO  Reusables:53 - output.txt is still empty
2024-07-24 10:22:58 INFO  Reusables:53 - output.txt is still empty
2024-07-24 10:22:58 INFO  Reusables:53 - output.txt is still empty
2024-07-24 10:22:58 INFO  Reusables:53 - output.txt is still empty
2024-07-24 10:22:58 INFO  Reusables:53 - output.txt is still empty
2024-07-24 10:22:58 INFO  Reusables:53 - output.txt is still empty
2024-07-24 10:22:58 INFO  Reusables:53 - output.txt is still empty
2024-07-24 10:22:58 INFO  Reusables:53 - output.txt is still empty
2024-07-24 10:22:58 INFO  Reusables:53 - output.txt is still empty
2024-07-24 10:22:58 INFO  Reusables:53 - output.txt is still empty
2024-07-24 10:22:58 INFO  Reusables:53 - output.txt is still empty
2024-07-24 10:22:58 INFO  Reusables:53 - output.txt is still empty
2024-07-24 10:22:58 INFO  Reusables:53 - output.txt is still empty
2024-07-24 10:22:58 INFO  Reusables:53 - output.txt is still empty
2024-07-24 10:22:58 INFO  Reusables:53 - output.txt is still empty
2024-07-24 10:22:58 INFO  Reusables:53 - output.txt is still empty
2024-07-24 10:22:58 INFO  Reusables:53 - output.txt is still empty
2024-07-24 10:22:58 INFO  Reusables:53 - output.txt is still empty
2024-07-24 10:22:58 INFO  Reusables:53 - output.txt is still empty
2024-07-24 10:22:58 INFO  Reusables:53 - output.txt is still empty
2024-07-24 10:22:58 INFO  Reusables:53 - output.txt is still empty
2024-07-24 10:22:58 INFO  Reusables:53 - output.txt is still empty
2024-07-24 10:22:58 INFO  Reusables:53 - output.txt is still empty
2024-07-24 10:22:58 INFO  Reusables:53 - output.txt is still empty
2024-07-24 10:22:58 INFO  Reusables:53 - output.txt is still empty
2024-07-24 10:22:58 INFO  Reusables:53 - output.txt is still empty
2024-07-24 10:22:58 INFO  Reusables:53 - output.txt is still empty
2024-07-24 10:22:58 INFO  Reusables:53 - output.txt is still empty
2024-07-24 10:22:58 INFO  Reusables:53 - output.txt is still empty
2024-07-24 10:22:58 INFO  Reusables:53 - output.txt is still empty
2024-07-24 10:22:58 INFO  Reusables:53 - output.txt is still empty
2024-07-24 10:22:58 INFO  Reusables:53 - output.txt is still empty
2024-07-24 10:22:58 INFO  Reusables:53 - output.txt is still empty
2024-07-24 10:22:58 INFO  Reusables:53 - output.txt is still empty
2024-07-24 10:22:58 INFO  Reusables:53 - output.txt is still empty
2024-07-24 10:22:58 INFO  Reusables:53 - output.txt is still empty
2024-07-24 10:22:58 INFO  Reusables:53 - output.txt is still empty
2024-07-24 10:22:58 INFO  Reusables:53 - output.txt is still empty
2024-07-24 10:22:58 INFO  Reusables:53 - output.txt is still empty
2024-07-24 10:22:58 INFO  Reusables:53 - output.txt is still empty
2024-07-24 10:22:58 INFO  Reusables:53 - output.txt is still empty
2024-07-24 10:22:58 INFO  Reusables:53 - output.txt is still empty
2024-07-24 10:22:58 INFO  Reusables:53 - output.txt is still empty
2024-07-24 10:22:58 INFO  Reusables:53 - output.txt is still empty
2024-07-24 10:22:58 INFO  Reusables:53 - output.txt is still empty
2024-07-24 10:22:58 INFO  Reusables:53 - output.txt is still empty
2024-07-24 10:22:58 INFO  Reusables:53 - output.txt is still empty
2024-07-24 10:22:58 INFO  Reusables:53 - output.txt is still empty
2024-07-24 10:22:58 INFO  Reusables:53 - output.txt is still empty
2024-07-24 10:22:58 INFO  Reusables:53 - output.txt is still empty
2024-07-24 10:22:58 INFO  Reusables:53 - output.txt is still empty
2024-07-24 10:22:58 INFO  Reusables:53 - output.txt is still empty
2024-07-24 10:22:58 INFO  Reusables:53 - output.txt is still empty
2024-07-24 10:22:58 INFO  Reusables:53 - output.txt is still empty
2024-07-24 10:22:58 INFO  Reusables:53 - output.txt is still empty
2024-07-24 10:22:58 INFO  Reusables:53 - output.txt is still empty
2024-07-24 10:22:58 INFO  Reusables:53 - output.txt is still empty
2024-07-24 10:22:58 INFO  Reusables:53 - output.txt is still empty
2024-07-24 10:22:58 INFO  Reusables:53 - output.txt is still empty
2024-07-24 10:22:58 INFO  Reusables:53 - output.txt is still empty
2024-07-24 10:22:58 INFO  Reusables:53 - output.txt is still empty
2024-07-24 10:22:58 INFO  Reusables:53 - output.txt is still empty
2024-07-24 10:22:58 INFO  Reusables:53 - output.txt is still empty
2024-07-24 10:22:58 INFO  Reusables:53 - output.txt is still empty
2024-07-24 10:22:58 INFO  Reusables:53 - output.txt is still empty
2024-07-24 10:22:58 INFO  Reusables:53 - output.txt is still empty
2024-07-24 10:22:58 INFO  Reusables:53 - output.txt is still empty
2024-07-24 10:22:58 INFO  Reusables:53 - output.txt is still empty
2024-07-24 10:22:58 INFO  Reusables:53 - output.txt is still empty
2024-07-24 10:22:58 INFO  Reusables:53 - output.txt is still empty
2024-07-24 10:22:58 INFO  Reusables:53 - output.txt is still empty
2024-07-24 10:22:58 INFO  Reusables:53 - output.txt is still empty
2024-07-24 10:22:58 INFO  Reusables:53 - output.txt is still empty
2024-07-24 10:22:58 INFO  Reusables:53 - output.txt is still empty
2024-07-24 10:22:58 INFO  Reusables:53 - output.txt is still empty
2024-07-24 10:22:58 INFO  Reusables:53 - output.txt is still empty
2024-07-24 10:22:58 INFO  Reusables:53 - output.txt is still empty
2024-07-24 10:22:58 INFO  Reusables:53 - output.txt is still empty
2024-07-24 10:22:58 INFO  Reusables:53 - output.txt is still empty
2024-07-24 10:22:58 INFO  Reusables:53 - output.txt is still empty
2024-07-24 10:22:58 INFO  Reusables:53 - output.txt is still empty
2024-07-24 10:22:58 INFO  Reusables:53 - output.txt is still empty
2024-07-24 10:22:58 INFO  Reusables:53 - output.txt is still empty
2024-07-24 10:22:58 INFO  Reusables:53 - output.txt is still empty
2024-07-24 10:22:58 INFO  Reusables:53 - output.txt is still empty
2024-07-24 10:22:58 INFO  Reusables:53 - output.txt is still empty
2024-07-24 10:22:58 INFO  Reusables:53 - output.txt is still empty
2024-07-24 10:22:58 INFO  Reusables:53 - output.txt is still empty
2024-07-24 10:22:58 INFO  Reusables:53 - output.txt is still empty
2024-07-24 10:22:58 INFO  Reusables:53 - output.txt is still empty
2024-07-24 10:22:58 INFO  Reusables:53 - output.txt is still empty
2024-07-24 10:22:58 INFO  Reusables:53 - output.txt is still empty
2024-07-24 10:22:58 INFO  Reusables:53 - output.txt is still empty
2024-07-24 10:22:58 INFO  Reusables:53 - output.txt is still empty
2024-07-24 10:22:58 INFO  Reusables:53 - output.txt is still empty
2024-07-24 10:22:58 INFO  Reusables:53 - output.txt is still empty
2024-07-24 10:22:58 INFO  Reusables:53 - output.txt is still empty
2024-07-24 10:22:58 INFO  Reusables:53 - output.txt is still empty
2024-07-24 10:22:58 INFO  Reusables:53 - output.txt is still empty
2024-07-24 10:22:58 INFO  Reusables:53 - output.txt is still empty
2024-07-24 10:22:58 INFO  Reusables:53 - output.txt is still empty
2024-07-24 10:22:58 INFO  Reusables:53 - output.txt is still empty
2024-07-24 10:22:58 INFO  Reusables:53 - output.txt is still empty
2024-07-24 10:22:58 INFO  Reusables:53 - output.txt is still empty
2024-07-24 10:22:58 INFO  Reusables:53 - output.txt is still empty
2024-07-24 10:22:58 INFO  Reusables:53 - output.txt is still empty
2024-07-24 10:22:58 INFO  Reusables:53 - output.txt is still empty
2024-07-24 10:22:58 INFO  Reusables:53 - output.txt is still empty
2024-07-24 10:22:58 INFO  Reusables:53 - output.txt is still empty
2024-07-24 10:22:58 INFO  Reusables:53 - output.txt is still empty
2024-07-24 10:22:58 INFO  Reusables:53 - output.txt is still empty
2024-07-24 10:22:58 INFO  Reusables:53 - output.txt is still empty
2024-07-24 10:22:58 INFO  Reusables:53 - output.txt is still empty
2024-07-24 10:22:58 INFO  Reusables:53 - output.txt is still empty
2024-07-24 10:22:58 INFO  Reusables:53 - output.txt is still empty
2024-07-24 10:22:58 INFO  Reusables:53 - output.txt is still empty
2024-07-24 10:22:58 INFO  Reusables:53 - output.txt is still empty
2024-07-24 10:22:58 INFO  Reusables:53 - output.txt is still empty
2024-07-24 10:22:58 INFO  Reusables:53 - output.txt is still empty
2024-07-24 10:22:58 INFO  Reusables:53 - output.txt is still empty
2024-07-24 10:22:58 INFO  Reusables:53 - output.txt is still empty
2024-07-24 10:22:58 INFO  Reusables:53 - output.txt is still empty
2024-07-24 10:22:58 INFO  Reusables:53 - output.txt is still empty
2024-07-24 10:22:58 INFO  Reusables:53 - output.txt is still empty
2024-07-24 10:22:58 INFO  Reusables:53 - output.txt is still empty
2024-07-24 10:22:58 INFO  Reusables:53 - output.txt is still empty
2024-07-24 10:22:58 INFO  Reusables:53 - output.txt is still empty
2024-07-24 10:22:58 INFO  Reusables:53 - output.txt is still empty
2024-07-24 10:22:58 INFO  Reusables:53 - output.txt is still empty
2024-07-24 10:22:58 INFO  Reusables:53 - output.txt is still empty
2024-07-24 10:22:58 INFO  Reusables:53 - output.txt is still empty
2024-07-24 10:22:58 INFO  Reusables:53 - output.txt is still empty
2024-07-24 10:22:58 INFO  Reusables:53 - output.txt is still empty
2024-07-24 10:22:58 INFO  Reusables:53 - output.txt is still empty
2024-07-24 10:22:58 INFO  Reusables:53 - output.txt is still empty
2024-07-24 10:22:58 INFO  Reusables:53 - output.txt is still empty
2024-07-24 10:22:58 INFO  Reusables:53 - output.txt is still empty
2024-07-24 10:22:58 INFO  Reusables:53 - output.txt is still empty
2024-07-24 10:22:58 INFO  Reusables:53 - output.txt is still empty
2024-07-24 10:22:58 INFO  Reusables:53 - output.txt is still empty
2024-07-24 10:22:58 INFO  Reusables:53 - output.txt is still empty
2024-07-24 10:22:58 INFO  Reusables:53 - output.txt is still empty
2024-07-24 10:22:58 INFO  Reusables:53 - output.txt is still empty
2024-07-24 10:22:58 INFO  Reusables:53 - output.txt is still empty
2024-07-24 10:22:58 INFO  Reusables:53 - output.txt is still empty
2024-07-24 10:22:58 INFO  Reusables:53 - output.txt is still empty
2024-07-24 10:22:58 INFO  Reusables:53 - output.txt is still empty
2024-07-24 10:22:58 INFO  Reusables:53 - output.txt is still empty
2024-07-24 10:22:58 INFO  Reusables:53 - output.txt is still empty
2024-07-24 10:22:58 INFO  Reusables:53 - output.txt is still empty
2024-07-24 10:22:58 INFO  Reusables:53 - output.txt is still empty
2024-07-24 10:22:58 INFO  Reusables:53 - output.txt is still empty
2024-07-24 10:22:58 INFO  Reusables:53 - output.txt is still empty
2024-07-24 10:22:58 INFO  Reusables:53 - output.txt is still empty
2024-07-24 10:22:58 INFO  Reusables:53 - output.txt is still empty
2024-07-24 10:22:58 INFO  Reusables:53 - output.txt is still empty
2024-07-24 10:22:58 INFO  Reusables:53 - output.txt is still empty
2024-07-24 10:22:58 INFO  Reusables:53 - output.txt is still empty
2024-07-24 10:22:58 INFO  Reusables:53 - output.txt is still empty
2024-07-24 10:22:58 INFO  Reusables:53 - output.txt is still empty
2024-07-24 10:22:58 INFO  Reusables:53 - output.txt is still empty
2024-07-24 10:22:58 INFO  Reusables:53 - output.txt is still empty
2024-07-24 10:22:58 INFO  Reusables:53 - output.txt is still empty
2024-07-24 10:22:58 INFO  Reusables:53 - output.txt is still empty
2024-07-24 10:22:58 INFO  Reusables:53 - output.txt is still empty
2024-07-24 10:22:58 INFO  Reusables:53 - output.txt is still empty
2024-07-24 10:22:58 INFO  Reusables:53 - output.txt is still empty
2024-07-24 10:22:58 INFO  Reusables:53 - output.txt is still empty
2024-07-24 10:22:58 INFO  Reusables:53 - output.txt is still empty
2024-07-24 10:22:58 INFO  Reusables:53 - output.txt is still empty
2024-07-24 10:22:58 INFO  Reusables:53 - output.txt is still empty
2024-07-24 10:22:58 INFO  Reusables:53 - output.txt is still empty
2024-07-24 10:22:58 INFO  Reusables:53 - output.txt is still empty
2024-07-24 10:22:58 INFO  Reusables:53 - output.txt is still empty
2024-07-24 10:22:58 INFO  Reusables:53 - output.txt is still empty
2024-07-24 10:22:58 INFO  Reusables:53 - output.txt is still empty
2024-07-24 10:22:58 INFO  Reusables:53 - output.txt is still empty
2024-07-24 10:22:58 INFO  Reusables:53 - output.txt is still empty
2024-07-24 10:22:58 INFO  Reusables:53 - output.txt is still empty
2024-07-24 10:22:58 INFO  Reusables:53 - output.txt is still empty
2024-07-24 10:22:58 INFO  Reusables:53 - output.txt is still empty
2024-07-24 10:22:58 INFO  Reusables:53 - output.txt is still empty
2024-07-24 10:22:58 INFO  Reusables:53 - output.txt is still empty
2024-07-24 10:22:58 INFO  Reusables:53 - output.txt is still empty
2024-07-24 10:22:58 INFO  Reusables:53 - output.txt is still empty
2024-07-24 10:22:58 INFO  Reusables:53 - output.txt is still empty
2024-07-24 10:22:58 INFO  Reusables:53 - output.txt is still empty
2024-07-24 10:22:58 INFO  Reusables:53 - output.txt is still empty
2024-07-24 10:22:58 INFO  Reusables:53 - output.txt is still empty
2024-07-24 10:22:58 INFO  Reusables:53 - output.txt is still empty
2024-07-24 10:22:58 INFO  Reusables:53 - output.txt is still empty
2024-07-24 10:22:58 INFO  Reusables:53 - output.txt is still empty
2024-07-24 10:22:58 INFO  Reusables:53 - output.txt is still empty
2024-07-24 10:22:58 INFO  Reusables:53 - output.txt is still empty
2024-07-24 10:22:58 INFO  Reusables:53 - output.txt is still empty
2024-07-24 10:22:58 INFO  Reusables:53 - output.txt is still empty
2024-07-24 10:22:58 INFO  Reusables:53 - output.txt is still empty
2024-07-24 10:22:58 INFO  Reusables:53 - output.txt is still empty
2024-07-24 10:22:58 INFO  Reusables:53 - output.txt is still empty
2024-07-24 10:22:58 INFO  Reusables:53 - output.txt is still empty
2024-07-24 10:22:58 INFO  Reusables:53 - output.txt is still empty
2024-07-24 10:22:58 INFO  Reusables:53 - output.txt is still empty
2024-07-24 10:22:58 INFO  Reusables:53 - output.txt is still empty
2024-07-24 10:22:58 INFO  Reusables:53 - output.txt is still empty
2024-07-24 10:22:58 INFO  Reusables:53 - output.txt is still empty
2024-07-24 10:22:58 INFO  Reusables:53 - output.txt is still empty
2024-07-24 10:22:58 INFO  Reusables:53 - output.txt is still empty
2024-07-24 10:22:58 INFO  Reusables:53 - output.txt is still empty
2024-07-24 10:22:58 INFO  Reusables:53 - output.txt is still empty
2024-07-24 10:22:58 INFO  Reusables:53 - output.txt is still empty
2024-07-24 10:22:58 INFO  Reusables:53 - output.txt is still empty
2024-07-24 10:22:58 INFO  Reusables:53 - output.txt is still empty
2024-07-24 10:22:58 INFO  Reusables:53 - output.txt is still empty
2024-07-24 10:22:58 INFO  Reusables:53 - output.txt is still empty
2024-07-24 10:22:58 INFO  Reusables:53 - output.txt is still empty
2024-07-24 10:22:58 INFO  Reusables:53 - output.txt is still empty
2024-07-24 10:22:58 INFO  Reusables:53 - output.txt is still empty
2024-07-24 10:22:58 INFO  Reusables:53 - output.txt is still empty
2024-07-24 10:22:58 INFO  Reusables:53 - output.txt is still empty
2024-07-24 10:22:58 INFO  Reusables:53 - output.txt is still empty
2024-07-24 10:22:58 INFO  Reusables:53 - output.txt is still empty
2024-07-24 10:22:58 INFO  Reusables:53 - output.txt is still empty
2024-07-24 10:22:58 INFO  Reusables:53 - output.txt is still empty
2024-07-24 10:22:58 INFO  Reusables:53 - output.txt is still empty
2024-07-24 10:22:58 INFO  Reusables:53 - output.txt is still empty
2024-07-24 10:22:58 INFO  Reusables:53 - output.txt is still empty
2024-07-24 10:22:58 INFO  Reusables:53 - output.txt is still empty
2024-07-24 10:22:58 INFO  Reusables:53 - output.txt is still empty
2024-07-24 10:22:58 INFO  Reusables:53 - output.txt is still empty
2024-07-24 10:22:58 INFO  Reusables:53 - output.txt is still empty
2024-07-24 10:22:58 INFO  Reusables:53 - output.txt is still empty
2024-07-24 10:22:58 INFO  Reusables:53 - output.txt is still empty
2024-07-24 10:22:58 INFO  Reusables:53 - output.txt is still empty
2024-07-24 10:22:58 INFO  Reusables:53 - output.txt is still empty
2024-07-24 10:22:58 INFO  Reusables:53 - output.txt is still empty
2024-07-24 10:22:58 INFO  Reusables:53 - output.txt is still empty
2024-07-24 10:22:58 INFO  Reusables:53 - output.txt is still empty
2024-07-24 10:22:58 INFO  Reusables:53 - output.txt is still empty
2024-07-24 10:22:58 INFO  Reusables:53 - output.txt is still empty
2024-07-24 10:22:58 INFO  Reusables:53 - output.txt is still empty
2024-07-24 10:22:58 INFO  Reusables:53 - output.txt is still empty
2024-07-24 10:22:58 INFO  Reusables:53 - output.txt is still empty
2024-07-24 10:22:58 INFO  Reusables:53 - output.txt is still empty
2024-07-24 10:22:58 INFO  Reusables:53 - output.txt is still empty
2024-07-24 10:22:58 INFO  Reusables:53 - output.txt is still empty
2024-07-24 10:22:58 INFO  Reusables:53 - output.txt is still empty
2024-07-24 10:22:58 INFO  Reusables:53 - output.txt is still empty
2024-07-24 10:22:58 INFO  Reusables:53 - output.txt is still empty
2024-07-24 10:22:58 INFO  Reusables:53 - output.txt is still empty
2024-07-24 10:22:58 INFO  Reusables:53 - output.txt is still empty
2024-07-24 10:22:58 INFO  Reusables:53 - output.txt is still empty
2024-07-24 10:22:58 INFO  Reusables:53 - output.txt is still empty
2024-07-24 10:22:58 INFO  Reusables:53 - output.txt is still empty
2024-07-24 10:22:58 INFO  Reusables:53 - output.txt is still empty
2024-07-24 10:22:58 INFO  Reusables:53 - output.txt is still empty
2024-07-24 10:22:58 INFO  Reusables:53 - output.txt is still empty
2024-07-24 10:22:58 INFO  Reusables:53 - output.txt is still empty
2024-07-24 10:22:58 INFO  Reusables:53 - output.txt is still empty
2024-07-24 10:22:58 INFO  Reusables:53 - output.txt is still empty
2024-07-24 10:22:58 INFO  Reusables:53 - output.txt is still empty
2024-07-24 10:22:58 INFO  Reusables:53 - output.txt is still empty
2024-07-24 10:22:58 INFO  Reusables:53 - output.txt is still empty
2024-07-24 10:22:58 INFO  Reusables:53 - output.txt is still empty
2024-07-24 10:22:58 INFO  Reusables:53 - output.txt is still empty
2024-07-24 10:22:58 INFO  Reusables:53 - output.txt is still empty
2024-07-24 10:22:58 INFO  Reusables:53 - output.txt is still empty
2024-07-24 10:22:58 INFO  Reusables:53 - output.txt is still empty
2024-07-24 10:22:58 INFO  Reusables:53 - output.txt is still empty
2024-07-24 10:22:58 INFO  Reusables:53 - output.txt is still empty
2024-07-24 10:22:58 INFO  Reusables:53 - output.txt is still empty
2024-07-24 10:22:58 INFO  Reusables:53 - output.txt is still empty
2024-07-24 10:22:58 INFO  Reusables:53 - output.txt is still empty
2024-07-24 10:22:58 INFO  Reusables:53 - output.txt is still empty
2024-07-24 10:22:58 INFO  Reusables:53 - output.txt is still empty
2024-07-24 10:22:58 INFO  Reusables:53 - output.txt is still empty
2024-07-24 10:22:58 INFO  Reusables:53 - output.txt is still empty
2024-07-24 10:22:58 INFO  Reusables:53 - output.txt is still empty
2024-07-24 10:22:58 INFO  Reusables:53 - output.txt is still empty
2024-07-24 10:22:58 INFO  Reusables:53 - output.txt is still empty
2024-07-24 10:22:58 INFO  Reusables:53 - output.txt is still empty
2024-07-24 10:22:58 INFO  Reusables:53 - output.txt is still empty
2024-07-24 10:22:58 INFO  Reusables:53 - output.txt is still empty
2024-07-24 10:22:58 INFO  Reusables:53 - output.txt is still empty
2024-07-24 10:22:58 INFO  Reusables:53 - output.txt is still empty
2024-07-24 10:22:58 INFO  Reusables:53 - output.txt is still empty
2024-07-24 10:22:58 INFO  Reusables:53 - output.txt is still empty
2024-07-24 10:22:58 INFO  Reusables:53 - output.txt is still empty
2024-07-24 10:22:58 INFO  Reusables:53 - output.txt is still empty
2024-07-24 10:22:58 INFO  Reusables:53 - output.txt is still empty
2024-07-24 10:22:58 INFO  Reusables:53 - output.txt is still empty
2024-07-24 10:22:58 INFO  Reusables:53 - output.txt is still empty
2024-07-24 10:22:58 INFO  Reusables:53 - output.txt is still empty
2024-07-24 10:22:58 INFO  Reusables:53 - output.txt is still empty
2024-07-24 10:22:58 INFO  Reusables:53 - output.txt is still empty
2024-07-24 10:22:58 INFO  Reusables:53 - output.txt is still empty
2024-07-24 10:22:58 INFO  Reusables:53 - output.txt is still empty
2024-07-24 10:22:58 INFO  Reusables:53 - output.txt is still empty
2024-07-24 10:22:58 INFO  Reusables:53 - output.txt is still empty
2024-07-24 10:22:58 INFO  Reusables:53 - output.txt is still empty
2024-07-24 10:22:58 INFO  Reusables:53 - output.txt is still empty
2024-07-24 10:22:58 INFO  Reusables:53 - output.txt is still empty
2024-07-24 10:22:58 INFO  Reusables:53 - output.txt is still empty
2024-07-24 10:22:58 INFO  Reusables:53 - output.txt is still empty
2024-07-24 10:22:58 INFO  Reusables:53 - output.txt is still empty
2024-07-24 10:22:58 INFO  Reusables:53 - output.txt is still empty
2024-07-24 10:22:58 INFO  Reusables:53 - output.txt is still empty
2024-07-24 10:22:58 INFO  Reusables:53 - output.txt is still empty
2024-07-24 10:22:58 INFO  Reusables:53 - output.txt is still empty
2024-07-24 10:22:58 INFO  Reusables:53 - output.txt is still empty
2024-07-24 10:22:58 INFO  Reusables:53 - output.txt is still empty
2024-07-24 10:22:58 INFO  Reusables:53 - output.txt is still empty
2024-07-24 10:22:58 INFO  Reusables:53 - output.txt is still empty
2024-07-24 10:22:58 INFO  Reusables:53 - output.txt is still empty
2024-07-24 10:22:58 INFO  Reusables:53 - output.txt is still empty
2024-07-24 10:22:58 INFO  Reusables:53 - output.txt is still empty
2024-07-24 10:22:58 INFO  Reusables:53 - output.txt is still empty
2024-07-24 10:22:58 INFO  Reusables:53 - output.txt is still empty
2024-07-24 10:22:58 INFO  Reusables:53 - output.txt is still empty
2024-07-24 10:22:58 INFO  Reusables:53 - output.txt is still empty
2024-07-24 10:22:58 INFO  Reusables:53 - output.txt is still empty
2024-07-24 10:22:58 INFO  Reusables:53 - output.txt is still empty
2024-07-24 10:22:58 INFO  Reusables:53 - output.txt is still empty
2024-07-24 10:22:58 INFO  Reusables:53 - output.txt is still empty
2024-07-24 10:22:58 INFO  Reusables:53 - output.txt is still empty
2024-07-24 10:22:58 INFO  Reusables:53 - output.txt is still empty
2024-07-24 10:22:58 INFO  Reusables:53 - output.txt is still empty
2024-07-24 10:22:58 INFO  Reusables:53 - output.txt is still empty
2024-07-24 10:22:58 INFO  Reusables:53 - output.txt is still empty
2024-07-24 10:22:58 INFO  Reusables:53 - output.txt is still empty
2024-07-24 10:22:58 INFO  Reusables:53 - output.txt is still empty
2024-07-24 10:22:58 INFO  Reusables:53 - output.txt is still empty
2024-07-24 10:22:58 INFO  Reusables:53 - output.txt is still empty
2024-07-24 10:22:58 INFO  Reusables:53 - output.txt is still empty
2024-07-24 10:22:58 INFO  Reusables:53 - output.txt is still empty
2024-07-24 10:22:58 INFO  Reusables:53 - output.txt is still empty
2024-07-24 10:22:58 INFO  Reusables:53 - output.txt is still empty
2024-07-24 10:22:58 INFO  Reusables:53 - output.txt is still empty
2024-07-24 10:22:58 INFO  Reusables:53 - output.txt is still empty
2024-07-24 10:22:58 INFO  Reusables:53 - output.txt is still empty
2024-07-24 10:22:58 INFO  Reusables:53 - output.txt is still empty
2024-07-24 10:22:58 INFO  Reusables:53 - output.txt is still empty
2024-07-24 10:22:58 INFO  Reusables:53 - output.txt is still empty
2024-07-24 10:22:58 INFO  Reusables:53 - output.txt is still empty
2024-07-24 10:22:58 INFO  Reusables:53 - output.txt is still empty
2024-07-24 10:22:58 INFO  Reusables:53 - output.txt is still empty
2024-07-24 10:22:58 INFO  Reusables:53 - output.txt is still empty
2024-07-24 10:22:58 INFO  Reusables:53 - output.txt is still empty
2024-07-24 10:22:58 INFO  Reusables:53 - output.txt is still empty
2024-07-24 10:22:58 INFO  Reusables:53 - output.txt is still empty
2024-07-24 10:22:58 INFO  Reusables:53 - output.txt is still empty
2024-07-24 10:22:58 INFO  Reusables:53 - output.txt is still empty
2024-07-24 10:22:58 INFO  Reusables:53 - output.txt is still empty
2024-07-24 10:22:58 INFO  Reusables:53 - output.txt is still empty
2024-07-24 10:22:58 INFO  Reusables:53 - output.txt is still empty
2024-07-24 10:22:58 INFO  Reusables:53 - output.txt is still empty
2024-07-24 10:22:58 INFO  Reusables:53 - output.txt is still empty
2024-07-24 10:22:58 INFO  Reusables:53 - output.txt is still empty
2024-07-24 10:22:58 INFO  Reusables:53 - output.txt is still empty
2024-07-24 10:22:58 INFO  Reusables:53 - output.txt is still empty
2024-07-24 10:22:58 INFO  Reusables:53 - output.txt is still empty
2024-07-24 10:22:58 INFO  Reusables:53 - output.txt is still empty
2024-07-24 10:22:58 INFO  Reusables:53 - output.txt is still empty
2024-07-24 10:22:58 INFO  Reusables:53 - output.txt is still empty
2024-07-24 10:22:58 INFO  Reusables:53 - output.txt is still empty
2024-07-24 10:22:58 INFO  Reusables:53 - output.txt is still empty
2024-07-24 10:22:58 INFO  Reusables:53 - output.txt is still empty
2024-07-24 10:22:58 INFO  Reusables:53 - output.txt is still empty
2024-07-24 10:22:58 INFO  Reusables:53 - output.txt is still empty
2024-07-24 10:22:58 INFO  Reusables:53 - output.txt is still empty
2024-07-24 10:22:58 INFO  Reusables:53 - output.txt is still empty
2024-07-24 10:22:58 INFO  Reusables:53 - output.txt is still empty
2024-07-24 10:22:58 INFO  Reusables:53 - output.txt is still empty
2024-07-24 10:22:58 INFO  Reusables:53 - output.txt is still empty
2024-07-24 10:22:58 INFO  Reusables:53 - output.txt is still empty
2024-07-24 10:22:58 INFO  Reusables:53 - output.txt is still empty
2024-07-24 10:22:58 INFO  Reusables:53 - output.txt is still empty
2024-07-24 10:22:58 INFO  Reusables:53 - output.txt is still empty
2024-07-24 10:22:58 INFO  Reusables:53 - output.txt is still empty
2024-07-24 10:22:58 INFO  Reusables:53 - output.txt is still empty
2024-07-24 10:22:58 INFO  Reusables:53 - output.txt is still empty
2024-07-24 10:22:58 INFO  Reusables:53 - output.txt is still empty
2024-07-24 10:22:58 INFO  Reusables:53 - output.txt is still empty
2024-07-24 10:22:58 INFO  Reusables:53 - output.txt is still empty
2024-07-24 10:22:58 INFO  Reusables:53 - output.txt is still empty
2024-07-24 10:22:58 INFO  Reusables:53 - output.txt is still empty
2024-07-24 10:22:58 INFO  Reusables:53 - output.txt is still empty
2024-07-24 10:22:58 INFO  Reusables:53 - output.txt is still empty
2024-07-24 10:22:58 INFO  Reusables:53 - output.txt is still empty
2024-07-24 10:22:58 INFO  Reusables:53 - output.txt is still empty
2024-07-24 10:22:58 INFO  Reusables:53 - output.txt is still empty
2024-07-24 10:22:58 INFO  Reusables:53 - output.txt is still empty
2024-07-24 10:22:58 INFO  Reusables:53 - output.txt is still empty
2024-07-24 10:22:58 INFO  Reusables:53 - output.txt is still empty
2024-07-24 10:22:58 INFO  Reusables:53 - output.txt is still empty
2024-07-24 10:22:58 INFO  Reusables:53 - output.txt is still empty
2024-07-24 10:22:58 INFO  Reusables:53 - output.txt is still empty
2024-07-24 10:22:58 INFO  Reusables:53 - output.txt is still empty
2024-07-24 10:22:58 INFO  Reusables:53 - output.txt is still empty
2024-07-24 10:22:58 INFO  Reusables:53 - output.txt is still empty
2024-07-24 10:22:58 INFO  Reusables:53 - output.txt is still empty
2024-07-24 10:22:58 INFO  Reusables:53 - output.txt is still empty
2024-07-24 10:22:58 INFO  Reusables:53 - output.txt is still empty
2024-07-24 10:22:58 INFO  Reusables:53 - output.txt is still empty
2024-07-24 10:22:58 INFO  Reusables:53 - output.txt is still empty
2024-07-24 10:22:58 INFO  Reusables:53 - output.txt is still empty
2024-07-24 10:22:58 INFO  Reusables:53 - output.txt is still empty
2024-07-24 10:22:58 INFO  Reusables:53 - output.txt is still empty
2024-07-24 10:22:58 INFO  Reusables:53 - output.txt is still empty
2024-07-24 10:22:58 INFO  Reusables:53 - output.txt is still empty
2024-07-24 10:22:58 INFO  Reusables:53 - output.txt is still empty
2024-07-24 10:22:58 INFO  Reusables:53 - output.txt is still empty
2024-07-24 10:22:58 INFO  Reusables:53 - output.txt is still empty
2024-07-24 10:22:58 INFO  Reusables:53 - output.txt is still empty
2024-07-24 10:22:58 INFO  Reusables:53 - output.txt is still empty
2024-07-24 10:22:58 INFO  Reusables:53 - output.txt is still empty
2024-07-24 10:22:58 INFO  Reusables:53 - output.txt is still empty
2024-07-24 10:22:58 INFO  Reusables:53 - output.txt is still empty
2024-07-24 10:22:58 INFO  Reusables:53 - output.txt is still empty
2024-07-24 10:22:58 INFO  Reusables:53 - output.txt is still empty
2024-07-24 10:22:58 INFO  Reusables:53 - output.txt is still empty
2024-07-24 10:22:58 INFO  Reusables:53 - output.txt is still empty
2024-07-24 10:22:58 INFO  Reusables:53 - output.txt is still empty
2024-07-24 10:22:58 INFO  Reusables:53 - output.txt is still empty
2024-07-24 10:22:58 INFO  Reusables:53 - output.txt is still empty
2024-07-24 10:22:58 INFO  Reusables:53 - output.txt is still empty
2024-07-24 10:22:58 INFO  Reusables:53 - output.txt is still empty
2024-07-24 10:22:58 INFO  Reusables:53 - output.txt is still empty
2024-07-24 10:22:58 INFO  Reusables:53 - output.txt is still empty
2024-07-24 10:22:58 INFO  Reusables:53 - output.txt is still empty
2024-07-24 10:22:58 INFO  Reusables:53 - output.txt is still empty
2024-07-24 10:22:58 INFO  Reusables:53 - output.txt is still empty
2024-07-24 10:22:58 INFO  Reusables:53 - output.txt is still empty
2024-07-24 10:22:58 INFO  Reusables:53 - output.txt is still empty
2024-07-24 10:22:58 INFO  Reusables:53 - output.txt is still empty
2024-07-24 10:22:58 INFO  Reusables:53 - output.txt is still empty
2024-07-24 10:22:58 INFO  Reusables:53 - output.txt is still empty
2024-07-24 10:22:58 INFO  Reusables:53 - output.txt is still empty
2024-07-24 10:22:58 INFO  Reusables:53 - output.txt is still empty
2024-07-24 10:22:58 INFO  Reusables:53 - output.txt is still empty
2024-07-24 10:22:58 INFO  Reusables:53 - output.txt is still empty
2024-07-24 10:22:58 INFO  Reusables:53 - output.txt is still empty
2024-07-24 10:22:58 INFO  Reusables:53 - output.txt is still empty
2024-07-24 10:22:58 INFO  Reusables:53 - output.txt is still empty
2024-07-24 10:22:58 INFO  Reusables:53 - output.txt is still empty
2024-07-24 10:22:58 INFO  Reusables:53 - output.txt is still empty
2024-07-24 10:22:58 INFO  Reusables:53 - output.txt is still empty
2024-07-24 10:22:58 INFO  Reusables:53 - output.txt is still empty
2024-07-24 10:22:58 INFO  Reusables:53 - output.txt is still empty
2024-07-24 10:22:58 INFO  Reusables:53 - output.txt is still empty
2024-07-24 10:22:58 INFO  Reusables:53 - output.txt is still empty
2024-07-24 10:22:58 INFO  Reusables:53 - output.txt is still empty
2024-07-24 10:22:58 INFO  Reusables:53 - output.txt is still empty
2024-07-24 10:22:58 INFO  Reusables:53 - output.txt is still empty
2024-07-24 10:22:58 INFO  Reusables:53 - output.txt is still empty
2024-07-24 10:22:58 INFO  Reusables:53 - output.txt is still empty
2024-07-24 10:22:58 INFO  Reusables:53 - output.txt is still empty
2024-07-24 10:22:58 INFO  Reusables:53 - output.txt is still empty
2024-07-24 10:22:58 INFO  Reusables:53 - output.txt is still empty
2024-07-24 10:22:58 INFO  Reusables:53 - output.txt is still empty
2024-07-24 10:22:58 INFO  Reusables:53 - output.txt is still empty
2024-07-24 10:22:58 INFO  Reusables:53 - output.txt is still empty
2024-07-24 10:22:58 INFO  Reusables:53 - output.txt is still empty
2024-07-24 10:22:58 INFO  Reusables:53 - output.txt is still empty
2024-07-24 10:22:58 INFO  Reusables:53 - output.txt is still empty
2024-07-24 10:22:58 INFO  Reusables:53 - output.txt is still empty
2024-07-24 10:22:58 INFO  Reusables:53 - output.txt is still empty
2024-07-24 10:22:58 INFO  Reusables:53 - output.txt is still empty
2024-07-24 10:22:58 INFO  Reusables:53 - output.txt is still empty
2024-07-24 10:22:58 INFO  Reusables:53 - output.txt is still empty
2024-07-24 10:22:58 INFO  Reusables:53 - output.txt is still empty
2024-07-24 10:22:58 INFO  Reusables:53 - output.txt is still empty
2024-07-24 10:22:58 INFO  Reusables:53 - output.txt is still empty
2024-07-24 10:22:58 INFO  Reusables:53 - output.txt is still empty
2024-07-24 10:22:58 INFO  Reusables:53 - output.txt is still empty
2024-07-24 10:22:58 INFO  Reusables:53 - output.txt is still empty
2024-07-24 10:22:58 INFO  Reusables:53 - output.txt is still empty
2024-07-24 10:22:58 INFO  Reusables:53 - output.txt is still empty
2024-07-24 10:22:58 INFO  Reusables:53 - output.txt is still empty
2024-07-24 10:22:58 INFO  Reusables:53 - output.txt is still empty
2024-07-24 10:22:58 INFO  Reusables:53 - output.txt is still empty
2024-07-24 10:22:58 INFO  Reusables:53 - output.txt is still empty
2024-07-24 10:22:58 INFO  Reusables:53 - output.txt is still empty
2024-07-24 10:22:58 INFO  Reusables:53 - output.txt is still empty
2024-07-24 10:22:58 INFO  Reusables:53 - output.txt is still empty
2024-07-24 10:22:58 INFO  Reusables:53 - output.txt is still empty
2024-07-24 10:22:58 INFO  Reusables:53 - output.txt is still empty
2024-07-24 10:22:58 INFO  Reusables:53 - output.txt is still empty
2024-07-24 10:22:58 INFO  Reusables:53 - output.txt is still empty
2024-07-24 10:22:58 INFO  Reusables:53 - output.txt is still empty
2024-07-24 10:22:58 INFO  Reusables:53 - output.txt is still empty
2024-07-24 10:22:58 INFO  Reusables:53 - output.txt is still empty
2024-07-24 10:22:58 INFO  Reusables:53 - output.txt is still empty
2024-07-24 10:22:58 INFO  Reusables:53 - output.txt is still empty
2024-07-24 10:22:58 INFO  Reusables:53 - output.txt is still empty
2024-07-24 10:22:58 INFO  Reusables:53 - output.txt is still empty
2024-07-24 10:22:58 INFO  Reusables:53 - output.txt is still empty
2024-07-24 10:22:58 INFO  Reusables:53 - output.txt is still empty
2024-07-24 10:22:58 INFO  Reusables:53 - output.txt is still empty
2024-07-24 10:22:58 INFO  Reusables:53 - output.txt is still empty
2024-07-24 10:22:58 INFO  Reusables:53 - output.txt is still empty
2024-07-24 10:22:58 INFO  Reusables:53 - output.txt is still empty
2024-07-24 10:22:58 INFO  Reusables:53 - output.txt is still empty
2024-07-24 10:22:58 INFO  Reusables:53 - output.txt is still empty
2024-07-24 10:22:58 INFO  Reusables:53 - output.txt is still empty
2024-07-24 10:22:58 INFO  Reusables:53 - output.txt is still empty
2024-07-24 10:22:58 INFO  Reusables:53 - output.txt is still empty
2024-07-24 10:22:58 INFO  Reusables:53 - output.txt is still empty
2024-07-24 10:22:58 INFO  Reusables:53 - output.txt is still empty
2024-07-24 10:22:58 INFO  Reusables:53 - output.txt is still empty
2024-07-24 10:22:58 INFO  Reusables:53 - output.txt is still empty
2024-07-24 10:22:58 INFO  Reusables:53 - output.txt is still empty
2024-07-24 10:22:58 INFO  Reusables:53 - output.txt is still empty
2024-07-24 10:22:58 INFO  Reusables:53 - output.txt is still empty
2024-07-24 10:22:58 INFO  Reusables:53 - output.txt is still empty
2024-07-24 10:22:58 INFO  Reusables:53 - output.txt is still empty
2024-07-24 10:22:58 INFO  Reusables:53 - output.txt is still empty
2024-07-24 10:22:58 INFO  Reusables:53 - output.txt is still empty
2024-07-24 10:22:58 INFO  Reusables:53 - output.txt is still empty
2024-07-24 10:22:58 INFO  Reusables:53 - output.txt is still empty
2024-07-24 10:22:58 INFO  Reusables:53 - output.txt is still empty
2024-07-24 10:22:58 INFO  Reusables:53 - output.txt is still empty
2024-07-24 10:22:58 INFO  Reusables:53 - output.txt is still empty
2024-07-24 10:22:58 INFO  Reusables:53 - output.txt is still empty
2024-07-24 10:22:58 INFO  Reusables:53 - output.txt is still empty
2024-07-24 10:22:58 INFO  Reusables:53 - output.txt is still empty
2024-07-24 10:22:58 INFO  Reusables:53 - output.txt is still empty
2024-07-24 10:22:58 INFO  Reusables:53 - output.txt is still empty
2024-07-24 10:22:58 INFO  Reusables:53 - output.txt is still empty
2024-07-24 10:22:58 INFO  Reusables:53 - output.txt is still empty
2024-07-24 10:22:58 INFO  Reusables:53 - output.txt is still empty
2024-07-24 10:22:58 INFO  Reusables:53 - output.txt is still empty
2024-07-24 10:22:58 INFO  Reusables:53 - output.txt is still empty
2024-07-24 10:22:58 INFO  Reusables:53 - output.txt is still empty
2024-07-24 10:22:58 INFO  Reusables:53 - output.txt is still empty
2024-07-24 10:22:58 INFO  Reusables:53 - output.txt is still empty
2024-07-24 10:22:58 INFO  Reusables:53 - output.txt is still empty
2024-07-24 10:22:58 INFO  Reusables:53 - output.txt is still empty
2024-07-24 10:22:58 INFO  Reusables:53 - output.txt is still empty
2024-07-24 10:22:58 INFO  Reusables:53 - output.txt is still empty
2024-07-24 10:22:58 INFO  Reusables:53 - output.txt is still empty
2024-07-24 10:22:58 INFO  Reusables:53 - output.txt is still empty
2024-07-24 10:22:58 INFO  Reusables:53 - output.txt is still empty
2024-07-24 10:22:58 INFO  Reusables:53 - output.txt is still empty
2024-07-24 10:22:58 INFO  Reusables:53 - output.txt is still empty
2024-07-24 10:22:58 INFO  Reusables:53 - output.txt is still empty
2024-07-24 10:22:58 INFO  Reusables:53 - output.txt is still empty
2024-07-24 10:22:58 INFO  Reusables:53 - output.txt is still empty
2024-07-24 10:22:58 INFO  Reusables:53 - output.txt is still empty
2024-07-24 10:22:58 INFO  Reusables:53 - output.txt is still empty
2024-07-24 10:22:58 INFO  Reusables:53 - output.txt is still empty
2024-07-24 10:22:58 INFO  Reusables:53 - output.txt is still empty
2024-07-24 10:22:58 INFO  Reusables:53 - output.txt is still empty
2024-07-24 10:22:58 INFO  Reusables:53 - output.txt is still empty
2024-07-24 10:22:58 INFO  Reusables:53 - output.txt is still empty
2024-07-24 10:22:58 INFO  Reusables:53 - output.txt is still empty
2024-07-24 10:22:58 INFO  Reusables:53 - output.txt is still empty
2024-07-24 10:22:58 INFO  Reusables:53 - output.txt is still empty
2024-07-24 10:22:58 INFO  Reusables:53 - output.txt is still empty
2024-07-24 10:22:58 INFO  Reusables:53 - output.txt is still empty
2024-07-24 10:22:58 INFO  Reusables:53 - output.txt is still empty
2024-07-24 10:22:58 INFO  Reusables:53 - output.txt is still empty
2024-07-24 10:22:58 INFO  Reusables:53 - output.txt is still empty
2024-07-24 10:22:58 INFO  Reusables:53 - output.txt is still empty
2024-07-24 10:22:58 INFO  Reusables:53 - output.txt is still empty
2024-07-24 10:22:58 INFO  Reusables:53 - output.txt is still empty
2024-07-24 10:22:58 INFO  Reusables:53 - output.txt is still empty
2024-07-24 10:22:58 INFO  Reusables:53 - output.txt is still empty
2024-07-24 10:22:58 INFO  Reusables:53 - output.txt is still empty
2024-07-24 10:22:58 INFO  Reusables:53 - output.txt is still empty
2024-07-24 10:22:58 INFO  Reusables:53 - output.txt is still empty
2024-07-24 10:22:58 INFO  Reusables:53 - output.txt is still empty
2024-07-24 10:22:58 INFO  Reusables:53 - output.txt is still empty
2024-07-24 10:22:58 INFO  Reusables:53 - output.txt is still empty
2024-07-24 10:22:58 INFO  Reusables:53 - output.txt is still empty
2024-07-24 10:22:58 INFO  Reusables:53 - output.txt is still empty
2024-07-24 10:22:58 INFO  Reusables:53 - output.txt is still empty
2024-07-24 10:22:58 INFO  Reusables:53 - output.txt is still empty
2024-07-24 10:22:58 INFO  Reusables:53 - output.txt is still empty
2024-07-24 10:22:58 INFO  Reusables:53 - output.txt is still empty
2024-07-24 10:22:58 INFO  Reusables:53 - output.txt is still empty
2024-07-24 10:22:58 INFO  Reusables:53 - output.txt is still empty
2024-07-24 10:22:58 INFO  Reusables:53 - output.txt is still empty
2024-07-24 10:22:58 INFO  Reusables:53 - output.txt is still empty
2024-07-24 10:22:58 INFO  Reusables:53 - output.txt is still empty
2024-07-24 10:22:58 INFO  Reusables:53 - output.txt is still empty
2024-07-24 10:22:58 INFO  Reusables:53 - output.txt is still empty
2024-07-24 10:22:58 INFO  Reusables:53 - output.txt is still empty
2024-07-24 10:22:58 INFO  Reusables:53 - output.txt is still empty
2024-07-24 10:22:58 INFO  Reusables:53 - output.txt is still empty
2024-07-24 10:22:58 INFO  Reusables:53 - output.txt is still empty
2024-07-24 10:22:58 INFO  Reusables:53 - output.txt is still empty
2024-07-24 10:22:58 INFO  Reusables:53 - output.txt is still empty
2024-07-24 10:22:58 INFO  Reusables:53 - output.txt is still empty
2024-07-24 10:22:58 INFO  Reusables:53 - output.txt is still empty
2024-07-24 10:22:58 INFO  Reusables:53 - output.txt is still empty
2024-07-24 10:22:58 INFO  Reusables:53 - output.txt is still empty
2024-07-24 10:22:58 INFO  Reusables:53 - output.txt is still empty
2024-07-24 10:22:58 INFO  Reusables:53 - output.txt is still empty
2024-07-24 10:22:58 INFO  Reusables:53 - output.txt is still empty
2024-07-24 10:22:58 INFO  Reusables:53 - output.txt is still empty
2024-07-24 10:22:58 INFO  Reusables:53 - output.txt is still empty
2024-07-24 10:22:58 INFO  Reusables:53 - output.txt is still empty
2024-07-24 10:22:58 INFO  Reusables:53 - output.txt is still empty
2024-07-24 10:22:58 INFO  Reusables:53 - output.txt is still empty
2024-07-24 10:22:58 INFO  Reusables:53 - output.txt is still empty
2024-07-24 10:22:58 INFO  Reusables:53 - output.txt is still empty
2024-07-24 10:22:58 INFO  Reusables:53 - output.txt is still empty
2024-07-24 10:22:58 INFO  Reusables:53 - output.txt is still empty
2024-07-24 10:22:58 INFO  Reusables:53 - output.txt is still empty
2024-07-24 10:22:58 INFO  Reusables:53 - output.txt is still empty
2024-07-24 10:22:58 INFO  Reusables:53 - output.txt is still empty
2024-07-24 10:22:58 INFO  Reusables:53 - output.txt is still empty
2024-07-24 10:22:58 INFO  Reusables:53 - output.txt is still empty
2024-07-24 10:22:58 INFO  Reusables:53 - output.txt is still empty
2024-07-24 10:22:58 INFO  Reusables:53 - output.txt is still empty
2024-07-24 10:22:58 INFO  Reusables:53 - output.txt is still empty
2024-07-24 10:22:58 INFO  Reusables:53 - output.txt is still empty
2024-07-24 10:22:58 INFO  Reusables:53 - output.txt is still empty
2024-07-24 10:22:58 INFO  Reusables:53 - output.txt is still empty
2024-07-24 10:22:58 INFO  Reusables:53 - output.txt is still empty
2024-07-24 10:22:58 INFO  Reusables:53 - output.txt is still empty
2024-07-24 10:22:58 INFO  Reusables:53 - output.txt is still empty
2024-07-24 10:22:58 INFO  Reusables:53 - output.txt is still empty
2024-07-24 10:22:58 INFO  Reusables:53 - output.txt is still empty
2024-07-24 10:22:58 INFO  Reusables:53 - output.txt is still empty
2024-07-24 10:22:58 INFO  Reusables:53 - output.txt is still empty
2024-07-24 10:22:58 INFO  Reusables:53 - output.txt is still empty
2024-07-24 10:22:58 INFO  Reusables:53 - output.txt is still empty
2024-07-24 10:22:58 INFO  Reusables:53 - output.txt is still empty
2024-07-24 10:22:58 INFO  Reusables:53 - output.txt is still empty
2024-07-24 10:22:58 INFO  Reusables:53 - output.txt is still empty
2024-07-24 10:22:58 INFO  Reusables:53 - output.txt is still empty
2024-07-24 10:22:58 INFO  Reusables:53 - output.txt is still empty
2024-07-24 10:22:58 INFO  Reusables:53 - output.txt is still empty
2024-07-24 10:22:58 INFO  Reusables:53 - output.txt is still empty
2024-07-24 10:22:58 INFO  Reusables:53 - output.txt is still empty
2024-07-24 10:22:58 INFO  Reusables:53 - output.txt is still empty
2024-07-24 10:22:58 INFO  Reusables:53 - output.txt is still empty
2024-07-24 10:22:58 INFO  Reusables:53 - output.txt is still empty
2024-07-24 10:22:58 INFO  Reusables:53 - output.txt is still empty
2024-07-24 10:22:58 INFO  Reusables:53 - output.txt is still empty
2024-07-24 10:22:58 INFO  Reusables:53 - output.txt is still empty
2024-07-24 10:22:58 INFO  Reusables:53 - output.txt is still empty
2024-07-24 10:22:58 INFO  Reusables:53 - output.txt is still empty
2024-07-24 10:22:58 INFO  Reusables:53 - output.txt is still empty
2024-07-24 10:22:58 INFO  Reusables:53 - output.txt is still empty
2024-07-24 10:22:58 INFO  Reusables:53 - output.txt is still empty
2024-07-24 10:22:58 INFO  Reusables:53 - output.txt is still empty
2024-07-24 10:22:58 INFO  Reusables:53 - output.txt is still empty
2024-07-24 10:22:58 INFO  Reusables:53 - output.txt is still empty
2024-07-24 10:22:58 INFO  Reusables:53 - output.txt is still empty
2024-07-24 10:22:58 INFO  Reusables:53 - output.txt is still empty
2024-07-24 10:22:58 INFO  Reusables:53 - output.txt is still empty
2024-07-24 10:22:58 INFO  Reusables:53 - output.txt is still empty
2024-07-24 10:22:58 INFO  Reusables:53 - output.txt is still empty
2024-07-24 10:22:58 INFO  Reusables:53 - output.txt is still empty
2024-07-24 10:22:58 INFO  Reusables:53 - output.txt is still empty
2024-07-24 10:22:58 INFO  Reusables:53 - output.txt is still empty
2024-07-24 10:22:58 INFO  Reusables:53 - output.txt is still empty
2024-07-24 10:22:58 INFO  Reusables:53 - output.txt is still empty
2024-07-24 10:22:58 INFO  Reusables:53 - output.txt is still empty
2024-07-24 10:22:58 INFO  Reusables:53 - output.txt is still empty
2024-07-24 10:22:58 INFO  Reusables:53 - output.txt is still empty
2024-07-24 10:22:58 INFO  Reusables:53 - output.txt is still empty
2024-07-24 10:22:58 INFO  Reusables:53 - output.txt is still empty
2024-07-24 10:22:58 INFO  Reusables:53 - output.txt is still empty
2024-07-24 10:22:58 INFO  Reusables:53 - output.txt is still empty
2024-07-24 10:22:58 INFO  Reusables:53 - output.txt is still empty
2024-07-24 10:22:58 INFO  Reusables:53 - output.txt is still empty
2024-07-24 10:22:58 INFO  Reusables:53 - output.txt is still empty
2024-07-24 10:22:58 INFO  Reusables:53 - output.txt is still empty
2024-07-24 10:22:58 INFO  Reusables:53 - output.txt is still empty
2024-07-24 10:22:58 INFO  Reusables:53 - output.txt is still empty
2024-07-24 10:22:58 INFO  Reusables:53 - output.txt is still empty
2024-07-24 10:22:58 INFO  Reusables:53 - output.txt is still empty
2024-07-24 10:22:58 INFO  Reusables:53 - output.txt is still empty
2024-07-24 10:22:58 INFO  Reusables:53 - output.txt is still empty
2024-07-24 10:22:58 INFO  Reusables:53 - output.txt is still empty
2024-07-24 10:22:58 INFO  Reusables:53 - output.txt is still empty
2024-07-24 10:22:58 INFO  Reusables:53 - output.txt is still empty
2024-07-24 10:22:58 INFO  Reusables:53 - output.txt is still empty
2024-07-24 10:22:58 INFO  Reusables:53 - output.txt is still empty
2024-07-24 10:22:58 INFO  Reusables:53 - output.txt is still empty
2024-07-24 10:22:58 INFO  Reusables:53 - output.txt is still empty
2024-07-24 10:22:58 INFO  Reusables:53 - output.txt is still empty
2024-07-24 10:22:58 INFO  Reusables:53 - output.txt is still empty
2024-07-24 10:22:58 INFO  Reusables:53 - output.txt is still empty
2024-07-24 10:22:58 INFO  Reusables:53 - output.txt is still empty
2024-07-24 10:22:58 INFO  Reusables:53 - output.txt is still empty
2024-07-24 10:22:58 INFO  Reusables:53 - output.txt is still empty
2024-07-24 10:22:58 INFO  Reusables:53 - output.txt is still empty
2024-07-24 10:22:58 INFO  Reusables:53 - output.txt is still empty
2024-07-24 10:22:58 INFO  Reusables:53 - output.txt is still empty
2024-07-24 10:22:58 INFO  Reusables:53 - output.txt is still empty
2024-07-24 10:22:58 INFO  Reusables:53 - output.txt is still empty
2024-07-24 10:22:58 INFO  Reusables:53 - output.txt is still empty
2024-07-24 10:22:58 INFO  Reusables:53 - output.txt is still empty
2024-07-24 10:22:58 INFO  Reusables:53 - output.txt is still empty
2024-07-24 10:22:58 INFO  Reusables:53 - output.txt is still empty
2024-07-24 10:22:58 INFO  Reusables:53 - output.txt is still empty
2024-07-24 10:22:58 INFO  Reusables:53 - output.txt is still empty
2024-07-24 10:22:58 INFO  Reusables:53 - output.txt is still empty
2024-07-24 10:22:58 INFO  Reusables:53 - output.txt is still empty
2024-07-24 10:22:58 INFO  Reusables:53 - output.txt is still empty
2024-07-24 10:22:58 INFO  Reusables:53 - output.txt is still empty
2024-07-24 10:22:58 INFO  Reusables:53 - output.txt is still empty
2024-07-24 10:22:58 INFO  Reusables:53 - output.txt is still empty
2024-07-24 10:22:58 INFO  Reusables:53 - output.txt is still empty
2024-07-24 10:22:58 INFO  Reusables:53 - output.txt is still empty
2024-07-24 10:22:58 INFO  Reusables:53 - output.txt is still empty
2024-07-24 10:22:58 INFO  Reusables:53 - output.txt is still empty
2024-07-24 10:22:58 INFO  Reusables:53 - output.txt is still empty
2024-07-24 10:22:58 INFO  Reusables:53 - output.txt is still empty
2024-07-24 10:22:58 INFO  Reusables:53 - output.txt is still empty
2024-07-24 10:22:58 INFO  Reusables:53 - output.txt is still empty
2024-07-24 10:22:58 INFO  Reusables:53 - output.txt is still empty
2024-07-24 10:22:58 INFO  Reusables:53 - output.txt is still empty
2024-07-24 10:22:58 INFO  Reusables:53 - output.txt is still empty
2024-07-24 10:22:58 INFO  Reusables:53 - output.txt is still empty
2024-07-24 10:22:58 INFO  Reusables:53 - output.txt is still empty
2024-07-24 10:22:58 INFO  Reusables:53 - output.txt is still empty
2024-07-24 10:22:58 INFO  Reusables:53 - output.txt is still empty
2024-07-24 10:22:58 INFO  Reusables:53 - output.txt is still empty
2024-07-24 10:22:58 INFO  Reusables:53 - output.txt is still empty
2024-07-24 10:22:58 INFO  Reusables:53 - output.txt is still empty
2024-07-24 10:22:58 INFO  Reusables:53 - output.txt is still empty
2024-07-24 10:22:58 INFO  Reusables:53 - output.txt is still empty
2024-07-24 10:22:58 INFO  Reusables:53 - output.txt is still empty
2024-07-24 10:22:58 INFO  Reusables:53 - output.txt is still empty
2024-07-24 10:22:58 INFO  Reusables:53 - output.txt is still empty
2024-07-24 10:22:58 INFO  Reusables:53 - output.txt is still empty
2024-07-24 10:22:58 INFO  Reusables:53 - output.txt is still empty
2024-07-24 10:22:58 INFO  Reusables:53 - output.txt is still empty
2024-07-24 10:22:58 INFO  Reusables:53 - output.txt is still empty
2024-07-24 10:22:58 INFO  Reusables:53 - output.txt is still empty
2024-07-24 10:22:58 INFO  Reusables:53 - output.txt is still empty
2024-07-24 10:22:58 INFO  Reusables:53 - output.txt is still empty
2024-07-24 10:22:58 INFO  Reusables:53 - output.txt is still empty
2024-07-24 10:22:58 INFO  Reusables:53 - output.txt is still empty
2024-07-24 10:22:58 INFO  Reusables:53 - output.txt is still empty
2024-07-24 10:22:58 INFO  Reusables:53 - output.txt is still empty
2024-07-24 10:22:58 INFO  Reusables:53 - output.txt is still empty
2024-07-24 10:22:58 INFO  Reusables:53 - output.txt is still empty
2024-07-24 10:22:58 INFO  Reusables:53 - output.txt is still empty
2024-07-24 10:22:58 INFO  Reusables:53 - output.txt is still empty
2024-07-24 10:22:58 INFO  Reusables:53 - output.txt is still empty
2024-07-24 10:22:58 INFO  Reusables:53 - output.txt is still empty
2024-07-24 10:22:58 INFO  Reusables:53 - output.txt is still empty
2024-07-24 10:22:58 INFO  Reusables:53 - output.txt is still empty
2024-07-24 10:22:58 INFO  Reusables:53 - output.txt is still empty
2024-07-24 10:22:58 INFO  Reusables:53 - output.txt is still empty
2024-07-24 10:22:58 INFO  Reusables:53 - output.txt is still empty
2024-07-24 10:22:58 INFO  Reusables:53 - output.txt is still empty
2024-07-24 10:22:58 INFO  Reusables:53 - output.txt is still empty
2024-07-24 10:22:58 INFO  Reusables:53 - output.txt is still empty
2024-07-24 10:22:58 INFO  Reusables:53 - output.txt is still empty
2024-07-24 10:22:58 INFO  Reusables:53 - output.txt is still empty
2024-07-24 10:22:58 INFO  Reusables:53 - output.txt is still empty
2024-07-24 10:22:58 INFO  Reusables:53 - output.txt is still empty
2024-07-24 10:22:58 INFO  Reusables:53 - output.txt is still empty
2024-07-24 10:22:58 INFO  Reusables:53 - output.txt is still empty
2024-07-24 10:22:58 INFO  Reusables:53 - output.txt is still empty
2024-07-24 10:22:58 INFO  Reusables:53 - output.txt is still empty
2024-07-24 10:22:58 INFO  Reusables:53 - output.txt is still empty
2024-07-24 10:22:58 INFO  Reusables:53 - output.txt is still empty
2024-07-24 10:22:58 INFO  Reusables:53 - output.txt is still empty
2024-07-24 10:22:58 INFO  Reusables:53 - output.txt is still empty
2024-07-24 10:22:58 INFO  Reusables:53 - output.txt is still empty
2024-07-24 10:22:58 INFO  Reusables:53 - output.txt is still empty
2024-07-24 10:22:58 INFO  Reusables:53 - output.txt is still empty
2024-07-24 10:22:58 INFO  Reusables:53 - output.txt is still empty
2024-07-24 10:22:58 INFO  Reusables:53 - output.txt is still empty
2024-07-24 10:22:58 INFO  Reusables:53 - output.txt is still empty
2024-07-24 10:22:58 INFO  Reusables:53 - output.txt is still empty
2024-07-24 10:22:58 INFO  Reusables:53 - output.txt is still empty
2024-07-24 10:22:58 INFO  Reusables:53 - output.txt is still empty
2024-07-24 10:22:58 INFO  Reusables:53 - output.txt is still empty
2024-07-24 10:22:58 INFO  Reusables:53 - output.txt is still empty
2024-07-24 10:22:58 INFO  Reusables:53 - output.txt is still empty
2024-07-24 10:22:58 INFO  Reusables:53 - output.txt is still empty
2024-07-24 10:22:58 INFO  Reusables:53 - output.txt is still empty
2024-07-24 10:22:58 INFO  Reusables:53 - output.txt is still empty
2024-07-24 10:22:58 INFO  Reusables:53 - output.txt is still empty
2024-07-24 10:22:58 INFO  Reusables:53 - output.txt is still empty
2024-07-24 10:22:58 INFO  Reusables:53 - output.txt is still empty
2024-07-24 10:22:58 INFO  Reusables:53 - output.txt is still empty
2024-07-24 10:22:58 INFO  Reusables:53 - output.txt is still empty
2024-07-24 10:22:58 INFO  Reusables:53 - output.txt is still empty
2024-07-24 10:22:58 INFO  Reusables:53 - output.txt is still empty
2024-07-24 10:22:58 INFO  Reusables:53 - output.txt is still empty
2024-07-24 10:22:58 INFO  Reusables:53 - output.txt is still empty
2024-07-24 10:22:58 INFO  Reusables:53 - output.txt is still empty
2024-07-24 10:22:58 INFO  Reusables:53 - output.txt is still empty
2024-07-24 10:22:58 INFO  Reusables:53 - output.txt is still empty
2024-07-24 10:22:58 INFO  Reusables:53 - output.txt is still empty
2024-07-24 10:22:58 INFO  Reusables:53 - output.txt is still empty
2024-07-24 10:22:58 INFO  Reusables:53 - output.txt is still empty
2024-07-24 10:22:58 INFO  Reusables:53 - output.txt is still empty
2024-07-24 10:22:58 INFO  Reusables:53 - output.txt is still empty
2024-07-24 10:22:58 INFO  Reusables:53 - output.txt is still empty
2024-07-24 10:22:58 INFO  Reusables:53 - output.txt is still empty
2024-07-24 10:22:58 INFO  Reusables:53 - output.txt is still empty
2024-07-24 10:22:58 INFO  Reusables:53 - output.txt is still empty
2024-07-24 10:22:58 INFO  Reusables:53 - output.txt is still empty
2024-07-24 10:22:58 INFO  Reusables:53 - output.txt is still empty
2024-07-24 10:22:58 INFO  Reusables:53 - output.txt is still empty
2024-07-24 10:22:58 INFO  Reusables:53 - output.txt is still empty
2024-07-24 10:22:58 INFO  Reusables:53 - output.txt is still empty
2024-07-24 10:22:58 INFO  Reusables:53 - output.txt is still empty
2024-07-24 10:22:58 INFO  Reusables:53 - output.txt is still empty
2024-07-24 10:22:58 INFO  Reusables:53 - output.txt is still empty
2024-07-24 10:22:58 INFO  Reusables:53 - output.txt is still empty
2024-07-24 10:22:58 INFO  Reusables:53 - output.txt is still empty
2024-07-24 10:22:58 INFO  Reusables:53 - output.txt is still empty
2024-07-24 10:22:58 INFO  Reusables:53 - output.txt is still empty
2024-07-24 10:22:58 INFO  Reusables:53 - output.txt is still empty
2024-07-24 10:22:58 INFO  Reusables:53 - output.txt is still empty
2024-07-24 10:22:58 INFO  Reusables:53 - output.txt is still empty
2024-07-24 10:22:58 INFO  Reusables:53 - output.txt is still empty
2024-07-24 10:22:58 INFO  Reusables:53 - output.txt is still empty
2024-07-24 10:22:58 INFO  Reusables:53 - output.txt is still empty
2024-07-24 10:22:58 INFO  Reusables:53 - output.txt is still empty
2024-07-24 10:22:58 INFO  Reusables:53 - output.txt is still empty
2024-07-24 10:22:58 INFO  Reusables:53 - output.txt is still empty
2024-07-24 10:22:58 INFO  Reusables:53 - output.txt is still empty
2024-07-24 10:22:58 INFO  Reusables:53 - output.txt is still empty
2024-07-24 10:22:58 INFO  Reusables:53 - output.txt is still empty
2024-07-24 10:22:58 INFO  Reusables:53 - output.txt is still empty
2024-07-24 10:22:58 INFO  Reusables:53 - output.txt is still empty
2024-07-24 10:22:58 INFO  Reusables:53 - output.txt is still empty
2024-07-24 10:22:58 INFO  Reusables:53 - output.txt is still empty
2024-07-24 10:22:58 INFO  Reusables:53 - output.txt is still empty
2024-07-24 10:22:58 INFO  Reusables:53 - output.txt is still empty
2024-07-24 10:22:58 INFO  Reusables:53 - output.txt is still empty
2024-07-24 10:22:58 INFO  Reusables:53 - output.txt is still empty
2024-07-24 10:22:58 INFO  Reusables:53 - output.txt is still empty
2024-07-24 10:22:58 INFO  Reusables:53 - output.txt is still empty
2024-07-24 10:22:58 INFO  Reusables:53 - output.txt is still empty
2024-07-24 10:22:58 INFO  Reusables:53 - output.txt is still empty
2024-07-24 10:22:58 INFO  Reusables:53 - output.txt is still empty
2024-07-24 10:22:58 INFO  Reusables:53 - output.txt is still empty
2024-07-24 10:22:58 INFO  Reusables:53 - output.txt is still empty
2024-07-24 10:22:58 INFO  Reusables:53 - output.txt is still empty
2024-07-24 10:22:58 INFO  Reusables:53 - output.txt is still empty
2024-07-24 10:22:58 INFO  Reusables:53 - output.txt is still empty
2024-07-24 10:22:58 INFO  Reusables:53 - output.txt is still empty
2024-07-24 10:22:58 INFO  Reusables:53 - output.txt is still empty
2024-07-24 10:22:58 INFO  Reusables:53 - output.txt is still empty
2024-07-24 10:22:58 INFO  Reusables:53 - output.txt is still empty
2024-07-24 10:22:58 INFO  Reusables:53 - output.txt is still empty
2024-07-24 10:22:58 INFO  Reusables:53 - output.txt is still empty
2024-07-24 10:22:58 INFO  Reusables:53 - output.txt is still empty
2024-07-24 10:22:58 INFO  Reusables:53 - output.txt is still empty
2024-07-24 10:22:58 INFO  Reusables:53 - output.txt is still empty
2024-07-24 10:22:58 INFO  Reusables:53 - output.txt is still empty
2024-07-24 10:22:58 INFO  Reusables:53 - output.txt is still empty
2024-07-24 10:22:58 INFO  Reusables:53 - output.txt is still empty
2024-07-24 10:22:58 INFO  Reusables:53 - output.txt is still empty
2024-07-24 10:22:58 INFO  Reusables:53 - output.txt is still empty
2024-07-24 10:22:58 INFO  Reusables:53 - output.txt is still empty
2024-07-24 10:22:58 INFO  Reusables:53 - output.txt is still empty
2024-07-24 10:22:58 INFO  Reusables:53 - output.txt is still empty
2024-07-24 10:22:58 INFO  Reusables:53 - output.txt is still empty
2024-07-24 10:22:58 INFO  Reusables:53 - output.txt is still empty
2024-07-24 10:22:58 INFO  Reusables:53 - output.txt is still empty
2024-07-24 10:22:58 INFO  Reusables:53 - output.txt is still empty
2024-07-24 10:22:58 INFO  Reusables:53 - output.txt is still empty
2024-07-24 10:22:58 INFO  Reusables:53 - output.txt is still empty
2024-07-24 10:22:58 INFO  Reusables:53 - output.txt is still empty
2024-07-24 10:22:58 INFO  Reusables:53 - output.txt is still empty
2024-07-24 10:22:58 INFO  Reusables:53 - output.txt is still empty
2024-07-24 10:22:58 INFO  Reusables:53 - output.txt is still empty
2024-07-24 10:22:58 INFO  Reusables:53 - output.txt is still empty
2024-07-24 10:22:58 INFO  Reusables:53 - output.txt is still empty
2024-07-24 10:22:58 INFO  Reusables:53 - output.txt is still empty
2024-07-24 10:22:58 INFO  Reusables:53 - output.txt is still empty
2024-07-24 10:22:58 INFO  Reusables:53 - output.txt is still empty
2024-07-24 10:22:58 INFO  Reusables:53 - output.txt is still empty
2024-07-24 10:22:58 INFO  Reusables:53 - output.txt is still empty
2024-07-24 10:22:58 INFO  Reusables:53 - output.txt is still empty
2024-07-24 10:22:58 INFO  Reusables:53 - output.txt is still empty
2024-07-24 10:22:58 INFO  Reusables:53 - output.txt is still empty
2024-07-24 10:22:58 INFO  Reusables:53 - output.txt is still empty
2024-07-24 10:22:58 INFO  Reusables:53 - output.txt is still empty
2024-07-24 10:22:58 INFO  Reusables:53 - output.txt is still empty
2024-07-24 10:22:58 INFO  Reusables:53 - output.txt is still empty
2024-07-24 10:22:58 INFO  Reusables:53 - output.txt is still empty
2024-07-24 10:22:58 INFO  Reusables:53 - output.txt is still empty
2024-07-24 10:22:58 INFO  Reusables:53 - output.txt is still empty
2024-07-24 10:22:58 INFO  Reusables:53 - output.txt is still empty
2024-07-24 10:22:58 INFO  Reusables:53 - output.txt is still empty
2024-07-24 10:22:58 INFO  Reusables:53 - output.txt is still empty
2024-07-24 10:22:58 INFO  Reusables:53 - output.txt is still empty
2024-07-24 10:22:58 INFO  Reusables:53 - output.txt is still empty
2024-07-24 10:22:58 INFO  Reusables:53 - output.txt is still empty
2024-07-24 10:22:58 INFO  Reusables:53 - output.txt is still empty
2024-07-24 10:22:58 INFO  Reusables:53 - output.txt is still empty
2024-07-24 10:22:58 INFO  Reusables:53 - output.txt is still empty
2024-07-24 10:22:58 INFO  Reusables:53 - output.txt is still empty
2024-07-24 10:22:58 INFO  Reusables:53 - output.txt is still empty
2024-07-24 10:22:58 INFO  Reusables:53 - output.txt is still empty
2024-07-24 10:22:58 INFO  Reusables:53 - output.txt is still empty
2024-07-24 10:22:58 INFO  Reusables:53 - output.txt is still empty
2024-07-24 10:22:58 INFO  Reusables:53 - output.txt is still empty
2024-07-24 10:22:58 INFO  Reusables:53 - output.txt is still empty
2024-07-24 10:22:58 INFO  Reusables:53 - output.txt is still empty
2024-07-24 10:22:58 INFO  Reusables:53 - output.txt is still empty
2024-07-24 10:22:58 INFO  Reusables:53 - output.txt is still empty
2024-07-24 10:22:58 INFO  Reusables:53 - output.txt is still empty
2024-07-24 10:22:58 INFO  Reusables:53 - output.txt is still empty
2024-07-24 10:22:58 INFO  Reusables:53 - output.txt is still empty
2024-07-24 10:22:58 INFO  Reusables:53 - output.txt is still empty
2024-07-24 10:22:58 INFO  Reusables:53 - output.txt is still empty
2024-07-24 10:22:58 INFO  Reusables:53 - output.txt is still empty
2024-07-24 10:22:58 INFO  Reusables:53 - output.txt is still empty
2024-07-24 10:22:58 INFO  Reusables:53 - output.txt is still empty
2024-07-24 10:22:58 INFO  Reusables:53 - output.txt is still empty
2024-07-24 10:22:58 INFO  Reusables:53 - output.txt is still empty
2024-07-24 10:22:58 INFO  Reusables:53 - output.txt is still empty
2024-07-24 10:22:58 INFO  Reusables:53 - output.txt is still empty
2024-07-24 10:22:58 INFO  Reusables:53 - output.txt is still empty
2024-07-24 10:22:58 INFO  Reusables:53 - output.txt is still empty
2024-07-24 10:22:58 INFO  Reusables:53 - output.txt is still empty
2024-07-24 10:22:58 INFO  Reusables:53 - output.txt is still empty
2024-07-24 10:22:58 INFO  Reusables:53 - output.txt is still empty
2024-07-24 10:22:58 INFO  Reusables:53 - output.txt is still empty
2024-07-24 10:22:58 INFO  Reusables:53 - output.txt is still empty
2024-07-24 10:22:58 INFO  Reusables:53 - output.txt is still empty
2024-07-24 10:22:58 INFO  Reusables:53 - output.txt is still empty
2024-07-24 10:22:58 INFO  Reusables:53 - output.txt is still empty
2024-07-24 10:22:58 INFO  Reusables:53 - output.txt is still empty
2024-07-24 10:22:58 INFO  Reusables:53 - output.txt is still empty
2024-07-24 10:22:58 INFO  Reusables:53 - output.txt is still empty
2024-07-24 10:22:58 INFO  Reusables:53 - output.txt is still empty
2024-07-24 10:22:58 INFO  Reusables:53 - output.txt is still empty
2024-07-24 10:22:58 INFO  Reusables:53 - output.txt is still empty
2024-07-24 10:22:58 INFO  Reusables:53 - output.txt is still empty
2024-07-24 10:22:58 INFO  Reusables:53 - output.txt is still empty
2024-07-24 10:22:58 INFO  Reusables:53 - output.txt is still empty
2024-07-24 10:22:58 INFO  Reusables:53 - output.txt is still empty
2024-07-24 10:22:58 INFO  Reusables:53 - output.txt is still empty
2024-07-24 10:22:58 INFO  Reusables:53 - output.txt is still empty
2024-07-24 10:22:58 INFO  Reusables:53 - output.txt is still empty
2024-07-24 10:22:58 INFO  Reusables:53 - output.txt is still empty
2024-07-24 10:22:58 INFO  Reusables:53 - output.txt is still empty
2024-07-24 10:22:58 INFO  Reusables:53 - output.txt is still empty
2024-07-24 10:22:58 INFO  Reusables:53 - output.txt is still empty
2024-07-24 10:22:58 INFO  Reusables:53 - output.txt is still empty
2024-07-24 10:22:58 INFO  Reusables:53 - output.txt is still empty
2024-07-24 10:22:58 INFO  Reusables:53 - output.txt is still empty
2024-07-24 10:22:58 INFO  Reusables:53 - output.txt is still empty
2024-07-24 10:22:58 INFO  Reusables:53 - output.txt is still empty
2024-07-24 10:22:58 INFO  Reusables:53 - output.txt is still empty
2024-07-24 10:22:58 INFO  Reusables:53 - output.txt is still empty
2024-07-24 10:22:58 INFO  Reusables:53 - output.txt is still empty
2024-07-24 10:22:58 INFO  Reusables:53 - output.txt is still empty
2024-07-24 10:22:58 INFO  Reusables:53 - output.txt is still empty
2024-07-24 10:22:58 INFO  Reusables:53 - output.txt is still empty
2024-07-24 10:22:58 INFO  Reusables:53 - output.txt is still empty
2024-07-24 10:22:58 INFO  Reusables:53 - output.txt is still empty
2024-07-24 10:22:58 INFO  Reusables:53 - output.txt is still empty
2024-07-24 10:22:58 INFO  Reusables:53 - output.txt is still empty
2024-07-24 10:22:58 INFO  Reusables:53 - output.txt is still empty
2024-07-24 10:22:58 INFO  Reusables:53 - output.txt is still empty
2024-07-24 10:22:58 INFO  Reusables:53 - output.txt is still empty
2024-07-24 10:22:58 INFO  Reusables:53 - output.txt is still empty
2024-07-24 10:22:58 INFO  Reusables:53 - output.txt is still empty
2024-07-24 10:22:58 INFO  Reusables:53 - output.txt is still empty
2024-07-24 10:22:58 INFO  Reusables:53 - output.txt is still empty
2024-07-24 10:22:58 INFO  Reusables:53 - output.txt is still empty
2024-07-24 10:22:58 INFO  Reusables:53 - output.txt is still empty
2024-07-24 10:22:58 INFO  Reusables:53 - output.txt is still empty
2024-07-24 10:22:58 INFO  Reusables:53 - output.txt is still empty
2024-07-24 10:22:58 INFO  Reusables:53 - output.txt is still empty
2024-07-24 10:22:58 INFO  Reusables:53 - output.txt is still empty
2024-07-24 10:22:58 INFO  Reusables:53 - output.txt is still empty
2024-07-24 10:22:58 INFO  Reusables:53 - output.txt is still empty
2024-07-24 10:22:58 INFO  Reusables:53 - output.txt is still empty
2024-07-24 10:22:58 INFO  Reusables:53 - output.txt is still empty
2024-07-24 10:22:58 INFO  Reusables:53 - output.txt is still empty
2024-07-24 10:22:58 INFO  Reusables:53 - output.txt is still empty
2024-07-24 10:22:58 INFO  Reusables:53 - output.txt is still empty
2024-07-24 10:22:58 INFO  Reusables:53 - output.txt is still empty
2024-07-24 10:22:58 INFO  Reusables:53 - output.txt is still empty
2024-07-24 10:22:58 INFO  Reusables:53 - output.txt is still empty
2024-07-24 10:22:58 INFO  Reusables:53 - output.txt is still empty
2024-07-24 10:22:58 INFO  Reusables:53 - output.txt is still empty
2024-07-24 10:22:58 INFO  Reusables:53 - output.txt is still empty
2024-07-24 10:22:58 INFO  Reusables:53 - output.txt is still empty
2024-07-24 10:22:58 INFO  Reusables:53 - output.txt is still empty
2024-07-24 10:22:58 INFO  Reusables:53 - output.txt is still empty
2024-07-24 10:22:58 INFO  Reusables:53 - output.txt is still empty
2024-07-24 10:22:58 INFO  Reusables:53 - output.txt is still empty
2024-07-24 10:22:58 INFO  Reusables:53 - output.txt is still empty
2024-07-24 10:22:58 INFO  Reusables:53 - output.txt is still empty
2024-07-24 10:22:58 INFO  Reusables:53 - output.txt is still empty
2024-07-24 10:22:58 INFO  Reusables:53 - output.txt is still empty
2024-07-24 10:22:58 INFO  Reusables:53 - output.txt is still empty
2024-07-24 10:22:58 INFO  Reusables:53 - output.txt is still empty
2024-07-24 10:22:58 INFO  Reusables:53 - output.txt is still empty
2024-07-24 10:22:58 INFO  Reusables:53 - output.txt is still empty
2024-07-24 10:22:58 INFO  Reusables:53 - output.txt is still empty
2024-07-24 10:22:58 INFO  Reusables:53 - output.txt is still empty
2024-07-24 10:22:58 INFO  Reusables:53 - output.txt is still empty
2024-07-24 10:22:58 INFO  Reusables:53 - output.txt is still empty
2024-07-24 10:22:58 INFO  Reusables:53 - output.txt is still empty
2024-07-24 10:22:58 INFO  Reusables:53 - output.txt is still empty
2024-07-24 10:22:58 INFO  Reusables:53 - output.txt is still empty
2024-07-24 10:22:58 INFO  Reusables:53 - output.txt is still empty
2024-07-24 10:22:58 INFO  Reusables:53 - output.txt is still empty
2024-07-24 10:22:58 INFO  Reusables:53 - output.txt is still empty
2024-07-24 10:22:58 INFO  Reusables:53 - output.txt is still empty
2024-07-24 10:22:58 INFO  Reusables:53 - output.txt is still empty
2024-07-24 10:22:58 INFO  Reusables:53 - output.txt is still empty
2024-07-24 10:22:58 INFO  Reusables:53 - output.txt is still empty
2024-07-24 10:22:58 INFO  Reusables:53 - output.txt is still empty
2024-07-24 10:22:58 INFO  Reusables:53 - output.txt is still empty
2024-07-24 10:22:58 INFO  Reusables:53 - output.txt is still empty
2024-07-24 10:22:58 INFO  Reusables:53 - output.txt is still empty
2024-07-24 10:22:58 INFO  Reusables:53 - output.txt is still empty
2024-07-24 10:22:58 INFO  Reusables:53 - output.txt is still empty
2024-07-24 10:22:58 INFO  Reusables:53 - output.txt is still empty
2024-07-24 10:22:58 INFO  Reusables:53 - output.txt is still empty
2024-07-24 10:22:58 INFO  Reusables:53 - output.txt is still empty
2024-07-24 10:22:58 INFO  Reusables:53 - output.txt is still empty
2024-07-24 10:22:58 INFO  Reusables:53 - output.txt is still empty
2024-07-24 10:22:58 INFO  Reusables:53 - output.txt is still empty
2024-07-24 10:22:58 INFO  Reusables:53 - output.txt is still empty
2024-07-24 10:22:58 INFO  Reusables:53 - output.txt is still empty
2024-07-24 10:22:58 INFO  Reusables:53 - output.txt is still empty
2024-07-24 10:22:58 INFO  Reusables:53 - output.txt is still empty
2024-07-24 10:22:58 INFO  Reusables:53 - output.txt is still empty
2024-07-24 10:22:58 INFO  Reusables:53 - output.txt is still empty
2024-07-24 10:22:58 INFO  Reusables:53 - output.txt is still empty
2024-07-24 10:22:58 INFO  Reusables:53 - output.txt is still empty
2024-07-24 10:22:58 INFO  Reusables:53 - output.txt is still empty
2024-07-24 10:22:58 INFO  Reusables:53 - output.txt is still empty
2024-07-24 10:22:58 INFO  Reusables:53 - output.txt is still empty
2024-07-24 10:22:58 INFO  Reusables:53 - output.txt is still empty
2024-07-24 10:22:58 INFO  Reusables:53 - output.txt is still empty
2024-07-24 10:22:58 INFO  Reusables:53 - output.txt is still empty
2024-07-24 10:22:58 INFO  Reusables:53 - output.txt is still empty
2024-07-24 10:22:58 INFO  Reusables:53 - output.txt is still empty
2024-07-24 10:22:58 INFO  Reusables:53 - output.txt is still empty
2024-07-24 10:22:58 INFO  Reusables:53 - output.txt is still empty
2024-07-24 10:22:58 INFO  Reusables:53 - output.txt is still empty
2024-07-24 10:22:58 INFO  Reusables:53 - output.txt is still empty
2024-07-24 10:22:58 INFO  Reusables:53 - output.txt is still empty
2024-07-24 10:22:58 INFO  Reusables:53 - output.txt is still empty
2024-07-24 10:22:58 INFO  Reusables:53 - output.txt is still empty
2024-07-24 10:22:58 INFO  Reusables:53 - output.txt is still empty
2024-07-24 10:22:58 INFO  Reusables:53 - output.txt is still empty
2024-07-24 10:22:58 INFO  Reusables:53 - output.txt is still empty
2024-07-24 10:22:58 INFO  Reusables:53 - output.txt is still empty
2024-07-24 10:22:58 INFO  Reusables:53 - output.txt is still empty
2024-07-24 10:22:58 INFO  Reusables:53 - output.txt is still empty
2024-07-24 10:22:58 INFO  Reusables:53 - output.txt is still empty
2024-07-24 10:22:58 INFO  Reusables:53 - output.txt is still empty
2024-07-24 10:22:58 INFO  Reusables:53 - output.txt is still empty
2024-07-24 10:22:58 INFO  Reusables:53 - output.txt is still empty
2024-07-24 10:22:58 INFO  Reusables:53 - output.txt is still empty
2024-07-24 10:22:58 INFO  Reusables:53 - output.txt is still empty
2024-07-24 10:22:58 INFO  Reusables:53 - output.txt is still empty
2024-07-24 10:22:58 INFO  Reusables:53 - output.txt is still empty
2024-07-24 10:22:58 INFO  Reusables:53 - output.txt is still empty
2024-07-24 10:22:58 INFO  Reusables:53 - output.txt is still empty
2024-07-24 10:22:58 INFO  Reusables:53 - output.txt is still empty
2024-07-24 10:22:58 INFO  Reusables:53 - output.txt is still empty
2024-07-24 10:22:58 INFO  Reusables:53 - output.txt is still empty
2024-07-24 10:22:58 INFO  Reusables:53 - output.txt is still empty
2024-07-24 10:22:58 INFO  Reusables:53 - output.txt is still empty
2024-07-24 10:22:58 INFO  Reusables:53 - output.txt is still empty
2024-07-24 10:22:58 INFO  Reusables:53 - output.txt is still empty
2024-07-24 10:22:58 INFO  Reusables:53 - output.txt is still empty
2024-07-24 10:22:58 INFO  Reusables:53 - output.txt is still empty
2024-07-24 10:22:58 INFO  Reusables:53 - output.txt is still empty
2024-07-24 10:22:58 INFO  Reusables:53 - output.txt is still empty
2024-07-24 10:22:58 INFO  Reusables:53 - output.txt is still empty
2024-07-24 10:22:58 INFO  Reusables:53 - output.txt is still empty
2024-07-24 10:22:58 INFO  Reusables:53 - output.txt is still empty
2024-07-24 10:22:58 INFO  Reusables:53 - output.txt is still empty
2024-07-24 10:22:58 INFO  Reusables:53 - output.txt is still empty
2024-07-24 10:22:58 INFO  Reusables:53 - output.txt is still empty
2024-07-24 10:22:58 INFO  Reusables:53 - output.txt is still empty
2024-07-24 10:22:58 INFO  Reusables:53 - output.txt is still empty
2024-07-24 10:22:58 INFO  Reusables:53 - output.txt is still empty
2024-07-24 10:22:58 INFO  Reusables:53 - output.txt is still empty
2024-07-24 10:22:58 INFO  Reusables:53 - output.txt is still empty
2024-07-24 10:22:58 INFO  Reusables:53 - output.txt is still empty
2024-07-24 10:22:58 INFO  Reusables:53 - output.txt is still empty
2024-07-24 10:22:58 INFO  Reusables:53 - output.txt is still empty
2024-07-24 10:22:58 INFO  Reusables:53 - output.txt is still empty
2024-07-24 10:22:58 INFO  Reusables:53 - output.txt is still empty
2024-07-24 10:22:58 INFO  Reusables:53 - output.txt is still empty
2024-07-24 10:22:58 INFO  Reusables:53 - output.txt is still empty
2024-07-24 10:22:58 INFO  Reusables:53 - output.txt is still empty
2024-07-24 10:22:58 INFO  Reusables:53 - output.txt is still empty
2024-07-24 10:22:58 INFO  Reusables:53 - output.txt is still empty
2024-07-24 10:22:58 INFO  Reusables:53 - output.txt is still empty
2024-07-24 10:22:58 INFO  Reusables:53 - output.txt is still empty
2024-07-24 10:22:58 INFO  Reusables:53 - output.txt is still empty
2024-07-24 10:22:58 INFO  Reusables:53 - output.txt is still empty
2024-07-24 10:22:58 INFO  Reusables:53 - output.txt is still empty
2024-07-24 10:22:58 INFO  Reusables:53 - output.txt is still empty
2024-07-24 10:22:58 INFO  Reusables:53 - output.txt is still empty
2024-07-24 10:22:58 INFO  Reusables:53 - output.txt is still empty
2024-07-24 10:22:58 INFO  Reusables:53 - output.txt is still empty
2024-07-24 10:22:58 INFO  Reusables:53 - output.txt is still empty
2024-07-24 10:22:58 INFO  Reusables:53 - output.txt is still empty
2024-07-24 10:22:58 INFO  Reusables:53 - output.txt is still empty
2024-07-24 10:22:58 INFO  Reusables:53 - output.txt is still empty
2024-07-24 10:22:58 INFO  Reusables:53 - output.txt is still empty
2024-07-24 10:22:58 INFO  Reusables:53 - output.txt is still empty
2024-07-24 10:22:58 INFO  Reusables:53 - output.txt is still empty
2024-07-24 10:22:58 INFO  Reusables:53 - output.txt is still empty
2024-07-24 10:22:58 INFO  Reusables:53 - output.txt is still empty
2024-07-24 10:22:58 INFO  Reusables:53 - output.txt is still empty
2024-07-24 10:22:58 INFO  Reusables:53 - output.txt is still empty
2024-07-24 10:22:58 INFO  Reusables:53 - output.txt is still empty
2024-07-24 10:22:58 INFO  Reusables:53 - output.txt is still empty
2024-07-24 10:22:58 INFO  Reusables:53 - output.txt is still empty
2024-07-24 10:22:58 INFO  Reusables:53 - output.txt is still empty
2024-07-24 10:22:58 INFO  Reusables:53 - output.txt is still empty
2024-07-24 10:22:58 INFO  Reusables:53 - output.txt is still empty
2024-07-24 10:22:58 INFO  Reusables:53 - output.txt is still empty
2024-07-24 10:22:58 INFO  Reusables:53 - output.txt is still empty
2024-07-24 10:22:58 INFO  Reusables:53 - output.txt is still empty
2024-07-24 10:22:58 INFO  Reusables:53 - output.txt is still empty
2024-07-24 10:22:58 INFO  Reusables:53 - output.txt is still empty
2024-07-24 10:22:58 INFO  Reusables:53 - output.txt is still empty
2024-07-24 10:22:58 INFO  Reusables:53 - output.txt is still empty
2024-07-24 10:22:58 INFO  Reusables:53 - output.txt is still empty
2024-07-24 10:22:58 INFO  Reusables:53 - output.txt is still empty
2024-07-24 10:22:58 INFO  Reusables:53 - output.txt is still empty
2024-07-24 10:22:58 INFO  Reusables:53 - output.txt is still empty
2024-07-24 10:22:58 INFO  Reusables:53 - output.txt is still empty
2024-07-24 10:22:58 INFO  Reusables:53 - output.txt is still empty
2024-07-24 10:22:58 INFO  Reusables:53 - output.txt is still empty
2024-07-24 10:22:58 INFO  Reusables:53 - output.txt is still empty
2024-07-24 10:22:58 INFO  Reusables:53 - output.txt is still empty
2024-07-24 10:22:58 INFO  Reusables:53 - output.txt is still empty
2024-07-24 10:22:58 INFO  Reusables:53 - output.txt is still empty
2024-07-24 10:22:58 INFO  Reusables:53 - output.txt is still empty
2024-07-24 10:22:58 INFO  Reusables:53 - output.txt is still empty
2024-07-24 10:22:58 INFO  Reusables:53 - output.txt is still empty
2024-07-24 10:22:58 INFO  Reusables:53 - output.txt is still empty
2024-07-24 10:22:58 INFO  Reusables:53 - output.txt is still empty
2024-07-24 10:22:58 INFO  Reusables:53 - output.txt is still empty
2024-07-24 10:22:58 INFO  Reusables:53 - output.txt is still empty
2024-07-24 10:22:58 INFO  Reusables:53 - output.txt is still empty
2024-07-24 10:22:58 INFO  Reusables:53 - output.txt is still empty
2024-07-24 10:22:58 INFO  Reusables:53 - output.txt is still empty
2024-07-24 10:22:58 INFO  Reusables:53 - output.txt is still empty
2024-07-24 10:22:58 INFO  Reusables:53 - output.txt is still empty
2024-07-24 10:22:58 INFO  Reusables:53 - output.txt is still empty
2024-07-24 10:22:58 INFO  Reusables:53 - output.txt is still empty
2024-07-24 10:22:58 INFO  Reusables:53 - output.txt is still empty
2024-07-24 10:22:58 INFO  Reusables:53 - output.txt is still empty
2024-07-24 10:22:58 INFO  Reusables:53 - output.txt is still empty
2024-07-24 10:22:58 INFO  Reusables:53 - output.txt is still empty
2024-07-24 10:22:58 INFO  Reusables:53 - output.txt is still empty
2024-07-24 10:22:58 INFO  Reusables:53 - output.txt is still empty
2024-07-24 10:22:58 INFO  Reusables:53 - output.txt is still empty
2024-07-24 10:22:58 INFO  Reusables:53 - output.txt is still empty
2024-07-24 10:22:58 INFO  Reusables:53 - output.txt is still empty
2024-07-24 10:22:58 INFO  Reusables:53 - output.txt is still empty
2024-07-24 10:22:58 INFO  Reusables:53 - output.txt is still empty
2024-07-24 10:22:58 INFO  Reusables:53 - output.txt is still empty
2024-07-24 10:22:58 INFO  Reusables:53 - output.txt is still empty
2024-07-24 10:22:58 INFO  Reusables:53 - output.txt is still empty
2024-07-24 10:22:58 INFO  Reusables:53 - output.txt is still empty
2024-07-24 10:22:58 INFO  Reusables:53 - output.txt is still empty
2024-07-24 10:22:58 INFO  Reusables:53 - output.txt is still empty
2024-07-24 10:22:58 INFO  Reusables:53 - output.txt is still empty
2024-07-24 10:22:58 INFO  Reusables:53 - output.txt is still empty
2024-07-24 10:22:58 INFO  Reusables:53 - output.txt is still empty
2024-07-24 10:22:58 INFO  Reusables:53 - output.txt is still empty
2024-07-24 10:22:58 INFO  Reusables:53 - output.txt is still empty
2024-07-24 10:22:58 INFO  Reusables:53 - output.txt is still empty
2024-07-24 10:22:58 INFO  Reusables:53 - output.txt is still empty
2024-07-24 10:22:58 INFO  Reusables:53 - output.txt is still empty
2024-07-24 10:22:58 INFO  Reusables:53 - output.txt is still empty
2024-07-24 10:22:58 INFO  Reusables:53 - output.txt is still empty
2024-07-24 10:22:58 INFO  Reusables:53 - output.txt is still empty
2024-07-24 10:22:58 INFO  Reusables:53 - output.txt is still empty
2024-07-24 10:22:58 INFO  Reusables:53 - output.txt is still empty
2024-07-24 10:22:58 INFO  Reusables:53 - output.txt is still empty
2024-07-24 10:22:58 INFO  Reusables:53 - output.txt is still empty
2024-07-24 10:22:58 INFO  Reusables:53 - output.txt is still empty
2024-07-24 10:22:58 INFO  Reusables:53 - output.txt is still empty
2024-07-24 10:22:58 INFO  Reusables:53 - output.txt is still empty
2024-07-24 10:22:58 INFO  Reusables:53 - output.txt is still empty
2024-07-24 10:22:58 INFO  Reusables:53 - output.txt is still empty
2024-07-24 10:22:58 INFO  Reusables:53 - output.txt is still empty
2024-07-24 10:22:58 INFO  Reusables:53 - output.txt is still empty
2024-07-24 10:22:58 INFO  Reusables:53 - output.txt is still empty
2024-07-24 10:22:58 INFO  Reusables:53 - output.txt is still empty
2024-07-24 10:22:58 INFO  Reusables:53 - output.txt is still empty
2024-07-24 10:22:58 INFO  Reusables:53 - output.txt is still empty
2024-07-24 10:22:58 INFO  Reusables:53 - output.txt is still empty
2024-07-24 10:22:58 INFO  Reusables:53 - output.txt is still empty
2024-07-24 10:22:58 INFO  Reusables:53 - output.txt is still empty
2024-07-24 10:22:58 INFO  Reusables:53 - output.txt is still empty
2024-07-24 10:22:58 INFO  Reusables:53 - output.txt is still empty
2024-07-24 10:22:58 INFO  Reusables:53 - output.txt is still empty
2024-07-24 10:22:58 INFO  Reusables:53 - output.txt is still empty
2024-07-24 10:22:58 INFO  Reusables:53 - output.txt is still empty
2024-07-24 10:22:58 INFO  Reusables:53 - output.txt is still empty
2024-07-24 10:22:58 INFO  Reusables:53 - output.txt is still empty
2024-07-24 10:22:58 INFO  Reusables:53 - output.txt is still empty
2024-07-24 10:22:58 INFO  Reusables:53 - output.txt is still empty
2024-07-24 10:22:58 INFO  Reusables:53 - output.txt is still empty
2024-07-24 10:22:58 INFO  Reusables:53 - output.txt is still empty
2024-07-24 10:22:58 INFO  Reusables:53 - output.txt is still empty
2024-07-24 10:22:58 INFO  Reusables:53 - output.txt is still empty
2024-07-24 10:22:58 INFO  Reusables:53 - output.txt is still empty
2024-07-24 10:22:58 INFO  Reusables:53 - output.txt is still empty
2024-07-24 10:22:58 INFO  Reusables:53 - output.txt is still empty
2024-07-24 10:22:58 INFO  Reusables:53 - output.txt is still empty
2024-07-24 10:22:58 INFO  Reusables:53 - output.txt is still empty
2024-07-24 10:22:58 INFO  Reusables:53 - output.txt is still empty
2024-07-24 10:22:58 INFO  Reusables:53 - output.txt is still empty
2024-07-24 10:22:58 INFO  Reusables:53 - output.txt is still empty
2024-07-24 10:22:58 INFO  Reusables:53 - output.txt is still empty
2024-07-24 10:22:58 INFO  Reusables:53 - output.txt is still empty
2024-07-24 10:22:58 INFO  Reusables:53 - output.txt is still empty
2024-07-24 10:22:58 INFO  Reusables:53 - output.txt is still empty
2024-07-24 10:22:58 INFO  Reusables:53 - output.txt is still empty
2024-07-24 10:22:58 INFO  Reusables:53 - output.txt is still empty
2024-07-24 10:22:58 INFO  Reusables:53 - output.txt is still empty
2024-07-24 10:22:58 INFO  Reusables:53 - output.txt is still empty
2024-07-24 10:22:58 INFO  Reusables:53 - output.txt is still empty
2024-07-24 10:22:58 INFO  Reusables:53 - output.txt is still empty
2024-07-24 10:22:58 INFO  Reusables:53 - output.txt is still empty
2024-07-24 10:22:58 INFO  Reusables:53 - output.txt is still empty
2024-07-24 10:22:58 INFO  Reusables:53 - output.txt is still empty
2024-07-24 10:22:58 INFO  Reusables:53 - output.txt is still empty
2024-07-24 10:22:58 INFO  Reusables:53 - output.txt is still empty
2024-07-24 10:22:58 INFO  Reusables:53 - output.txt is still empty
2024-07-24 10:22:58 INFO  Reusables:53 - output.txt is still empty
2024-07-24 10:22:58 INFO  Reusables:53 - output.txt is still empty
2024-07-24 10:22:58 INFO  Reusables:53 - output.txt is still empty
2024-07-24 10:22:58 INFO  Reusables:53 - output.txt is still empty
2024-07-24 10:22:58 INFO  Reusables:53 - output.txt is still empty
2024-07-24 10:22:58 INFO  Reusables:53 - output.txt is still empty
2024-07-24 10:22:58 INFO  Reusables:53 - output.txt is still empty
2024-07-24 10:22:58 INFO  Reusables:53 - output.txt is still empty
2024-07-24 10:22:58 INFO  Reusables:53 - output.txt is still empty
2024-07-24 10:22:58 INFO  Reusables:53 - output.txt is still empty
2024-07-24 10:22:58 INFO  Reusables:53 - output.txt is still empty
2024-07-24 10:22:58 INFO  Reusables:53 - output.txt is still empty
2024-07-24 10:22:58 INFO  Reusables:53 - output.txt is still empty
2024-07-24 10:22:58 INFO  Reusables:53 - output.txt is still empty
2024-07-24 10:22:58 INFO  Reusables:53 - output.txt is still empty
2024-07-24 10:22:58 INFO  Reusables:53 - output.txt is still empty
2024-07-24 10:22:58 INFO  Reusables:53 - output.txt is still empty
2024-07-24 10:22:58 INFO  Reusables:53 - output.txt is still empty
2024-07-24 10:22:58 INFO  Reusables:53 - output.txt is still empty
2024-07-24 10:22:58 INFO  Reusables:53 - output.txt is still empty
2024-07-24 10:22:58 INFO  Reusables:53 - output.txt is still empty
2024-07-24 10:22:58 INFO  Reusables:53 - output.txt is still empty
2024-07-24 10:22:58 INFO  Reusables:53 - output.txt is still empty
2024-07-24 10:22:58 INFO  Reusables:53 - output.txt is still empty
2024-07-24 10:22:58 INFO  Reusables:53 - output.txt is still empty
2024-07-24 10:22:58 INFO  Reusables:53 - output.txt is still empty
2024-07-24 10:22:58 INFO  Reusables:53 - output.txt is still empty
2024-07-24 10:22:58 INFO  Reusables:53 - output.txt is still empty
2024-07-24 10:22:58 INFO  Reusables:53 - output.txt is still empty
2024-07-24 10:22:58 INFO  Reusables:53 - output.txt is still empty
2024-07-24 10:22:58 INFO  Reusables:53 - output.txt is still empty
2024-07-24 10:22:58 INFO  Reusables:53 - output.txt is still empty
2024-07-24 10:22:58 INFO  Reusables:53 - output.txt is still empty
2024-07-24 10:22:58 INFO  Reusables:53 - output.txt is still empty
2024-07-24 10:22:58 INFO  Reusables:53 - output.txt is still empty
2024-07-24 10:22:58 INFO  Reusables:53 - output.txt is still empty
2024-07-24 10:22:58 INFO  Reusables:53 - output.txt is still empty
2024-07-24 10:22:58 INFO  Reusables:53 - output.txt is still empty
2024-07-24 10:22:58 INFO  Reusables:53 - output.txt is still empty
2024-07-24 10:22:58 INFO  Reusables:53 - output.txt is still empty
2024-07-24 10:22:58 INFO  Reusables:53 - output.txt is still empty
2024-07-24 10:22:58 INFO  Reusables:53 - output.txt is still empty
2024-07-24 10:22:58 INFO  Reusables:53 - output.txt is still empty
2024-07-24 10:22:58 INFO  Reusables:53 - output.txt is still empty
2024-07-24 10:22:58 INFO  Reusables:53 - output.txt is still empty
2024-07-24 10:22:58 INFO  Reusables:53 - output.txt is still empty
2024-07-24 10:22:58 INFO  Reusables:53 - output.txt is still empty
2024-07-24 10:22:58 INFO  Reusables:53 - output.txt is still empty
2024-07-24 10:22:58 INFO  Reusables:53 - output.txt is still empty
2024-07-24 10:22:58 INFO  Reusables:53 - output.txt is still empty
2024-07-24 10:22:58 INFO  Reusables:53 - output.txt is still empty
2024-07-24 10:22:58 INFO  Reusables:53 - output.txt is still empty
2024-07-24 10:22:58 INFO  Reusables:53 - output.txt is still empty
2024-07-24 10:22:58 INFO  Reusables:53 - output.txt is still empty
2024-07-24 10:22:58 INFO  Reusables:53 - output.txt is still empty
2024-07-24 10:22:58 INFO  Reusables:53 - output.txt is still empty
2024-07-24 10:22:58 INFO  Reusables:53 - output.txt is still empty
2024-07-24 10:22:58 INFO  Reusables:53 - output.txt is still empty
2024-07-24 10:22:58 INFO  Reusables:53 - output.txt is still empty
2024-07-24 10:22:58 INFO  Reusables:53 - output.txt is still empty
2024-07-24 10:22:58 INFO  Reusables:53 - output.txt is still empty
2024-07-24 10:22:58 INFO  Reusables:53 - output.txt is still empty
2024-07-24 10:22:58 INFO  Reusables:53 - output.txt is still empty
2024-07-24 10:22:58 INFO  Reusables:53 - output.txt is still empty
2024-07-24 10:22:58 INFO  Reusables:53 - output.txt is still empty
2024-07-24 10:22:58 INFO  Reusables:53 - output.txt is still empty
2024-07-24 10:22:58 INFO  Reusables:53 - output.txt is still empty
2024-07-24 10:22:58 INFO  Reusables:53 - output.txt is still empty
2024-07-24 10:22:58 INFO  Reusables:53 - output.txt is still empty
2024-07-24 10:22:58 INFO  Reusables:53 - output.txt is still empty
2024-07-24 10:22:58 INFO  Reusables:53 - output.txt is still empty
2024-07-24 10:22:58 INFO  Reusables:53 - output.txt is still empty
2024-07-24 10:22:58 INFO  Reusables:53 - output.txt is still empty
2024-07-24 10:22:58 INFO  Reusables:53 - output.txt is still empty
2024-07-24 10:22:58 INFO  Reusables:53 - output.txt is still empty
2024-07-24 10:22:58 INFO  Reusables:53 - output.txt is still empty
2024-07-24 10:22:58 INFO  Reusables:53 - output.txt is still empty
2024-07-24 10:22:58 INFO  Reusables:53 - output.txt is still empty
2024-07-24 10:22:58 INFO  Reusables:53 - output.txt is still empty
2024-07-24 10:22:58 INFO  Reusables:53 - output.txt is still empty
2024-07-24 10:22:58 INFO  Reusables:53 - output.txt is still empty
2024-07-24 10:22:58 INFO  Reusables:53 - output.txt is still empty
2024-07-24 10:22:58 INFO  Reusables:53 - output.txt is still empty
2024-07-24 10:22:58 INFO  Reusables:53 - output.txt is still empty
2024-07-24 10:22:58 INFO  Reusables:53 - output.txt is still empty
2024-07-24 10:22:58 INFO  Reusables:53 - output.txt is still empty
2024-07-24 10:22:58 INFO  Reusables:53 - output.txt is still empty
2024-07-24 10:22:58 INFO  Reusables:53 - output.txt is still empty
2024-07-24 10:22:58 INFO  Reusables:53 - output.txt is still empty
2024-07-24 10:22:58 INFO  Reusables:53 - output.txt is still empty
2024-07-24 10:22:58 INFO  Reusables:53 - output.txt is still empty
2024-07-24 10:22:58 INFO  Reusables:53 - output.txt is still empty
2024-07-24 10:22:58 INFO  Reusables:53 - output.txt is still empty
2024-07-24 10:22:58 INFO  Reusables:53 - output.txt is still empty
2024-07-24 10:22:58 INFO  Reusables:53 - output.txt is still empty
2024-07-24 10:22:58 INFO  Reusables:53 - output.txt is still empty
2024-07-24 10:22:58 INFO  Reusables:53 - output.txt is still empty
2024-07-24 10:22:58 INFO  Reusables:53 - output.txt is still empty
2024-07-24 10:22:58 INFO  Reusables:53 - output.txt is still empty
2024-07-24 10:22:58 INFO  Reusables:53 - output.txt is still empty
2024-07-24 10:22:58 INFO  Reusables:53 - output.txt is still empty
2024-07-24 10:22:58 INFO  Reusables:53 - output.txt is still empty
2024-07-24 10:22:58 INFO  Reusables:53 - output.txt is still empty
2024-07-24 10:22:58 INFO  Reusables:53 - output.txt is still empty
2024-07-24 10:22:58 INFO  Reusables:53 - output.txt is still empty
2024-07-24 10:22:58 INFO  Reusables:53 - output.txt is still empty
2024-07-24 10:22:58 INFO  Reusables:53 - output.txt is still empty
2024-07-24 10:22:58 INFO  Reusables:53 - output.txt is still empty
2024-07-24 10:22:58 INFO  Reusables:53 - output.txt is still empty
2024-07-24 10:22:58 INFO  Reusables:53 - output.txt is still empty
2024-07-24 10:22:58 INFO  Reusables:53 - output.txt is still empty
2024-07-24 10:22:58 INFO  Reusables:53 - output.txt is still empty
2024-07-24 10:22:58 INFO  Reusables:53 - output.txt is still empty
2024-07-24 10:22:58 INFO  Reusables:53 - output.txt is still empty
2024-07-24 10:22:58 INFO  Reusables:53 - output.txt is still empty
2024-07-24 10:22:58 INFO  Reusables:53 - output.txt is still empty
2024-07-24 10:22:58 INFO  Reusables:53 - output.txt is still empty
2024-07-24 10:22:58 INFO  Reusables:53 - output.txt is still empty
2024-07-24 10:22:58 INFO  Reusables:53 - output.txt is still empty
2024-07-24 10:22:58 INFO  Reusables:53 - output.txt is still empty
2024-07-24 10:22:58 INFO  Reusables:53 - output.txt is still empty
2024-07-24 10:22:58 INFO  Reusables:53 - output.txt is still empty
2024-07-24 10:22:58 INFO  Reusables:53 - output.txt is still empty
2024-07-24 10:22:58 INFO  Reusables:53 - output.txt is still empty
2024-07-24 10:22:58 INFO  Reusables:53 - output.txt is still empty
2024-07-24 10:22:58 INFO  Reusables:53 - output.txt is still empty
2024-07-24 10:22:58 INFO  Reusables:53 - output.txt is still empty
2024-07-24 10:22:58 INFO  Reusables:53 - output.txt is still empty
2024-07-24 10:22:58 INFO  Reusables:53 - output.txt is still empty
2024-07-24 10:22:58 INFO  Reusables:53 - output.txt is still empty
2024-07-24 10:22:58 INFO  Reusables:53 - output.txt is still empty
2024-07-24 10:22:58 INFO  Reusables:53 - output.txt is still empty
2024-07-24 10:22:58 INFO  Reusables:53 - output.txt is still empty
2024-07-24 10:22:58 INFO  Reusables:53 - output.txt is still empty
2024-07-24 10:22:58 INFO  Reusables:53 - output.txt is still empty
2024-07-24 10:22:58 INFO  Reusables:53 - output.txt is still empty
2024-07-24 10:22:58 INFO  Reusables:53 - output.txt is still empty
2024-07-24 10:22:58 INFO  Reusables:53 - output.txt is still empty
2024-07-24 10:22:58 INFO  Reusables:53 - output.txt is still empty
2024-07-24 10:22:58 INFO  Reusables:53 - output.txt is still empty
2024-07-24 10:22:58 INFO  Reusables:53 - output.txt is still empty
2024-07-24 10:22:58 INFO  Reusables:53 - output.txt is still empty
2024-07-24 10:22:58 INFO  Reusables:53 - output.txt is still empty
2024-07-24 10:22:58 INFO  Reusables:53 - output.txt is still empty
2024-07-24 10:22:58 INFO  Reusables:53 - output.txt is still empty
2024-07-24 10:22:58 INFO  Reusables:53 - output.txt is still empty
2024-07-24 10:22:58 INFO  Reusables:53 - output.txt is still empty
2024-07-24 10:22:58 INFO  Reusables:53 - output.txt is still empty
2024-07-24 10:22:58 INFO  Reusables:53 - output.txt is still empty
2024-07-24 10:22:58 INFO  Reusables:53 - output.txt is still empty
2024-07-24 10:22:58 INFO  Reusables:53 - output.txt is still empty
2024-07-24 10:22:58 INFO  Reusables:53 - output.txt is still empty
2024-07-24 10:22:58 INFO  Reusables:53 - output.txt is still empty
2024-07-24 10:22:58 INFO  Reusables:53 - output.txt is still empty
2024-07-24 10:22:58 INFO  Reusables:53 - output.txt is still empty
2024-07-24 10:22:58 INFO  Reusables:53 - output.txt is still empty
2024-07-24 10:22:58 INFO  Reusables:53 - output.txt is still empty
2024-07-24 10:22:58 INFO  Reusables:53 - output.txt is still empty
2024-07-24 10:22:58 INFO  Reusables:53 - output.txt is still empty
2024-07-24 10:22:58 INFO  Reusables:53 - output.txt is still empty
2024-07-24 10:22:58 INFO  Reusables:53 - output.txt is still empty
2024-07-24 10:22:58 INFO  Reusables:53 - output.txt is still empty
2024-07-24 10:22:58 INFO  Reusables:53 - output.txt is still empty
2024-07-24 10:22:58 INFO  Reusables:53 - output.txt is still empty
2024-07-24 10:22:58 INFO  Reusables:53 - output.txt is still empty
2024-07-24 10:22:58 INFO  Reusables:53 - output.txt is still empty
2024-07-24 10:22:58 INFO  Reusables:53 - output.txt is still empty
2024-07-24 10:22:58 INFO  Reusables:53 - output.txt is still empty
2024-07-24 10:22:58 INFO  Reusables:53 - output.txt is still empty
2024-07-24 10:22:58 INFO  Reusables:53 - output.txt is still empty
2024-07-24 10:22:58 INFO  Reusables:53 - output.txt is still empty
2024-07-24 10:22:58 INFO  Reusables:53 - output.txt is still empty
2024-07-24 10:22:58 INFO  Reusables:53 - output.txt is still empty
2024-07-24 10:22:58 INFO  Reusables:53 - output.txt is still empty
2024-07-24 10:22:58 INFO  Reusables:53 - output.txt is still empty
2024-07-24 10:22:58 INFO  Reusables:53 - output.txt is still empty
2024-07-24 10:22:58 INFO  Reusables:53 - output.txt is still empty
2024-07-24 10:22:58 INFO  Reusables:53 - output.txt is still empty
2024-07-24 10:22:58 INFO  Reusables:53 - output.txt is still empty
2024-07-24 10:22:58 INFO  Reusables:53 - output.txt is still empty
2024-07-24 10:22:58 INFO  Reusables:53 - output.txt is still empty
2024-07-24 10:22:58 INFO  Reusables:53 - output.txt is still empty
2024-07-24 10:22:58 INFO  Reusables:53 - output.txt is still empty
2024-07-24 10:22:58 INFO  Reusables:53 - output.txt is still empty
2024-07-24 10:22:58 INFO  Reusables:53 - output.txt is still empty
2024-07-24 10:22:58 INFO  Reusables:53 - output.txt is still empty
2024-07-24 10:22:58 INFO  Reusables:53 - output.txt is still empty
2024-07-24 10:22:58 INFO  Reusables:53 - output.txt is still empty
2024-07-24 10:22:58 INFO  Reusables:53 - output.txt is still empty
2024-07-24 10:22:58 INFO  Reusables:53 - output.txt is still empty
2024-07-24 10:22:58 INFO  Reusables:53 - output.txt is still empty
2024-07-24 10:22:58 INFO  Reusables:53 - output.txt is still empty
2024-07-24 10:22:58 INFO  Reusables:53 - output.txt is still empty
2024-07-24 10:22:58 INFO  Reusables:53 - output.txt is still empty
2024-07-24 10:22:58 INFO  Reusables:53 - output.txt is still empty
2024-07-24 10:22:58 INFO  Reusables:53 - output.txt is still empty
2024-07-24 10:22:58 INFO  Reusables:53 - output.txt is still empty
2024-07-24 10:22:58 INFO  Reusables:53 - output.txt is still empty
2024-07-24 10:22:58 INFO  Reusables:53 - output.txt is still empty
2024-07-24 10:22:58 INFO  Reusables:53 - output.txt is still empty
2024-07-24 10:22:58 INFO  Reusables:53 - output.txt is still empty
2024-07-24 10:22:58 INFO  Reusables:53 - output.txt is still empty
2024-07-24 10:22:58 INFO  Reusables:53 - output.txt is still empty
2024-07-24 10:22:58 INFO  Reusables:53 - output.txt is still empty
2024-07-24 10:22:58 INFO  Reusables:53 - output.txt is still empty
2024-07-24 10:22:58 INFO  Reusables:53 - output.txt is still empty
2024-07-24 10:22:58 INFO  Reusables:53 - output.txt is still empty
2024-07-24 10:22:58 INFO  Reusables:53 - output.txt is still empty
2024-07-24 10:22:58 INFO  Reusables:53 - output.txt is still empty
2024-07-24 10:22:58 INFO  Reusables:53 - output.txt is still empty
2024-07-24 10:22:58 INFO  Reusables:53 - output.txt is still empty
2024-07-24 10:22:58 INFO  Reusables:53 - output.txt is still empty
2024-07-24 10:22:58 INFO  Reusables:53 - output.txt is still empty
2024-07-24 10:22:58 INFO  Reusables:53 - output.txt is still empty
2024-07-24 10:22:58 INFO  Reusables:53 - output.txt is still empty
2024-07-24 10:22:58 INFO  Reusables:53 - output.txt is still empty
2024-07-24 10:22:58 INFO  Reusables:53 - output.txt is still empty
2024-07-24 10:22:58 INFO  Reusables:53 - output.txt is still empty
2024-07-24 10:22:58 INFO  Reusables:53 - output.txt is still empty
2024-07-24 10:22:58 INFO  Reusables:53 - output.txt is still empty
2024-07-24 10:22:58 INFO  Reusables:53 - output.txt is still empty
2024-07-24 10:22:58 INFO  Reusables:53 - output.txt is still empty
2024-07-24 10:22:58 INFO  Reusables:53 - output.txt is still empty
2024-07-24 10:22:58 INFO  Reusables:53 - output.txt is still empty
2024-07-24 10:22:58 INFO  Reusables:53 - output.txt is still empty
2024-07-24 10:22:58 INFO  Reusables:53 - output.txt is still empty
2024-07-24 10:22:58 INFO  Reusables:53 - output.txt is still empty
2024-07-24 10:22:58 INFO  Reusables:53 - output.txt is still empty
2024-07-24 10:22:58 INFO  Reusables:53 - output.txt is still empty
2024-07-24 10:22:58 INFO  Reusables:53 - output.txt is still empty
2024-07-24 10:22:58 INFO  Reusables:53 - output.txt is still empty
2024-07-24 10:22:58 INFO  Reusables:53 - output.txt is still empty
2024-07-24 10:22:58 INFO  Reusables:53 - output.txt is still empty
2024-07-24 10:22:58 INFO  Reusables:53 - output.txt is still empty
2024-07-24 10:22:58 INFO  Reusables:53 - output.txt is still empty
2024-07-24 10:22:58 INFO  Reusables:53 - output.txt is still empty
2024-07-24 10:22:58 INFO  Reusables:53 - output.txt is still empty
2024-07-24 10:22:58 INFO  Reusables:53 - output.txt is still empty
2024-07-24 10:22:58 INFO  Reusables:53 - output.txt is still empty
2024-07-24 10:22:58 INFO  Reusables:53 - output.txt is still empty
2024-07-24 10:22:58 INFO  Reusables:53 - output.txt is still empty
2024-07-24 10:22:58 INFO  Reusables:53 - output.txt is still empty
2024-07-24 10:22:58 INFO  Reusables:53 - output.txt is still empty
2024-07-24 10:22:58 INFO  Reusables:53 - output.txt is still empty
2024-07-24 10:22:58 INFO  Reusables:53 - output.txt is still empty
2024-07-24 10:22:58 INFO  Reusables:53 - output.txt is still empty
2024-07-24 10:22:58 INFO  Reusables:53 - output.txt is still empty
2024-07-24 10:22:58 INFO  Reusables:53 - output.txt is still empty
2024-07-24 10:22:58 INFO  Reusables:53 - output.txt is still empty
2024-07-24 10:22:58 INFO  Reusables:53 - output.txt is still empty
2024-07-24 10:22:58 INFO  Reusables:53 - output.txt is still empty
2024-07-24 10:22:58 INFO  Reusables:53 - output.txt is still empty
2024-07-24 10:22:58 INFO  Reusables:53 - output.txt is still empty
2024-07-24 10:22:58 INFO  Reusables:53 - output.txt is still empty
2024-07-24 10:22:58 INFO  Reusables:53 - output.txt is still empty
2024-07-24 10:22:58 INFO  Reusables:53 - output.txt is still empty
2024-07-24 10:22:58 INFO  Reusables:53 - output.txt is still empty
2024-07-24 10:22:58 INFO  Reusables:53 - output.txt is still empty
2024-07-24 10:22:58 INFO  Reusables:53 - output.txt is still empty
2024-07-24 10:22:58 INFO  Reusables:53 - output.txt is still empty
2024-07-24 10:22:58 INFO  Reusables:53 - output.txt is still empty
2024-07-24 10:22:58 INFO  Reusables:53 - output.txt is still empty
2024-07-24 10:22:58 INFO  Reusables:53 - output.txt is still empty
2024-07-24 10:22:58 INFO  Reusables:53 - output.txt is still empty
2024-07-24 10:22:58 INFO  Reusables:53 - output.txt is still empty
2024-07-24 10:22:58 INFO  Reusables:53 - output.txt is still empty
2024-07-24 10:22:58 INFO  Reusables:53 - output.txt is still empty
2024-07-24 10:22:58 INFO  Reusables:53 - output.txt is still empty
2024-07-24 10:22:58 INFO  Reusables:53 - output.txt is still empty
2024-07-24 10:22:58 INFO  Reusables:53 - output.txt is still empty
2024-07-24 10:22:58 INFO  Reusables:53 - output.txt is still empty
2024-07-24 10:22:58 INFO  Reusables:53 - output.txt is still empty
2024-07-24 10:22:58 INFO  Reusables:53 - output.txt is still empty
2024-07-24 10:22:58 INFO  Reusables:53 - output.txt is still empty
2024-07-24 10:22:58 INFO  Reusables:53 - output.txt is still empty
2024-07-24 10:22:58 INFO  Reusables:53 - output.txt is still empty
2024-07-24 10:22:58 INFO  Reusables:53 - output.txt is still empty
2024-07-24 10:22:58 INFO  Reusables:53 - output.txt is still empty
2024-07-24 10:22:58 INFO  Reusables:53 - output.txt is still empty
2024-07-24 10:22:58 INFO  Reusables:53 - output.txt is still empty
2024-07-24 10:22:58 INFO  Reusables:53 - output.txt is still empty
2024-07-24 10:22:58 INFO  Reusables:53 - output.txt is still empty
2024-07-24 10:22:58 INFO  Reusables:53 - output.txt is still empty
2024-07-24 10:22:58 INFO  Reusables:53 - output.txt is still empty
2024-07-24 10:22:58 INFO  Reusables:53 - output.txt is still empty
2024-07-24 10:22:58 INFO  Reusables:53 - output.txt is still empty
2024-07-24 10:22:58 INFO  Reusables:53 - output.txt is still empty
2024-07-24 10:22:58 INFO  Reusables:53 - output.txt is still empty
2024-07-24 10:22:58 INFO  Reusables:53 - output.txt is still empty
2024-07-24 10:22:58 INFO  Reusables:53 - output.txt is still empty
2024-07-24 10:22:58 INFO  Reusables:53 - output.txt is still empty
2024-07-24 10:22:58 INFO  Reusables:53 - output.txt is still empty
2024-07-24 10:22:58 INFO  Reusables:53 - output.txt is still empty
2024-07-24 10:22:58 INFO  Reusables:53 - output.txt is still empty
2024-07-24 10:22:58 INFO  Reusables:53 - output.txt is still empty
2024-07-24 10:22:58 INFO  Reusables:53 - output.txt is still empty
2024-07-24 10:22:58 INFO  Reusables:53 - output.txt is still empty
2024-07-24 10:22:58 INFO  Reusables:53 - output.txt is still empty
2024-07-24 10:22:58 INFO  Reusables:53 - output.txt is still empty
2024-07-24 10:22:58 INFO  Reusables:53 - output.txt is still empty
2024-07-24 10:22:58 INFO  Reusables:53 - output.txt is still empty
2024-07-24 10:22:58 INFO  Reusables:53 - output.txt is still empty
2024-07-24 10:22:58 INFO  Reusables:53 - output.txt is still empty
2024-07-24 10:22:58 INFO  Reusables:53 - output.txt is still empty
2024-07-24 10:22:58 INFO  Reusables:53 - output.txt is still empty
2024-07-24 10:22:58 INFO  Reusables:53 - output.txt is still empty
2024-07-24 10:22:58 INFO  Reusables:53 - output.txt is still empty
2024-07-24 10:22:58 INFO  Reusables:53 - output.txt is still empty
2024-07-24 10:22:58 INFO  Reusables:53 - output.txt is still empty
2024-07-24 10:22:58 INFO  Reusables:53 - output.txt is still empty
2024-07-24 10:22:58 INFO  Reusables:53 - output.txt is still empty
2024-07-24 10:22:58 INFO  Reusables:53 - output.txt is still empty
2024-07-24 10:22:58 INFO  Reusables:53 - output.txt is still empty
2024-07-24 10:22:58 INFO  Reusables:53 - output.txt is still empty
2024-07-24 10:22:58 INFO  Reusables:53 - output.txt is still empty
2024-07-24 10:22:58 INFO  Reusables:53 - output.txt is still empty
2024-07-24 10:22:58 INFO  Reusables:53 - output.txt is still empty
2024-07-24 10:22:58 INFO  Reusables:53 - output.txt is still empty
2024-07-24 10:22:58 INFO  Reusables:53 - output.txt is still empty
2024-07-24 10:22:58 INFO  Reusables:53 - output.txt is still empty
2024-07-24 10:22:58 INFO  Reusables:53 - output.txt is still empty
2024-07-24 10:22:58 INFO  Reusables:53 - output.txt is still empty
2024-07-24 10:22:58 INFO  Reusables:53 - output.txt is still empty
2024-07-24 10:22:58 INFO  Reusables:53 - output.txt is still empty
2024-07-24 10:22:58 INFO  Reusables:53 - output.txt is still empty
2024-07-24 10:22:58 INFO  Reusables:53 - output.txt is still empty
2024-07-24 10:22:58 INFO  Reusables:53 - output.txt is still empty
2024-07-24 10:22:58 INFO  Reusables:53 - output.txt is still empty
2024-07-24 10:22:58 INFO  Reusables:53 - output.txt is still empty
2024-07-24 10:22:58 INFO  Reusables:53 - output.txt is still empty
2024-07-24 10:22:58 INFO  Reusables:53 - output.txt is still empty
2024-07-24 10:22:58 INFO  Reusables:53 - output.txt is still empty
2024-07-24 10:22:58 INFO  Reusables:53 - output.txt is still empty
2024-07-24 10:22:58 INFO  Reusables:53 - output.txt is still empty
2024-07-24 10:22:58 INFO  Reusables:53 - output.txt is still empty
2024-07-24 10:22:58 INFO  Reusables:53 - output.txt is still empty
2024-07-24 10:22:58 INFO  Reusables:53 - output.txt is still empty
2024-07-24 10:22:58 INFO  Reusables:53 - output.txt is still empty
2024-07-24 10:22:58 INFO  Reusables:53 - output.txt is still empty
2024-07-24 10:22:58 INFO  Reusables:53 - output.txt is still empty
2024-07-24 10:22:58 INFO  Reusables:53 - output.txt is still empty
2024-07-24 10:22:58 INFO  Reusables:53 - output.txt is still empty
2024-07-24 10:22:58 INFO  Reusables:53 - output.txt is still empty
2024-07-24 10:22:58 INFO  Reusables:53 - output.txt is still empty
2024-07-24 10:22:58 INFO  Reusables:53 - output.txt is still empty
2024-07-24 10:22:58 INFO  Reusables:53 - output.txt is still empty
2024-07-24 10:22:58 INFO  Reusables:53 - output.txt is still empty
2024-07-24 10:22:58 INFO  Reusables:53 - output.txt is still empty
2024-07-24 10:22:58 INFO  Reusables:53 - output.txt is still empty
2024-07-24 10:22:58 INFO  Reusables:53 - output.txt is still empty
2024-07-24 10:22:58 INFO  Reusables:53 - output.txt is still empty
2024-07-24 10:22:58 INFO  Reusables:53 - output.txt is still empty
2024-07-24 10:22:58 INFO  Reusables:53 - output.txt is still empty
2024-07-24 10:22:58 INFO  Reusables:53 - output.txt is still empty
2024-07-24 10:22:58 INFO  Reusables:53 - output.txt is still empty
2024-07-24 10:22:58 INFO  Reusables:53 - output.txt is still empty
2024-07-24 10:22:58 INFO  Reusables:53 - output.txt is still empty
2024-07-24 10:22:58 INFO  Reusables:53 - output.txt is still empty
2024-07-24 10:22:58 INFO  Reusables:53 - output.txt is still empty
2024-07-24 10:22:58 INFO  Reusables:53 - output.txt is still empty
2024-07-24 10:22:58 INFO  Reusables:53 - output.txt is still empty
2024-07-24 10:22:58 INFO  Reusables:53 - output.txt is still empty
2024-07-24 10:22:58 INFO  Reusables:53 - output.txt is still empty
2024-07-24 10:22:58 INFO  Reusables:53 - output.txt is still empty
2024-07-24 10:22:58 INFO  Reusables:53 - output.txt is still empty
2024-07-24 10:22:58 INFO  Reusables:53 - output.txt is still empty
2024-07-24 10:22:58 INFO  Reusables:53 - output.txt is still empty
2024-07-24 10:22:58 INFO  Reusables:53 - output.txt is still empty
2024-07-24 10:22:58 INFO  Reusables:53 - output.txt is still empty
2024-07-24 10:22:58 INFO  Reusables:53 - output.txt is still empty
2024-07-24 10:22:58 INFO  Reusables:53 - output.txt is still empty
2024-07-24 10:22:58 INFO  Reusables:53 - output.txt is still empty
2024-07-24 10:22:58 INFO  Reusables:53 - output.txt is still empty
2024-07-24 10:22:58 INFO  Reusables:53 - output.txt is still empty
2024-07-24 10:22:58 INFO  Reusables:53 - output.txt is still empty
2024-07-24 10:22:58 INFO  Reusables:53 - output.txt is still empty
2024-07-24 10:22:58 INFO  Reusables:53 - output.txt is still empty
2024-07-24 10:22:58 INFO  Reusables:53 - output.txt is still empty
2024-07-24 10:22:58 INFO  Reusables:53 - output.txt is still empty
2024-07-24 10:22:58 INFO  Reusables:53 - output.txt is still empty
2024-07-24 10:22:58 INFO  Reusables:53 - output.txt is still empty
2024-07-24 10:22:58 INFO  Reusables:53 - output.txt is still empty
2024-07-24 10:22:58 INFO  Reusables:53 - output.txt is still empty
2024-07-24 10:22:58 INFO  Reusables:53 - output.txt is still empty
2024-07-24 10:22:58 INFO  Reusables:53 - output.txt is still empty
2024-07-24 10:22:58 INFO  Reusables:53 - output.txt is still empty
2024-07-24 10:22:58 INFO  Reusables:53 - output.txt is still empty
2024-07-24 10:22:58 INFO  Reusables:53 - output.txt is still empty
2024-07-24 10:22:58 INFO  Reusables:53 - output.txt is still empty
2024-07-24 10:22:58 INFO  Reusables:53 - output.txt is still empty
2024-07-24 10:22:58 INFO  Reusables:53 - output.txt is still empty
2024-07-24 10:22:58 INFO  Reusables:53 - output.txt is still empty
2024-07-24 10:22:58 INFO  Reusables:53 - output.txt is still empty
2024-07-24 10:22:58 INFO  Reusables:53 - output.txt is still empty
2024-07-24 10:22:58 INFO  Reusables:53 - output.txt is still empty
2024-07-24 10:22:58 INFO  Reusables:53 - output.txt is still empty
2024-07-24 10:22:58 INFO  Reusables:53 - output.txt is still empty
2024-07-24 10:22:58 INFO  Reusables:53 - output.txt is still empty
2024-07-24 10:22:58 INFO  Reusables:53 - output.txt is still empty
2024-07-24 10:22:58 INFO  Reusables:53 - output.txt is still empty
2024-07-24 10:22:58 INFO  Reusables:53 - output.txt is still empty
2024-07-24 10:22:58 INFO  Reusables:53 - output.txt is still empty
2024-07-24 10:22:58 INFO  Reusables:53 - output.txt is still empty
2024-07-24 10:22:58 INFO  Reusables:53 - output.txt is still empty
2024-07-24 10:22:58 INFO  Reusables:53 - output.txt is still empty
2024-07-24 10:22:58 INFO  Reusables:53 - output.txt is still empty
2024-07-24 10:22:58 INFO  Reusables:53 - output.txt is still empty
2024-07-24 10:22:58 INFO  Reusables:53 - output.txt is still empty
2024-07-24 10:22:58 INFO  Reusables:53 - output.txt is still empty
2024-07-24 10:22:58 INFO  Reusables:53 - output.txt is still empty
2024-07-24 10:22:58 INFO  Reusables:53 - output.txt is still empty
2024-07-24 10:22:58 INFO  Reusables:53 - output.txt is still empty
2024-07-24 10:22:58 INFO  Reusables:53 - output.txt is still empty
2024-07-24 10:22:58 INFO  Reusables:53 - output.txt is still empty
2024-07-24 10:22:58 INFO  Reusables:53 - output.txt is still empty
2024-07-24 10:22:58 INFO  Reusables:53 - output.txt is still empty
2024-07-24 10:22:58 INFO  Reusables:53 - output.txt is still empty
2024-07-24 10:22:58 INFO  Reusables:53 - output.txt is still empty
2024-07-24 10:22:58 INFO  Reusables:53 - output.txt is still empty
2024-07-24 10:22:58 INFO  Reusables:53 - output.txt is still empty
2024-07-24 10:22:58 INFO  Reusables:53 - output.txt is still empty
2024-07-24 10:22:58 INFO  Reusables:53 - output.txt is still empty
2024-07-24 10:22:58 INFO  Reusables:53 - output.txt is still empty
2024-07-24 10:22:58 INFO  Reusables:53 - output.txt is still empty
2024-07-24 10:22:58 INFO  Reusables:53 - output.txt is still empty
2024-07-24 10:22:58 INFO  Reusables:53 - output.txt is still empty
2024-07-24 10:22:58 INFO  Reusables:53 - output.txt is still empty
2024-07-24 10:22:58 INFO  Reusables:53 - output.txt is still empty
2024-07-24 10:22:58 INFO  Reusables:53 - output.txt is still empty
2024-07-24 10:22:58 INFO  Reusables:53 - output.txt is still empty
2024-07-24 10:22:58 INFO  Reusables:53 - output.txt is still empty
2024-07-24 10:22:58 INFO  Reusables:53 - output.txt is still empty
2024-07-24 10:22:58 INFO  Reusables:53 - output.txt is still empty
2024-07-24 10:22:58 INFO  Reusables:53 - output.txt is still empty
2024-07-24 10:22:58 INFO  Reusables:53 - output.txt is still empty
2024-07-24 10:22:58 INFO  Reusables:53 - output.txt is still empty
2024-07-24 10:22:58 INFO  Reusables:53 - output.txt is still empty
2024-07-24 10:22:58 INFO  Reusables:53 - output.txt is still empty
2024-07-24 10:22:58 INFO  Reusables:53 - output.txt is still empty
2024-07-24 10:22:58 INFO  Reusables:53 - output.txt is still empty
2024-07-24 10:22:58 INFO  Reusables:53 - output.txt is still empty
2024-07-24 10:22:58 INFO  Reusables:53 - output.txt is still empty
2024-07-24 10:22:58 INFO  Reusables:53 - output.txt is still empty
2024-07-24 10:22:58 INFO  Reusables:53 - output.txt is still empty
2024-07-24 10:22:58 INFO  Reusables:53 - output.txt is still empty
2024-07-24 10:22:58 INFO  Reusables:53 - output.txt is still empty
2024-07-24 10:22:58 INFO  Reusables:53 - output.txt is still empty
2024-07-24 10:22:58 INFO  Reusables:53 - output.txt is still empty
2024-07-24 10:22:58 INFO  Reusables:53 - output.txt is still empty
2024-07-24 10:22:58 INFO  Reusables:53 - output.txt is still empty
2024-07-24 10:22:58 INFO  Reusables:53 - output.txt is still empty
2024-07-24 10:22:58 INFO  Reusables:53 - output.txt is still empty
2024-07-24 10:22:58 INFO  Reusables:53 - output.txt is still empty
2024-07-24 10:22:58 INFO  Reusables:53 - output.txt is still empty
2024-07-24 10:22:58 INFO  Reusables:53 - output.txt is still empty
2024-07-24 10:22:58 INFO  Reusables:53 - output.txt is still empty
2024-07-24 10:22:58 INFO  Reusables:53 - output.txt is still empty
2024-07-24 10:22:58 INFO  Reusables:53 - output.txt is still empty
2024-07-24 10:22:58 INFO  Reusables:53 - output.txt is still empty
2024-07-24 10:22:58 INFO  Reusables:53 - output.txt is still empty
2024-07-24 10:22:58 INFO  Reusables:53 - output.txt is still empty
2024-07-24 10:22:58 INFO  Reusables:53 - output.txt is still empty
2024-07-24 10:22:58 INFO  Reusables:53 - output.txt is still empty
2024-07-24 10:22:58 INFO  Reusables:53 - output.txt is still empty
2024-07-24 10:22:58 INFO  Reusables:53 - output.txt is still empty
2024-07-24 10:22:58 INFO  Reusables:53 - output.txt is still empty
2024-07-24 10:22:58 INFO  Reusables:53 - output.txt is still empty
2024-07-24 10:22:58 INFO  Reusables:53 - output.txt is still empty
2024-07-24 10:22:58 INFO  Reusables:53 - output.txt is still empty
2024-07-24 10:22:58 INFO  Reusables:53 - output.txt is still empty
2024-07-24 10:22:58 INFO  Reusables:53 - output.txt is still empty
2024-07-24 10:22:58 INFO  Reusables:53 - output.txt is still empty
2024-07-24 10:22:58 INFO  Reusables:53 - output.txt is still empty
2024-07-24 10:22:58 INFO  Reusables:53 - output.txt is still empty
2024-07-24 10:22:58 INFO  Reusables:53 - output.txt is still empty
2024-07-24 10:22:58 INFO  Reusables:53 - output.txt is still empty
2024-07-24 10:22:58 INFO  Reusables:53 - output.txt is still empty
2024-07-24 10:22:58 INFO  Reusables:53 - output.txt is still empty
2024-07-24 10:22:58 INFO  Reusables:53 - output.txt is still empty
2024-07-24 10:22:58 INFO  Reusables:53 - output.txt is still empty
2024-07-24 10:22:58 INFO  Reusables:53 - output.txt is still empty
2024-07-24 10:22:58 INFO  Reusables:53 - output.txt is still empty
2024-07-24 10:22:58 INFO  Reusables:53 - output.txt is still empty
2024-07-24 10:22:58 INFO  Reusables:53 - output.txt is still empty
2024-07-24 10:22:58 INFO  Reusables:53 - output.txt is still empty
2024-07-24 10:22:58 INFO  Reusables:53 - output.txt is still empty
2024-07-24 10:22:58 INFO  Reusables:53 - output.txt is still empty
2024-07-24 10:22:58 INFO  Reusables:53 - output.txt is still empty
2024-07-24 10:22:58 INFO  Reusables:53 - output.txt is still empty
2024-07-24 10:22:58 INFO  Reusables:53 - output.txt is still empty
2024-07-24 10:22:58 INFO  Reusables:53 - output.txt is still empty
2024-07-24 10:22:58 INFO  Reusables:53 - output.txt is still empty
2024-07-24 10:22:58 INFO  Reusables:53 - output.txt is still empty
2024-07-24 10:22:58 INFO  Reusables:53 - output.txt is still empty
2024-07-24 10:22:58 INFO  Reusables:53 - output.txt is still empty
2024-07-24 10:22:58 INFO  Reusables:53 - output.txt is still empty
2024-07-24 10:22:58 INFO  Reusables:53 - output.txt is still empty
2024-07-24 10:22:58 INFO  Reusables:53 - output.txt is still empty
2024-07-24 10:22:58 INFO  Reusables:53 - output.txt is still empty
2024-07-24 10:22:58 INFO  Reusables:53 - output.txt is still empty
2024-07-24 10:22:58 INFO  Reusables:53 - output.txt is still empty
2024-07-24 10:22:58 INFO  Reusables:53 - output.txt is still empty
2024-07-24 10:22:58 INFO  Reusables:53 - output.txt is still empty
2024-07-24 10:22:58 INFO  Reusables:53 - output.txt is still empty
2024-07-24 10:22:58 INFO  Reusables:53 - output.txt is still empty
2024-07-24 10:22:58 INFO  Reusables:53 - output.txt is still empty
2024-07-24 10:22:58 INFO  Reusables:53 - output.txt is still empty
2024-07-24 10:22:58 INFO  Reusables:53 - output.txt is still empty
2024-07-24 10:22:58 INFO  Reusables:53 - output.txt is still empty
2024-07-24 10:22:58 INFO  Reusables:53 - output.txt is still empty
2024-07-24 10:22:58 INFO  Reusables:53 - output.txt is still empty
2024-07-24 10:22:58 INFO  Reusables:53 - output.txt is still empty
2024-07-24 10:22:58 INFO  Reusables:53 - output.txt is still empty
2024-07-24 10:22:58 INFO  Reusables:53 - output.txt is still empty
2024-07-24 10:22:58 INFO  Reusables:53 - output.txt is still empty
2024-07-24 10:22:58 INFO  Reusables:53 - output.txt is still empty
2024-07-24 10:22:58 INFO  Reusables:53 - output.txt is still empty
2024-07-24 10:22:58 INFO  Reusables:53 - output.txt is still empty
2024-07-24 10:22:58 INFO  Reusables:53 - output.txt is still empty
2024-07-24 10:22:58 INFO  Reusables:53 - output.txt is still empty
2024-07-24 10:22:58 INFO  Reusables:53 - output.txt is still empty
2024-07-24 10:22:58 INFO  Reusables:53 - output.txt is still empty
2024-07-24 10:22:58 INFO  Reusables:53 - output.txt is still empty
2024-07-24 10:22:58 INFO  Reusables:53 - output.txt is still empty
2024-07-24 10:22:58 INFO  Reusables:53 - output.txt is still empty
2024-07-24 10:22:58 INFO  Reusables:53 - output.txt is still empty
2024-07-24 10:22:58 INFO  Reusables:53 - output.txt is still empty
2024-07-24 10:22:58 INFO  Reusables:53 - output.txt is still empty
2024-07-24 10:22:58 INFO  Reusables:53 - output.txt is still empty
2024-07-24 10:22:58 INFO  Reusables:53 - output.txt is still empty
2024-07-24 10:22:58 INFO  Reusables:53 - output.txt is still empty
2024-07-24 10:22:58 INFO  Reusables:53 - output.txt is still empty
2024-07-24 10:22:58 INFO  Reusables:53 - output.txt is still empty
2024-07-24 10:22:58 INFO  Reusables:53 - output.txt is still empty
2024-07-24 10:22:58 INFO  Reusables:53 - output.txt is still empty
2024-07-24 10:22:58 INFO  Reusables:53 - output.txt is still empty
2024-07-24 10:22:58 INFO  Reusables:53 - output.txt is still empty
2024-07-24 10:22:58 INFO  Reusables:53 - output.txt is still empty
2024-07-24 10:22:58 INFO  Reusables:53 - output.txt is still empty
2024-07-24 10:22:58 INFO  Reusables:53 - output.txt is still empty
2024-07-24 10:22:58 INFO  Reusables:53 - output.txt is still empty
2024-07-24 10:22:58 INFO  Reusables:53 - output.txt is still empty
2024-07-24 10:22:58 INFO  Reusables:53 - output.txt is still empty
2024-07-24 10:22:58 INFO  Reusables:53 - output.txt is still empty
2024-07-24 10:22:58 INFO  Reusables:53 - output.txt is still empty
2024-07-24 10:22:58 INFO  Reusables:53 - output.txt is still empty
2024-07-24 10:22:58 INFO  Reusables:53 - output.txt is still empty
2024-07-24 10:22:58 INFO  Reusables:53 - output.txt is still empty
2024-07-24 10:22:58 INFO  Reusables:53 - output.txt is still empty
2024-07-24 10:22:58 INFO  Reusables:53 - output.txt is still empty
2024-07-24 10:22:58 INFO  Reusables:53 - output.txt is still empty
2024-07-24 10:22:58 INFO  Reusables:53 - output.txt is still empty
2024-07-24 10:22:58 INFO  Reusables:53 - output.txt is still empty
2024-07-24 10:22:58 INFO  Reusables:53 - output.txt is still empty
2024-07-24 10:22:58 INFO  Reusables:53 - output.txt is still empty
2024-07-24 10:22:58 INFO  Reusables:53 - output.txt is still empty
2024-07-24 10:22:58 INFO  Reusables:53 - output.txt is still empty
2024-07-24 10:22:58 INFO  Reusables:53 - output.txt is still empty
2024-07-24 10:22:58 INFO  Reusables:53 - output.txt is still empty
2024-07-24 10:22:58 INFO  Reusables:53 - output.txt is still empty
2024-07-24 10:22:58 INFO  Reusables:53 - output.txt is still empty
2024-07-24 10:22:58 INFO  Reusables:53 - output.txt is still empty
2024-07-24 10:22:58 INFO  Reusables:53 - output.txt is still empty
2024-07-24 10:22:58 INFO  Reusables:53 - output.txt is still empty
2024-07-24 10:22:58 INFO  Reusables:53 - output.txt is still empty
2024-07-24 10:22:58 INFO  Reusables:53 - output.txt is still empty
2024-07-24 10:22:58 INFO  Reusables:53 - output.txt is still empty
2024-07-24 10:22:58 INFO  Reusables:53 - output.txt is still empty
2024-07-24 10:22:58 INFO  Reusables:53 - output.txt is still empty
2024-07-24 10:22:58 INFO  Reusables:53 - output.txt is still empty
2024-07-24 10:22:58 INFO  Reusables:53 - output.txt is still empty
2024-07-24 10:22:58 INFO  Reusables:53 - output.txt is still empty
2024-07-24 10:22:58 INFO  Reusables:53 - output.txt is still empty
2024-07-24 10:22:58 INFO  Reusables:53 - output.txt is still empty
2024-07-24 10:22:58 INFO  Reusables:53 - output.txt is still empty
2024-07-24 10:22:58 INFO  Reusables:53 - output.txt is still empty
2024-07-24 10:22:58 INFO  Reusables:53 - output.txt is still empty
2024-07-24 10:22:58 INFO  Reusables:53 - output.txt is still empty
2024-07-24 10:22:58 INFO  Reusables:53 - output.txt is still empty
2024-07-24 10:22:58 INFO  Reusables:53 - output.txt is still empty
2024-07-24 10:22:58 INFO  Reusables:53 - output.txt is still empty
2024-07-24 10:22:58 INFO  Reusables:53 - output.txt is still empty
2024-07-24 10:22:58 INFO  Reusables:53 - output.txt is still empty
2024-07-24 10:22:58 INFO  Reusables:53 - output.txt is still empty
2024-07-24 10:22:58 INFO  Reusables:53 - output.txt is still empty
2024-07-24 10:22:58 INFO  Reusables:53 - output.txt is still empty
2024-07-24 10:22:58 INFO  Reusables:53 - output.txt is still empty
2024-07-24 10:22:58 INFO  Reusables:53 - output.txt is still empty
2024-07-24 10:22:58 INFO  Reusables:53 - output.txt is still empty
2024-07-24 10:22:58 INFO  Reusables:53 - output.txt is still empty
2024-07-24 10:22:58 INFO  Reusables:53 - output.txt is still empty
2024-07-24 10:22:58 INFO  Reusables:53 - output.txt is still empty
2024-07-24 10:22:58 INFO  Reusables:53 - output.txt is still empty
2024-07-24 10:22:58 INFO  Reusables:53 - output.txt is still empty
2024-07-24 10:22:58 INFO  Reusables:53 - output.txt is still empty
2024-07-24 10:22:58 INFO  Reusables:53 - output.txt is still empty
2024-07-24 10:22:58 INFO  Reusables:53 - output.txt is still empty
2024-07-24 10:22:58 INFO  Reusables:53 - output.txt is still empty
2024-07-24 10:22:58 INFO  Reusables:53 - output.txt is still empty
2024-07-24 10:22:58 INFO  Reusables:53 - output.txt is still empty
2024-07-24 10:22:58 INFO  Reusables:53 - output.txt is still empty
2024-07-24 10:22:58 INFO  Reusables:53 - output.txt is still empty
2024-07-24 10:22:58 INFO  Reusables:53 - output.txt is still empty
2024-07-24 10:22:58 INFO  Reusables:53 - output.txt is still empty
2024-07-24 10:22:58 INFO  Reusables:53 - output.txt is still empty
2024-07-24 10:22:58 INFO  Reusables:53 - output.txt is still empty
2024-07-24 10:22:58 INFO  Reusables:53 - output.txt is still empty
2024-07-24 10:22:58 INFO  Reusables:53 - output.txt is still empty
2024-07-24 10:22:58 INFO  Reusables:53 - output.txt is still empty
2024-07-24 10:22:58 INFO  Reusables:53 - output.txt is still empty
2024-07-24 10:22:58 INFO  Reusables:53 - output.txt is still empty
2024-07-24 10:22:58 INFO  Reusables:53 - output.txt is still empty
2024-07-24 10:22:58 INFO  Reusables:53 - output.txt is still empty
2024-07-24 10:22:58 INFO  Reusables:53 - output.txt is still empty
2024-07-24 10:22:58 INFO  Reusables:53 - output.txt is still empty
2024-07-24 10:22:58 INFO  Reusables:53 - output.txt is still empty
2024-07-24 10:22:58 INFO  Reusables:53 - output.txt is still empty
2024-07-24 10:22:58 INFO  Reusables:53 - output.txt is still empty
2024-07-24 10:22:58 INFO  Reusables:53 - output.txt is still empty
2024-07-24 10:22:58 INFO  Reusables:53 - output.txt is still empty
2024-07-24 10:22:58 INFO  Reusables:53 - output.txt is still empty
2024-07-24 10:22:58 INFO  Reusables:53 - output.txt is still empty
2024-07-24 10:22:58 INFO  Reusables:53 - output.txt is still empty
2024-07-24 10:22:58 INFO  Reusables:53 - output.txt is still empty
2024-07-24 10:22:58 INFO  Reusables:53 - output.txt is still empty
2024-07-24 10:22:58 INFO  Reusables:53 - output.txt is still empty
2024-07-24 10:22:58 INFO  Reusables:53 - output.txt is still empty
2024-07-24 10:22:58 INFO  Reusables:53 - output.txt is still empty
2024-07-24 10:22:58 INFO  Reusables:53 - output.txt is still empty
2024-07-24 10:22:58 INFO  Reusables:53 - output.txt is still empty
2024-07-24 10:22:58 INFO  Reusables:53 - output.txt is still empty
2024-07-24 10:22:58 INFO  Reusables:53 - output.txt is still empty
2024-07-24 10:22:58 INFO  Reusables:53 - output.txt is still empty
2024-07-24 10:22:58 INFO  Reusables:53 - output.txt is still empty
2024-07-24 10:22:58 INFO  Reusables:53 - output.txt is still empty
2024-07-24 10:22:58 INFO  Reusables:53 - output.txt is still empty
2024-07-24 10:22:58 INFO  Reusables:53 - output.txt is still empty
2024-07-24 10:22:58 INFO  Reusables:53 - output.txt is still empty
2024-07-24 10:22:58 INFO  Reusables:53 - output.txt is still empty
2024-07-24 10:22:58 INFO  Reusables:53 - output.txt is still empty
2024-07-24 10:22:58 INFO  Reusables:53 - output.txt is still empty
2024-07-24 10:22:58 INFO  Reusables:53 - output.txt is still empty
2024-07-24 10:22:58 INFO  Reusables:53 - output.txt is still empty
2024-07-24 10:22:58 INFO  Reusables:53 - output.txt is still empty
2024-07-24 10:22:58 INFO  Reusables:53 - output.txt is still empty
2024-07-24 10:22:58 INFO  Reusables:53 - output.txt is still empty
2024-07-24 10:22:58 INFO  Reusables:53 - output.txt is still empty
2024-07-24 10:22:58 INFO  Reusables:53 - output.txt is still empty
2024-07-24 10:22:58 INFO  Reusables:53 - output.txt is still empty
2024-07-24 10:22:58 INFO  Reusables:53 - output.txt is still empty
2024-07-24 10:22:58 INFO  Reusables:53 - output.txt is still empty
2024-07-24 10:22:58 INFO  Reusables:53 - output.txt is still empty
2024-07-24 10:22:58 INFO  Reusables:53 - output.txt is still empty
2024-07-24 10:22:58 INFO  Reusables:53 - output.txt is still empty
2024-07-24 10:22:58 INFO  Reusables:53 - output.txt is still empty
2024-07-24 10:22:58 INFO  Reusables:53 - output.txt is still empty
2024-07-24 10:22:58 INFO  Reusables:53 - output.txt is still empty
2024-07-24 10:22:58 INFO  Reusables:53 - output.txt is still empty
2024-07-24 10:22:58 INFO  Reusables:53 - output.txt is still empty
2024-07-24 10:22:58 INFO  Reusables:53 - output.txt is still empty
2024-07-24 10:22:58 INFO  Reusables:53 - output.txt is still empty
2024-07-24 10:22:58 INFO  Reusables:53 - output.txt is still empty
2024-07-24 10:22:58 INFO  Reusables:53 - output.txt is still empty
2024-07-24 10:22:58 INFO  Reusables:53 - output.txt is still empty
2024-07-24 10:22:58 INFO  Reusables:53 - output.txt is still empty
2024-07-24 10:22:58 INFO  Reusables:53 - output.txt is still empty
2024-07-24 10:22:58 INFO  Reusables:53 - output.txt is still empty
2024-07-24 10:22:58 INFO  Reusables:53 - output.txt is still empty
2024-07-24 10:22:58 INFO  Reusables:53 - output.txt is still empty
2024-07-24 10:22:58 INFO  Reusables:53 - output.txt is still empty
2024-07-24 10:22:58 INFO  Reusables:53 - output.txt is still empty
2024-07-24 10:22:58 INFO  Reusables:53 - output.txt is still empty
2024-07-24 10:22:58 INFO  Reusables:53 - output.txt is still empty
2024-07-24 10:22:58 INFO  Reusables:53 - output.txt is still empty
2024-07-24 10:22:58 INFO  Reusables:53 - output.txt is still empty
2024-07-24 10:22:58 INFO  Reusables:53 - output.txt is still empty
2024-07-24 10:22:58 INFO  Reusables:53 - output.txt is still empty
2024-07-24 10:22:58 INFO  Reusables:53 - output.txt is still empty
2024-07-24 10:22:58 INFO  Reusables:53 - output.txt is still empty
2024-07-24 10:22:58 INFO  Reusables:53 - output.txt is still empty
2024-07-24 10:22:58 INFO  Reusables:53 - output.txt is still empty
2024-07-24 10:22:58 INFO  Reusables:53 - output.txt is still empty
2024-07-24 10:22:58 INFO  Reusables:53 - output.txt is still empty
2024-07-24 10:22:58 INFO  Reusables:53 - output.txt is still empty
2024-07-24 10:22:58 INFO  Reusables:53 - output.txt is still empty
2024-07-24 10:22:58 INFO  Reusables:53 - output.txt is still empty
2024-07-24 10:22:58 INFO  Reusables:53 - output.txt is still empty
2024-07-24 10:22:58 INFO  Reusables:53 - output.txt is still empty
2024-07-24 10:22:58 INFO  Reusables:53 - output.txt is still empty
2024-07-24 10:22:58 INFO  Reusables:53 - output.txt is still empty
2024-07-24 10:22:58 INFO  Reusables:53 - output.txt is still empty
2024-07-24 10:22:58 INFO  Reusables:53 - output.txt is still empty
2024-07-24 10:22:58 INFO  Reusables:53 - output.txt is still empty
2024-07-24 10:22:58 INFO  Reusables:53 - output.txt is still empty
2024-07-24 10:22:58 INFO  Reusables:53 - output.txt is still empty
2024-07-24 10:22:58 INFO  Reusables:53 - output.txt is still empty
2024-07-24 10:22:58 INFO  Reusables:53 - output.txt is still empty
2024-07-24 10:22:58 INFO  Reusables:53 - output.txt is still empty
2024-07-24 10:22:58 INFO  Reusables:53 - output.txt is still empty
2024-07-24 10:22:58 INFO  Reusables:53 - output.txt is still empty
2024-07-24 10:22:58 INFO  Reusables:53 - output.txt is still empty
2024-07-24 10:22:58 INFO  Reusables:53 - output.txt is still empty
2024-07-24 10:22:58 INFO  Reusables:53 - output.txt is still empty
2024-07-24 10:22:58 INFO  Reusables:53 - output.txt is still empty
2024-07-24 10:22:58 INFO  Reusables:53 - output.txt is still empty
2024-07-24 10:22:58 INFO  Reusables:53 - output.txt is still empty
2024-07-24 10:22:58 INFO  Reusables:53 - output.txt is still empty
2024-07-24 10:22:58 INFO  Reusables:53 - output.txt is still empty
2024-07-24 10:22:58 INFO  Reusables:53 - output.txt is still empty
2024-07-24 10:22:58 INFO  Reusables:53 - output.txt is still empty
2024-07-24 10:22:58 INFO  Reusables:53 - output.txt is still empty
2024-07-24 10:22:58 INFO  Reusables:53 - output.txt is still empty
2024-07-24 10:22:58 INFO  Reusables:53 - output.txt is still empty
2024-07-24 10:22:58 INFO  Reusables:53 - output.txt is still empty
2024-07-24 10:22:58 INFO  Reusables:53 - output.txt is still empty
2024-07-24 10:22:58 INFO  Reusables:53 - output.txt is still empty
2024-07-24 10:22:58 INFO  Reusables:53 - output.txt is still empty
2024-07-24 10:22:58 INFO  Reusables:53 - output.txt is still empty
2024-07-24 10:22:58 INFO  Reusables:53 - output.txt is still empty
2024-07-24 10:22:58 INFO  Reusables:53 - output.txt is still empty
2024-07-24 10:22:58 INFO  Reusables:53 - output.txt is still empty
2024-07-24 10:22:58 INFO  Reusables:53 - output.txt is still empty
2024-07-24 10:22:58 INFO  Reusables:53 - output.txt is still empty
2024-07-24 10:22:58 INFO  Reusables:53 - output.txt is still empty
2024-07-24 10:22:58 INFO  Reusables:53 - output.txt is still empty
2024-07-24 10:22:58 INFO  Reusables:53 - output.txt is still empty
2024-07-24 10:22:58 INFO  Reusables:53 - output.txt is still empty
2024-07-24 10:22:58 INFO  Reusables:53 - output.txt is still empty
2024-07-24 10:22:58 INFO  Reusables:53 - output.txt is still empty
2024-07-24 10:22:58 INFO  Reusables:53 - output.txt is still empty
2024-07-24 10:22:58 INFO  Reusables:53 - output.txt is still empty
2024-07-24 10:22:58 INFO  Reusables:53 - output.txt is still empty
2024-07-24 10:22:58 INFO  Reusables:53 - output.txt is still empty
2024-07-24 10:22:58 INFO  Reusables:53 - output.txt is still empty
2024-07-24 10:22:58 INFO  Reusables:53 - output.txt is still empty
2024-07-24 10:22:58 INFO  Reusables:53 - output.txt is still empty
2024-07-24 10:22:58 INFO  Reusables:53 - output.txt is still empty
2024-07-24 10:22:58 INFO  Reusables:53 - output.txt is still empty
2024-07-24 10:22:58 INFO  Reusables:53 - output.txt is still empty
2024-07-24 10:22:58 INFO  Reusables:53 - output.txt is still empty
2024-07-24 10:22:58 INFO  Reusables:53 - output.txt is still empty
2024-07-24 10:22:58 INFO  Reusables:53 - output.txt is still empty
2024-07-24 10:22:58 INFO  Reusables:53 - output.txt is still empty
2024-07-24 10:22:58 INFO  Reusables:53 - output.txt is still empty
2024-07-24 10:22:58 INFO  Reusables:53 - output.txt is still empty
2024-07-24 10:22:58 INFO  Reusables:53 - output.txt is still empty
2024-07-24 10:22:58 INFO  Reusables:53 - output.txt is still empty
2024-07-24 10:22:58 INFO  Reusables:53 - output.txt is still empty
2024-07-24 10:22:58 INFO  Reusables:53 - output.txt is still empty
2024-07-24 10:22:58 INFO  Reusables:53 - output.txt is still empty
2024-07-24 10:22:58 INFO  Reusables:53 - output.txt is still empty
2024-07-24 10:22:58 INFO  Reusables:53 - output.txt is still empty
2024-07-24 10:22:58 INFO  Reusables:53 - output.txt is still empty
2024-07-24 10:22:58 INFO  Reusables:53 - output.txt is still empty
2024-07-24 10:22:58 INFO  Reusables:53 - output.txt is still empty
2024-07-24 10:22:58 INFO  Reusables:53 - output.txt is still empty
2024-07-24 10:22:58 INFO  Reusables:53 - output.txt is still empty
2024-07-24 10:22:58 INFO  Reusables:53 - output.txt is still empty
2024-07-24 10:22:58 INFO  Reusables:53 - output.txt is still empty
2024-07-24 10:22:58 INFO  Reusables:53 - output.txt is still empty
2024-07-24 10:22:58 INFO  Reusables:53 - output.txt is still empty
2024-07-24 10:22:58 INFO  Reusables:53 - output.txt is still empty
2024-07-24 10:22:58 INFO  Reusables:53 - output.txt is still empty
2024-07-24 10:22:58 INFO  Reusables:53 - output.txt is still empty
2024-07-24 10:22:58 INFO  Reusables:53 - output.txt is still empty
2024-07-24 10:22:58 INFO  Reusables:53 - output.txt is still empty
2024-07-24 10:22:58 INFO  Reusables:53 - output.txt is still empty
2024-07-24 10:22:58 INFO  Reusables:53 - output.txt is still empty
2024-07-24 10:22:58 INFO  Reusables:53 - output.txt is still empty
2024-07-24 10:22:58 INFO  Reusables:53 - output.txt is still empty
2024-07-24 10:22:58 INFO  Reusables:53 - output.txt is still empty
2024-07-24 10:22:58 INFO  Reusables:53 - output.txt is still empty
2024-07-24 10:22:58 INFO  Reusables:53 - output.txt is still empty
2024-07-24 10:22:58 INFO  Reusables:53 - output.txt is still empty
2024-07-24 10:22:58 INFO  Reusables:53 - output.txt is still empty
2024-07-24 10:22:58 INFO  Reusables:53 - output.txt is still empty
2024-07-24 10:22:58 INFO  Reusables:53 - output.txt is still empty
2024-07-24 10:22:58 INFO  Reusables:53 - output.txt is still empty
2024-07-24 10:22:58 INFO  Reusables:53 - output.txt is still empty
2024-07-24 10:22:58 INFO  Reusables:53 - output.txt is still empty
2024-07-24 10:22:58 INFO  Reusables:53 - output.txt is still empty
2024-07-24 10:22:58 INFO  Reusables:53 - output.txt is still empty
2024-07-24 10:22:58 INFO  Reusables:53 - output.txt is still empty
2024-07-24 10:22:58 INFO  Reusables:53 - output.txt is still empty
2024-07-24 10:22:58 INFO  Reusables:53 - output.txt is still empty
2024-07-24 10:22:58 INFO  Reusables:53 - output.txt is still empty
2024-07-24 10:22:58 INFO  Reusables:53 - output.txt is still empty
2024-07-24 10:22:58 INFO  Reusables:53 - output.txt is still empty
2024-07-24 10:22:58 INFO  Reusables:53 - output.txt is still empty
2024-07-24 10:22:58 INFO  Reusables:53 - output.txt is still empty
2024-07-24 10:22:58 INFO  Reusables:53 - output.txt is still empty
2024-07-24 10:22:58 INFO  Reusables:53 - output.txt is still empty
2024-07-24 10:22:58 INFO  Reusables:53 - output.txt is still empty
2024-07-24 10:22:58 INFO  Reusables:53 - output.txt is still empty
2024-07-24 10:22:58 INFO  Reusables:53 - output.txt is still empty
2024-07-24 10:22:58 INFO  Reusables:53 - output.txt is still empty
2024-07-24 10:22:58 INFO  Reusables:53 - output.txt is still empty
2024-07-24 10:22:58 INFO  Reusables:53 - output.txt is still empty
2024-07-24 10:22:58 INFO  Reusables:53 - output.txt is still empty
2024-07-24 10:22:58 INFO  Reusables:53 - output.txt is still empty
2024-07-24 10:22:58 INFO  Reusables:53 - output.txt is still empty
2024-07-24 10:22:58 INFO  Reusables:53 - output.txt is still empty
2024-07-24 10:22:58 INFO  Reusables:53 - output.txt is still empty
2024-07-24 10:22:58 INFO  Reusables:53 - output.txt is still empty
2024-07-24 10:22:58 INFO  Reusables:53 - output.txt is still empty
2024-07-24 10:22:58 INFO  Reusables:53 - output.txt is still empty
2024-07-24 10:22:58 INFO  Reusables:53 - output.txt is still empty
2024-07-24 10:22:58 INFO  Reusables:53 - output.txt is still empty
2024-07-24 10:22:58 INFO  Reusables:53 - output.txt is still empty
2024-07-24 10:22:58 INFO  Reusables:53 - output.txt is still empty
2024-07-24 10:22:58 INFO  Reusables:53 - output.txt is still empty
2024-07-24 10:22:58 INFO  Reusables:53 - output.txt is still empty
2024-07-24 10:22:58 INFO  Reusables:53 - output.txt is still empty
2024-07-24 10:22:58 INFO  Reusables:53 - output.txt is still empty
2024-07-24 10:22:58 INFO  Reusables:53 - output.txt is still empty
2024-07-24 10:22:58 INFO  Reusables:53 - output.txt is still empty
2024-07-24 10:22:58 INFO  Reusables:53 - output.txt is still empty
2024-07-24 10:22:58 INFO  Reusables:53 - output.txt is still empty
2024-07-24 10:22:58 INFO  Reusables:53 - output.txt is still empty
2024-07-24 10:22:58 INFO  Reusables:53 - output.txt is still empty
2024-07-24 10:22:58 INFO  Reusables:53 - output.txt is still empty
2024-07-24 10:22:58 INFO  Reusables:53 - output.txt is still empty
2024-07-24 10:22:58 INFO  Reusables:53 - output.txt is still empty
2024-07-24 10:22:58 INFO  Reusables:53 - output.txt is still empty
2024-07-24 10:22:58 INFO  Reusables:53 - output.txt is still empty
2024-07-24 10:22:58 INFO  Reusables:53 - output.txt is still empty
2024-07-24 10:22:58 INFO  Reusables:53 - output.txt is still empty
2024-07-24 10:22:58 INFO  Reusables:53 - output.txt is still empty
2024-07-24 10:22:58 INFO  Reusables:53 - output.txt is still empty
2024-07-24 10:22:58 INFO  Reusables:53 - output.txt is still empty
2024-07-24 10:22:58 INFO  Reusables:53 - output.txt is still empty
2024-07-24 10:22:58 INFO  Reusables:53 - output.txt is still empty
2024-07-24 10:22:58 INFO  Reusables:53 - output.txt is still empty
2024-07-24 10:22:58 INFO  Reusables:53 - output.txt is still empty
2024-07-24 10:22:58 INFO  Reusables:53 - output.txt is still empty
2024-07-24 10:22:58 INFO  Reusables:53 - output.txt is still empty
2024-07-24 10:22:58 INFO  Reusables:53 - output.txt is still empty
2024-07-24 10:22:58 INFO  Reusables:53 - output.txt is still empty
2024-07-24 10:22:58 INFO  Reusables:53 - output.txt is still empty
2024-07-24 10:22:58 INFO  Reusables:53 - output.txt is still empty
2024-07-24 10:22:58 INFO  Reusables:53 - output.txt is still empty
2024-07-24 10:22:58 INFO  Reusables:53 - output.txt is still empty
2024-07-24 10:22:58 INFO  Reusables:53 - output.txt is still empty
2024-07-24 10:22:58 INFO  Reusables:53 - output.txt is still empty
2024-07-24 10:22:58 INFO  Reusables:53 - output.txt is still empty
2024-07-24 10:22:58 INFO  Reusables:53 - output.txt is still empty
2024-07-24 10:22:58 INFO  Reusables:53 - output.txt is still empty
2024-07-24 10:22:58 INFO  Reusables:53 - output.txt is still empty
2024-07-24 10:22:58 INFO  Reusables:53 - output.txt is still empty
2024-07-24 10:22:58 INFO  Reusables:53 - output.txt is still empty
2024-07-24 10:22:58 INFO  Reusables:53 - output.txt is still empty
2024-07-24 10:22:58 INFO  Reusables:53 - output.txt is still empty
2024-07-24 10:22:58 INFO  Reusables:53 - output.txt is still empty
2024-07-24 10:22:58 INFO  Reusables:53 - output.txt is still empty
2024-07-24 10:22:58 INFO  Reusables:53 - output.txt is still empty
2024-07-24 10:22:58 INFO  Reusables:53 - output.txt is still empty
2024-07-24 10:22:58 INFO  Reusables:53 - output.txt is still empty
2024-07-24 10:22:58 INFO  Reusables:53 - output.txt is still empty
2024-07-24 10:22:58 INFO  Reusables:53 - output.txt is still empty
2024-07-24 10:22:58 INFO  Reusables:53 - output.txt is still empty
2024-07-24 10:22:58 INFO  Reusables:53 - output.txt is still empty
2024-07-24 10:22:58 INFO  Reusables:53 - output.txt is still empty
2024-07-24 10:22:58 INFO  Reusables:53 - output.txt is still empty
2024-07-24 10:22:58 INFO  Reusables:53 - output.txt is still empty
2024-07-24 10:22:58 INFO  Reusables:53 - output.txt is still empty
2024-07-24 10:22:58 INFO  Reusables:53 - output.txt is still empty
2024-07-24 10:22:58 INFO  Reusables:53 - output.txt is still empty
2024-07-24 10:22:58 INFO  Reusables:53 - output.txt is still empty
2024-07-24 10:22:58 INFO  Reusables:53 - output.txt is still empty
2024-07-24 10:22:58 INFO  Reusables:53 - output.txt is still empty
2024-07-24 10:22:58 INFO  Reusables:53 - output.txt is still empty
2024-07-24 10:22:58 INFO  Reusables:53 - output.txt is still empty
2024-07-24 10:22:58 INFO  Reusables:53 - output.txt is still empty
2024-07-24 10:22:58 INFO  Reusables:53 - output.txt is still empty
2024-07-24 10:22:58 INFO  Reusables:53 - output.txt is still empty
2024-07-24 10:22:58 INFO  Reusables:53 - output.txt is still empty
2024-07-24 10:22:58 INFO  Reusables:53 - output.txt is still empty
2024-07-24 10:22:58 INFO  Reusables:53 - output.txt is still empty
2024-07-24 10:22:58 INFO  Reusables:53 - output.txt is still empty
2024-07-24 10:22:58 INFO  Reusables:53 - output.txt is still empty
2024-07-24 10:22:58 INFO  Reusables:53 - output.txt is still empty
2024-07-24 10:22:58 INFO  Reusables:53 - output.txt is still empty
2024-07-24 10:22:58 INFO  Reusables:53 - output.txt is still empty
2024-07-24 10:22:58 INFO  Reusables:53 - output.txt is still empty
2024-07-24 10:22:58 INFO  Reusables:53 - output.txt is still empty
2024-07-24 10:22:58 INFO  Reusables:53 - output.txt is still empty
2024-07-24 10:22:58 INFO  Reusables:53 - output.txt is still empty
2024-07-24 10:22:58 INFO  Reusables:53 - output.txt is still empty
2024-07-24 10:22:58 INFO  Reusables:53 - output.txt is still empty
2024-07-24 10:22:58 INFO  Reusables:53 - output.txt is still empty
2024-07-24 10:22:58 INFO  Reusables:53 - output.txt is still empty
2024-07-24 10:22:58 INFO  Reusables:53 - output.txt is still empty
2024-07-24 10:22:58 INFO  Reusables:53 - output.txt is still empty
2024-07-24 10:22:58 INFO  Reusables:53 - output.txt is still empty
2024-07-24 10:22:58 INFO  Reusables:53 - output.txt is still empty
2024-07-24 10:22:58 INFO  Reusables:53 - output.txt is still empty
2024-07-24 10:22:58 INFO  Reusables:53 - output.txt is still empty
2024-07-24 10:22:58 INFO  Reusables:53 - output.txt is still empty
2024-07-24 10:22:58 INFO  Reusables:53 - output.txt is still empty
2024-07-24 10:22:58 INFO  Reusables:53 - output.txt is still empty
2024-07-24 10:22:58 INFO  Reusables:53 - output.txt is still empty
2024-07-24 10:22:58 INFO  Reusables:53 - output.txt is still empty
2024-07-24 10:22:58 INFO  Reusables:53 - output.txt is still empty
2024-07-24 10:22:58 INFO  Reusables:53 - output.txt is still empty
2024-07-24 10:22:58 INFO  Reusables:53 - output.txt is still empty
2024-07-24 10:22:58 INFO  Reusables:53 - output.txt is still empty
2024-07-24 10:22:58 INFO  Reusables:53 - output.txt is still empty
2024-07-24 10:22:58 INFO  Reusables:53 - output.txt is still empty
2024-07-24 10:22:58 INFO  Reusables:53 - output.txt is still empty
2024-07-24 10:22:58 INFO  Reusables:53 - output.txt is still empty
2024-07-24 10:22:58 INFO  Reusables:53 - output.txt is still empty
2024-07-24 10:22:58 INFO  Reusables:53 - output.txt is still empty
2024-07-24 10:22:58 INFO  Reusables:53 - output.txt is still empty
2024-07-24 10:22:58 INFO  Reusables:53 - output.txt is still empty
2024-07-24 10:22:58 INFO  Reusables:53 - output.txt is still empty
2024-07-24 10:22:58 INFO  Reusables:53 - output.txt is still empty
2024-07-24 10:22:58 INFO  Reusables:53 - output.txt is still empty
2024-07-24 10:22:58 INFO  Reusables:53 - output.txt is still empty
2024-07-24 10:22:58 INFO  Reusables:53 - output.txt is still empty
2024-07-24 10:22:58 INFO  Reusables:53 - output.txt is still empty
2024-07-24 10:22:58 INFO  Reusables:53 - output.txt is still empty
2024-07-24 10:22:58 INFO  Reusables:53 - output.txt is still empty
2024-07-24 10:22:58 INFO  Reusables:53 - output.txt is still empty
2024-07-24 10:22:58 INFO  Reusables:53 - output.txt is still empty
2024-07-24 10:22:58 INFO  Reusables:53 - output.txt is still empty
2024-07-24 10:22:58 INFO  Reusables:53 - output.txt is still empty
2024-07-24 10:22:58 INFO  Reusables:53 - output.txt is still empty
2024-07-24 10:22:58 INFO  Reusables:53 - output.txt is still empty
2024-07-24 10:22:58 INFO  Reusables:53 - output.txt is still empty
2024-07-24 10:22:58 INFO  Reusables:53 - output.txt is still empty
2024-07-24 10:22:58 INFO  Reusables:53 - output.txt is still empty
2024-07-24 10:22:58 INFO  Reusables:53 - output.txt is still empty
2024-07-24 10:22:58 INFO  Reusables:53 - output.txt is still empty
2024-07-24 10:22:58 INFO  Reusables:53 - output.txt is still empty
2024-07-24 10:22:58 INFO  Reusables:53 - output.txt is still empty
2024-07-24 10:22:58 INFO  Reusables:53 - output.txt is still empty
2024-07-24 10:22:58 INFO  Reusables:53 - output.txt is still empty
2024-07-24 10:22:58 INFO  Reusables:53 - output.txt is still empty
2024-07-24 10:22:58 INFO  Reusables:53 - output.txt is still empty
2024-07-24 10:22:58 INFO  Reusables:53 - output.txt is still empty
2024-07-24 10:22:58 INFO  Reusables:53 - output.txt is still empty
2024-07-24 10:22:58 INFO  Reusables:53 - output.txt is still empty
2024-07-24 10:22:58 INFO  Reusables:53 - output.txt is still empty
2024-07-24 10:22:58 INFO  Reusables:53 - output.txt is still empty
2024-07-24 10:22:58 INFO  Reusables:53 - output.txt is still empty
2024-07-24 10:22:58 INFO  Reusables:53 - output.txt is still empty
2024-07-24 10:22:58 INFO  Reusables:53 - output.txt is still empty
2024-07-24 10:22:58 INFO  Reusables:53 - output.txt is still empty
2024-07-24 10:22:58 INFO  Reusables:53 - output.txt is still empty
2024-07-24 10:22:58 INFO  Reusables:53 - output.txt is still empty
2024-07-24 10:22:58 INFO  Reusables:53 - output.txt is still empty
2024-07-24 10:22:58 INFO  Reusables:53 - output.txt is still empty
2024-07-24 10:22:58 INFO  Reusables:53 - output.txt is still empty
2024-07-24 10:22:58 INFO  Reusables:53 - output.txt is still empty
2024-07-24 10:22:58 INFO  Reusables:53 - output.txt is still empty
2024-07-24 10:22:58 INFO  Reusables:53 - output.txt is still empty
2024-07-24 10:22:58 INFO  Reusables:53 - output.txt is still empty
2024-07-24 10:22:58 INFO  Reusables:53 - output.txt is still empty
2024-07-24 10:22:58 INFO  Reusables:53 - output.txt is still empty
2024-07-24 10:22:58 INFO  Reusables:53 - output.txt is still empty
2024-07-24 10:22:58 INFO  Reusables:53 - output.txt is still empty
2024-07-24 10:22:58 INFO  Reusables:53 - output.txt is still empty
2024-07-24 10:22:58 INFO  Reusables:53 - output.txt is still empty
2024-07-24 10:22:58 INFO  Reusables:53 - output.txt is still empty
2024-07-24 10:22:58 INFO  Reusables:53 - output.txt is still empty
2024-07-24 10:22:58 INFO  Reusables:53 - output.txt is still empty
2024-07-24 10:22:58 INFO  Reusables:53 - output.txt is still empty
2024-07-24 10:22:58 INFO  Reusables:53 - output.txt is still empty
2024-07-24 10:22:58 INFO  Reusables:53 - output.txt is still empty
2024-07-24 10:22:58 INFO  Reusables:53 - output.txt is still empty
2024-07-24 10:22:58 INFO  Reusables:53 - output.txt is still empty
2024-07-24 10:22:58 INFO  Reusables:53 - output.txt is still empty
2024-07-24 10:22:58 INFO  Reusables:53 - output.txt is still empty
2024-07-24 10:22:58 INFO  Reusables:53 - output.txt is still empty
2024-07-24 10:22:58 INFO  Reusables:53 - output.txt is still empty
2024-07-24 10:22:58 INFO  Reusables:53 - output.txt is still empty
2024-07-24 10:22:58 INFO  Reusables:53 - output.txt is still empty
2024-07-24 10:22:58 INFO  Reusables:53 - output.txt is still empty
2024-07-24 10:22:58 INFO  Reusables:53 - output.txt is still empty
2024-07-24 10:22:58 INFO  Reusables:53 - output.txt is still empty
2024-07-24 10:22:58 INFO  Reusables:53 - output.txt is still empty
2024-07-24 10:22:58 INFO  Reusables:53 - output.txt is still empty
2024-07-24 10:22:58 INFO  Reusables:53 - output.txt is still empty
2024-07-24 10:22:58 INFO  Reusables:53 - output.txt is still empty
2024-07-24 10:22:58 INFO  Reusables:53 - output.txt is still empty
2024-07-24 10:22:58 INFO  Reusables:53 - output.txt is still empty
2024-07-24 10:22:58 INFO  Reusables:53 - output.txt is still empty
2024-07-24 10:22:58 INFO  Reusables:53 - output.txt is still empty
2024-07-24 10:22:58 INFO  Reusables:53 - output.txt is still empty
2024-07-24 10:22:58 INFO  Reusables:53 - output.txt is still empty
2024-07-24 10:22:58 INFO  Reusables:53 - output.txt is still empty
2024-07-24 10:22:58 INFO  Reusables:53 - output.txt is still empty
2024-07-24 10:22:58 INFO  Reusables:53 - output.txt is still empty
2024-07-24 10:22:58 INFO  Reusables:53 - output.txt is still empty
2024-07-24 10:22:58 INFO  Reusables:53 - output.txt is still empty
2024-07-24 10:22:58 INFO  Reusables:53 - output.txt is still empty
2024-07-24 10:22:58 INFO  Reusables:53 - output.txt is still empty
2024-07-24 10:22:58 INFO  Reusables:53 - output.txt is still empty
2024-07-24 10:22:58 INFO  Reusables:53 - output.txt is still empty
2024-07-24 10:22:58 INFO  Reusables:53 - output.txt is still empty
2024-07-24 10:22:58 INFO  Reusables:53 - output.txt is still empty
2024-07-24 10:22:58 INFO  Reusables:53 - output.txt is still empty
2024-07-24 10:22:58 INFO  Reusables:53 - output.txt is still empty
2024-07-24 10:22:58 INFO  Reusables:53 - output.txt is still empty
2024-07-24 10:22:58 INFO  Reusables:53 - output.txt is still empty
2024-07-24 10:22:58 INFO  Reusables:53 - output.txt is still empty
2024-07-24 10:22:58 INFO  Reusables:53 - output.txt is still empty
2024-07-24 10:22:58 INFO  Reusables:53 - output.txt is still empty
2024-07-24 10:22:58 INFO  Reusables:53 - output.txt is still empty
2024-07-24 10:22:58 INFO  Reusables:53 - output.txt is still empty
2024-07-24 10:22:58 INFO  Reusables:53 - output.txt is still empty
2024-07-24 10:22:58 INFO  Reusables:53 - output.txt is still empty
2024-07-24 10:22:58 INFO  Reusables:53 - output.txt is still empty
2024-07-24 10:22:58 INFO  Reusables:53 - output.txt is still empty
2024-07-24 10:22:58 INFO  Reusables:53 - output.txt is still empty
2024-07-24 10:22:58 INFO  Reusables:53 - output.txt is still empty
2024-07-24 10:22:58 INFO  Reusables:53 - output.txt is still empty
2024-07-24 10:22:58 INFO  Reusables:53 - output.txt is still empty
2024-07-24 10:22:58 INFO  Reusables:53 - output.txt is still empty
2024-07-24 10:22:58 INFO  Reusables:53 - output.txt is still empty
2024-07-24 10:22:58 INFO  Reusables:53 - output.txt is still empty
2024-07-24 10:22:58 INFO  Reusables:53 - output.txt is still empty
2024-07-24 10:22:58 INFO  Reusables:53 - output.txt is still empty
2024-07-24 10:22:58 INFO  Reusables:53 - output.txt is still empty
2024-07-24 10:22:58 INFO  Reusables:53 - output.txt is still empty
2024-07-24 10:22:58 INFO  Reusables:53 - output.txt is still empty
2024-07-24 10:22:58 INFO  Reusables:53 - output.txt is still empty
2024-07-24 10:22:58 INFO  Reusables:53 - output.txt is still empty
2024-07-24 10:22:58 INFO  Reusables:53 - output.txt is still empty
2024-07-24 10:22:58 INFO  Reusables:53 - output.txt is still empty
2024-07-24 10:22:58 INFO  Reusables:53 - output.txt is still empty
2024-07-24 10:22:58 INFO  Reusables:53 - output.txt is still empty
2024-07-24 10:22:58 INFO  Reusables:53 - output.txt is still empty
2024-07-24 10:22:58 INFO  Reusables:53 - output.txt is still empty
2024-07-24 10:22:58 INFO  Reusables:53 - output.txt is still empty
2024-07-24 10:22:58 INFO  Reusables:53 - output.txt is still empty
2024-07-24 10:22:58 INFO  Reusables:53 - output.txt is still empty
2024-07-24 10:22:58 INFO  Reusables:53 - output.txt is still empty
2024-07-24 10:22:58 INFO  Reusables:53 - output.txt is still empty
2024-07-24 10:22:58 INFO  Reusables:53 - output.txt is still empty
2024-07-24 10:22:58 INFO  Reusables:53 - output.txt is still empty
2024-07-24 10:22:58 INFO  Reusables:53 - output.txt is still empty
2024-07-24 10:22:58 INFO  Reusables:53 - output.txt is still empty
2024-07-24 10:22:58 INFO  Reusables:53 - output.txt is still empty
2024-07-24 10:22:58 INFO  Reusables:53 - output.txt is still empty
2024-07-24 10:22:58 INFO  Reusables:53 - output.txt is still empty
2024-07-24 10:22:58 INFO  Reusables:53 - output.txt is still empty
2024-07-24 10:22:58 INFO  Reusables:53 - output.txt is still empty
2024-07-24 10:22:58 INFO  Reusables:53 - output.txt is still empty
2024-07-24 10:22:58 INFO  Reusables:53 - output.txt is still empty
2024-07-24 10:22:58 INFO  Reusables:53 - output.txt is still empty
2024-07-24 10:22:58 INFO  Reusables:53 - output.txt is still empty
2024-07-24 10:22:58 INFO  Reusables:53 - output.txt is still empty
2024-07-24 10:22:58 INFO  Reusables:53 - output.txt is still empty
2024-07-24 10:22:58 INFO  Reusables:53 - output.txt is still empty
2024-07-24 10:22:58 INFO  Reusables:53 - output.txt is still empty
2024-07-24 10:22:58 INFO  Reusables:53 - output.txt is still empty
2024-07-24 10:22:58 INFO  Reusables:53 - output.txt is still empty
2024-07-24 10:22:58 INFO  Reusables:53 - output.txt is still empty
2024-07-24 10:22:58 INFO  Reusables:53 - output.txt is still empty
2024-07-24 10:22:58 INFO  Reusables:53 - output.txt is still empty
2024-07-24 10:22:58 INFO  Reusables:53 - output.txt is still empty
2024-07-24 10:22:58 INFO  Reusables:53 - output.txt is still empty
2024-07-24 10:22:58 INFO  Reusables:53 - output.txt is still empty
2024-07-24 10:22:58 INFO  Reusables:53 - output.txt is still empty
2024-07-24 10:22:58 INFO  Reusables:53 - output.txt is still empty
2024-07-24 10:22:58 INFO  Reusables:53 - output.txt is still empty
2024-07-24 10:22:58 INFO  Reusables:53 - output.txt is still empty
2024-07-24 10:22:58 INFO  Reusables:53 - output.txt is still empty
2024-07-24 10:22:58 INFO  Reusables:53 - output.txt is still empty
2024-07-24 10:22:58 INFO  Reusables:53 - output.txt is still empty
2024-07-24 10:22:58 INFO  Reusables:53 - output.txt is still empty
2024-07-24 10:22:58 INFO  Reusables:53 - output.txt is still empty
2024-07-24 10:22:58 INFO  Reusables:53 - output.txt is still empty
2024-07-24 10:22:58 INFO  Reusables:53 - output.txt is still empty
2024-07-24 10:22:58 INFO  Reusables:53 - output.txt is still empty
2024-07-24 10:22:58 INFO  Reusables:53 - output.txt is still empty
2024-07-24 10:22:58 INFO  Reusables:53 - output.txt is still empty
2024-07-24 10:22:58 INFO  Reusables:53 - output.txt is still empty
2024-07-24 10:22:58 INFO  Reusables:53 - output.txt is still empty
2024-07-24 10:22:58 INFO  Reusables:53 - output.txt is still empty
2024-07-24 10:22:58 INFO  Reusables:53 - output.txt is still empty
2024-07-24 10:22:58 INFO  Reusables:53 - output.txt is still empty
2024-07-24 10:22:58 INFO  Reusables:53 - output.txt is still empty
2024-07-24 10:22:58 INFO  Reusables:53 - output.txt is still empty
2024-07-24 10:22:58 INFO  Reusables:53 - output.txt is still empty
2024-07-24 10:22:58 INFO  Reusables:53 - output.txt is still empty
2024-07-24 10:22:58 INFO  Reusables:53 - output.txt is still empty
2024-07-24 10:22:58 INFO  Reusables:53 - output.txt is still empty
2024-07-24 10:22:58 INFO  Reusables:53 - output.txt is still empty
2024-07-24 10:22:58 INFO  Reusables:53 - output.txt is still empty
2024-07-24 10:22:58 INFO  Reusables:53 - output.txt is still empty
2024-07-24 10:22:58 INFO  Reusables:53 - output.txt is still empty
2024-07-24 10:22:58 INFO  Reusables:53 - output.txt is still empty
2024-07-24 10:22:58 INFO  Reusables:53 - output.txt is still empty
2024-07-24 10:22:58 INFO  Reusables:53 - output.txt is still empty
2024-07-24 10:22:58 INFO  Reusables:53 - output.txt is still empty
2024-07-24 10:22:58 INFO  Reusables:53 - output.txt is still empty
2024-07-24 10:22:58 INFO  Reusables:53 - output.txt is still empty
2024-07-24 10:22:58 INFO  Reusables:53 - output.txt is still empty
2024-07-24 10:22:58 INFO  Reusables:53 - output.txt is still empty
2024-07-24 10:22:58 INFO  Reusables:53 - output.txt is still empty
2024-07-24 10:22:58 INFO  Reusables:53 - output.txt is still empty
2024-07-24 10:22:58 INFO  Reusables:53 - output.txt is still empty
2024-07-24 10:22:58 INFO  Reusables:53 - output.txt is still empty
2024-07-24 10:22:58 INFO  Reusables:53 - output.txt is still empty
2024-07-24 10:22:58 INFO  Reusables:53 - output.txt is still empty
2024-07-24 10:22:58 INFO  Reusables:53 - output.txt is still empty
2024-07-24 10:22:58 INFO  Reusables:53 - output.txt is still empty
2024-07-24 10:22:58 INFO  Reusables:53 - output.txt is still empty
2024-07-24 10:22:58 INFO  Reusables:53 - output.txt is still empty
2024-07-24 10:22:58 INFO  Reusables:53 - output.txt is still empty
2024-07-24 10:22:58 INFO  Reusables:53 - output.txt is still empty
2024-07-24 10:22:58 INFO  Reusables:53 - output.txt is still empty
2024-07-24 10:22:58 INFO  Reusables:53 - output.txt is still empty
2024-07-24 10:22:58 INFO  Reusables:53 - output.txt is still empty
2024-07-24 10:22:58 INFO  Reusables:53 - output.txt is still empty
2024-07-24 10:22:58 INFO  Reusables:53 - output.txt is still empty
2024-07-24 10:22:58 INFO  Reusables:53 - output.txt is still empty
2024-07-24 10:22:58 INFO  Reusables:53 - output.txt is still empty
2024-07-24 10:22:58 INFO  Reusables:53 - output.txt is still empty
2024-07-24 10:22:58 INFO  Reusables:53 - output.txt is still empty
2024-07-24 10:22:58 INFO  Reusables:53 - output.txt is still empty
2024-07-24 10:22:58 INFO  Reusables:53 - output.txt is still empty
2024-07-24 10:22:58 INFO  Reusables:53 - output.txt is still empty
2024-07-24 10:22:58 INFO  Reusables:53 - output.txt is still empty
2024-07-24 10:22:58 INFO  Reusables:53 - output.txt is still empty
2024-07-24 10:22:58 INFO  Reusables:53 - output.txt is still empty
2024-07-24 10:22:58 INFO  Reusables:53 - output.txt is still empty
2024-07-24 10:22:58 INFO  Reusables:53 - output.txt is still empty
2024-07-24 10:22:58 INFO  Reusables:53 - output.txt is still empty
2024-07-24 10:22:58 INFO  Reusables:53 - output.txt is still empty
2024-07-24 10:22:58 INFO  Reusables:53 - output.txt is still empty
2024-07-24 10:22:58 INFO  Reusables:53 - output.txt is still empty
2024-07-24 10:22:58 INFO  Reusables:53 - output.txt is still empty
2024-07-24 10:22:58 INFO  Reusables:53 - output.txt is still empty
2024-07-24 10:22:58 INFO  Reusables:53 - output.txt is still empty
2024-07-24 10:22:58 INFO  Reusables:53 - output.txt is still empty
2024-07-24 10:22:58 INFO  Reusables:53 - output.txt is still empty
2024-07-24 10:22:58 INFO  Reusables:53 - output.txt is still empty
2024-07-24 10:22:58 INFO  Reusables:53 - output.txt is still empty
2024-07-24 10:22:58 INFO  Reusables:53 - output.txt is still empty
2024-07-24 10:22:58 INFO  Reusables:53 - output.txt is still empty
2024-07-24 10:22:58 INFO  Reusables:53 - output.txt is still empty
2024-07-24 10:22:58 INFO  Reusables:53 - output.txt is still empty
2024-07-24 10:22:58 INFO  Reusables:53 - output.txt is still empty
2024-07-24 10:22:58 INFO  Reusables:53 - output.txt is still empty
2024-07-24 10:22:58 INFO  Reusables:53 - output.txt is still empty
2024-07-24 10:22:58 INFO  Reusables:53 - output.txt is still empty
2024-07-24 10:22:58 INFO  Reusables:53 - output.txt is still empty
2024-07-24 10:22:58 INFO  Reusables:53 - output.txt is still empty
2024-07-24 10:22:58 INFO  Reusables:53 - output.txt is still empty
2024-07-24 10:22:58 INFO  Reusables:53 - output.txt is still empty
2024-07-24 10:22:58 INFO  Reusables:53 - output.txt is still empty
2024-07-24 10:22:58 INFO  Reusables:53 - output.txt is still empty
2024-07-24 10:22:58 INFO  Reusables:53 - output.txt is still empty
2024-07-24 10:22:58 INFO  Reusables:53 - output.txt is still empty
2024-07-24 10:22:58 INFO  Reusables:53 - output.txt is still empty
2024-07-24 10:22:58 INFO  Reusables:53 - output.txt is still empty
2024-07-24 10:22:58 INFO  Reusables:53 - output.txt is still empty
2024-07-24 10:22:58 INFO  Reusables:53 - output.txt is still empty
2024-07-24 10:22:58 INFO  Reusables:53 - output.txt is still empty
2024-07-24 10:22:58 INFO  Reusables:53 - output.txt is still empty
2024-07-24 10:22:58 INFO  Reusables:53 - output.txt is still empty
2024-07-24 10:22:58 INFO  Reusables:53 - output.txt is still empty
2024-07-24 10:22:58 INFO  Reusables:53 - output.txt is still empty
2024-07-24 10:22:58 INFO  Reusables:53 - output.txt is still empty
2024-07-24 10:22:58 INFO  Reusables:53 - output.txt is still empty
2024-07-24 10:22:58 INFO  Reusables:53 - output.txt is still empty
2024-07-24 10:22:58 INFO  Reusables:53 - output.txt is still empty
2024-07-24 10:22:58 INFO  Reusables:53 - output.txt is still empty
2024-07-24 10:22:58 INFO  Reusables:53 - output.txt is still empty
2024-07-24 10:22:58 INFO  Reusables:53 - output.txt is still empty
2024-07-24 10:22:58 INFO  Reusables:53 - output.txt is still empty
2024-07-24 10:22:58 INFO  Reusables:53 - output.txt is still empty
2024-07-24 10:22:58 INFO  Reusables:53 - output.txt is still empty
2024-07-24 10:22:58 INFO  Reusables:53 - output.txt is still empty
2024-07-24 10:22:58 INFO  Reusables:53 - output.txt is still empty
2024-07-24 10:22:58 INFO  Reusables:53 - output.txt is still empty
2024-07-24 10:22:58 INFO  Reusables:53 - output.txt is still empty
2024-07-24 10:22:58 INFO  Reusables:53 - output.txt is still empty
2024-07-24 10:22:58 INFO  Reusables:53 - output.txt is still empty
2024-07-24 10:22:58 INFO  Reusables:53 - output.txt is still empty
2024-07-24 10:22:58 INFO  Reusables:53 - output.txt is still empty
2024-07-24 10:22:58 INFO  Reusables:53 - output.txt is still empty
2024-07-24 10:22:58 INFO  Reusables:53 - output.txt is still empty
2024-07-24 10:22:58 INFO  Reusables:53 - output.txt is still empty
2024-07-24 10:22:58 INFO  Reusables:53 - output.txt is still empty
2024-07-24 10:22:58 INFO  Reusables:53 - output.txt is still empty
2024-07-24 10:22:58 INFO  Reusables:53 - output.txt is still empty
2024-07-24 10:22:58 INFO  Reusables:53 - output.txt is still empty
2024-07-24 10:22:58 INFO  Reusables:53 - output.txt is still empty
2024-07-24 10:22:58 INFO  Reusables:53 - output.txt is still empty
2024-07-24 10:22:58 INFO  Reusables:53 - output.txt is still empty
2024-07-24 10:22:58 INFO  Reusables:53 - output.txt is still empty
2024-07-24 10:22:58 INFO  Reusables:53 - output.txt is still empty
2024-07-24 10:22:58 INFO  Reusables:53 - output.txt is still empty
2024-07-24 10:22:58 INFO  Reusables:53 - output.txt is still empty
2024-07-24 10:22:58 INFO  Reusables:53 - output.txt is still empty
2024-07-24 10:22:58 INFO  Reusables:53 - output.txt is still empty
2024-07-24 10:22:58 INFO  Reusables:53 - output.txt is still empty
2024-07-24 10:22:58 INFO  Reusables:53 - output.txt is still empty
2024-07-24 10:22:58 INFO  Reusables:53 - output.txt is still empty
2024-07-24 10:22:58 INFO  Reusables:53 - output.txt is still empty
2024-07-24 10:22:58 INFO  Reusables:53 - output.txt is still empty
2024-07-24 10:22:58 INFO  Reusables:53 - output.txt is still empty
2024-07-24 10:22:58 INFO  Reusables:53 - output.txt is still empty
2024-07-24 10:22:58 INFO  Reusables:53 - output.txt is still empty
2024-07-24 10:22:58 INFO  Reusables:53 - output.txt is still empty
2024-07-24 10:22:58 INFO  Reusables:53 - output.txt is still empty
2024-07-24 10:22:58 INFO  Reusables:53 - output.txt is still empty
2024-07-24 10:22:58 INFO  Reusables:53 - output.txt is still empty
2024-07-24 10:22:58 INFO  Reusables:53 - output.txt is still empty
2024-07-24 10:22:58 INFO  Reusables:53 - output.txt is still empty
2024-07-24 10:22:58 INFO  Reusables:53 - output.txt is still empty
2024-07-24 10:22:58 INFO  Reusables:53 - output.txt is still empty
2024-07-24 10:22:58 INFO  Reusables:53 - output.txt is still empty
2024-07-24 10:22:58 INFO  Reusables:53 - output.txt is still empty
2024-07-24 10:22:58 INFO  Reusables:53 - output.txt is still empty
2024-07-24 10:22:58 INFO  Reusables:53 - output.txt is still empty
2024-07-24 10:22:58 INFO  Reusables:53 - output.txt is still empty
2024-07-24 10:22:58 INFO  Reusables:53 - output.txt is still empty
2024-07-24 10:22:58 INFO  Reusables:53 - output.txt is still empty
2024-07-24 10:22:58 INFO  Reusables:53 - output.txt is still empty
2024-07-24 10:22:58 INFO  Reusables:53 - output.txt is still empty
2024-07-24 10:22:58 INFO  Reusables:53 - output.txt is still empty
2024-07-24 10:22:58 INFO  Reusables:53 - output.txt is still empty
2024-07-24 10:22:58 INFO  Reusables:53 - output.txt is still empty
2024-07-24 10:22:58 INFO  Reusables:53 - output.txt is still empty
2024-07-24 10:22:58 INFO  Reusables:53 - output.txt is still empty
2024-07-24 10:22:58 INFO  Reusables:53 - output.txt is still empty
2024-07-24 10:22:58 INFO  Reusables:53 - output.txt is still empty
2024-07-24 10:22:58 INFO  Reusables:53 - output.txt is still empty
2024-07-24 10:22:58 INFO  Reusables:53 - output.txt is still empty
2024-07-24 10:22:58 INFO  Reusables:53 - output.txt is still empty
2024-07-24 10:22:58 INFO  Reusables:53 - output.txt is still empty
2024-07-24 10:22:58 INFO  Reusables:53 - output.txt is still empty
2024-07-24 10:22:58 INFO  Reusables:53 - output.txt is still empty
2024-07-24 10:22:58 INFO  Reusables:53 - output.txt is still empty
2024-07-24 10:22:58 INFO  Reusables:53 - output.txt is still empty
2024-07-24 10:22:58 INFO  Reusables:53 - output.txt is still empty
2024-07-24 10:22:58 INFO  Reusables:53 - output.txt is still empty
2024-07-24 10:22:58 INFO  Reusables:53 - output.txt is still empty
2024-07-24 10:22:58 INFO  Reusables:53 - output.txt is still empty
2024-07-24 10:22:58 INFO  Reusables:53 - output.txt is still empty
2024-07-24 10:22:58 INFO  Reusables:53 - output.txt is still empty
2024-07-24 10:22:58 INFO  Reusables:53 - output.txt is still empty
2024-07-24 10:22:58 INFO  Reusables:53 - output.txt is still empty
2024-07-24 10:22:58 INFO  Reusables:53 - output.txt is still empty
2024-07-24 10:22:58 INFO  Reusables:53 - output.txt is still empty
2024-07-24 10:22:58 INFO  Reusables:53 - output.txt is still empty
2024-07-24 10:22:58 INFO  Reusables:53 - output.txt is still empty
2024-07-24 10:22:58 INFO  Reusables:53 - output.txt is still empty
2024-07-24 10:22:58 INFO  Reusables:53 - output.txt is still empty
2024-07-24 10:22:58 INFO  Reusables:53 - output.txt is still empty
2024-07-24 10:22:58 INFO  Reusables:53 - output.txt is still empty
2024-07-24 10:22:58 INFO  Reusables:53 - output.txt is still empty
2024-07-24 10:22:58 INFO  Reusables:53 - output.txt is still empty
2024-07-24 10:22:58 INFO  Reusables:53 - output.txt is still empty
2024-07-24 10:22:58 INFO  Reusables:53 - output.txt is still empty
2024-07-24 10:22:58 INFO  Reusables:53 - output.txt is still empty
2024-07-24 10:22:58 INFO  Reusables:53 - output.txt is still empty
2024-07-24 10:22:58 INFO  Reusables:53 - output.txt is still empty
2024-07-24 10:22:58 INFO  Reusables:53 - output.txt is still empty
2024-07-24 10:22:58 INFO  Reusables:53 - output.txt is still empty
2024-07-24 10:22:58 INFO  Reusables:53 - output.txt is still empty
2024-07-24 10:22:58 INFO  Reusables:53 - output.txt is still empty
2024-07-24 10:22:58 INFO  Reusables:53 - output.txt is still empty
2024-07-24 10:22:58 INFO  Reusables:53 - output.txt is still empty
2024-07-24 10:22:58 INFO  Reusables:53 - output.txt is still empty
2024-07-24 10:22:58 INFO  Reusables:53 - output.txt is still empty
2024-07-24 10:22:58 INFO  Reusables:53 - output.txt is still empty
2024-07-24 10:22:58 INFO  Reusables:53 - output.txt is still empty
2024-07-24 10:22:58 INFO  Reusables:53 - output.txt is still empty
2024-07-24 10:22:58 INFO  Reusables:53 - output.txt is still empty
2024-07-24 10:22:58 INFO  Reusables:53 - output.txt is still empty
2024-07-24 10:22:58 INFO  Reusables:53 - output.txt is still empty
2024-07-24 10:22:58 INFO  Reusables:53 - output.txt is still empty
2024-07-24 10:22:58 INFO  Reusables:53 - output.txt is still empty
2024-07-24 10:22:58 INFO  Reusables:53 - output.txt is still empty
2024-07-24 10:22:58 INFO  Reusables:53 - output.txt is still empty
2024-07-24 10:22:58 INFO  Reusables:53 - output.txt is still empty
2024-07-24 10:22:58 INFO  Reusables:53 - output.txt is still empty
2024-07-24 10:22:58 INFO  Reusables:53 - output.txt is still empty
2024-07-24 10:22:58 INFO  Reusables:53 - output.txt is still empty
2024-07-24 10:22:58 INFO  Reusables:53 - output.txt is still empty
2024-07-24 10:22:58 INFO  Reusables:53 - output.txt is still empty
2024-07-24 10:22:58 INFO  Reusables:53 - output.txt is still empty
2024-07-24 10:22:58 INFO  Reusables:53 - output.txt is still empty
2024-07-24 10:22:58 INFO  Reusables:53 - output.txt is still empty
2024-07-24 10:22:58 INFO  Reusables:53 - output.txt is still empty
2024-07-24 10:22:58 INFO  Reusables:53 - output.txt is still empty
2024-07-24 10:22:58 INFO  Reusables:53 - output.txt is still empty
2024-07-24 10:22:58 INFO  Reusables:53 - output.txt is still empty
2024-07-24 10:22:58 INFO  Reusables:53 - output.txt is still empty
2024-07-24 10:22:58 INFO  Reusables:53 - output.txt is still empty
2024-07-24 10:22:58 INFO  Reusables:53 - output.txt is still empty
2024-07-24 10:22:58 INFO  Reusables:53 - output.txt is still empty
2024-07-24 10:22:58 INFO  Reusables:53 - output.txt is still empty
2024-07-24 10:22:58 INFO  Reusables:53 - output.txt is still empty
2024-07-24 10:22:58 INFO  Reusables:53 - output.txt is still empty
2024-07-24 10:22:58 INFO  Reusables:53 - output.txt is still empty
2024-07-24 10:22:58 INFO  Reusables:53 - output.txt is still empty
2024-07-24 10:22:58 INFO  Reusables:53 - output.txt is still empty
2024-07-24 10:22:58 INFO  Reusables:53 - output.txt is still empty
2024-07-24 10:22:58 INFO  Reusables:53 - output.txt is still empty
2024-07-24 10:22:58 INFO  Reusables:53 - output.txt is still empty
2024-07-24 10:22:58 INFO  Reusables:53 - output.txt is still empty
2024-07-24 10:22:58 INFO  Reusables:53 - output.txt is still empty
2024-07-24 10:22:58 INFO  Reusables:53 - output.txt is still empty
2024-07-24 10:22:58 INFO  Reusables:53 - output.txt is still empty
2024-07-24 10:22:58 INFO  Reusables:53 - output.txt is still empty
2024-07-24 10:22:58 INFO  Reusables:53 - output.txt is still empty
2024-07-24 10:22:58 INFO  Reusables:53 - output.txt is still empty
2024-07-24 10:22:58 INFO  Reusables:53 - output.txt is still empty
2024-07-24 10:22:58 INFO  Reusables:53 - output.txt is still empty
2024-07-24 10:22:58 INFO  Reusables:53 - output.txt is still empty
2024-07-24 10:22:58 INFO  Reusables:53 - output.txt is still empty
2024-07-24 10:22:58 INFO  Reusables:53 - output.txt is still empty
2024-07-24 10:22:58 INFO  Reusables:53 - output.txt is still empty
2024-07-24 10:22:58 INFO  Reusables:53 - output.txt is still empty
2024-07-24 10:22:58 INFO  Reusables:53 - output.txt is still empty
2024-07-24 10:22:58 INFO  Reusables:53 - output.txt is still empty
2024-07-24 10:22:58 INFO  Reusables:53 - output.txt is still empty
2024-07-24 10:22:58 INFO  Reusables:53 - output.txt is still empty
2024-07-24 10:22:58 INFO  Reusables:53 - output.txt is still empty
2024-07-24 10:22:58 INFO  Reusables:53 - output.txt is still empty
2024-07-24 10:22:58 INFO  Reusables:53 - output.txt is still empty
2024-07-24 10:22:58 INFO  Reusables:53 - output.txt is still empty
2024-07-24 10:22:58 INFO  Reusables:53 - output.txt is still empty
2024-07-24 10:22:58 INFO  Reusables:53 - output.txt is still empty
2024-07-24 10:22:58 INFO  Reusables:53 - output.txt is still empty
2024-07-24 10:22:58 INFO  Reusables:53 - output.txt is still empty
2024-07-24 10:22:58 INFO  Reusables:53 - output.txt is still empty
2024-07-24 10:22:58 INFO  Reusables:53 - output.txt is still empty
2024-07-24 10:22:58 INFO  Reusables:53 - output.txt is still empty
2024-07-24 10:22:58 INFO  Reusables:53 - output.txt is still empty
2024-07-24 10:22:58 INFO  Reusables:53 - output.txt is still empty
2024-07-24 10:22:58 INFO  Reusables:53 - output.txt is still empty
2024-07-24 10:22:58 INFO  Reusables:53 - output.txt is still empty
2024-07-24 10:22:58 INFO  Reusables:53 - output.txt is still empty
2024-07-24 10:22:58 INFO  Reusables:53 - output.txt is still empty
2024-07-24 10:22:58 INFO  Reusables:53 - output.txt is still empty
2024-07-24 10:22:58 INFO  Reusables:53 - output.txt is still empty
2024-07-24 10:22:58 INFO  Reusables:53 - output.txt is still empty
2024-07-24 10:22:58 INFO  Reusables:53 - output.txt is still empty
2024-07-24 10:22:58 INFO  Reusables:53 - output.txt is still empty
2024-07-24 10:22:58 INFO  Reusables:53 - output.txt is still empty
2024-07-24 10:22:58 INFO  Reusables:53 - output.txt is still empty
2024-07-24 10:22:58 INFO  Reusables:53 - output.txt is still empty
2024-07-24 10:22:58 INFO  Reusables:53 - output.txt is still empty
2024-07-24 10:22:58 INFO  Reusables:53 - output.txt is still empty
2024-07-24 10:22:58 INFO  Reusables:53 - output.txt is still empty
2024-07-24 10:22:58 INFO  Reusables:53 - output.txt is still empty
2024-07-24 10:22:58 INFO  Reusables:53 - output.txt is still empty
2024-07-24 10:22:58 INFO  Reusables:53 - output.txt is still empty
2024-07-24 10:22:58 INFO  Reusables:53 - output.txt is still empty
2024-07-24 10:22:58 INFO  Reusables:53 - output.txt is still empty
2024-07-24 10:22:58 INFO  Reusables:53 - output.txt is still empty
2024-07-24 10:22:58 INFO  Reusables:53 - output.txt is still empty
2024-07-24 10:22:58 INFO  Reusables:53 - output.txt is still empty
2024-07-24 10:22:58 INFO  Reusables:53 - output.txt is still empty
2024-07-24 10:22:58 INFO  Reusables:53 - output.txt is still empty
2024-07-24 10:22:58 INFO  Reusables:53 - output.txt is still empty
2024-07-24 10:22:58 INFO  Reusables:53 - output.txt is still empty
2024-07-24 10:22:58 INFO  Reusables:53 - output.txt is still empty
2024-07-24 10:22:58 INFO  Reusables:53 - output.txt is still empty
2024-07-24 10:22:58 INFO  Reusables:53 - output.txt is still empty
2024-07-24 10:22:58 INFO  Reusables:53 - output.txt is still empty
2024-07-24 10:22:58 INFO  Reusables:53 - output.txt is still empty
2024-07-24 10:22:58 INFO  Reusables:53 - output.txt is still empty
2024-07-24 10:22:58 INFO  Reusables:53 - output.txt is still empty
2024-07-24 10:22:58 INFO  Reusables:53 - output.txt is still empty
2024-07-24 10:22:58 INFO  Reusables:53 - output.txt is still empty
2024-07-24 10:22:58 INFO  Reusables:53 - output.txt is still empty
2024-07-24 10:22:58 INFO  Reusables:53 - output.txt is still empty
2024-07-24 10:22:58 INFO  Reusables:53 - output.txt is still empty
2024-07-24 10:22:58 INFO  Reusables:53 - output.txt is still empty
2024-07-24 10:22:58 INFO  Reusables:53 - output.txt is still empty
2024-07-24 10:22:58 INFO  Reusables:53 - output.txt is still empty
2024-07-24 10:22:58 INFO  Reusables:53 - output.txt is still empty
2024-07-24 10:22:58 INFO  Reusables:53 - output.txt is still empty
2024-07-24 10:22:58 INFO  Reusables:53 - output.txt is still empty
2024-07-24 10:22:58 INFO  Reusables:53 - output.txt is still empty
2024-07-24 10:22:58 INFO  Reusables:53 - output.txt is still empty
2024-07-24 10:22:58 INFO  Reusables:53 - output.txt is still empty
2024-07-24 10:22:58 INFO  Reusables:53 - output.txt is still empty
2024-07-24 10:22:58 INFO  Reusables:53 - output.txt is still empty
2024-07-24 10:22:58 INFO  Reusables:53 - output.txt is still empty
2024-07-24 10:22:58 INFO  Reusables:53 - output.txt is still empty
2024-07-24 10:22:58 INFO  Reusables:53 - output.txt is still empty
2024-07-24 10:22:58 INFO  Reusables:53 - output.txt is still empty
2024-07-24 10:22:58 INFO  Reusables:53 - output.txt is still empty
2024-07-24 10:22:58 INFO  Reusables:53 - output.txt is still empty
2024-07-24 10:22:58 INFO  Reusables:53 - output.txt is still empty
2024-07-24 10:22:58 INFO  Reusables:53 - output.txt is still empty
2024-07-24 10:22:58 INFO  Reusables:53 - output.txt is still empty
2024-07-24 10:22:58 INFO  Reusables:53 - output.txt is still empty
2024-07-24 10:22:58 INFO  Reusables:53 - output.txt is still empty
2024-07-24 10:22:58 INFO  Reusables:53 - output.txt is still empty
2024-07-24 10:22:58 INFO  Reusables:53 - output.txt is still empty
2024-07-24 10:22:58 INFO  Reusables:53 - output.txt is still empty
2024-07-24 10:22:58 INFO  Reusables:53 - output.txt is still empty
2024-07-24 10:22:58 INFO  Reusables:53 - output.txt is still empty
2024-07-24 10:22:58 INFO  Reusables:53 - output.txt is still empty
2024-07-24 10:22:58 INFO  Reusables:53 - output.txt is still empty
2024-07-24 10:22:58 INFO  Reusables:53 - output.txt is still empty
2024-07-24 10:22:58 INFO  Reusables:53 - output.txt is still empty
2024-07-24 10:22:58 INFO  Reusables:53 - output.txt is still empty
2024-07-24 10:22:58 INFO  Reusables:53 - output.txt is still empty
2024-07-24 10:22:58 INFO  Reusables:53 - output.txt is still empty
2024-07-24 10:22:58 INFO  Reusables:53 - output.txt is still empty
2024-07-24 10:22:58 INFO  Reusables:53 - output.txt is still empty
2024-07-24 10:22:58 INFO  Reusables:53 - output.txt is still empty
2024-07-24 10:22:58 INFO  Reusables:53 - output.txt is still empty
2024-07-24 10:22:58 INFO  Reusables:53 - output.txt is still empty
2024-07-24 10:22:58 INFO  Reusables:53 - output.txt is still empty
2024-07-24 10:22:58 INFO  Reusables:53 - output.txt is still empty
2024-07-24 10:22:58 INFO  Reusables:53 - output.txt is still empty
2024-07-24 10:22:58 INFO  Reusables:53 - output.txt is still empty
2024-07-24 10:22:58 INFO  Reusables:53 - output.txt is still empty
2024-07-24 10:22:58 INFO  Reusables:53 - output.txt is still empty
2024-07-24 10:22:58 INFO  Reusables:53 - output.txt is still empty
2024-07-24 10:22:58 INFO  Reusables:53 - output.txt is still empty
2024-07-24 10:22:58 INFO  Reusables:53 - output.txt is still empty
2024-07-24 10:22:58 INFO  Reusables:53 - output.txt is still empty
2024-07-24 10:22:58 INFO  Reusables:53 - output.txt is still empty
2024-07-24 10:22:58 INFO  Reusables:53 - output.txt is still empty
2024-07-24 10:22:58 INFO  Reusables:53 - output.txt is still empty
2024-07-24 10:22:58 INFO  Reusables:53 - output.txt is still empty
2024-07-24 10:22:58 INFO  Reusables:53 - output.txt is still empty
2024-07-24 10:22:58 INFO  Reusables:53 - output.txt is still empty
2024-07-24 10:22:58 INFO  Reusables:53 - output.txt is still empty
2024-07-24 10:22:58 INFO  Reusables:53 - output.txt is still empty
2024-07-24 10:22:58 INFO  Reusables:53 - output.txt is still empty
2024-07-24 10:22:58 INFO  Reusables:53 - output.txt is still empty
2024-07-24 10:22:58 INFO  Reusables:53 - output.txt is still empty
2024-07-24 10:22:58 INFO  Reusables:53 - output.txt is still empty
2024-07-24 10:22:58 INFO  Reusables:53 - output.txt is still empty
2024-07-24 10:22:58 INFO  Reusables:53 - output.txt is still empty
2024-07-24 10:22:58 INFO  Reusables:53 - output.txt is still empty
2024-07-24 10:22:58 INFO  Reusables:53 - output.txt is still empty
2024-07-24 10:22:58 INFO  Reusables:53 - output.txt is still empty
2024-07-24 10:22:58 INFO  Reusables:53 - output.txt is still empty
2024-07-24 10:22:58 INFO  Reusables:53 - output.txt is still empty
2024-07-24 10:22:58 INFO  Reusables:53 - output.txt is still empty
2024-07-24 10:22:58 INFO  Reusables:53 - output.txt is still empty
2024-07-24 10:22:58 INFO  Reusables:53 - output.txt is still empty
2024-07-24 10:22:58 INFO  Reusables:53 - output.txt is still empty
2024-07-24 10:22:58 INFO  Reusables:53 - output.txt is still empty
2024-07-24 10:22:58 INFO  Reusables:53 - output.txt is still empty
2024-07-24 10:22:58 INFO  Reusables:53 - output.txt is still empty
2024-07-24 10:22:58 INFO  Reusables:53 - output.txt is still empty
2024-07-24 10:22:58 INFO  Reusables:53 - output.txt is still empty
2024-07-24 10:22:58 INFO  Reusables:53 - output.txt is still empty
2024-07-24 10:22:58 INFO  Reusables:53 - output.txt is still empty
2024-07-24 10:22:58 INFO  Reusables:53 - output.txt is still empty
2024-07-24 10:22:58 INFO  Reusables:53 - output.txt is still empty
2024-07-24 10:22:58 INFO  Reusables:53 - output.txt is still empty
2024-07-24 10:22:58 INFO  Reusables:53 - output.txt is still empty
2024-07-24 10:22:58 INFO  Reusables:53 - output.txt is still empty
2024-07-24 10:22:58 INFO  Reusables:53 - output.txt is still empty
2024-07-24 10:22:58 INFO  Reusables:53 - output.txt is still empty
2024-07-24 10:22:58 INFO  Reusables:53 - output.txt is still empty
2024-07-24 10:22:58 INFO  Reusables:53 - output.txt is still empty
2024-07-24 10:22:58 INFO  Reusables:53 - output.txt is still empty
2024-07-24 10:22:58 INFO  Reusables:53 - output.txt is still empty
2024-07-24 10:22:58 INFO  Reusables:53 - output.txt is still empty
2024-07-24 10:22:58 INFO  Reusables:53 - output.txt is still empty
2024-07-24 10:22:58 INFO  Reusables:53 - output.txt is still empty
2024-07-24 10:22:58 INFO  Reusables:53 - output.txt is still empty
2024-07-24 10:22:58 INFO  Reusables:53 - output.txt is still empty
2024-07-24 10:22:58 INFO  Reusables:53 - output.txt is still empty
2024-07-24 10:22:58 INFO  Reusables:53 - output.txt is still empty
2024-07-24 10:22:58 INFO  Reusables:53 - output.txt is still empty
2024-07-24 10:22:58 INFO  Reusables:53 - output.txt is still empty
2024-07-24 10:22:58 INFO  Reusables:53 - output.txt is still empty
2024-07-24 10:22:58 INFO  Reusables:53 - output.txt is still empty
2024-07-24 10:22:58 INFO  Reusables:53 - output.txt is still empty
2024-07-24 10:22:58 INFO  Reusables:53 - output.txt is still empty
2024-07-24 10:22:58 INFO  Reusables:53 - output.txt is still empty
2024-07-24 10:22:58 INFO  Reusables:53 - output.txt is still empty
2024-07-24 10:22:58 INFO  Reusables:53 - output.txt is still empty
2024-07-24 10:22:58 INFO  Reusables:53 - output.txt is still empty
2024-07-24 10:22:58 INFO  Reusables:53 - output.txt is still empty
2024-07-24 10:22:58 INFO  Reusables:53 - output.txt is still empty
2024-07-24 10:22:58 INFO  Reusables:53 - output.txt is still empty
2024-07-24 10:22:58 INFO  Reusables:53 - output.txt is still empty
2024-07-24 10:22:58 INFO  Reusables:53 - output.txt is still empty
2024-07-24 10:22:58 INFO  Reusables:53 - output.txt is still empty
2024-07-24 10:22:58 INFO  Reusables:53 - output.txt is still empty
2024-07-24 10:22:58 INFO  Reusables:53 - output.txt is still empty
2024-07-24 10:22:58 INFO  Reusables:53 - output.txt is still empty
2024-07-24 10:22:58 INFO  Reusables:53 - output.txt is still empty
2024-07-24 10:22:58 INFO  Reusables:53 - output.txt is still empty
2024-07-24 10:22:58 INFO  Reusables:53 - output.txt is still empty
2024-07-24 10:22:58 INFO  Reusables:53 - output.txt is still empty
2024-07-24 10:22:58 INFO  Reusables:53 - output.txt is still empty
2024-07-24 10:22:58 INFO  Reusables:53 - output.txt is still empty
2024-07-24 10:22:58 INFO  Reusables:53 - output.txt is still empty
2024-07-24 10:22:58 INFO  Reusables:53 - output.txt is still empty
2024-07-24 10:22:58 INFO  Reusables:53 - output.txt is still empty
2024-07-24 10:22:58 INFO  Reusables:53 - output.txt is still empty
2024-07-24 10:22:58 INFO  Reusables:53 - output.txt is still empty
2024-07-24 10:22:58 INFO  Reusables:53 - output.txt is still empty
2024-07-24 10:22:58 INFO  Reusables:53 - output.txt is still empty
2024-07-24 10:22:58 INFO  Reusables:53 - output.txt is still empty
2024-07-24 10:22:58 INFO  Reusables:53 - output.txt is still empty
2024-07-24 10:22:58 INFO  Reusables:53 - output.txt is still empty
2024-07-24 10:22:58 INFO  Reusables:53 - output.txt is still empty
2024-07-24 10:22:58 INFO  Reusables:53 - output.txt is still empty
2024-07-24 10:22:58 INFO  Reusables:53 - output.txt is still empty
2024-07-24 10:22:58 INFO  Reusables:53 - output.txt is still empty
2024-07-24 10:22:58 INFO  Reusables:53 - output.txt is still empty
2024-07-24 10:22:58 INFO  Reusables:53 - output.txt is still empty
2024-07-24 10:22:58 INFO  Reusables:53 - output.txt is still empty
2024-07-24 10:22:58 INFO  Reusables:53 - output.txt is still empty
2024-07-24 10:22:58 INFO  Reusables:53 - output.txt is still empty
2024-07-24 10:22:58 INFO  Reusables:53 - output.txt is still empty
2024-07-24 10:22:58 INFO  Reusables:53 - output.txt is still empty
2024-07-24 10:22:58 INFO  Reusables:53 - output.txt is still empty
2024-07-24 10:22:58 INFO  Reusables:53 - output.txt is still empty
2024-07-24 10:22:58 INFO  Reusables:53 - output.txt is still empty
2024-07-24 10:22:58 INFO  Reusables:53 - output.txt is still empty
2024-07-24 10:22:58 INFO  Reusables:53 - output.txt is still empty
2024-07-24 10:22:58 INFO  Reusables:53 - output.txt is still empty
2024-07-24 10:22:58 INFO  Reusables:53 - output.txt is still empty
2024-07-24 10:22:58 INFO  Reusables:53 - output.txt is still empty
2024-07-24 10:22:58 INFO  Reusables:53 - output.txt is still empty
2024-07-24 10:22:58 INFO  Reusables:53 - output.txt is still empty
2024-07-24 10:22:58 INFO  Reusables:53 - output.txt is still empty
2024-07-24 10:22:58 INFO  Reusables:53 - output.txt is still empty
2024-07-24 10:22:58 INFO  Reusables:53 - output.txt is still empty
2024-07-24 10:22:58 INFO  Reusables:53 - output.txt is still empty
2024-07-24 10:22:58 INFO  Reusables:53 - output.txt is still empty
2024-07-24 10:22:58 INFO  Reusables:53 - output.txt is still empty
2024-07-24 10:22:58 INFO  Reusables:53 - output.txt is still empty
2024-07-24 10:22:58 INFO  Reusables:53 - output.txt is still empty
2024-07-24 10:22:58 INFO  Reusables:53 - output.txt is still empty
2024-07-24 10:22:58 INFO  Reusables:53 - output.txt is still empty
2024-07-24 10:22:58 INFO  Reusables:53 - output.txt is still empty
2024-07-24 10:22:58 INFO  Reusables:53 - output.txt is still empty
2024-07-24 10:22:58 INFO  Reusables:53 - output.txt is still empty
2024-07-24 10:22:58 INFO  Reusables:53 - output.txt is still empty
2024-07-24 10:22:58 INFO  Reusables:53 - output.txt is still empty
2024-07-24 10:22:58 INFO  Reusables:53 - output.txt is still empty
2024-07-24 10:22:58 INFO  Reusables:53 - output.txt is still empty
2024-07-24 10:22:58 INFO  Reusables:53 - output.txt is still empty
2024-07-24 10:22:58 INFO  Reusables:53 - output.txt is still empty
2024-07-24 10:22:58 INFO  Reusables:53 - output.txt is still empty
2024-07-24 10:22:58 INFO  Reusables:53 - output.txt is still empty
2024-07-24 10:22:58 INFO  Reusables:53 - output.txt is still empty
2024-07-24 10:22:58 INFO  Reusables:53 - output.txt is still empty
2024-07-24 10:22:58 INFO  Reusables:53 - output.txt is still empty
2024-07-24 10:22:58 INFO  Reusables:53 - output.txt is still empty
2024-07-24 10:22:58 INFO  Reusables:53 - output.txt is still empty
2024-07-24 10:22:58 INFO  Reusables:53 - output.txt is still empty
2024-07-24 10:22:58 INFO  Reusables:53 - output.txt is still empty
2024-07-24 10:22:58 INFO  Reusables:53 - output.txt is still empty
2024-07-24 10:22:58 INFO  Reusables:53 - output.txt is still empty
2024-07-24 10:22:58 INFO  Reusables:53 - output.txt is still empty
2024-07-24 10:22:58 INFO  Reusables:53 - output.txt is still empty
2024-07-24 10:22:58 INFO  Reusables:53 - output.txt is still empty
2024-07-24 10:22:58 INFO  Reusables:53 - output.txt is still empty
2024-07-24 10:22:58 INFO  Reusables:53 - output.txt is still empty
2024-07-24 10:22:58 INFO  Reusables:53 - output.txt is still empty
2024-07-24 10:22:58 INFO  Reusables:53 - output.txt is still empty
2024-07-24 10:22:58 INFO  Reusables:53 - output.txt is still empty
2024-07-24 10:22:58 INFO  Reusables:53 - output.txt is still empty
2024-07-24 10:22:58 INFO  Reusables:53 - output.txt is still empty
2024-07-24 10:22:58 INFO  Reusables:53 - output.txt is still empty
2024-07-24 10:22:58 INFO  Reusables:53 - output.txt is still empty
2024-07-24 10:22:58 INFO  Reusables:53 - output.txt is still empty
2024-07-24 10:22:58 INFO  Reusables:53 - output.txt is still empty
2024-07-24 10:22:58 INFO  Reusables:53 - output.txt is still empty
2024-07-24 10:22:58 INFO  Reusables:53 - output.txt is still empty
2024-07-24 10:22:58 INFO  Reusables:53 - output.txt is still empty
2024-07-24 10:22:58 INFO  Reusables:53 - output.txt is still empty
2024-07-24 10:22:58 INFO  Reusables:53 - output.txt is still empty
2024-07-24 10:22:58 INFO  Reusables:53 - output.txt is still empty
2024-07-24 10:22:58 INFO  Reusables:53 - output.txt is still empty
2024-07-24 10:22:58 INFO  Reusables:53 - output.txt is still empty
2024-07-24 10:22:58 INFO  Reusables:53 - output.txt is still empty
2024-07-24 10:22:58 INFO  Reusables:53 - output.txt is still empty
2024-07-24 10:22:58 INFO  Reusables:53 - output.txt is still empty
2024-07-24 10:22:58 INFO  Reusables:53 - output.txt is still empty
2024-07-24 10:22:58 INFO  Reusables:53 - output.txt is still empty
2024-07-24 10:22:58 INFO  Reusables:53 - output.txt is still empty
2024-07-24 10:22:58 INFO  Reusables:53 - output.txt is still empty
2024-07-24 10:22:58 INFO  Reusables:53 - output.txt is still empty
2024-07-24 10:22:58 INFO  Reusables:53 - output.txt is still empty
2024-07-24 10:22:58 INFO  Reusables:53 - output.txt is still empty
2024-07-24 10:22:58 INFO  Reusables:53 - output.txt is still empty
2024-07-24 10:22:58 INFO  Reusables:53 - output.txt is still empty
2024-07-24 10:22:58 INFO  Reusables:53 - output.txt is still empty
2024-07-24 10:22:58 INFO  Reusables:53 - output.txt is still empty
2024-07-24 10:22:58 INFO  Reusables:53 - output.txt is still empty
2024-07-24 10:22:58 INFO  Reusables:53 - output.txt is still empty
2024-07-24 10:22:58 INFO  Reusables:53 - output.txt is still empty
2024-07-24 10:22:58 INFO  Reusables:53 - output.txt is still empty
2024-07-24 10:22:58 INFO  Reusables:53 - output.txt is still empty
2024-07-24 10:22:58 INFO  Reusables:53 - output.txt is still empty
2024-07-24 10:22:58 INFO  Reusables:53 - output.txt is still empty
2024-07-24 10:22:58 INFO  Reusables:53 - output.txt is still empty
2024-07-24 10:22:58 INFO  Reusables:53 - output.txt is still empty
2024-07-24 10:22:58 INFO  Reusables:53 - output.txt is still empty
2024-07-24 10:22:58 INFO  Reusables:53 - output.txt is still empty
2024-07-24 10:22:58 INFO  Reusables:53 - output.txt is still empty
2024-07-24 10:22:58 INFO  Reusables:53 - output.txt is still empty
2024-07-24 10:22:58 INFO  Reusables:53 - output.txt is still empty
2024-07-24 10:22:58 INFO  Reusables:53 - output.txt is still empty
2024-07-24 10:22:58 INFO  Reusables:53 - output.txt is still empty
2024-07-24 10:22:58 INFO  Reusables:53 - output.txt is still empty
2024-07-24 10:22:58 INFO  Reusables:53 - output.txt is still empty
2024-07-24 10:22:58 INFO  Reusables:53 - output.txt is still empty
2024-07-24 10:22:58 INFO  Reusables:53 - output.txt is still empty
2024-07-24 10:22:58 INFO  Reusables:53 - output.txt is still empty
2024-07-24 10:22:58 INFO  Reusables:53 - output.txt is still empty
2024-07-24 10:22:58 INFO  Reusables:53 - output.txt is still empty
2024-07-24 10:22:58 INFO  Reusables:53 - output.txt is still empty
2024-07-24 10:22:58 INFO  Reusables:53 - output.txt is still empty
2024-07-24 10:22:58 INFO  Reusables:53 - output.txt is still empty
2024-07-24 10:22:58 INFO  Reusables:53 - output.txt is still empty
2024-07-24 10:22:58 INFO  Reusables:53 - output.txt is still empty
2024-07-24 10:22:58 INFO  Reusables:53 - output.txt is still empty
2024-07-24 10:22:58 INFO  Reusables:53 - output.txt is still empty
2024-07-24 10:22:58 INFO  Reusables:53 - output.txt is still empty
2024-07-24 10:22:58 INFO  Reusables:53 - output.txt is still empty
2024-07-24 10:22:58 INFO  Reusables:53 - output.txt is still empty
2024-07-24 10:22:58 INFO  Reusables:53 - output.txt is still empty
2024-07-24 10:22:58 INFO  Reusables:53 - output.txt is still empty
2024-07-24 10:22:58 INFO  Reusables:53 - output.txt is still empty
2024-07-24 10:22:58 INFO  Reusables:53 - output.txt is still empty
2024-07-24 10:22:58 INFO  Reusables:53 - output.txt is still empty
2024-07-24 10:22:58 INFO  Reusables:53 - output.txt is still empty
2024-07-24 10:22:58 INFO  Reusables:53 - output.txt is still empty
2024-07-24 10:22:58 INFO  Reusables:53 - output.txt is still empty
2024-07-24 10:22:58 INFO  Reusables:53 - output.txt is still empty
2024-07-24 10:22:58 INFO  Reusables:53 - output.txt is still empty
2024-07-24 10:22:58 INFO  Reusables:53 - output.txt is still empty
2024-07-24 10:22:58 INFO  Reusables:53 - output.txt is still empty
2024-07-24 10:22:58 INFO  Reusables:53 - output.txt is still empty
2024-07-24 10:22:58 INFO  Reusables:53 - output.txt is still empty
2024-07-24 10:22:58 INFO  Reusables:53 - output.txt is still empty
2024-07-24 10:22:58 INFO  Reusables:53 - output.txt is still empty
2024-07-24 10:22:58 INFO  Reusables:53 - output.txt is still empty
2024-07-24 10:22:58 INFO  Reusables:53 - output.txt is still empty
2024-07-24 10:22:58 INFO  Reusables:53 - output.txt is still empty
2024-07-24 10:22:58 INFO  Reusables:53 - output.txt is still empty
2024-07-24 10:22:58 INFO  Reusables:53 - output.txt is still empty
2024-07-24 10:22:58 INFO  Reusables:53 - output.txt is still empty
2024-07-24 10:22:58 INFO  Reusables:53 - output.txt is still empty
2024-07-24 10:22:58 INFO  Reusables:53 - output.txt is still empty
2024-07-24 10:22:58 INFO  Reusables:53 - output.txt is still empty
2024-07-24 10:22:58 INFO  Reusables:53 - output.txt is still empty
2024-07-24 10:22:58 INFO  Reusables:53 - output.txt is still empty
2024-07-24 10:22:58 INFO  Reusables:53 - output.txt is still empty
2024-07-24 10:22:58 INFO  Reusables:53 - output.txt is still empty
2024-07-24 10:22:58 INFO  Reusables:53 - output.txt is still empty
2024-07-24 10:22:58 INFO  Reusables:53 - output.txt is still empty
2024-07-24 10:22:58 INFO  Reusables:53 - output.txt is still empty
2024-07-24 10:22:58 INFO  Reusables:53 - output.txt is still empty
2024-07-24 10:22:58 INFO  Reusables:53 - output.txt is still empty
2024-07-24 10:22:58 INFO  Reusables:53 - output.txt is still empty
2024-07-24 10:22:58 INFO  Reusables:53 - output.txt is still empty
2024-07-24 10:22:58 INFO  Reusables:53 - output.txt is still empty
2024-07-24 10:22:58 INFO  Reusables:53 - output.txt is still empty
2024-07-24 10:22:58 INFO  Reusables:53 - output.txt is still empty
2024-07-24 10:22:58 INFO  Reusables:53 - output.txt is still empty
2024-07-24 10:22:58 INFO  Reusables:53 - output.txt is still empty
2024-07-24 10:22:58 INFO  Reusables:53 - output.txt is still empty
2024-07-24 10:22:58 INFO  Reusables:53 - output.txt is still empty
2024-07-24 10:22:58 INFO  Reusables:53 - output.txt is still empty
2024-07-24 10:22:58 INFO  Reusables:53 - output.txt is still empty
2024-07-24 10:22:58 INFO  Reusables:53 - output.txt is still empty
2024-07-24 10:22:58 INFO  Reusables:53 - output.txt is still empty
2024-07-24 10:22:58 INFO  Reusables:53 - output.txt is still empty
2024-07-24 10:22:58 INFO  Reusables:53 - output.txt is still empty
2024-07-24 10:22:58 INFO  Reusables:53 - output.txt is still empty
2024-07-24 10:22:58 INFO  Reusables:53 - output.txt is still empty
2024-07-24 10:22:58 INFO  Reusables:53 - output.txt is still empty
2024-07-24 10:22:58 INFO  Reusables:53 - output.txt is still empty
2024-07-24 10:22:58 INFO  Reusables:53 - output.txt is still empty
2024-07-24 10:22:58 INFO  Reusables:53 - output.txt is still empty
2024-07-24 10:22:58 INFO  Reusables:53 - output.txt is still empty
2024-07-24 10:22:58 INFO  Reusables:53 - output.txt is still empty
2024-07-24 10:22:58 INFO  Reusables:53 - output.txt is still empty
2024-07-24 10:22:58 INFO  Reusables:53 - output.txt is still empty
2024-07-24 10:22:58 INFO  Reusables:53 - output.txt is still empty
2024-07-24 10:22:58 INFO  Reusables:53 - output.txt is still empty
2024-07-24 10:22:58 INFO  Reusables:53 - output.txt is still empty
2024-07-24 10:22:58 INFO  Reusables:53 - output.txt is still empty
2024-07-24 10:22:58 INFO  Reusables:53 - output.txt is still empty
2024-07-24 10:22:58 INFO  Reusables:53 - output.txt is still empty
2024-07-24 10:22:58 INFO  Reusables:53 - output.txt is still empty
2024-07-24 10:22:58 INFO  Reusables:53 - output.txt is still empty
2024-07-24 10:22:58 INFO  Reusables:53 - output.txt is still empty
2024-07-24 10:22:58 INFO  Reusables:53 - output.txt is still empty
2024-07-24 10:22:58 INFO  Reusables:53 - output.txt is still empty
2024-07-24 10:22:58 INFO  Reusables:53 - output.txt is still empty
2024-07-24 10:22:58 INFO  Reusables:53 - output.txt is still empty
2024-07-24 10:22:58 INFO  Reusables:53 - output.txt is still empty
2024-07-24 10:22:58 INFO  Reusables:53 - output.txt is still empty
2024-07-24 10:22:58 INFO  Reusables:53 - output.txt is still empty
2024-07-24 10:22:58 INFO  Reusables:53 - output.txt is still empty
2024-07-24 10:22:58 INFO  Reusables:53 - output.txt is still empty
2024-07-24 10:22:58 INFO  Reusables:53 - output.txt is still empty
2024-07-24 10:22:58 INFO  Reusables:53 - output.txt is still empty
2024-07-24 10:22:58 INFO  Reusables:53 - output.txt is still empty
2024-07-24 10:22:58 INFO  Reusables:53 - output.txt is still empty
2024-07-24 10:22:58 INFO  Reusables:53 - output.txt is still empty
2024-07-24 10:22:58 INFO  Reusables:53 - output.txt is still empty
2024-07-24 10:22:58 INFO  Reusables:53 - output.txt is still empty
2024-07-24 10:22:58 INFO  Reusables:53 - output.txt is still empty
2024-07-24 10:22:58 INFO  Reusables:53 - output.txt is still empty
2024-07-24 10:22:58 INFO  Reusables:53 - output.txt is still empty
2024-07-24 10:22:58 INFO  Reusables:53 - output.txt is still empty
2024-07-24 10:22:58 INFO  Reusables:53 - output.txt is still empty
2024-07-24 10:22:58 INFO  Reusables:53 - output.txt is still empty
2024-07-24 10:22:58 INFO  Reusables:53 - output.txt is still empty
2024-07-24 10:22:58 INFO  Reusables:53 - output.txt is still empty
2024-07-24 10:22:58 INFO  Reusables:53 - output.txt is still empty
2024-07-24 10:22:58 INFO  Reusables:53 - output.txt is still empty
2024-07-24 10:22:58 INFO  Reusables:53 - output.txt is still empty
2024-07-24 10:22:58 INFO  Reusables:53 - output.txt is still empty
2024-07-24 10:22:58 INFO  Reusables:53 - output.txt is still empty
2024-07-24 10:22:58 INFO  Reusables:53 - output.txt is still empty
2024-07-24 10:22:58 INFO  Reusables:53 - output.txt is still empty
2024-07-24 10:22:58 INFO  Reusables:53 - output.txt is still empty
2024-07-24 10:22:58 INFO  Reusables:53 - output.txt is still empty
2024-07-24 10:22:58 INFO  Reusables:53 - output.txt is still empty
2024-07-24 10:22:58 INFO  Reusables:53 - output.txt is still empty
2024-07-24 10:22:58 INFO  Reusables:53 - output.txt is still empty
2024-07-24 10:22:58 INFO  Reusables:53 - output.txt is still empty
2024-07-24 10:22:58 INFO  Reusables:53 - output.txt is still empty
2024-07-24 10:22:58 INFO  Reusables:53 - output.txt is still empty
2024-07-24 10:22:58 INFO  Reusables:53 - output.txt is still empty
2024-07-24 10:22:58 INFO  Reusables:53 - output.txt is still empty
2024-07-24 10:22:58 INFO  Reusables:53 - output.txt is still empty
2024-07-24 10:22:58 INFO  Reusables:53 - output.txt is still empty
2024-07-24 10:22:58 INFO  Reusables:53 - output.txt is still empty
2024-07-24 10:22:58 INFO  Reusables:53 - output.txt is still empty
2024-07-24 10:22:58 INFO  Reusables:53 - output.txt is still empty
2024-07-24 10:22:58 INFO  Reusables:53 - output.txt is still empty
2024-07-24 10:22:58 INFO  Reusables:53 - output.txt is still empty
2024-07-24 10:22:58 INFO  Reusables:53 - output.txt is still empty
2024-07-24 10:22:58 INFO  Reusables:53 - output.txt is still empty
2024-07-24 10:22:58 INFO  Reusables:53 - output.txt is still empty
2024-07-24 10:22:58 INFO  Reusables:53 - output.txt is still empty
2024-07-24 10:22:58 INFO  Reusables:53 - output.txt is still empty
2024-07-24 10:22:58 INFO  Reusables:53 - output.txt is still empty
2024-07-24 10:22:58 INFO  Reusables:53 - output.txt is still empty
2024-07-24 10:22:58 INFO  Reusables:53 - output.txt is still empty
2024-07-24 10:22:58 INFO  Reusables:53 - output.txt is still empty
2024-07-24 10:22:58 INFO  Reusables:53 - output.txt is still empty
2024-07-24 10:22:58 INFO  Reusables:53 - output.txt is still empty
2024-07-24 10:22:58 INFO  Reusables:53 - output.txt is still empty
2024-07-24 10:22:58 INFO  Reusables:53 - output.txt is still empty
2024-07-24 10:22:58 INFO  Reusables:53 - output.txt is still empty
2024-07-24 10:22:58 INFO  Reusables:53 - output.txt is still empty
2024-07-24 10:22:58 INFO  Reusables:53 - output.txt is still empty
2024-07-24 10:22:58 INFO  Reusables:53 - output.txt is still empty
2024-07-24 10:22:58 INFO  Reusables:53 - output.txt is still empty
2024-07-24 10:22:58 INFO  Reusables:53 - output.txt is still empty
2024-07-24 10:22:58 INFO  Reusables:53 - output.txt is still empty
2024-07-24 10:22:58 INFO  Reusables:53 - output.txt is still empty
2024-07-24 10:22:58 INFO  Reusables:53 - output.txt is still empty
2024-07-24 10:22:58 INFO  Reusables:53 - output.txt is still empty
2024-07-24 10:22:58 INFO  Reusables:53 - output.txt is still empty
2024-07-24 10:22:58 INFO  Reusables:53 - output.txt is still empty
2024-07-24 10:22:58 INFO  Reusables:53 - output.txt is still empty
2024-07-24 10:22:58 INFO  Reusables:53 - output.txt is still empty
2024-07-24 10:22:58 INFO  Reusables:53 - output.txt is still empty
2024-07-24 10:22:58 INFO  Reusables:53 - output.txt is still empty
2024-07-24 10:22:58 INFO  Reusables:53 - output.txt is still empty
2024-07-24 10:22:58 INFO  Reusables:53 - output.txt is still empty
2024-07-24 10:22:58 INFO  Reusables:53 - output.txt is still empty
2024-07-24 10:22:58 INFO  Reusables:53 - output.txt is still empty
2024-07-24 10:22:58 INFO  Reusables:53 - output.txt is still empty
2024-07-24 10:22:58 INFO  Reusables:53 - output.txt is still empty
2024-07-24 10:22:58 INFO  Reusables:53 - output.txt is still empty
2024-07-24 10:22:58 INFO  Reusables:53 - output.txt is still empty
2024-07-24 10:22:58 INFO  Reusables:53 - output.txt is still empty
2024-07-24 10:22:58 INFO  Reusables:53 - output.txt is still empty
2024-07-24 10:22:58 INFO  Reusables:53 - output.txt is still empty
2024-07-24 10:22:58 INFO  Reusables:53 - output.txt is still empty
2024-07-24 10:22:58 INFO  Reusables:53 - output.txt is still empty
2024-07-24 10:22:58 INFO  Reusables:53 - output.txt is still empty
2024-07-24 10:22:58 INFO  Reusables:53 - output.txt is still empty
2024-07-24 10:22:58 INFO  Reusables:53 - output.txt is still empty
2024-07-24 10:22:58 INFO  Reusables:53 - output.txt is still empty
2024-07-24 10:22:58 INFO  Reusables:53 - output.txt is still empty
2024-07-24 10:22:58 INFO  Reusables:53 - output.txt is still empty
2024-07-24 10:22:58 INFO  Reusables:53 - output.txt is still empty
2024-07-24 10:22:58 INFO  Reusables:53 - output.txt is still empty
2024-07-24 10:22:58 INFO  Reusables:53 - output.txt is still empty
2024-07-24 10:22:58 INFO  Reusables:53 - output.txt is still empty
2024-07-24 10:22:58 INFO  Reusables:53 - output.txt is still empty
2024-07-24 10:22:58 INFO  Reusables:53 - output.txt is still empty
2024-07-24 10:22:58 INFO  Reusables:53 - output.txt is still empty
2024-07-24 10:22:58 INFO  Reusables:53 - output.txt is still empty
2024-07-24 10:22:58 INFO  Reusables:53 - output.txt is still empty
2024-07-24 10:22:58 INFO  Reusables:53 - output.txt is still empty
2024-07-24 10:22:58 INFO  Reusables:53 - output.txt is still empty
2024-07-24 10:22:58 INFO  Reusables:53 - output.txt is still empty
2024-07-24 10:22:58 INFO  Reusables:53 - output.txt is still empty
2024-07-24 10:22:58 INFO  Reusables:53 - output.txt is still empty
2024-07-24 10:22:58 INFO  Reusables:53 - output.txt is still empty
2024-07-24 10:22:58 INFO  Reusables:53 - output.txt is still empty
2024-07-24 10:22:58 INFO  Reusables:53 - output.txt is still empty
2024-07-24 10:22:58 INFO  Reusables:53 - output.txt is still empty
2024-07-24 10:22:58 INFO  Reusables:53 - output.txt is still empty
2024-07-24 10:22:58 INFO  Reusables:53 - output.txt is still empty
2024-07-24 10:22:58 INFO  Reusables:53 - output.txt is still empty
2024-07-24 10:22:58 INFO  Reusables:53 - output.txt is still empty
2024-07-24 10:22:58 INFO  Reusables:53 - output.txt is still empty
2024-07-24 10:22:58 INFO  Reusables:53 - output.txt is still empty
2024-07-24 10:22:58 INFO  Reusables:53 - output.txt is still empty
2024-07-24 10:22:58 INFO  Reusables:53 - output.txt is still empty
2024-07-24 10:22:58 INFO  Reusables:53 - output.txt is still empty
2024-07-24 10:22:58 INFO  Reusables:53 - output.txt is still empty
2024-07-24 10:22:58 INFO  Reusables:53 - output.txt is still empty
2024-07-24 10:22:58 INFO  Reusables:53 - output.txt is still empty
2024-07-24 10:22:58 INFO  Reusables:53 - output.txt is still empty
2024-07-24 10:22:58 INFO  Reusables:53 - output.txt is still empty
2024-07-24 10:22:58 INFO  Reusables:53 - output.txt is still empty
2024-07-24 10:22:58 INFO  Reusables:53 - output.txt is still empty
2024-07-24 10:22:58 INFO  Reusables:53 - output.txt is still empty
2024-07-24 10:22:58 INFO  Reusables:53 - output.txt is still empty
2024-07-24 10:22:58 INFO  Reusables:53 - output.txt is still empty
2024-07-24 10:22:58 INFO  Reusables:53 - output.txt is still empty
2024-07-24 10:22:58 INFO  Reusables:53 - output.txt is still empty
2024-07-24 10:22:58 INFO  Reusables:53 - output.txt is still empty
2024-07-24 10:22:58 INFO  Reusables:53 - output.txt is still empty
2024-07-24 10:22:58 INFO  Reusables:53 - output.txt is still empty
2024-07-24 10:22:58 INFO  Reusables:53 - output.txt is still empty
2024-07-24 10:22:58 INFO  Reusables:53 - output.txt is still empty
2024-07-24 10:22:58 INFO  Reusables:53 - output.txt is still empty
2024-07-24 10:22:58 INFO  Reusables:53 - output.txt is still empty
2024-07-24 10:22:58 INFO  Reusables:53 - output.txt is still empty
2024-07-24 10:22:58 INFO  Reusables:53 - output.txt is still empty
2024-07-24 10:22:58 INFO  Reusables:53 - output.txt is still empty
2024-07-24 10:22:58 INFO  Reusables:53 - output.txt is still empty
2024-07-24 10:22:58 INFO  Reusables:53 - output.txt is still empty
2024-07-24 10:22:58 INFO  Reusables:53 - output.txt is still empty
2024-07-24 10:22:58 INFO  Reusables:53 - output.txt is still empty
2024-07-24 10:22:58 INFO  Reusables:53 - output.txt is still empty
2024-07-24 10:22:58 INFO  Reusables:53 - output.txt is still empty
2024-07-24 10:22:58 INFO  Reusables:53 - output.txt is still empty
2024-07-24 10:22:58 INFO  Reusables:53 - output.txt is still empty
2024-07-24 10:22:58 INFO  Reusables:53 - output.txt is still empty
2024-07-24 10:22:58 INFO  Reusables:53 - output.txt is still empty
2024-07-24 10:22:58 INFO  Reusables:53 - output.txt is still empty
2024-07-24 10:22:58 INFO  Reusables:53 - output.txt is still empty
2024-07-24 10:22:58 INFO  Reusables:53 - output.txt is still empty
2024-07-24 10:22:58 INFO  Reusables:53 - output.txt is still empty
2024-07-24 10:22:58 INFO  Reusables:53 - output.txt is still empty
2024-07-24 10:22:58 INFO  Reusables:53 - output.txt is still empty
2024-07-24 10:22:58 INFO  Reusables:53 - output.txt is still empty
2024-07-24 10:22:58 INFO  Reusables:53 - output.txt is still empty
2024-07-24 10:22:58 INFO  Reusables:53 - output.txt is still empty
2024-07-24 10:22:58 INFO  Reusables:53 - output.txt is still empty
2024-07-24 10:22:58 INFO  Reusables:53 - output.txt is still empty
2024-07-24 10:22:58 INFO  Reusables:53 - output.txt is still empty
2024-07-24 10:22:58 INFO  Reusables:53 - output.txt is still empty
2024-07-24 10:22:58 INFO  Reusables:53 - output.txt is still empty
2024-07-24 10:22:58 INFO  Reusables:53 - output.txt is still empty
2024-07-24 10:22:58 INFO  Reusables:53 - output.txt is still empty
2024-07-24 10:22:58 INFO  Reusables:53 - output.txt is still empty
2024-07-24 10:22:58 INFO  Reusables:53 - output.txt is still empty
2024-07-24 10:22:58 INFO  Reusables:53 - output.txt is still empty
2024-07-24 10:22:58 INFO  Reusables:53 - output.txt is still empty
2024-07-24 10:22:58 INFO  Reusables:53 - output.txt is still empty
2024-07-24 10:22:58 INFO  Reusables:53 - output.txt is still empty
2024-07-24 10:22:58 INFO  Reusables:53 - output.txt is still empty
2024-07-24 10:22:58 INFO  Reusables:53 - output.txt is still empty
2024-07-24 10:22:58 INFO  Reusables:53 - output.txt is still empty
2024-07-24 10:22:58 INFO  Reusables:53 - output.txt is still empty
2024-07-24 10:22:58 INFO  Reusables:53 - output.txt is still empty
2024-07-24 10:22:58 INFO  Reusables:53 - output.txt is still empty
2024-07-24 10:22:58 INFO  Reusables:53 - output.txt is still empty
2024-07-24 10:22:58 INFO  Reusables:53 - output.txt is still empty
2024-07-24 10:22:58 INFO  Reusables:53 - output.txt is still empty
2024-07-24 10:22:58 INFO  Reusables:53 - output.txt is still empty
2024-07-24 10:22:58 INFO  Reusables:53 - output.txt is still empty
2024-07-24 10:22:58 INFO  Reusables:53 - output.txt is still empty
2024-07-24 10:22:58 INFO  Reusables:53 - output.txt is still empty
2024-07-24 10:22:58 INFO  Reusables:53 - output.txt is still empty
2024-07-24 10:22:58 INFO  Reusables:53 - output.txt is still empty
2024-07-24 10:22:58 INFO  Reusables:53 - output.txt is still empty
2024-07-24 10:22:58 INFO  Reusables:53 - output.txt is still empty
2024-07-24 10:22:58 INFO  Reusables:53 - output.txt is still empty
2024-07-24 10:22:58 INFO  Reusables:53 - output.txt is still empty
2024-07-24 10:22:58 INFO  Reusables:53 - output.txt is still empty
2024-07-24 10:22:58 INFO  Reusables:53 - output.txt is still empty
2024-07-24 10:22:58 INFO  Reusables:53 - output.txt is still empty
2024-07-24 10:22:58 INFO  Reusables:53 - output.txt is still empty
2024-07-24 10:22:58 INFO  Reusables:53 - output.txt is still empty
2024-07-24 10:22:58 INFO  Reusables:53 - output.txt is still empty
2024-07-24 10:22:58 INFO  Reusables:53 - output.txt is still empty
2024-07-24 10:22:58 INFO  Reusables:53 - output.txt is still empty
2024-07-24 10:22:58 INFO  Reusables:53 - output.txt is still empty
2024-07-24 10:22:58 INFO  Reusables:53 - output.txt is still empty
2024-07-24 10:22:58 INFO  Reusables:53 - output.txt is still empty
2024-07-24 10:22:58 INFO  Reusables:53 - output.txt is still empty
2024-07-24 10:22:58 INFO  Reusables:53 - output.txt is still empty
2024-07-24 10:22:58 INFO  Reusables:53 - output.txt is still empty
2024-07-24 10:22:58 INFO  Reusables:53 - output.txt is still empty
2024-07-24 10:22:58 INFO  Reusables:53 - output.txt is still empty
2024-07-24 10:22:58 INFO  Reusables:53 - output.txt is still empty
2024-07-24 10:22:58 INFO  Reusables:53 - output.txt is still empty
2024-07-24 10:22:58 INFO  Reusables:53 - output.txt is still empty
2024-07-24 10:22:58 INFO  Reusables:53 - output.txt is still empty
2024-07-24 10:22:58 INFO  Reusables:53 - output.txt is still empty
2024-07-24 10:22:58 INFO  Reusables:53 - output.txt is still empty
2024-07-24 10:22:58 INFO  Reusables:53 - output.txt is still empty
2024-07-24 10:22:58 INFO  Reusables:53 - output.txt is still empty
2024-07-24 10:22:58 INFO  Reusables:53 - output.txt is still empty
2024-07-24 10:22:58 INFO  Reusables:53 - output.txt is still empty
2024-07-24 10:22:58 INFO  Reusables:53 - output.txt is still empty
2024-07-24 10:22:58 INFO  Reusables:53 - output.txt is still empty
2024-07-24 10:22:58 INFO  Reusables:53 - output.txt is still empty
2024-07-24 10:22:58 INFO  Reusables:53 - output.txt is still empty
2024-07-24 10:22:58 INFO  Reusables:53 - output.txt is still empty
2024-07-24 10:22:58 INFO  Reusables:53 - output.txt is still empty
2024-07-24 10:22:58 INFO  Reusables:53 - output.txt is still empty
2024-07-24 10:22:58 INFO  Reusables:53 - output.txt is still empty
2024-07-24 10:22:58 INFO  Reusables:53 - output.txt is still empty
2024-07-24 10:22:58 INFO  Reusables:53 - output.txt is still empty
2024-07-24 10:22:58 INFO  Reusables:53 - output.txt is still empty
2024-07-24 10:22:58 INFO  Reusables:53 - output.txt is still empty
2024-07-24 10:22:58 INFO  Reusables:53 - output.txt is still empty
2024-07-24 10:22:58 INFO  Reusables:53 - output.txt is still empty
2024-07-24 10:22:58 INFO  Reusables:53 - output.txt is still empty
2024-07-24 10:22:58 INFO  Reusables:53 - output.txt is still empty
2024-07-24 10:22:58 INFO  Reusables:53 - output.txt is still empty
2024-07-24 10:22:58 INFO  Reusables:53 - output.txt is still empty
2024-07-24 10:22:58 INFO  Reusables:53 - output.txt is still empty
2024-07-24 10:22:58 INFO  Reusables:53 - output.txt is still empty
2024-07-24 10:22:58 INFO  Reusables:53 - output.txt is still empty
2024-07-24 10:22:58 INFO  Reusables:53 - output.txt is still empty
2024-07-24 10:22:58 INFO  Reusables:53 - output.txt is still empty
2024-07-24 10:22:58 INFO  Reusables:53 - output.txt is still empty
2024-07-24 10:22:58 INFO  Reusables:53 - output.txt is still empty
2024-07-24 10:22:58 INFO  Reusables:53 - output.txt is still empty
2024-07-24 10:22:58 INFO  Reusables:53 - output.txt is still empty
2024-07-24 10:22:58 INFO  Reusables:53 - output.txt is still empty
2024-07-24 10:22:58 INFO  Reusables:53 - output.txt is still empty
2024-07-24 10:22:58 INFO  Reusables:53 - output.txt is still empty
2024-07-24 10:22:58 INFO  Reusables:53 - output.txt is still empty
2024-07-24 10:22:58 INFO  Reusables:53 - output.txt is still empty
2024-07-24 10:22:58 INFO  Reusables:53 - output.txt is still empty
2024-07-24 10:22:58 INFO  Reusables:53 - output.txt is still empty
2024-07-24 10:22:58 INFO  Reusables:53 - output.txt is still empty
2024-07-24 10:22:58 INFO  Reusables:53 - output.txt is still empty
2024-07-24 10:22:58 INFO  Reusables:53 - output.txt is still empty
2024-07-24 10:22:58 INFO  Reusables:53 - output.txt is still empty
2024-07-24 10:22:58 INFO  Reusables:53 - output.txt is still empty
2024-07-24 10:22:58 INFO  Reusables:53 - output.txt is still empty
2024-07-24 10:22:58 INFO  Reusables:53 - output.txt is still empty
2024-07-24 10:22:58 INFO  Reusables:53 - output.txt is still empty
2024-07-24 10:22:58 INFO  Reusables:53 - output.txt is still empty
2024-07-24 10:22:58 INFO  Reusables:53 - output.txt is still empty
2024-07-24 10:22:58 INFO  Reusables:53 - output.txt is still empty
2024-07-24 10:22:58 INFO  Reusables:53 - output.txt is still empty
2024-07-24 10:22:58 INFO  Reusables:53 - output.txt is still empty
2024-07-24 10:22:58 INFO  Reusables:53 - output.txt is still empty
2024-07-24 10:22:58 INFO  Reusables:53 - output.txt is still empty
2024-07-24 10:22:58 INFO  Reusables:53 - output.txt is still empty
2024-07-24 10:22:58 INFO  Reusables:53 - output.txt is still empty
2024-07-24 10:22:58 INFO  Reusables:53 - output.txt is still empty
2024-07-24 10:22:58 INFO  Reusables:53 - output.txt is still empty
2024-07-24 10:22:58 INFO  Reusables:53 - output.txt is still empty
2024-07-24 10:22:58 INFO  Reusables:53 - output.txt is still empty
2024-07-24 10:22:58 INFO  Reusables:53 - output.txt is still empty
2024-07-24 10:22:58 INFO  Reusables:53 - output.txt is still empty
2024-07-24 10:22:58 INFO  Reusables:53 - output.txt is still empty
2024-07-24 10:22:58 INFO  Reusables:53 - output.txt is still empty
2024-07-24 10:22:58 INFO  Reusables:53 - output.txt is still empty
2024-07-24 10:22:58 INFO  Reusables:53 - output.txt is still empty
2024-07-24 10:22:58 INFO  Reusables:53 - output.txt is still empty
2024-07-24 10:22:58 INFO  Reusables:53 - output.txt is still empty
2024-07-24 10:22:58 INFO  Reusables:53 - output.txt is still empty
2024-07-24 10:22:58 INFO  Reusables:53 - output.txt is still empty
2024-07-24 10:22:58 INFO  Reusables:53 - output.txt is still empty
2024-07-24 10:22:58 INFO  Reusables:53 - output.txt is still empty
2024-07-24 10:22:58 INFO  Reusables:53 - output.txt is still empty
2024-07-24 10:22:58 INFO  Reusables:53 - output.txt is still empty
2024-07-24 10:22:58 INFO  Reusables:53 - output.txt is still empty
2024-07-24 10:22:58 INFO  Reusables:53 - output.txt is still empty
2024-07-24 10:22:58 INFO  Reusables:53 - output.txt is still empty
2024-07-24 10:22:58 INFO  Reusables:53 - output.txt is still empty
2024-07-24 10:22:58 INFO  Reusables:53 - output.txt is still empty
2024-07-24 10:22:58 INFO  Reusables:53 - output.txt is still empty
2024-07-24 10:22:58 INFO  Reusables:53 - output.txt is still empty
2024-07-24 10:22:58 INFO  Reusables:53 - output.txt is still empty
2024-07-24 10:22:58 INFO  Reusables:53 - output.txt is still empty
2024-07-24 10:22:58 INFO  Reusables:53 - output.txt is still empty
2024-07-24 10:22:58 INFO  Reusables:53 - output.txt is still empty
2024-07-24 10:22:58 INFO  Reusables:53 - output.txt is still empty
2024-07-24 10:22:58 INFO  Reusables:53 - output.txt is still empty
2024-07-24 10:22:58 INFO  Reusables:53 - output.txt is still empty
2024-07-24 10:22:58 INFO  Reusables:53 - output.txt is still empty
2024-07-24 10:22:58 INFO  Reusables:53 - output.txt is still empty
2024-07-24 10:22:58 INFO  Reusables:53 - output.txt is still empty
2024-07-24 10:22:58 INFO  Reusables:53 - output.txt is still empty
2024-07-24 10:22:58 INFO  Reusables:53 - output.txt is still empty
2024-07-24 10:22:58 INFO  Reusables:53 - output.txt is still empty
2024-07-24 10:22:58 INFO  Reusables:53 - output.txt is still empty
2024-07-24 10:22:58 INFO  Reusables:53 - output.txt is still empty
2024-07-24 10:22:58 INFO  Reusables:53 - output.txt is still empty
2024-07-24 10:22:58 INFO  Reusables:53 - output.txt is still empty
2024-07-24 10:22:58 INFO  Reusables:53 - output.txt is still empty
2024-07-24 10:22:58 INFO  Reusables:53 - output.txt is still empty
2024-07-24 10:22:58 INFO  Reusables:53 - output.txt is still empty
2024-07-24 10:22:58 INFO  Reusables:53 - output.txt is still empty
2024-07-24 10:22:58 INFO  Reusables:53 - output.txt is still empty
2024-07-24 10:22:58 INFO  Reusables:53 - output.txt is still empty
2024-07-24 10:22:58 INFO  Reusables:53 - output.txt is still empty
2024-07-24 10:22:58 INFO  Reusables:53 - output.txt is still empty
2024-07-24 10:22:58 INFO  Reusables:53 - output.txt is still empty
2024-07-24 10:22:58 INFO  Reusables:53 - output.txt is still empty
2024-07-24 10:22:58 INFO  Reusables:53 - output.txt is still empty
2024-07-24 10:22:58 INFO  Reusables:53 - output.txt is still empty
2024-07-24 10:22:58 INFO  Reusables:53 - output.txt is still empty
2024-07-24 10:22:58 INFO  Reusables:53 - output.txt is still empty
2024-07-24 10:22:58 INFO  Reusables:53 - output.txt is still empty
2024-07-24 10:22:58 INFO  Reusables:53 - output.txt is still empty
2024-07-24 10:22:58 INFO  Reusables:53 - output.txt is still empty
2024-07-24 10:22:58 INFO  Reusables:53 - output.txt is still empty
2024-07-24 10:22:58 INFO  Reusables:53 - output.txt is still empty
2024-07-24 10:22:58 INFO  Reusables:53 - output.txt is still empty
2024-07-24 10:22:58 INFO  Reusables:53 - output.txt is still empty
2024-07-24 10:22:58 INFO  Reusables:53 - output.txt is still empty
2024-07-24 10:22:58 INFO  Reusables:53 - output.txt is still empty
2024-07-24 10:22:58 INFO  Reusables:53 - output.txt is still empty
2024-07-24 10:22:58 INFO  Reusables:53 - output.txt is still empty
2024-07-24 10:22:58 INFO  Reusables:53 - output.txt is still empty
2024-07-24 10:22:58 INFO  Reusables:53 - output.txt is still empty
2024-07-24 10:22:58 INFO  Reusables:53 - output.txt is still empty
2024-07-24 10:22:58 INFO  Reusables:53 - output.txt is still empty
2024-07-24 10:22:58 INFO  Reusables:53 - output.txt is still empty
2024-07-24 10:22:58 INFO  Reusables:53 - output.txt is still empty
2024-07-24 10:22:58 INFO  Reusables:53 - output.txt is still empty
2024-07-24 10:22:58 INFO  Reusables:53 - output.txt is still empty
2024-07-24 10:22:58 INFO  Reusables:53 - output.txt is still empty
2024-07-24 10:22:58 INFO  Reusables:53 - output.txt is still empty
2024-07-24 10:22:58 INFO  Reusables:53 - output.txt is still empty
2024-07-24 10:22:58 INFO  Reusables:53 - output.txt is still empty
2024-07-24 10:22:58 INFO  Reusables:53 - output.txt is still empty
2024-07-24 10:22:58 INFO  Reusables:53 - output.txt is still empty
2024-07-24 10:22:58 INFO  Reusables:53 - output.txt is still empty
2024-07-24 10:22:58 INFO  Reusables:53 - output.txt is still empty
2024-07-24 10:22:58 INFO  Reusables:53 - output.txt is still empty
2024-07-24 10:22:58 INFO  Reusables:53 - output.txt is still empty
2024-07-24 10:22:58 INFO  Reusables:53 - output.txt is still empty
2024-07-24 10:22:58 INFO  Reusables:53 - output.txt is still empty
2024-07-24 10:22:58 INFO  Reusables:53 - output.txt is still empty
2024-07-24 10:22:58 INFO  Reusables:53 - output.txt is still empty
2024-07-24 10:22:58 INFO  Reusables:53 - output.txt is still empty
2024-07-24 10:22:58 INFO  Reusables:53 - output.txt is still empty
2024-07-24 10:22:58 INFO  Reusables:53 - output.txt is still empty
2024-07-24 10:22:58 INFO  Reusables:53 - output.txt is still empty
2024-07-24 10:22:58 INFO  Reusables:53 - output.txt is still empty
2024-07-24 10:22:58 INFO  Reusables:53 - output.txt is still empty
2024-07-24 10:22:58 INFO  Reusables:53 - output.txt is still empty
2024-07-24 10:22:58 INFO  Reusables:53 - output.txt is still empty
2024-07-24 10:22:58 INFO  Reusables:53 - output.txt is still empty
2024-07-24 10:22:58 INFO  Reusables:53 - output.txt is still empty
2024-07-24 10:22:58 INFO  Reusables:53 - output.txt is still empty
2024-07-24 10:22:58 INFO  Reusables:53 - output.txt is still empty
2024-07-24 10:22:58 INFO  Reusables:53 - output.txt is still empty
2024-07-24 10:22:58 INFO  Reusables:53 - output.txt is still empty
2024-07-24 10:22:58 INFO  Reusables:53 - output.txt is still empty
2024-07-24 10:22:58 INFO  Reusables:53 - output.txt is still empty
2024-07-24 10:22:58 INFO  Reusables:53 - output.txt is still empty
2024-07-24 10:22:58 INFO  Reusables:53 - output.txt is still empty
2024-07-24 10:22:58 INFO  Reusables:53 - output.txt is still empty
2024-07-24 10:22:58 INFO  Reusables:53 - output.txt is still empty
2024-07-24 10:22:58 INFO  Reusables:53 - output.txt is still empty
2024-07-24 10:22:58 INFO  Reusables:53 - output.txt is still empty
2024-07-24 10:22:58 INFO  Reusables:53 - output.txt is still empty
2024-07-24 10:22:58 INFO  Reusables:53 - output.txt is still empty
2024-07-24 10:22:58 INFO  Reusables:53 - output.txt is still empty
2024-07-24 10:22:58 INFO  Reusables:53 - output.txt is still empty
2024-07-24 10:22:58 INFO  Reusables:53 - output.txt is still empty
2024-07-24 10:22:58 INFO  Reusables:53 - output.txt is still empty
2024-07-24 10:22:58 INFO  Reusables:53 - output.txt is still empty
2024-07-24 10:22:58 INFO  Reusables:53 - output.txt is still empty
2024-07-24 10:22:58 INFO  Reusables:53 - output.txt is still empty
2024-07-24 10:22:58 INFO  Reusables:53 - output.txt is still empty
2024-07-24 10:22:58 INFO  Reusables:53 - output.txt is still empty
2024-07-24 10:22:58 INFO  Reusables:53 - output.txt is still empty
2024-07-24 10:22:58 INFO  Reusables:53 - output.txt is still empty
2024-07-24 10:22:58 INFO  Reusables:53 - output.txt is still empty
2024-07-24 10:22:58 INFO  Reusables:53 - output.txt is still empty
2024-07-24 10:22:58 INFO  Reusables:53 - output.txt is still empty
2024-07-24 10:22:58 INFO  Reusables:53 - output.txt is still empty
2024-07-24 10:22:58 INFO  Reusables:53 - output.txt is still empty
2024-07-24 10:22:58 INFO  Reusables:53 - output.txt is still empty
2024-07-24 10:22:58 INFO  Reusables:53 - output.txt is still empty
2024-07-24 10:22:58 INFO  Reusables:53 - output.txt is still empty
2024-07-24 10:22:58 INFO  Reusables:53 - output.txt is still empty
2024-07-24 10:22:58 INFO  Reusables:53 - output.txt is still empty
2024-07-24 10:22:58 INFO  Reusables:53 - output.txt is still empty
2024-07-24 10:22:58 INFO  Reusables:53 - output.txt is still empty
2024-07-24 10:22:58 INFO  Reusables:53 - output.txt is still empty
2024-07-24 10:22:58 INFO  Reusables:53 - output.txt is still empty
2024-07-24 10:22:58 INFO  Reusables:53 - output.txt is still empty
2024-07-24 10:22:58 INFO  Reusables:53 - output.txt is still empty
2024-07-24 10:22:58 INFO  Reusables:53 - output.txt is still empty
2024-07-24 10:22:58 INFO  Reusables:53 - output.txt is still empty
2024-07-24 10:22:58 INFO  Reusables:53 - output.txt is still empty
2024-07-24 10:22:58 INFO  Reusables:53 - output.txt is still empty
2024-07-24 10:22:58 INFO  Reusables:53 - output.txt is still empty
2024-07-24 10:22:58 INFO  Reusables:53 - output.txt is still empty
2024-07-24 10:22:58 INFO  Reusables:53 - output.txt is still empty
2024-07-24 10:22:58 INFO  Reusables:53 - output.txt is still empty
2024-07-24 10:22:58 INFO  Reusables:53 - output.txt is still empty
2024-07-24 10:22:58 INFO  Reusables:53 - output.txt is still empty
2024-07-24 10:22:58 INFO  Reusables:53 - output.txt is still empty
2024-07-24 10:22:58 INFO  Reusables:53 - output.txt is still empty
2024-07-24 10:22:58 INFO  Reusables:53 - output.txt is still empty
2024-07-24 10:22:58 INFO  Reusables:53 - output.txt is still empty
2024-07-24 10:22:58 INFO  Reusables:53 - output.txt is still empty
2024-07-24 10:22:58 INFO  Reusables:53 - output.txt is still empty
2024-07-24 10:22:58 INFO  Reusables:53 - output.txt is still empty
2024-07-24 10:22:58 INFO  Reusables:53 - output.txt is still empty
2024-07-24 10:22:58 INFO  Reusables:53 - output.txt is still empty
2024-07-24 10:22:58 INFO  Reusables:53 - output.txt is still empty
2024-07-24 10:22:58 INFO  Reusables:53 - output.txt is still empty
2024-07-24 10:22:58 INFO  Reusables:53 - output.txt is still empty
2024-07-24 10:22:58 INFO  Reusables:53 - output.txt is still empty
2024-07-24 10:22:58 INFO  Reusables:53 - output.txt is still empty
2024-07-24 10:22:58 INFO  Reusables:53 - output.txt is still empty
2024-07-24 10:22:58 INFO  Reusables:53 - output.txt is still empty
2024-07-24 10:22:58 INFO  Reusables:53 - output.txt is still empty
2024-07-24 10:22:58 INFO  Reusables:53 - output.txt is still empty
2024-07-24 10:22:58 INFO  Reusables:53 - output.txt is still empty
2024-07-24 10:22:58 INFO  Reusables:53 - output.txt is still empty
2024-07-24 10:22:58 INFO  Reusables:53 - output.txt is still empty
2024-07-24 10:22:58 INFO  Reusables:53 - output.txt is still empty
2024-07-24 10:22:58 INFO  Reusables:53 - output.txt is still empty
2024-07-24 10:22:58 INFO  Reusables:53 - output.txt is still empty
2024-07-24 10:22:58 INFO  Reusables:53 - output.txt is still empty
2024-07-24 10:22:58 INFO  Reusables:53 - output.txt is still empty
2024-07-24 10:22:58 INFO  Reusables:53 - output.txt is still empty
2024-07-24 10:22:58 INFO  Reusables:53 - output.txt is still empty
2024-07-24 10:22:58 INFO  Reusables:53 - output.txt is still empty
2024-07-24 10:22:58 INFO  Reusables:53 - output.txt is still empty
2024-07-24 10:22:58 INFO  Reusables:53 - output.txt is still empty
2024-07-24 10:22:58 INFO  Reusables:53 - output.txt is still empty
2024-07-24 10:22:58 INFO  Reusables:53 - output.txt is still empty
2024-07-24 10:22:58 INFO  Reusables:53 - output.txt is still empty
2024-07-24 10:22:58 INFO  Reusables:53 - output.txt is still empty
2024-07-24 10:22:58 INFO  Reusables:53 - output.txt is still empty
2024-07-24 10:22:58 INFO  Reusables:53 - output.txt is still empty
2024-07-24 10:22:58 INFO  Reusables:53 - output.txt is still empty
2024-07-24 10:22:58 INFO  Reusables:53 - output.txt is still empty
2024-07-24 10:22:58 INFO  Reusables:53 - output.txt is still empty
2024-07-24 10:22:58 INFO  Reusables:53 - output.txt is still empty
2024-07-24 10:22:58 INFO  Reusables:53 - output.txt is still empty
2024-07-24 10:22:58 INFO  Reusables:53 - output.txt is still empty
2024-07-24 10:22:58 INFO  Reusables:53 - output.txt is still empty
2024-07-24 10:22:58 INFO  Reusables:53 - output.txt is still empty
2024-07-24 10:22:58 INFO  Reusables:53 - output.txt is still empty
2024-07-24 10:22:58 INFO  Reusables:53 - output.txt is still empty
2024-07-24 10:22:58 INFO  Reusables:53 - output.txt is still empty
2024-07-24 10:22:58 INFO  Reusables:53 - output.txt is still empty
2024-07-24 10:22:58 INFO  Reusables:53 - output.txt is still empty
2024-07-24 10:22:58 INFO  Reusables:53 - output.txt is still empty
2024-07-24 10:22:58 INFO  Reusables:53 - output.txt is still empty
2024-07-24 10:22:58 INFO  Reusables:53 - output.txt is still empty
2024-07-24 10:22:58 INFO  Reusables:53 - output.txt is still empty
2024-07-24 10:22:58 INFO  Reusables:53 - output.txt is still empty
2024-07-24 10:22:58 INFO  Reusables:53 - output.txt is still empty
2024-07-24 10:22:58 INFO  Reusables:53 - output.txt is still empty
2024-07-24 10:22:58 INFO  Reusables:53 - output.txt is still empty
2024-07-24 10:22:58 INFO  Reusables:53 - output.txt is still empty
2024-07-24 10:22:58 INFO  Reusables:53 - output.txt is still empty
2024-07-24 10:22:58 INFO  Reusables:53 - output.txt is still empty
2024-07-24 10:22:58 INFO  Reusables:53 - output.txt is still empty
2024-07-24 10:22:58 INFO  Reusables:53 - output.txt is still empty
2024-07-24 10:22:58 INFO  Reusables:53 - output.txt is still empty
2024-07-24 10:22:58 INFO  Reusables:53 - output.txt is still empty
2024-07-24 10:22:58 INFO  Reusables:53 - output.txt is still empty
2024-07-24 10:22:58 INFO  Reusables:53 - output.txt is still empty
2024-07-24 10:22:58 INFO  Reusables:53 - output.txt is still empty
2024-07-24 10:22:58 INFO  Reusables:53 - output.txt is still empty
2024-07-24 10:22:58 INFO  Reusables:53 - output.txt is still empty
2024-07-24 10:22:58 INFO  Reusables:53 - output.txt is still empty
2024-07-24 10:22:58 INFO  Reusables:53 - output.txt is still empty
2024-07-24 10:22:58 INFO  Reusables:53 - output.txt is still empty
2024-07-24 10:22:58 INFO  Reusables:53 - output.txt is still empty
2024-07-24 10:22:58 INFO  Reusables:53 - output.txt is still empty
2024-07-24 10:22:58 INFO  Reusables:53 - output.txt is still empty
2024-07-24 10:22:58 INFO  Reusables:53 - output.txt is still empty
2024-07-24 10:22:58 INFO  Reusables:53 - output.txt is still empty
2024-07-24 10:22:58 INFO  Reusables:53 - output.txt is still empty
2024-07-24 10:22:58 INFO  Reusables:53 - output.txt is still empty
2024-07-24 10:22:58 INFO  Reusables:53 - output.txt is still empty
2024-07-24 10:22:58 INFO  Reusables:53 - output.txt is still empty
2024-07-24 10:22:58 INFO  Reusables:53 - output.txt is still empty
2024-07-24 10:22:58 INFO  Reusables:53 - output.txt is still empty
2024-07-24 10:22:58 INFO  Reusables:53 - output.txt is still empty
2024-07-24 10:22:58 INFO  Reusables:53 - output.txt is still empty
2024-07-24 10:22:58 INFO  Reusables:53 - output.txt is still empty
2024-07-24 10:22:58 INFO  Reusables:53 - output.txt is still empty
2024-07-24 10:22:58 INFO  Reusables:53 - output.txt is still empty
2024-07-24 10:22:58 INFO  Reusables:53 - output.txt is still empty
2024-07-24 10:22:58 INFO  Reusables:53 - output.txt is still empty
2024-07-24 10:22:58 INFO  Reusables:53 - output.txt is still empty
2024-07-24 10:22:58 INFO  Reusables:53 - output.txt is still empty
2024-07-24 10:22:58 INFO  Reusables:53 - output.txt is still empty
2024-07-24 10:22:58 INFO  Reusables:53 - output.txt is still empty
2024-07-24 10:22:58 INFO  Reusables:53 - output.txt is still empty
2024-07-24 10:22:58 INFO  Reusables:53 - output.txt is still empty
2024-07-24 10:22:58 INFO  Reusables:53 - output.txt is still empty
2024-07-24 10:22:58 INFO  Reusables:53 - output.txt is still empty
2024-07-24 10:22:58 INFO  Reusables:53 - output.txt is still empty
2024-07-24 10:22:58 INFO  Reusables:53 - output.txt is still empty
2024-07-24 10:22:58 INFO  Reusables:53 - output.txt is still empty
2024-07-24 10:22:58 INFO  Reusables:53 - output.txt is still empty
2024-07-24 10:22:58 INFO  Reusables:53 - output.txt is still empty
2024-07-24 10:22:58 INFO  Reusables:53 - output.txt is still empty
2024-07-24 10:22:58 INFO  Reusables:53 - output.txt is still empty
2024-07-24 10:22:58 INFO  Reusables:53 - output.txt is still empty
2024-07-24 10:22:58 INFO  Reusables:53 - output.txt is still empty
2024-07-24 10:22:58 INFO  Reusables:53 - output.txt is still empty
2024-07-24 10:22:58 INFO  Reusables:53 - output.txt is still empty
2024-07-24 10:22:58 INFO  Reusables:53 - output.txt is still empty
2024-07-24 10:22:58 INFO  Reusables:53 - output.txt is still empty
2024-07-24 10:22:58 INFO  Reusables:53 - output.txt is still empty
2024-07-24 10:22:58 INFO  Reusables:53 - output.txt is still empty
2024-07-24 10:22:58 INFO  Reusables:53 - output.txt is still empty
2024-07-24 10:22:58 INFO  Reusables:53 - output.txt is still empty
2024-07-24 10:22:58 INFO  Reusables:53 - output.txt is still empty
2024-07-24 10:22:58 INFO  Reusables:53 - output.txt is still empty
2024-07-24 10:22:58 INFO  Reusables:53 - output.txt is still empty
2024-07-24 10:22:58 INFO  Reusables:53 - output.txt is still empty
2024-07-24 10:22:58 INFO  Reusables:53 - output.txt is still empty
2024-07-24 10:22:58 INFO  Reusables:53 - output.txt is still empty
2024-07-24 10:22:58 INFO  Reusables:53 - output.txt is still empty
2024-07-24 10:22:58 INFO  Reusables:53 - output.txt is still empty
2024-07-24 10:22:58 INFO  Reusables:53 - output.txt is still empty
2024-07-24 10:22:58 INFO  Reusables:53 - output.txt is still empty
2024-07-24 10:22:58 INFO  Reusables:53 - output.txt is still empty
2024-07-24 10:22:58 INFO  Reusables:53 - output.txt is still empty
2024-07-24 10:22:58 INFO  Reusables:53 - output.txt is still empty
2024-07-24 10:22:58 INFO  Reusables:53 - output.txt is still empty
2024-07-24 10:22:58 INFO  Reusables:53 - output.txt is still empty
2024-07-24 10:22:58 INFO  Reusables:53 - output.txt is still empty
2024-07-24 10:22:58 INFO  Reusables:53 - output.txt is still empty
2024-07-24 10:22:58 INFO  Reusables:53 - output.txt is still empty
2024-07-24 10:22:58 INFO  Reusables:53 - output.txt is still empty
2024-07-24 10:22:58 INFO  Reusables:53 - output.txt is still empty
2024-07-24 10:22:58 INFO  Reusables:53 - output.txt is still empty
2024-07-24 10:22:58 INFO  Reusables:53 - output.txt is still empty
2024-07-24 10:22:58 INFO  Reusables:53 - output.txt is still empty
2024-07-24 10:22:58 INFO  Reusables:53 - output.txt is still empty
2024-07-24 10:22:58 INFO  Reusables:53 - output.txt is still empty
2024-07-24 10:22:58 INFO  Reusables:53 - output.txt is still empty
2024-07-24 10:22:58 INFO  Reusables:53 - output.txt is still empty
2024-07-24 10:22:58 INFO  Reusables:53 - output.txt is still empty
2024-07-24 10:22:58 INFO  Reusables:53 - output.txt is still empty
2024-07-24 10:22:58 INFO  Reusables:53 - output.txt is still empty
2024-07-24 10:22:58 INFO  Reusables:53 - output.txt is still empty
2024-07-24 10:22:58 INFO  Reusables:53 - output.txt is still empty
2024-07-24 10:22:58 INFO  Reusables:53 - output.txt is still empty
2024-07-24 10:22:58 INFO  Reusables:53 - output.txt is still empty
2024-07-24 10:22:58 INFO  Reusables:53 - output.txt is still empty
2024-07-24 10:22:58 INFO  Reusables:53 - output.txt is still empty
2024-07-24 10:22:58 INFO  Reusables:53 - output.txt is still empty
2024-07-24 10:22:58 INFO  Reusables:53 - output.txt is still empty
2024-07-24 10:22:58 INFO  Reusables:53 - output.txt is still empty
2024-07-24 10:22:58 INFO  Reusables:53 - output.txt is still empty
2024-07-24 10:22:58 INFO  Reusables:53 - output.txt is still empty
2024-07-24 10:22:58 INFO  Reusables:53 - output.txt is still empty
2024-07-24 10:22:58 INFO  Reusables:53 - output.txt is still empty
2024-07-24 10:22:58 INFO  Reusables:53 - output.txt is still empty
2024-07-24 10:22:58 INFO  Reusables:53 - output.txt is still empty
2024-07-24 10:22:58 INFO  Reusables:53 - output.txt is still empty
2024-07-24 10:22:58 INFO  Reusables:53 - output.txt is still empty
2024-07-24 10:22:58 INFO  Reusables:53 - output.txt is still empty
2024-07-24 10:22:58 INFO  Reusables:53 - output.txt is still empty
2024-07-24 10:22:58 INFO  Reusables:53 - output.txt is still empty
2024-07-24 10:22:58 INFO  Reusables:53 - output.txt is still empty
2024-07-24 10:22:58 INFO  Reusables:53 - output.txt is still empty
2024-07-24 10:22:58 INFO  Reusables:53 - output.txt is still empty
2024-07-24 10:22:58 INFO  Reusables:53 - output.txt is still empty
2024-07-24 10:22:58 INFO  Reusables:53 - output.txt is still empty
2024-07-24 10:22:58 INFO  Reusables:53 - output.txt is still empty
2024-07-24 10:22:58 INFO  Reusables:53 - output.txt is still empty
2024-07-24 10:22:58 INFO  Reusables:53 - output.txt is still empty
2024-07-24 10:22:58 INFO  Reusables:53 - output.txt is still empty
2024-07-24 10:22:58 INFO  Reusables:53 - output.txt is still empty
2024-07-24 10:22:58 INFO  Reusables:53 - output.txt is still empty
2024-07-24 10:22:58 INFO  Reusables:53 - output.txt is still empty
2024-07-24 10:22:58 INFO  Reusables:53 - output.txt is still empty
2024-07-24 10:22:58 INFO  Reusables:53 - output.txt is still empty
2024-07-24 10:22:58 INFO  Reusables:53 - output.txt is still empty
2024-07-24 10:22:58 INFO  Reusables:53 - output.txt is still empty
2024-07-24 10:22:58 INFO  Reusables:53 - output.txt is still empty
2024-07-24 10:22:58 INFO  Reusables:53 - output.txt is still empty
2024-07-24 10:22:58 INFO  Reusables:53 - output.txt is still empty
2024-07-24 10:22:58 INFO  Reusables:53 - output.txt is still empty
2024-07-24 10:22:58 INFO  Reusables:53 - output.txt is still empty
2024-07-24 10:22:58 INFO  Reusables:53 - output.txt is still empty
2024-07-24 10:22:58 INFO  Reusables:53 - output.txt is still empty
2024-07-24 10:22:58 INFO  Reusables:53 - output.txt is still empty
2024-07-24 10:22:58 INFO  Reusables:53 - output.txt is still empty
2024-07-24 10:22:58 INFO  Reusables:53 - output.txt is still empty
2024-07-24 10:22:58 INFO  Reusables:53 - output.txt is still empty
2024-07-24 10:22:58 INFO  Reusables:53 - output.txt is still empty
2024-07-24 10:22:58 INFO  Reusables:53 - output.txt is still empty
2024-07-24 10:22:58 INFO  Reusables:53 - output.txt is still empty
2024-07-24 10:22:58 INFO  Reusables:53 - output.txt is still empty
2024-07-24 10:22:58 INFO  Reusables:53 - output.txt is still empty
2024-07-24 10:22:58 INFO  Reusables:53 - output.txt is still empty
2024-07-24 10:22:58 INFO  Reusables:53 - output.txt is still empty
2024-07-24 10:22:58 INFO  Reusables:53 - output.txt is still empty
2024-07-24 10:22:58 INFO  Reusables:53 - output.txt is still empty
2024-07-24 10:22:58 INFO  Reusables:53 - output.txt is still empty
2024-07-24 10:22:58 INFO  Reusables:53 - output.txt is still empty
2024-07-24 10:22:58 INFO  Reusables:53 - output.txt is still empty
2024-07-24 10:22:58 INFO  Reusables:53 - output.txt is still empty
2024-07-24 10:22:58 INFO  Reusables:53 - output.txt is still empty
2024-07-24 10:22:58 INFO  Reusables:53 - output.txt is still empty
2024-07-24 10:22:58 INFO  Reusables:53 - output.txt is still empty
2024-07-24 10:22:58 INFO  Reusables:53 - output.txt is still empty
2024-07-24 10:22:58 INFO  Reusables:53 - output.txt is still empty
2024-07-24 10:22:58 INFO  Reusables:53 - output.txt is still empty
2024-07-24 10:22:58 INFO  Reusables:53 - output.txt is still empty
2024-07-24 10:22:58 INFO  Reusables:53 - output.txt is still empty
2024-07-24 10:22:58 INFO  Reusables:53 - output.txt is still empty
2024-07-24 10:22:58 INFO  Reusables:53 - output.txt is still empty
2024-07-24 10:22:58 INFO  Reusables:53 - output.txt is still empty
2024-07-24 10:22:58 INFO  Reusables:53 - output.txt is still empty
2024-07-24 10:22:58 INFO  Reusables:53 - output.txt is still empty
2024-07-24 10:22:58 INFO  Reusables:53 - output.txt is still empty
2024-07-24 10:22:58 INFO  Reusables:53 - output.txt is still empty
2024-07-24 10:22:58 INFO  Reusables:53 - output.txt is still empty
2024-07-24 10:22:58 INFO  Reusables:53 - output.txt is still empty
2024-07-24 10:22:58 INFO  Reusables:53 - output.txt is still empty
2024-07-24 10:22:58 INFO  Reusables:53 - output.txt is still empty
2024-07-24 10:22:58 INFO  Reusables:53 - output.txt is still empty
2024-07-24 10:22:58 INFO  Reusables:53 - output.txt is still empty
2024-07-24 10:22:58 INFO  Reusables:53 - output.txt is still empty
2024-07-24 10:22:58 INFO  Reusables:53 - output.txt is still empty
2024-07-24 10:22:58 INFO  Reusables:53 - output.txt is still empty
2024-07-24 10:22:58 INFO  Reusables:53 - output.txt is still empty
2024-07-24 10:22:58 INFO  Reusables:53 - output.txt is still empty
2024-07-24 10:22:58 INFO  Reusables:53 - output.txt is still empty
2024-07-24 10:22:58 INFO  Reusables:53 - output.txt is still empty
2024-07-24 10:22:58 INFO  Reusables:53 - output.txt is still empty
2024-07-24 10:22:58 INFO  Reusables:53 - output.txt is still empty
2024-07-24 10:22:58 INFO  Reusables:53 - output.txt is still empty
2024-07-24 10:22:58 INFO  Reusables:53 - output.txt is still empty
2024-07-24 10:22:58 INFO  Reusables:53 - output.txt is still empty
2024-07-24 10:22:58 INFO  Reusables:53 - output.txt is still empty
2024-07-24 10:22:58 INFO  Reusables:53 - output.txt is still empty
2024-07-24 10:22:58 INFO  Reusables:53 - output.txt is still empty
2024-07-24 10:22:58 INFO  Reusables:53 - output.txt is still empty
2024-07-24 10:22:58 INFO  Reusables:53 - output.txt is still empty
2024-07-24 10:22:58 INFO  Reusables:53 - output.txt is still empty
2024-07-24 10:22:58 INFO  Reusables:53 - output.txt is still empty
2024-07-24 10:22:58 INFO  Reusables:53 - output.txt is still empty
2024-07-24 10:22:58 INFO  Reusables:53 - output.txt is still empty
2024-07-24 10:22:58 INFO  Reusables:53 - output.txt is still empty
2024-07-24 10:22:58 INFO  Reusables:53 - output.txt is still empty
2024-07-24 10:22:58 INFO  Reusables:53 - output.txt is still empty
2024-07-24 10:22:58 INFO  Reusables:53 - output.txt is still empty
2024-07-24 10:22:58 INFO  Reusables:53 - output.txt is still empty
2024-07-24 10:22:58 INFO  Reusables:53 - output.txt is still empty
2024-07-24 10:22:58 INFO  Reusables:53 - output.txt is still empty
2024-07-24 10:22:58 INFO  Reusables:53 - output.txt is still empty
2024-07-24 10:22:58 INFO  Reusables:53 - output.txt is still empty
2024-07-24 10:22:58 INFO  Reusables:53 - output.txt is still empty
2024-07-24 10:22:58 INFO  Reusables:53 - output.txt is still empty
2024-07-24 10:22:58 INFO  Reusables:53 - output.txt is still empty
2024-07-24 10:22:58 INFO  Reusables:53 - output.txt is still empty
2024-07-24 10:22:58 INFO  Reusables:53 - output.txt is still empty
2024-07-24 10:22:58 INFO  Reusables:53 - output.txt is still empty
2024-07-24 10:22:58 INFO  Reusables:53 - output.txt is still empty
2024-07-24 10:22:58 INFO  Reusables:53 - output.txt is still empty
2024-07-24 10:22:58 INFO  Reusables:53 - output.txt is still empty
2024-07-24 10:22:58 INFO  Reusables:53 - output.txt is still empty
2024-07-24 10:22:58 INFO  Reusables:53 - output.txt is still empty
2024-07-24 10:22:58 INFO  Reusables:53 - output.txt is still empty
2024-07-24 10:22:58 INFO  Reusables:53 - output.txt is still empty
2024-07-24 10:22:58 INFO  Reusables:53 - output.txt is still empty
2024-07-24 10:22:58 INFO  Reusables:53 - output.txt is still empty
2024-07-24 10:22:58 INFO  Reusables:53 - output.txt is still empty
2024-07-24 10:22:58 INFO  Reusables:53 - output.txt is still empty
2024-07-24 10:22:58 INFO  Reusables:53 - output.txt is still empty
2024-07-24 10:22:58 INFO  Reusables:53 - output.txt is still empty
2024-07-24 10:22:58 INFO  Reusables:53 - output.txt is still empty
2024-07-24 10:22:58 INFO  Reusables:53 - output.txt is still empty
2024-07-24 10:22:58 INFO  Reusables:53 - output.txt is still empty
2024-07-24 10:22:58 INFO  Reusables:53 - output.txt is still empty
2024-07-24 10:22:58 INFO  Reusables:53 - output.txt is still empty
2024-07-24 10:22:58 INFO  Reusables:53 - output.txt is still empty
2024-07-24 10:22:58 INFO  Reusables:53 - output.txt is still empty
2024-07-24 10:22:58 INFO  Reusables:53 - output.txt is still empty
2024-07-24 10:22:58 INFO  Reusables:53 - output.txt is still empty
2024-07-24 10:22:58 INFO  Reusables:53 - output.txt is still empty
2024-07-24 10:22:58 INFO  Reusables:53 - output.txt is still empty
2024-07-24 10:22:58 INFO  Reusables:53 - output.txt is still empty
2024-07-24 10:22:58 INFO  Reusables:53 - output.txt is still empty
2024-07-24 10:22:58 INFO  Reusables:53 - output.txt is still empty
2024-07-24 10:22:58 INFO  Reusables:53 - output.txt is still empty
2024-07-24 10:22:58 INFO  Reusables:53 - output.txt is still empty
2024-07-24 10:22:58 INFO  Reusables:53 - output.txt is still empty
2024-07-24 10:22:58 INFO  Reusables:53 - output.txt is still empty
2024-07-24 10:22:58 INFO  Reusables:53 - output.txt is still empty
2024-07-24 10:22:58 INFO  Reusables:53 - output.txt is still empty
2024-07-24 10:22:58 INFO  Reusables:53 - output.txt is still empty
2024-07-24 10:22:58 INFO  Reusables:53 - output.txt is still empty
2024-07-24 10:22:58 INFO  Reusables:53 - output.txt is still empty
2024-07-24 10:22:58 INFO  Reusables:53 - output.txt is still empty
2024-07-24 10:22:58 INFO  Reusables:53 - output.txt is still empty
2024-07-24 10:22:58 INFO  Reusables:53 - output.txt is still empty
2024-07-24 10:22:58 INFO  Reusables:53 - output.txt is still empty
2024-07-24 10:22:58 INFO  Reusables:53 - output.txt is still empty
2024-07-24 10:22:58 INFO  Reusables:53 - output.txt is still empty
2024-07-24 10:22:58 INFO  Reusables:53 - output.txt is still empty
2024-07-24 10:22:58 INFO  Reusables:53 - output.txt is still empty
2024-07-24 10:22:58 INFO  Reusables:53 - output.txt is still empty
2024-07-24 10:22:58 INFO  Reusables:53 - output.txt is still empty
2024-07-24 10:22:58 INFO  Reusables:53 - output.txt is still empty
2024-07-24 10:22:58 INFO  Reusables:53 - output.txt is still empty
2024-07-24 10:22:58 INFO  Reusables:53 - output.txt is still empty
2024-07-24 10:22:58 INFO  Reusables:53 - output.txt is still empty
2024-07-24 10:22:58 INFO  Reusables:53 - output.txt is still empty
2024-07-24 10:22:58 INFO  Reusables:53 - output.txt is still empty
2024-07-24 10:22:58 INFO  Reusables:53 - output.txt is still empty
2024-07-24 10:22:58 INFO  Reusables:53 - output.txt is still empty
2024-07-24 10:22:58 INFO  Reusables:53 - output.txt is still empty
2024-07-24 10:22:58 INFO  Reusables:53 - output.txt is still empty
2024-07-24 10:22:58 INFO  Reusables:53 - output.txt is still empty
2024-07-24 10:22:58 INFO  Reusables:53 - output.txt is still empty
2024-07-24 10:22:58 INFO  Reusables:53 - output.txt is still empty
2024-07-24 10:22:58 INFO  Reusables:53 - output.txt is still empty
2024-07-24 10:22:58 INFO  Reusables:53 - output.txt is still empty
2024-07-24 10:22:58 INFO  Reusables:53 - output.txt is still empty
2024-07-24 10:22:58 INFO  Reusables:53 - output.txt is still empty
2024-07-24 10:22:58 INFO  Reusables:53 - output.txt is still empty
2024-07-24 10:22:58 INFO  Reusables:53 - output.txt is still empty
2024-07-24 10:22:58 INFO  Reusables:53 - output.txt is still empty
2024-07-24 10:22:58 INFO  Reusables:53 - output.txt is still empty
2024-07-24 10:22:58 INFO  Reusables:53 - output.txt is still empty
2024-07-24 10:22:58 INFO  Reusables:53 - output.txt is still empty
2024-07-24 10:22:58 INFO  Reusables:53 - output.txt is still empty
2024-07-24 10:22:58 INFO  Reusables:53 - output.txt is still empty
2024-07-24 10:22:58 INFO  Reusables:53 - output.txt is still empty
2024-07-24 10:22:58 INFO  Reusables:53 - output.txt is still empty
2024-07-24 10:22:58 INFO  Reusables:53 - output.txt is still empty
2024-07-24 10:22:58 INFO  Reusables:53 - output.txt is still empty
2024-07-24 10:22:58 INFO  Reusables:53 - output.txt is still empty
2024-07-24 10:22:58 INFO  Reusables:53 - output.txt is still empty
2024-07-24 10:22:58 INFO  Reusables:53 - output.txt is still empty
2024-07-24 10:22:58 INFO  Reusables:53 - output.txt is still empty
2024-07-24 10:22:58 INFO  Reusables:53 - output.txt is still empty
2024-07-24 10:22:58 INFO  Reusables:53 - output.txt is still empty
2024-07-24 10:22:58 INFO  Reusables:53 - output.txt is still empty
2024-07-24 10:22:58 INFO  Reusables:53 - output.txt is still empty
2024-07-24 10:22:58 INFO  Reusables:53 - output.txt is still empty
2024-07-24 10:22:58 INFO  Reusables:53 - output.txt is still empty
2024-07-24 10:22:58 INFO  Reusables:53 - output.txt is still empty
2024-07-24 10:22:58 INFO  Reusables:53 - output.txt is still empty
2024-07-24 10:22:58 INFO  Reusables:53 - output.txt is still empty
2024-07-24 10:22:58 INFO  Reusables:53 - output.txt is still empty
2024-07-24 10:22:58 INFO  Reusables:53 - output.txt is still empty
2024-07-24 10:22:58 INFO  Reusables:53 - output.txt is still empty
2024-07-24 10:22:58 INFO  Reusables:53 - output.txt is still empty
2024-07-24 10:22:58 INFO  Reusables:53 - output.txt is still empty
2024-07-24 10:22:58 INFO  Reusables:53 - output.txt is still empty
2024-07-24 10:22:58 INFO  Reusables:53 - output.txt is still empty
2024-07-24 10:22:58 INFO  Reusables:53 - output.txt is still empty
2024-07-24 10:22:58 INFO  Reusables:53 - output.txt is still empty
2024-07-24 10:22:58 INFO  Reusables:53 - output.txt is still empty
2024-07-24 10:22:58 INFO  Reusables:53 - output.txt is still empty
2024-07-24 10:22:58 INFO  Reusables:53 - output.txt is still empty
2024-07-24 10:22:58 INFO  Reusables:53 - output.txt is still empty
2024-07-24 10:22:58 INFO  Reusables:53 - output.txt is still empty
2024-07-24 10:22:58 INFO  Reusables:53 - output.txt is still empty
2024-07-24 10:22:58 INFO  Reusables:53 - output.txt is still empty
2024-07-24 10:22:58 INFO  Reusables:53 - output.txt is still empty
2024-07-24 10:22:58 INFO  Reusables:53 - output.txt is still empty
2024-07-24 10:22:58 INFO  Reusables:53 - output.txt is still empty
2024-07-24 10:22:58 INFO  Reusables:53 - output.txt is still empty
2024-07-24 10:22:58 INFO  Reusables:53 - output.txt is still empty
2024-07-24 10:22:58 INFO  Reusables:53 - output.txt is still empty
2024-07-24 10:22:58 INFO  Reusables:53 - output.txt is still empty
2024-07-24 10:22:58 INFO  Reusables:53 - output.txt is still empty
2024-07-24 10:22:58 INFO  Reusables:53 - output.txt is still empty
2024-07-24 10:22:58 INFO  Reusables:53 - output.txt is still empty
2024-07-24 10:22:58 INFO  Reusables:53 - output.txt is still empty
2024-07-24 10:22:58 INFO  Reusables:53 - output.txt is still empty
2024-07-24 10:22:58 INFO  Reusables:53 - output.txt is still empty
2024-07-24 10:22:58 INFO  Reusables:53 - output.txt is still empty
2024-07-24 10:22:58 INFO  Reusables:53 - output.txt is still empty
2024-07-24 10:22:58 INFO  Reusables:53 - output.txt is still empty
2024-07-24 10:22:58 INFO  Reusables:53 - output.txt is still empty
2024-07-24 10:22:58 INFO  Reusables:53 - output.txt is still empty
2024-07-24 10:22:58 INFO  Reusables:53 - output.txt is still empty
2024-07-24 10:22:58 INFO  Reusables:53 - output.txt is still empty
2024-07-24 10:22:58 INFO  Reusables:53 - output.txt is still empty
2024-07-24 10:22:58 INFO  Reusables:53 - output.txt is still empty
2024-07-24 10:22:58 INFO  Reusables:53 - output.txt is still empty
2024-07-24 10:22:58 INFO  Reusables:53 - output.txt is still empty
2024-07-24 10:22:58 INFO  Reusables:53 - output.txt is still empty
2024-07-24 10:22:58 INFO  Reusables:53 - output.txt is still empty
2024-07-24 10:22:58 INFO  Reusables:53 - output.txt is still empty
2024-07-24 10:22:58 INFO  Reusables:53 - output.txt is still empty
2024-07-24 10:22:58 INFO  Reusables:53 - output.txt is still empty
2024-07-24 10:22:58 INFO  Reusables:53 - output.txt is still empty
2024-07-24 10:22:58 INFO  Reusables:53 - output.txt is still empty
2024-07-24 10:22:58 INFO  Reusables:53 - output.txt is still empty
2024-07-24 10:22:58 INFO  Reusables:53 - output.txt is still empty
2024-07-24 10:22:58 INFO  Reusables:53 - output.txt is still empty
2024-07-24 10:22:58 INFO  Reusables:53 - output.txt is still empty
2024-07-24 10:22:58 INFO  Reusables:53 - output.txt is still empty
2024-07-24 10:22:58 INFO  Reusables:53 - output.txt is still empty
2024-07-24 10:22:58 INFO  Reusables:53 - output.txt is still empty
2024-07-24 10:22:58 INFO  Reusables:53 - output.txt is still empty
2024-07-24 10:22:58 INFO  Reusables:53 - output.txt is still empty
2024-07-24 10:22:58 INFO  Reusables:53 - output.txt is still empty
2024-07-24 10:22:58 INFO  Reusables:53 - output.txt is still empty
2024-07-24 10:22:58 INFO  Reusables:53 - output.txt is still empty
2024-07-24 10:22:58 INFO  Reusables:53 - output.txt is still empty
2024-07-24 10:22:58 INFO  Reusables:53 - output.txt is still empty
2024-07-24 10:22:58 INFO  Reusables:53 - output.txt is still empty
2024-07-24 10:22:58 INFO  Reusables:53 - output.txt is still empty
2024-07-24 10:22:58 INFO  Reusables:53 - output.txt is still empty
2024-07-24 10:22:58 INFO  Reusables:53 - output.txt is still empty
2024-07-24 10:22:58 INFO  Reusables:53 - output.txt is still empty
2024-07-24 10:22:58 INFO  Reusables:53 - output.txt is still empty
2024-07-24 10:22:58 INFO  Reusables:53 - output.txt is still empty
2024-07-24 10:22:58 INFO  Reusables:53 - output.txt is still empty
2024-07-24 10:22:58 INFO  Reusables:53 - output.txt is still empty
2024-07-24 10:22:58 INFO  Reusables:53 - output.txt is still empty
2024-07-24 10:22:58 INFO  Reusables:53 - output.txt is still empty
2024-07-24 10:22:58 INFO  Reusables:53 - output.txt is still empty
2024-07-24 10:22:58 INFO  Reusables:53 - output.txt is still empty
2024-07-24 10:22:58 INFO  Reusables:53 - output.txt is still empty
2024-07-24 10:22:58 INFO  Reusables:53 - output.txt is still empty
2024-07-24 10:22:58 INFO  Reusables:53 - output.txt is still empty
2024-07-24 10:22:58 INFO  Reusables:53 - output.txt is still empty
2024-07-24 10:22:58 INFO  Reusables:53 - output.txt is still empty
2024-07-24 10:22:58 INFO  Reusables:53 - output.txt is still empty
2024-07-24 10:22:58 INFO  Reusables:53 - output.txt is still empty
2024-07-24 10:22:58 INFO  Reusables:53 - output.txt is still empty
2024-07-24 10:22:58 INFO  Reusables:53 - output.txt is still empty
2024-07-24 10:22:58 INFO  Reusables:53 - output.txt is still empty
2024-07-24 10:22:58 INFO  Reusables:53 - output.txt is still empty
2024-07-24 10:22:58 INFO  Reusables:53 - output.txt is still empty
2024-07-24 10:22:58 INFO  Reusables:53 - output.txt is still empty
2024-07-24 10:22:58 INFO  Reusables:53 - output.txt is still empty
2024-07-24 10:22:58 INFO  Reusables:53 - output.txt is still empty
2024-07-24 10:22:58 INFO  Reusables:53 - output.txt is still empty
2024-07-24 10:22:58 INFO  Reusables:53 - output.txt is still empty
2024-07-24 10:22:58 INFO  Reusables:53 - output.txt is still empty
2024-07-24 10:22:58 INFO  Reusables:53 - output.txt is still empty
2024-07-24 10:22:58 INFO  Reusables:53 - output.txt is still empty
2024-07-24 10:22:58 INFO  Reusables:53 - output.txt is still empty
2024-07-24 10:22:58 INFO  Reusables:53 - output.txt is still empty
2024-07-24 10:22:58 INFO  Reusables:53 - output.txt is still empty
2024-07-24 10:22:58 INFO  Reusables:53 - output.txt is still empty
2024-07-24 10:22:58 INFO  Reusables:53 - output.txt is still empty
2024-07-24 10:22:58 INFO  Reusables:53 - output.txt is still empty
2024-07-24 10:22:58 INFO  Reusables:53 - output.txt is still empty
2024-07-24 10:22:58 INFO  Reusables:53 - output.txt is still empty
2024-07-24 10:22:58 INFO  Reusables:53 - output.txt is still empty
2024-07-24 10:22:58 INFO  Reusables:53 - output.txt is still empty
2024-07-24 10:22:58 INFO  Reusables:53 - output.txt is still empty
2024-07-24 10:22:58 INFO  Reusables:53 - output.txt is still empty
2024-07-24 10:22:58 INFO  Reusables:53 - output.txt is still empty
2024-07-24 10:22:58 INFO  Reusables:53 - output.txt is still empty
2024-07-24 10:22:58 INFO  Reusables:53 - output.txt is still empty
2024-07-24 10:22:58 INFO  Reusables:53 - output.txt is still empty
2024-07-24 10:22:58 INFO  Reusables:53 - output.txt is still empty
2024-07-24 10:22:58 INFO  Reusables:53 - output.txt is still empty
2024-07-24 10:22:58 INFO  Reusables:53 - output.txt is still empty
2024-07-24 10:22:58 INFO  Reusables:53 - output.txt is still empty
2024-07-24 10:22:58 INFO  Reusables:53 - output.txt is still empty
2024-07-24 10:22:58 INFO  Reusables:53 - output.txt is still empty
2024-07-24 10:22:58 INFO  Reusables:53 - output.txt is still empty
2024-07-24 10:22:58 INFO  Reusables:53 - output.txt is still empty
2024-07-24 10:22:58 INFO  Reusables:53 - output.txt is still empty
2024-07-24 10:22:58 INFO  Reusables:53 - output.txt is still empty
2024-07-24 10:22:58 INFO  Reusables:53 - output.txt is still empty
2024-07-24 10:22:58 INFO  Reusables:53 - output.txt is still empty
2024-07-24 10:22:58 INFO  Reusables:53 - output.txt is still empty
2024-07-24 10:22:58 INFO  Reusables:53 - output.txt is still empty
2024-07-24 10:22:58 INFO  Reusables:53 - output.txt is still empty
2024-07-24 10:22:58 INFO  Reusables:53 - output.txt is still empty
2024-07-24 10:22:58 INFO  Reusables:53 - output.txt is still empty
2024-07-24 10:22:58 INFO  Reusables:53 - output.txt is still empty
2024-07-24 10:22:58 INFO  Reusables:53 - output.txt is still empty
2024-07-24 10:22:58 INFO  Reusables:53 - output.txt is still empty
2024-07-24 10:22:58 INFO  Reusables:53 - output.txt is still empty
2024-07-24 10:22:58 INFO  Reusables:53 - output.txt is still empty
2024-07-24 10:22:58 INFO  Reusables:53 - output.txt is still empty
2024-07-24 10:22:58 INFO  Reusables:53 - output.txt is still empty
2024-07-24 10:22:58 INFO  Reusables:53 - output.txt is still empty
2024-07-24 10:22:58 INFO  Reusables:53 - output.txt is still empty
2024-07-24 10:22:58 INFO  Reusables:53 - output.txt is still empty
2024-07-24 10:22:58 INFO  Reusables:53 - output.txt is still empty
2024-07-24 10:22:58 INFO  Reusables:53 - output.txt is still empty
2024-07-24 10:22:58 INFO  Reusables:53 - output.txt is still empty
2024-07-24 10:22:58 INFO  Reusables:53 - output.txt is still empty
2024-07-24 10:22:58 INFO  Reusables:53 - output.txt is still empty
2024-07-24 10:22:58 INFO  Reusables:53 - output.txt is still empty
2024-07-24 10:22:58 INFO  Reusables:53 - output.txt is still empty
2024-07-24 10:22:58 INFO  Reusables:53 - output.txt is still empty
2024-07-24 10:22:58 INFO  Reusables:53 - output.txt is still empty
2024-07-24 10:22:58 INFO  Reusables:53 - output.txt is still empty
2024-07-24 10:22:58 INFO  Reusables:53 - output.txt is still empty
2024-07-24 10:22:58 INFO  Reusables:53 - output.txt is still empty
2024-07-24 10:22:58 INFO  Reusables:53 - output.txt is still empty
2024-07-24 10:22:58 INFO  Reusables:53 - output.txt is still empty
2024-07-24 10:22:58 INFO  Reusables:53 - output.txt is still empty
2024-07-24 10:22:58 INFO  Reusables:53 - output.txt is still empty
2024-07-24 10:22:58 INFO  Reusables:53 - output.txt is still empty
2024-07-24 10:22:58 INFO  Reusables:53 - output.txt is still empty
2024-07-24 10:22:58 INFO  Reusables:53 - output.txt is still empty
2024-07-24 10:22:58 INFO  Reusables:53 - output.txt is still empty
2024-07-24 10:22:58 INFO  Reusables:53 - output.txt is still empty
2024-07-24 10:22:58 INFO  Reusables:53 - output.txt is still empty
2024-07-24 10:22:58 INFO  Reusables:53 - output.txt is still empty
2024-07-24 10:22:58 INFO  Reusables:53 - output.txt is still empty
2024-07-24 10:22:58 INFO  Reusables:53 - output.txt is still empty
2024-07-24 10:22:58 INFO  Reusables:53 - output.txt is still empty
2024-07-24 10:22:58 INFO  Reusables:53 - output.txt is still empty
2024-07-24 10:22:58 INFO  Reusables:53 - output.txt is still empty
2024-07-24 10:22:58 INFO  Reusables:53 - output.txt is still empty
2024-07-24 10:22:58 INFO  Reusables:53 - output.txt is still empty
2024-07-24 10:22:58 INFO  Reusables:53 - output.txt is still empty
2024-07-24 10:22:58 INFO  Reusables:53 - output.txt is still empty
2024-07-24 10:22:58 INFO  Reusables:53 - output.txt is still empty
2024-07-24 10:22:58 INFO  Reusables:53 - output.txt is still empty
2024-07-24 10:22:58 INFO  Reusables:53 - output.txt is still empty
2024-07-24 10:22:58 INFO  Reusables:53 - output.txt is still empty
2024-07-24 10:22:58 INFO  Reusables:53 - output.txt is still empty
2024-07-24 10:22:58 INFO  Reusables:53 - output.txt is still empty
2024-07-24 10:22:58 INFO  Reusables:53 - output.txt is still empty
2024-07-24 10:22:58 INFO  Reusables:53 - output.txt is still empty
2024-07-24 10:22:58 INFO  Reusables:53 - output.txt is still empty
2024-07-24 10:22:58 INFO  Reusables:53 - output.txt is still empty
2024-07-24 10:22:58 INFO  Reusables:53 - output.txt is still empty
2024-07-24 10:22:58 INFO  Reusables:53 - output.txt is still empty
2024-07-24 10:22:58 INFO  Reusables:53 - output.txt is still empty
2024-07-24 10:22:58 INFO  Reusables:53 - output.txt is still empty
2024-07-24 10:22:58 INFO  Reusables:53 - output.txt is still empty
2024-07-24 10:22:58 INFO  Reusables:53 - output.txt is still empty
2024-07-24 10:22:58 INFO  Reusables:53 - output.txt is still empty
2024-07-24 10:22:58 INFO  Reusables:53 - output.txt is still empty
2024-07-24 10:22:58 INFO  Reusables:53 - output.txt is still empty
2024-07-24 10:22:58 INFO  Reusables:53 - output.txt is still empty
2024-07-24 10:22:58 INFO  Reusables:53 - output.txt is still empty
2024-07-24 10:22:58 INFO  Reusables:53 - output.txt is still empty
2024-07-24 10:22:58 INFO  Reusables:53 - output.txt is still empty
2024-07-24 10:22:58 INFO  Reusables:53 - output.txt is still empty
2024-07-24 10:22:58 INFO  Reusables:53 - output.txt is still empty
2024-07-24 10:22:58 INFO  Reusables:53 - output.txt is still empty
2024-07-24 10:22:58 INFO  Reusables:53 - output.txt is still empty
2024-07-24 10:22:58 INFO  Reusables:53 - output.txt is still empty
2024-07-24 10:22:58 INFO  Reusables:53 - output.txt is still empty
2024-07-24 10:22:58 INFO  Reusables:53 - output.txt is still empty
2024-07-24 10:22:58 INFO  Reusables:53 - output.txt is still empty
2024-07-24 10:22:58 INFO  Reusables:53 - output.txt is still empty
2024-07-24 10:22:58 INFO  Reusables:53 - output.txt is still empty
2024-07-24 10:22:58 INFO  Reusables:53 - output.txt is still empty
2024-07-24 10:22:58 INFO  Reusables:53 - output.txt is still empty
2024-07-24 10:22:58 INFO  Reusables:53 - output.txt is still empty
2024-07-24 10:22:58 INFO  Reusables:53 - output.txt is still empty
2024-07-24 10:22:58 INFO  Reusables:53 - output.txt is still empty
2024-07-24 10:22:58 INFO  Reusables:53 - output.txt is still empty
2024-07-24 10:22:58 INFO  Reusables:53 - output.txt is still empty
2024-07-24 10:22:58 INFO  Reusables:53 - output.txt is still empty
2024-07-24 10:22:58 INFO  Reusables:53 - output.txt is still empty
2024-07-24 10:22:58 INFO  Reusables:53 - output.txt is still empty
2024-07-24 10:22:58 INFO  Reusables:53 - output.txt is still empty
2024-07-24 10:22:58 INFO  Reusables:53 - output.txt is still empty
2024-07-24 10:22:58 INFO  Reusables:53 - output.txt is still empty
2024-07-24 10:22:58 INFO  Reusables:53 - output.txt is still empty
2024-07-24 10:22:58 INFO  Reusables:53 - output.txt is still empty
2024-07-24 10:22:58 INFO  Reusables:53 - output.txt is still empty
2024-07-24 10:22:58 INFO  Reusables:53 - output.txt is still empty
2024-07-24 10:22:58 INFO  Reusables:53 - output.txt is still empty
2024-07-24 10:22:58 INFO  Reusables:53 - output.txt is still empty
2024-07-24 10:22:58 INFO  Reusables:53 - output.txt is still empty
2024-07-24 10:22:58 INFO  Reusables:53 - output.txt is still empty
2024-07-24 10:22:58 INFO  Reusables:53 - output.txt is still empty
2024-07-24 10:22:58 INFO  Reusables:53 - output.txt is still empty
2024-07-24 10:22:58 INFO  Reusables:53 - output.txt is still empty
2024-07-24 10:22:58 INFO  Reusables:53 - output.txt is still empty
2024-07-24 10:22:58 INFO  Reusables:53 - output.txt is still empty
2024-07-24 10:22:58 INFO  Reusables:53 - output.txt is still empty
2024-07-24 10:22:58 INFO  Reusables:53 - output.txt is still empty
2024-07-24 10:22:58 INFO  Reusables:53 - output.txt is still empty
2024-07-24 10:22:58 INFO  Reusables:53 - output.txt is still empty
2024-07-24 10:22:58 INFO  Reusables:53 - output.txt is still empty
2024-07-24 10:22:58 INFO  Reusables:53 - output.txt is still empty
2024-07-24 10:22:58 INFO  Reusables:53 - output.txt is still empty
2024-07-24 10:22:58 INFO  Reusables:53 - output.txt is still empty
2024-07-24 10:22:58 INFO  Reusables:53 - output.txt is still empty
2024-07-24 10:22:58 INFO  Reusables:53 - output.txt is still empty
2024-07-24 10:22:58 INFO  Reusables:53 - output.txt is still empty
2024-07-24 10:22:58 INFO  Reusables:53 - output.txt is still empty
2024-07-24 10:22:58 INFO  Reusables:53 - output.txt is still empty
2024-07-24 10:22:58 INFO  Reusables:53 - output.txt is still empty
2024-07-24 10:22:58 INFO  Reusables:53 - output.txt is still empty
2024-07-24 10:22:58 INFO  Reusables:53 - output.txt is still empty
2024-07-24 10:22:58 INFO  Reusables:53 - output.txt is still empty
2024-07-24 10:22:58 INFO  Reusables:53 - output.txt is still empty
2024-07-24 10:22:58 INFO  Reusables:53 - output.txt is still empty
2024-07-24 10:22:58 INFO  Reusables:53 - output.txt is still empty
2024-07-24 10:22:58 INFO  Reusables:53 - output.txt is still empty
2024-07-24 10:22:58 INFO  Reusables:53 - output.txt is still empty
2024-07-24 10:22:58 INFO  Reusables:53 - output.txt is still empty
2024-07-24 10:22:58 INFO  Reusables:53 - output.txt is still empty
2024-07-24 10:22:58 INFO  Reusables:53 - output.txt is still empty
2024-07-24 10:22:58 INFO  Reusables:53 - output.txt is still empty
2024-07-24 10:22:58 INFO  Reusables:53 - output.txt is still empty
2024-07-24 10:22:58 INFO  Reusables:53 - output.txt is still empty
2024-07-24 10:22:58 INFO  Reusables:53 - output.txt is still empty
2024-07-24 10:22:58 INFO  Reusables:53 - output.txt is still empty
2024-07-24 10:22:58 INFO  Reusables:53 - output.txt is still empty
2024-07-24 10:22:58 INFO  Reusables:53 - output.txt is still empty
2024-07-24 10:22:58 INFO  Reusables:53 - output.txt is still empty
2024-07-24 10:22:58 INFO  Reusables:53 - output.txt is still empty
2024-07-24 10:22:58 INFO  Reusables:53 - output.txt is still empty
2024-07-24 10:22:58 INFO  Reusables:53 - output.txt is still empty
2024-07-24 10:22:58 INFO  Reusables:53 - output.txt is still empty
2024-07-24 10:22:58 INFO  Reusables:53 - output.txt is still empty
2024-07-24 10:22:58 INFO  Reusables:53 - output.txt is still empty
2024-07-24 10:22:58 INFO  Reusables:53 - output.txt is still empty
2024-07-24 10:22:58 INFO  Reusables:53 - output.txt is still empty
2024-07-24 10:22:58 INFO  Reusables:53 - output.txt is still empty
2024-07-24 10:22:58 INFO  Reusables:53 - output.txt is still empty
2024-07-24 10:22:58 INFO  Reusables:53 - output.txt is still empty
2024-07-24 10:22:58 INFO  Reusables:53 - output.txt is still empty
2024-07-24 10:22:58 INFO  Reusables:53 - output.txt is still empty
2024-07-24 10:22:58 INFO  Reusables:53 - output.txt is still empty
2024-07-24 10:22:58 INFO  Reusables:53 - output.txt is still empty
2024-07-24 10:22:58 INFO  Reusables:53 - output.txt is still empty
2024-07-24 10:22:58 INFO  Reusables:53 - output.txt is still empty
2024-07-24 10:22:58 INFO  Reusables:53 - output.txt is still empty
2024-07-24 10:22:58 INFO  Reusables:53 - output.txt is still empty
2024-07-24 10:22:58 INFO  Reusables:53 - output.txt is still empty
2024-07-24 10:22:58 INFO  Reusables:53 - output.txt is still empty
2024-07-24 10:22:58 INFO  Reusables:53 - output.txt is still empty
2024-07-24 10:22:58 INFO  Reusables:53 - output.txt is still empty
2024-07-24 10:22:58 INFO  Reusables:53 - output.txt is still empty
2024-07-24 10:22:58 INFO  Reusables:53 - output.txt is still empty
2024-07-24 10:22:58 INFO  Reusables:53 - output.txt is still empty
2024-07-24 10:22:58 INFO  Reusables:53 - output.txt is still empty
2024-07-24 10:22:58 INFO  Reusables:53 - output.txt is still empty
2024-07-24 10:22:58 INFO  Reusables:53 - output.txt is still empty
2024-07-24 10:22:58 INFO  Reusables:53 - output.txt is still empty
2024-07-24 10:22:58 INFO  Reusables:53 - output.txt is still empty
2024-07-24 10:22:58 INFO  Reusables:53 - output.txt is still empty
2024-07-24 10:22:58 INFO  Reusables:53 - output.txt is still empty
2024-07-24 10:22:58 INFO  Reusables:53 - output.txt is still empty
2024-07-24 10:22:58 INFO  Reusables:53 - output.txt is still empty
2024-07-24 10:22:58 INFO  Reusables:53 - output.txt is still empty
2024-07-24 10:22:58 INFO  Reusables:53 - output.txt is still empty
2024-07-24 10:22:58 INFO  Reusables:53 - output.txt is still empty
2024-07-24 10:22:58 INFO  Reusables:53 - output.txt is still empty
2024-07-24 10:22:58 INFO  Reusables:53 - output.txt is still empty
2024-07-24 10:22:58 INFO  Reusables:53 - output.txt is still empty
2024-07-24 10:22:58 INFO  Reusables:53 - output.txt is still empty
2024-07-24 10:22:58 INFO  Reusables:53 - output.txt is still empty
2024-07-24 10:22:58 INFO  Reusables:53 - output.txt is still empty
2024-07-24 10:22:58 INFO  Reusables:53 - output.txt is still empty
2024-07-24 10:22:58 INFO  Reusables:53 - output.txt is still empty
2024-07-24 10:22:58 INFO  Reusables:53 - output.txt is still empty
2024-07-24 10:22:58 INFO  Reusables:53 - output.txt is still empty
2024-07-24 10:22:58 INFO  Reusables:53 - output.txt is still empty
2024-07-24 10:22:58 INFO  Reusables:53 - output.txt is still empty
2024-07-24 10:22:58 INFO  Reusables:53 - output.txt is still empty
2024-07-24 10:22:58 INFO  Reusables:53 - output.txt is still empty
2024-07-24 10:22:58 INFO  Reusables:53 - output.txt is still empty
2024-07-24 10:22:58 INFO  Reusables:53 - output.txt is still empty
2024-07-24 10:22:58 INFO  Reusables:53 - output.txt is still empty
2024-07-24 10:22:58 INFO  Reusables:53 - output.txt is still empty
2024-07-24 10:22:58 INFO  Reusables:53 - output.txt is still empty
2024-07-24 10:22:58 INFO  Reusables:53 - output.txt is still empty
2024-07-24 10:22:58 INFO  Reusables:53 - output.txt is still empty
2024-07-24 10:22:58 INFO  Reusables:53 - output.txt is still empty
2024-07-24 10:22:58 INFO  Reusables:53 - output.txt is still empty
2024-07-24 10:22:58 INFO  Reusables:53 - output.txt is still empty
2024-07-24 10:22:58 INFO  Reusables:53 - output.txt is still empty
2024-07-24 10:22:58 INFO  Reusables:53 - output.txt is still empty
2024-07-24 10:22:58 INFO  Reusables:53 - output.txt is still empty
2024-07-24 10:22:58 INFO  Reusables:53 - output.txt is still empty
2024-07-24 10:22:58 INFO  Reusables:53 - output.txt is still empty
2024-07-24 10:22:58 INFO  Reusables:53 - output.txt is still empty
2024-07-24 10:22:58 INFO  Reusables:53 - output.txt is still empty
2024-07-24 10:22:58 INFO  Reusables:53 - output.txt is still empty
2024-07-24 10:22:58 INFO  Reusables:53 - output.txt is still empty
2024-07-24 10:22:58 INFO  Reusables:53 - output.txt is still empty
2024-07-24 10:22:58 INFO  Reusables:53 - output.txt is still empty
2024-07-24 10:22:58 INFO  Reusables:53 - output.txt is still empty
2024-07-24 10:22:58 INFO  Reusables:53 - output.txt is still empty
2024-07-24 10:22:58 INFO  Reusables:53 - output.txt is still empty
2024-07-24 10:22:58 INFO  Reusables:53 - output.txt is still empty
2024-07-24 10:22:58 INFO  Reusables:53 - output.txt is still empty
2024-07-24 10:22:58 INFO  Reusables:53 - output.txt is still empty
2024-07-24 10:22:58 INFO  Reusables:53 - output.txt is still empty
2024-07-24 10:22:58 INFO  Reusables:53 - output.txt is still empty
2024-07-24 10:22:58 INFO  Reusables:53 - output.txt is still empty
2024-07-24 10:22:58 INFO  Reusables:53 - output.txt is still empty
2024-07-24 10:22:58 INFO  Reusables:53 - output.txt is still empty
2024-07-24 10:22:58 INFO  Reusables:53 - output.txt is still empty
2024-07-24 10:22:58 INFO  Reusables:53 - output.txt is still empty
2024-07-24 10:22:58 INFO  Reusables:53 - output.txt is still empty
2024-07-24 10:22:58 INFO  Reusables:53 - output.txt is still empty
2024-07-24 10:22:58 INFO  Reusables:53 - output.txt is still empty
2024-07-24 10:22:58 INFO  Reusables:53 - output.txt is still empty
2024-07-24 10:22:58 INFO  Reusables:53 - output.txt is still empty
2024-07-24 10:22:58 INFO  Reusables:53 - output.txt is still empty
2024-07-24 10:22:58 INFO  Reusables:53 - output.txt is still empty
2024-07-24 10:22:58 INFO  Reusables:53 - output.txt is still empty
2024-07-24 10:22:58 INFO  Reusables:53 - output.txt is still empty
2024-07-24 10:22:58 INFO  Reusables:53 - output.txt is still empty
2024-07-24 10:22:58 INFO  Reusables:53 - output.txt is still empty
2024-07-24 10:22:58 INFO  Reusables:53 - output.txt is still empty
2024-07-24 10:22:58 INFO  Reusables:53 - output.txt is still empty
2024-07-24 10:22:58 INFO  Reusables:53 - output.txt is still empty
2024-07-24 10:22:58 INFO  Reusables:53 - output.txt is still empty
2024-07-24 10:22:58 INFO  Reusables:53 - output.txt is still empty
2024-07-24 10:22:58 INFO  Reusables:53 - output.txt is still empty
2024-07-24 10:22:58 INFO  Reusables:53 - output.txt is still empty
2024-07-24 10:22:58 INFO  Reusables:53 - output.txt is still empty
2024-07-24 10:22:58 INFO  Reusables:53 - output.txt is still empty
2024-07-24 10:22:58 INFO  Reusables:53 - output.txt is still empty
2024-07-24 10:22:58 INFO  Reusables:53 - output.txt is still empty
2024-07-24 10:22:58 INFO  Reusables:53 - output.txt is still empty
2024-07-24 10:22:58 INFO  Reusables:53 - output.txt is still empty
2024-07-24 10:22:58 INFO  Reusables:53 - output.txt is still empty
2024-07-24 10:22:58 INFO  Reusables:53 - output.txt is still empty
2024-07-24 10:22:58 INFO  Reusables:53 - output.txt is still empty
2024-07-24 10:22:58 INFO  Reusables:53 - output.txt is still empty
2024-07-24 10:22:58 INFO  Reusables:53 - output.txt is still empty
2024-07-24 10:22:58 INFO  Reusables:53 - output.txt is still empty
2024-07-24 10:22:58 INFO  Reusables:53 - output.txt is still empty
2024-07-24 10:22:58 INFO  Reusables:53 - output.txt is still empty
2024-07-24 10:22:58 INFO  Reusables:53 - output.txt is still empty
2024-07-24 10:22:58 INFO  Reusables:53 - output.txt is still empty
2024-07-24 10:22:58 INFO  Reusables:53 - output.txt is still empty
2024-07-24 10:22:58 INFO  Reusables:53 - output.txt is still empty
2024-07-24 10:22:58 INFO  Reusables:53 - output.txt is still empty
2024-07-24 10:22:58 INFO  Reusables:53 - output.txt is still empty
2024-07-24 10:22:58 INFO  Reusables:53 - output.txt is still empty
2024-07-24 10:22:58 INFO  Reusables:53 - output.txt is still empty
2024-07-24 10:22:58 INFO  Reusables:53 - output.txt is still empty
2024-07-24 10:22:58 INFO  Reusables:53 - output.txt is still empty
2024-07-24 10:22:58 INFO  Reusables:53 - output.txt is still empty
2024-07-24 10:22:58 INFO  Reusables:53 - output.txt is still empty
2024-07-24 10:22:58 INFO  Reusables:53 - output.txt is still empty
2024-07-24 10:22:58 INFO  Reusables:53 - output.txt is still empty
2024-07-24 10:22:58 INFO  Reusables:53 - output.txt is still empty
2024-07-24 10:22:58 INFO  Reusables:53 - output.txt is still empty
2024-07-24 10:22:58 INFO  Reusables:53 - output.txt is still empty
2024-07-24 10:22:58 INFO  Reusables:53 - output.txt is still empty
2024-07-24 10:22:58 INFO  Reusables:53 - output.txt is still empty
2024-07-24 10:22:58 INFO  Reusables:53 - output.txt is still empty
2024-07-24 10:22:58 INFO  Reusables:53 - output.txt is still empty
2024-07-24 10:22:58 INFO  Reusables:53 - output.txt is still empty
2024-07-24 10:22:58 INFO  Reusables:53 - output.txt is still empty
2024-07-24 10:22:58 INFO  Reusables:53 - output.txt is still empty
2024-07-24 10:22:58 INFO  Reusables:53 - output.txt is still empty
2024-07-24 10:22:58 INFO  Reusables:53 - output.txt is still empty
2024-07-24 10:22:58 INFO  Reusables:53 - output.txt is still empty
2024-07-24 10:22:58 INFO  Reusables:53 - output.txt is still empty
2024-07-24 10:22:58 INFO  Reusables:53 - output.txt is still empty
2024-07-24 10:22:58 INFO  Reusables:53 - output.txt is still empty
2024-07-24 10:22:58 INFO  Reusables:53 - output.txt is still empty
2024-07-24 10:22:58 INFO  Reusables:53 - output.txt is still empty
2024-07-24 10:22:58 INFO  Reusables:53 - output.txt is still empty
2024-07-24 10:22:58 INFO  Reusables:53 - output.txt is still empty
2024-07-24 10:22:58 INFO  Reusables:53 - output.txt is still empty
2024-07-24 10:22:58 INFO  Reusables:53 - output.txt is still empty
2024-07-24 10:22:58 INFO  Reusables:53 - output.txt is still empty
2024-07-24 10:22:58 INFO  Reusables:53 - output.txt is still empty
2024-07-24 10:22:58 INFO  Reusables:53 - output.txt is still empty
2024-07-24 10:22:58 INFO  Reusables:53 - output.txt is still empty
2024-07-24 10:22:58 INFO  Reusables:53 - output.txt is still empty
2024-07-24 10:22:58 INFO  Reusables:53 - output.txt is still empty
2024-07-24 10:22:58 INFO  Reusables:53 - output.txt is still empty
2024-07-24 10:22:58 INFO  Reusables:53 - output.txt is still empty
2024-07-24 10:22:58 INFO  Reusables:53 - output.txt is still empty
2024-07-24 10:22:58 INFO  Reusables:53 - output.txt is still empty
2024-07-24 10:22:58 INFO  Reusables:53 - output.txt is still empty
2024-07-24 10:22:58 INFO  Reusables:53 - output.txt is still empty
2024-07-24 10:22:58 INFO  Reusables:53 - output.txt is still empty
2024-07-24 10:22:58 INFO  Reusables:53 - output.txt is still empty
2024-07-24 10:22:58 INFO  Reusables:53 - output.txt is still empty
2024-07-24 10:22:58 INFO  Reusables:53 - output.txt is still empty
2024-07-24 10:22:58 INFO  Reusables:53 - output.txt is still empty
2024-07-24 10:22:58 INFO  Reusables:53 - output.txt is still empty
2024-07-24 10:22:58 INFO  Reusables:53 - output.txt is still empty
2024-07-24 10:22:58 INFO  Reusables:53 - output.txt is still empty
2024-07-24 10:22:58 INFO  Reusables:53 - output.txt is still empty
2024-07-24 10:22:58 INFO  Reusables:53 - output.txt is still empty
2024-07-24 10:22:58 INFO  Reusables:53 - output.txt is still empty
2024-07-24 10:22:58 INFO  Reusables:53 - output.txt is still empty
2024-07-24 10:22:58 INFO  Reusables:53 - output.txt is still empty
2024-07-24 10:22:58 INFO  Reusables:53 - output.txt is still empty
2024-07-24 10:22:58 INFO  Reusables:53 - output.txt is still empty
2024-07-24 10:22:58 INFO  Reusables:53 - output.txt is still empty
2024-07-24 10:22:58 INFO  Reusables:53 - output.txt is still empty
2024-07-24 10:22:58 INFO  Reusables:53 - output.txt is still empty
2024-07-24 10:22:58 INFO  Reusables:53 - output.txt is still empty
2024-07-24 10:22:58 INFO  Reusables:53 - output.txt is still empty
2024-07-24 10:22:58 INFO  Reusables:53 - output.txt is still empty
2024-07-24 10:22:58 INFO  Reusables:53 - output.txt is still empty
2024-07-24 10:22:58 INFO  Reusables:53 - output.txt is still empty
2024-07-24 10:22:58 INFO  Reusables:53 - output.txt is still empty
2024-07-24 10:22:58 INFO  Reusables:53 - output.txt is still empty
2024-07-24 10:22:58 INFO  Reusables:53 - output.txt is still empty
2024-07-24 10:22:58 INFO  Reusables:53 - output.txt is still empty
2024-07-24 10:22:58 INFO  Reusables:53 - output.txt is still empty
2024-07-24 10:22:58 INFO  Reusables:53 - output.txt is still empty
2024-07-24 10:22:58 INFO  Reusables:53 - output.txt is still empty
2024-07-24 10:22:58 INFO  Reusables:53 - output.txt is still empty
2024-07-24 10:22:58 INFO  Reusables:53 - output.txt is still empty
2024-07-24 10:22:58 INFO  Reusables:53 - output.txt is still empty
2024-07-24 10:22:58 INFO  Reusables:53 - output.txt is still empty
2024-07-24 10:22:58 INFO  Reusables:53 - output.txt is still empty
2024-07-24 10:22:58 INFO  Reusables:53 - output.txt is still empty
2024-07-24 10:22:58 INFO  Reusables:53 - output.txt is still empty
2024-07-24 10:22:58 INFO  Reusables:53 - output.txt is still empty
2024-07-24 10:22:58 INFO  Reusables:53 - output.txt is still empty
2024-07-24 10:22:58 INFO  Reusables:53 - output.txt is still empty
2024-07-24 10:22:58 INFO  Reusables:53 - output.txt is still empty
2024-07-24 10:22:58 INFO  Reusables:53 - output.txt is still empty
2024-07-24 10:22:58 INFO  Reusables:53 - output.txt is still empty
2024-07-24 10:22:58 INFO  Reusables:53 - output.txt is still empty
2024-07-24 10:22:58 INFO  Reusables:53 - output.txt is still empty
2024-07-24 10:22:58 INFO  Reusables:53 - output.txt is still empty
2024-07-24 10:22:58 INFO  Reusables:53 - output.txt is still empty
2024-07-24 10:22:58 INFO  Reusables:53 - output.txt is still empty
2024-07-24 10:22:58 INFO  Reusables:53 - output.txt is still empty
2024-07-24 10:22:58 INFO  Reusables:53 - output.txt is still empty
2024-07-24 10:22:58 INFO  Reusables:53 - output.txt is still empty
2024-07-24 10:22:58 INFO  Reusables:53 - output.txt is still empty
2024-07-24 10:22:58 INFO  Reusables:53 - output.txt is still empty
2024-07-24 10:22:58 INFO  Reusables:53 - output.txt is still empty
2024-07-24 10:22:58 INFO  Reusables:53 - output.txt is still empty
2024-07-24 10:22:58 INFO  Reusables:53 - output.txt is still empty
2024-07-24 10:22:58 INFO  Reusables:53 - output.txt is still empty
2024-07-24 10:22:58 INFO  Reusables:53 - output.txt is still empty
2024-07-24 10:22:58 INFO  Reusables:53 - output.txt is still empty
2024-07-24 10:22:58 INFO  Reusables:53 - output.txt is still empty
2024-07-24 10:22:58 INFO  Reusables:53 - output.txt is still empty
2024-07-24 10:22:58 INFO  Reusables:53 - output.txt is still empty
2024-07-24 10:22:58 INFO  Reusables:53 - output.txt is still empty
2024-07-24 10:22:58 INFO  Reusables:53 - output.txt is still empty
2024-07-24 10:22:58 INFO  Reusables:53 - output.txt is still empty
2024-07-24 10:22:58 INFO  Reusables:53 - output.txt is still empty
2024-07-24 10:22:58 INFO  Reusables:53 - output.txt is still empty
2024-07-24 10:22:58 INFO  Reusables:53 - output.txt is still empty
2024-07-24 10:22:58 INFO  Reusables:53 - output.txt is still empty
2024-07-24 10:22:58 INFO  Reusables:53 - output.txt is still empty
2024-07-24 10:22:58 INFO  Reusables:53 - output.txt is still empty
2024-07-24 10:22:58 INFO  Reusables:53 - output.txt is still empty
2024-07-24 10:22:58 INFO  Reusables:53 - output.txt is still empty
2024-07-24 10:22:58 INFO  Reusables:53 - output.txt is still empty
2024-07-24 10:22:58 INFO  Reusables:53 - output.txt is still empty
2024-07-24 10:22:58 INFO  Reusables:53 - output.txt is still empty
2024-07-24 10:22:58 INFO  Reusables:53 - output.txt is still empty
2024-07-24 10:22:58 INFO  Reusables:53 - output.txt is still empty
2024-07-24 10:22:58 INFO  Reusables:53 - output.txt is still empty
2024-07-24 10:22:58 INFO  Reusables:53 - output.txt is still empty
2024-07-24 10:22:58 INFO  Reusables:53 - output.txt is still empty
2024-07-24 10:22:58 INFO  Reusables:53 - output.txt is still empty
2024-07-24 10:22:58 INFO  Reusables:53 - output.txt is still empty
2024-07-24 10:22:58 INFO  Reusables:53 - output.txt is still empty
2024-07-24 10:22:58 INFO  Reusables:53 - output.txt is still empty
2024-07-24 10:22:58 INFO  Reusables:53 - output.txt is still empty
2024-07-24 10:22:58 INFO  Reusables:53 - output.txt is still empty
2024-07-24 10:22:58 INFO  Reusables:53 - output.txt is still empty
2024-07-24 10:22:58 INFO  Reusables:53 - output.txt is still empty
2024-07-24 10:22:58 INFO  Reusables:53 - output.txt is still empty
2024-07-24 10:22:58 INFO  Reusables:53 - output.txt is still empty
2024-07-24 10:22:58 INFO  Reusables:53 - output.txt is still empty
2024-07-24 10:22:58 INFO  Reusables:53 - output.txt is still empty
2024-07-24 10:22:58 INFO  Reusables:53 - output.txt is still empty
2024-07-24 10:22:58 INFO  Reusables:53 - output.txt is still empty
2024-07-24 10:22:58 INFO  Reusables:53 - output.txt is still empty
2024-07-24 10:22:58 INFO  Reusables:53 - output.txt is still empty
2024-07-24 10:22:58 INFO  Reusables:53 - output.txt is still empty
2024-07-24 10:22:58 INFO  Reusables:53 - output.txt is still empty
2024-07-24 10:22:58 INFO  Reusables:53 - output.txt is still empty
2024-07-24 10:22:58 INFO  Reusables:53 - output.txt is still empty
2024-07-24 10:22:58 INFO  Reusables:53 - output.txt is still empty
2024-07-24 10:22:58 INFO  Reusables:53 - output.txt is still empty
2024-07-24 10:22:58 INFO  Reusables:53 - output.txt is still empty
2024-07-24 10:22:58 INFO  Reusables:53 - output.txt is still empty
2024-07-24 10:22:58 INFO  Reusables:53 - output.txt is still empty
2024-07-24 10:22:58 INFO  Reusables:53 - output.txt is still empty
2024-07-24 10:22:58 INFO  Reusables:53 - output.txt is still empty
2024-07-24 10:22:58 INFO  Reusables:53 - output.txt is still empty
2024-07-24 10:22:58 INFO  Reusables:53 - output.txt is still empty
2024-07-24 10:22:58 INFO  Reusables:53 - output.txt is still empty
2024-07-24 10:22:58 INFO  Reusables:53 - output.txt is still empty
2024-07-24 10:22:58 INFO  Reusables:53 - output.txt is still empty
2024-07-24 10:22:58 INFO  Reusables:53 - output.txt is still empty
2024-07-24 10:22:58 INFO  Reusables:53 - output.txt is still empty
2024-07-24 10:22:58 INFO  Reusables:53 - output.txt is still empty
2024-07-24 10:22:58 INFO  Reusables:53 - output.txt is still empty
2024-07-24 10:22:58 INFO  Reusables:53 - output.txt is still empty
2024-07-24 10:22:58 INFO  Reusables:53 - output.txt is still empty
2024-07-24 10:22:58 INFO  Reusables:53 - output.txt is still empty
2024-07-24 10:22:58 INFO  Reusables:53 - output.txt is still empty
2024-07-24 10:22:58 INFO  Reusables:53 - output.txt is still empty
2024-07-24 10:22:58 INFO  Reusables:53 - output.txt is still empty
2024-07-24 10:22:58 INFO  Reusables:53 - output.txt is still empty
2024-07-24 10:22:58 INFO  Reusables:53 - output.txt is still empty
2024-07-24 10:22:58 INFO  Reusables:53 - output.txt is still empty
2024-07-24 10:22:58 INFO  Reusables:53 - output.txt is still empty
2024-07-24 10:22:58 INFO  Reusables:53 - output.txt is still empty
2024-07-24 10:22:58 INFO  Reusables:53 - output.txt is still empty
2024-07-24 10:22:58 INFO  Reusables:53 - output.txt is still empty
2024-07-24 10:22:58 INFO  Reusables:53 - output.txt is still empty
2024-07-24 10:22:58 INFO  Reusables:53 - output.txt is still empty
2024-07-24 10:22:58 INFO  Reusables:53 - output.txt is still empty
2024-07-24 10:22:58 INFO  Reusables:53 - output.txt is still empty
2024-07-24 10:22:58 INFO  Reusables:53 - output.txt is still empty
2024-07-24 10:22:58 INFO  Reusables:53 - output.txt is still empty
2024-07-24 10:22:58 INFO  Reusables:53 - output.txt is still empty
2024-07-24 10:22:58 INFO  Reusables:53 - output.txt is still empty
2024-07-24 10:22:58 INFO  Reusables:53 - output.txt is still empty
2024-07-24 10:22:58 INFO  Reusables:53 - output.txt is still empty
2024-07-24 10:22:58 INFO  Reusables:53 - output.txt is still empty
2024-07-24 10:22:58 INFO  Reusables:53 - output.txt is still empty
2024-07-24 10:22:58 INFO  Reusables:53 - output.txt is still empty
2024-07-24 10:22:58 INFO  Reusables:53 - output.txt is still empty
2024-07-24 10:22:58 INFO  Reusables:53 - output.txt is still empty
2024-07-24 10:22:58 INFO  Reusables:53 - output.txt is still empty
2024-07-24 10:22:58 INFO  Reusables:53 - output.txt is still empty
2024-07-24 10:22:58 INFO  Reusables:53 - output.txt is still empty
2024-07-24 10:22:58 INFO  Reusables:53 - output.txt is still empty
2024-07-24 10:22:58 INFO  Reusables:53 - output.txt is still empty
2024-07-24 10:22:58 INFO  Reusables:53 - output.txt is still empty
2024-07-24 10:22:58 INFO  Reusables:53 - output.txt is still empty
2024-07-24 10:22:58 INFO  Reusables:53 - output.txt is still empty
2024-07-24 10:22:58 INFO  Reusables:53 - output.txt is still empty
2024-07-24 10:22:58 INFO  Reusables:53 - output.txt is still empty
2024-07-24 10:22:58 INFO  Reusables:53 - output.txt is still empty
2024-07-24 10:22:58 INFO  Reusables:53 - output.txt is still empty
2024-07-24 10:22:58 INFO  Reusables:53 - output.txt is still empty
2024-07-24 10:22:58 INFO  Reusables:53 - output.txt is still empty
2024-07-24 10:22:58 INFO  Reusables:53 - output.txt is still empty
2024-07-24 10:22:58 INFO  Reusables:53 - output.txt is still empty
2024-07-24 10:22:58 INFO  Reusables:53 - output.txt is still empty
2024-07-24 10:22:58 INFO  Reusables:53 - output.txt is still empty
2024-07-24 10:22:58 INFO  Reusables:53 - output.txt is still empty
2024-07-24 10:22:58 INFO  Reusables:53 - output.txt is still empty
2024-07-24 10:22:58 INFO  Reusables:53 - output.txt is still empty
2024-07-24 10:22:58 INFO  Reusables:53 - output.txt is still empty
2024-07-24 10:22:58 INFO  Reusables:53 - output.txt is still empty
2024-07-24 10:22:58 INFO  Reusables:53 - output.txt is still empty
2024-07-24 10:22:58 INFO  Reusables:53 - output.txt is still empty
2024-07-24 10:22:58 INFO  Reusables:53 - output.txt is still empty
2024-07-24 10:22:58 INFO  Reusables:53 - output.txt is still empty
2024-07-24 10:22:58 INFO  Reusables:53 - output.txt is still empty
2024-07-24 10:22:58 INFO  Reusables:53 - output.txt is still empty
2024-07-24 10:22:58 INFO  Reusables:53 - output.txt is still empty
2024-07-24 10:22:58 INFO  Reusables:53 - output.txt is still empty
2024-07-24 10:22:58 INFO  Reusables:53 - output.txt is still empty
2024-07-24 10:22:58 INFO  Reusables:53 - output.txt is still empty
2024-07-24 10:22:58 INFO  Reusables:53 - output.txt is still empty
2024-07-24 10:22:58 INFO  Reusables:53 - output.txt is still empty
2024-07-24 10:22:58 INFO  Reusables:53 - output.txt is still empty
2024-07-24 10:22:58 INFO  Reusables:53 - output.txt is still empty
2024-07-24 10:22:58 INFO  Reusables:53 - output.txt is still empty
2024-07-24 10:22:58 INFO  Reusables:53 - output.txt is still empty
2024-07-24 10:22:58 INFO  Reusables:53 - output.txt is still empty
2024-07-24 10:22:58 INFO  Reusables:53 - output.txt is still empty
2024-07-24 10:22:58 INFO  Reusables:53 - output.txt is still empty
2024-07-24 10:22:58 INFO  Reusables:53 - output.txt is still empty
2024-07-24 10:22:58 INFO  Reusables:53 - output.txt is still empty
2024-07-24 10:22:58 INFO  Reusables:53 - output.txt is still empty
2024-07-24 10:22:58 INFO  Reusables:53 - output.txt is still empty
2024-07-24 10:22:58 INFO  Reusables:53 - output.txt is still empty
2024-07-24 10:22:58 INFO  Reusables:53 - output.txt is still empty
2024-07-24 10:22:58 INFO  Reusables:53 - output.txt is still empty
2024-07-24 10:22:58 INFO  Reusables:53 - output.txt is still empty
2024-07-24 10:22:58 INFO  Reusables:53 - output.txt is still empty
2024-07-24 10:22:58 INFO  Reusables:53 - output.txt is still empty
2024-07-24 10:22:58 INFO  Reusables:53 - output.txt is still empty
2024-07-24 10:22:58 INFO  Reusables:53 - output.txt is still empty
2024-07-24 10:22:58 INFO  Reusables:53 - output.txt is still empty
2024-07-24 10:22:58 INFO  Reusables:53 - output.txt is still empty
2024-07-24 10:22:58 INFO  Reusables:53 - output.txt is still empty
2024-07-24 10:22:58 INFO  Reusables:53 - output.txt is still empty
2024-07-24 10:22:58 INFO  Reusables:53 - output.txt is still empty
2024-07-24 10:22:58 INFO  Reusables:53 - output.txt is still empty
2024-07-24 10:22:58 INFO  Reusables:53 - output.txt is still empty
2024-07-24 10:22:58 INFO  Reusables:53 - output.txt is still empty
2024-07-24 10:22:58 INFO  Reusables:53 - output.txt is still empty
2024-07-24 10:22:58 INFO  Reusables:53 - output.txt is still empty
2024-07-24 10:22:58 INFO  Reusables:53 - output.txt is still empty
2024-07-24 10:22:58 INFO  Reusables:53 - output.txt is still empty
2024-07-24 10:22:58 INFO  Reusables:53 - output.txt is still empty
2024-07-24 10:22:58 INFO  Reusables:53 - output.txt is still empty
2024-07-24 10:22:58 INFO  Reusables:53 - output.txt is still empty
2024-07-24 10:22:58 INFO  Reusables:53 - output.txt is still empty
2024-07-24 10:22:58 INFO  Reusables:53 - output.txt is still empty
2024-07-24 10:22:58 INFO  Reusables:53 - output.txt is still empty
2024-07-24 10:22:58 INFO  Reusables:53 - output.txt is still empty
2024-07-24 10:22:58 INFO  Reusables:53 - output.txt is still empty
2024-07-24 10:22:58 INFO  Reusables:53 - output.txt is still empty
2024-07-24 10:22:58 INFO  Reusables:53 - output.txt is still empty
2024-07-24 10:22:58 INFO  Reusables:53 - output.txt is still empty
2024-07-24 10:22:58 INFO  Reusables:53 - output.txt is still empty
2024-07-24 10:22:58 INFO  Reusables:53 - output.txt is still empty
2024-07-24 10:22:58 INFO  Reusables:53 - output.txt is still empty
2024-07-24 10:22:58 INFO  Reusables:53 - output.txt is still empty
2024-07-24 10:22:58 INFO  Reusables:53 - output.txt is still empty
2024-07-24 10:22:58 INFO  Reusables:53 - output.txt is still empty
2024-07-24 10:22:58 INFO  Reusables:53 - output.txt is still empty
2024-07-24 10:22:58 INFO  Reusables:53 - output.txt is still empty
2024-07-24 10:22:58 INFO  Reusables:53 - output.txt is still empty
2024-07-24 10:22:58 INFO  Reusables:53 - output.txt is still empty
2024-07-24 10:22:58 INFO  Reusables:53 - output.txt is still empty
2024-07-24 10:22:58 INFO  Reusables:53 - output.txt is still empty
2024-07-24 10:22:58 INFO  Reusables:53 - output.txt is still empty
2024-07-24 10:22:58 INFO  Reusables:53 - output.txt is still empty
2024-07-24 10:22:58 INFO  Reusables:53 - output.txt is still empty
2024-07-24 10:22:58 INFO  Reusables:53 - output.txt is still empty
2024-07-24 10:22:58 INFO  Reusables:53 - output.txt is still empty
2024-07-24 10:22:58 INFO  Reusables:53 - output.txt is still empty
2024-07-24 10:22:58 INFO  Reusables:53 - output.txt is still empty
2024-07-24 10:22:58 INFO  Reusables:53 - output.txt is still empty
2024-07-24 10:22:58 INFO  Reusables:53 - output.txt is still empty
2024-07-24 10:22:58 INFO  Reusables:53 - output.txt is still empty
2024-07-24 10:22:58 INFO  Reusables:53 - output.txt is still empty
2024-07-24 10:22:58 INFO  Reusables:53 - output.txt is still empty
2024-07-24 10:22:58 INFO  Reusables:53 - output.txt is still empty
2024-07-24 10:22:58 INFO  Reusables:53 - output.txt is still empty
2024-07-24 10:22:58 INFO  Reusables:53 - output.txt is still empty
2024-07-24 10:22:58 INFO  Reusables:53 - output.txt is still empty
2024-07-24 10:22:58 INFO  Reusables:53 - output.txt is still empty
2024-07-24 10:22:58 INFO  Reusables:53 - output.txt is still empty
2024-07-24 10:22:58 INFO  Reusables:53 - output.txt is still empty
2024-07-24 10:22:58 INFO  Reusables:53 - output.txt is still empty
2024-07-24 10:22:58 INFO  Reusables:53 - output.txt is still empty
2024-07-24 10:22:58 INFO  Reusables:53 - output.txt is still empty
2024-07-24 10:22:58 INFO  Reusables:53 - output.txt is still empty
2024-07-24 10:22:58 INFO  Reusables:53 - output.txt is still empty
2024-07-24 10:22:58 INFO  Reusables:53 - output.txt is still empty
2024-07-24 10:22:58 INFO  Reusables:53 - output.txt is still empty
2024-07-24 10:22:58 INFO  Reusables:53 - output.txt is still empty
2024-07-24 10:22:58 INFO  Reusables:53 - output.txt is still empty
2024-07-24 10:22:58 INFO  Reusables:53 - output.txt is still empty
2024-07-24 10:22:58 INFO  Reusables:53 - output.txt is still empty
2024-07-24 10:22:58 INFO  Reusables:53 - output.txt is still empty
2024-07-24 10:22:58 INFO  Reusables:53 - output.txt is still empty
2024-07-24 10:22:58 INFO  Reusables:53 - output.txt is still empty
2024-07-24 10:22:58 INFO  Reusables:53 - output.txt is still empty
2024-07-24 10:22:58 INFO  Reusables:53 - output.txt is still empty
2024-07-24 10:22:58 INFO  Reusables:53 - output.txt is still empty
2024-07-24 10:22:58 INFO  Reusables:53 - output.txt is still empty
2024-07-24 10:22:58 INFO  Reusables:53 - output.txt is still empty
2024-07-24 10:22:58 INFO  Reusables:53 - output.txt is still empty
2024-07-24 10:22:58 INFO  Reusables:53 - output.txt is still empty
2024-07-24 10:22:58 INFO  Reusables:53 - output.txt is still empty
2024-07-24 10:22:58 INFO  Reusables:53 - output.txt is still empty
2024-07-24 10:22:58 INFO  Reusables:53 - output.txt is still empty
2024-07-24 10:22:58 INFO  Reusables:53 - output.txt is still empty
2024-07-24 10:22:58 INFO  Reusables:53 - output.txt is still empty
2024-07-24 10:22:58 INFO  Reusables:53 - output.txt is still empty
2024-07-24 10:22:58 INFO  Reusables:53 - output.txt is still empty
2024-07-24 10:22:58 INFO  Reusables:53 - output.txt is still empty
2024-07-24 10:22:58 INFO  Reusables:53 - output.txt is still empty
2024-07-24 10:22:58 INFO  Reusables:53 - output.txt is still empty
2024-07-24 10:22:58 INFO  Reusables:53 - output.txt is still empty
2024-07-24 10:22:58 INFO  Reusables:53 - output.txt is still empty
2024-07-24 10:22:58 INFO  Reusables:53 - output.txt is still empty
2024-07-24 10:22:58 INFO  Reusables:53 - output.txt is still empty
2024-07-24 10:22:58 INFO  Reusables:53 - output.txt is still empty
2024-07-24 10:22:58 INFO  Reusables:53 - output.txt is still empty
2024-07-24 10:22:58 INFO  Reusables:53 - output.txt is still empty
2024-07-24 10:22:58 INFO  Reusables:53 - output.txt is still empty
2024-07-24 10:22:58 INFO  Reusables:53 - output.txt is still empty
2024-07-24 10:22:58 INFO  Reusables:53 - output.txt is still empty
2024-07-24 10:22:58 INFO  Reusables:53 - output.txt is still empty
2024-07-24 10:22:58 INFO  Reusables:53 - output.txt is still empty
2024-07-24 10:22:58 INFO  Reusables:53 - output.txt is still empty
2024-07-24 10:22:58 INFO  Reusables:53 - output.txt is still empty
2024-07-24 10:22:58 INFO  Reusables:53 - output.txt is still empty
2024-07-24 10:22:58 INFO  Reusables:53 - output.txt is still empty
2024-07-24 10:22:58 INFO  Reusables:53 - output.txt is still empty
2024-07-24 10:22:58 INFO  Reusables:53 - output.txt is still empty
2024-07-24 10:22:58 INFO  Reusables:53 - output.txt is still empty
2024-07-24 10:22:58 INFO  Reusables:53 - output.txt is still empty
2024-07-24 10:22:58 INFO  Reusables:53 - output.txt is still empty
2024-07-24 10:22:58 INFO  Reusables:53 - output.txt is still empty
2024-07-24 10:22:58 INFO  Reusables:53 - output.txt is still empty
2024-07-24 10:22:58 INFO  Reusables:53 - output.txt is still empty
2024-07-24 10:22:58 INFO  Reusables:53 - output.txt is still empty
2024-07-24 10:22:58 INFO  Reusables:53 - output.txt is still empty
2024-07-24 10:22:58 INFO  Reusables:53 - output.txt is still empty
2024-07-24 10:22:58 INFO  Reusables:53 - output.txt is still empty
2024-07-24 10:22:58 INFO  Reusables:53 - output.txt is still empty
2024-07-24 10:22:58 INFO  Reusables:53 - output.txt is still empty
2024-07-24 10:22:58 INFO  Reusables:53 - output.txt is still empty
2024-07-24 10:22:58 INFO  Reusables:53 - output.txt is still empty
2024-07-24 10:22:58 INFO  Reusables:53 - output.txt is still empty
2024-07-24 10:22:58 INFO  Reusables:53 - output.txt is still empty
2024-07-24 10:22:58 INFO  Reusables:53 - output.txt is still empty
2024-07-24 10:22:58 INFO  Reusables:53 - output.txt is still empty
2024-07-24 10:22:58 INFO  Reusables:53 - output.txt is still empty
2024-07-24 10:22:58 INFO  Reusables:53 - output.txt is still empty
2024-07-24 10:22:58 INFO  Reusables:53 - output.txt is still empty
2024-07-24 10:22:58 INFO  Reusables:53 - output.txt is still empty
2024-07-24 10:22:58 INFO  Reusables:53 - output.txt is still empty
2024-07-24 10:22:58 INFO  Reusables:53 - output.txt is still empty
2024-07-24 10:22:58 INFO  Reusables:53 - output.txt is still empty
2024-07-24 10:22:58 INFO  Reusables:53 - output.txt is still empty
2024-07-24 10:22:58 INFO  Reusables:53 - output.txt is still empty
2024-07-24 10:22:58 INFO  Reusables:53 - output.txt is still empty
2024-07-24 10:22:58 INFO  Reusables:53 - output.txt is still empty
2024-07-24 10:22:58 INFO  Reusables:53 - output.txt is still empty
2024-07-24 10:22:58 INFO  Reusables:53 - output.txt is still empty
2024-07-24 10:22:58 INFO  Reusables:53 - output.txt is still empty
2024-07-24 10:22:58 INFO  Reusables:53 - output.txt is still empty
2024-07-24 10:22:58 INFO  Reusables:53 - output.txt is still empty
2024-07-24 10:22:58 INFO  Reusables:53 - output.txt is still empty
2024-07-24 10:22:58 INFO  Reusables:53 - output.txt is still empty
2024-07-24 10:22:58 INFO  Reusables:53 - output.txt is still empty
2024-07-24 10:22:58 INFO  Reusables:53 - output.txt is still empty
2024-07-24 10:22:58 INFO  Reusables:53 - output.txt is still empty
2024-07-24 10:22:58 INFO  Reusables:53 - output.txt is still empty
2024-07-24 10:22:58 INFO  Reusables:53 - output.txt is still empty
2024-07-24 10:22:58 INFO  Reusables:53 - output.txt is still empty
2024-07-24 10:22:58 INFO  Reusables:53 - output.txt is still empty
2024-07-24 10:22:58 INFO  Reusables:53 - output.txt is still empty
2024-07-24 10:22:58 INFO  Reusables:53 - output.txt is still empty
2024-07-24 10:22:58 INFO  Reusables:53 - output.txt is still empty
2024-07-24 10:22:58 INFO  Reusables:53 - output.txt is still empty
2024-07-24 10:22:58 INFO  Reusables:53 - output.txt is still empty
2024-07-24 10:22:58 INFO  Reusables:53 - output.txt is still empty
2024-07-24 10:22:58 INFO  Reusables:53 - output.txt is still empty
2024-07-24 10:22:58 INFO  Reusables:53 - output.txt is still empty
2024-07-24 10:22:58 INFO  Reusables:53 - output.txt is still empty
2024-07-24 10:22:58 INFO  Reusables:53 - output.txt is still empty
2024-07-24 10:22:58 INFO  Reusables:53 - output.txt is still empty
2024-07-24 10:22:58 INFO  Reusables:53 - output.txt is still empty
2024-07-24 10:22:58 INFO  Reusables:53 - output.txt is still empty
2024-07-24 10:22:58 INFO  Reusables:53 - output.txt is still empty
2024-07-24 10:22:58 INFO  Reusables:53 - output.txt is still empty
2024-07-24 10:22:58 INFO  Reusables:53 - output.txt is still empty
2024-07-24 10:22:58 INFO  Reusables:53 - output.txt is still empty
2024-07-24 10:22:58 INFO  Reusables:53 - output.txt is still empty
2024-07-24 10:22:58 INFO  Reusables:53 - output.txt is still empty
2024-07-24 10:22:58 INFO  Reusables:53 - output.txt is still empty
2024-07-24 10:22:58 INFO  Reusables:53 - output.txt is still empty
2024-07-24 10:22:58 INFO  Reusables:53 - output.txt is still empty
2024-07-24 10:22:58 INFO  Reusables:53 - output.txt is still empty
2024-07-24 10:22:58 INFO  Reusables:53 - output.txt is still empty
2024-07-24 10:22:58 INFO  Reusables:53 - output.txt is still empty
2024-07-24 10:22:58 INFO  Reusables:53 - output.txt is still empty
2024-07-24 10:22:58 INFO  Reusables:53 - output.txt is still empty
2024-07-24 10:22:58 INFO  Reusables:53 - output.txt is still empty
2024-07-24 10:22:58 INFO  Reusables:53 - output.txt is still empty
2024-07-24 10:22:58 INFO  Reusables:53 - output.txt is still empty
2024-07-24 10:22:58 INFO  Reusables:53 - output.txt is still empty
2024-07-24 10:22:58 INFO  Reusables:53 - output.txt is still empty
2024-07-24 10:22:58 INFO  Reusables:53 - output.txt is still empty
2024-07-24 10:22:58 INFO  Reusables:53 - output.txt is still empty
2024-07-24 10:22:58 INFO  Reusables:53 - output.txt is still empty
2024-07-24 10:22:58 INFO  Reusables:53 - output.txt is still empty
2024-07-24 10:22:58 INFO  Reusables:53 - output.txt is still empty
2024-07-24 10:22:58 INFO  Reusables:53 - output.txt is still empty
2024-07-24 10:22:58 INFO  Reusables:53 - output.txt is still empty
2024-07-24 10:22:58 INFO  Reusables:53 - output.txt is still empty
2024-07-24 10:22:58 INFO  Reusables:53 - output.txt is still empty
2024-07-24 10:22:58 INFO  Reusables:53 - output.txt is still empty
2024-07-24 10:22:58 INFO  Reusables:53 - output.txt is still empty
2024-07-24 10:22:58 INFO  Reusables:53 - output.txt is still empty
2024-07-24 10:22:58 INFO  Reusables:53 - output.txt is still empty
2024-07-24 10:22:58 INFO  Reusables:53 - output.txt is still empty
2024-07-24 10:22:58 INFO  Reusables:53 - output.txt is still empty
2024-07-24 10:22:58 INFO  Reusables:53 - output.txt is still empty
2024-07-24 10:22:58 INFO  Reusables:53 - output.txt is still empty
2024-07-24 10:22:58 INFO  Reusables:53 - output.txt is still empty
2024-07-24 10:22:58 INFO  Reusables:53 - output.txt is still empty
2024-07-24 10:22:58 INFO  Reusables:53 - output.txt is still empty
2024-07-24 10:22:58 INFO  Reusables:53 - output.txt is still empty
2024-07-24 10:22:58 INFO  Reusables:53 - output.txt is still empty
2024-07-24 10:22:58 INFO  Reusables:53 - output.txt is still empty
2024-07-24 10:22:58 INFO  Reusables:53 - output.txt is still empty
2024-07-24 10:22:58 INFO  Reusables:53 - output.txt is still empty
2024-07-24 10:22:58 INFO  Reusables:53 - output.txt is still empty
2024-07-24 10:22:58 INFO  Reusables:53 - output.txt is still empty
2024-07-24 10:22:58 INFO  Reusables:53 - output.txt is still empty
2024-07-24 10:22:58 INFO  Reusables:53 - output.txt is still empty
2024-07-24 10:22:58 INFO  Reusables:53 - output.txt is still empty
2024-07-24 10:22:58 INFO  Reusables:53 - output.txt is still empty
2024-07-24 10:22:58 INFO  Reusables:53 - output.txt is still empty
2024-07-24 10:22:58 INFO  Reusables:53 - output.txt is still empty
2024-07-24 10:22:58 INFO  Reusables:53 - output.txt is still empty
2024-07-24 10:22:58 INFO  Reusables:53 - output.txt is still empty
2024-07-24 10:22:58 INFO  Reusables:53 - output.txt is still empty
2024-07-24 10:22:58 INFO  Reusables:53 - output.txt is still empty
2024-07-24 10:22:58 INFO  Reusables:53 - output.txt is still empty
2024-07-24 10:22:58 INFO  Reusables:53 - output.txt is still empty
2024-07-24 10:22:58 INFO  Reusables:53 - output.txt is still empty
2024-07-24 10:22:58 INFO  Reusables:53 - output.txt is still empty
2024-07-24 10:22:58 INFO  Reusables:53 - output.txt is still empty
2024-07-24 10:22:58 INFO  Reusables:53 - output.txt is still empty
2024-07-24 10:22:58 INFO  Reusables:53 - output.txt is still empty
2024-07-24 10:22:58 INFO  Reusables:53 - output.txt is still empty
2024-07-24 10:22:58 INFO  Reusables:53 - output.txt is still empty
2024-07-24 10:22:58 INFO  Reusables:53 - output.txt is still empty
2024-07-24 10:22:58 INFO  Reusables:53 - output.txt is still empty
2024-07-24 10:22:58 INFO  Reusables:53 - output.txt is still empty
2024-07-24 10:22:58 INFO  Reusables:53 - output.txt is still empty
2024-07-24 10:22:58 INFO  Reusables:53 - output.txt is still empty
2024-07-24 10:22:58 INFO  Reusables:53 - output.txt is still empty
2024-07-24 10:22:58 INFO  Reusables:53 - output.txt is still empty
2024-07-24 10:22:58 INFO  Reusables:53 - output.txt is still empty
2024-07-24 10:22:58 INFO  Reusables:53 - output.txt is still empty
2024-07-24 10:22:58 INFO  Reusables:53 - output.txt is still empty
2024-07-24 10:22:58 INFO  Reusables:53 - output.txt is still empty
2024-07-24 10:22:58 INFO  Reusables:53 - output.txt is still empty
2024-07-24 10:22:58 INFO  Reusables:53 - output.txt is still empty
2024-07-24 10:22:58 INFO  Reusables:53 - output.txt is still empty
2024-07-24 10:22:58 INFO  Reusables:53 - output.txt is still empty
2024-07-24 10:22:58 INFO  Reusables:53 - output.txt is still empty
2024-07-24 10:22:58 INFO  Reusables:53 - output.txt is still empty
2024-07-24 10:22:58 INFO  Reusables:53 - output.txt is still empty
2024-07-24 10:22:58 INFO  Reusables:53 - output.txt is still empty
2024-07-24 10:22:58 INFO  Reusables:53 - output.txt is still empty
2024-07-24 10:22:58 INFO  Reusables:53 - output.txt is still empty
2024-07-24 10:22:58 INFO  Reusables:53 - output.txt is still empty
2024-07-24 10:22:58 INFO  Reusables:53 - output.txt is still empty
2024-07-24 10:22:58 INFO  Reusables:53 - output.txt is still empty
2024-07-24 10:22:58 INFO  Reusables:53 - output.txt is still empty
2024-07-24 10:22:58 INFO  Reusables:53 - output.txt is still empty
2024-07-24 10:22:58 INFO  Reusables:53 - output.txt is still empty
2024-07-24 10:22:58 INFO  Reusables:53 - output.txt is still empty
2024-07-24 10:22:58 INFO  Reusables:53 - output.txt is still empty
2024-07-24 10:22:58 INFO  Reusables:53 - output.txt is still empty
2024-07-24 10:22:58 INFO  Reusables:53 - output.txt is still empty
2024-07-24 10:22:58 INFO  Reusables:53 - output.txt is still empty
2024-07-24 10:22:58 INFO  Reusables:53 - output.txt is still empty
2024-07-24 10:22:58 INFO  Reusables:53 - output.txt is still empty
2024-07-24 10:22:58 INFO  Reusables:53 - output.txt is still empty
2024-07-24 10:22:58 INFO  Reusables:53 - output.txt is still empty
2024-07-24 10:22:58 INFO  Reusables:53 - output.txt is still empty
2024-07-24 10:22:58 INFO  Reusables:53 - output.txt is still empty
2024-07-24 10:22:58 INFO  Reusables:53 - output.txt is still empty
2024-07-24 10:22:58 INFO  Reusables:53 - output.txt is still empty
2024-07-24 10:22:58 INFO  Reusables:53 - output.txt is still empty
2024-07-24 10:22:58 INFO  Reusables:53 - output.txt is still empty
2024-07-24 10:22:58 INFO  Reusables:53 - output.txt is still empty
2024-07-24 10:22:58 INFO  Reusables:53 - output.txt is still empty
2024-07-24 10:22:58 INFO  Reusables:53 - output.txt is still empty
2024-07-24 10:22:58 INFO  Reusables:53 - output.txt is still empty
2024-07-24 10:22:58 INFO  Reusables:53 - output.txt is still empty
2024-07-24 10:22:58 INFO  Reusables:53 - output.txt is still empty
2024-07-24 10:22:58 INFO  Reusables:53 - output.txt is still empty
2024-07-24 10:22:58 INFO  Reusables:53 - output.txt is still empty
2024-07-24 10:22:58 INFO  Reusables:53 - output.txt is still empty
2024-07-24 10:22:58 INFO  Reusables:53 - output.txt is still empty
2024-07-24 10:22:58 INFO  Reusables:53 - output.txt is still empty
2024-07-24 10:22:58 INFO  Reusables:53 - output.txt is still empty
2024-07-24 10:22:58 INFO  Reusables:53 - output.txt is still empty
2024-07-24 10:22:58 INFO  Reusables:53 - output.txt is still empty
2024-07-24 10:22:58 INFO  Reusables:53 - output.txt is still empty
2024-07-24 10:22:58 INFO  Reusables:53 - output.txt is still empty
2024-07-24 10:22:58 INFO  Reusables:53 - output.txt is still empty
2024-07-24 10:22:58 INFO  Reusables:53 - output.txt is still empty
2024-07-24 10:22:58 INFO  Reusables:53 - output.txt is still empty
2024-07-24 10:22:58 INFO  Reusables:53 - output.txt is still empty
2024-07-24 10:22:58 INFO  Reusables:53 - output.txt is still empty
2024-07-24 10:22:58 INFO  Reusables:53 - output.txt is still empty
2024-07-24 10:22:58 INFO  Reusables:53 - output.txt is still empty
2024-07-24 10:22:58 INFO  Reusables:53 - output.txt is still empty
2024-07-24 10:22:58 INFO  Reusables:53 - output.txt is still empty
2024-07-24 10:22:58 INFO  Reusables:53 - output.txt is still empty
2024-07-24 10:22:58 INFO  Reusables:53 - output.txt is still empty
2024-07-24 10:22:58 INFO  Reusables:53 - output.txt is still empty
2024-07-24 10:22:58 INFO  Reusables:53 - output.txt is still empty
2024-07-24 10:22:58 INFO  Reusables:53 - output.txt is still empty
2024-07-24 10:22:58 INFO  Reusables:53 - output.txt is still empty
2024-07-24 10:22:58 INFO  Reusables:53 - output.txt is still empty
2024-07-24 10:22:58 INFO  Reusables:53 - output.txt is still empty
2024-07-24 10:22:58 INFO  Reusables:53 - output.txt is still empty
2024-07-24 10:22:58 INFO  Reusables:53 - output.txt is still empty
2024-07-24 10:22:58 INFO  Reusables:53 - output.txt is still empty
2024-07-24 10:22:58 INFO  Reusables:53 - output.txt is still empty
2024-07-24 10:22:58 INFO  Reusables:53 - output.txt is still empty
2024-07-24 10:22:58 INFO  Reusables:53 - output.txt is still empty
2024-07-24 10:22:58 INFO  Reusables:53 - output.txt is still empty
2024-07-24 10:22:58 INFO  Reusables:53 - output.txt is still empty
2024-07-24 10:22:58 INFO  Reusables:53 - output.txt is still empty
2024-07-24 10:22:58 INFO  Reusables:53 - output.txt is still empty
2024-07-24 10:22:58 INFO  Reusables:53 - output.txt is still empty
2024-07-24 10:22:58 INFO  Reusables:53 - output.txt is still empty
2024-07-24 10:22:58 INFO  Reusables:53 - output.txt is still empty
2024-07-24 10:22:58 INFO  Reusables:53 - output.txt is still empty
2024-07-24 10:22:58 INFO  Reusables:53 - output.txt is still empty
2024-07-24 10:22:58 INFO  Reusables:53 - output.txt is still empty
2024-07-24 10:22:58 INFO  Reusables:53 - output.txt is still empty
2024-07-24 10:22:58 INFO  Reusables:53 - output.txt is still empty
2024-07-24 10:22:58 INFO  Reusables:53 - output.txt is still empty
2024-07-24 10:22:58 INFO  Reusables:53 - output.txt is still empty
2024-07-24 10:22:58 INFO  Reusables:53 - output.txt is still empty
2024-07-24 10:22:58 INFO  Reusables:53 - output.txt is still empty
2024-07-24 10:22:58 INFO  Reusables:53 - output.txt is still empty
2024-07-24 10:22:58 INFO  Reusables:53 - output.txt is still empty
2024-07-24 10:22:58 INFO  Reusables:53 - output.txt is still empty
2024-07-24 10:22:58 INFO  Reusables:53 - output.txt is still empty
2024-07-24 10:22:58 INFO  Reusables:53 - output.txt is still empty
2024-07-24 10:22:58 INFO  Reusables:53 - output.txt is still empty
2024-07-24 10:22:58 INFO  Reusables:53 - output.txt is still empty
2024-07-24 10:22:58 INFO  Reusables:53 - output.txt is still empty
2024-07-24 10:22:58 INFO  Reusables:53 - output.txt is still empty
2024-07-24 10:22:58 INFO  Reusables:53 - output.txt is still empty
2024-07-24 10:22:58 INFO  Reusables:53 - output.txt is still empty
2024-07-24 10:22:58 INFO  Reusables:53 - output.txt is still empty
2024-07-24 10:22:58 INFO  Reusables:53 - output.txt is still empty
2024-07-24 10:22:58 INFO  Reusables:53 - output.txt is still empty
2024-07-24 10:22:58 INFO  Reusables:53 - output.txt is still empty
2024-07-24 10:22:58 INFO  Reusables:53 - output.txt is still empty
2024-07-24 10:22:58 INFO  Reusables:53 - output.txt is still empty
2024-07-24 10:22:58 INFO  Reusables:53 - output.txt is still empty
2024-07-24 10:22:58 INFO  Reusables:53 - output.txt is still empty
2024-07-24 10:22:58 INFO  Reusables:53 - output.txt is still empty
2024-07-24 10:22:58 INFO  Reusables:53 - output.txt is still empty
2024-07-24 10:22:58 INFO  Reusables:53 - output.txt is still empty
2024-07-24 10:22:58 INFO  Reusables:53 - output.txt is still empty
2024-07-24 10:22:58 INFO  Reusables:53 - output.txt is still empty
2024-07-24 10:22:58 INFO  Reusables:53 - output.txt is still empty
2024-07-24 10:22:58 INFO  Reusables:53 - output.txt is still empty
2024-07-24 10:22:58 INFO  Reusables:53 - output.txt is still empty
2024-07-24 10:22:58 INFO  Reusables:53 - output.txt is still empty
2024-07-24 10:22:58 INFO  Reusables:53 - output.txt is still empty
2024-07-24 10:22:58 INFO  Reusables:53 - output.txt is still empty
2024-07-24 10:22:58 INFO  Reusables:53 - output.txt is still empty
2024-07-24 10:22:58 INFO  Reusables:53 - output.txt is still empty
2024-07-24 10:22:58 INFO  Reusables:53 - output.txt is still empty
2024-07-24 10:22:58 INFO  Reusables:53 - output.txt is still empty
2024-07-24 10:22:58 INFO  Reusables:53 - output.txt is still empty
2024-07-24 10:22:58 INFO  Reusables:53 - output.txt is still empty
2024-07-24 10:22:58 INFO  Reusables:53 - output.txt is still empty
2024-07-24 10:22:58 INFO  Reusables:53 - output.txt is still empty
2024-07-24 10:22:58 INFO  Reusables:53 - output.txt is still empty
2024-07-24 10:22:58 INFO  Reusables:53 - output.txt is still empty
2024-07-24 10:22:58 INFO  Reusables:53 - output.txt is still empty
2024-07-24 10:22:58 INFO  Reusables:53 - output.txt is still empty
2024-07-24 10:22:58 INFO  Reusables:53 - output.txt is still empty
2024-07-24 10:22:58 INFO  Reusables:53 - output.txt is still empty
2024-07-24 10:22:58 INFO  Reusables:53 - output.txt is still empty
2024-07-24 10:22:58 INFO  Reusables:53 - output.txt is still empty
2024-07-24 10:22:58 INFO  Reusables:53 - output.txt is still empty
2024-07-24 10:22:58 INFO  Reusables:53 - output.txt is still empty
2024-07-24 10:22:58 INFO  Reusables:53 - output.txt is still empty
2024-07-24 10:22:58 INFO  Reusables:53 - output.txt is still empty
2024-07-24 10:22:58 INFO  Reusables:53 - output.txt is still empty
2024-07-24 10:22:58 INFO  Reusables:53 - output.txt is still empty
2024-07-24 10:22:58 INFO  Reusables:53 - output.txt is still empty
2024-07-24 10:22:58 INFO  Reusables:53 - output.txt is still empty
2024-07-24 10:22:58 INFO  Reusables:53 - output.txt is still empty
2024-07-24 10:22:58 INFO  Reusables:53 - output.txt is still empty
2024-07-24 10:22:58 INFO  Reusables:53 - output.txt is still empty
2024-07-24 10:22:58 INFO  Reusables:53 - output.txt is still empty
2024-07-24 10:22:58 INFO  Reusables:53 - output.txt is still empty
2024-07-24 10:22:58 INFO  Reusables:53 - output.txt is still empty
2024-07-24 10:22:58 INFO  Reusables:53 - output.txt is still empty
2024-07-24 10:22:58 INFO  Reusables:53 - output.txt is still empty
2024-07-24 10:22:58 INFO  Reusables:53 - output.txt is still empty
2024-07-24 10:22:58 INFO  Reusables:53 - output.txt is still empty
2024-07-24 10:22:58 INFO  Reusables:53 - output.txt is still empty
2024-07-24 10:22:58 INFO  Reusables:53 - output.txt is still empty
2024-07-24 10:22:58 INFO  Reusables:53 - output.txt is still empty
2024-07-24 10:22:58 INFO  Reusables:53 - output.txt is still empty
2024-07-24 10:22:58 INFO  Reusables:53 - output.txt is still empty
2024-07-24 10:22:58 INFO  Reusables:53 - output.txt is still empty
2024-07-24 10:22:58 INFO  Reusables:53 - output.txt is still empty
2024-07-24 10:22:58 INFO  Reusables:53 - output.txt is still empty
2024-07-24 10:22:58 INFO  Reusables:53 - output.txt is still empty
2024-07-24 10:22:58 INFO  Reusables:53 - output.txt is still empty
2024-07-24 10:22:58 INFO  Reusables:53 - output.txt is still empty
2024-07-24 10:22:58 INFO  Reusables:53 - output.txt is still empty
2024-07-24 10:22:58 INFO  Reusables:53 - output.txt is still empty
2024-07-24 10:22:58 INFO  Reusables:53 - output.txt is still empty
2024-07-24 10:22:58 INFO  Reusables:53 - output.txt is still empty
2024-07-24 10:22:58 INFO  Reusables:53 - output.txt is still empty
2024-07-24 10:22:58 INFO  Reusables:53 - output.txt is still empty
2024-07-24 10:22:58 INFO  Reusables:53 - output.txt is still empty
2024-07-24 10:22:58 INFO  Reusables:53 - output.txt is still empty
2024-07-24 10:22:58 INFO  Reusables:53 - output.txt is still empty
2024-07-24 10:22:58 INFO  Reusables:53 - output.txt is still empty
2024-07-24 10:22:58 INFO  Reusables:53 - output.txt is still empty
2024-07-24 10:22:58 INFO  Reusables:53 - output.txt is still empty
2024-07-24 10:22:58 INFO  Reusables:53 - output.txt is still empty
2024-07-24 10:22:58 INFO  Reusables:53 - output.txt is still empty
2024-07-24 10:22:58 INFO  Reusables:53 - output.txt is still empty
2024-07-24 10:22:58 INFO  Reusables:53 - output.txt is still empty
2024-07-24 10:22:58 INFO  Reusables:53 - output.txt is still empty
2024-07-24 10:22:58 INFO  Reusables:53 - output.txt is still empty
2024-07-24 10:22:58 INFO  Reusables:53 - output.txt is still empty
2024-07-24 10:22:58 INFO  Reusables:53 - output.txt is still empty
2024-07-24 10:22:58 INFO  Reusables:53 - output.txt is still empty
2024-07-24 10:22:58 INFO  Reusables:53 - output.txt is still empty
2024-07-24 10:22:58 INFO  Reusables:53 - output.txt is still empty
2024-07-24 10:22:58 INFO  Reusables:53 - output.txt is still empty
2024-07-24 10:22:58 INFO  Reusables:53 - output.txt is still empty
2024-07-24 10:22:58 INFO  Reusables:53 - output.txt is still empty
2024-07-24 10:22:58 INFO  Reusables:53 - output.txt is still empty
2024-07-24 10:22:58 INFO  Reusables:53 - output.txt is still empty
2024-07-24 10:22:58 INFO  Reusables:53 - output.txt is still empty
2024-07-24 10:22:58 INFO  Reusables:53 - output.txt is still empty
2024-07-24 10:22:58 INFO  Reusables:53 - output.txt is still empty
2024-07-24 10:22:58 INFO  Reusables:53 - output.txt is still empty
2024-07-24 10:22:58 INFO  Reusables:53 - output.txt is still empty
2024-07-24 10:22:58 INFO  Reusables:53 - output.txt is still empty
2024-07-24 10:22:58 INFO  Reusables:53 - output.txt is still empty
2024-07-24 10:22:58 INFO  Reusables:53 - output.txt is still empty
2024-07-24 10:22:58 INFO  Reusables:53 - output.txt is still empty
2024-07-24 10:22:58 INFO  Reusables:53 - output.txt is still empty
2024-07-24 10:22:58 INFO  Reusables:53 - output.txt is still empty
2024-07-24 10:22:58 INFO  Reusables:53 - output.txt is still empty
2024-07-24 10:22:58 INFO  Reusables:53 - output.txt is still empty
2024-07-24 10:22:58 INFO  Reusables:53 - output.txt is still empty
2024-07-24 10:22:58 INFO  Reusables:53 - output.txt is still empty
2024-07-24 10:22:58 INFO  Reusables:53 - output.txt is still empty
2024-07-24 10:22:58 INFO  Reusables:53 - output.txt is still empty
2024-07-24 10:22:58 INFO  Reusables:53 - output.txt is still empty
2024-07-24 10:22:58 INFO  Reusables:53 - output.txt is still empty
2024-07-24 10:22:58 INFO  Reusables:53 - output.txt is still empty
2024-07-24 10:22:58 INFO  Reusables:53 - output.txt is still empty
2024-07-24 10:22:58 INFO  Reusables:53 - output.txt is still empty
2024-07-24 10:22:58 INFO  Reusables:53 - output.txt is still empty
2024-07-24 10:22:58 INFO  Reusables:53 - output.txt is still empty
2024-07-24 10:22:58 INFO  Reusables:53 - output.txt is still empty
2024-07-24 10:22:58 INFO  Reusables:53 - output.txt is still empty
2024-07-24 10:22:58 INFO  Reusables:53 - output.txt is still empty
2024-07-24 10:22:58 INFO  Reusables:53 - output.txt is still empty
2024-07-24 10:22:58 INFO  Reusables:53 - output.txt is still empty
2024-07-24 10:22:58 INFO  Reusables:53 - output.txt is still empty
2024-07-24 10:22:58 INFO  Reusables:53 - output.txt is still empty
2024-07-24 10:22:58 INFO  Reusables:53 - output.txt is still empty
2024-07-24 10:22:58 INFO  Reusables:53 - output.txt is still empty
2024-07-24 10:22:58 INFO  Reusables:53 - output.txt is still empty
2024-07-24 10:22:58 INFO  Reusables:53 - output.txt is still empty
2024-07-24 10:22:58 INFO  Reusables:53 - output.txt is still empty
2024-07-24 10:22:58 INFO  Reusables:53 - output.txt is still empty
2024-07-24 10:22:58 INFO  Reusables:53 - output.txt is still empty
2024-07-24 10:22:58 INFO  Reusables:53 - output.txt is still empty
2024-07-24 10:22:58 INFO  Reusables:53 - output.txt is still empty
2024-07-24 10:22:58 INFO  Reusables:53 - output.txt is still empty
2024-07-24 10:22:58 INFO  Reusables:53 - output.txt is still empty
2024-07-24 10:22:58 INFO  Reusables:53 - output.txt is still empty
2024-07-24 10:22:58 INFO  Reusables:53 - output.txt is still empty
2024-07-24 10:22:58 INFO  Reusables:53 - output.txt is still empty
2024-07-24 10:22:58 INFO  Reusables:53 - output.txt is still empty
2024-07-24 10:22:58 INFO  Reusables:53 - output.txt is still empty
2024-07-24 10:22:58 INFO  Reusables:53 - output.txt is still empty
2024-07-24 10:22:58 INFO  Reusables:53 - output.txt is still empty
2024-07-24 10:22:58 INFO  Reusables:53 - output.txt is still empty
2024-07-24 10:22:58 INFO  Reusables:53 - output.txt is still empty
2024-07-24 10:22:58 INFO  Reusables:53 - output.txt is still empty
2024-07-24 10:22:58 INFO  Reusables:53 - output.txt is still empty
2024-07-24 10:22:58 INFO  Reusables:53 - output.txt is still empty
2024-07-24 10:22:58 INFO  Reusables:53 - output.txt is still empty
2024-07-24 10:22:58 INFO  Reusables:53 - output.txt is still empty
2024-07-24 10:22:58 INFO  Reusables:53 - output.txt is still empty
2024-07-24 10:22:58 INFO  Reusables:53 - output.txt is still empty
2024-07-24 10:22:58 INFO  Reusables:53 - output.txt is still empty
2024-07-24 10:22:58 INFO  Reusables:53 - output.txt is still empty
2024-07-24 10:22:58 INFO  Reusables:53 - output.txt is still empty
2024-07-24 10:22:58 INFO  Reusables:53 - output.txt is still empty
2024-07-24 10:22:58 INFO  Reusables:53 - output.txt is still empty
2024-07-24 10:22:58 INFO  Reusables:53 - output.txt is still empty
2024-07-24 10:22:58 INFO  Reusables:53 - output.txt is still empty
2024-07-24 10:22:58 INFO  Reusables:53 - output.txt is still empty
2024-07-24 10:22:58 INFO  Reusables:53 - output.txt is still empty
2024-07-24 10:22:58 INFO  Reusables:53 - output.txt is still empty
2024-07-24 10:22:58 INFO  Reusables:53 - output.txt is still empty
2024-07-24 10:22:58 INFO  Reusables:53 - output.txt is still empty
2024-07-24 10:22:58 INFO  Reusables:53 - output.txt is still empty
2024-07-24 10:22:58 INFO  Reusables:53 - output.txt is still empty
2024-07-24 10:22:58 INFO  Reusables:53 - output.txt is still empty
2024-07-24 10:22:58 INFO  Reusables:53 - output.txt is still empty
2024-07-24 10:22:58 INFO  Reusables:53 - output.txt is still empty
2024-07-24 10:22:58 INFO  Reusables:53 - output.txt is still empty
2024-07-24 10:22:58 INFO  Reusables:53 - output.txt is still empty
2024-07-24 10:22:58 INFO  Reusables:53 - output.txt is still empty
2024-07-24 10:22:58 INFO  Reusables:53 - output.txt is still empty
2024-07-24 10:22:58 INFO  Reusables:53 - output.txt is still empty
2024-07-24 10:22:58 INFO  Reusables:53 - output.txt is still empty
2024-07-24 10:22:58 INFO  Reusables:53 - output.txt is still empty
2024-07-24 10:22:58 INFO  Reusables:53 - output.txt is still empty
2024-07-24 10:22:58 INFO  Reusables:53 - output.txt is still empty
2024-07-24 10:22:58 INFO  Reusables:53 - output.txt is still empty
2024-07-24 10:22:58 INFO  Reusables:53 - output.txt is still empty
2024-07-24 10:22:58 INFO  Reusables:53 - output.txt is still empty
2024-07-24 10:22:58 INFO  Reusables:53 - output.txt is still empty
2024-07-24 10:22:58 INFO  Reusables:53 - output.txt is still empty
2024-07-24 10:22:58 INFO  Reusables:53 - output.txt is still empty
2024-07-24 10:22:58 INFO  Reusables:53 - output.txt is still empty
2024-07-24 10:22:58 INFO  Reusables:53 - output.txt is still empty
2024-07-24 10:22:58 INFO  Reusables:53 - output.txt is still empty
2024-07-24 10:22:58 INFO  Reusables:53 - output.txt is still empty
2024-07-24 10:22:58 INFO  Reusables:53 - output.txt is still empty
2024-07-24 10:22:58 INFO  Reusables:53 - output.txt is still empty
2024-07-24 10:22:58 INFO  Reusables:53 - output.txt is still empty
2024-07-24 10:22:58 INFO  Reusables:53 - output.txt is still empty
2024-07-24 10:22:58 INFO  Reusables:53 - output.txt is still empty
2024-07-24 10:22:58 INFO  Reusables:53 - output.txt is still empty
2024-07-24 10:22:58 INFO  Reusables:53 - output.txt is still empty
2024-07-24 10:22:58 INFO  Reusables:53 - output.txt is still empty
2024-07-24 10:22:58 INFO  Reusables:53 - output.txt is still empty
2024-07-24 10:22:58 INFO  Reusables:53 - output.txt is still empty
2024-07-24 10:22:58 INFO  Reusables:53 - output.txt is still empty
2024-07-24 10:22:58 INFO  Reusables:53 - output.txt is still empty
2024-07-24 10:22:58 INFO  Reusables:53 - output.txt is still empty
2024-07-24 10:22:58 INFO  Reusables:53 - output.txt is still empty
2024-07-24 10:22:58 INFO  Reusables:53 - output.txt is still empty
2024-07-24 10:22:58 INFO  Reusables:53 - output.txt is still empty
2024-07-24 10:22:58 INFO  Reusables:53 - output.txt is still empty
2024-07-24 10:22:58 INFO  Reusables:53 - output.txt is still empty
2024-07-24 10:22:58 INFO  Reusables:53 - output.txt is still empty
2024-07-24 10:22:58 INFO  Reusables:53 - output.txt is still empty
2024-07-24 10:22:58 INFO  Reusables:53 - output.txt is still empty
2024-07-24 10:22:58 INFO  Reusables:53 - output.txt is still empty
2024-07-24 10:22:58 INFO  Reusables:53 - output.txt is still empty
2024-07-24 10:22:58 INFO  Reusables:53 - output.txt is still empty
2024-07-24 10:22:58 INFO  Reusables:53 - output.txt is still empty
2024-07-24 10:22:58 INFO  Reusables:53 - output.txt is still empty
2024-07-24 10:22:58 INFO  Reusables:53 - output.txt is still empty
2024-07-24 10:22:58 INFO  Reusables:53 - output.txt is still empty
2024-07-24 10:22:58 INFO  Reusables:53 - output.txt is still empty
2024-07-24 10:22:58 INFO  Reusables:53 - output.txt is still empty
2024-07-24 10:22:58 INFO  Reusables:53 - output.txt is still empty
2024-07-24 10:22:58 INFO  Reusables:53 - output.txt is still empty
2024-07-24 10:22:58 INFO  Reusables:53 - output.txt is still empty
2024-07-24 10:22:58 INFO  Reusables:53 - output.txt is still empty
2024-07-24 10:22:58 INFO  Reusables:53 - output.txt is still empty
2024-07-24 10:22:58 INFO  Reusables:53 - output.txt is still empty
2024-07-24 10:22:58 INFO  Reusables:53 - output.txt is still empty
2024-07-24 10:22:58 INFO  Reusables:53 - output.txt is still empty
2024-07-24 10:22:58 INFO  Reusables:53 - output.txt is still empty
2024-07-24 10:22:58 INFO  Reusables:53 - output.txt is still empty
2024-07-24 10:22:58 INFO  Reusables:53 - output.txt is still empty
2024-07-24 10:22:58 INFO  Reusables:53 - output.txt is still empty
2024-07-24 10:22:58 INFO  Reusables:53 - output.txt is still empty
2024-07-24 10:22:58 INFO  Reusables:53 - output.txt is still empty
2024-07-24 10:22:58 INFO  Reusables:53 - output.txt is still empty
2024-07-24 10:22:58 INFO  Reusables:53 - output.txt is still empty
2024-07-24 10:22:58 INFO  Reusables:53 - output.txt is still empty
2024-07-24 10:22:58 INFO  Reusables:53 - output.txt is still empty
2024-07-24 10:22:58 INFO  Reusables:53 - output.txt is still empty
2024-07-24 10:22:58 INFO  Reusables:53 - output.txt is still empty
2024-07-24 10:22:58 INFO  Reusables:53 - output.txt is still empty
2024-07-24 10:22:58 INFO  Reusables:53 - output.txt is still empty
2024-07-24 10:22:58 INFO  Reusables:53 - output.txt is still empty
2024-07-24 10:22:58 INFO  Reusables:53 - output.txt is still empty
2024-07-24 10:22:58 INFO  Reusables:53 - output.txt is still empty
2024-07-24 10:22:58 INFO  Reusables:53 - output.txt is still empty
2024-07-24 10:22:58 INFO  Reusables:53 - output.txt is still empty
2024-07-24 10:22:58 INFO  Reusables:53 - output.txt is still empty
2024-07-24 10:22:58 INFO  Reusables:53 - output.txt is still empty
2024-07-24 10:22:58 INFO  Reusables:53 - output.txt is still empty
2024-07-24 10:22:58 INFO  Reusables:53 - output.txt is still empty
2024-07-24 10:22:58 INFO  Reusables:53 - output.txt is still empty
2024-07-24 10:22:58 INFO  Reusables:53 - output.txt is still empty
2024-07-24 10:22:58 INFO  Reusables:53 - output.txt is still empty
2024-07-24 10:22:58 INFO  Reusables:53 - output.txt is still empty
2024-07-24 10:22:58 INFO  Reusables:53 - output.txt is still empty
2024-07-24 10:22:58 INFO  Reusables:53 - output.txt is still empty
2024-07-24 10:22:58 INFO  Reusables:53 - output.txt is still empty
2024-07-24 10:22:58 INFO  Reusables:53 - output.txt is still empty
2024-07-24 10:22:58 INFO  Reusables:53 - output.txt is still empty
2024-07-24 10:22:58 INFO  Reusables:53 - output.txt is still empty
2024-07-24 10:22:58 INFO  Reusables:53 - output.txt is still empty
2024-07-24 10:22:58 INFO  Reusables:53 - output.txt is still empty
2024-07-24 10:22:58 INFO  Reusables:53 - output.txt is still empty
2024-07-24 10:22:58 INFO  Reusables:53 - output.txt is still empty
2024-07-24 10:22:58 INFO  Reusables:53 - output.txt is still empty
2024-07-24 10:22:58 INFO  Reusables:53 - output.txt is still empty
2024-07-24 10:22:58 INFO  Reusables:53 - output.txt is still empty
2024-07-24 10:22:58 INFO  Reusables:53 - output.txt is still empty
2024-07-24 10:22:58 INFO  Reusables:53 - output.txt is still empty
2024-07-24 10:22:58 INFO  Reusables:53 - output.txt is still empty
2024-07-24 10:22:58 INFO  Reusables:53 - output.txt is still empty
2024-07-24 10:22:58 INFO  Reusables:53 - output.txt is still empty
2024-07-24 10:22:58 INFO  Reusables:53 - output.txt is still empty
2024-07-24 10:22:58 INFO  Reusables:53 - output.txt is still empty
2024-07-24 10:22:58 INFO  Reusables:53 - output.txt is still empty
2024-07-24 10:22:58 INFO  Reusables:53 - output.txt is still empty
2024-07-24 10:22:58 INFO  Reusables:53 - output.txt is still empty
2024-07-24 10:22:58 INFO  Reusables:53 - output.txt is still empty
2024-07-24 10:22:58 INFO  Reusables:53 - output.txt is still empty
2024-07-24 10:22:58 INFO  Reusables:53 - output.txt is still empty
2024-07-24 10:22:58 INFO  Reusables:53 - output.txt is still empty
2024-07-24 10:22:58 INFO  Reusables:53 - output.txt is still empty
2024-07-24 10:22:58 INFO  Reusables:53 - output.txt is still empty
2024-07-24 10:22:58 INFO  Reusables:53 - output.txt is still empty
2024-07-24 10:22:58 INFO  Reusables:53 - output.txt is still empty
2024-07-24 10:22:58 INFO  Reusables:53 - output.txt is still empty
2024-07-24 10:22:58 INFO  Reusables:53 - output.txt is still empty
2024-07-24 10:22:58 INFO  Reusables:53 - output.txt is still empty
2024-07-24 10:22:58 INFO  Reusables:53 - output.txt is still empty
2024-07-24 10:22:58 INFO  Reusables:53 - output.txt is still empty
2024-07-24 10:22:58 INFO  Reusables:53 - output.txt is still empty
2024-07-24 10:22:58 INFO  Reusables:53 - output.txt is still empty
2024-07-24 10:22:58 INFO  Reusables:53 - output.txt is still empty
2024-07-24 10:22:58 INFO  Reusables:53 - output.txt is still empty
2024-07-24 10:22:58 INFO  Reusables:53 - output.txt is still empty
2024-07-24 10:22:58 INFO  Reusables:53 - output.txt is still empty
2024-07-24 10:22:58 INFO  Reusables:53 - output.txt is still empty
2024-07-24 10:22:58 INFO  Reusables:53 - output.txt is still empty
2024-07-24 10:22:58 INFO  Reusables:53 - output.txt is still empty
2024-07-24 10:22:58 INFO  Reusables:53 - output.txt is still empty
2024-07-24 10:22:58 INFO  Reusables:53 - output.txt is still empty
2024-07-24 10:22:58 INFO  Reusables:53 - output.txt is still empty
2024-07-24 10:22:58 INFO  Reusables:53 - output.txt is still empty
2024-07-24 10:22:58 INFO  Reusables:53 - output.txt is still empty
2024-07-24 10:22:58 INFO  Reusables:53 - output.txt is still empty
2024-07-24 10:22:58 INFO  Reusables:53 - output.txt is still empty
2024-07-24 10:22:58 INFO  Reusables:53 - output.txt is still empty
2024-07-24 10:22:58 INFO  Reusables:53 - output.txt is still empty
2024-07-24 10:22:58 INFO  Reusables:53 - output.txt is still empty
2024-07-24 10:22:58 INFO  Reusables:53 - output.txt is still empty
2024-07-24 10:22:58 INFO  Reusables:53 - output.txt is still empty
2024-07-24 10:22:58 INFO  Reusables:53 - output.txt is still empty
2024-07-24 10:22:58 INFO  Reusables:53 - output.txt is still empty
2024-07-24 10:22:58 INFO  Reusables:53 - output.txt is still empty
2024-07-24 10:22:58 INFO  Reusables:53 - output.txt is still empty
2024-07-24 10:22:58 INFO  Reusables:53 - output.txt is still empty
2024-07-24 10:22:58 INFO  Reusables:53 - output.txt is still empty
2024-07-24 10:22:58 INFO  Reusables:53 - output.txt is still empty
2024-07-24 10:22:58 INFO  Reusables:53 - output.txt is still empty
2024-07-24 10:22:58 INFO  Reusables:53 - output.txt is still empty
2024-07-24 10:22:58 INFO  Reusables:53 - output.txt is still empty
2024-07-24 10:22:58 INFO  Reusables:53 - output.txt is still empty
2024-07-24 10:22:58 INFO  Reusables:53 - output.txt is still empty
2024-07-24 10:22:58 INFO  Reusables:53 - output.txt is still empty
2024-07-24 10:22:58 INFO  Reusables:53 - output.txt is still empty
2024-07-24 10:22:58 INFO  Reusables:53 - output.txt is still empty
2024-07-24 10:22:58 INFO  Reusables:53 - output.txt is still empty
2024-07-24 10:22:58 INFO  Reusables:53 - output.txt is still empty
2024-07-24 10:22:58 INFO  Reusables:53 - output.txt is still empty
2024-07-24 10:22:58 INFO  Reusables:53 - output.txt is still empty
2024-07-24 10:22:58 INFO  Reusables:53 - output.txt is still empty
2024-07-24 10:22:58 INFO  Reusables:53 - output.txt is still empty
2024-07-24 10:22:58 INFO  Reusables:53 - output.txt is still empty
2024-07-24 10:22:58 INFO  Reusables:53 - output.txt is still empty
2024-07-24 10:22:58 INFO  Reusables:53 - output.txt is still empty
2024-07-24 10:22:58 INFO  Reusables:53 - output.txt is still empty
2024-07-24 10:22:58 INFO  Reusables:53 - output.txt is still empty
2024-07-24 10:22:58 INFO  Reusables:53 - output.txt is still empty
2024-07-24 10:22:58 INFO  Reusables:53 - output.txt is still empty
2024-07-24 10:22:58 INFO  Reusables:53 - output.txt is still empty
2024-07-24 10:22:58 INFO  Reusables:53 - output.txt is still empty
2024-07-24 10:22:58 INFO  Reusables:53 - output.txt is still empty
2024-07-24 10:22:58 INFO  Reusables:53 - output.txt is still empty
2024-07-24 10:22:58 INFO  Reusables:53 - output.txt is still empty
2024-07-24 10:22:58 INFO  Reusables:53 - output.txt is still empty
2024-07-24 10:22:58 INFO  Reusables:53 - output.txt is still empty
2024-07-24 10:22:58 INFO  Reusables:53 - output.txt is still empty
2024-07-24 10:22:58 INFO  Reusables:53 - output.txt is still empty
2024-07-24 10:22:58 INFO  Reusables:53 - output.txt is still empty
2024-07-24 10:22:58 INFO  Reusables:53 - output.txt is still empty
2024-07-24 10:22:58 INFO  Reusables:53 - output.txt is still empty
2024-07-24 10:22:58 INFO  Reusables:53 - output.txt is still empty
2024-07-24 10:22:58 INFO  Reusables:53 - output.txt is still empty
2024-07-24 10:22:58 INFO  Reusables:53 - output.txt is still empty
2024-07-24 10:22:58 INFO  Reusables:53 - output.txt is still empty
2024-07-24 10:22:58 INFO  Reusables:53 - output.txt is still empty
2024-07-24 10:22:58 INFO  Reusables:53 - output.txt is still empty
2024-07-24 10:22:58 INFO  Reusables:53 - output.txt is still empty
2024-07-24 10:22:58 INFO  Reusables:53 - output.txt is still empty
2024-07-24 10:22:58 INFO  Reusables:53 - output.txt is still empty
2024-07-24 10:22:58 INFO  Reusables:53 - output.txt is still empty
2024-07-24 10:22:58 INFO  Reusables:53 - output.txt is still empty
2024-07-24 10:22:58 INFO  Reusables:53 - output.txt is still empty
2024-07-24 10:22:58 INFO  Reusables:53 - output.txt is still empty
2024-07-24 10:22:58 INFO  Reusables:53 - output.txt is still empty
2024-07-24 10:22:58 INFO  Reusables:53 - output.txt is still empty
2024-07-24 10:22:58 INFO  Reusables:53 - output.txt is still empty
2024-07-24 10:22:58 INFO  Reusables:53 - output.txt is still empty
2024-07-24 10:22:58 INFO  Reusables:53 - output.txt is still empty
2024-07-24 10:22:58 INFO  Reusables:53 - output.txt is still empty
2024-07-24 10:22:58 INFO  Reusables:53 - output.txt is still empty
2024-07-24 10:22:58 INFO  Reusables:53 - output.txt is still empty
2024-07-24 10:22:58 INFO  Reusables:53 - output.txt is still empty
2024-07-24 10:22:58 INFO  Reusables:53 - output.txt is still empty
2024-07-24 10:22:58 INFO  Reusables:53 - output.txt is still empty
2024-07-24 10:22:58 INFO  Reusables:53 - output.txt is still empty
2024-07-24 10:22:58 INFO  Reusables:53 - output.txt is still empty
2024-07-24 10:22:58 INFO  Reusables:53 - output.txt is still empty
2024-07-24 10:22:58 INFO  Reusables:53 - output.txt is still empty
2024-07-24 10:22:58 INFO  Reusables:53 - output.txt is still empty
2024-07-24 10:22:58 INFO  Reusables:53 - output.txt is still empty
2024-07-24 10:22:58 INFO  Reusables:53 - output.txt is still empty
2024-07-24 10:22:58 INFO  Reusables:53 - output.txt is still empty
2024-07-24 10:22:58 INFO  Reusables:53 - output.txt is still empty
2024-07-24 10:22:58 INFO  Reusables:53 - output.txt is still empty
2024-07-24 10:22:58 INFO  Reusables:53 - output.txt is still empty
2024-07-24 10:22:58 INFO  Reusables:53 - output.txt is still empty
2024-07-24 10:22:58 INFO  Reusables:53 - output.txt is still empty
2024-07-24 10:22:58 INFO  Reusables:53 - output.txt is still empty
2024-07-24 10:22:58 INFO  Reusables:53 - output.txt is still empty
2024-07-24 10:22:58 INFO  Reusables:53 - output.txt is still empty
2024-07-24 10:22:58 INFO  Reusables:53 - output.txt is still empty
2024-07-24 10:22:58 INFO  Reusables:53 - output.txt is still empty
2024-07-24 10:22:58 INFO  Reusables:53 - output.txt is still empty
2024-07-24 10:22:58 INFO  Reusables:53 - output.txt is still empty
2024-07-24 10:22:58 INFO  Reusables:53 - output.txt is still empty
2024-07-24 10:22:58 INFO  Reusables:53 - output.txt is still empty
2024-07-24 10:22:58 INFO  Reusables:53 - output.txt is still empty
2024-07-24 10:22:58 INFO  Reusables:53 - output.txt is still empty
2024-07-24 10:22:58 INFO  Reusables:53 - output.txt is still empty
2024-07-24 10:22:58 INFO  Reusables:53 - output.txt is still empty
2024-07-24 10:22:58 INFO  Reusables:53 - output.txt is still empty
2024-07-24 10:22:58 INFO  Reusables:53 - output.txt is still empty
2024-07-24 10:22:58 INFO  Reusables:53 - output.txt is still empty
2024-07-24 10:22:58 INFO  Reusables:53 - output.txt is still empty
2024-07-24 10:22:58 INFO  Reusables:53 - output.txt is still empty
2024-07-24 10:22:58 INFO  Reusables:53 - output.txt is still empty
2024-07-24 10:22:58 INFO  Reusables:53 - output.txt is still empty
2024-07-24 10:22:58 INFO  Reusables:53 - output.txt is still empty
2024-07-24 10:22:58 INFO  Reusables:53 - output.txt is still empty
2024-07-24 10:22:58 INFO  Reusables:53 - output.txt is still empty
2024-07-24 10:22:58 INFO  Reusables:53 - output.txt is still empty
2024-07-24 10:22:58 INFO  Reusables:53 - output.txt is still empty
2024-07-24 10:22:58 INFO  Reusables:53 - output.txt is still empty
2024-07-24 10:22:58 INFO  Reusables:53 - output.txt is still empty
2024-07-24 10:22:58 INFO  Reusables:53 - output.txt is still empty
2024-07-24 10:22:58 INFO  Reusables:53 - output.txt is still empty
2024-07-24 10:22:58 INFO  Reusables:53 - output.txt is still empty
2024-07-24 10:22:58 INFO  Reusables:53 - output.txt is still empty
2024-07-24 10:22:58 INFO  Reusables:53 - output.txt is still empty
2024-07-24 10:22:58 INFO  Reusables:53 - output.txt is still empty
2024-07-24 10:22:58 INFO  Reusables:53 - output.txt is still empty
2024-07-24 10:22:58 INFO  Reusables:53 - output.txt is still empty
2024-07-24 10:22:58 INFO  Reusables:53 - output.txt is still empty
2024-07-24 10:22:58 INFO  Reusables:53 - output.txt is still empty
2024-07-24 10:22:58 INFO  Reusables:53 - output.txt is still empty
2024-07-24 10:22:58 INFO  Reusables:53 - output.txt is still empty
2024-07-24 10:22:58 INFO  Reusables:53 - output.txt is still empty
2024-07-24 10:22:58 INFO  Reusables:53 - output.txt is still empty
2024-07-24 10:22:58 INFO  Reusables:53 - output.txt is still empty
2024-07-24 10:22:58 INFO  Reusables:53 - output.txt is still empty
2024-07-24 10:22:58 INFO  Reusables:53 - output.txt is still empty
2024-07-24 10:22:58 INFO  Reusables:53 - output.txt is still empty
2024-07-24 10:22:58 INFO  Reusables:53 - output.txt is still empty
2024-07-24 10:22:58 INFO  Reusables:53 - output.txt is still empty
2024-07-24 10:22:58 INFO  Reusables:53 - output.txt is still empty
2024-07-24 10:22:58 INFO  Reusables:53 - output.txt is still empty
2024-07-24 10:22:58 INFO  Reusables:53 - output.txt is still empty
2024-07-24 10:22:58 INFO  Reusables:53 - output.txt is still empty
2024-07-24 10:22:58 INFO  Reusables:53 - output.txt is still empty
2024-07-24 10:22:58 INFO  Reusables:53 - output.txt is still empty
2024-07-24 10:22:58 INFO  Reusables:53 - output.txt is still empty
2024-07-24 10:22:58 INFO  Reusables:53 - output.txt is still empty
2024-07-24 10:22:58 INFO  Reusables:53 - output.txt is still empty
2024-07-24 10:22:58 INFO  Reusables:53 - output.txt is still empty
2024-07-24 10:22:58 INFO  Reusables:53 - output.txt is still empty
2024-07-24 10:22:58 INFO  Reusables:53 - output.txt is still empty
2024-07-24 10:22:58 INFO  Reusables:53 - output.txt is still empty
2024-07-24 10:22:58 INFO  Reusables:53 - output.txt is still empty
2024-07-24 10:22:58 INFO  Reusables:53 - output.txt is still empty
2024-07-24 10:22:58 INFO  Reusables:53 - output.txt is still empty
2024-07-24 10:22:58 INFO  Reusables:53 - output.txt is still empty
2024-07-24 10:22:58 INFO  Reusables:53 - output.txt is still empty
2024-07-24 10:22:58 INFO  Reusables:53 - output.txt is still empty
2024-07-24 10:22:58 INFO  Reusables:53 - output.txt is still empty
2024-07-24 10:22:58 INFO  Reusables:53 - output.txt is still empty
2024-07-24 10:22:58 INFO  Reusables:53 - output.txt is still empty
2024-07-24 10:22:58 INFO  Reusables:53 - output.txt is still empty
2024-07-24 10:22:58 INFO  Reusables:53 - output.txt is still empty
2024-07-24 10:22:58 INFO  Reusables:53 - output.txt is still empty
2024-07-24 10:22:58 INFO  Reusables:53 - output.txt is still empty
2024-07-24 10:22:58 INFO  Reusables:53 - output.txt is still empty
2024-07-24 10:22:58 INFO  Reusables:53 - output.txt is still empty
2024-07-24 10:22:58 INFO  Reusables:53 - output.txt is still empty
2024-07-24 10:22:58 INFO  Reusables:53 - output.txt is still empty
2024-07-24 10:22:58 INFO  Reusables:53 - output.txt is still empty
2024-07-24 10:22:58 INFO  Reusables:53 - output.txt is still empty
2024-07-24 10:22:58 INFO  Reusables:53 - output.txt is still empty
2024-07-24 10:22:58 INFO  Reusables:53 - output.txt is still empty
2024-07-24 10:22:58 INFO  Reusables:53 - output.txt is still empty
2024-07-24 10:22:58 INFO  Reusables:53 - output.txt is still empty
2024-07-24 10:22:58 INFO  Reusables:53 - output.txt is still empty
2024-07-24 10:22:58 INFO  Reusables:53 - output.txt is still empty
2024-07-24 10:22:58 INFO  Reusables:53 - output.txt is still empty
2024-07-24 10:22:58 INFO  Reusables:53 - output.txt is still empty
2024-07-24 10:22:58 INFO  Reusables:53 - output.txt is still empty
2024-07-24 10:22:58 INFO  Reusables:53 - output.txt is still empty
2024-07-24 10:22:58 INFO  Reusables:53 - output.txt is still empty
2024-07-24 10:22:58 INFO  Reusables:53 - output.txt is still empty
2024-07-24 10:22:58 INFO  Reusables:53 - output.txt is still empty
2024-07-24 10:22:58 INFO  Reusables:53 - output.txt is still empty
2024-07-24 10:22:58 INFO  Reusables:53 - output.txt is still empty
2024-07-24 10:22:58 INFO  Reusables:53 - output.txt is still empty
2024-07-24 10:22:58 INFO  Reusables:53 - output.txt is still empty
2024-07-24 10:22:58 INFO  Reusables:53 - output.txt is still empty
2024-07-24 10:22:58 INFO  Reusables:53 - output.txt is still empty
2024-07-24 10:22:58 INFO  Reusables:53 - output.txt is still empty
2024-07-24 10:22:58 INFO  Reusables:53 - output.txt is still empty
2024-07-24 10:22:58 INFO  Reusables:53 - output.txt is still empty
2024-07-24 10:22:58 INFO  Reusables:53 - output.txt is still empty
2024-07-24 10:22:58 INFO  Reusables:53 - output.txt is still empty
2024-07-24 10:22:58 INFO  Reusables:53 - output.txt is still empty
2024-07-24 10:22:58 INFO  Reusables:53 - output.txt is still empty
2024-07-24 10:22:58 INFO  Reusables:53 - output.txt is still empty
2024-07-24 10:22:58 INFO  Reusables:53 - output.txt is still empty
2024-07-24 10:22:58 INFO  Reusables:53 - output.txt is still empty
2024-07-24 10:22:58 INFO  Reusables:53 - output.txt is still empty
2024-07-24 10:22:58 INFO  Reusables:53 - output.txt is still empty
2024-07-24 10:22:58 INFO  Reusables:53 - output.txt is still empty
2024-07-24 10:22:58 INFO  Reusables:53 - output.txt is still empty
2024-07-24 10:22:58 INFO  Reusables:53 - output.txt is still empty
2024-07-24 10:22:58 INFO  Reusables:53 - output.txt is still empty
2024-07-24 10:22:58 INFO  Reusables:53 - output.txt is still empty
2024-07-24 10:22:58 INFO  Reusables:53 - output.txt is still empty
2024-07-24 10:22:58 INFO  Reusables:53 - output.txt is still empty
2024-07-24 10:22:58 INFO  Reusables:53 - output.txt is still empty
2024-07-24 10:22:58 INFO  Reusables:53 - output.txt is still empty
2024-07-24 10:22:58 INFO  Reusables:53 - output.txt is still empty
2024-07-24 10:22:58 INFO  Reusables:53 - output.txt is still empty
2024-07-24 10:22:58 INFO  Reusables:53 - output.txt is still empty
2024-07-24 10:22:58 INFO  Reusables:53 - output.txt is still empty
2024-07-24 10:22:58 INFO  Reusables:53 - output.txt is still empty
2024-07-24 10:22:58 INFO  Reusables:53 - output.txt is still empty
2024-07-24 10:22:58 INFO  Reusables:53 - output.txt is still empty
2024-07-24 10:22:58 INFO  Reusables:53 - output.txt is still empty
2024-07-24 10:22:58 INFO  Reusables:53 - output.txt is still empty
2024-07-24 10:22:58 INFO  Reusables:53 - output.txt is still empty
2024-07-24 10:22:58 INFO  Reusables:53 - output.txt is still empty
2024-07-24 10:22:58 INFO  Reusables:53 - output.txt is still empty
2024-07-24 10:22:58 INFO  Reusables:53 - output.txt is still empty
2024-07-24 10:22:58 INFO  Reusables:53 - output.txt is still empty
2024-07-24 10:22:58 INFO  Reusables:53 - output.txt is still empty
2024-07-24 10:22:58 INFO  Reusables:53 - output.txt is still empty
2024-07-24 10:22:58 INFO  Reusables:53 - output.txt is still empty
2024-07-24 10:22:58 INFO  Reusables:53 - output.txt is still empty
2024-07-24 10:22:58 INFO  Reusables:53 - output.txt is still empty
2024-07-24 10:22:58 INFO  Reusables:53 - output.txt is still empty
2024-07-24 10:22:58 INFO  Reusables:53 - output.txt is still empty
2024-07-24 10:22:58 INFO  Reusables:53 - output.txt is still empty
2024-07-24 10:22:58 INFO  Reusables:53 - output.txt is still empty
2024-07-24 10:22:58 INFO  Reusables:53 - output.txt is still empty
2024-07-24 10:22:58 INFO  Reusables:53 - output.txt is still empty
2024-07-24 10:22:58 INFO  Reusables:53 - output.txt is still empty
2024-07-24 10:22:58 INFO  Reusables:53 - output.txt is still empty
2024-07-24 10:22:58 INFO  Reusables:53 - output.txt is still empty
2024-07-24 10:22:58 INFO  Reusables:53 - output.txt is still empty
2024-07-24 10:22:58 INFO  Reusables:53 - output.txt is still empty
2024-07-24 10:22:58 INFO  Reusables:53 - output.txt is still empty
2024-07-24 10:22:58 INFO  Reusables:53 - output.txt is still empty
2024-07-24 10:22:58 INFO  Reusables:53 - output.txt is still empty
2024-07-24 10:22:58 INFO  Reusables:53 - output.txt is still empty
2024-07-24 10:22:58 INFO  Reusables:53 - output.txt is still empty
2024-07-24 10:22:58 INFO  Reusables:53 - output.txt is still empty
2024-07-24 10:22:58 INFO  Reusables:53 - output.txt is still empty
2024-07-24 10:22:58 INFO  Reusables:53 - output.txt is still empty
2024-07-24 10:22:58 INFO  Reusables:53 - output.txt is still empty
2024-07-24 10:22:58 INFO  Reusables:53 - output.txt is still empty
2024-07-24 10:22:58 INFO  Reusables:53 - output.txt is still empty
2024-07-24 10:22:58 INFO  Reusables:53 - output.txt is still empty
2024-07-24 10:22:58 INFO  Reusables:53 - output.txt is still empty
2024-07-24 10:22:58 INFO  Reusables:53 - output.txt is still empty
2024-07-24 10:22:58 INFO  Reusables:53 - output.txt is still empty
2024-07-24 10:22:58 INFO  Reusables:53 - output.txt is still empty
2024-07-24 10:22:58 INFO  Reusables:53 - output.txt is still empty
2024-07-24 10:22:58 INFO  Reusables:53 - output.txt is still empty
2024-07-24 10:22:58 INFO  Reusables:53 - output.txt is still empty
2024-07-24 10:22:58 INFO  Reusables:53 - output.txt is still empty
2024-07-24 10:22:58 INFO  Reusables:53 - output.txt is still empty
2024-07-24 10:22:58 INFO  Reusables:53 - output.txt is still empty
2024-07-24 10:22:58 INFO  Reusables:53 - output.txt is still empty
2024-07-24 10:22:58 INFO  Reusables:53 - output.txt is still empty
2024-07-24 10:22:58 INFO  Reusables:53 - output.txt is still empty
2024-07-24 10:22:58 INFO  Reusables:53 - output.txt is still empty
2024-07-24 10:22:58 INFO  Reusables:53 - output.txt is still empty
2024-07-24 10:22:58 INFO  Reusables:53 - output.txt is still empty
2024-07-24 10:22:58 INFO  Reusables:53 - output.txt is still empty
2024-07-24 10:22:58 INFO  Reusables:53 - output.txt is still empty
2024-07-24 10:22:58 INFO  Reusables:53 - output.txt is still empty
2024-07-24 10:22:58 INFO  Reusables:53 - output.txt is still empty
2024-07-24 10:22:58 INFO  Reusables:53 - output.txt is still empty
2024-07-24 10:22:58 INFO  Reusables:53 - output.txt is still empty
2024-07-24 10:22:58 INFO  Reusables:53 - output.txt is still empty
2024-07-24 10:22:58 INFO  Reusables:53 - output.txt is still empty
2024-07-24 10:22:58 INFO  Reusables:53 - output.txt is still empty
2024-07-24 10:22:58 INFO  Reusables:53 - output.txt is still empty
2024-07-24 10:22:58 INFO  Reusables:53 - output.txt is still empty
2024-07-24 10:22:58 INFO  Reusables:53 - output.txt is still empty
2024-07-24 10:22:58 INFO  Reusables:53 - output.txt is still empty
2024-07-24 10:22:58 INFO  Reusables:53 - output.txt is still empty
2024-07-24 10:22:58 INFO  Reusables:53 - output.txt is still empty
2024-07-24 10:22:58 INFO  Reusables:53 - output.txt is still empty
2024-07-24 10:22:58 INFO  Reusables:53 - output.txt is still empty
2024-07-24 10:22:58 INFO  Reusables:53 - output.txt is still empty
2024-07-24 10:22:58 INFO  Reusables:53 - output.txt is still empty
2024-07-24 10:22:58 INFO  Reusables:53 - output.txt is still empty
2024-07-24 10:22:58 INFO  Reusables:53 - output.txt is still empty
2024-07-24 10:22:58 INFO  Reusables:53 - output.txt is still empty
2024-07-24 10:22:58 INFO  Reusables:53 - output.txt is still empty
2024-07-24 10:22:58 INFO  Reusables:53 - output.txt is still empty
2024-07-24 10:22:58 INFO  Reusables:53 - output.txt is still empty
2024-07-24 10:22:58 INFO  Reusables:53 - output.txt is still empty
2024-07-24 10:22:58 INFO  Reusables:53 - output.txt is still empty
2024-07-24 10:22:58 INFO  Reusables:53 - output.txt is still empty
2024-07-24 10:22:58 INFO  Reusables:53 - output.txt is still empty
2024-07-24 10:22:58 INFO  Reusables:53 - output.txt is still empty
2024-07-24 10:22:58 INFO  Reusables:53 - output.txt is still empty
2024-07-24 10:22:58 INFO  Reusables:53 - output.txt is still empty
2024-07-24 10:22:58 INFO  Reusables:53 - output.txt is still empty
2024-07-24 10:22:58 INFO  Reusables:53 - output.txt is still empty
2024-07-24 10:22:58 INFO  Reusables:53 - output.txt is still empty
2024-07-24 10:22:58 INFO  Reusables:53 - output.txt is still empty
2024-07-24 10:22:58 INFO  Reusables:53 - output.txt is still empty
2024-07-24 10:22:58 INFO  Reusables:53 - output.txt is still empty
2024-07-24 10:22:58 INFO  Reusables:53 - output.txt is still empty
2024-07-24 10:22:58 INFO  Reusables:53 - output.txt is still empty
2024-07-24 10:22:58 INFO  Reusables:53 - output.txt is still empty
2024-07-24 10:22:58 INFO  Reusables:53 - output.txt is still empty
2024-07-24 10:22:58 INFO  Reusables:53 - output.txt is still empty
2024-07-24 10:22:58 INFO  Reusables:53 - output.txt is still empty
2024-07-24 10:22:58 INFO  Reusables:53 - output.txt is still empty
2024-07-24 10:22:58 INFO  Reusables:53 - output.txt is still empty
2024-07-24 10:22:58 INFO  Reusables:53 - output.txt is still empty
2024-07-24 10:22:58 INFO  Reusables:53 - output.txt is still empty
2024-07-24 10:22:58 INFO  Reusables:53 - output.txt is still empty
2024-07-24 10:22:58 INFO  Reusables:53 - output.txt is still empty
2024-07-24 10:22:58 INFO  Reusables:53 - output.txt is still empty
2024-07-24 10:22:58 INFO  Reusables:53 - output.txt is still empty
2024-07-24 10:22:58 INFO  Reusables:53 - output.txt is still empty
2024-07-24 10:22:58 INFO  Reusables:53 - output.txt is still empty
2024-07-24 10:22:58 INFO  Reusables:53 - output.txt is still empty
2024-07-24 10:22:58 INFO  Reusables:53 - output.txt is still empty
2024-07-24 10:22:58 INFO  Reusables:53 - output.txt is still empty
2024-07-24 10:22:58 INFO  Reusables:53 - output.txt is still empty
2024-07-24 10:22:58 INFO  Reusables:53 - output.txt is still empty
2024-07-24 10:22:58 INFO  Reusables:53 - output.txt is still empty
2024-07-24 10:22:58 INFO  Reusables:53 - output.txt is still empty
2024-07-24 10:22:58 INFO  Reusables:53 - output.txt is still empty
2024-07-24 10:22:58 INFO  Reusables:53 - output.txt is still empty
2024-07-24 10:22:58 INFO  Reusables:53 - output.txt is still empty
2024-07-24 10:22:58 INFO  Reusables:53 - output.txt is still empty
2024-07-24 10:22:58 INFO  Reusables:53 - output.txt is still empty
2024-07-24 10:22:58 INFO  Reusables:53 - output.txt is still empty
2024-07-24 10:22:58 INFO  Reusables:53 - output.txt is still empty
2024-07-24 10:22:58 INFO  Reusables:53 - output.txt is still empty
2024-07-24 10:22:58 INFO  Reusables:53 - output.txt is still empty
2024-07-24 10:22:58 INFO  Reusables:53 - output.txt is still empty
2024-07-24 10:22:58 INFO  Reusables:53 - output.txt is still empty
2024-07-24 10:22:58 INFO  Reusables:53 - output.txt is still empty
2024-07-24 10:22:58 INFO  Reusables:53 - output.txt is still empty
2024-07-24 10:22:58 INFO  Reusables:53 - output.txt is still empty
2024-07-24 10:22:58 INFO  Reusables:53 - output.txt is still empty
2024-07-24 10:22:58 INFO  Reusables:53 - output.txt is still empty
2024-07-24 10:22:58 INFO  Reusables:53 - output.txt is still empty
2024-07-24 10:22:58 INFO  Reusables:53 - output.txt is still empty
2024-07-24 10:22:58 INFO  Reusables:53 - output.txt is still empty
2024-07-24 10:22:58 INFO  Reusables:53 - output.txt is still empty
2024-07-24 10:22:58 INFO  Reusables:53 - output.txt is still empty
2024-07-24 10:22:58 INFO  Reusables:53 - output.txt is still empty
2024-07-24 10:22:58 INFO  Reusables:53 - output.txt is still empty
2024-07-24 10:22:58 INFO  Reusables:53 - output.txt is still empty
2024-07-24 10:22:58 INFO  Reusables:53 - output.txt is still empty
2024-07-24 10:22:58 INFO  Reusables:53 - output.txt is still empty
2024-07-24 10:22:58 INFO  Reusables:53 - output.txt is still empty
2024-07-24 10:22:58 INFO  Reusables:53 - output.txt is still empty
2024-07-24 10:22:58 INFO  Reusables:53 - output.txt is still empty
2024-07-24 10:22:58 INFO  Reusables:53 - output.txt is still empty
2024-07-24 10:22:58 INFO  Reusables:53 - output.txt is still empty
2024-07-24 10:22:58 INFO  Reusables:53 - output.txt is still empty
2024-07-24 10:22:58 INFO  Reusables:53 - output.txt is still empty
2024-07-24 10:22:58 INFO  Reusables:53 - output.txt is still empty
2024-07-24 10:22:58 INFO  Reusables:53 - output.txt is still empty
2024-07-24 10:22:58 INFO  Reusables:53 - output.txt is still empty
2024-07-24 10:22:58 INFO  Reusables:53 - output.txt is still empty
2024-07-24 10:22:58 INFO  Reusables:53 - output.txt is still empty
2024-07-24 10:22:58 INFO  Reusables:53 - output.txt is still empty
2024-07-24 10:22:58 INFO  Reusables:53 - output.txt is still empty
2024-07-24 10:22:58 INFO  Reusables:53 - output.txt is still empty
2024-07-24 10:22:58 INFO  Reusables:53 - output.txt is still empty
2024-07-24 10:22:58 INFO  Reusables:53 - output.txt is still empty
2024-07-24 10:22:58 INFO  Reusables:53 - output.txt is still empty
2024-07-24 10:22:58 INFO  Reusables:53 - output.txt is still empty
2024-07-24 10:22:58 INFO  Reusables:53 - output.txt is still empty
2024-07-24 10:22:58 INFO  Reusables:53 - output.txt is still empty
2024-07-24 10:22:58 INFO  Reusables:53 - output.txt is still empty
2024-07-24 10:22:58 INFO  Reusables:53 - output.txt is still empty
2024-07-24 10:22:58 INFO  Reusables:53 - output.txt is still empty
2024-07-24 10:22:58 INFO  Reusables:53 - output.txt is still empty
2024-07-24 10:22:58 INFO  Reusables:53 - output.txt is still empty
2024-07-24 10:22:58 INFO  Reusables:53 - output.txt is still empty
2024-07-24 10:22:58 INFO  Reusables:53 - output.txt is still empty
2024-07-24 10:22:58 INFO  Reusables:53 - output.txt is still empty
2024-07-24 10:22:58 INFO  Reusables:53 - output.txt is still empty
2024-07-24 10:22:58 INFO  Reusables:53 - output.txt is still empty
2024-07-24 10:22:58 INFO  Reusables:53 - output.txt is still empty
2024-07-24 10:22:58 INFO  Reusables:53 - output.txt is still empty
2024-07-24 10:22:58 INFO  Reusables:53 - output.txt is still empty
2024-07-24 10:22:58 INFO  Reusables:53 - output.txt is still empty
2024-07-24 10:22:58 INFO  Reusables:53 - output.txt is still empty
2024-07-24 10:22:58 INFO  Reusables:53 - output.txt is still empty
2024-07-24 10:22:58 INFO  Reusables:53 - output.txt is still empty
2024-07-24 10:22:58 INFO  Reusables:53 - output.txt is still empty
2024-07-24 10:22:58 INFO  Reusables:53 - output.txt is still empty
2024-07-24 10:22:58 INFO  Reusables:53 - output.txt is still empty
2024-07-24 10:22:58 INFO  Reusables:53 - output.txt is still empty
2024-07-24 10:22:58 INFO  Reusables:53 - output.txt is still empty
2024-07-24 10:22:58 INFO  Reusables:53 - output.txt is still empty
2024-07-24 10:22:58 INFO  Reusables:53 - output.txt is still empty
2024-07-24 10:22:58 INFO  Reusables:53 - output.txt is still empty
2024-07-24 10:22:58 INFO  Reusables:53 - output.txt is still empty
2024-07-24 10:22:58 INFO  Reusables:53 - output.txt is still empty
2024-07-24 10:22:58 INFO  Reusables:53 - output.txt is still empty
2024-07-24 10:22:58 INFO  Reusables:53 - output.txt is still empty
2024-07-24 10:22:58 INFO  Reusables:53 - output.txt is still empty
2024-07-24 10:22:58 INFO  Reusables:53 - output.txt is still empty
2024-07-24 10:22:58 INFO  Reusables:53 - output.txt is still empty
2024-07-24 10:22:58 INFO  Reusables:53 - output.txt is still empty
2024-07-24 10:22:58 INFO  Reusables:53 - output.txt is still empty
2024-07-24 10:22:58 INFO  Reusables:53 - output.txt is still empty
2024-07-24 10:22:58 INFO  Reusables:53 - output.txt is still empty
2024-07-24 10:22:58 INFO  Reusables:53 - output.txt is still empty
2024-07-24 10:22:58 INFO  Reusables:53 - output.txt is still empty
2024-07-24 10:22:58 INFO  Reusables:53 - output.txt is still empty
2024-07-24 10:22:58 INFO  Reusables:53 - output.txt is still empty
2024-07-24 10:22:58 INFO  Reusables:53 - output.txt is still empty
2024-07-24 10:22:58 INFO  Reusables:53 - output.txt is still empty
2024-07-24 10:22:58 INFO  Reusables:53 - output.txt is still empty
2024-07-24 10:22:58 INFO  Reusables:53 - output.txt is still empty
2024-07-24 10:22:58 INFO  Reusables:53 - output.txt is still empty
2024-07-24 10:22:58 INFO  Reusables:53 - output.txt is still empty
2024-07-24 10:22:58 INFO  Reusables:53 - output.txt is still empty
2024-07-24 10:22:58 INFO  Reusables:53 - output.txt is still empty
2024-07-24 10:22:58 INFO  Reusables:53 - output.txt is still empty
2024-07-24 10:22:58 INFO  Reusables:53 - output.txt is still empty
2024-07-24 10:22:58 INFO  Reusables:53 - output.txt is still empty
2024-07-24 10:22:58 INFO  Reusables:53 - output.txt is still empty
2024-07-24 10:22:58 INFO  Reusables:53 - output.txt is still empty
2024-07-24 10:22:58 INFO  Reusables:53 - output.txt is still empty
2024-07-24 10:22:58 INFO  Reusables:53 - output.txt is still empty
2024-07-24 10:22:58 INFO  Reusables:53 - output.txt is still empty
2024-07-24 10:22:58 INFO  Reusables:53 - output.txt is still empty
2024-07-24 10:22:58 INFO  Reusables:53 - output.txt is still empty
2024-07-24 10:22:58 INFO  Reusables:53 - output.txt is still empty
2024-07-24 10:22:58 INFO  Reusables:53 - output.txt is still empty
2024-07-24 10:22:58 INFO  Reusables:53 - output.txt is still empty
2024-07-24 10:22:58 INFO  Reusables:53 - output.txt is still empty
2024-07-24 10:22:58 INFO  Reusables:53 - output.txt is still empty
2024-07-24 10:22:58 INFO  Reusables:53 - output.txt is still empty
2024-07-24 10:22:58 INFO  Reusables:53 - output.txt is still empty
2024-07-24 10:22:58 INFO  Reusables:53 - output.txt is still empty
2024-07-24 10:22:58 INFO  Reusables:53 - output.txt is still empty
2024-07-24 10:22:58 INFO  Reusables:53 - output.txt is still empty
2024-07-24 10:22:58 INFO  Reusables:53 - output.txt is still empty
2024-07-24 10:22:58 INFO  Reusables:53 - output.txt is still empty
2024-07-24 10:22:58 INFO  Reusables:53 - output.txt is still empty
2024-07-24 10:22:58 INFO  Reusables:53 - output.txt is still empty
2024-07-24 10:22:58 INFO  Reusables:53 - output.txt is still empty
2024-07-24 10:22:58 INFO  Reusables:53 - output.txt is still empty
2024-07-24 10:22:58 INFO  Reusables:53 - output.txt is still empty
2024-07-24 10:22:58 INFO  Reusables:53 - output.txt is still empty
2024-07-24 10:22:58 INFO  Reusables:53 - output.txt is still empty
2024-07-24 10:22:58 INFO  Reusables:53 - output.txt is still empty
2024-07-24 10:22:58 INFO  Reusables:53 - output.txt is still empty
2024-07-24 10:22:58 INFO  Reusables:53 - output.txt is still empty
2024-07-24 10:22:58 INFO  Reusables:53 - output.txt is still empty
2024-07-24 10:22:58 INFO  Reusables:53 - output.txt is still empty
2024-07-24 10:22:58 INFO  Reusables:53 - output.txt is still empty
2024-07-24 10:22:58 INFO  Reusables:53 - output.txt is still empty
2024-07-24 10:22:58 INFO  Reusables:53 - output.txt is still empty
2024-07-24 10:22:58 INFO  Reusables:53 - output.txt is still empty
2024-07-24 10:22:58 INFO  Reusables:53 - output.txt is still empty
2024-07-24 10:22:58 INFO  Reusables:53 - output.txt is still empty
2024-07-24 10:22:58 INFO  Reusables:53 - output.txt is still empty
2024-07-24 10:22:58 INFO  Reusables:53 - output.txt is still empty
2024-07-24 10:22:58 INFO  Reusables:53 - output.txt is still empty
2024-07-24 10:22:58 INFO  Reusables:53 - output.txt is still empty
2024-07-24 10:22:58 INFO  Reusables:53 - output.txt is still empty
2024-07-24 10:22:58 INFO  Reusables:53 - output.txt is still empty
2024-07-24 10:22:58 INFO  Reusables:53 - output.txt is still empty
2024-07-24 10:22:58 INFO  Reusables:53 - output.txt is still empty
2024-07-24 10:22:58 INFO  Reusables:53 - output.txt is still empty
2024-07-24 10:22:58 INFO  Reusables:53 - output.txt is still empty
2024-07-24 10:22:58 INFO  Reusables:53 - output.txt is still empty
2024-07-24 10:22:58 INFO  Reusables:53 - output.txt is still empty
2024-07-24 10:22:58 INFO  Reusables:53 - output.txt is still empty
2024-07-24 10:22:58 INFO  Reusables:53 - output.txt is still empty
2024-07-24 10:22:58 INFO  Reusables:53 - output.txt is still empty
2024-07-24 10:22:58 INFO  Reusables:53 - output.txt is still empty
2024-07-24 10:22:58 INFO  Reusables:53 - output.txt is still empty
2024-07-24 10:22:58 INFO  Reusables:53 - output.txt is still empty
2024-07-24 10:22:58 INFO  Reusables:53 - output.txt is still empty
2024-07-24 10:22:58 INFO  Reusables:53 - output.txt is still empty
2024-07-24 10:22:58 INFO  Reusables:53 - output.txt is still empty
2024-07-24 10:22:58 INFO  Reusables:53 - output.txt is still empty
2024-07-24 10:22:58 INFO  Reusables:53 - output.txt is still empty
2024-07-24 10:22:58 INFO  Reusables:53 - output.txt is still empty
2024-07-24 10:22:58 INFO  Reusables:53 - output.txt is still empty
2024-07-24 10:22:58 INFO  Reusables:53 - output.txt is still empty
2024-07-24 10:22:58 INFO  Reusables:53 - output.txt is still empty
2024-07-24 10:22:58 INFO  Reusables:53 - output.txt is still empty
2024-07-24 10:22:58 INFO  Reusables:53 - output.txt is still empty
2024-07-24 10:22:58 INFO  Reusables:53 - output.txt is still empty
2024-07-24 10:22:58 INFO  Reusables:53 - output.txt is still empty
2024-07-24 10:22:58 INFO  Reusables:53 - output.txt is still empty
2024-07-24 10:22:58 INFO  Reusables:53 - output.txt is still empty
2024-07-24 10:22:58 INFO  Reusables:53 - output.txt is still empty
2024-07-24 10:22:58 INFO  Reusables:53 - output.txt is still empty
2024-07-24 10:22:58 INFO  Reusables:53 - output.txt is still empty
2024-07-24 10:22:58 INFO  Reusables:53 - output.txt is still empty
2024-07-24 10:22:58 INFO  Reusables:53 - output.txt is still empty
2024-07-24 10:22:58 INFO  Reusables:53 - output.txt is still empty
2024-07-24 10:22:58 INFO  Reusables:53 - output.txt is still empty
2024-07-24 10:22:58 INFO  Reusables:53 - output.txt is still empty
2024-07-24 10:22:58 INFO  Reusables:53 - output.txt is still empty
2024-07-24 10:22:58 INFO  Reusables:53 - output.txt is still empty
2024-07-24 10:22:58 INFO  Reusables:53 - output.txt is still empty
2024-07-24 10:22:58 INFO  Reusables:53 - output.txt is still empty
2024-07-24 10:22:58 INFO  Reusables:53 - output.txt is still empty
2024-07-24 10:22:58 INFO  Reusables:53 - output.txt is still empty
2024-07-24 10:22:58 INFO  Reusables:53 - output.txt is still empty
2024-07-24 10:22:58 INFO  Reusables:53 - output.txt is still empty
2024-07-24 10:22:58 INFO  Reusables:53 - output.txt is still empty
2024-07-24 10:22:58 INFO  Reusables:53 - output.txt is still empty
2024-07-24 10:22:58 INFO  Reusables:53 - output.txt is still empty
2024-07-24 10:22:58 INFO  Reusables:53 - output.txt is still empty
2024-07-24 10:22:58 INFO  Reusables:53 - output.txt is still empty
2024-07-24 10:22:58 INFO  Reusables:53 - output.txt is still empty
2024-07-24 10:22:58 INFO  Reusables:53 - output.txt is still empty
2024-07-24 10:22:58 INFO  Reusables:53 - output.txt is still empty
2024-07-24 10:22:58 INFO  Reusables:53 - output.txt is still empty
2024-07-24 10:22:58 INFO  Reusables:53 - output.txt is still empty
2024-07-24 10:22:58 INFO  Reusables:53 - output.txt is still empty
2024-07-24 10:22:58 INFO  Reusables:53 - output.txt is still empty
2024-07-24 10:22:58 INFO  Reusables:53 - output.txt is still empty
2024-07-24 10:22:58 INFO  Reusables:53 - output.txt is still empty
2024-07-24 10:22:58 INFO  Reusables:53 - output.txt is still empty
2024-07-24 10:22:58 INFO  Reusables:53 - output.txt is still empty
2024-07-24 10:22:58 INFO  Reusables:53 - output.txt is still empty
2024-07-24 10:22:58 INFO  Reusables:53 - output.txt is still empty
2024-07-24 10:22:58 INFO  Reusables:53 - output.txt is still empty
2024-07-24 10:22:58 INFO  Reusables:53 - output.txt is still empty
2024-07-24 10:22:58 INFO  Reusables:53 - output.txt is still empty
2024-07-24 10:22:58 INFO  Reusables:53 - output.txt is still empty
2024-07-24 10:22:58 INFO  Reusables:53 - output.txt is still empty
2024-07-24 10:22:58 INFO  Reusables:53 - output.txt is still empty
2024-07-24 10:22:58 INFO  Reusables:53 - output.txt is still empty
2024-07-24 10:22:58 INFO  Reusables:53 - output.txt is still empty
2024-07-24 10:22:58 INFO  Reusables:53 - output.txt is still empty
2024-07-24 10:22:58 INFO  Reusables:53 - output.txt is still empty
2024-07-24 10:22:58 INFO  Reusables:53 - output.txt is still empty
2024-07-24 10:22:58 INFO  Reusables:53 - output.txt is still empty
2024-07-24 10:22:58 INFO  Reusables:53 - output.txt is still empty
2024-07-24 10:22:58 INFO  Reusables:53 - output.txt is still empty
2024-07-24 10:22:58 INFO  Reusables:53 - output.txt is still empty
2024-07-24 10:22:58 INFO  Reusables:53 - output.txt is still empty
2024-07-24 10:22:58 INFO  Reusables:53 - output.txt is still empty
2024-07-24 10:22:58 INFO  Reusables:53 - output.txt is still empty
2024-07-24 10:22:58 INFO  Reusables:53 - output.txt is still empty
2024-07-24 10:22:58 INFO  Reusables:53 - output.txt is still empty
2024-07-24 10:22:58 INFO  Reusables:53 - output.txt is still empty
2024-07-24 10:22:58 INFO  Reusables:53 - output.txt is still empty
2024-07-24 10:22:58 INFO  Reusables:53 - output.txt is still empty
2024-07-24 10:22:58 INFO  Reusables:53 - output.txt is still empty
2024-07-24 10:22:58 INFO  Reusables:53 - output.txt is still empty
2024-07-24 10:22:58 INFO  Reusables:53 - output.txt is still empty
2024-07-24 10:22:58 INFO  Reusables:53 - output.txt is still empty
2024-07-24 10:22:58 INFO  Reusables:53 - output.txt is still empty
2024-07-24 10:22:58 INFO  Reusables:53 - output.txt is still empty
2024-07-24 10:22:58 INFO  Reusables:53 - output.txt is still empty
2024-07-24 10:22:58 INFO  Reusables:53 - output.txt is still empty
2024-07-24 10:22:58 INFO  Reusables:53 - output.txt is still empty
2024-07-24 10:22:58 INFO  Reusables:53 - output.txt is still empty
2024-07-24 10:22:58 INFO  Reusables:53 - output.txt is still empty
2024-07-24 10:22:58 INFO  Reusables:53 - output.txt is still empty
2024-07-24 10:22:58 INFO  Reusables:53 - output.txt is still empty
2024-07-24 10:22:58 INFO  Reusables:53 - output.txt is still empty
2024-07-24 10:22:58 INFO  Reusables:53 - output.txt is still empty
2024-07-24 10:22:58 INFO  Reusables:53 - output.txt is still empty
2024-07-24 10:22:58 INFO  Reusables:53 - output.txt is still empty
2024-07-24 10:22:58 INFO  Reusables:53 - output.txt is still empty
2024-07-24 10:22:58 INFO  Reusables:53 - output.txt is still empty
2024-07-24 10:22:58 INFO  Reusables:53 - output.txt is still empty
2024-07-24 10:22:58 INFO  Reusables:53 - output.txt is still empty
2024-07-24 10:22:58 INFO  Reusables:53 - output.txt is still empty
2024-07-24 10:22:58 INFO  Reusables:53 - output.txt is still empty
2024-07-24 10:22:58 INFO  Reusables:53 - output.txt is still empty
2024-07-24 10:22:58 INFO  Reusables:53 - output.txt is still empty
2024-07-24 10:22:58 INFO  Reusables:53 - output.txt is still empty
2024-07-24 10:22:58 INFO  Reusables:53 - output.txt is still empty
2024-07-24 10:22:58 INFO  Reusables:53 - output.txt is still empty
2024-07-24 10:22:58 INFO  Reusables:53 - output.txt is still empty
2024-07-24 10:22:58 INFO  Reusables:53 - output.txt is still empty
2024-07-24 10:22:58 INFO  Reusables:53 - output.txt is still empty
2024-07-24 10:22:58 INFO  Reusables:53 - output.txt is still empty
2024-07-24 10:22:58 INFO  Reusables:53 - output.txt is still empty
2024-07-24 10:22:58 INFO  Reusables:53 - output.txt is still empty
2024-07-24 10:22:58 INFO  Reusables:53 - output.txt is still empty
2024-07-24 10:22:58 INFO  Reusables:53 - output.txt is still empty
2024-07-24 10:22:58 INFO  Reusables:53 - output.txt is still empty
2024-07-24 10:22:58 INFO  Reusables:53 - output.txt is still empty
2024-07-24 10:22:58 INFO  Reusables:53 - output.txt is still empty
2024-07-24 10:22:58 INFO  Reusables:53 - output.txt is still empty
2024-07-24 10:22:58 INFO  Reusables:53 - output.txt is still empty
2024-07-24 10:22:58 INFO  Reusables:53 - output.txt is still empty
2024-07-24 10:22:58 INFO  Reusables:53 - output.txt is still empty
2024-07-24 10:22:58 INFO  Reusables:53 - output.txt is still empty
2024-07-24 10:22:58 INFO  Reusables:53 - output.txt is still empty
2024-07-24 10:22:58 INFO  Reusables:53 - output.txt is still empty
2024-07-24 10:22:58 INFO  Reusables:53 - output.txt is still empty
2024-07-24 10:22:58 INFO  Reusables:53 - output.txt is still empty
2024-07-24 10:22:58 INFO  Reusables:53 - output.txt is still empty
2024-07-24 10:22:58 INFO  Reusables:53 - output.txt is still empty
2024-07-24 10:22:58 INFO  Reusables:53 - output.txt is still empty
2024-07-24 10:22:58 INFO  Reusables:53 - output.txt is still empty
2024-07-24 10:22:58 INFO  Reusables:53 - output.txt is still empty
2024-07-24 10:22:58 INFO  Reusables:53 - output.txt is still empty
2024-07-24 10:22:58 INFO  Reusables:53 - output.txt is still empty
2024-07-24 10:22:58 INFO  Reusables:53 - output.txt is still empty
2024-07-24 10:22:58 INFO  Reusables:53 - output.txt is still empty
2024-07-24 10:22:58 INFO  Reusables:53 - output.txt is still empty
2024-07-24 10:22:58 INFO  Reusables:53 - output.txt is still empty
2024-07-24 10:22:58 INFO  Reusables:53 - output.txt is still empty
2024-07-24 10:22:58 INFO  Reusables:53 - output.txt is still empty
2024-07-24 10:22:58 INFO  Reusables:53 - output.txt is still empty
2024-07-24 10:22:58 INFO  Reusables:53 - output.txt is still empty
2024-07-24 10:22:58 INFO  Reusables:53 - output.txt is still empty
2024-07-24 10:22:58 INFO  Reusables:53 - output.txt is still empty
2024-07-24 10:22:58 INFO  Reusables:53 - output.txt is still empty
2024-07-24 10:22:58 INFO  Reusables:53 - output.txt is still empty
2024-07-24 10:22:58 INFO  Reusables:53 - output.txt is still empty
2024-07-24 10:22:58 INFO  Reusables:53 - output.txt is still empty
2024-07-24 10:22:58 INFO  Reusables:53 - output.txt is still empty
2024-07-24 10:22:58 INFO  Reusables:53 - output.txt is still empty
2024-07-24 10:22:58 INFO  Reusables:53 - output.txt is still empty
2024-07-24 10:22:58 INFO  Reusables:53 - output.txt is still empty
2024-07-24 10:22:58 INFO  Reusables:53 - output.txt is still empty
2024-07-24 10:22:58 INFO  Reusables:53 - output.txt is still empty
2024-07-24 10:22:58 INFO  Reusables:53 - output.txt is still empty
2024-07-24 10:22:58 INFO  Reusables:53 - output.txt is still empty
2024-07-24 10:22:58 INFO  Reusables:53 - output.txt is still empty
2024-07-24 10:22:58 INFO  Reusables:53 - output.txt is still empty
2024-07-24 10:22:58 INFO  Reusables:53 - output.txt is still empty
2024-07-24 10:22:58 INFO  Reusables:53 - output.txt is still empty
2024-07-24 10:22:58 INFO  Reusables:53 - output.txt is still empty
2024-07-24 10:22:58 INFO  Reusables:53 - output.txt is still empty
2024-07-24 10:22:58 INFO  Reusables:53 - output.txt is still empty
2024-07-24 10:22:58 INFO  Reusables:53 - output.txt is still empty
2024-07-24 10:22:58 INFO  Reusables:53 - output.txt is still empty
2024-07-24 10:22:58 INFO  Reusables:53 - output.txt is still empty
2024-07-24 10:22:58 INFO  Reusables:53 - output.txt is still empty
2024-07-24 10:22:58 INFO  Reusables:53 - output.txt is still empty
2024-07-24 10:22:58 INFO  Reusables:53 - output.txt is still empty
2024-07-24 10:22:58 INFO  Reusables:53 - output.txt is still empty
2024-07-24 10:22:58 INFO  Reusables:53 - output.txt is still empty
2024-07-24 10:22:58 INFO  Reusables:53 - output.txt is still empty
2024-07-24 10:22:58 INFO  Reusables:53 - output.txt is still empty
2024-07-24 10:22:58 INFO  Reusables:53 - output.txt is still empty
2024-07-24 10:22:58 INFO  Reusables:53 - output.txt is still empty
2024-07-24 10:22:58 INFO  Reusables:53 - output.txt is still empty
2024-07-24 10:22:58 INFO  Reusables:53 - output.txt is still empty
2024-07-24 10:22:58 INFO  Reusables:53 - output.txt is still empty
2024-07-24 10:22:58 INFO  Reusables:53 - output.txt is still empty
2024-07-24 10:22:58 INFO  Reusables:53 - output.txt is still empty
2024-07-24 10:22:58 INFO  Reusables:53 - output.txt is still empty
2024-07-24 10:22:58 INFO  Reusables:53 - output.txt is still empty
2024-07-24 10:22:58 INFO  Reusables:53 - output.txt is still empty
2024-07-24 10:22:58 INFO  Reusables:53 - output.txt is still empty
2024-07-24 10:22:58 INFO  Reusables:53 - output.txt is still empty
2024-07-24 10:22:58 INFO  Reusables:53 - output.txt is still empty
2024-07-24 10:22:58 INFO  Reusables:53 - output.txt is still empty
2024-07-24 10:22:58 INFO  Reusables:53 - output.txt is still empty
2024-07-24 10:22:58 INFO  Reusables:53 - output.txt is still empty
2024-07-24 10:22:58 INFO  Reusables:53 - output.txt is still empty
2024-07-24 10:22:58 INFO  Reusables:53 - output.txt is still empty
2024-07-24 10:22:58 INFO  Reusables:53 - output.txt is still empty
2024-07-24 10:22:58 INFO  Reusables:53 - output.txt is still empty
2024-07-24 10:22:58 INFO  Reusables:53 - output.txt is still empty
2024-07-24 10:22:58 INFO  Reusables:53 - output.txt is still empty
2024-07-24 10:22:58 INFO  Reusables:53 - output.txt is still empty
2024-07-24 10:22:58 INFO  Reusables:53 - output.txt is still empty
2024-07-24 10:22:58 INFO  Reusables:53 - output.txt is still empty
2024-07-24 10:22:58 INFO  Reusables:53 - output.txt is still empty
2024-07-24 10:22:58 INFO  Reusables:53 - output.txt is still empty
2024-07-24 10:22:58 INFO  Reusables:53 - output.txt is still empty
2024-07-24 10:22:58 INFO  Reusables:53 - output.txt is still empty
2024-07-24 10:22:58 INFO  Reusables:53 - output.txt is still empty
2024-07-24 10:22:58 INFO  Reusables:53 - output.txt is still empty
2024-07-24 10:22:58 INFO  Reusables:53 - output.txt is still empty
2024-07-24 10:22:58 INFO  Reusables:53 - output.txt is still empty
2024-07-24 10:22:58 INFO  Reusables:53 - output.txt is still empty
2024-07-24 10:22:58 INFO  Reusables:53 - output.txt is still empty
2024-07-24 10:22:58 INFO  Reusables:53 - output.txt is still empty
2024-07-24 10:22:58 INFO  Reusables:53 - output.txt is still empty
2024-07-24 10:22:58 INFO  Reusables:53 - output.txt is still empty
2024-07-24 10:22:58 INFO  Reusables:53 - output.txt is still empty
2024-07-24 10:22:58 INFO  Reusables:53 - output.txt is still empty
2024-07-24 10:22:58 INFO  Reusables:53 - output.txt is still empty
2024-07-24 10:22:58 INFO  Reusables:53 - output.txt is still empty
2024-07-24 10:22:58 INFO  Reusables:53 - output.txt is still empty
2024-07-24 10:22:58 INFO  Reusables:53 - output.txt is still empty
2024-07-24 10:22:58 INFO  Reusables:53 - output.txt is still empty
2024-07-24 10:22:58 INFO  Reusables:53 - output.txt is still empty
2024-07-24 10:22:58 INFO  Reusables:53 - output.txt is still empty
2024-07-24 10:22:58 INFO  Reusables:53 - output.txt is still empty
2024-07-24 10:22:58 INFO  Reusables:53 - output.txt is still empty
2024-07-24 10:22:58 INFO  Reusables:53 - output.txt is still empty
2024-07-24 10:22:58 INFO  Reusables:53 - output.txt is still empty
2024-07-24 10:22:58 INFO  Reusables:53 - output.txt is still empty
2024-07-24 10:22:58 INFO  Reusables:53 - output.txt is still empty
2024-07-24 10:22:58 INFO  Reusables:53 - output.txt is still empty
2024-07-24 10:22:58 INFO  Reusables:53 - output.txt is still empty
2024-07-24 10:22:58 INFO  Reusables:53 - output.txt is still empty
2024-07-24 10:22:58 INFO  Reusables:53 - output.txt is still empty
2024-07-24 10:22:58 INFO  Reusables:53 - output.txt is still empty
2024-07-24 10:22:58 INFO  Reusables:53 - output.txt is still empty
2024-07-24 10:22:58 INFO  Reusables:53 - output.txt is still empty
2024-07-24 10:22:58 INFO  Reusables:53 - output.txt is still empty
2024-07-24 10:22:58 INFO  Reusables:53 - output.txt is still empty
2024-07-24 10:22:58 INFO  Reusables:53 - output.txt is still empty
2024-07-24 10:22:58 INFO  Reusables:53 - output.txt is still empty
2024-07-24 10:22:58 INFO  Reusables:53 - output.txt is still empty
2024-07-24 10:22:58 INFO  Reusables:53 - output.txt is still empty
2024-07-24 10:22:58 INFO  Reusables:53 - output.txt is still empty
2024-07-24 10:22:58 INFO  Reusables:53 - output.txt is still empty
2024-07-24 10:22:58 INFO  Reusables:53 - output.txt is still empty
2024-07-24 10:22:58 INFO  Reusables:53 - output.txt is still empty
2024-07-24 10:22:58 INFO  Reusables:53 - output.txt is still empty
2024-07-24 10:22:58 INFO  Reusables:53 - output.txt is still empty
2024-07-24 10:22:58 INFO  Reusables:53 - output.txt is still empty
2024-07-24 10:22:58 INFO  Reusables:53 - output.txt is still empty
2024-07-24 10:22:58 INFO  Reusables:53 - output.txt is still empty
2024-07-24 10:22:58 INFO  Reusables:53 - output.txt is still empty
2024-07-24 10:22:58 INFO  Reusables:53 - output.txt is still empty
2024-07-24 10:22:58 INFO  Reusables:53 - output.txt is still empty
2024-07-24 10:22:58 INFO  Reusables:53 - output.txt is still empty
2024-07-24 10:22:58 INFO  Reusables:53 - output.txt is still empty
2024-07-24 10:22:58 INFO  Reusables:53 - output.txt is still empty
2024-07-24 10:22:58 INFO  Reusables:53 - output.txt is still empty
2024-07-24 10:22:58 INFO  Reusables:53 - output.txt is still empty
2024-07-24 10:22:58 INFO  Reusables:53 - output.txt is still empty
2024-07-24 10:22:58 INFO  Reusables:53 - output.txt is still empty
2024-07-24 10:22:58 INFO  Reusables:53 - output.txt is still empty
2024-07-24 10:22:58 INFO  Reusables:53 - output.txt is still empty
2024-07-24 10:22:58 INFO  Reusables:53 - output.txt is still empty
2024-07-24 10:22:58 INFO  Reusables:53 - output.txt is still empty
2024-07-24 10:22:58 INFO  Reusables:53 - output.txt is still empty
2024-07-24 10:22:58 INFO  Reusables:53 - output.txt is still empty
2024-07-24 10:22:58 INFO  Reusables:53 - output.txt is still empty
2024-07-24 10:22:58 INFO  Reusables:53 - output.txt is still empty
2024-07-24 10:22:58 INFO  Reusables:53 - output.txt is still empty
2024-07-24 10:22:58 INFO  Reusables:53 - output.txt is still empty
2024-07-24 10:22:58 INFO  Reusables:53 - output.txt is still empty
2024-07-24 10:22:58 INFO  Reusables:53 - output.txt is still empty
2024-07-24 10:22:58 INFO  Reusables:53 - output.txt is still empty
2024-07-24 10:22:58 INFO  Reusables:53 - output.txt is still empty
2024-07-24 10:22:58 INFO  Reusables:53 - output.txt is still empty
2024-07-24 10:22:58 INFO  Reusables:53 - output.txt is still empty
2024-07-24 10:22:58 INFO  Reusables:53 - output.txt is still empty
2024-07-24 10:22:58 INFO  Reusables:53 - output.txt is still empty
2024-07-24 10:22:58 INFO  Reusables:53 - output.txt is still empty
2024-07-24 10:22:58 INFO  Reusables:53 - output.txt is still empty
2024-07-24 10:22:58 INFO  Reusables:53 - output.txt is still empty
2024-07-24 10:22:58 INFO  Reusables:53 - output.txt is still empty
2024-07-24 10:22:58 INFO  Reusables:53 - output.txt is still empty
2024-07-24 10:22:58 INFO  Reusables:53 - output.txt is still empty
2024-07-24 10:22:58 INFO  Reusables:53 - output.txt is still empty
2024-07-24 10:22:58 INFO  Reusables:53 - output.txt is still empty
2024-07-24 10:22:58 INFO  Reusables:53 - output.txt is still empty
2024-07-24 10:22:58 INFO  Reusables:53 - output.txt is still empty
2024-07-24 10:22:58 INFO  Reusables:53 - output.txt is still empty
2024-07-24 10:22:58 INFO  Reusables:53 - output.txt is still empty
2024-07-24 10:22:58 INFO  Reusables:53 - output.txt is still empty
2024-07-24 10:22:58 INFO  Reusables:53 - output.txt is still empty
2024-07-24 10:22:58 INFO  Reusables:53 - output.txt is still empty
2024-07-24 10:22:58 INFO  Reusables:53 - output.txt is still empty
2024-07-24 10:22:58 INFO  Reusables:53 - output.txt is still empty
2024-07-24 10:22:58 INFO  Reusables:53 - output.txt is still empty
2024-07-24 10:22:58 INFO  Reusables:53 - output.txt is still empty
2024-07-24 10:22:58 INFO  Reusables:53 - output.txt is still empty
2024-07-24 10:22:58 INFO  Reusables:53 - output.txt is still empty
2024-07-24 10:22:58 INFO  Reusables:53 - output.txt is still empty
2024-07-24 10:22:58 INFO  Reusables:53 - output.txt is still empty
2024-07-24 10:22:58 INFO  Reusables:53 - output.txt is still empty
2024-07-24 10:22:58 INFO  Reusables:53 - output.txt is still empty
2024-07-24 10:22:58 INFO  Reusables:53 - output.txt is still empty
2024-07-24 10:22:58 INFO  Reusables:53 - output.txt is still empty
2024-07-24 10:22:58 INFO  Reusables:53 - output.txt is still empty
2024-07-24 10:22:58 INFO  Reusables:53 - output.txt is still empty
2024-07-24 10:22:58 INFO  Reusables:53 - output.txt is still empty
2024-07-24 10:22:58 INFO  Reusables:53 - output.txt is still empty
2024-07-24 10:22:58 INFO  Reusables:53 - output.txt is still empty
2024-07-24 10:22:58 INFO  Reusables:53 - output.txt is still empty
2024-07-24 10:22:58 INFO  Reusables:53 - output.txt is still empty
2024-07-24 10:22:58 INFO  Reusables:53 - output.txt is still empty
2024-07-24 10:22:58 INFO  Reusables:53 - output.txt is still empty
2024-07-24 10:22:58 INFO  Reusables:53 - output.txt is still empty
2024-07-24 10:22:58 INFO  Reusables:53 - output.txt is still empty
2024-07-24 10:22:58 INFO  Reusables:53 - output.txt is still empty
2024-07-24 10:22:58 INFO  Reusables:53 - output.txt is still empty
2024-07-24 10:22:58 INFO  Reusables:53 - output.txt is still empty
2024-07-24 10:22:58 INFO  Reusables:53 - output.txt is still empty
2024-07-24 10:22:58 INFO  Reusables:53 - output.txt is still empty
2024-07-24 10:22:58 INFO  Reusables:53 - output.txt is still empty
2024-07-24 10:22:58 INFO  Reusables:53 - output.txt is still empty
2024-07-24 10:22:58 INFO  Reusables:53 - output.txt is still empty
2024-07-24 10:22:58 INFO  Reusables:53 - output.txt is still empty
2024-07-24 10:22:58 INFO  Reusables:53 - output.txt is still empty
2024-07-24 10:22:58 INFO  Reusables:53 - output.txt is still empty
2024-07-24 10:22:58 INFO  Reusables:53 - output.txt is still empty
2024-07-24 10:22:58 INFO  Reusables:53 - output.txt is still empty
2024-07-24 10:22:58 INFO  Reusables:53 - output.txt is still empty
2024-07-24 10:22:58 INFO  Reusables:53 - output.txt is still empty
2024-07-24 10:22:58 INFO  Reusables:53 - output.txt is still empty
2024-07-24 10:22:58 INFO  Reusables:53 - output.txt is still empty
2024-07-24 10:22:58 INFO  Reusables:53 - output.txt is still empty
2024-07-24 10:22:58 INFO  Reusables:53 - output.txt is still empty
2024-07-24 10:22:58 INFO  Reusables:53 - output.txt is still empty
2024-07-24 10:22:58 INFO  Reusables:53 - output.txt is still empty
2024-07-24 10:22:58 INFO  Reusables:53 - output.txt is still empty
2024-07-24 10:22:58 INFO  Reusables:53 - output.txt is still empty
2024-07-24 10:22:58 INFO  Reusables:53 - output.txt is still empty
2024-07-24 10:22:58 INFO  Reusables:53 - output.txt is still empty
2024-07-24 10:22:58 INFO  Reusables:53 - output.txt is still empty
2024-07-24 10:22:58 INFO  Reusables:53 - output.txt is still empty
2024-07-24 10:22:58 INFO  Reusables:53 - output.txt is still empty
2024-07-24 10:22:58 INFO  Reusables:53 - output.txt is still empty
2024-07-24 10:22:58 INFO  Reusables:53 - output.txt is still empty
2024-07-24 10:22:58 INFO  Reusables:53 - output.txt is still empty
2024-07-24 10:22:58 INFO  Reusables:53 - output.txt is still empty
2024-07-24 10:22:58 INFO  Reusables:53 - output.txt is still empty
2024-07-24 10:22:58 INFO  Reusables:53 - output.txt is still empty
2024-07-24 10:22:58 INFO  Reusables:53 - output.txt is still empty
2024-07-24 10:22:58 INFO  Reusables:53 - output.txt is still empty
2024-07-24 10:22:58 INFO  Reusables:53 - output.txt is still empty
2024-07-24 10:22:58 INFO  Reusables:53 - output.txt is still empty
2024-07-24 10:22:58 INFO  Reusables:53 - output.txt is still empty
2024-07-24 10:22:58 INFO  Reusables:53 - output.txt is still empty
2024-07-24 10:22:58 INFO  Reusables:53 - output.txt is still empty
2024-07-24 10:22:58 INFO  Reusables:53 - output.txt is still empty
2024-07-24 10:22:58 INFO  Reusables:53 - output.txt is still empty
2024-07-24 10:22:58 INFO  Reusables:53 - output.txt is still empty
2024-07-24 10:22:58 INFO  Reusables:53 - output.txt is still empty
2024-07-24 10:22:58 INFO  Reusables:53 - output.txt is still empty
2024-07-24 10:22:58 INFO  Reusables:53 - output.txt is still empty
2024-07-24 10:22:58 INFO  Reusables:53 - output.txt is still empty
2024-07-24 10:22:58 INFO  Reusables:53 - output.txt is still empty
2024-07-24 10:22:58 INFO  Reusables:53 - output.txt is still empty
2024-07-24 10:22:58 INFO  Reusables:53 - output.txt is still empty
2024-07-24 10:22:58 INFO  Reusables:53 - output.txt is still empty
2024-07-24 10:22:58 INFO  Reusables:53 - output.txt is still empty
2024-07-24 10:22:58 INFO  Reusables:53 - output.txt is still empty
2024-07-24 10:22:58 INFO  Reusables:53 - output.txt is still empty
2024-07-24 10:22:58 INFO  Reusables:53 - output.txt is still empty
2024-07-24 10:22:58 INFO  Reusables:53 - output.txt is still empty
2024-07-24 10:22:58 INFO  Reusables:53 - output.txt is still empty
2024-07-24 10:22:58 INFO  Reusables:53 - output.txt is still empty
2024-07-24 10:22:58 INFO  Reusables:53 - output.txt is still empty
2024-07-24 10:22:58 INFO  Reusables:53 - output.txt is still empty
2024-07-24 10:22:58 INFO  Reusables:53 - output.txt is still empty
2024-07-24 10:22:58 INFO  Reusables:53 - output.txt is still empty
2024-07-24 10:22:58 INFO  Reusables:53 - output.txt is still empty
2024-07-24 10:22:58 INFO  Reusables:53 - output.txt is still empty
2024-07-24 10:22:58 INFO  Reusables:53 - output.txt is still empty
2024-07-24 10:22:58 INFO  Reusables:53 - output.txt is still empty
2024-07-24 10:22:58 INFO  Reusables:53 - output.txt is still empty
2024-07-24 10:22:58 INFO  Reusables:53 - output.txt is still empty
2024-07-24 10:22:58 INFO  Reusables:53 - output.txt is still empty
2024-07-24 10:22:58 INFO  Reusables:53 - output.txt is still empty
2024-07-24 10:22:58 INFO  Reusables:53 - output.txt is still empty
2024-07-24 10:22:58 INFO  Reusables:53 - output.txt is still empty
2024-07-24 10:22:58 INFO  Reusables:53 - output.txt is still empty
2024-07-24 10:22:58 INFO  Reusables:53 - output.txt is still empty
2024-07-24 10:22:58 INFO  Reusables:53 - output.txt is still empty
2024-07-24 10:22:58 INFO  Reusables:53 - output.txt is still empty
2024-07-24 10:22:58 INFO  Reusables:53 - output.txt is still empty
2024-07-24 10:22:58 INFO  Reusables:53 - output.txt is still empty
2024-07-24 10:22:58 INFO  Reusables:53 - output.txt is still empty
2024-07-24 10:22:58 INFO  Reusables:53 - output.txt is still empty
2024-07-24 10:22:58 INFO  Reusables:53 - output.txt is still empty
2024-07-24 10:22:58 INFO  Reusables:53 - output.txt is still empty
2024-07-24 10:22:58 INFO  Reusables:53 - output.txt is still empty
2024-07-24 10:22:58 INFO  Reusables:53 - output.txt is still empty
2024-07-24 10:22:58 INFO  Reusables:53 - output.txt is still empty
2024-07-24 10:22:58 INFO  Reusables:53 - output.txt is still empty
2024-07-24 10:22:58 INFO  Reusables:53 - output.txt is still empty
2024-07-24 10:22:58 INFO  Reusables:53 - output.txt is still empty
2024-07-24 10:22:58 INFO  Reusables:53 - output.txt is still empty
2024-07-24 10:22:58 INFO  Reusables:53 - output.txt is still empty
2024-07-24 10:22:58 INFO  Reusables:53 - output.txt is still empty
2024-07-24 10:22:58 INFO  Reusables:53 - output.txt is still empty
2024-07-24 10:22:58 INFO  Reusables:53 - output.txt is still empty
2024-07-24 10:22:58 INFO  Reusables:53 - output.txt is still empty
2024-07-24 10:22:58 INFO  Reusables:53 - output.txt is still empty
2024-07-24 10:22:58 INFO  Reusables:53 - output.txt is still empty
2024-07-24 10:22:58 INFO  Reusables:53 - output.txt is still empty
2024-07-24 10:22:58 INFO  Reusables:53 - output.txt is still empty
2024-07-24 10:22:58 INFO  Reusables:53 - output.txt is still empty
2024-07-24 10:22:58 INFO  Reusables:53 - output.txt is still empty
2024-07-24 10:22:58 INFO  Reusables:53 - output.txt is still empty
2024-07-24 10:22:58 INFO  Reusables:53 - output.txt is still empty
2024-07-24 10:22:58 INFO  Reusables:53 - output.txt is still empty
2024-07-24 10:22:58 INFO  Reusables:53 - output.txt is still empty
2024-07-24 10:22:58 INFO  Reusables:53 - output.txt is still empty
2024-07-24 10:22:58 INFO  Reusables:53 - output.txt is still empty
2024-07-24 10:22:58 INFO  Reusables:53 - output.txt is still empty
2024-07-24 10:22:58 INFO  Reusables:53 - output.txt is still empty
2024-07-24 10:22:58 INFO  Reusables:53 - output.txt is still empty
2024-07-24 10:22:58 INFO  Reusables:53 - output.txt is still empty
2024-07-24 10:22:58 INFO  Reusables:53 - output.txt is still empty
2024-07-24 10:22:58 INFO  Reusables:53 - output.txt is still empty
2024-07-24 10:22:58 INFO  Reusables:53 - output.txt is still empty
2024-07-24 10:22:58 INFO  Reusables:53 - output.txt is still empty
2024-07-24 10:22:58 INFO  Reusables:53 - output.txt is still empty
2024-07-24 10:22:58 INFO  Reusables:53 - output.txt is still empty
2024-07-24 10:22:58 INFO  Reusables:53 - output.txt is still empty
2024-07-24 10:22:58 INFO  Reusables:53 - output.txt is still empty
2024-07-24 10:22:58 INFO  Reusables:53 - output.txt is still empty
2024-07-24 10:22:58 INFO  Reusables:53 - output.txt is still empty
2024-07-24 10:22:58 INFO  Reusables:53 - output.txt is still empty
2024-07-24 10:22:58 INFO  Reusables:53 - output.txt is still empty
2024-07-24 10:22:58 INFO  Reusables:53 - output.txt is still empty
2024-07-24 10:22:58 INFO  Reusables:53 - output.txt is still empty
2024-07-24 10:22:58 INFO  Reusables:53 - output.txt is still empty
2024-07-24 10:22:58 INFO  Reusables:53 - output.txt is still empty
2024-07-24 10:22:58 INFO  Reusables:53 - output.txt is still empty
2024-07-24 10:22:58 INFO  Reusables:53 - output.txt is still empty
2024-07-24 10:22:58 INFO  Reusables:53 - output.txt is still empty
2024-07-24 10:22:58 INFO  Reusables:53 - output.txt is still empty
2024-07-24 10:22:58 INFO  Reusables:53 - output.txt is still empty
2024-07-24 10:22:58 INFO  Reusables:53 - output.txt is still empty
2024-07-24 10:22:58 INFO  Reusables:53 - output.txt is still empty
2024-07-24 10:22:58 INFO  Reusables:53 - output.txt is still empty
2024-07-24 10:22:58 INFO  Reusables:53 - output.txt is still empty
2024-07-24 10:22:58 INFO  Reusables:53 - output.txt is still empty
2024-07-24 10:22:58 INFO  Reusables:53 - output.txt is still empty
2024-07-24 10:22:58 INFO  Reusables:53 - output.txt is still empty
2024-07-24 10:22:58 INFO  Reusables:53 - output.txt is still empty
2024-07-24 10:22:58 INFO  Reusables:53 - output.txt is still empty
2024-07-24 10:22:58 INFO  Reusables:53 - output.txt is still empty
2024-07-24 10:22:58 INFO  Reusables:53 - output.txt is still empty
2024-07-24 10:22:58 INFO  Reusables:53 - output.txt is still empty
2024-07-24 10:22:58 INFO  Reusables:53 - output.txt is still empty
2024-07-24 10:22:58 INFO  Reusables:53 - output.txt is still empty
2024-07-24 10:22:58 INFO  Reusables:53 - output.txt is still empty
2024-07-24 10:22:58 INFO  Reusables:53 - output.txt is still empty
2024-07-24 10:22:58 INFO  Reusables:53 - output.txt is still empty
2024-07-24 10:22:58 INFO  Reusables:53 - output.txt is still empty
2024-07-24 10:22:58 INFO  Reusables:53 - output.txt is still empty
2024-07-24 10:22:58 INFO  Reusables:53 - output.txt is still empty
2024-07-24 10:22:58 INFO  Reusables:53 - output.txt is still empty
2024-07-24 10:22:58 INFO  Reusables:53 - output.txt is still empty
2024-07-24 10:22:58 INFO  Reusables:53 - output.txt is still empty
2024-07-24 10:22:58 INFO  Reusables:53 - output.txt is still empty
2024-07-24 10:22:58 INFO  Reusables:53 - output.txt is still empty
2024-07-24 10:22:58 INFO  Reusables:53 - output.txt is still empty
2024-07-24 10:22:58 INFO  Reusables:53 - output.txt is still empty
2024-07-24 10:22:58 INFO  Reusables:53 - output.txt is still empty
2024-07-24 10:22:58 INFO  Reusables:53 - output.txt is still empty
2024-07-24 10:22:58 INFO  Reusables:53 - output.txt is still empty
2024-07-24 10:22:58 INFO  Reusables:53 - output.txt is still empty
2024-07-24 10:22:58 INFO  Reusables:53 - output.txt is still empty
2024-07-24 10:22:58 INFO  Reusables:53 - output.txt is still empty
2024-07-24 10:22:58 INFO  Reusables:53 - output.txt is still empty
2024-07-24 10:22:58 INFO  Reusables:53 - output.txt is still empty
2024-07-24 10:22:58 INFO  Reusables:53 - output.txt is still empty
2024-07-24 10:22:58 INFO  Reusables:53 - output.txt is still empty
2024-07-24 10:22:58 INFO  Reusables:53 - output.txt is still empty
2024-07-24 10:22:58 INFO  Reusables:53 - output.txt is still empty
2024-07-24 10:22:58 INFO  Reusables:53 - output.txt is still empty
2024-07-24 10:22:58 INFO  Reusables:53 - output.txt is still empty
2024-07-24 10:22:58 INFO  Reusables:53 - output.txt is still empty
2024-07-24 10:22:58 INFO  Reusables:53 - output.txt is still empty
2024-07-24 10:22:58 INFO  Reusables:53 - output.txt is still empty
2024-07-24 10:22:58 INFO  Reusables:53 - output.txt is still empty
2024-07-24 10:22:58 INFO  Reusables:53 - output.txt is still empty
2024-07-24 10:22:58 INFO  Reusables:53 - output.txt is still empty
2024-07-24 10:22:58 INFO  Reusables:53 - output.txt is still empty
2024-07-24 10:22:58 INFO  Reusables:53 - output.txt is still empty
2024-07-24 10:22:58 INFO  Reusables:53 - output.txt is still empty
2024-07-24 10:22:58 INFO  Reusables:53 - output.txt is still empty
2024-07-24 10:22:58 INFO  Reusables:53 - output.txt is still empty
2024-07-24 10:22:58 INFO  Reusables:53 - output.txt is still empty
2024-07-24 10:22:58 INFO  Reusables:53 - output.txt is still empty
2024-07-24 10:22:58 INFO  Reusables:53 - output.txt is still empty
2024-07-24 10:22:58 INFO  Reusables:53 - output.txt is still empty
2024-07-24 10:22:58 INFO  Reusables:53 - output.txt is still empty
2024-07-24 10:22:58 INFO  Reusables:53 - output.txt is still empty
2024-07-24 10:22:58 INFO  Reusables:53 - output.txt is still empty
2024-07-24 10:22:58 INFO  Reusables:53 - output.txt is still empty
2024-07-24 10:22:58 INFO  Reusables:53 - output.txt is still empty
2024-07-24 10:22:58 INFO  Reusables:53 - output.txt is still empty
2024-07-24 10:22:58 INFO  Reusables:53 - output.txt is still empty
2024-07-24 10:22:58 INFO  Reusables:53 - output.txt is still empty
2024-07-24 10:22:58 INFO  Reusables:53 - output.txt is still empty
2024-07-24 10:22:58 INFO  Reusables:53 - output.txt is still empty
2024-07-24 10:22:58 INFO  Reusables:53 - output.txt is still empty
2024-07-24 10:22:58 INFO  Reusables:53 - output.txt is still empty
2024-07-24 10:22:58 INFO  Reusables:53 - output.txt is still empty
2024-07-24 10:22:58 INFO  Reusables:53 - output.txt is still empty
2024-07-24 10:22:58 INFO  Reusables:53 - output.txt is still empty
2024-07-24 10:22:58 INFO  Reusables:53 - output.txt is still empty
2024-07-24 10:22:58 INFO  Reusables:53 - output.txt is still empty
2024-07-24 10:22:58 INFO  Reusables:53 - output.txt is still empty
2024-07-24 10:22:58 INFO  Reusables:53 - output.txt is still empty
2024-07-24 10:22:58 INFO  Reusables:53 - output.txt is still empty
2024-07-24 10:22:58 INFO  Reusables:53 - output.txt is still empty
2024-07-24 10:22:58 INFO  Reusables:53 - output.txt is still empty
2024-07-24 10:22:58 INFO  Reusables:53 - output.txt is still empty
2024-07-24 10:22:58 INFO  Reusables:53 - output.txt is still empty
2024-07-24 10:22:58 INFO  Reusables:53 - output.txt is still empty
2024-07-24 10:22:58 INFO  Reusables:53 - output.txt is still empty
2024-07-24 10:22:58 INFO  Reusables:53 - output.txt is still empty
2024-07-24 10:22:58 INFO  Reusables:53 - output.txt is still empty
2024-07-24 10:22:58 INFO  Reusables:53 - output.txt is still empty
2024-07-24 10:22:58 INFO  Reusables:53 - output.txt is still empty
2024-07-24 10:22:58 INFO  Reusables:53 - output.txt is still empty
2024-07-24 10:22:58 INFO  Reusables:53 - output.txt is still empty
2024-07-24 10:22:58 INFO  Reusables:53 - output.txt is still empty
2024-07-24 10:22:58 INFO  Reusables:53 - output.txt is still empty
2024-07-24 10:22:58 INFO  Reusables:53 - output.txt is still empty
2024-07-24 10:22:58 INFO  Reusables:53 - output.txt is still empty
2024-07-24 10:22:58 INFO  Reusables:53 - output.txt is still empty
2024-07-24 10:22:58 INFO  Reusables:53 - output.txt is still empty
2024-07-24 10:22:58 INFO  Reusables:53 - output.txt is still empty
2024-07-24 10:22:58 INFO  Reusables:53 - output.txt is still empty
2024-07-24 10:22:58 INFO  Reusables:53 - output.txt is still empty
2024-07-24 10:22:58 INFO  Reusables:53 - output.txt is still empty
2024-07-24 10:22:58 INFO  Reusables:53 - output.txt is still empty
2024-07-24 10:22:58 INFO  Reusables:53 - output.txt is still empty
2024-07-24 10:22:58 INFO  Reusables:53 - output.txt is still empty
2024-07-24 10:22:58 INFO  Reusables:53 - output.txt is still empty
2024-07-24 10:22:58 INFO  Reusables:53 - output.txt is still empty
2024-07-24 10:22:58 INFO  Reusables:53 - output.txt is still empty
2024-07-24 10:22:58 INFO  Reusables:53 - output.txt is still empty
2024-07-24 10:22:58 INFO  Reusables:53 - output.txt is still empty
2024-07-24 10:22:58 INFO  Reusables:53 - output.txt is still empty
2024-07-24 10:22:58 INFO  Reusables:53 - output.txt is still empty
2024-07-24 10:22:58 INFO  Reusables:53 - output.txt is still empty
2024-07-24 10:22:58 INFO  Reusables:53 - output.txt is still empty
2024-07-24 10:22:58 INFO  Reusables:53 - output.txt is still empty
2024-07-24 10:22:58 INFO  Reusables:53 - output.txt is still empty
2024-07-24 10:22:58 INFO  Reusables:53 - output.txt is still empty
2024-07-24 10:22:58 INFO  Reusables:53 - output.txt is still empty
2024-07-24 10:22:58 INFO  Reusables:53 - output.txt is still empty
2024-07-24 10:22:58 INFO  Reusables:53 - output.txt is still empty
2024-07-24 10:22:58 INFO  Reusables:53 - output.txt is still empty
2024-07-24 10:22:58 INFO  Reusables:53 - output.txt is still empty
2024-07-24 10:22:58 INFO  Reusables:53 - output.txt is still empty
2024-07-24 10:22:58 INFO  Reusables:53 - output.txt is still empty
2024-07-24 10:22:58 INFO  Reusables:53 - output.txt is still empty
2024-07-24 10:22:58 INFO  Reusables:53 - output.txt is still empty
2024-07-24 10:22:58 INFO  Reusables:53 - output.txt is still empty
2024-07-24 10:22:58 INFO  Reusables:53 - output.txt is still empty
2024-07-24 10:22:58 INFO  Reusables:53 - output.txt is still empty
2024-07-24 10:22:58 INFO  Reusables:53 - output.txt is still empty
2024-07-24 10:22:58 INFO  Reusables:53 - output.txt is still empty
2024-07-24 10:22:58 INFO  Reusables:53 - output.txt is still empty
2024-07-24 10:22:58 INFO  Reusables:53 - output.txt is still empty
2024-07-24 10:22:58 INFO  Reusables:53 - output.txt is still empty
2024-07-24 10:22:58 INFO  Reusables:53 - output.txt is still empty
2024-07-24 10:22:58 INFO  Reusables:53 - output.txt is still empty
2024-07-24 10:22:58 INFO  Reusables:53 - output.txt is still empty
2024-07-24 10:22:58 INFO  Reusables:53 - output.txt is still empty
2024-07-24 10:22:58 INFO  Reusables:53 - output.txt is still empty
2024-07-24 10:22:58 INFO  Reusables:53 - output.txt is still empty
2024-07-24 10:22:58 INFO  Reusables:53 - output.txt is still empty
2024-07-24 10:22:58 INFO  Reusables:53 - output.txt is still empty
2024-07-24 10:22:58 INFO  Reusables:53 - output.txt is still empty
2024-07-24 10:22:58 INFO  Reusables:53 - output.txt is still empty
2024-07-24 10:22:58 INFO  Reusables:53 - output.txt is still empty
2024-07-24 10:22:58 INFO  Reusables:53 - output.txt is still empty
2024-07-24 10:22:58 INFO  Reusables:53 - output.txt is still empty
2024-07-24 10:22:58 INFO  Reusables:53 - output.txt is still empty
2024-07-24 10:22:58 INFO  Reusables:53 - output.txt is still empty
2024-07-24 10:22:58 INFO  Reusables:53 - output.txt is still empty
2024-07-24 10:22:58 INFO  Reusables:53 - output.txt is still empty
2024-07-24 10:22:58 INFO  Reusables:53 - output.txt is still empty
2024-07-24 10:22:58 INFO  Reusables:53 - output.txt is still empty
2024-07-24 10:22:58 INFO  Reusables:53 - output.txt is still empty
2024-07-24 10:22:58 INFO  Reusables:53 - output.txt is still empty
2024-07-24 10:22:58 INFO  Reusables:53 - output.txt is still empty
2024-07-24 10:22:58 INFO  Reusables:53 - output.txt is still empty
2024-07-24 10:22:58 INFO  Reusables:53 - output.txt is still empty
2024-07-24 10:22:58 INFO  Reusables:53 - output.txt is still empty
2024-07-24 10:22:58 INFO  Reusables:53 - output.txt is still empty
2024-07-24 10:22:58 INFO  Reusables:53 - output.txt is still empty
2024-07-24 10:22:58 INFO  Reusables:53 - output.txt is still empty
2024-07-24 10:22:58 INFO  Reusables:53 - output.txt is still empty
2024-07-24 10:22:58 INFO  Reusables:53 - output.txt is still empty
2024-07-24 10:22:58 INFO  Reusables:53 - output.txt is still empty
2024-07-24 10:22:58 INFO  Reusables:53 - output.txt is still empty
2024-07-24 10:22:58 INFO  Reusables:53 - output.txt is still empty
2024-07-24 10:22:58 INFO  Reusables:53 - output.txt is still empty
2024-07-24 10:22:58 INFO  Reusables:53 - output.txt is still empty
2024-07-24 10:22:58 INFO  Reusables:53 - output.txt is still empty
2024-07-24 10:22:58 INFO  Reusables:53 - output.txt is still empty
2024-07-24 10:22:58 INFO  Reusables:53 - output.txt is still empty
2024-07-24 10:22:58 INFO  Reusables:53 - output.txt is still empty
2024-07-24 10:22:58 INFO  Reusables:53 - output.txt is still empty
2024-07-24 10:22:58 INFO  Reusables:53 - output.txt is still empty
2024-07-24 10:22:58 INFO  Reusables:53 - output.txt is still empty
2024-07-24 10:22:58 INFO  Reusables:53 - output.txt is still empty
2024-07-24 10:22:58 INFO  Reusables:53 - output.txt is still empty
2024-07-24 10:22:58 INFO  Reusables:53 - output.txt is still empty
2024-07-24 10:22:58 INFO  Reusables:53 - output.txt is still empty
2024-07-24 10:22:58 INFO  Reusables:53 - output.txt is still empty
2024-07-24 10:22:58 INFO  Reusables:53 - output.txt is still empty
2024-07-24 10:22:58 INFO  Reusables:53 - output.txt is still empty
2024-07-24 10:22:58 INFO  Reusables:53 - output.txt is still empty
2024-07-24 10:22:58 INFO  Reusables:53 - output.txt is still empty
2024-07-24 10:22:58 INFO  Reusables:53 - output.txt is still empty
2024-07-24 10:22:58 INFO  Reusables:53 - output.txt is still empty
2024-07-24 10:22:58 INFO  Reusables:53 - output.txt is still empty
2024-07-24 10:22:58 INFO  Reusables:53 - output.txt is still empty
2024-07-24 10:22:58 INFO  Reusables:53 - output.txt is still empty
2024-07-24 10:22:58 INFO  Reusables:53 - output.txt is still empty
2024-07-24 10:22:58 INFO  Reusables:53 - output.txt is still empty
2024-07-24 10:22:58 INFO  Reusables:53 - output.txt is still empty
2024-07-24 10:22:58 INFO  Reusables:53 - output.txt is still empty
2024-07-24 10:22:58 INFO  Reusables:53 - output.txt is still empty
2024-07-24 10:22:58 INFO  Reusables:53 - output.txt is still empty
2024-07-24 10:22:58 INFO  Reusables:53 - output.txt is still empty
2024-07-24 10:22:58 INFO  Reusables:53 - output.txt is still empty
2024-07-24 10:22:58 INFO  Reusables:53 - output.txt is still empty
2024-07-24 10:22:58 INFO  Reusables:53 - output.txt is still empty
2024-07-24 10:22:58 INFO  Reusables:53 - output.txt is still empty
2024-07-24 10:22:58 INFO  Reusables:53 - output.txt is still empty
2024-07-24 10:22:58 INFO  Reusables:53 - output.txt is still empty
2024-07-24 10:22:58 INFO  Reusables:53 - output.txt is still empty
2024-07-24 10:22:58 INFO  Reusables:53 - output.txt is still empty
2024-07-24 10:22:58 INFO  Reusables:53 - output.txt is still empty
2024-07-24 10:22:58 INFO  Reusables:53 - output.txt is still empty
2024-07-24 10:22:58 INFO  Reusables:53 - output.txt is still empty
2024-07-24 10:22:58 INFO  Reusables:53 - output.txt is still empty
2024-07-24 10:22:58 INFO  Reusables:53 - output.txt is still empty
2024-07-24 10:22:58 INFO  Reusables:53 - output.txt is still empty
2024-07-24 10:22:58 INFO  Reusables:53 - output.txt is still empty
2024-07-24 10:22:58 INFO  Reusables:53 - output.txt is still empty
2024-07-24 10:22:58 INFO  Reusables:53 - output.txt is still empty
2024-07-24 10:22:58 INFO  Reusables:53 - output.txt is still empty
2024-07-24 10:22:58 INFO  Reusables:53 - output.txt is still empty
2024-07-24 10:22:58 INFO  Reusables:53 - output.txt is still empty
2024-07-24 10:22:58 INFO  Reusables:53 - output.txt is still empty
2024-07-24 10:22:58 INFO  Reusables:53 - output.txt is still empty
2024-07-24 10:22:58 INFO  Reusables:53 - output.txt is still empty
2024-07-24 10:22:58 INFO  Reusables:53 - output.txt is still empty
2024-07-24 10:22:58 INFO  Reusables:53 - output.txt is still empty
2024-07-24 10:22:58 INFO  Reusables:53 - output.txt is still empty
2024-07-24 10:22:58 INFO  Reusables:53 - output.txt is still empty
2024-07-24 10:22:58 INFO  Reusables:53 - output.txt is still empty
2024-07-24 10:22:58 INFO  Reusables:53 - output.txt is still empty
2024-07-24 10:22:58 INFO  Reusables:53 - output.txt is still empty
2024-07-24 10:22:58 INFO  Reusables:53 - output.txt is still empty
2024-07-24 10:22:58 INFO  Reusables:53 - output.txt is still empty
2024-07-24 10:22:58 INFO  Reusables:53 - output.txt is still empty
2024-07-24 10:22:58 INFO  Reusables:53 - output.txt is still empty
2024-07-24 10:22:58 INFO  Reusables:53 - output.txt is still empty
2024-07-24 10:22:58 INFO  Reusables:53 - output.txt is still empty
2024-07-24 10:22:58 INFO  Reusables:53 - output.txt is still empty
2024-07-24 10:22:58 INFO  Reusables:53 - output.txt is still empty
2024-07-24 10:22:58 INFO  Reusables:53 - output.txt is still empty
2024-07-24 10:22:58 INFO  Reusables:53 - output.txt is still empty
2024-07-24 10:22:58 INFO  Reusables:53 - output.txt is still empty
2024-07-24 10:22:58 INFO  Reusables:53 - output.txt is still empty
2024-07-24 10:22:58 INFO  Reusables:53 - output.txt is still empty
2024-07-24 10:22:58 INFO  Reusables:53 - output.txt is still empty
2024-07-24 10:22:58 INFO  Reusables:53 - output.txt is still empty
2024-07-24 10:22:58 INFO  Reusables:53 - output.txt is still empty
2024-07-24 10:22:58 INFO  Reusables:53 - output.txt is still empty
2024-07-24 10:22:58 INFO  Reusables:53 - output.txt is still empty
2024-07-24 10:22:58 INFO  Reusables:53 - output.txt is still empty
2024-07-24 10:22:58 INFO  Reusables:53 - output.txt is still empty
2024-07-24 10:22:58 INFO  Reusables:53 - output.txt is still empty
2024-07-24 10:22:58 INFO  Reusables:53 - output.txt is still empty
2024-07-24 10:22:58 INFO  Reusables:53 - output.txt is still empty
2024-07-24 10:22:58 INFO  Reusables:53 - output.txt is still empty
2024-07-24 10:22:58 INFO  Reusables:53 - output.txt is still empty
2024-07-24 10:22:58 INFO  Reusables:53 - output.txt is still empty
2024-07-24 10:22:58 INFO  Reusables:53 - output.txt is still empty
2024-07-24 10:22:58 INFO  Reusables:53 - output.txt is still empty
2024-07-24 10:22:58 INFO  Reusables:53 - output.txt is still empty
2024-07-24 10:22:58 INFO  Reusables:53 - output.txt is still empty
2024-07-24 10:22:58 INFO  Reusables:53 - output.txt is still empty
2024-07-24 10:22:58 INFO  Reusables:53 - output.txt is still empty
2024-07-24 10:22:58 INFO  Reusables:53 - output.txt is still empty
2024-07-24 10:22:58 INFO  Reusables:53 - output.txt is still empty
2024-07-24 10:22:58 INFO  Reusables:53 - output.txt is still empty
2024-07-24 10:22:58 INFO  Reusables:53 - output.txt is still empty
2024-07-24 10:22:58 INFO  Reusables:53 - output.txt is still empty
2024-07-24 10:22:58 INFO  Reusables:53 - output.txt is still empty
2024-07-24 10:22:58 INFO  Reusables:53 - output.txt is still empty
2024-07-24 10:22:58 INFO  Reusables:53 - output.txt is still empty
2024-07-24 10:22:58 INFO  Reusables:53 - output.txt is still empty
2024-07-24 10:22:58 INFO  Reusables:53 - output.txt is still empty
2024-07-24 10:22:58 INFO  Reusables:53 - output.txt is still empty
2024-07-24 10:22:58 INFO  Reusables:53 - output.txt is still empty
2024-07-24 10:22:58 INFO  Reusables:53 - output.txt is still empty
2024-07-24 10:22:58 INFO  Reusables:53 - output.txt is still empty
2024-07-24 10:22:58 INFO  Reusables:53 - output.txt is still empty
2024-07-24 10:22:58 INFO  Reusables:53 - output.txt is still empty
2024-07-24 10:22:58 INFO  Reusables:53 - output.txt is still empty
2024-07-24 10:22:58 INFO  Reusables:53 - output.txt is still empty
2024-07-24 10:22:58 INFO  Reusables:53 - output.txt is still empty
2024-07-24 10:22:58 INFO  Reusables:53 - output.txt is still empty
2024-07-24 10:22:58 INFO  Reusables:53 - output.txt is still empty
2024-07-24 10:22:58 INFO  Reusables:53 - output.txt is still empty
2024-07-24 10:22:58 INFO  Reusables:53 - output.txt is still empty
2024-07-24 10:22:58 INFO  Reusables:53 - output.txt is still empty
2024-07-24 10:22:58 INFO  Reusables:53 - output.txt is still empty
2024-07-24 10:22:58 INFO  Reusables:53 - output.txt is still empty
2024-07-24 10:22:58 INFO  Reusables:53 - output.txt is still empty
2024-07-24 10:22:58 INFO  Reusables:53 - output.txt is still empty
2024-07-24 10:22:58 INFO  Reusables:53 - output.txt is still empty
2024-07-24 10:22:58 INFO  Reusables:53 - output.txt is still empty
2024-07-24 10:22:58 INFO  Reusables:53 - output.txt is still empty
2024-07-24 10:22:58 INFO  Reusables:53 - output.txt is still empty
2024-07-24 10:22:58 INFO  Reusables:53 - output.txt is still empty
2024-07-24 10:22:58 INFO  Reusables:53 - output.txt is still empty
2024-07-24 10:22:58 INFO  Reusables:53 - output.txt is still empty
2024-07-24 10:22:58 INFO  Reusables:53 - output.txt is still empty
2024-07-24 10:22:58 INFO  Reusables:53 - output.txt is still empty
2024-07-24 10:22:58 INFO  Reusables:53 - output.txt is still empty
2024-07-24 10:22:58 INFO  Reusables:53 - output.txt is still empty
2024-07-24 10:22:58 INFO  Reusables:53 - output.txt is still empty
2024-07-24 10:22:58 INFO  Reusables:53 - output.txt is still empty
2024-07-24 10:22:58 INFO  Reusables:53 - output.txt is still empty
2024-07-24 10:22:58 INFO  Reusables:53 - output.txt is still empty
2024-07-24 10:22:58 INFO  Reusables:53 - output.txt is still empty
2024-07-24 10:22:58 INFO  Reusables:53 - output.txt is still empty
2024-07-24 10:22:58 INFO  Reusables:53 - output.txt is still empty
2024-07-24 10:22:58 INFO  Reusables:53 - output.txt is still empty
2024-07-24 10:22:58 INFO  Reusables:53 - output.txt is still empty
2024-07-24 10:22:58 INFO  Reusables:53 - output.txt is still empty
2024-07-24 10:22:58 INFO  Reusables:53 - output.txt is still empty
2024-07-24 10:22:58 INFO  Reusables:53 - output.txt is still empty
2024-07-24 10:22:58 INFO  Reusables:53 - output.txt is still empty
2024-07-24 10:22:58 INFO  Reusables:53 - output.txt is still empty
2024-07-24 10:22:58 INFO  Reusables:53 - output.txt is still empty
2024-07-24 10:22:58 INFO  Reusables:53 - output.txt is still empty
2024-07-24 10:22:58 INFO  Reusables:53 - output.txt is still empty
2024-07-24 10:22:58 INFO  Reusables:53 - output.txt is still empty
2024-07-24 10:22:58 INFO  Reusables:53 - output.txt is still empty
2024-07-24 10:22:58 INFO  Reusables:53 - output.txt is still empty
2024-07-24 10:22:58 INFO  Reusables:53 - output.txt is still empty
2024-07-24 10:22:58 INFO  Reusables:53 - output.txt is still empty
2024-07-24 10:22:58 INFO  Reusables:53 - output.txt is still empty
2024-07-24 10:22:58 INFO  Reusables:53 - output.txt is still empty
2024-07-24 10:22:58 INFO  Reusables:53 - output.txt is still empty
2024-07-24 10:22:58 INFO  Reusables:53 - output.txt is still empty
2024-07-24 10:22:58 INFO  Reusables:53 - output.txt is still empty
2024-07-24 10:22:58 INFO  Reusables:53 - output.txt is still empty
2024-07-24 10:22:58 INFO  Reusables:53 - output.txt is still empty
2024-07-24 10:22:58 INFO  Reusables:53 - output.txt is still empty
2024-07-24 10:22:58 INFO  Reusables:53 - output.txt is still empty
2024-07-24 10:22:58 INFO  Reusables:53 - output.txt is still empty
2024-07-24 10:22:58 INFO  Reusables:53 - output.txt is still empty
2024-07-24 10:22:58 INFO  Reusables:53 - output.txt is still empty
2024-07-24 10:22:58 INFO  Reusables:53 - output.txt is still empty
2024-07-24 10:22:58 INFO  Reusables:53 - output.txt is still empty
2024-07-24 10:22:58 INFO  Reusables:53 - output.txt is still empty
2024-07-24 10:22:58 INFO  Reusables:53 - output.txt is still empty
2024-07-24 10:22:58 INFO  Reusables:53 - output.txt is still empty
2024-07-24 10:22:58 INFO  Reusables:53 - output.txt is still empty
2024-07-24 10:22:58 INFO  Reusables:53 - output.txt is still empty
2024-07-24 10:22:58 INFO  Reusables:53 - output.txt is still empty
2024-07-24 10:22:58 INFO  Reusables:53 - output.txt is still empty
2024-07-24 10:22:58 INFO  Reusables:53 - output.txt is still empty
2024-07-24 10:22:58 INFO  Reusables:53 - output.txt is still empty
2024-07-24 10:22:58 INFO  Reusables:53 - output.txt is still empty
2024-07-24 10:22:58 INFO  Reusables:53 - output.txt is still empty
2024-07-24 10:22:58 INFO  Reusables:53 - output.txt is still empty
2024-07-24 10:22:58 INFO  Reusables:53 - output.txt is still empty
2024-07-24 10:22:58 INFO  Reusables:53 - output.txt is still empty
2024-07-24 10:22:58 INFO  Reusables:53 - output.txt is still empty
2024-07-24 10:22:58 INFO  Reusables:53 - output.txt is still empty
2024-07-24 10:22:58 INFO  Reusables:53 - output.txt is still empty
2024-07-24 10:22:58 INFO  Reusables:53 - output.txt is still empty
2024-07-24 10:22:58 INFO  Reusables:53 - output.txt is still empty
2024-07-24 10:22:58 INFO  Reusables:53 - output.txt is still empty
2024-07-24 10:22:58 INFO  Reusables:53 - output.txt is still empty
2024-07-24 10:22:58 INFO  Reusables:53 - output.txt is still empty
2024-07-24 10:22:58 INFO  Reusables:53 - output.txt is still empty
2024-07-24 10:22:58 INFO  Reusables:53 - output.txt is still empty
2024-07-24 10:22:58 INFO  Reusables:53 - output.txt is still empty
2024-07-24 10:22:58 INFO  Reusables:53 - output.txt is still empty
2024-07-24 10:22:58 INFO  Reusables:53 - output.txt is still empty
2024-07-24 10:22:58 INFO  Reusables:53 - output.txt is still empty
2024-07-24 10:22:58 INFO  Reusables:53 - output.txt is still empty
2024-07-24 10:22:58 INFO  Reusables:53 - output.txt is still empty
2024-07-24 10:22:58 INFO  Reusables:53 - output.txt is still empty
2024-07-24 10:22:58 INFO  Reusables:53 - output.txt is still empty
2024-07-24 10:22:58 INFO  Reusables:53 - output.txt is still empty
2024-07-24 10:22:58 INFO  Reusables:53 - output.txt is still empty
2024-07-24 10:22:58 INFO  Reusables:53 - output.txt is still empty
2024-07-24 10:22:58 INFO  Reusables:53 - output.txt is still empty
2024-07-24 10:22:58 INFO  Reusables:53 - output.txt is still empty
2024-07-24 10:22:58 INFO  Reusables:53 - output.txt is still empty
2024-07-24 10:22:58 INFO  Reusables:53 - output.txt is still empty
2024-07-24 10:22:58 INFO  Reusables:53 - output.txt is still empty
2024-07-24 10:22:58 INFO  Reusables:53 - output.txt is still empty
2024-07-24 10:22:58 INFO  Reusables:53 - output.txt is still empty
2024-07-24 10:22:58 INFO  Reusables:53 - output.txt is still empty
2024-07-24 10:22:58 INFO  Reusables:53 - output.txt is still empty
2024-07-24 10:22:58 INFO  Reusables:53 - output.txt is still empty
2024-07-24 10:22:58 INFO  Reusables:53 - output.txt is still empty
2024-07-24 10:22:58 INFO  Reusables:53 - output.txt is still empty
2024-07-24 10:22:58 INFO  Reusables:53 - output.txt is still empty
2024-07-24 10:22:58 INFO  Reusables:53 - output.txt is still empty
2024-07-24 10:22:58 INFO  Reusables:53 - output.txt is still empty
2024-07-24 10:22:58 INFO  Reusables:53 - output.txt is still empty
2024-07-24 10:22:58 INFO  Reusables:53 - output.txt is still empty
2024-07-24 10:22:58 INFO  Reusables:53 - output.txt is still empty
2024-07-24 10:22:58 INFO  Reusables:53 - output.txt is still empty
2024-07-24 10:22:58 INFO  Reusables:53 - output.txt is still empty
2024-07-24 10:22:58 INFO  Reusables:53 - output.txt is still empty
2024-07-24 10:22:58 INFO  Reusables:53 - output.txt is still empty
2024-07-24 10:22:58 INFO  Reusables:53 - output.txt is still empty
2024-07-24 10:22:58 INFO  Reusables:53 - output.txt is still empty
2024-07-24 10:22:58 INFO  Reusables:53 - output.txt is still empty
2024-07-24 10:22:58 INFO  Reusables:53 - output.txt is still empty
2024-07-24 10:22:58 INFO  Reusables:53 - output.txt is still empty
2024-07-24 10:22:58 INFO  Reusables:53 - output.txt is still empty
2024-07-24 10:22:58 INFO  Reusables:53 - output.txt is still empty
2024-07-24 10:22:58 INFO  Reusables:53 - output.txt is still empty
2024-07-24 10:22:58 INFO  Reusables:53 - output.txt is still empty
2024-07-24 10:22:58 INFO  Reusables:53 - output.txt is still empty
2024-07-24 10:22:58 INFO  Reusables:53 - output.txt is still empty
2024-07-24 10:22:58 INFO  Reusables:53 - output.txt is still empty
2024-07-24 10:22:58 INFO  Reusables:53 - output.txt is still empty
2024-07-24 10:22:58 INFO  Reusables:53 - output.txt is still empty
2024-07-24 10:22:58 INFO  Reusables:53 - output.txt is still empty
2024-07-24 10:22:58 INFO  Reusables:53 - output.txt is still empty
2024-07-24 10:22:58 INFO  Reusables:53 - output.txt is still empty
2024-07-24 10:22:58 INFO  Reusables:53 - output.txt is still empty
2024-07-24 10:22:58 INFO  Reusables:53 - output.txt is still empty
2024-07-24 10:22:58 INFO  Reusables:53 - output.txt is still empty
2024-07-24 10:22:58 INFO  Reusables:53 - output.txt is still empty
2024-07-24 10:22:58 INFO  Reusables:53 - output.txt is still empty
2024-07-24 10:22:58 INFO  Reusables:53 - output.txt is still empty
2024-07-24 10:22:58 INFO  Reusables:53 - output.txt is still empty
2024-07-24 10:22:58 INFO  Reusables:53 - output.txt is still empty
2024-07-24 10:22:58 INFO  Reusables:53 - output.txt is still empty
2024-07-24 10:22:58 INFO  Reusables:53 - output.txt is still empty
2024-07-24 10:22:58 INFO  Reusables:53 - output.txt is still empty
2024-07-24 10:22:58 INFO  Reusables:53 - output.txt is still empty
2024-07-24 10:22:58 INFO  Reusables:53 - output.txt is still empty
2024-07-24 10:22:58 INFO  Reusables:53 - output.txt is still empty
2024-07-24 10:22:58 INFO  Reusables:53 - output.txt is still empty
2024-07-24 10:22:58 INFO  Reusables:53 - output.txt is still empty
2024-07-24 10:22:58 INFO  Reusables:53 - output.txt is still empty
2024-07-24 10:22:58 INFO  Reusables:53 - output.txt is still empty
2024-07-24 10:22:58 INFO  Reusables:53 - output.txt is still empty
2024-07-24 10:22:58 INFO  Reusables:53 - output.txt is still empty
2024-07-24 10:22:58 INFO  Reusables:53 - output.txt is still empty
2024-07-24 10:22:58 INFO  Reusables:53 - output.txt is still empty
2024-07-24 10:22:58 INFO  Reusables:53 - output.txt is still empty
2024-07-24 10:22:58 INFO  Reusables:53 - output.txt is still empty
2024-07-24 10:22:58 INFO  Reusables:53 - output.txt is still empty
2024-07-24 10:22:58 INFO  Reusables:53 - output.txt is still empty
2024-07-24 10:22:58 INFO  Reusables:53 - output.txt is still empty
2024-07-24 10:22:58 INFO  Reusables:53 - output.txt is still empty
2024-07-24 10:22:58 INFO  Reusables:53 - output.txt is still empty
2024-07-24 10:22:58 INFO  Reusables:53 - output.txt is still empty
2024-07-24 10:22:58 INFO  Reusables:53 - output.txt is still empty
2024-07-24 10:22:58 INFO  Reusables:53 - output.txt is still empty
2024-07-24 10:22:58 INFO  Reusables:53 - output.txt is still empty
2024-07-24 10:22:58 INFO  Reusables:53 - output.txt is still empty
2024-07-24 10:22:58 INFO  Reusables:53 - output.txt is still empty
2024-07-24 10:22:58 INFO  Reusables:53 - output.txt is still empty
2024-07-24 10:22:58 INFO  Reusables:53 - output.txt is still empty
2024-07-24 10:22:58 INFO  Reusables:53 - output.txt is still empty
2024-07-24 10:22:58 INFO  Reusables:53 - output.txt is still empty
2024-07-24 10:22:58 INFO  Reusables:53 - output.txt is still empty
2024-07-24 10:22:58 INFO  Reusables:53 - output.txt is still empty
2024-07-24 10:22:58 INFO  Reusables:53 - output.txt is still empty
2024-07-24 10:22:58 INFO  Reusables:53 - output.txt is still empty
2024-07-24 10:22:58 INFO  Reusables:53 - output.txt is still empty
2024-07-24 10:22:58 INFO  Reusables:53 - output.txt is still empty
2024-07-24 10:22:58 INFO  Reusables:53 - output.txt is still empty
2024-07-24 10:22:58 INFO  Reusables:53 - output.txt is still empty
2024-07-24 10:22:58 INFO  Reusables:53 - output.txt is still empty
2024-07-24 10:22:58 INFO  Reusables:53 - output.txt is still empty
2024-07-24 10:22:58 INFO  Reusables:53 - output.txt is still empty
2024-07-24 10:22:58 INFO  Reusables:53 - output.txt is still empty
2024-07-24 10:22:58 INFO  Reusables:53 - output.txt is still empty
2024-07-24 10:22:58 INFO  Reusables:53 - output.txt is still empty
2024-07-24 10:22:58 INFO  Reusables:53 - output.txt is still empty
2024-07-24 10:22:58 INFO  Reusables:53 - output.txt is still empty
2024-07-24 10:22:58 INFO  Reusables:53 - output.txt is still empty
2024-07-24 10:22:58 INFO  Reusables:53 - output.txt is still empty
2024-07-24 10:22:58 INFO  Reusables:53 - output.txt is still empty
2024-07-24 10:22:58 INFO  Reusables:53 - output.txt is still empty
2024-07-24 10:22:58 INFO  Reusables:53 - output.txt is still empty
2024-07-24 10:22:58 INFO  Reusables:53 - output.txt is still empty
2024-07-24 10:22:58 INFO  Reusables:53 - output.txt is still empty
2024-07-24 10:22:58 INFO  Reusables:53 - output.txt is still empty
2024-07-24 10:22:58 INFO  Reusables:53 - output.txt is still empty
2024-07-24 10:22:58 INFO  Reusables:53 - output.txt is still empty
2024-07-24 10:22:58 INFO  Reusables:53 - output.txt is still empty
2024-07-24 10:22:58 INFO  Reusables:53 - output.txt is still empty
2024-07-24 10:22:58 INFO  Reusables:53 - output.txt is still empty
2024-07-24 10:22:58 INFO  Reusables:53 - output.txt is still empty
2024-07-24 10:22:58 INFO  Reusables:53 - output.txt is still empty
2024-07-24 10:22:58 INFO  Reusables:53 - output.txt is still empty
2024-07-24 10:22:58 INFO  Reusables:53 - output.txt is still empty
2024-07-24 10:22:58 INFO  Reusables:53 - output.txt is still empty
2024-07-24 10:22:58 INFO  Reusables:53 - output.txt is still empty
2024-07-24 10:22:58 INFO  Reusables:53 - output.txt is still empty
2024-07-24 10:22:58 INFO  Reusables:53 - output.txt is still empty
2024-07-24 10:22:58 INFO  Reusables:53 - output.txt is still empty
2024-07-24 10:22:58 INFO  Reusables:53 - output.txt is still empty
2024-07-24 10:22:58 INFO  Reusables:53 - output.txt is still empty
2024-07-24 10:22:58 INFO  Reusables:53 - output.txt is still empty
2024-07-24 10:22:58 INFO  Reusables:53 - output.txt is still empty
2024-07-24 10:22:58 INFO  Reusables:53 - output.txt is still empty
2024-07-24 10:22:58 INFO  Reusables:53 - output.txt is still empty
2024-07-24 10:22:58 INFO  Reusables:53 - output.txt is still empty
2024-07-24 10:22:58 INFO  Reusables:53 - output.txt is still empty
2024-07-24 10:22:58 INFO  Reusables:53 - output.txt is still empty
2024-07-24 10:22:58 INFO  Reusables:53 - output.txt is still empty
2024-07-24 10:22:58 INFO  Reusables:53 - output.txt is still empty
2024-07-24 10:22:58 INFO  Reusables:53 - output.txt is still empty
2024-07-24 10:22:58 INFO  Reusables:53 - output.txt is still empty
2024-07-24 10:22:58 INFO  Reusables:53 - output.txt is still empty
2024-07-24 10:22:58 INFO  Reusables:53 - output.txt is still empty
2024-07-24 10:22:58 INFO  Reusables:53 - output.txt is still empty
2024-07-24 10:22:58 INFO  Reusables:53 - output.txt is still empty
2024-07-24 10:22:58 INFO  Reusables:53 - output.txt is still empty
2024-07-24 10:22:58 INFO  Reusables:53 - output.txt is still empty
2024-07-24 10:22:58 INFO  Reusables:53 - output.txt is still empty
2024-07-24 10:22:58 INFO  Reusables:53 - output.txt is still empty
2024-07-24 10:22:58 INFO  Reusables:53 - output.txt is still empty
2024-07-24 10:22:58 INFO  Reusables:53 - output.txt is still empty
2024-07-24 10:22:58 INFO  Reusables:53 - output.txt is still empty
2024-07-24 10:22:58 INFO  Reusables:53 - output.txt is still empty
2024-07-24 10:22:58 INFO  Reusables:53 - output.txt is still empty
2024-07-24 10:22:58 INFO  Reusables:53 - output.txt is still empty
2024-07-24 10:22:58 INFO  Reusables:53 - output.txt is still empty
2024-07-24 10:22:58 INFO  Reusables:53 - output.txt is still empty
2024-07-24 10:22:58 INFO  Reusables:53 - output.txt is still empty
2024-07-24 10:22:58 INFO  Reusables:53 - output.txt is still empty
2024-07-24 10:22:58 INFO  Reusables:53 - output.txt is still empty
2024-07-24 10:22:58 INFO  Reusables:53 - output.txt is still empty
2024-07-24 10:22:58 INFO  Reusables:53 - output.txt is still empty
2024-07-24 10:22:58 INFO  Reusables:53 - output.txt is still empty
2024-07-24 10:22:58 INFO  Reusables:53 - output.txt is still empty
2024-07-24 10:22:58 INFO  Reusables:53 - output.txt is still empty
2024-07-24 10:22:58 INFO  Reusables:53 - output.txt is still empty
2024-07-24 10:22:58 INFO  Reusables:53 - output.txt is still empty
2024-07-24 10:22:58 INFO  Reusables:53 - output.txt is still empty
2024-07-24 10:22:58 INFO  Reusables:53 - output.txt is still empty
2024-07-24 10:22:58 INFO  Reusables:53 - output.txt is still empty
2024-07-24 10:22:58 INFO  Reusables:53 - output.txt is still empty
2024-07-24 10:22:58 INFO  Reusables:53 - output.txt is still empty
2024-07-24 10:22:58 INFO  Reusables:53 - output.txt is still empty
2024-07-24 10:22:58 INFO  Reusables:53 - output.txt is still empty
2024-07-24 10:22:58 INFO  Reusables:53 - output.txt is still empty
2024-07-24 10:22:58 INFO  Reusables:53 - output.txt is still empty
2024-07-24 10:22:58 INFO  Reusables:53 - output.txt is still empty
2024-07-24 10:22:58 INFO  Reusables:53 - output.txt is still empty
2024-07-24 10:22:58 INFO  Reusables:53 - output.txt is still empty
2024-07-24 10:22:58 INFO  Reusables:53 - output.txt is still empty
2024-07-24 10:22:58 INFO  Reusables:53 - output.txt is still empty
2024-07-24 10:22:58 INFO  Reusables:53 - output.txt is still empty
2024-07-24 10:22:58 INFO  Reusables:53 - output.txt is still empty
2024-07-24 10:22:58 INFO  Reusables:53 - output.txt is still empty
2024-07-24 10:22:58 INFO  Reusables:53 - output.txt is still empty
2024-07-24 10:22:58 INFO  Reusables:53 - output.txt is still empty
2024-07-24 10:22:58 INFO  Reusables:53 - output.txt is still empty
2024-07-24 10:22:58 INFO  Reusables:53 - output.txt is still empty
2024-07-24 10:22:58 INFO  Reusables:53 - output.txt is still empty
2024-07-24 10:22:58 INFO  Reusables:53 - output.txt is still empty
2024-07-24 10:22:58 INFO  Reusables:53 - output.txt is still empty
2024-07-24 10:22:58 INFO  Reusables:53 - output.txt is still empty
2024-07-24 10:22:58 INFO  Reusables:53 - output.txt is still empty
2024-07-24 10:22:58 INFO  Reusables:53 - output.txt is still empty
2024-07-24 10:22:58 INFO  Reusables:53 - output.txt is still empty
2024-07-24 10:22:58 INFO  Reusables:53 - output.txt is still empty
2024-07-24 10:22:58 INFO  Reusables:53 - output.txt is still empty
2024-07-24 10:22:58 INFO  Reusables:53 - output.txt is still empty
2024-07-24 10:22:58 INFO  Reusables:53 - output.txt is still empty
2024-07-24 10:22:58 INFO  Reusables:53 - output.txt is still empty
2024-07-24 10:22:58 INFO  Reusables:53 - output.txt is still empty
2024-07-24 10:22:58 INFO  Reusables:53 - output.txt is still empty
2024-07-24 10:22:58 INFO  Reusables:53 - output.txt is still empty
2024-07-24 10:22:58 INFO  Reusables:53 - output.txt is still empty
2024-07-24 10:22:58 INFO  Reusables:53 - output.txt is still empty
2024-07-24 10:22:58 INFO  Reusables:53 - output.txt is still empty
2024-07-24 10:22:58 INFO  Reusables:53 - output.txt is still empty
2024-07-24 10:22:58 INFO  Reusables:53 - output.txt is still empty
2024-07-24 10:22:58 INFO  Reusables:53 - output.txt is still empty
2024-07-24 10:22:58 INFO  Reusables:53 - output.txt is still empty
2024-07-24 10:22:58 INFO  Reusables:53 - output.txt is still empty
2024-07-24 10:22:58 INFO  Reusables:53 - output.txt is still empty
2024-07-24 10:22:58 INFO  Reusables:53 - output.txt is still empty
2024-07-24 10:22:58 INFO  Reusables:53 - output.txt is still empty
2024-07-24 10:22:58 INFO  Reusables:53 - output.txt is still empty
2024-07-24 10:22:58 INFO  Reusables:53 - output.txt is still empty
2024-07-24 10:22:58 INFO  Reusables:53 - output.txt is still empty
2024-07-24 10:22:58 INFO  Reusables:53 - output.txt is still empty
2024-07-24 10:22:58 INFO  Reusables:53 - output.txt is still empty
2024-07-24 10:22:58 INFO  Reusables:53 - output.txt is still empty
2024-07-24 10:22:58 INFO  Reusables:53 - output.txt is still empty
2024-07-24 10:22:58 INFO  Reusables:53 - output.txt is still empty
2024-07-24 10:22:58 INFO  Reusables:53 - output.txt is still empty
2024-07-24 10:22:58 INFO  Reusables:53 - output.txt is still empty
2024-07-24 10:22:58 INFO  Reusables:53 - output.txt is still empty
2024-07-24 10:22:58 INFO  Reusables:53 - output.txt is still empty
2024-07-24 10:22:58 INFO  Reusables:53 - output.txt is still empty
2024-07-24 10:22:58 INFO  Reusables:53 - output.txt is still empty
2024-07-24 10:22:58 INFO  Reusables:53 - output.txt is still empty
2024-07-24 10:22:58 INFO  Reusables:53 - output.txt is still empty
2024-07-24 10:22:58 INFO  Reusables:53 - output.txt is still empty
2024-07-24 10:22:58 INFO  Reusables:53 - output.txt is still empty
2024-07-24 10:22:58 INFO  Reusables:53 - output.txt is still empty
2024-07-24 10:22:58 INFO  Reusables:53 - output.txt is still empty
2024-07-24 10:22:58 INFO  Reusables:53 - output.txt is still empty
2024-07-24 10:22:58 INFO  Reusables:53 - output.txt is still empty
2024-07-24 10:22:58 INFO  Reusables:53 - output.txt is still empty
2024-07-24 10:22:58 INFO  Reusables:53 - output.txt is still empty
2024-07-24 10:22:58 INFO  Reusables:53 - output.txt is still empty
2024-07-24 10:22:58 INFO  Reusables:53 - output.txt is still empty
2024-07-24 10:22:58 INFO  Reusables:53 - output.txt is still empty
2024-07-24 10:22:58 INFO  Reusables:53 - output.txt is still empty
2024-07-24 10:22:58 INFO  Reusables:53 - output.txt is still empty
2024-07-24 10:22:58 INFO  Reusables:53 - output.txt is still empty
2024-07-24 10:22:58 INFO  Reusables:53 - output.txt is still empty
2024-07-24 10:22:58 INFO  Reusables:53 - output.txt is still empty
2024-07-24 10:22:58 INFO  Reusables:53 - output.txt is still empty
2024-07-24 10:22:58 INFO  Reusables:53 - output.txt is still empty
2024-07-24 10:22:58 INFO  Reusables:53 - output.txt is still empty
2024-07-24 10:22:58 INFO  Reusables:53 - output.txt is still empty
2024-07-24 10:22:58 INFO  Reusables:53 - output.txt is still empty
2024-07-24 10:22:58 INFO  Reusables:53 - output.txt is still empty
2024-07-24 10:22:58 INFO  Reusables:53 - output.txt is still empty
2024-07-24 10:22:58 INFO  Reusables:53 - output.txt is still empty
2024-07-24 10:22:58 INFO  Reusables:53 - output.txt is still empty
2024-07-24 10:22:58 INFO  Reusables:53 - output.txt is still empty
2024-07-24 10:22:58 INFO  Reusables:53 - output.txt is still empty
2024-07-24 10:22:58 INFO  Reusables:53 - output.txt is still empty
2024-07-24 10:22:58 INFO  Reusables:53 - output.txt is still empty
2024-07-24 10:22:58 INFO  Reusables:53 - output.txt is still empty
2024-07-24 10:22:58 INFO  Reusables:53 - output.txt is still empty
2024-07-24 10:22:58 INFO  Reusables:53 - output.txt is still empty
2024-07-24 10:22:58 INFO  Reusables:53 - output.txt is still empty
2024-07-24 10:22:58 INFO  Reusables:53 - output.txt is still empty
2024-07-24 10:22:58 INFO  Reusables:53 - output.txt is still empty
2024-07-24 10:22:58 INFO  Reusables:53 - output.txt is still empty
2024-07-24 10:22:58 INFO  Reusables:53 - output.txt is still empty
2024-07-24 10:22:58 INFO  Reusables:53 - output.txt is still empty
2024-07-24 10:22:58 INFO  Reusables:53 - output.txt is still empty
2024-07-24 10:22:58 INFO  Reusables:53 - output.txt is still empty
2024-07-24 10:22:58 INFO  Reusables:53 - output.txt is still empty
2024-07-24 10:22:58 INFO  Reusables:53 - output.txt is still empty
2024-07-24 10:22:58 INFO  Reusables:53 - output.txt is still empty
2024-07-24 10:22:58 INFO  Reusables:53 - output.txt is still empty
2024-07-24 10:22:58 INFO  Reusables:53 - output.txt is still empty
2024-07-24 10:22:58 INFO  Reusables:53 - output.txt is still empty
2024-07-24 10:22:58 INFO  Reusables:53 - output.txt is still empty
2024-07-24 10:22:58 INFO  Reusables:53 - output.txt is still empty
2024-07-24 10:22:58 INFO  Reusables:53 - output.txt is still empty
2024-07-24 10:22:58 INFO  Reusables:53 - output.txt is still empty
2024-07-24 10:22:58 INFO  Reusables:53 - output.txt is still empty
2024-07-24 10:22:58 INFO  Reusables:53 - output.txt is still empty
2024-07-24 10:22:58 INFO  Reusables:53 - output.txt is still empty
2024-07-24 10:22:58 INFO  Reusables:53 - output.txt is still empty
2024-07-24 10:22:58 INFO  Reusables:53 - output.txt is still empty
2024-07-24 10:22:58 INFO  Reusables:53 - output.txt is still empty
2024-07-24 10:22:58 INFO  Reusables:53 - output.txt is still empty
2024-07-24 10:22:58 INFO  Reusables:53 - output.txt is still empty
2024-07-24 10:22:58 INFO  Reusables:53 - output.txt is still empty
2024-07-24 10:22:58 INFO  Reusables:53 - output.txt is still empty
2024-07-24 10:22:58 INFO  Reusables:53 - output.txt is still empty
2024-07-24 10:22:58 INFO  Reusables:53 - output.txt is still empty
2024-07-24 10:22:58 INFO  Reusables:53 - output.txt is still empty
2024-07-24 10:22:58 INFO  Reusables:53 - output.txt is still empty
2024-07-24 10:22:58 INFO  Reusables:53 - output.txt is still empty
2024-07-24 10:22:58 INFO  Reusables:53 - output.txt is still empty
2024-07-24 10:22:58 INFO  Reusables:53 - output.txt is still empty
2024-07-24 10:22:58 INFO  Reusables:53 - output.txt is still empty
2024-07-24 10:22:58 INFO  Reusables:53 - output.txt is still empty
2024-07-24 10:22:58 INFO  Reusables:53 - output.txt is still empty
2024-07-24 10:22:58 INFO  Reusables:53 - output.txt is still empty
2024-07-24 10:22:58 INFO  Reusables:53 - output.txt is still empty
2024-07-24 10:22:58 INFO  Reusables:53 - output.txt is still empty
2024-07-24 10:22:58 INFO  Reusables:53 - output.txt is still empty
2024-07-24 10:22:58 INFO  Reusables:53 - output.txt is still empty
2024-07-24 10:22:58 INFO  Reusables:53 - output.txt is still empty
2024-07-24 10:22:58 INFO  Reusables:53 - output.txt is still empty
2024-07-24 10:22:58 INFO  Reusables:53 - output.txt is still empty
2024-07-24 10:22:58 INFO  Reusables:53 - output.txt is still empty
2024-07-24 10:22:58 INFO  Reusables:53 - output.txt is still empty
2024-07-24 10:22:58 INFO  Reusables:53 - output.txt is still empty
2024-07-24 10:22:58 INFO  Reusables:53 - output.txt is still empty
2024-07-24 10:22:58 INFO  Reusables:53 - output.txt is still empty
2024-07-24 10:22:58 INFO  Reusables:53 - output.txt is still empty
2024-07-24 10:22:58 INFO  Reusables:53 - output.txt is still empty
2024-07-24 10:22:58 INFO  Reusables:53 - output.txt is still empty
2024-07-24 10:22:58 INFO  Reusables:53 - output.txt is still empty
2024-07-24 10:22:58 INFO  Reusables:53 - output.txt is still empty
2024-07-24 10:22:58 INFO  Reusables:53 - output.txt is still empty
2024-07-24 10:22:58 INFO  Reusables:53 - output.txt is still empty
2024-07-24 10:22:58 INFO  Reusables:53 - output.txt is still empty
2024-07-24 10:22:58 INFO  Reusables:53 - output.txt is still empty
2024-07-24 10:22:58 INFO  Reusables:53 - output.txt is still empty
2024-07-24 10:22:58 INFO  Reusables:53 - output.txt is still empty
2024-07-24 10:22:58 INFO  Reusables:53 - output.txt is still empty
2024-07-24 10:22:58 INFO  Reusables:53 - output.txt is still empty
2024-07-24 10:22:58 INFO  Reusables:53 - output.txt is still empty
2024-07-24 10:22:58 INFO  Reusables:53 - output.txt is still empty
2024-07-24 10:22:58 INFO  Reusables:53 - output.txt is still empty
2024-07-24 10:22:58 INFO  Reusables:53 - output.txt is still empty
2024-07-24 10:22:58 INFO  Reusables:53 - output.txt is still empty
2024-07-24 10:22:58 INFO  Reusables:53 - output.txt is still empty
2024-07-24 10:22:58 INFO  Reusables:53 - output.txt is still empty
2024-07-24 10:22:58 INFO  Reusables:53 - output.txt is still empty
2024-07-24 10:22:58 INFO  Reusables:53 - output.txt is still empty
2024-07-24 10:22:58 INFO  Reusables:53 - output.txt is still empty
2024-07-24 10:22:58 INFO  Reusables:53 - output.txt is still empty
2024-07-24 10:22:58 INFO  Reusables:53 - output.txt is still empty
2024-07-24 10:22:58 INFO  Reusables:53 - output.txt is still empty
2024-07-24 10:22:58 INFO  Reusables:53 - output.txt is still empty
2024-07-24 10:22:58 INFO  Reusables:53 - output.txt is still empty
2024-07-24 10:22:58 INFO  Reusables:53 - output.txt is still empty
2024-07-24 10:22:58 INFO  Reusables:53 - output.txt is still empty
2024-07-24 10:22:58 INFO  Reusables:53 - output.txt is still empty
2024-07-24 10:22:58 INFO  Reusables:53 - output.txt is still empty
2024-07-24 10:22:58 INFO  Reusables:53 - output.txt is still empty
2024-07-24 10:22:58 INFO  Reusables:53 - output.txt is still empty
2024-07-24 10:22:58 INFO  Reusables:53 - output.txt is still empty
2024-07-24 10:22:58 INFO  Reusables:53 - output.txt is still empty
2024-07-24 10:22:58 INFO  Reusables:53 - output.txt is still empty
2024-07-24 10:22:58 INFO  Reusables:53 - output.txt is still empty
2024-07-24 10:22:58 INFO  Reusables:53 - output.txt is still empty
2024-07-24 10:22:58 INFO  Reusables:53 - output.txt is still empty
2024-07-24 10:22:58 INFO  Reusables:53 - output.txt is still empty
2024-07-24 10:22:58 INFO  Reusables:53 - output.txt is still empty
2024-07-24 10:22:58 INFO  Reusables:53 - output.txt is still empty
2024-07-24 10:22:58 INFO  Reusables:53 - output.txt is still empty
2024-07-24 10:22:58 INFO  Reusables:53 - output.txt is still empty
2024-07-24 10:22:58 INFO  Reusables:53 - output.txt is still empty
2024-07-24 10:22:58 INFO  Reusables:53 - output.txt is still empty
2024-07-24 10:22:58 INFO  Reusables:53 - output.txt is still empty
2024-07-24 10:22:58 INFO  Reusables:53 - output.txt is still empty
2024-07-24 10:22:58 INFO  Reusables:53 - output.txt is still empty
2024-07-24 10:22:58 INFO  Reusables:53 - output.txt is still empty
2024-07-24 10:22:58 INFO  Reusables:53 - output.txt is still empty
2024-07-24 10:22:58 INFO  Reusables:53 - output.txt is still empty
2024-07-24 10:22:58 INFO  Reusables:53 - output.txt is still empty
2024-07-24 10:22:58 INFO  Reusables:53 - output.txt is still empty
2024-07-24 10:22:58 INFO  Reusables:53 - output.txt is still empty
2024-07-24 10:22:58 INFO  Reusables:53 - output.txt is still empty
2024-07-24 10:22:58 INFO  Reusables:53 - output.txt is still empty
2024-07-24 10:22:58 INFO  Reusables:53 - output.txt is still empty
2024-07-24 10:22:58 INFO  Reusables:53 - output.txt is still empty
2024-07-24 10:22:58 INFO  Reusables:53 - output.txt is still empty
2024-07-24 10:22:58 INFO  Reusables:53 - output.txt is still empty
2024-07-24 10:22:58 INFO  Reusables:53 - output.txt is still empty
2024-07-24 10:22:58 INFO  Reusables:53 - output.txt is still empty
2024-07-24 10:22:58 INFO  Reusables:53 - output.txt is still empty
2024-07-24 10:22:58 INFO  Reusables:53 - output.txt is still empty
2024-07-24 10:22:58 INFO  Reusables:53 - output.txt is still empty
2024-07-24 10:22:58 INFO  Reusables:53 - output.txt is still empty
2024-07-24 10:22:58 INFO  Reusables:53 - output.txt is still empty
2024-07-24 10:22:58 INFO  Reusables:53 - output.txt is still empty
2024-07-24 10:22:58 INFO  Reusables:53 - output.txt is still empty
2024-07-24 10:22:58 INFO  Reusables:53 - output.txt is still empty
2024-07-24 10:22:58 INFO  Reusables:53 - output.txt is still empty
2024-07-24 10:22:58 INFO  Reusables:53 - output.txt is still empty
2024-07-24 10:22:58 INFO  Reusables:53 - output.txt is still empty
2024-07-24 10:22:58 INFO  Reusables:53 - output.txt is still empty
2024-07-24 10:22:58 INFO  Reusables:53 - output.txt is still empty
2024-07-24 10:22:58 INFO  Reusables:53 - output.txt is still empty
2024-07-24 10:22:58 INFO  Reusables:53 - output.txt is still empty
2024-07-24 10:22:58 INFO  Reusables:53 - output.txt is still empty
2024-07-24 10:22:58 INFO  Reusables:53 - output.txt is still empty
2024-07-24 10:22:58 INFO  Reusables:53 - output.txt is still empty
2024-07-24 10:22:58 INFO  Reusables:53 - output.txt is still empty
2024-07-24 10:22:58 INFO  Reusables:53 - output.txt is still empty
2024-07-24 10:22:58 INFO  Reusables:53 - output.txt is still empty
2024-07-24 10:22:58 INFO  Reusables:53 - output.txt is still empty
2024-07-24 10:22:58 INFO  Reusables:53 - output.txt is still empty
2024-07-24 10:22:58 INFO  Reusables:53 - output.txt is still empty
2024-07-24 10:22:58 INFO  Reusables:53 - output.txt is still empty
2024-07-24 10:22:58 INFO  Reusables:53 - output.txt is still empty
2024-07-24 10:22:58 INFO  Reusables:53 - output.txt is still empty
2024-07-24 10:22:58 INFO  Reusables:53 - output.txt is still empty
2024-07-24 10:22:58 INFO  Reusables:53 - output.txt is still empty
2024-07-24 10:22:58 INFO  Reusables:53 - output.txt is still empty
2024-07-24 10:22:58 INFO  Reusables:53 - output.txt is still empty
2024-07-24 10:22:58 INFO  Reusables:53 - output.txt is still empty
2024-07-24 10:22:58 INFO  Reusables:53 - output.txt is still empty
2024-07-24 10:22:58 INFO  Reusables:53 - output.txt is still empty
2024-07-24 10:22:58 INFO  Reusables:53 - output.txt is still empty
2024-07-24 10:22:58 INFO  Reusables:53 - output.txt is still empty
2024-07-24 10:22:58 INFO  Reusables:53 - output.txt is still empty
2024-07-24 10:22:58 INFO  Reusables:53 - output.txt is still empty
2024-07-24 10:22:58 INFO  Reusables:53 - output.txt is still empty
2024-07-24 10:22:58 INFO  Reusables:53 - output.txt is still empty
2024-07-24 10:22:58 INFO  Reusables:53 - output.txt is still empty
2024-07-24 10:22:58 INFO  Reusables:53 - output.txt is still empty
2024-07-24 10:22:58 INFO  Reusables:53 - output.txt is still empty
2024-07-24 10:22:58 INFO  Reusables:53 - output.txt is still empty
2024-07-24 10:22:58 INFO  Reusables:53 - output.txt is still empty
2024-07-24 10:22:58 INFO  Reusables:53 - output.txt is still empty
2024-07-24 10:22:58 INFO  Reusables:53 - output.txt is still empty
2024-07-24 10:22:58 INFO  Reusables:53 - output.txt is still empty
2024-07-24 10:22:58 INFO  Reusables:53 - output.txt is still empty
2024-07-24 10:22:58 INFO  Reusables:53 - output.txt is still empty
2024-07-24 10:22:58 INFO  Reusables:53 - output.txt is still empty
2024-07-24 10:22:58 INFO  Reusables:53 - output.txt is still empty
2024-07-24 10:22:58 INFO  Reusables:53 - output.txt is still empty
2024-07-24 10:22:58 INFO  Reusables:53 - output.txt is still empty
2024-07-24 10:22:58 INFO  Reusables:53 - output.txt is still empty
2024-07-24 10:22:58 INFO  Reusables:53 - output.txt is still empty
2024-07-24 10:22:58 INFO  Reusables:53 - output.txt is still empty
2024-07-24 10:22:58 INFO  Reusables:53 - output.txt is still empty
2024-07-24 10:22:58 INFO  Reusables:53 - output.txt is still empty
2024-07-24 10:22:58 INFO  Reusables:53 - output.txt is still empty
2024-07-24 10:22:58 INFO  Reusables:53 - output.txt is still empty
2024-07-24 10:22:58 INFO  Reusables:53 - output.txt is still empty
2024-07-24 10:22:58 INFO  Reusables:53 - output.txt is still empty
2024-07-24 10:22:58 INFO  Reusables:53 - output.txt is still empty
2024-07-24 10:22:58 INFO  Reusables:53 - output.txt is still empty
2024-07-24 10:22:58 INFO  Reusables:53 - output.txt is still empty
2024-07-24 10:22:58 INFO  Reusables:53 - output.txt is still empty
2024-07-24 10:22:58 INFO  Reusables:53 - output.txt is still empty
2024-07-24 10:22:58 INFO  Reusables:53 - output.txt is still empty
2024-07-24 10:22:58 INFO  Reusables:53 - output.txt is still empty
2024-07-24 10:22:58 INFO  Reusables:53 - output.txt is still empty
2024-07-24 10:22:58 INFO  Reusables:53 - output.txt is still empty
2024-07-24 10:22:58 INFO  Reusables:53 - output.txt is still empty
2024-07-24 10:22:58 INFO  Reusables:53 - output.txt is still empty
2024-07-24 10:22:58 INFO  Reusables:53 - output.txt is still empty
2024-07-24 10:22:58 INFO  Reusables:53 - output.txt is still empty
2024-07-24 10:22:58 INFO  Reusables:53 - output.txt is still empty
2024-07-24 10:22:58 INFO  Reusables:53 - output.txt is still empty
2024-07-24 10:22:58 INFO  Reusables:53 - output.txt is still empty
2024-07-24 10:22:58 INFO  Reusables:53 - output.txt is still empty
2024-07-24 10:22:58 INFO  Reusables:53 - output.txt is still empty
2024-07-24 10:22:58 INFO  Reusables:53 - output.txt is still empty
2024-07-24 10:22:58 INFO  Reusables:53 - output.txt is still empty
2024-07-24 10:22:58 INFO  Reusables:53 - output.txt is still empty
2024-07-24 10:22:58 INFO  Reusables:53 - output.txt is still empty
2024-07-24 10:22:58 INFO  Reusables:53 - output.txt is still empty
2024-07-24 10:22:58 INFO  Reusables:53 - output.txt is still empty
2024-07-24 10:22:58 INFO  Reusables:53 - output.txt is still empty
2024-07-24 10:22:58 INFO  Reusables:53 - output.txt is still empty
2024-07-24 10:22:58 INFO  Reusables:53 - output.txt is still empty
2024-07-24 10:22:58 INFO  Reusables:53 - output.txt is still empty
2024-07-24 10:22:58 INFO  Reusables:53 - output.txt is still empty
2024-07-24 10:22:58 INFO  Reusables:53 - output.txt is still empty
2024-07-24 10:22:58 INFO  Reusables:53 - output.txt is still empty
2024-07-24 10:22:58 INFO  Reusables:53 - output.txt is still empty
2024-07-24 10:22:58 INFO  Reusables:53 - output.txt is still empty
2024-07-24 10:22:58 INFO  Reusables:53 - output.txt is still empty
2024-07-24 10:22:58 INFO  Reusables:53 - output.txt is still empty
2024-07-24 10:22:58 INFO  Reusables:53 - output.txt is still empty
2024-07-24 10:22:58 INFO  Reusables:53 - output.txt is still empty
2024-07-24 10:22:58 INFO  Reusables:53 - output.txt is still empty
2024-07-24 10:22:58 INFO  Reusables:53 - output.txt is still empty
2024-07-24 10:22:58 INFO  Reusables:53 - output.txt is still empty
2024-07-24 10:22:58 INFO  Reusables:53 - output.txt is still empty
2024-07-24 10:22:58 INFO  Reusables:53 - output.txt is still empty
2024-07-24 10:22:58 INFO  Reusables:53 - output.txt is still empty
2024-07-24 10:22:58 INFO  Reusables:53 - output.txt is still empty
2024-07-24 10:22:58 INFO  Reusables:53 - output.txt is still empty
2024-07-24 10:22:58 INFO  Reusables:53 - output.txt is still empty
2024-07-24 10:22:58 INFO  Reusables:53 - output.txt is still empty
2024-07-24 10:22:58 INFO  Reusables:53 - output.txt is still empty
2024-07-24 10:22:58 INFO  Reusables:53 - output.txt is still empty
2024-07-24 10:22:58 INFO  Reusables:53 - output.txt is still empty
2024-07-24 10:22:58 INFO  Reusables:53 - output.txt is still empty
2024-07-24 10:22:58 INFO  Reusables:53 - output.txt is still empty
2024-07-24 10:22:58 INFO  Reusables:53 - output.txt is still empty
2024-07-24 10:22:58 INFO  Reusables:53 - output.txt is still empty
2024-07-24 10:22:58 INFO  Reusables:53 - output.txt is still empty
2024-07-24 10:22:58 INFO  Reusables:53 - output.txt is still empty
2024-07-24 10:22:58 INFO  Reusables:53 - output.txt is still empty
2024-07-24 10:22:58 INFO  Reusables:53 - output.txt is still empty
2024-07-24 10:22:58 INFO  Reusables:53 - output.txt is still empty
2024-07-24 10:22:58 INFO  Reusables:53 - output.txt is still empty
2024-07-24 10:22:58 INFO  Reusables:53 - output.txt is still empty
2024-07-24 10:22:58 INFO  Reusables:53 - output.txt is still empty
2024-07-24 10:22:58 INFO  Reusables:53 - output.txt is still empty
2024-07-24 10:22:58 INFO  Reusables:53 - output.txt is still empty
2024-07-24 10:22:58 INFO  Reusables:53 - output.txt is still empty
2024-07-24 10:22:58 INFO  Reusables:53 - output.txt is still empty
2024-07-24 10:22:58 INFO  Reusables:53 - output.txt is still empty
2024-07-24 10:22:58 INFO  Reusables:53 - output.txt is still empty
2024-07-24 10:22:58 INFO  Reusables:53 - output.txt is still empty
2024-07-24 10:22:58 INFO  Reusables:53 - output.txt is still empty
2024-07-24 10:22:58 INFO  Reusables:53 - output.txt is still empty
2024-07-24 10:22:58 INFO  Reusables:53 - output.txt is still empty
2024-07-24 10:22:58 INFO  Reusables:53 - output.txt is still empty
2024-07-24 10:22:58 INFO  Reusables:53 - output.txt is still empty
2024-07-24 10:22:58 INFO  Reusables:53 - output.txt is still empty
2024-07-24 10:22:58 INFO  Reusables:53 - output.txt is still empty
2024-07-24 10:22:58 INFO  Reusables:53 - output.txt is still empty
2024-07-24 10:22:58 INFO  Reusables:53 - output.txt is still empty
2024-07-24 10:22:58 INFO  Reusables:53 - output.txt is still empty
2024-07-24 10:22:58 INFO  Reusables:53 - output.txt is still empty
2024-07-24 10:22:58 INFO  Reusables:53 - output.txt is still empty
2024-07-24 10:22:58 INFO  Reusables:53 - output.txt is still empty
2024-07-24 10:22:58 INFO  Reusables:53 - output.txt is still empty
2024-07-24 10:22:58 INFO  Reusables:53 - output.txt is still empty
2024-07-24 10:22:58 INFO  Reusables:53 - output.txt is still empty
2024-07-24 10:22:58 INFO  Reusables:53 - output.txt is still empty
2024-07-24 10:22:58 INFO  Reusables:53 - output.txt is still empty
2024-07-24 10:22:58 INFO  Reusables:53 - output.txt is still empty
2024-07-24 10:22:58 INFO  Reusables:53 - output.txt is still empty
2024-07-24 10:22:58 INFO  Reusables:53 - output.txt is still empty
2024-07-24 10:22:58 INFO  Reusables:53 - output.txt is still empty
2024-07-24 10:22:58 INFO  Reusables:53 - output.txt is still empty
2024-07-24 10:22:58 INFO  Reusables:53 - output.txt is still empty
2024-07-24 10:22:58 INFO  Reusables:53 - output.txt is still empty
2024-07-24 10:22:58 INFO  Reusables:53 - output.txt is still empty
2024-07-24 10:22:58 INFO  Reusables:53 - output.txt is still empty
2024-07-24 10:22:58 INFO  Reusables:53 - output.txt is still empty
2024-07-24 10:22:58 INFO  Reusables:53 - output.txt is still empty
2024-07-24 10:22:58 INFO  Reusables:53 - output.txt is still empty
2024-07-24 10:22:58 INFO  Reusables:53 - output.txt is still empty
2024-07-24 10:22:58 INFO  Reusables:53 - output.txt is still empty
2024-07-24 10:22:58 INFO  Reusables:53 - output.txt is still empty
2024-07-24 10:22:58 INFO  Reusables:53 - output.txt is still empty
2024-07-24 10:22:58 INFO  Reusables:53 - output.txt is still empty
2024-07-24 10:22:58 INFO  Reusables:53 - output.txt is still empty
2024-07-24 10:22:58 INFO  Reusables:53 - output.txt is still empty
2024-07-24 10:22:58 INFO  Reusables:53 - output.txt is still empty
2024-07-24 10:22:58 INFO  Reusables:53 - output.txt is still empty
2024-07-24 10:22:58 INFO  Reusables:53 - output.txt is still empty
2024-07-24 10:22:58 INFO  Reusables:53 - output.txt is still empty
2024-07-24 10:22:58 INFO  Reusables:53 - output.txt is still empty
2024-07-24 10:22:58 INFO  Reusables:53 - output.txt is still empty
2024-07-24 10:22:58 INFO  Reusables:53 - output.txt is still empty
2024-07-24 10:22:58 INFO  Reusables:53 - output.txt is still empty
2024-07-24 10:22:58 INFO  Reusables:53 - output.txt is still empty
2024-07-24 10:22:58 INFO  Reusables:53 - output.txt is still empty
2024-07-24 10:22:58 INFO  Reusables:53 - output.txt is still empty
2024-07-24 10:22:58 INFO  Reusables:53 - output.txt is still empty
2024-07-24 10:22:58 INFO  Reusables:53 - output.txt is still empty
2024-07-24 10:22:58 INFO  Reusables:53 - output.txt is still empty
2024-07-24 10:22:58 INFO  Reusables:53 - output.txt is still empty
2024-07-24 10:22:58 INFO  Reusables:53 - output.txt is still empty
2024-07-24 10:22:58 INFO  Reusables:53 - output.txt is still empty
2024-07-24 10:22:58 INFO  Reusables:53 - output.txt is still empty
2024-07-24 10:22:58 INFO  Reusables:53 - output.txt is still empty
2024-07-24 10:22:58 INFO  Reusables:53 - output.txt is still empty
2024-07-24 10:22:58 INFO  Reusables:53 - output.txt is still empty
2024-07-24 10:22:58 INFO  Reusables:53 - output.txt is still empty
2024-07-24 10:22:58 INFO  Reusables:53 - output.txt is still empty
2024-07-24 10:22:58 INFO  Reusables:53 - output.txt is still empty
2024-07-24 10:22:58 INFO  Reusables:53 - output.txt is still empty
2024-07-24 10:22:58 INFO  Reusables:53 - output.txt is still empty
2024-07-24 10:22:58 INFO  Reusables:53 - output.txt is still empty
2024-07-24 10:22:58 INFO  Reusables:53 - output.txt is still empty
2024-07-24 10:22:58 INFO  Reusables:53 - output.txt is still empty
2024-07-24 10:22:58 INFO  Reusables:53 - output.txt is still empty
2024-07-24 10:22:58 INFO  Reusables:53 - output.txt is still empty
2024-07-24 10:22:58 INFO  Reusables:53 - output.txt is still empty
2024-07-24 10:22:58 INFO  Reusables:53 - output.txt is still empty
2024-07-24 10:22:58 INFO  Reusables:53 - output.txt is still empty
2024-07-24 10:22:58 INFO  Reusables:53 - output.txt is still empty
2024-07-24 10:22:58 INFO  Reusables:53 - output.txt is still empty
2024-07-24 10:22:58 INFO  Reusables:53 - output.txt is still empty
2024-07-24 10:22:58 INFO  Reusables:53 - output.txt is still empty
2024-07-24 10:22:58 INFO  Reusables:53 - output.txt is still empty
2024-07-24 10:22:58 INFO  Reusables:53 - output.txt is still empty
2024-07-24 10:22:58 INFO  Reusables:53 - output.txt is still empty
2024-07-24 10:22:58 INFO  Reusables:53 - output.txt is still empty
2024-07-24 10:22:58 INFO  Reusables:53 - output.txt is still empty
2024-07-24 10:22:58 INFO  Reusables:53 - output.txt is still empty
2024-07-24 10:22:58 INFO  Reusables:53 - output.txt is still empty
2024-07-24 10:22:58 INFO  Reusables:53 - output.txt is still empty
2024-07-24 10:22:58 INFO  Reusables:53 - output.txt is still empty
2024-07-24 10:22:58 INFO  Reusables:53 - output.txt is still empty
2024-07-24 10:22:58 INFO  Reusables:53 - output.txt is still empty
2024-07-24 10:22:58 INFO  Reusables:53 - output.txt is still empty
2024-07-24 10:22:58 INFO  Reusables:53 - output.txt is still empty
2024-07-24 10:22:58 INFO  Reusables:53 - output.txt is still empty
2024-07-24 10:22:58 INFO  Reusables:53 - output.txt is still empty
2024-07-24 10:22:58 INFO  Reusables:53 - output.txt is still empty
2024-07-24 10:22:58 INFO  Reusables:53 - output.txt is still empty
2024-07-24 10:22:58 INFO  Reusables:53 - output.txt is still empty
2024-07-24 10:22:58 INFO  Reusables:53 - output.txt is still empty
2024-07-24 10:22:58 INFO  Reusables:53 - output.txt is still empty
2024-07-24 10:22:58 INFO  Reusables:53 - output.txt is still empty
2024-07-24 10:22:58 INFO  Reusables:53 - output.txt is still empty
2024-07-24 10:22:58 INFO  Reusables:53 - output.txt is still empty
2024-07-24 10:22:58 INFO  Reusables:53 - output.txt is still empty
2024-07-24 10:22:58 INFO  Reusables:53 - output.txt is still empty
2024-07-24 10:22:58 INFO  Reusables:53 - output.txt is still empty
2024-07-24 10:22:58 INFO  Reusables:53 - output.txt is still empty
2024-07-24 10:22:58 INFO  Reusables:53 - output.txt is still empty
2024-07-24 10:22:58 INFO  Reusables:53 - output.txt is still empty
2024-07-24 10:22:58 INFO  Reusables:53 - output.txt is still empty
2024-07-24 10:22:58 INFO  Reusables:53 - output.txt is still empty
2024-07-24 10:22:58 INFO  Reusables:53 - output.txt is still empty
2024-07-24 10:22:58 INFO  Reusables:53 - output.txt is still empty
2024-07-24 10:22:58 INFO  Reusables:53 - output.txt is still empty
2024-07-24 10:22:58 INFO  Reusables:53 - output.txt is still empty
2024-07-24 10:22:58 INFO  Reusables:53 - output.txt is still empty
2024-07-24 10:22:58 INFO  Reusables:53 - output.txt is still empty
2024-07-24 10:22:58 INFO  Reusables:53 - output.txt is still empty
2024-07-24 10:22:58 INFO  Reusables:53 - output.txt is still empty
2024-07-24 10:22:58 INFO  Reusables:53 - output.txt is still empty
2024-07-24 10:22:58 INFO  Reusables:53 - output.txt is still empty
2024-07-24 10:22:58 INFO  Reusables:53 - output.txt is still empty
2024-07-24 10:22:58 INFO  Reusables:53 - output.txt is still empty
2024-07-24 10:22:58 INFO  Reusables:53 - output.txt is still empty
2024-07-24 10:22:58 INFO  Reusables:53 - output.txt is still empty
2024-07-24 10:22:58 INFO  Reusables:53 - output.txt is still empty
2024-07-24 10:22:58 INFO  Reusables:53 - output.txt is still empty
2024-07-24 10:22:58 INFO  Reusables:53 - output.txt is still empty
2024-07-24 10:22:58 INFO  Reusables:53 - output.txt is still empty
2024-07-24 10:22:58 INFO  Reusables:53 - output.txt is still empty
2024-07-24 10:22:58 INFO  Reusables:53 - output.txt is still empty
2024-07-24 10:22:58 INFO  Reusables:53 - output.txt is still empty
2024-07-24 10:22:58 INFO  Reusables:53 - output.txt is still empty
2024-07-24 10:22:58 INFO  Reusables:53 - output.txt is still empty
2024-07-24 10:22:58 INFO  Reusables:53 - output.txt is still empty
2024-07-24 10:22:58 INFO  Reusables:53 - output.txt is still empty
2024-07-24 10:22:58 INFO  Reusables:53 - output.txt is still empty
2024-07-24 10:22:58 INFO  Reusables:53 - output.txt is still empty
2024-07-24 10:22:58 INFO  Reusables:53 - output.txt is still empty
2024-07-24 10:22:58 INFO  Reusables:53 - output.txt is still empty
2024-07-24 10:22:58 INFO  Reusables:53 - output.txt is still empty
2024-07-24 10:22:58 INFO  Reusables:53 - output.txt is still empty
2024-07-24 10:22:58 INFO  Reusables:53 - output.txt is still empty
2024-07-24 10:22:58 INFO  Reusables:53 - output.txt is still empty
2024-07-24 10:22:58 INFO  Reusables:53 - output.txt is still empty
2024-07-24 10:22:58 INFO  Reusables:53 - output.txt is still empty
2024-07-24 10:22:58 INFO  Reusables:53 - output.txt is still empty
2024-07-24 10:22:58 INFO  Reusables:53 - output.txt is still empty
2024-07-24 10:22:58 INFO  Reusables:53 - output.txt is still empty
2024-07-24 10:22:58 INFO  Reusables:53 - output.txt is still empty
2024-07-24 10:22:58 INFO  Reusables:53 - output.txt is still empty
2024-07-24 10:22:58 INFO  Reusables:53 - output.txt is still empty
2024-07-24 10:22:58 INFO  Reusables:53 - output.txt is still empty
2024-07-24 10:22:58 INFO  Reusables:53 - output.txt is still empty
2024-07-24 10:22:58 INFO  Reusables:53 - output.txt is still empty
2024-07-24 10:22:58 INFO  Reusables:53 - output.txt is still empty
2024-07-24 10:22:58 INFO  Reusables:53 - output.txt is still empty
2024-07-24 10:22:58 INFO  Reusables:53 - output.txt is still empty
2024-07-24 10:22:58 INFO  Reusables:53 - output.txt is still empty
2024-07-24 10:22:58 INFO  Reusables:53 - output.txt is still empty
2024-07-24 10:22:58 INFO  Reusables:53 - output.txt is still empty
2024-07-24 10:22:58 INFO  Reusables:53 - output.txt is still empty
2024-07-24 10:22:58 INFO  Reusables:53 - output.txt is still empty
2024-07-24 10:22:58 INFO  Reusables:53 - output.txt is still empty
2024-07-24 10:22:58 INFO  Reusables:53 - output.txt is still empty
2024-07-24 10:22:58 INFO  Reusables:53 - output.txt is still empty
2024-07-24 10:22:58 INFO  Reusables:53 - output.txt is still empty
2024-07-24 10:22:58 INFO  Reusables:53 - output.txt is still empty
2024-07-24 10:22:58 INFO  Reusables:53 - output.txt is still empty
2024-07-24 10:22:58 INFO  Reusables:53 - output.txt is still empty
2024-07-24 10:22:58 INFO  Reusables:53 - output.txt is still empty
2024-07-24 10:22:58 INFO  Reusables:53 - output.txt is still empty
2024-07-24 10:22:58 INFO  Reusables:53 - output.txt is still empty
2024-07-24 10:22:58 INFO  Reusables:53 - output.txt is still empty
2024-07-24 10:22:58 INFO  Reusables:53 - output.txt is still empty
2024-07-24 10:22:58 INFO  Reusables:53 - output.txt is still empty
2024-07-24 10:22:58 INFO  Reusables:53 - output.txt is still empty
2024-07-24 10:22:58 INFO  Reusables:53 - output.txt is still empty
2024-07-24 10:22:58 INFO  Reusables:53 - output.txt is still empty
2024-07-24 10:22:58 INFO  Reusables:53 - output.txt is still empty
2024-07-24 10:22:58 INFO  Reusables:53 - output.txt is still empty
2024-07-24 10:22:58 INFO  Reusables:53 - output.txt is still empty
2024-07-24 10:22:58 INFO  Reusables:53 - output.txt is still empty
2024-07-24 10:22:58 INFO  Reusables:53 - output.txt is still empty
2024-07-24 10:22:58 INFO  Reusables:53 - output.txt is still empty
2024-07-24 10:22:58 INFO  Reusables:53 - output.txt is still empty
2024-07-24 10:22:58 INFO  Reusables:53 - output.txt is still empty
2024-07-24 10:22:58 INFO  Reusables:53 - output.txt is still empty
2024-07-24 10:22:58 INFO  Reusables:53 - output.txt is still empty
2024-07-24 10:22:58 INFO  Reusables:53 - output.txt is still empty
2024-07-24 10:22:58 INFO  Reusables:53 - output.txt is still empty
2024-07-24 10:22:58 INFO  Reusables:53 - output.txt is still empty
2024-07-24 10:22:58 INFO  Reusables:53 - output.txt is still empty
2024-07-24 10:22:58 INFO  Reusables:53 - output.txt is still empty
2024-07-24 10:22:58 INFO  Reusables:53 - output.txt is still empty
2024-07-24 10:22:58 INFO  Reusables:53 - output.txt is still empty
2024-07-24 10:22:58 INFO  Reusables:53 - output.txt is still empty
2024-07-24 10:22:58 INFO  Reusables:53 - output.txt is still empty
2024-07-24 10:22:58 INFO  Reusables:53 - output.txt is still empty
2024-07-24 10:22:58 INFO  Reusables:53 - output.txt is still empty
2024-07-24 10:22:58 INFO  Reusables:53 - output.txt is still empty
2024-07-24 10:22:58 INFO  Reusables:53 - output.txt is still empty
2024-07-24 10:22:58 INFO  Reusables:53 - output.txt is still empty
2024-07-24 10:22:58 INFO  Reusables:53 - output.txt is still empty
2024-07-24 10:22:58 INFO  Reusables:53 - output.txt is still empty
2024-07-24 10:22:58 INFO  Reusables:53 - output.txt is still empty
2024-07-24 10:22:58 INFO  Reusables:53 - output.txt is still empty
2024-07-24 10:22:58 INFO  Reusables:53 - output.txt is still empty
2024-07-24 10:22:58 INFO  Reusables:53 - output.txt is still empty
2024-07-24 10:22:58 INFO  Reusables:53 - output.txt is still empty
2024-07-24 10:22:58 INFO  Reusables:53 - output.txt is still empty
2024-07-24 10:22:58 INFO  Reusables:53 - output.txt is still empty
2024-07-24 10:22:58 INFO  Reusables:53 - output.txt is still empty
2024-07-24 10:22:58 INFO  Reusables:53 - output.txt is still empty
2024-07-24 10:22:58 INFO  Reusables:53 - output.txt is still empty
2024-07-24 10:22:58 INFO  Reusables:53 - output.txt is still empty
2024-07-24 10:22:58 INFO  Reusables:53 - output.txt is still empty
2024-07-24 10:22:58 INFO  Reusables:53 - output.txt is still empty
2024-07-24 10:22:58 INFO  Reusables:53 - output.txt is still empty
2024-07-24 10:22:58 INFO  Reusables:53 - output.txt is still empty
2024-07-24 10:22:58 INFO  Reusables:53 - output.txt is still empty
2024-07-24 10:22:58 INFO  Reusables:53 - output.txt is still empty
2024-07-24 10:22:58 INFO  Reusables:53 - output.txt is still empty
2024-07-24 10:22:58 INFO  Reusables:53 - output.txt is still empty
2024-07-24 10:22:58 INFO  Reusables:53 - output.txt is still empty
2024-07-24 10:22:58 INFO  Reusables:53 - output.txt is still empty
2024-07-24 10:22:58 INFO  Reusables:53 - output.txt is still empty
2024-07-24 10:22:58 INFO  Reusables:53 - output.txt is still empty
2024-07-24 10:22:58 INFO  Reusables:53 - output.txt is still empty
2024-07-24 10:22:58 INFO  Reusables:53 - output.txt is still empty
2024-07-24 10:22:58 INFO  Reusables:53 - output.txt is still empty
2024-07-24 10:22:58 INFO  Reusables:53 - output.txt is still empty
2024-07-24 10:22:58 INFO  Reusables:53 - output.txt is still empty
2024-07-24 10:22:58 INFO  Reusables:53 - output.txt is still empty
2024-07-24 10:22:58 INFO  Reusables:53 - output.txt is still empty
2024-07-24 10:22:58 INFO  Reusables:53 - output.txt is still empty
2024-07-24 10:22:58 INFO  Reusables:53 - output.txt is still empty
2024-07-24 10:22:58 INFO  Reusables:53 - output.txt is still empty
2024-07-24 10:22:58 INFO  Reusables:53 - output.txt is still empty
2024-07-24 10:22:58 INFO  Reusables:53 - output.txt is still empty
2024-07-24 10:22:58 INFO  Reusables:53 - output.txt is still empty
2024-07-24 10:22:58 INFO  Reusables:53 - output.txt is still empty
2024-07-24 10:22:58 INFO  Reusables:53 - output.txt is still empty
2024-07-24 10:22:58 INFO  Reusables:53 - output.txt is still empty
2024-07-24 10:22:58 INFO  Reusables:53 - output.txt is still empty
2024-07-24 10:22:58 INFO  Reusables:53 - output.txt is still empty
2024-07-24 10:22:58 INFO  Reusables:53 - output.txt is still empty
2024-07-24 10:22:58 INFO  Reusables:53 - output.txt is still empty
2024-07-24 10:22:58 INFO  Reusables:53 - output.txt is still empty
2024-07-24 10:22:58 INFO  Reusables:53 - output.txt is still empty
2024-07-24 10:22:58 INFO  Reusables:53 - output.txt is still empty
2024-07-24 10:22:58 INFO  Reusables:53 - output.txt is still empty
2024-07-24 10:22:58 INFO  Reusables:53 - output.txt is still empty
2024-07-24 10:22:58 INFO  Reusables:53 - output.txt is still empty
2024-07-24 10:22:58 INFO  Reusables:53 - output.txt is still empty
2024-07-24 10:22:58 INFO  Reusables:53 - output.txt is still empty
2024-07-24 10:22:58 INFO  Reusables:53 - output.txt is still empty
2024-07-24 10:22:58 INFO  Reusables:53 - output.txt is still empty
2024-07-24 10:22:58 INFO  Reusables:53 - output.txt is still empty
2024-07-24 10:22:58 INFO  Reusables:53 - output.txt is still empty
2024-07-24 10:22:58 INFO  Reusables:53 - output.txt is still empty
2024-07-24 10:22:58 INFO  Reusables:53 - output.txt is still empty
2024-07-24 10:22:58 INFO  Reusables:53 - output.txt is still empty
2024-07-24 10:22:58 INFO  Reusables:53 - output.txt is still empty
2024-07-24 10:22:58 INFO  Reusables:53 - output.txt is still empty
2024-07-24 10:22:58 INFO  Reusables:53 - output.txt is still empty
2024-07-24 10:22:58 INFO  Reusables:53 - output.txt is still empty
2024-07-24 10:22:58 INFO  Reusables:53 - output.txt is still empty
2024-07-24 10:22:58 INFO  Reusables:53 - output.txt is still empty
2024-07-24 10:22:58 INFO  Reusables:53 - output.txt is still empty
2024-07-24 10:22:58 INFO  Reusables:53 - output.txt is still empty
2024-07-24 10:22:58 INFO  Reusables:53 - output.txt is still empty
2024-07-24 10:22:58 INFO  Reusables:53 - output.txt is still empty
2024-07-24 10:22:58 INFO  Reusables:53 - output.txt is still empty
2024-07-24 10:22:58 INFO  Reusables:53 - output.txt is still empty
2024-07-24 10:22:58 INFO  Reusables:53 - output.txt is still empty
2024-07-24 10:22:58 INFO  Reusables:53 - output.txt is still empty
2024-07-24 10:22:58 INFO  Reusables:53 - output.txt is still empty
2024-07-24 10:22:58 INFO  Reusables:53 - output.txt is still empty
2024-07-24 10:22:58 INFO  Reusables:53 - output.txt is still empty
2024-07-24 10:22:58 INFO  Reusables:53 - output.txt is still empty
2024-07-24 10:22:58 INFO  Reusables:53 - output.txt is still empty
2024-07-24 10:22:58 INFO  Reusables:53 - output.txt is still empty
2024-07-24 10:22:58 INFO  Reusables:53 - output.txt is still empty
2024-07-24 10:22:58 INFO  Reusables:53 - output.txt is still empty
2024-07-24 10:22:58 INFO  Reusables:53 - output.txt is still empty
2024-07-24 10:22:58 INFO  Reusables:53 - output.txt is still empty
2024-07-24 10:22:58 INFO  Reusables:53 - output.txt is still empty
2024-07-24 10:22:58 INFO  Reusables:53 - output.txt is still empty
2024-07-24 10:22:58 INFO  Reusables:53 - output.txt is still empty
2024-07-24 10:22:58 INFO  Reusables:53 - output.txt is still empty
2024-07-24 10:22:58 INFO  Reusables:53 - output.txt is still empty
2024-07-24 10:22:58 INFO  Reusables:53 - output.txt is still empty
2024-07-24 10:22:58 INFO  Reusables:53 - output.txt is still empty
2024-07-24 10:22:58 INFO  Reusables:53 - output.txt is still empty
2024-07-24 10:22:58 INFO  Reusables:53 - output.txt is still empty
2024-07-24 10:22:58 INFO  Reusables:53 - output.txt is still empty
2024-07-24 10:22:58 INFO  Reusables:53 - output.txt is still empty
2024-07-24 10:22:58 INFO  Reusables:53 - output.txt is still empty
2024-07-24 10:22:58 INFO  Reusables:53 - output.txt is still empty
2024-07-24 10:22:58 INFO  Reusables:53 - output.txt is still empty
2024-07-24 10:22:58 INFO  Reusables:53 - output.txt is still empty
2024-07-24 10:22:58 INFO  Reusables:53 - output.txt is still empty
2024-07-24 10:22:58 INFO  Reusables:53 - output.txt is still empty
2024-07-24 10:22:58 INFO  Reusables:53 - output.txt is still empty
2024-07-24 10:22:58 INFO  Reusables:53 - output.txt is still empty
2024-07-24 10:22:58 INFO  Reusables:53 - output.txt is still empty
2024-07-24 10:22:58 INFO  Reusables:53 - output.txt is still empty
2024-07-24 10:22:58 INFO  Reusables:53 - output.txt is still empty
2024-07-24 10:22:58 INFO  Reusables:53 - output.txt is still empty
2024-07-24 10:22:58 INFO  Reusables:53 - output.txt is still empty
2024-07-24 10:22:58 INFO  Reusables:53 - output.txt is still empty
2024-07-24 10:22:58 INFO  Reusables:53 - output.txt is still empty
2024-07-24 10:22:58 INFO  Reusables:53 - output.txt is still empty
2024-07-24 10:22:58 INFO  Reusables:53 - output.txt is still empty
2024-07-24 10:22:58 INFO  Reusables:53 - output.txt is still empty
2024-07-24 10:22:58 INFO  Reusables:53 - output.txt is still empty
2024-07-24 10:22:58 INFO  Reusables:53 - output.txt is still empty
2024-07-24 10:22:58 INFO  Reusables:53 - output.txt is still empty
2024-07-24 10:22:58 INFO  Reusables:53 - output.txt is still empty
2024-07-24 10:22:58 INFO  Reusables:53 - output.txt is still empty
2024-07-24 10:22:58 INFO  Reusables:53 - output.txt is still empty
2024-07-24 10:22:58 INFO  Reusables:53 - output.txt is still empty
2024-07-24 10:22:58 INFO  Reusables:53 - output.txt is still empty
2024-07-24 10:22:58 INFO  Reusables:53 - output.txt is still empty
2024-07-24 10:22:58 INFO  Reusables:53 - output.txt is still empty
2024-07-24 10:22:58 INFO  Reusables:53 - output.txt is still empty
2024-07-24 10:22:58 INFO  Reusables:53 - output.txt is still empty
2024-07-24 10:22:58 INFO  Reusables:53 - output.txt is still empty
2024-07-24 10:22:58 INFO  Reusables:53 - output.txt is still empty
2024-07-24 10:22:58 INFO  Reusables:53 - output.txt is still empty
2024-07-24 10:22:58 INFO  Reusables:53 - output.txt is still empty
2024-07-24 10:22:58 INFO  Reusables:53 - output.txt is still empty
2024-07-24 10:22:58 INFO  Reusables:53 - output.txt is still empty
2024-07-24 10:22:58 INFO  Reusables:53 - output.txt is still empty
2024-07-24 10:22:58 INFO  Reusables:53 - output.txt is still empty
2024-07-24 10:22:58 INFO  Reusables:53 - output.txt is still empty
2024-07-24 10:22:58 INFO  Reusables:53 - output.txt is still empty
2024-07-24 10:22:58 INFO  Reusables:53 - output.txt is still empty
2024-07-24 10:22:58 INFO  Reusables:53 - output.txt is still empty
2024-07-24 10:22:58 INFO  Reusables:53 - output.txt is still empty
2024-07-24 10:22:58 INFO  Reusables:53 - output.txt is still empty
2024-07-24 10:22:58 INFO  Reusables:53 - output.txt is still empty
2024-07-24 10:22:58 INFO  Reusables:53 - output.txt is still empty
2024-07-24 10:22:58 INFO  Reusables:53 - output.txt is still empty
2024-07-24 10:22:58 INFO  Reusables:53 - output.txt is still empty
2024-07-24 10:22:58 INFO  Reusables:53 - output.txt is still empty
2024-07-24 10:22:58 INFO  Reusables:53 - output.txt is still empty
2024-07-24 10:22:58 INFO  Reusables:53 - output.txt is still empty
2024-07-24 10:22:58 INFO  Reusables:53 - output.txt is still empty
2024-07-24 10:22:58 INFO  Reusables:53 - output.txt is still empty
2024-07-24 10:22:58 INFO  Reusables:53 - output.txt is still empty
2024-07-24 10:22:58 INFO  Reusables:53 - output.txt is still empty
2024-07-24 10:22:58 INFO  Reusables:53 - output.txt is still empty
2024-07-24 10:22:58 INFO  Reusables:53 - output.txt is still empty
2024-07-24 10:22:58 INFO  Reusables:53 - output.txt is still empty
2024-07-24 10:22:58 INFO  Reusables:53 - output.txt is still empty
2024-07-24 10:22:58 INFO  Reusables:53 - output.txt is still empty
2024-07-24 10:22:58 INFO  Reusables:53 - output.txt is still empty
2024-07-24 10:22:58 INFO  Reusables:53 - output.txt is still empty
2024-07-24 10:22:58 INFO  Reusables:53 - output.txt is still empty
2024-07-24 10:22:58 INFO  Reusables:53 - output.txt is still empty
2024-07-24 10:22:58 INFO  Reusables:53 - output.txt is still empty
2024-07-24 10:22:58 INFO  Reusables:53 - output.txt is still empty
2024-07-24 10:22:58 INFO  Reusables:53 - output.txt is still empty
2024-07-24 10:22:58 INFO  Reusables:53 - output.txt is still empty
2024-07-24 10:22:58 INFO  Reusables:53 - output.txt is still empty
2024-07-24 10:22:58 INFO  Reusables:53 - output.txt is still empty
2024-07-24 10:22:58 INFO  Reusables:53 - output.txt is still empty
2024-07-24 10:22:58 INFO  Reusables:53 - output.txt is still empty
2024-07-24 10:22:58 INFO  Reusables:53 - output.txt is still empty
2024-07-24 10:22:58 INFO  Reusables:53 - output.txt is still empty
2024-07-24 10:22:58 INFO  Reusables:53 - output.txt is still empty
2024-07-24 10:22:58 INFO  Reusables:53 - output.txt is still empty
2024-07-24 10:22:58 INFO  Reusables:53 - output.txt is still empty
2024-07-24 10:22:58 INFO  Reusables:53 - output.txt is still empty
2024-07-24 10:22:58 INFO  Reusables:53 - output.txt is still empty
2024-07-24 10:22:58 INFO  Reusables:53 - output.txt is still empty
2024-07-24 10:22:58 INFO  Reusables:53 - output.txt is still empty
2024-07-24 10:22:58 INFO  Reusables:53 - output.txt is still empty
2024-07-24 10:22:58 INFO  Reusables:53 - output.txt is still empty
2024-07-24 10:22:58 INFO  Reusables:53 - output.txt is still empty
2024-07-24 10:22:58 INFO  Reusables:53 - output.txt is still empty
2024-07-24 10:22:58 INFO  Reusables:53 - output.txt is still empty
2024-07-24 10:22:58 INFO  Reusables:53 - output.txt is still empty
2024-07-24 10:22:58 INFO  Reusables:53 - output.txt is still empty
2024-07-24 10:22:58 INFO  Reusables:53 - output.txt is still empty
2024-07-24 10:22:58 INFO  Reusables:53 - output.txt is still empty
2024-07-24 10:22:58 INFO  Reusables:53 - output.txt is still empty
2024-07-24 10:22:58 INFO  Reusables:53 - output.txt is still empty
2024-07-24 10:22:58 INFO  Reusables:53 - output.txt is still empty
2024-07-24 10:22:58 INFO  Reusables:53 - output.txt is still empty
2024-07-24 10:22:58 INFO  Reusables:53 - output.txt is still empty
2024-07-24 10:22:58 INFO  Reusables:53 - output.txt is still empty
2024-07-24 10:22:58 INFO  Reusables:53 - output.txt is still empty
2024-07-24 10:22:58 INFO  Reusables:53 - output.txt is still empty
2024-07-24 10:22:58 INFO  Reusables:53 - output.txt is still empty
2024-07-24 10:22:58 INFO  Reusables:53 - output.txt is still empty
2024-07-24 10:22:58 INFO  Reusables:53 - output.txt is still empty
2024-07-24 10:22:58 INFO  Reusables:53 - output.txt is still empty
2024-07-24 10:22:58 INFO  Reusables:53 - output.txt is still empty
2024-07-24 10:22:58 INFO  Reusables:53 - output.txt is still empty
2024-07-24 10:22:58 INFO  Reusables:53 - output.txt is still empty
2024-07-24 10:22:58 INFO  Reusables:53 - output.txt is still empty
2024-07-24 10:22:58 INFO  Reusables:53 - output.txt is still empty
2024-07-24 10:22:58 INFO  Reusables:53 - output.txt is still empty
2024-07-24 10:22:58 INFO  Reusables:53 - output.txt is still empty
2024-07-24 10:22:58 INFO  Reusables:53 - output.txt is still empty
2024-07-24 10:22:58 INFO  Reusables:53 - output.txt is still empty
2024-07-24 10:22:58 INFO  Reusables:53 - output.txt is still empty
2024-07-24 10:22:58 INFO  Reusables:53 - output.txt is still empty
2024-07-24 10:22:58 INFO  Reusables:53 - output.txt is still empty
2024-07-24 10:22:58 INFO  Reusables:53 - output.txt is still empty
2024-07-24 10:22:58 INFO  Reusables:53 - output.txt is still empty
2024-07-24 10:22:58 INFO  Reusables:53 - output.txt is still empty
2024-07-24 10:22:58 INFO  Reusables:53 - output.txt is still empty
2024-07-24 10:22:58 INFO  Reusables:53 - output.txt is still empty
2024-07-24 10:22:58 INFO  Reusables:53 - output.txt is still empty
2024-07-24 10:22:58 INFO  Reusables:53 - output.txt is still empty
2024-07-24 10:22:58 INFO  Reusables:53 - output.txt is still empty
2024-07-24 10:22:58 INFO  Reusables:53 - output.txt is still empty
2024-07-24 10:22:58 INFO  Reusables:53 - output.txt is still empty
2024-07-24 10:22:58 INFO  Reusables:53 - output.txt is still empty
2024-07-24 10:22:58 INFO  Reusables:53 - output.txt is still empty
2024-07-24 10:22:58 INFO  Reusables:53 - output.txt is still empty
2024-07-24 10:22:58 INFO  Reusables:53 - output.txt is still empty
2024-07-24 10:22:58 INFO  Reusables:53 - output.txt is still empty
2024-07-24 10:22:58 INFO  Reusables:53 - output.txt is still empty
2024-07-24 10:22:58 INFO  Reusables:53 - output.txt is still empty
2024-07-24 10:22:58 INFO  Reusables:53 - output.txt is still empty
2024-07-24 10:22:58 INFO  Reusables:53 - output.txt is still empty
2024-07-24 10:22:58 INFO  Reusables:53 - output.txt is still empty
2024-07-24 10:22:58 INFO  Reusables:53 - output.txt is still empty
2024-07-24 10:22:58 INFO  Reusables:53 - output.txt is still empty
2024-07-24 10:22:58 INFO  Reusables:53 - output.txt is still empty
2024-07-24 10:22:58 INFO  Reusables:53 - output.txt is still empty
2024-07-24 10:22:58 INFO  Reusables:53 - output.txt is still empty
2024-07-24 10:22:58 INFO  Reusables:53 - output.txt is still empty
2024-07-24 10:22:58 INFO  Reusables:53 - output.txt is still empty
2024-07-24 10:22:58 INFO  Reusables:53 - output.txt is still empty
2024-07-24 10:22:58 INFO  Reusables:53 - output.txt is still empty
2024-07-24 10:22:58 INFO  Reusables:53 - output.txt is still empty
2024-07-24 10:22:58 INFO  Reusables:53 - output.txt is still empty
2024-07-24 10:22:58 INFO  Reusables:53 - output.txt is still empty
2024-07-24 10:22:58 INFO  Reusables:53 - output.txt is still empty
2024-07-24 10:22:58 INFO  Reusables:53 - output.txt is still empty
2024-07-24 10:22:58 INFO  Reusables:53 - output.txt is still empty
2024-07-24 10:22:58 INFO  Reusables:53 - output.txt is still empty
2024-07-24 10:22:58 INFO  Reusables:53 - output.txt is still empty
2024-07-24 10:22:58 INFO  Reusables:53 - output.txt is still empty
2024-07-24 10:22:58 INFO  Reusables:53 - output.txt is still empty
2024-07-24 10:22:58 INFO  Reusables:53 - output.txt is still empty
2024-07-24 10:22:58 INFO  Reusables:53 - output.txt is still empty
2024-07-24 10:22:58 INFO  Reusables:53 - output.txt is still empty
2024-07-24 10:22:58 INFO  Reusables:53 - output.txt is still empty
2024-07-24 10:22:58 INFO  Reusables:53 - output.txt is still empty
2024-07-24 10:22:58 INFO  Reusables:53 - output.txt is still empty
2024-07-24 10:22:58 INFO  Reusables:53 - output.txt is still empty
2024-07-24 10:22:58 INFO  Reusables:53 - output.txt is still empty
2024-07-24 10:22:58 INFO  Reusables:53 - output.txt is still empty
2024-07-24 10:22:58 INFO  Reusables:53 - output.txt is still empty
2024-07-24 10:22:58 INFO  Reusables:53 - output.txt is still empty
2024-07-24 10:22:58 INFO  Reusables:53 - output.txt is still empty
2024-07-24 10:22:58 INFO  Reusables:53 - output.txt is still empty
2024-07-24 10:22:58 INFO  Reusables:53 - output.txt is still empty
2024-07-24 10:22:58 INFO  Reusables:53 - output.txt is still empty
2024-07-24 10:22:58 INFO  Reusables:53 - output.txt is still empty
2024-07-24 10:22:58 INFO  Reusables:53 - output.txt is still empty
2024-07-24 10:22:58 INFO  Reusables:53 - output.txt is still empty
2024-07-24 10:22:58 INFO  Reusables:53 - output.txt is still empty
2024-07-24 10:22:58 INFO  Reusables:53 - output.txt is still empty
2024-07-24 10:22:58 INFO  Reusables:53 - output.txt is still empty
2024-07-24 10:22:58 INFO  Reusables:53 - output.txt is still empty
2024-07-24 10:22:58 INFO  Reusables:53 - output.txt is still empty
2024-07-24 10:22:58 INFO  Reusables:53 - output.txt is still empty
2024-07-24 10:22:58 INFO  Reusables:53 - output.txt is still empty
2024-07-24 10:22:58 INFO  Reusables:53 - output.txt is still empty
2024-07-24 10:22:58 INFO  Reusables:53 - output.txt is still empty
2024-07-24 10:22:58 INFO  Reusables:53 - output.txt is still empty
2024-07-24 10:22:58 INFO  Reusables:53 - output.txt is still empty
2024-07-24 10:22:58 INFO  Reusables:53 - output.txt is still empty
2024-07-24 10:22:58 INFO  Reusables:53 - output.txt is still empty
2024-07-24 10:22:58 INFO  Reusables:53 - output.txt is still empty
2024-07-24 10:22:58 INFO  Reusables:53 - output.txt is still empty
2024-07-24 10:22:58 INFO  Reusables:53 - output.txt is still empty
2024-07-24 10:22:58 INFO  Reusables:53 - output.txt is still empty
2024-07-24 10:22:58 INFO  Reusables:53 - output.txt is still empty
2024-07-24 10:22:58 INFO  Reusables:53 - output.txt is still empty
2024-07-24 10:22:58 INFO  Reusables:53 - output.txt is still empty
2024-07-24 10:22:58 INFO  Reusables:53 - output.txt is still empty
2024-07-24 10:22:58 INFO  Reusables:53 - output.txt is still empty
2024-07-24 10:22:58 INFO  Reusables:53 - output.txt is still empty
2024-07-24 10:22:58 INFO  Reusables:53 - output.txt is still empty
2024-07-24 10:22:58 INFO  Reusables:53 - output.txt is still empty
2024-07-24 10:22:58 INFO  Reusables:53 - output.txt is still empty
2024-07-24 10:22:58 INFO  Reusables:53 - output.txt is still empty
2024-07-24 10:22:58 INFO  Reusables:53 - output.txt is still empty
2024-07-24 10:22:58 INFO  Reusables:53 - output.txt is still empty
2024-07-24 10:22:58 INFO  Reusables:53 - output.txt is still empty
2024-07-24 10:22:58 INFO  Reusables:53 - output.txt is still empty
2024-07-24 10:22:58 INFO  Reusables:53 - output.txt is still empty
2024-07-24 10:22:58 INFO  Reusables:53 - output.txt is still empty
2024-07-24 10:22:58 INFO  Reusables:53 - output.txt is still empty
2024-07-24 10:22:58 INFO  Reusables:53 - output.txt is still empty
2024-07-24 10:22:58 INFO  Reusables:53 - output.txt is still empty
2024-07-24 10:22:58 INFO  Reusables:53 - output.txt is still empty
2024-07-24 10:22:58 INFO  Reusables:53 - output.txt is still empty
2024-07-24 10:22:58 INFO  Reusables:53 - output.txt is still empty
2024-07-24 10:22:58 INFO  Reusables:53 - output.txt is still empty
2024-07-24 10:22:58 INFO  Reusables:53 - output.txt is still empty
2024-07-24 10:22:58 INFO  Reusables:53 - output.txt is still empty
2024-07-24 10:22:58 INFO  Reusables:53 - output.txt is still empty
2024-07-24 10:22:58 INFO  Reusables:53 - output.txt is still empty
2024-07-24 10:22:58 INFO  Reusables:53 - output.txt is still empty
2024-07-24 10:22:58 INFO  Reusables:53 - output.txt is still empty
2024-07-24 10:22:58 INFO  Reusables:53 - output.txt is still empty
2024-07-24 10:22:58 INFO  Reusables:53 - output.txt is still empty
2024-07-24 10:22:58 INFO  Reusables:53 - output.txt is still empty
2024-07-24 10:22:58 INFO  Reusables:53 - output.txt is still empty
2024-07-24 10:22:58 INFO  Reusables:53 - output.txt is still empty
2024-07-24 10:22:58 INFO  Reusables:53 - output.txt is still empty
2024-07-24 10:22:58 INFO  Reusables:53 - output.txt is still empty
2024-07-24 10:22:58 INFO  Reusables:53 - output.txt is still empty
2024-07-24 10:22:58 INFO  Reusables:53 - output.txt is still empty
2024-07-24 10:22:58 INFO  Reusables:53 - output.txt is still empty
2024-07-24 10:22:58 INFO  Reusables:53 - output.txt is still empty
2024-07-24 10:22:58 INFO  Reusables:53 - output.txt is still empty
2024-07-24 10:22:58 INFO  Reusables:53 - output.txt is still empty
2024-07-24 10:22:58 INFO  Reusables:53 - output.txt is still empty
2024-07-24 10:22:58 INFO  Reusables:53 - output.txt is still empty
2024-07-24 10:22:58 INFO  Reusables:53 - output.txt is still empty
2024-07-24 10:22:58 INFO  Reusables:53 - output.txt is still empty
2024-07-24 10:22:58 INFO  Reusables:53 - output.txt is still empty
2024-07-24 10:22:58 INFO  Reusables:53 - output.txt is still empty
2024-07-24 10:22:58 INFO  Reusables:53 - output.txt is still empty
2024-07-24 10:22:58 INFO  Reusables:53 - output.txt is still empty
2024-07-24 10:22:58 INFO  Reusables:53 - output.txt is still empty
2024-07-24 10:22:58 INFO  Reusables:53 - output.txt is still empty
2024-07-24 10:22:58 INFO  Reusables:53 - output.txt is still empty
2024-07-24 10:22:58 INFO  Reusables:53 - output.txt is still empty
2024-07-24 10:22:58 INFO  Reusables:53 - output.txt is still empty
2024-07-24 10:22:58 INFO  Reusables:53 - output.txt is still empty
2024-07-24 10:22:58 INFO  Reusables:53 - output.txt is still empty
2024-07-24 10:22:58 INFO  Reusables:53 - output.txt is still empty
2024-07-24 10:22:58 INFO  Reusables:53 - output.txt is still empty
2024-07-24 10:22:58 INFO  Reusables:53 - output.txt is still empty
2024-07-24 10:22:58 INFO  Reusables:53 - output.txt is still empty
2024-07-24 10:22:58 INFO  Reusables:53 - output.txt is still empty
2024-07-24 10:22:58 INFO  Reusables:53 - output.txt is still empty
2024-07-24 10:22:58 INFO  Reusables:53 - output.txt is still empty
2024-07-24 10:22:58 INFO  Reusables:53 - output.txt is still empty
2024-07-24 10:22:58 INFO  Reusables:53 - output.txt is still empty
2024-07-24 10:22:58 INFO  Reusables:53 - output.txt is still empty
2024-07-24 10:22:58 INFO  Reusables:53 - output.txt is still empty
2024-07-24 10:22:58 INFO  Reusables:53 - output.txt is still empty
2024-07-24 10:22:58 INFO  Reusables:53 - output.txt is still empty
2024-07-24 10:22:58 INFO  Reusables:53 - output.txt is still empty
2024-07-24 10:22:58 INFO  Reusables:53 - output.txt is still empty
2024-07-24 10:22:58 INFO  Reusables:53 - output.txt is still empty
2024-07-24 10:22:58 INFO  Reusables:53 - output.txt is still empty
2024-07-24 10:22:58 INFO  Reusables:53 - output.txt is still empty
2024-07-24 10:22:58 INFO  Reusables:53 - output.txt is still empty
2024-07-24 10:22:58 INFO  Reusables:53 - output.txt is still empty
2024-07-24 10:22:58 INFO  Reusables:53 - output.txt is still empty
2024-07-24 10:22:58 INFO  Reusables:53 - output.txt is still empty
2024-07-24 10:22:58 INFO  Reusables:53 - output.txt is still empty
2024-07-24 10:22:58 INFO  Reusables:53 - output.txt is still empty
2024-07-24 10:22:58 INFO  Reusables:53 - output.txt is still empty
2024-07-24 10:22:58 INFO  Reusables:53 - output.txt is still empty
2024-07-24 10:22:58 INFO  Reusables:53 - output.txt is still empty
2024-07-24 10:22:58 INFO  Reusables:53 - output.txt is still empty
2024-07-24 10:22:58 INFO  Reusables:53 - output.txt is still empty
2024-07-24 10:22:58 INFO  Reusables:53 - output.txt is still empty
2024-07-24 10:22:58 INFO  Reusables:53 - output.txt is still empty
2024-07-24 10:22:58 INFO  Reusables:53 - output.txt is still empty
2024-07-24 10:22:58 INFO  Reusables:53 - output.txt is still empty
2024-07-24 10:22:58 INFO  Reusables:53 - output.txt is still empty
2024-07-24 10:22:58 INFO  Reusables:53 - output.txt is still empty
2024-07-24 10:22:58 INFO  Reusables:53 - output.txt is still empty
2024-07-24 10:22:58 INFO  Reusables:53 - output.txt is still empty
2024-07-24 10:22:58 INFO  Reusables:53 - output.txt is still empty
2024-07-24 10:22:58 INFO  Reusables:53 - output.txt is still empty
2024-07-24 10:22:58 INFO  Reusables:53 - output.txt is still empty
2024-07-24 10:22:58 INFO  Reusables:53 - output.txt is still empty
2024-07-24 10:22:58 INFO  Reusables:53 - output.txt is still empty
2024-07-24 10:22:58 INFO  Reusables:53 - output.txt is still empty
2024-07-24 10:22:58 INFO  Reusables:53 - output.txt is still empty
2024-07-24 10:22:58 INFO  Reusables:53 - output.txt is still empty
2024-07-24 10:22:58 INFO  Reusables:53 - output.txt is still empty
2024-07-24 10:22:58 INFO  Reusables:53 - output.txt is still empty
2024-07-24 10:22:58 INFO  Reusables:53 - output.txt is still empty
2024-07-24 10:22:58 INFO  Reusables:53 - output.txt is still empty
2024-07-24 10:22:58 INFO  Reusables:53 - output.txt is still empty
2024-07-24 10:22:58 INFO  Reusables:53 - output.txt is still empty
2024-07-24 10:22:58 INFO  Reusables:53 - output.txt is still empty
2024-07-24 10:22:58 INFO  Reusables:53 - output.txt is still empty
2024-07-24 10:22:58 INFO  Reusables:53 - output.txt is still empty
2024-07-24 10:22:58 INFO  Reusables:53 - output.txt is still empty
2024-07-24 10:22:58 INFO  Reusables:53 - output.txt is still empty
2024-07-24 10:22:58 INFO  Reusables:53 - output.txt is still empty
2024-07-24 10:22:58 INFO  Reusables:53 - output.txt is still empty
2024-07-24 10:22:58 INFO  Reusables:53 - output.txt is still empty
2024-07-24 10:22:58 INFO  Reusables:53 - output.txt is still empty
2024-07-24 10:22:58 INFO  Reusables:53 - output.txt is still empty
2024-07-24 10:22:58 INFO  Reusables:53 - output.txt is still empty
2024-07-24 10:22:58 INFO  Reusables:53 - output.txt is still empty
2024-07-24 10:22:58 INFO  Reusables:53 - output.txt is still empty
2024-07-24 10:22:58 INFO  Reusables:53 - output.txt is still empty
2024-07-24 10:22:58 INFO  Reusables:53 - output.txt is still empty
2024-07-24 10:22:58 INFO  Reusables:53 - output.txt is still empty
2024-07-24 10:22:58 INFO  Reusables:53 - output.txt is still empty
2024-07-24 10:22:58 INFO  Reusables:53 - output.txt is still empty
2024-07-24 10:22:58 INFO  Reusables:53 - output.txt is still empty
2024-07-24 10:22:58 INFO  Reusables:53 - output.txt is still empty
2024-07-24 10:22:58 INFO  Reusables:53 - output.txt is still empty
2024-07-24 10:22:58 INFO  Reusables:53 - output.txt is still empty
2024-07-24 10:22:58 INFO  Reusables:53 - output.txt is still empty
2024-07-24 10:22:58 INFO  Reusables:53 - output.txt is still empty
2024-07-24 10:22:58 INFO  Reusables:53 - output.txt is still empty
2024-07-24 10:22:58 INFO  Reusables:53 - output.txt is still empty
2024-07-24 10:22:58 INFO  Reusables:53 - output.txt is still empty
2024-07-24 10:22:58 INFO  Reusables:53 - output.txt is still empty
2024-07-24 10:22:58 INFO  Reusables:53 - output.txt is still empty
2024-07-24 10:22:58 INFO  Reusables:53 - output.txt is still empty
2024-07-24 10:22:58 INFO  Reusables:53 - output.txt is still empty
2024-07-24 10:22:58 INFO  Reusables:53 - output.txt is still empty
2024-07-24 10:22:58 INFO  Reusables:53 - output.txt is still empty
2024-07-24 10:22:58 INFO  Reusables:53 - output.txt is still empty
2024-07-24 10:22:58 INFO  Reusables:53 - output.txt is still empty
2024-07-24 10:22:58 INFO  Reusables:53 - output.txt is still empty
2024-07-24 10:22:58 INFO  Reusables:53 - output.txt is still empty
2024-07-24 10:22:58 INFO  Reusables:53 - output.txt is still empty
2024-07-24 10:22:58 INFO  Reusables:53 - output.txt is still empty
2024-07-24 10:22:58 INFO  Reusables:53 - output.txt is still empty
2024-07-24 10:22:58 INFO  Reusables:53 - output.txt is still empty
2024-07-24 10:22:58 INFO  Reusables:53 - output.txt is still empty
2024-07-24 10:22:58 INFO  Reusables:53 - output.txt is still empty
2024-07-24 10:22:58 INFO  Reusables:53 - output.txt is still empty
2024-07-24 10:22:58 INFO  Reusables:53 - output.txt is still empty
2024-07-24 10:22:58 INFO  Reusables:53 - output.txt is still empty
2024-07-24 10:22:58 INFO  Reusables:53 - output.txt is still empty
2024-07-24 10:22:58 INFO  Reusables:53 - output.txt is still empty
2024-07-24 10:22:58 INFO  Reusables:53 - output.txt is still empty
2024-07-24 10:22:58 INFO  Reusables:53 - output.txt is still empty
2024-07-24 10:22:58 INFO  Reusables:53 - output.txt is still empty
2024-07-24 10:22:58 INFO  Reusables:53 - output.txt is still empty
2024-07-24 10:22:58 INFO  Reusables:53 - output.txt is still empty
2024-07-24 10:22:58 INFO  Reusables:53 - output.txt is still empty
2024-07-24 10:22:58 INFO  Reusables:53 - output.txt is still empty
2024-07-24 10:22:58 INFO  Reusables:53 - output.txt is still empty
2024-07-24 10:22:58 INFO  Reusables:53 - output.txt is still empty
2024-07-24 10:22:58 INFO  Reusables:53 - output.txt is still empty
2024-07-24 10:22:58 INFO  Reusables:53 - output.txt is still empty
2024-07-24 10:22:58 INFO  Reusables:53 - output.txt is still empty
2024-07-24 10:22:58 INFO  Reusables:53 - output.txt is still empty
2024-07-24 10:22:58 INFO  Reusables:53 - output.txt is still empty
2024-07-24 10:22:58 INFO  Reusables:53 - output.txt is still empty
2024-07-24 10:22:58 INFO  Reusables:53 - output.txt is still empty
2024-07-24 10:22:58 INFO  Reusables:53 - output.txt is still empty
2024-07-24 10:22:58 INFO  Reusables:53 - output.txt is still empty
2024-07-24 10:22:58 INFO  Reusables:53 - output.txt is still empty
2024-07-24 10:22:58 INFO  Reusables:53 - output.txt is still empty
2024-07-24 10:22:58 INFO  Reusables:53 - output.txt is still empty
2024-07-24 10:22:58 INFO  Reusables:53 - output.txt is still empty
2024-07-24 10:22:58 INFO  Reusables:53 - output.txt is still empty
2024-07-24 10:22:58 INFO  Reusables:53 - output.txt is still empty
2024-07-24 10:22:58 INFO  Reusables:53 - output.txt is still empty
2024-07-24 10:22:58 INFO  Reusables:53 - output.txt is still empty
2024-07-24 10:22:58 INFO  Reusables:53 - output.txt is still empty
2024-07-24 10:22:58 INFO  Reusables:53 - output.txt is still empty
2024-07-24 10:22:58 INFO  Reusables:53 - output.txt is still empty
2024-07-24 10:22:58 INFO  Reusables:53 - output.txt is still empty
2024-07-24 10:22:58 INFO  Reusables:53 - output.txt is still empty
2024-07-24 10:22:58 INFO  Reusables:53 - output.txt is still empty
2024-07-24 10:22:58 INFO  Reusables:53 - output.txt is still empty
2024-07-24 10:22:58 INFO  Reusables:53 - output.txt is still empty
2024-07-24 10:22:58 INFO  Reusables:53 - output.txt is still empty
2024-07-24 10:22:58 INFO  Reusables:53 - output.txt is still empty
2024-07-24 10:22:58 INFO  Reusables:53 - output.txt is still empty
2024-07-24 10:22:58 INFO  Reusables:53 - output.txt is still empty
2024-07-24 10:22:58 INFO  Reusables:53 - output.txt is still empty
2024-07-24 10:22:58 INFO  Reusables:53 - output.txt is still empty
2024-07-24 10:22:58 INFO  Reusables:53 - output.txt is still empty
2024-07-24 10:22:58 INFO  Reusables:53 - output.txt is still empty
2024-07-24 10:22:58 INFO  Reusables:53 - output.txt is still empty
2024-07-24 10:22:58 INFO  Reusables:53 - output.txt is still empty
2024-07-24 10:22:58 INFO  Reusables:53 - output.txt is still empty
2024-07-24 10:22:58 INFO  Reusables:53 - output.txt is still empty
2024-07-24 10:22:58 INFO  Reusables:53 - output.txt is still empty
2024-07-24 10:22:58 INFO  Reusables:53 - output.txt is still empty
2024-07-24 10:22:58 INFO  Reusables:53 - output.txt is still empty
2024-07-24 10:22:58 INFO  Reusables:53 - output.txt is still empty
2024-07-24 10:22:58 INFO  Reusables:53 - output.txt is still empty
2024-07-24 10:22:58 INFO  Reusables:53 - output.txt is still empty
2024-07-24 10:22:58 INFO  Reusables:53 - output.txt is still empty
2024-07-24 10:22:58 INFO  Reusables:53 - output.txt is still empty
2024-07-24 10:22:58 INFO  Reusables:53 - output.txt is still empty
2024-07-24 10:22:58 INFO  Reusables:53 - output.txt is still empty
2024-07-24 10:22:58 INFO  Reusables:53 - output.txt is still empty
2024-07-24 10:22:58 INFO  Reusables:53 - output.txt is still empty
2024-07-24 10:22:58 INFO  Reusables:53 - output.txt is still empty
2024-07-24 10:22:58 INFO  Reusables:53 - output.txt is still empty
2024-07-24 10:22:58 INFO  Reusables:53 - output.txt is still empty
2024-07-24 10:22:58 INFO  Reusables:53 - output.txt is still empty
2024-07-24 10:22:58 INFO  Reusables:53 - output.txt is still empty
2024-07-24 10:22:58 INFO  Reusables:53 - output.txt is still empty
2024-07-24 10:22:58 INFO  Reusables:53 - output.txt is still empty
2024-07-24 10:22:58 INFO  Reusables:53 - output.txt is still empty
2024-07-24 10:22:58 INFO  Reusables:53 - output.txt is still empty
2024-07-24 10:22:58 INFO  Reusables:53 - output.txt is still empty
2024-07-24 10:22:58 INFO  Reusables:53 - output.txt is still empty
2024-07-24 10:22:58 INFO  Reusables:53 - output.txt is still empty
2024-07-24 10:22:58 INFO  Reusables:53 - output.txt is still empty
2024-07-24 10:22:58 INFO  Reusables:53 - output.txt is still empty
2024-07-24 10:22:58 INFO  Reusables:53 - output.txt is still empty
2024-07-24 10:22:58 INFO  Reusables:53 - output.txt is still empty
2024-07-24 10:22:58 INFO  Reusables:53 - output.txt is still empty
2024-07-24 10:22:58 INFO  Reusables:53 - output.txt is still empty
2024-07-24 10:22:58 INFO  Reusables:53 - output.txt is still empty
2024-07-24 10:22:58 INFO  Reusables:53 - output.txt is still empty
2024-07-24 10:22:58 INFO  Reusables:53 - output.txt is still empty
2024-07-24 10:22:58 INFO  Reusables:53 - output.txt is still empty
2024-07-24 10:22:58 INFO  Reusables:53 - output.txt is still empty
2024-07-24 10:22:58 INFO  Reusables:53 - output.txt is still empty
2024-07-24 10:22:58 INFO  Reusables:53 - output.txt is still empty
2024-07-24 10:22:58 INFO  Reusables:53 - output.txt is still empty
2024-07-24 10:22:58 INFO  Reusables:53 - output.txt is still empty
2024-07-24 10:22:58 INFO  Reusables:53 - output.txt is still empty
2024-07-24 10:22:58 INFO  Reusables:53 - output.txt is still empty
2024-07-24 10:22:58 INFO  Reusables:53 - output.txt is still empty
2024-07-24 10:22:58 INFO  Reusables:53 - output.txt is still empty
2024-07-24 10:22:58 INFO  Reusables:53 - output.txt is still empty
2024-07-24 10:22:58 INFO  Reusables:53 - output.txt is still empty
2024-07-24 10:22:58 INFO  Reusables:53 - output.txt is still empty
2024-07-24 10:22:58 INFO  Reusables:53 - output.txt is still empty
2024-07-24 10:22:58 INFO  Reusables:53 - output.txt is still empty
2024-07-24 10:22:58 INFO  Reusables:53 - output.txt is still empty
2024-07-24 10:22:58 INFO  Reusables:53 - output.txt is still empty
2024-07-24 10:22:59 INFO  Reusables:53 - output.txt is still empty
2024-07-24 10:22:59 INFO  Reusables:53 - output.txt is still empty
2024-07-24 10:22:59 INFO  Reusables:53 - output.txt is still empty
2024-07-24 10:22:59 INFO  Reusables:53 - output.txt is still empty
2024-07-24 10:22:59 INFO  Reusables:53 - output.txt is still empty
2024-07-24 10:22:59 INFO  Reusables:53 - output.txt is still empty
2024-07-24 10:22:59 INFO  Reusables:53 - output.txt is still empty
2024-07-24 10:22:59 INFO  Reusables:53 - output.txt is still empty
2024-07-24 10:22:59 INFO  Reusables:53 - output.txt is still empty
2024-07-24 10:22:59 INFO  Reusables:53 - output.txt is still empty
2024-07-24 10:22:59 INFO  Reusables:53 - output.txt is still empty
2024-07-24 10:22:59 INFO  Reusables:53 - output.txt is still empty
2024-07-24 10:22:59 INFO  Reusables:53 - output.txt is still empty
2024-07-24 10:22:59 INFO  Reusables:53 - output.txt is still empty
2024-07-24 10:22:59 INFO  Reusables:53 - output.txt is still empty
2024-07-24 10:22:59 INFO  Reusables:53 - output.txt is still empty
2024-07-24 10:22:59 INFO  Reusables:53 - output.txt is still empty
2024-07-24 10:22:59 INFO  Reusables:53 - output.txt is still empty
2024-07-24 10:22:59 INFO  Reusables:53 - output.txt is still empty
2024-07-24 10:22:59 INFO  Reusables:53 - output.txt is still empty
2024-07-24 10:22:59 INFO  Reusables:53 - output.txt is still empty
2024-07-24 10:22:59 INFO  Reusables:53 - output.txt is still empty
2024-07-24 10:22:59 INFO  Reusables:53 - output.txt is still empty
2024-07-24 10:22:59 INFO  Reusables:53 - output.txt is still empty
2024-07-24 10:22:59 INFO  Reusables:53 - output.txt is still empty
2024-07-24 10:22:59 INFO  Reusables:53 - output.txt is still empty
2024-07-24 10:22:59 INFO  Reusables:53 - output.txt is still empty
2024-07-24 10:22:59 INFO  Reusables:53 - output.txt is still empty
2024-07-24 10:22:59 INFO  Reusables:53 - output.txt is still empty
2024-07-24 10:22:59 INFO  Reusables:53 - output.txt is still empty
2024-07-24 10:22:59 INFO  Reusables:53 - output.txt is still empty
2024-07-24 10:22:59 INFO  Reusables:53 - output.txt is still empty
2024-07-24 10:22:59 INFO  Reusables:53 - output.txt is still empty
2024-07-24 10:22:59 INFO  Reusables:53 - output.txt is still empty
2024-07-24 10:22:59 INFO  Reusables:53 - output.txt is still empty
2024-07-24 10:22:59 INFO  Reusables:53 - output.txt is still empty
2024-07-24 10:22:59 INFO  Reusables:53 - output.txt is still empty
2024-07-24 10:22:59 INFO  Reusables:53 - output.txt is still empty
2024-07-24 10:22:59 INFO  Reusables:53 - output.txt is still empty
2024-07-24 10:22:59 INFO  Reusables:53 - output.txt is still empty
2024-07-24 10:22:59 INFO  Reusables:53 - output.txt is still empty
2024-07-24 10:22:59 INFO  Reusables:53 - output.txt is still empty
2024-07-24 10:22:59 INFO  Reusables:53 - output.txt is still empty
2024-07-24 10:22:59 INFO  Reusables:53 - output.txt is still empty
2024-07-24 10:22:59 INFO  Reusables:53 - output.txt is still empty
2024-07-24 10:22:59 INFO  Reusables:53 - output.txt is still empty
2024-07-24 10:22:59 INFO  Reusables:53 - output.txt is still empty
2024-07-24 10:22:59 INFO  Reusables:53 - output.txt is still empty
2024-07-24 10:22:59 INFO  Reusables:53 - output.txt is still empty
2024-07-24 10:22:59 INFO  Reusables:53 - output.txt is still empty
2024-07-24 10:22:59 INFO  Reusables:53 - output.txt is still empty
2024-07-24 10:22:59 INFO  Reusables:53 - output.txt is still empty
2024-07-24 10:22:59 INFO  Reusables:53 - output.txt is still empty
2024-07-24 10:22:59 INFO  Reusables:53 - output.txt is still empty
2024-07-24 10:22:59 INFO  Reusables:53 - output.txt is still empty
2024-07-24 10:22:59 INFO  Reusables:53 - output.txt is still empty
2024-07-24 10:22:59 INFO  Reusables:53 - output.txt is still empty
2024-07-24 10:22:59 INFO  Reusables:53 - output.txt is still empty
2024-07-24 10:22:59 INFO  Reusables:53 - output.txt is still empty
2024-07-24 10:22:59 INFO  Reusables:53 - output.txt is still empty
2024-07-24 10:22:59 INFO  Reusables:53 - output.txt is still empty
2024-07-24 10:22:59 INFO  Reusables:53 - output.txt is still empty
2024-07-24 10:22:59 INFO  Reusables:53 - output.txt is still empty
2024-07-24 10:22:59 INFO  Reusables:53 - output.txt is still empty
2024-07-24 10:22:59 INFO  Reusables:53 - output.txt is still empty
2024-07-24 10:22:59 INFO  Reusables:53 - output.txt is still empty
2024-07-24 10:22:59 INFO  Reusables:53 - output.txt is still empty
2024-07-24 10:22:59 INFO  Reusables:53 - output.txt is still empty
2024-07-24 10:22:59 INFO  Reusables:53 - output.txt is still empty
2024-07-24 10:22:59 INFO  Reusables:53 - output.txt is still empty
2024-07-24 10:22:59 INFO  Reusables:53 - output.txt is still empty
2024-07-24 10:22:59 INFO  Reusables:53 - output.txt is still empty
2024-07-24 10:22:59 INFO  Reusables:53 - output.txt is still empty
2024-07-24 10:22:59 INFO  Reusables:53 - output.txt is still empty
2024-07-24 10:22:59 INFO  Reusables:53 - output.txt is still empty
2024-07-24 10:22:59 INFO  Reusables:53 - output.txt is still empty
2024-07-24 10:22:59 INFO  Reusables:53 - output.txt is still empty
2024-07-24 10:22:59 INFO  Reusables:53 - output.txt is still empty
2024-07-24 10:22:59 INFO  Reusables:53 - output.txt is still empty
2024-07-24 10:22:59 INFO  Reusables:53 - output.txt is still empty
2024-07-24 10:22:59 INFO  Reusables:53 - output.txt is still empty
2024-07-24 10:22:59 INFO  Reusables:53 - output.txt is still empty
2024-07-24 10:22:59 INFO  Reusables:53 - output.txt is still empty
2024-07-24 10:22:59 INFO  Reusables:53 - output.txt is still empty
2024-07-24 10:22:59 INFO  Reusables:53 - output.txt is still empty
2024-07-24 10:22:59 INFO  Reusables:53 - output.txt is still empty
2024-07-24 10:22:59 INFO  Reusables:53 - output.txt is still empty
2024-07-24 10:22:59 INFO  Reusables:53 - output.txt is still empty
2024-07-24 10:22:59 INFO  Reusables:53 - output.txt is still empty
2024-07-24 10:22:59 INFO  Reusables:53 - output.txt is still empty
2024-07-24 10:22:59 INFO  Reusables:53 - output.txt is still empty
2024-07-24 10:22:59 INFO  Reusables:53 - output.txt is still empty
2024-07-24 10:22:59 INFO  Reusables:53 - output.txt is still empty
2024-07-24 10:22:59 INFO  Reusables:53 - output.txt is still empty
2024-07-24 10:22:59 INFO  Reusables:53 - output.txt is still empty
2024-07-24 10:22:59 INFO  Reusables:53 - output.txt is still empty
2024-07-24 10:22:59 INFO  Reusables:53 - output.txt is still empty
2024-07-24 10:22:59 INFO  Reusables:53 - output.txt is still empty
2024-07-24 10:22:59 INFO  Reusables:53 - output.txt is still empty
2024-07-24 10:22:59 INFO  Reusables:53 - output.txt is still empty
2024-07-24 10:22:59 INFO  Reusables:53 - output.txt is still empty
2024-07-24 10:22:59 INFO  Reusables:53 - output.txt is still empty
2024-07-24 10:22:59 INFO  Reusables:53 - output.txt is still empty
2024-07-24 10:22:59 INFO  Reusables:53 - output.txt is still empty
2024-07-24 10:22:59 INFO  Reusables:53 - output.txt is still empty
2024-07-24 10:22:59 INFO  Reusables:53 - output.txt is still empty
2024-07-24 10:22:59 INFO  Reusables:53 - output.txt is still empty
2024-07-24 10:22:59 INFO  Reusables:53 - output.txt is still empty
2024-07-24 10:22:59 INFO  Reusables:53 - output.txt is still empty
2024-07-24 10:22:59 INFO  Reusables:53 - output.txt is still empty
2024-07-24 10:22:59 INFO  Reusables:53 - output.txt is still empty
2024-07-24 10:22:59 INFO  Reusables:53 - output.txt is still empty
2024-07-24 10:22:59 INFO  Reusables:53 - output.txt is still empty
2024-07-24 10:22:59 INFO  Reusables:53 - output.txt is still empty
2024-07-24 10:22:59 INFO  Reusables:53 - output.txt is still empty
2024-07-24 10:22:59 INFO  Reusables:53 - output.txt is still empty
2024-07-24 10:22:59 INFO  Reusables:53 - output.txt is still empty
2024-07-24 10:22:59 INFO  Reusables:53 - output.txt is still empty
2024-07-24 10:22:59 INFO  Reusables:53 - output.txt is still empty
2024-07-24 10:22:59 INFO  Reusables:53 - output.txt is still empty
2024-07-24 10:22:59 INFO  Reusables:53 - output.txt is still empty
2024-07-24 10:22:59 INFO  Reusables:53 - output.txt is still empty
2024-07-24 10:22:59 INFO  Reusables:53 - output.txt is still empty
2024-07-24 10:22:59 INFO  Reusables:53 - output.txt is still empty
2024-07-24 10:22:59 INFO  Reusables:53 - output.txt is still empty
2024-07-24 10:22:59 INFO  Reusables:53 - output.txt is still empty
2024-07-24 10:22:59 INFO  Reusables:53 - output.txt is still empty
2024-07-24 10:22:59 INFO  Reusables:53 - output.txt is still empty
2024-07-24 10:22:59 INFO  Reusables:53 - output.txt is still empty
2024-07-24 10:22:59 INFO  Reusables:53 - output.txt is still empty
2024-07-24 10:22:59 INFO  Reusables:53 - output.txt is still empty
2024-07-24 10:22:59 INFO  Reusables:53 - output.txt is still empty
2024-07-24 10:22:59 INFO  Reusables:53 - output.txt is still empty
2024-07-24 10:22:59 INFO  Reusables:53 - output.txt is still empty
2024-07-24 10:22:59 INFO  Reusables:53 - output.txt is still empty
2024-07-24 10:22:59 INFO  Reusables:53 - output.txt is still empty
2024-07-24 10:22:59 INFO  Reusables:53 - output.txt is still empty
2024-07-24 10:22:59 INFO  Reusables:53 - output.txt is still empty
2024-07-24 10:22:59 INFO  Reusables:53 - output.txt is still empty
2024-07-24 10:22:59 INFO  Reusables:53 - output.txt is still empty
2024-07-24 10:22:59 INFO  Reusables:53 - output.txt is still empty
2024-07-24 10:22:59 INFO  Reusables:53 - output.txt is still empty
2024-07-24 10:22:59 INFO  Reusables:53 - output.txt is still empty
2024-07-24 10:22:59 INFO  Reusables:53 - output.txt is still empty
2024-07-24 10:22:59 INFO  Reusables:53 - output.txt is still empty
2024-07-24 10:22:59 INFO  Reusables:53 - output.txt is still empty
2024-07-24 10:22:59 INFO  Reusables:53 - output.txt is still empty
2024-07-24 10:22:59 INFO  Reusables:53 - output.txt is still empty
2024-07-24 10:22:59 INFO  Reusables:53 - output.txt is still empty
2024-07-24 10:22:59 INFO  Reusables:53 - output.txt is still empty
2024-07-24 10:22:59 INFO  Reusables:53 - output.txt is still empty
2024-07-24 10:22:59 INFO  Reusables:53 - output.txt is still empty
2024-07-24 10:22:59 INFO  Reusables:53 - output.txt is still empty
2024-07-24 10:22:59 INFO  Reusables:53 - output.txt is still empty
2024-07-24 10:22:59 INFO  Reusables:53 - output.txt is still empty
2024-07-24 10:22:59 INFO  Reusables:53 - output.txt is still empty
2024-07-24 10:22:59 INFO  Reusables:53 - output.txt is still empty
2024-07-24 10:22:59 INFO  Reusables:53 - output.txt is still empty
2024-07-24 10:22:59 INFO  Reusables:53 - output.txt is still empty
2024-07-24 10:22:59 INFO  Reusables:53 - output.txt is still empty
2024-07-24 10:22:59 INFO  Reusables:53 - output.txt is still empty
2024-07-24 10:22:59 INFO  Reusables:53 - output.txt is still empty
2024-07-24 10:22:59 INFO  Reusables:53 - output.txt is still empty
2024-07-24 10:22:59 INFO  Reusables:53 - output.txt is still empty
2024-07-24 10:22:59 INFO  Reusables:53 - output.txt is still empty
2024-07-24 10:22:59 INFO  Reusables:53 - output.txt is still empty
2024-07-24 10:22:59 INFO  Reusables:53 - output.txt is still empty
2024-07-24 10:22:59 INFO  Reusables:53 - output.txt is still empty
2024-07-24 10:22:59 INFO  Reusables:53 - output.txt is still empty
2024-07-24 10:22:59 INFO  Reusables:53 - output.txt is still empty
2024-07-24 10:22:59 INFO  Reusables:53 - output.txt is still empty
2024-07-24 10:22:59 INFO  Reusables:53 - output.txt is still empty
2024-07-24 10:22:59 INFO  Reusables:53 - output.txt is still empty
2024-07-24 10:22:59 INFO  Reusables:53 - output.txt is still empty
2024-07-24 10:22:59 INFO  Reusables:53 - output.txt is still empty
2024-07-24 10:22:59 INFO  Reusables:53 - output.txt is still empty
2024-07-24 10:22:59 INFO  Reusables:53 - output.txt is still empty
2024-07-24 10:22:59 INFO  Reusables:53 - output.txt is still empty
2024-07-24 10:22:59 INFO  Reusables:53 - output.txt is still empty
2024-07-24 10:22:59 INFO  Reusables:53 - output.txt is still empty
2024-07-24 10:22:59 INFO  Reusables:53 - output.txt is still empty
2024-07-24 10:22:59 INFO  Reusables:53 - output.txt is still empty
2024-07-24 10:22:59 INFO  Reusables:53 - output.txt is still empty
2024-07-24 10:22:59 INFO  Reusables:53 - output.txt is still empty
2024-07-24 10:22:59 INFO  Reusables:53 - output.txt is still empty
2024-07-24 10:22:59 INFO  Reusables:53 - output.txt is still empty
2024-07-24 10:22:59 INFO  Reusables:53 - output.txt is still empty
2024-07-24 10:22:59 INFO  Reusables:53 - output.txt is still empty
2024-07-24 10:22:59 INFO  Reusables:53 - output.txt is still empty
2024-07-24 10:22:59 INFO  Reusables:53 - output.txt is still empty
2024-07-24 10:22:59 INFO  Reusables:53 - output.txt is still empty
2024-07-24 10:22:59 INFO  Reusables:53 - output.txt is still empty
2024-07-24 10:22:59 INFO  Reusables:53 - output.txt is still empty
2024-07-24 10:22:59 INFO  Reusables:53 - output.txt is still empty
2024-07-24 10:22:59 INFO  Reusables:53 - output.txt is still empty
2024-07-24 10:22:59 INFO  Reusables:53 - output.txt is still empty
2024-07-24 10:22:59 INFO  Reusables:53 - output.txt is still empty
2024-07-24 10:22:59 INFO  Reusables:53 - output.txt is still empty
2024-07-24 10:22:59 INFO  Reusables:53 - output.txt is still empty
2024-07-24 10:22:59 INFO  Reusables:53 - output.txt is still empty
2024-07-24 10:22:59 INFO  Reusables:53 - output.txt is still empty
2024-07-24 10:22:59 INFO  Reusables:53 - output.txt is still empty
2024-07-24 10:22:59 INFO  Reusables:53 - output.txt is still empty
2024-07-24 10:22:59 INFO  Reusables:53 - output.txt is still empty
2024-07-24 10:22:59 INFO  Reusables:53 - output.txt is still empty
2024-07-24 10:22:59 INFO  Reusables:53 - output.txt is still empty
2024-07-24 10:22:59 INFO  Reusables:53 - output.txt is still empty
2024-07-24 10:22:59 INFO  Reusables:53 - output.txt is still empty
2024-07-24 10:22:59 INFO  Reusables:53 - output.txt is still empty
2024-07-24 10:22:59 INFO  Reusables:53 - output.txt is still empty
2024-07-24 10:22:59 INFO  Reusables:53 - output.txt is still empty
2024-07-24 10:22:59 INFO  Reusables:53 - output.txt is still empty
2024-07-24 10:22:59 INFO  Reusables:53 - output.txt is still empty
2024-07-24 10:22:59 INFO  Reusables:53 - output.txt is still empty
2024-07-24 10:22:59 INFO  Reusables:53 - output.txt is still empty
2024-07-24 10:22:59 INFO  Reusables:53 - output.txt is still empty
2024-07-24 10:22:59 INFO  Reusables:53 - output.txt is still empty
2024-07-24 10:22:59 INFO  Reusables:53 - output.txt is still empty
2024-07-24 10:22:59 INFO  Reusables:53 - output.txt is still empty
2024-07-24 10:22:59 INFO  Reusables:53 - output.txt is still empty
2024-07-24 10:22:59 INFO  Reusables:53 - output.txt is still empty
2024-07-24 10:22:59 INFO  Reusables:53 - output.txt is still empty
2024-07-24 10:22:59 INFO  Reusables:53 - output.txt is still empty
2024-07-24 10:22:59 INFO  Reusables:53 - output.txt is still empty
2024-07-24 10:22:59 INFO  Reusables:53 - output.txt is still empty
2024-07-24 10:22:59 INFO  Reusables:53 - output.txt is still empty
2024-07-24 10:22:59 INFO  Reusables:53 - output.txt is still empty
2024-07-24 10:22:59 INFO  Reusables:53 - output.txt is still empty
2024-07-24 10:22:59 INFO  Reusables:53 - output.txt is still empty
2024-07-24 10:22:59 INFO  Reusables:53 - output.txt is still empty
2024-07-24 10:22:59 INFO  Reusables:53 - output.txt is still empty
2024-07-24 10:22:59 INFO  Reusables:53 - output.txt is still empty
2024-07-24 10:22:59 INFO  Reusables:53 - output.txt is still empty
2024-07-24 10:22:59 INFO  Reusables:53 - output.txt is still empty
2024-07-24 10:22:59 INFO  Reusables:53 - output.txt is still empty
2024-07-24 10:22:59 INFO  Reusables:53 - output.txt is still empty
2024-07-24 10:22:59 INFO  Reusables:53 - output.txt is still empty
2024-07-24 10:22:59 INFO  Reusables:53 - output.txt is still empty
2024-07-24 10:22:59 INFO  Reusables:53 - output.txt is still empty
2024-07-24 10:22:59 INFO  Reusables:53 - output.txt is still empty
2024-07-24 10:22:59 INFO  Reusables:53 - output.txt is still empty
2024-07-24 10:22:59 INFO  Reusables:53 - output.txt is still empty
2024-07-24 10:22:59 INFO  Reusables:53 - output.txt is still empty
2024-07-24 10:22:59 INFO  Reusables:53 - output.txt is still empty
2024-07-24 10:22:59 INFO  Reusables:53 - output.txt is still empty
2024-07-24 10:22:59 INFO  Reusables:53 - output.txt is still empty
2024-07-24 10:22:59 INFO  Reusables:53 - output.txt is still empty
2024-07-24 10:22:59 INFO  Reusables:53 - output.txt is still empty
2024-07-24 10:22:59 INFO  Reusables:53 - output.txt is still empty
2024-07-24 10:22:59 INFO  Reusables:53 - output.txt is still empty
2024-07-24 10:22:59 INFO  Reusables:53 - output.txt is still empty
2024-07-24 10:22:59 INFO  Reusables:53 - output.txt is still empty
2024-07-24 10:22:59 INFO  Reusables:53 - output.txt is still empty
2024-07-24 10:22:59 INFO  Reusables:53 - output.txt is still empty
2024-07-24 10:22:59 INFO  Reusables:53 - output.txt is still empty
2024-07-24 10:22:59 INFO  Reusables:53 - output.txt is still empty
2024-07-24 10:22:59 INFO  Reusables:53 - output.txt is still empty
2024-07-24 10:22:59 INFO  Reusables:53 - output.txt is still empty
2024-07-24 10:22:59 INFO  Reusables:53 - output.txt is still empty
2024-07-24 10:22:59 INFO  Reusables:53 - output.txt is still empty
2024-07-24 10:22:59 INFO  Reusables:53 - output.txt is still empty
2024-07-24 10:22:59 INFO  Reusables:53 - output.txt is still empty
2024-07-24 10:22:59 INFO  Reusables:53 - output.txt is still empty
2024-07-24 10:22:59 INFO  Reusables:53 - output.txt is still empty
2024-07-24 10:22:59 INFO  Reusables:53 - output.txt is still empty
2024-07-24 10:22:59 INFO  Reusables:53 - output.txt is still empty
2024-07-24 10:22:59 INFO  Reusables:53 - output.txt is still empty
2024-07-24 10:22:59 INFO  Reusables:53 - output.txt is still empty
2024-07-24 10:22:59 INFO  Reusables:53 - output.txt is still empty
2024-07-24 10:22:59 INFO  Reusables:53 - output.txt is still empty
2024-07-24 10:22:59 INFO  Reusables:53 - output.txt is still empty
2024-07-24 10:22:59 INFO  Reusables:53 - output.txt is still empty
2024-07-24 10:22:59 INFO  Reusables:53 - output.txt is still empty
2024-07-24 10:22:59 INFO  Reusables:53 - output.txt is still empty
2024-07-24 10:22:59 INFO  Reusables:53 - output.txt is still empty
2024-07-24 10:22:59 INFO  Reusables:53 - output.txt is still empty
2024-07-24 10:22:59 INFO  Reusables:53 - output.txt is still empty
2024-07-24 10:22:59 INFO  Reusables:53 - output.txt is still empty
2024-07-24 10:22:59 INFO  Reusables:53 - output.txt is still empty
2024-07-24 10:22:59 INFO  Reusables:53 - output.txt is still empty
2024-07-24 10:22:59 INFO  Reusables:53 - output.txt is still empty
2024-07-24 10:22:59 INFO  Reusables:53 - output.txt is still empty
2024-07-24 10:22:59 INFO  Reusables:53 - output.txt is still empty
2024-07-24 10:22:59 INFO  Reusables:53 - output.txt is still empty
2024-07-24 10:22:59 INFO  Reusables:53 - output.txt is still empty
2024-07-24 10:22:59 INFO  Reusables:53 - output.txt is still empty
2024-07-24 10:22:59 INFO  Reusables:53 - output.txt is still empty
2024-07-24 10:22:59 INFO  Reusables:53 - output.txt is still empty
2024-07-24 10:22:59 INFO  Reusables:53 - output.txt is still empty
2024-07-24 10:22:59 INFO  Reusables:53 - output.txt is still empty
2024-07-24 10:22:59 INFO  Reusables:53 - output.txt is still empty
2024-07-24 10:22:59 INFO  Reusables:53 - output.txt is still empty
2024-07-24 10:22:59 INFO  Reusables:53 - output.txt is still empty
2024-07-24 10:22:59 INFO  Reusables:53 - output.txt is still empty
2024-07-24 10:22:59 INFO  Reusables:53 - output.txt is still empty
2024-07-24 10:22:59 INFO  Reusables:53 - output.txt is still empty
2024-07-24 10:22:59 INFO  Reusables:53 - output.txt is still empty
2024-07-24 10:22:59 INFO  Reusables:53 - output.txt is still empty
2024-07-24 10:22:59 INFO  Reusables:53 - output.txt is still empty
2024-07-24 10:22:59 INFO  Reusables:53 - output.txt is still empty
2024-07-24 10:22:59 INFO  Reusables:53 - output.txt is still empty
2024-07-24 10:22:59 INFO  Reusables:53 - output.txt is still empty
2024-07-24 10:22:59 INFO  Reusables:53 - output.txt is still empty
2024-07-24 10:22:59 INFO  Reusables:53 - output.txt is still empty
2024-07-24 10:22:59 INFO  Reusables:53 - output.txt is still empty
2024-07-24 10:22:59 INFO  Reusables:53 - output.txt is still empty
2024-07-24 10:22:59 INFO  Reusables:53 - output.txt is still empty
2024-07-24 10:22:59 INFO  Reusables:53 - output.txt is still empty
2024-07-24 10:22:59 INFO  Reusables:53 - output.txt is still empty
2024-07-24 10:22:59 INFO  Reusables:53 - output.txt is still empty
2024-07-24 10:22:59 INFO  Reusables:53 - output.txt is still empty
2024-07-24 10:22:59 INFO  Reusables:53 - output.txt is still empty
2024-07-24 10:22:59 INFO  Reusables:53 - output.txt is still empty
2024-07-24 10:22:59 INFO  Reusables:53 - output.txt is still empty
2024-07-24 10:22:59 INFO  Reusables:53 - output.txt is still empty
2024-07-24 10:22:59 INFO  Reusables:53 - output.txt is still empty
2024-07-24 10:22:59 INFO  Reusables:53 - output.txt is still empty
2024-07-24 10:22:59 INFO  Reusables:53 - output.txt is still empty
2024-07-24 10:22:59 INFO  Reusables:53 - output.txt is still empty
2024-07-24 10:22:59 INFO  Reusables:53 - output.txt is still empty
2024-07-24 10:22:59 INFO  Reusables:53 - output.txt is still empty
2024-07-24 10:22:59 INFO  Reusables:53 - output.txt is still empty
2024-07-24 10:22:59 INFO  Reusables:53 - output.txt is still empty
2024-07-24 10:22:59 INFO  Reusables:53 - output.txt is still empty
2024-07-24 10:22:59 INFO  Reusables:53 - output.txt is still empty
2024-07-24 10:22:59 INFO  Reusables:53 - output.txt is still empty
2024-07-24 10:22:59 INFO  Reusables:53 - output.txt is still empty
2024-07-24 10:22:59 INFO  Reusables:53 - output.txt is still empty
2024-07-24 10:22:59 INFO  Reusables:53 - output.txt is still empty
2024-07-24 10:22:59 INFO  Reusables:53 - output.txt is still empty
2024-07-24 10:22:59 INFO  Reusables:53 - output.txt is still empty
2024-07-24 10:22:59 INFO  Reusables:53 - output.txt is still empty
2024-07-24 10:22:59 INFO  Reusables:53 - output.txt is still empty
2024-07-24 10:22:59 INFO  Reusables:53 - output.txt is still empty
2024-07-24 10:22:59 INFO  Reusables:53 - output.txt is still empty
2024-07-24 10:22:59 INFO  Reusables:53 - output.txt is still empty
2024-07-24 10:22:59 INFO  Reusables:53 - output.txt is still empty
2024-07-24 10:22:59 INFO  Reusables:53 - output.txt is still empty
2024-07-24 10:22:59 INFO  Reusables:53 - output.txt is still empty
2024-07-24 10:22:59 INFO  Reusables:53 - output.txt is still empty
2024-07-24 10:22:59 INFO  Reusables:53 - output.txt is still empty
2024-07-24 10:22:59 INFO  Reusables:53 - output.txt is still empty
2024-07-24 10:22:59 INFO  Reusables:53 - output.txt is still empty
2024-07-24 10:22:59 INFO  Reusables:53 - output.txt is still empty
2024-07-24 10:22:59 INFO  Reusables:53 - output.txt is still empty
2024-07-24 10:22:59 INFO  Reusables:53 - output.txt is still empty
2024-07-24 10:22:59 INFO  Reusables:53 - output.txt is still empty
2024-07-24 10:22:59 INFO  Reusables:53 - output.txt is still empty
2024-07-24 10:22:59 INFO  Reusables:53 - output.txt is still empty
2024-07-24 10:22:59 INFO  Reusables:53 - output.txt is still empty
2024-07-24 10:22:59 INFO  Reusables:53 - output.txt is still empty
2024-07-24 10:22:59 INFO  Reusables:53 - output.txt is still empty
2024-07-24 10:22:59 INFO  Reusables:53 - output.txt is still empty
2024-07-24 10:22:59 INFO  Reusables:53 - output.txt is still empty
2024-07-24 10:22:59 INFO  Reusables:53 - output.txt is still empty
2024-07-24 10:22:59 INFO  Reusables:53 - output.txt is still empty
2024-07-24 10:22:59 INFO  Reusables:53 - output.txt is still empty
2024-07-24 10:22:59 INFO  Reusables:53 - output.txt is still empty
2024-07-24 10:22:59 INFO  Reusables:53 - output.txt is still empty
2024-07-24 10:22:59 INFO  Reusables:53 - output.txt is still empty
2024-07-24 10:22:59 INFO  Reusables:53 - output.txt is still empty
2024-07-24 10:22:59 INFO  Reusables:53 - output.txt is still empty
2024-07-24 10:22:59 INFO  Reusables:53 - output.txt is still empty
2024-07-24 10:22:59 INFO  Reusables:53 - output.txt is still empty
2024-07-24 10:22:59 INFO  Reusables:53 - output.txt is still empty
2024-07-24 10:22:59 INFO  Reusables:53 - output.txt is still empty
2024-07-24 10:22:59 INFO  Reusables:53 - output.txt is still empty
2024-07-24 10:22:59 INFO  Reusables:53 - output.txt is still empty
2024-07-24 10:22:59 INFO  Reusables:53 - output.txt is still empty
2024-07-24 10:22:59 INFO  Reusables:53 - output.txt is still empty
2024-07-24 10:22:59 INFO  Reusables:53 - output.txt is still empty
2024-07-24 10:22:59 INFO  Reusables:53 - output.txt is still empty
2024-07-24 10:22:59 INFO  Reusables:53 - output.txt is still empty
2024-07-24 10:22:59 INFO  Reusables:53 - output.txt is still empty
2024-07-24 10:22:59 INFO  Reusables:53 - output.txt is still empty
2024-07-24 10:22:59 INFO  Reusables:53 - output.txt is still empty
2024-07-24 10:22:59 INFO  Reusables:53 - output.txt is still empty
2024-07-24 10:22:59 INFO  Reusables:53 - output.txt is still empty
2024-07-24 10:22:59 INFO  Reusables:53 - output.txt is still empty
2024-07-24 10:22:59 INFO  Reusables:53 - output.txt is still empty
2024-07-24 10:22:59 INFO  Reusables:53 - output.txt is still empty
2024-07-24 10:22:59 INFO  Reusables:53 - output.txt is still empty
2024-07-24 10:22:59 INFO  Reusables:53 - output.txt is still empty
2024-07-24 10:22:59 INFO  Reusables:53 - output.txt is still empty
2024-07-24 10:22:59 INFO  Reusables:53 - output.txt is still empty
2024-07-24 10:22:59 INFO  Reusables:53 - output.txt is still empty
2024-07-24 10:22:59 INFO  Reusables:53 - output.txt is still empty
2024-07-24 10:22:59 INFO  Reusables:53 - output.txt is still empty
2024-07-24 10:22:59 INFO  Reusables:53 - output.txt is still empty
2024-07-24 10:22:59 INFO  Reusables:53 - output.txt is still empty
2024-07-24 10:22:59 INFO  Reusables:53 - output.txt is still empty
2024-07-24 10:22:59 INFO  Reusables:53 - output.txt is still empty
2024-07-24 10:22:59 INFO  Reusables:53 - output.txt is still empty
2024-07-24 10:22:59 INFO  Reusables:53 - output.txt is still empty
2024-07-24 10:22:59 INFO  Reusables:53 - output.txt is still empty
2024-07-24 10:22:59 INFO  Reusables:53 - output.txt is still empty
2024-07-24 10:22:59 INFO  Reusables:53 - output.txt is still empty
2024-07-24 10:22:59 INFO  Reusables:53 - output.txt is still empty
2024-07-24 10:22:59 INFO  Reusables:53 - output.txt is still empty
2024-07-24 10:22:59 INFO  Reusables:53 - output.txt is still empty
2024-07-24 10:22:59 INFO  Reusables:53 - output.txt is still empty
2024-07-24 10:22:59 INFO  Reusables:53 - output.txt is still empty
2024-07-24 10:22:59 INFO  Reusables:53 - output.txt is still empty
2024-07-24 10:22:59 INFO  Reusables:53 - output.txt is still empty
2024-07-24 10:22:59 INFO  Reusables:53 - output.txt is still empty
2024-07-24 10:22:59 INFO  Reusables:53 - output.txt is still empty
2024-07-24 10:22:59 INFO  Reusables:53 - output.txt is still empty
2024-07-24 10:22:59 INFO  Reusables:53 - output.txt is still empty
2024-07-24 10:22:59 INFO  Reusables:53 - output.txt is still empty
2024-07-24 10:22:59 INFO  Reusables:53 - output.txt is still empty
2024-07-24 10:22:59 INFO  Reusables:53 - output.txt is still empty
2024-07-24 10:22:59 INFO  Reusables:53 - output.txt is still empty
2024-07-24 10:22:59 INFO  Reusables:53 - output.txt is still empty
2024-07-24 10:22:59 INFO  Reusables:53 - output.txt is still empty
2024-07-24 10:22:59 INFO  Reusables:53 - output.txt is still empty
2024-07-24 10:22:59 INFO  Reusables:53 - output.txt is still empty
2024-07-24 10:22:59 INFO  Reusables:53 - output.txt is still empty
2024-07-24 10:22:59 INFO  Reusables:53 - output.txt is still empty
2024-07-24 10:22:59 INFO  Reusables:53 - output.txt is still empty
2024-07-24 10:22:59 INFO  Reusables:53 - output.txt is still empty
2024-07-24 10:22:59 INFO  Reusables:53 - output.txt is still empty
2024-07-24 10:22:59 INFO  Reusables:53 - output.txt is still empty
2024-07-24 10:22:59 INFO  Reusables:53 - output.txt is still empty
2024-07-24 10:22:59 INFO  Reusables:53 - output.txt is still empty
2024-07-24 10:22:59 INFO  Reusables:53 - output.txt is still empty
2024-07-24 10:22:59 INFO  Reusables:53 - output.txt is still empty
2024-07-24 10:22:59 INFO  Reusables:53 - output.txt is still empty
2024-07-24 10:22:59 INFO  Reusables:53 - output.txt is still empty
2024-07-24 10:22:59 INFO  Reusables:53 - output.txt is still empty
2024-07-24 10:22:59 INFO  Reusables:53 - output.txt is still empty
2024-07-24 10:22:59 INFO  Reusables:53 - output.txt is still empty
2024-07-24 10:22:59 INFO  Reusables:53 - output.txt is still empty
2024-07-24 10:22:59 INFO  Reusables:53 - output.txt is still empty
2024-07-24 10:22:59 INFO  Reusables:53 - output.txt is still empty
2024-07-24 10:22:59 INFO  Reusables:53 - output.txt is still empty
2024-07-24 10:22:59 INFO  Reusables:53 - output.txt is still empty
2024-07-24 10:22:59 INFO  Reusables:53 - output.txt is still empty
2024-07-24 10:22:59 INFO  Reusables:53 - output.txt is still empty
2024-07-24 10:22:59 INFO  Reusables:53 - output.txt is still empty
2024-07-24 10:22:59 INFO  Reusables:53 - output.txt is still empty
2024-07-24 10:22:59 INFO  Reusables:53 - output.txt is still empty
2024-07-24 10:22:59 INFO  Reusables:53 - output.txt is still empty
2024-07-24 10:22:59 INFO  Reusables:53 - output.txt is still empty
2024-07-24 10:22:59 INFO  Reusables:53 - output.txt is still empty
2024-07-24 10:22:59 INFO  Reusables:53 - output.txt is still empty
2024-07-24 10:22:59 INFO  Reusables:53 - output.txt is still empty
2024-07-24 10:22:59 INFO  Reusables:53 - output.txt is still empty
2024-07-24 10:22:59 INFO  Reusables:53 - output.txt is still empty
2024-07-24 10:22:59 INFO  Reusables:53 - output.txt is still empty
2024-07-24 10:22:59 INFO  Reusables:53 - output.txt is still empty
2024-07-24 10:22:59 INFO  Reusables:53 - output.txt is still empty
2024-07-24 10:22:59 INFO  Reusables:53 - output.txt is still empty
2024-07-24 10:22:59 INFO  Reusables:53 - output.txt is still empty
2024-07-24 10:22:59 INFO  Reusables:53 - output.txt is still empty
2024-07-24 10:22:59 INFO  Reusables:53 - output.txt is still empty
2024-07-24 10:22:59 INFO  Reusables:53 - output.txt is still empty
2024-07-24 10:22:59 INFO  Reusables:53 - output.txt is still empty
2024-07-24 10:22:59 INFO  Reusables:53 - output.txt is still empty
2024-07-24 10:22:59 INFO  Reusables:53 - output.txt is still empty
2024-07-24 10:22:59 INFO  Reusables:53 - output.txt is still empty
2024-07-24 10:22:59 INFO  Reusables:53 - output.txt is still empty
2024-07-24 10:22:59 INFO  Reusables:53 - output.txt is still empty
2024-07-24 10:22:59 INFO  Reusables:53 - output.txt is still empty
2024-07-24 10:22:59 INFO  Reusables:53 - output.txt is still empty
2024-07-24 10:22:59 INFO  Reusables:53 - output.txt is still empty
2024-07-24 10:22:59 INFO  Reusables:53 - output.txt is still empty
2024-07-24 10:22:59 INFO  Reusables:53 - output.txt is still empty
2024-07-24 10:22:59 INFO  Reusables:53 - output.txt is still empty
2024-07-24 10:22:59 INFO  Reusables:53 - output.txt is still empty
2024-07-24 10:22:59 INFO  Reusables:53 - output.txt is still empty
2024-07-24 10:22:59 INFO  Reusables:53 - output.txt is still empty
2024-07-24 10:22:59 INFO  Reusables:53 - output.txt is still empty
2024-07-24 10:22:59 INFO  Reusables:53 - output.txt is still empty
2024-07-24 10:22:59 INFO  Reusables:53 - output.txt is still empty
2024-07-24 10:22:59 INFO  Reusables:53 - output.txt is still empty
2024-07-24 10:22:59 INFO  Reusables:53 - output.txt is still empty
2024-07-24 10:22:59 INFO  Reusables:53 - output.txt is still empty
2024-07-24 10:22:59 INFO  Reusables:53 - output.txt is still empty
2024-07-24 10:22:59 INFO  Reusables:53 - output.txt is still empty
2024-07-24 10:22:59 INFO  Reusables:53 - output.txt is still empty
2024-07-24 10:22:59 INFO  Reusables:53 - output.txt is still empty
2024-07-24 10:22:59 INFO  Reusables:53 - output.txt is still empty
2024-07-24 10:22:59 INFO  Reusables:53 - output.txt is still empty
2024-07-24 10:22:59 INFO  Reusables:53 - output.txt is still empty
2024-07-24 10:22:59 INFO  Reusables:53 - output.txt is still empty
2024-07-24 10:22:59 INFO  Reusables:53 - output.txt is still empty
2024-07-24 10:22:59 INFO  Reusables:53 - output.txt is still empty
2024-07-24 10:22:59 INFO  Reusables:53 - output.txt is still empty
2024-07-24 10:22:59 INFO  Reusables:53 - output.txt is still empty
2024-07-24 10:22:59 INFO  Reusables:53 - output.txt is still empty
2024-07-24 10:22:59 INFO  Reusables:53 - output.txt is still empty
2024-07-24 10:22:59 INFO  Reusables:53 - output.txt is still empty
2024-07-24 10:22:59 INFO  Reusables:53 - output.txt is still empty
2024-07-24 10:22:59 INFO  Reusables:53 - output.txt is still empty
2024-07-24 10:22:59 INFO  Reusables:53 - output.txt is still empty
2024-07-24 10:22:59 INFO  Reusables:53 - output.txt is still empty
2024-07-24 10:22:59 INFO  Reusables:53 - output.txt is still empty
2024-07-24 10:22:59 INFO  Reusables:53 - output.txt is still empty
2024-07-24 10:22:59 INFO  Reusables:53 - output.txt is still empty
2024-07-24 10:22:59 INFO  Reusables:53 - output.txt is still empty
2024-07-24 10:22:59 INFO  Reusables:53 - output.txt is still empty
2024-07-24 10:22:59 INFO  Reusables:53 - output.txt is still empty
2024-07-24 10:22:59 INFO  Reusables:53 - output.txt is still empty
2024-07-24 10:22:59 INFO  Reusables:53 - output.txt is still empty
2024-07-24 10:22:59 INFO  Reusables:53 - output.txt is still empty
2024-07-24 10:22:59 INFO  Reusables:53 - output.txt is still empty
2024-07-24 10:22:59 INFO  Reusables:53 - output.txt is still empty
2024-07-24 10:22:59 INFO  Reusables:53 - output.txt is still empty
2024-07-24 10:22:59 INFO  Reusables:53 - output.txt is still empty
2024-07-24 10:22:59 INFO  Reusables:53 - output.txt is still empty
2024-07-24 10:22:59 INFO  Reusables:53 - output.txt is still empty
2024-07-24 10:22:59 INFO  Reusables:53 - output.txt is still empty
2024-07-24 10:22:59 INFO  Reusables:53 - output.txt is still empty
2024-07-24 10:22:59 INFO  Reusables:53 - output.txt is still empty
2024-07-24 10:22:59 INFO  Reusables:53 - output.txt is still empty
2024-07-24 10:22:59 INFO  Reusables:53 - output.txt is still empty
2024-07-24 10:22:59 INFO  Reusables:53 - output.txt is still empty
2024-07-24 10:22:59 INFO  Reusables:53 - output.txt is still empty
2024-07-24 10:22:59 INFO  Reusables:53 - output.txt is still empty
2024-07-24 10:22:59 INFO  Reusables:53 - output.txt is still empty
2024-07-24 10:22:59 INFO  Reusables:53 - output.txt is still empty
2024-07-24 10:22:59 INFO  Reusables:53 - output.txt is still empty
2024-07-24 10:22:59 INFO  Reusables:53 - output.txt is still empty
2024-07-24 10:22:59 INFO  Reusables:53 - output.txt is still empty
2024-07-24 10:22:59 INFO  Reusables:53 - output.txt is still empty
2024-07-24 10:22:59 INFO  Reusables:53 - output.txt is still empty
2024-07-24 10:22:59 INFO  Reusables:53 - output.txt is still empty
2024-07-24 10:22:59 INFO  Reusables:53 - output.txt is still empty
2024-07-24 10:22:59 INFO  Reusables:53 - output.txt is still empty
2024-07-24 10:22:59 INFO  Reusables:53 - output.txt is still empty
2024-07-24 10:22:59 INFO  Reusables:53 - output.txt is still empty
2024-07-24 10:22:59 INFO  Reusables:53 - output.txt is still empty
2024-07-24 10:22:59 INFO  Reusables:53 - output.txt is still empty
2024-07-24 10:22:59 INFO  Reusables:53 - output.txt is still empty
2024-07-24 10:22:59 INFO  Reusables:53 - output.txt is still empty
2024-07-24 10:22:59 INFO  Reusables:53 - output.txt is still empty
2024-07-24 10:22:59 INFO  Reusables:53 - output.txt is still empty
2024-07-24 10:22:59 INFO  Reusables:53 - output.txt is still empty
2024-07-24 10:22:59 INFO  Reusables:53 - output.txt is still empty
2024-07-24 10:22:59 INFO  Reusables:53 - output.txt is still empty
2024-07-24 10:22:59 INFO  Reusables:53 - output.txt is still empty
2024-07-24 10:22:59 INFO  Reusables:53 - output.txt is still empty
2024-07-24 10:22:59 INFO  Reusables:53 - output.txt is still empty
2024-07-24 10:22:59 INFO  Reusables:53 - output.txt is still empty
2024-07-24 10:22:59 INFO  Reusables:53 - output.txt is still empty
2024-07-24 10:22:59 INFO  Reusables:53 - output.txt is still empty
2024-07-24 10:22:59 INFO  Reusables:53 - output.txt is still empty
2024-07-24 10:22:59 INFO  Reusables:53 - output.txt is still empty
2024-07-24 10:22:59 INFO  Reusables:53 - output.txt is still empty
2024-07-24 10:22:59 INFO  Reusables:53 - output.txt is still empty
2024-07-24 10:22:59 INFO  Reusables:53 - output.txt is still empty
2024-07-24 10:22:59 INFO  Reusables:53 - output.txt is still empty
2024-07-24 10:22:59 INFO  Reusables:53 - output.txt is still empty
2024-07-24 10:22:59 INFO  Reusables:53 - output.txt is still empty
2024-07-24 10:22:59 INFO  Reusables:53 - output.txt is still empty
2024-07-24 10:22:59 INFO  Reusables:53 - output.txt is still empty
2024-07-24 10:22:59 INFO  Reusables:53 - output.txt is still empty
2024-07-24 10:22:59 INFO  Reusables:53 - output.txt is still empty
2024-07-24 10:22:59 INFO  Reusables:53 - output.txt is still empty
2024-07-24 10:22:59 INFO  Reusables:53 - output.txt is still empty
2024-07-24 10:22:59 INFO  Reusables:53 - output.txt is still empty
2024-07-24 10:22:59 INFO  Reusables:53 - output.txt is still empty
2024-07-24 10:22:59 INFO  Reusables:53 - output.txt is still empty
2024-07-24 10:22:59 INFO  Reusables:53 - output.txt is still empty
2024-07-24 10:22:59 INFO  Reusables:53 - output.txt is still empty
2024-07-24 10:22:59 INFO  Reusables:53 - output.txt is still empty
2024-07-24 10:22:59 INFO  Reusables:53 - output.txt is still empty
2024-07-24 10:22:59 INFO  Reusables:53 - output.txt is still empty
2024-07-24 10:22:59 INFO  Reusables:53 - output.txt is still empty
2024-07-24 10:22:59 INFO  Reusables:53 - output.txt is still empty
2024-07-24 10:22:59 INFO  Reusables:53 - output.txt is still empty
2024-07-24 10:22:59 INFO  Reusables:53 - output.txt is still empty
2024-07-24 10:22:59 INFO  Reusables:53 - output.txt is still empty
2024-07-24 10:22:59 INFO  Reusables:53 - output.txt is still empty
2024-07-24 10:22:59 INFO  Reusables:53 - output.txt is still empty
2024-07-24 10:22:59 INFO  Reusables:53 - output.txt is still empty
2024-07-24 10:22:59 INFO  Reusables:53 - output.txt is still empty
2024-07-24 10:22:59 INFO  Reusables:53 - output.txt is still empty
2024-07-24 10:22:59 INFO  Reusables:53 - output.txt is still empty
2024-07-24 10:22:59 INFO  Reusables:53 - output.txt is still empty
2024-07-24 10:22:59 INFO  Reusables:53 - output.txt is still empty
2024-07-24 10:22:59 INFO  Reusables:53 - output.txt is still empty
2024-07-24 10:22:59 INFO  Reusables:53 - output.txt is still empty
2024-07-24 10:22:59 INFO  Reusables:53 - output.txt is still empty
2024-07-24 10:22:59 INFO  Reusables:53 - output.txt is still empty
2024-07-24 10:22:59 INFO  Reusables:53 - output.txt is still empty
2024-07-24 10:22:59 INFO  Reusables:53 - output.txt is still empty
2024-07-24 10:22:59 INFO  Reusables:53 - output.txt is still empty
2024-07-24 10:22:59 INFO  Reusables:53 - output.txt is still empty
2024-07-24 10:22:59 INFO  Reusables:53 - output.txt is still empty
2024-07-24 10:22:59 INFO  Reusables:53 - output.txt is still empty
2024-07-24 10:22:59 INFO  Reusables:53 - output.txt is still empty
2024-07-24 10:22:59 INFO  Reusables:53 - output.txt is still empty
2024-07-24 10:22:59 INFO  Reusables:53 - output.txt is still empty
2024-07-24 10:22:59 INFO  Reusables:53 - output.txt is still empty
2024-07-24 10:22:59 INFO  Reusables:53 - output.txt is still empty
2024-07-24 10:22:59 INFO  Reusables:53 - output.txt is still empty
2024-07-24 10:22:59 INFO  Reusables:53 - output.txt is still empty
2024-07-24 10:22:59 INFO  Reusables:53 - output.txt is still empty
2024-07-24 10:22:59 INFO  Reusables:53 - output.txt is still empty
2024-07-24 10:22:59 INFO  Reusables:53 - output.txt is still empty
2024-07-24 10:22:59 INFO  Reusables:53 - output.txt is still empty
2024-07-24 10:22:59 INFO  Reusables:53 - output.txt is still empty
2024-07-24 10:22:59 INFO  Reusables:53 - output.txt is still empty
2024-07-24 10:22:59 INFO  Reusables:53 - output.txt is still empty
2024-07-24 10:22:59 INFO  Reusables:53 - output.txt is still empty
2024-07-24 10:22:59 INFO  Reusables:53 - output.txt is still empty
2024-07-24 10:22:59 INFO  Reusables:53 - output.txt is still empty
2024-07-24 10:22:59 INFO  Reusables:53 - output.txt is still empty
2024-07-24 10:22:59 INFO  Reusables:53 - output.txt is still empty
2024-07-24 10:22:59 INFO  Reusables:53 - output.txt is still empty
2024-07-24 10:22:59 INFO  Reusables:53 - output.txt is still empty
2024-07-24 10:22:59 INFO  Reusables:53 - output.txt is still empty
2024-07-24 10:22:59 INFO  Reusables:53 - output.txt is still empty
2024-07-24 10:22:59 INFO  Reusables:53 - output.txt is still empty
2024-07-24 10:22:59 INFO  Reusables:53 - output.txt is still empty
2024-07-24 10:22:59 INFO  Reusables:53 - output.txt is still empty
2024-07-24 10:22:59 INFO  Reusables:53 - output.txt is still empty
2024-07-24 10:22:59 INFO  Reusables:53 - output.txt is still empty
2024-07-24 10:22:59 INFO  Reusables:53 - output.txt is still empty
2024-07-24 10:22:59 INFO  Reusables:53 - output.txt is still empty
2024-07-24 10:22:59 INFO  Reusables:53 - output.txt is still empty
2024-07-24 10:22:59 INFO  Reusables:53 - output.txt is still empty
2024-07-24 10:22:59 INFO  Reusables:53 - output.txt is still empty
2024-07-24 10:22:59 INFO  Reusables:53 - output.txt is still empty
2024-07-24 10:22:59 INFO  Reusables:53 - output.txt is still empty
2024-07-24 10:22:59 INFO  Reusables:53 - output.txt is still empty
2024-07-24 10:22:59 INFO  Reusables:53 - output.txt is still empty
2024-07-24 10:22:59 INFO  Reusables:53 - output.txt is still empty
2024-07-24 10:22:59 INFO  Reusables:53 - output.txt is still empty
2024-07-24 10:22:59 INFO  Reusables:53 - output.txt is still empty
2024-07-24 10:22:59 INFO  Reusables:53 - output.txt is still empty
2024-07-24 10:22:59 INFO  Reusables:53 - output.txt is still empty
2024-07-24 10:22:59 INFO  Reusables:53 - output.txt is still empty
2024-07-24 10:22:59 INFO  Reusables:53 - output.txt is still empty
2024-07-24 10:22:59 INFO  Reusables:53 - output.txt is still empty
2024-07-24 10:22:59 INFO  Reusables:53 - output.txt is still empty
2024-07-24 10:22:59 INFO  Reusables:53 - output.txt is still empty
2024-07-24 10:22:59 INFO  Reusables:53 - output.txt is still empty
2024-07-24 10:22:59 INFO  Reusables:53 - output.txt is still empty
2024-07-24 10:22:59 INFO  Reusables:53 - output.txt is still empty
2024-07-24 10:22:59 INFO  Reusables:53 - output.txt is still empty
2024-07-24 10:22:59 INFO  Reusables:53 - output.txt is still empty
2024-07-24 10:22:59 INFO  Reusables:53 - output.txt is still empty
2024-07-24 10:22:59 INFO  Reusables:53 - output.txt is still empty
2024-07-24 10:22:59 INFO  Reusables:53 - output.txt is still empty
2024-07-24 10:22:59 INFO  Reusables:53 - output.txt is still empty
2024-07-24 10:22:59 INFO  Reusables:53 - output.txt is still empty
2024-07-24 10:22:59 INFO  Reusables:53 - output.txt is still empty
2024-07-24 10:22:59 INFO  Reusables:53 - output.txt is still empty
2024-07-24 10:22:59 INFO  Reusables:53 - output.txt is still empty
2024-07-24 10:22:59 INFO  Reusables:53 - output.txt is still empty
2024-07-24 10:22:59 INFO  Reusables:53 - output.txt is still empty
2024-07-24 10:22:59 INFO  Reusables:53 - output.txt is still empty
2024-07-24 10:22:59 INFO  Reusables:53 - output.txt is still empty
2024-07-24 10:22:59 INFO  Reusables:53 - output.txt is still empty
2024-07-24 10:22:59 INFO  Reusables:53 - output.txt is still empty
2024-07-24 10:22:59 INFO  Reusables:53 - output.txt is still empty
2024-07-24 10:22:59 INFO  Reusables:53 - output.txt is still empty
2024-07-24 10:22:59 INFO  Reusables:53 - output.txt is still empty
2024-07-24 10:22:59 INFO  Reusables:53 - output.txt is still empty
2024-07-24 10:22:59 INFO  Reusables:53 - output.txt is still empty
2024-07-24 10:22:59 INFO  Reusables:53 - output.txt is still empty
2024-07-24 10:22:59 INFO  Reusables:53 - output.txt is still empty
2024-07-24 10:22:59 INFO  Reusables:53 - output.txt is still empty
2024-07-24 10:22:59 INFO  Reusables:53 - output.txt is still empty
2024-07-24 10:22:59 INFO  Reusables:53 - output.txt is still empty
2024-07-24 10:22:59 INFO  Reusables:53 - output.txt is still empty
2024-07-24 10:22:59 INFO  Reusables:53 - output.txt is still empty
2024-07-24 10:22:59 INFO  Reusables:53 - output.txt is still empty
2024-07-24 10:22:59 INFO  Reusables:53 - output.txt is still empty
2024-07-24 10:22:59 INFO  Reusables:53 - output.txt is still empty
2024-07-24 10:22:59 INFO  Reusables:53 - output.txt is still empty
2024-07-24 10:22:59 INFO  Reusables:53 - output.txt is still empty
2024-07-24 10:22:59 INFO  Reusables:53 - output.txt is still empty
2024-07-24 10:22:59 INFO  Reusables:53 - output.txt is still empty
2024-07-24 10:22:59 INFO  Reusables:53 - output.txt is still empty
2024-07-24 10:22:59 INFO  Reusables:53 - output.txt is still empty
2024-07-24 10:22:59 INFO  Reusables:53 - output.txt is still empty
2024-07-24 10:22:59 INFO  Reusables:53 - output.txt is still empty
2024-07-24 10:22:59 INFO  Reusables:53 - output.txt is still empty
2024-07-24 10:22:59 INFO  Reusables:53 - output.txt is still empty
2024-07-24 10:22:59 INFO  Reusables:53 - output.txt is still empty
2024-07-24 10:22:59 INFO  Reusables:53 - output.txt is still empty
2024-07-24 10:22:59 INFO  Reusables:53 - output.txt is still empty
2024-07-24 10:22:59 INFO  Reusables:53 - output.txt is still empty
2024-07-24 10:22:59 INFO  Reusables:53 - output.txt is still empty
2024-07-24 10:22:59 INFO  Reusables:53 - output.txt is still empty
2024-07-24 10:22:59 INFO  Reusables:53 - output.txt is still empty
2024-07-24 10:22:59 INFO  Reusables:53 - output.txt is still empty
2024-07-24 10:22:59 INFO  Reusables:53 - output.txt is still empty
2024-07-24 10:22:59 INFO  Reusables:53 - output.txt is still empty
2024-07-24 10:22:59 INFO  Reusables:53 - output.txt is still empty
2024-07-24 10:22:59 INFO  Reusables:53 - output.txt is still empty
2024-07-24 10:22:59 INFO  Reusables:53 - output.txt is still empty
2024-07-24 10:22:59 INFO  Reusables:53 - output.txt is still empty
2024-07-24 10:22:59 INFO  Reusables:53 - output.txt is still empty
2024-07-24 10:22:59 INFO  Reusables:53 - output.txt is still empty
2024-07-24 10:22:59 INFO  Reusables:53 - output.txt is still empty
2024-07-24 10:22:59 INFO  Reusables:53 - output.txt is still empty
2024-07-24 10:22:59 INFO  Reusables:53 - output.txt is still empty
2024-07-24 10:22:59 INFO  Reusables:53 - output.txt is still empty
2024-07-24 10:22:59 INFO  Reusables:53 - output.txt is still empty
2024-07-24 10:22:59 INFO  Reusables:53 - output.txt is still empty
2024-07-24 10:22:59 INFO  Reusables:53 - output.txt is still empty
2024-07-24 10:22:59 INFO  Reusables:53 - output.txt is still empty
2024-07-24 10:22:59 INFO  Reusables:53 - output.txt is still empty
2024-07-24 10:22:59 INFO  Reusables:53 - output.txt is still empty
2024-07-24 10:22:59 INFO  Reusables:53 - output.txt is still empty
2024-07-24 10:22:59 INFO  Reusables:53 - output.txt is still empty
2024-07-24 10:22:59 INFO  Reusables:53 - output.txt is still empty
2024-07-24 10:22:59 INFO  Reusables:53 - output.txt is still empty
2024-07-24 10:22:59 INFO  Reusables:53 - output.txt is still empty
2024-07-24 10:22:59 INFO  Reusables:53 - output.txt is still empty
2024-07-24 10:22:59 INFO  Reusables:53 - output.txt is still empty
2024-07-24 10:22:59 INFO  Reusables:53 - output.txt is still empty
2024-07-24 10:22:59 INFO  Reusables:53 - output.txt is still empty
2024-07-24 10:22:59 INFO  Reusables:53 - output.txt is still empty
2024-07-24 10:22:59 INFO  Reusables:53 - output.txt is still empty
2024-07-24 10:22:59 INFO  Reusables:53 - output.txt is still empty
2024-07-24 10:22:59 INFO  Reusables:53 - output.txt is still empty
2024-07-24 10:22:59 INFO  Reusables:53 - output.txt is still empty
2024-07-24 10:22:59 INFO  Reusables:53 - output.txt is still empty
2024-07-24 10:22:59 INFO  Reusables:53 - output.txt is still empty
2024-07-24 10:22:59 INFO  Reusables:53 - output.txt is still empty
2024-07-24 10:22:59 INFO  Reusables:53 - output.txt is still empty
2024-07-24 10:22:59 INFO  Reusables:53 - output.txt is still empty
2024-07-24 10:22:59 INFO  Reusables:53 - output.txt is still empty
2024-07-24 10:22:59 INFO  Reusables:53 - output.txt is still empty
2024-07-24 10:22:59 INFO  Reusables:53 - output.txt is still empty
2024-07-24 10:22:59 INFO  Reusables:53 - output.txt is still empty
2024-07-24 10:22:59 INFO  Reusables:53 - output.txt is still empty
2024-07-24 10:22:59 INFO  Reusables:53 - output.txt is still empty
2024-07-24 10:22:59 INFO  Reusables:53 - output.txt is still empty
2024-07-24 10:22:59 INFO  Reusables:53 - output.txt is still empty
2024-07-24 10:22:59 INFO  Reusables:53 - output.txt is still empty
2024-07-24 10:22:59 INFO  Reusables:53 - output.txt is still empty
2024-07-24 10:22:59 INFO  Reusables:53 - output.txt is still empty
2024-07-24 10:22:59 INFO  Reusables:53 - output.txt is still empty
2024-07-24 10:22:59 INFO  Reusables:53 - output.txt is still empty
2024-07-24 10:22:59 INFO  Reusables:53 - output.txt is still empty
2024-07-24 10:22:59 INFO  Reusables:53 - output.txt is still empty
2024-07-24 10:22:59 INFO  Reusables:53 - output.txt is still empty
2024-07-24 10:22:59 INFO  Reusables:53 - output.txt is still empty
2024-07-24 10:22:59 INFO  Reusables:53 - output.txt is still empty
2024-07-24 10:22:59 INFO  Reusables:53 - output.txt is still empty
2024-07-24 10:22:59 INFO  Reusables:53 - output.txt is still empty
2024-07-24 10:22:59 INFO  Reusables:53 - output.txt is still empty
2024-07-24 10:22:59 INFO  Reusables:53 - output.txt is still empty
2024-07-24 10:22:59 INFO  Reusables:53 - output.txt is still empty
2024-07-24 10:22:59 INFO  Reusables:53 - output.txt is still empty
2024-07-24 10:22:59 INFO  Reusables:53 - output.txt is still empty
2024-07-24 10:22:59 INFO  Reusables:53 - output.txt is still empty
2024-07-24 10:22:59 INFO  Reusables:53 - output.txt is still empty
2024-07-24 10:22:59 INFO  Reusables:53 - output.txt is still empty
2024-07-24 10:22:59 INFO  Reusables:53 - output.txt is still empty
2024-07-24 10:22:59 INFO  Reusables:53 - output.txt is still empty
2024-07-24 10:22:59 INFO  Reusables:53 - output.txt is still empty
2024-07-24 10:22:59 INFO  Reusables:53 - output.txt is still empty
2024-07-24 10:22:59 INFO  Reusables:53 - output.txt is still empty
2024-07-24 10:22:59 INFO  Reusables:53 - output.txt is still empty
2024-07-24 10:22:59 INFO  Reusables:53 - output.txt is still empty
2024-07-24 10:22:59 INFO  Reusables:53 - output.txt is still empty
2024-07-24 10:22:59 INFO  Reusables:53 - output.txt is still empty
2024-07-24 10:22:59 INFO  Reusables:53 - output.txt is still empty
2024-07-24 10:22:59 INFO  Reusables:53 - output.txt is still empty
2024-07-24 10:22:59 INFO  Reusables:53 - output.txt is still empty
2024-07-24 10:22:59 INFO  Reusables:53 - output.txt is still empty
2024-07-24 10:22:59 INFO  Reusables:53 - output.txt is still empty
2024-07-24 10:22:59 INFO  Reusables:53 - output.txt is still empty
2024-07-24 10:22:59 INFO  Reusables:53 - output.txt is still empty
2024-07-24 10:22:59 INFO  Reusables:53 - output.txt is still empty
2024-07-24 10:22:59 INFO  Reusables:53 - output.txt is still empty
2024-07-24 10:22:59 INFO  Reusables:53 - output.txt is still empty
2024-07-24 10:22:59 INFO  Reusables:53 - output.txt is still empty
2024-07-24 10:22:59 INFO  Reusables:53 - output.txt is still empty
2024-07-24 10:22:59 INFO  Reusables:53 - output.txt is still empty
2024-07-24 10:22:59 INFO  Reusables:53 - output.txt is still empty
2024-07-24 10:22:59 INFO  Reusables:53 - output.txt is still empty
2024-07-24 10:22:59 INFO  Reusables:53 - output.txt is still empty
2024-07-24 10:22:59 INFO  Reusables:53 - output.txt is still empty
2024-07-24 10:22:59 INFO  Reusables:53 - output.txt is still empty
2024-07-24 10:22:59 INFO  Reusables:53 - output.txt is still empty
2024-07-24 10:22:59 INFO  Reusables:53 - output.txt is still empty
2024-07-24 10:22:59 INFO  Reusables:53 - output.txt is still empty
2024-07-24 10:22:59 INFO  Reusables:53 - output.txt is still empty
2024-07-24 10:22:59 INFO  Reusables:53 - output.txt is still empty
2024-07-24 10:22:59 INFO  Reusables:53 - output.txt is still empty
2024-07-24 10:22:59 INFO  Reusables:53 - output.txt is still empty
2024-07-24 10:22:59 INFO  Reusables:53 - output.txt is still empty
2024-07-24 10:22:59 INFO  Reusables:53 - output.txt is still empty
2024-07-24 10:22:59 INFO  Reusables:53 - output.txt is still empty
2024-07-24 10:22:59 INFO  Reusables:53 - output.txt is still empty
2024-07-24 10:22:59 INFO  Reusables:53 - output.txt is still empty
2024-07-24 10:22:59 INFO  Reusables:53 - output.txt is still empty
2024-07-24 10:22:59 INFO  Reusables:53 - output.txt is still empty
2024-07-24 10:22:59 INFO  Reusables:53 - output.txt is still empty
2024-07-24 10:22:59 INFO  Reusables:53 - output.txt is still empty
2024-07-24 10:22:59 INFO  Reusables:53 - output.txt is still empty
2024-07-24 10:22:59 INFO  Reusables:53 - output.txt is still empty
2024-07-24 10:22:59 INFO  Reusables:53 - output.txt is still empty
2024-07-24 10:22:59 INFO  Reusables:53 - output.txt is still empty
2024-07-24 10:22:59 INFO  Reusables:53 - output.txt is still empty
2024-07-24 10:22:59 INFO  Reusables:53 - output.txt is still empty
2024-07-24 10:22:59 INFO  Reusables:53 - output.txt is still empty
2024-07-24 10:22:59 INFO  Reusables:53 - output.txt is still empty
2024-07-24 10:22:59 INFO  Reusables:53 - output.txt is still empty
2024-07-24 10:22:59 INFO  Reusables:53 - output.txt is still empty
2024-07-24 10:22:59 INFO  Reusables:53 - output.txt is still empty
2024-07-24 10:22:59 INFO  Reusables:53 - output.txt is still empty
2024-07-24 10:22:59 INFO  Reusables:53 - output.txt is still empty
2024-07-24 10:22:59 INFO  Reusables:53 - output.txt is still empty
2024-07-24 10:22:59 INFO  Reusables:53 - output.txt is still empty
2024-07-24 10:22:59 INFO  Reusables:53 - output.txt is still empty
2024-07-24 10:22:59 INFO  Reusables:53 - output.txt is still empty
2024-07-24 10:22:59 INFO  Reusables:53 - output.txt is still empty
2024-07-24 10:22:59 INFO  Reusables:53 - output.txt is still empty
2024-07-24 10:22:59 INFO  Reusables:53 - output.txt is still empty
2024-07-24 10:22:59 INFO  Reusables:53 - output.txt is still empty
2024-07-24 10:22:59 INFO  Reusables:53 - output.txt is still empty
2024-07-24 10:22:59 INFO  Reusables:53 - output.txt is still empty
2024-07-24 10:22:59 INFO  Reusables:53 - output.txt is still empty
2024-07-24 10:22:59 INFO  Reusables:53 - output.txt is still empty
2024-07-24 10:22:59 INFO  Reusables:53 - output.txt is still empty
2024-07-24 10:22:59 INFO  Reusables:53 - output.txt is still empty
2024-07-24 10:22:59 INFO  Reusables:53 - output.txt is still empty
2024-07-24 10:22:59 INFO  Reusables:53 - output.txt is still empty
2024-07-24 10:22:59 INFO  Reusables:53 - output.txt is still empty
2024-07-24 10:22:59 INFO  Reusables:53 - output.txt is still empty
2024-07-24 10:22:59 INFO  Reusables:53 - output.txt is still empty
2024-07-24 10:22:59 INFO  Reusables:53 - output.txt is still empty
2024-07-24 10:22:59 INFO  Reusables:53 - output.txt is still empty
2024-07-24 10:22:59 INFO  Reusables:53 - output.txt is still empty
2024-07-24 10:22:59 INFO  Reusables:53 - output.txt is still empty
2024-07-24 10:22:59 INFO  Reusables:53 - output.txt is still empty
2024-07-24 10:22:59 INFO  Reusables:53 - output.txt is still empty
2024-07-24 10:22:59 INFO  Reusables:53 - output.txt is still empty
2024-07-24 10:22:59 INFO  Reusables:53 - output.txt is still empty
2024-07-24 10:22:59 INFO  Reusables:53 - output.txt is still empty
2024-07-24 10:22:59 INFO  Reusables:53 - output.txt is still empty
2024-07-24 10:22:59 INFO  Reusables:53 - output.txt is still empty
2024-07-24 10:22:59 INFO  Reusables:53 - output.txt is still empty
2024-07-24 10:22:59 INFO  Reusables:53 - output.txt is still empty
2024-07-24 10:22:59 INFO  Reusables:53 - output.txt is still empty
2024-07-24 10:22:59 INFO  Reusables:53 - output.txt is still empty
2024-07-24 10:22:59 INFO  Reusables:53 - output.txt is still empty
2024-07-24 10:22:59 INFO  Reusables:53 - output.txt is still empty
2024-07-24 10:22:59 INFO  Reusables:53 - output.txt is still empty
2024-07-24 10:22:59 INFO  Reusables:53 - output.txt is still empty
2024-07-24 10:22:59 INFO  Reusables:53 - output.txt is still empty
2024-07-24 10:22:59 INFO  Reusables:53 - output.txt is still empty
2024-07-24 10:22:59 INFO  Reusables:53 - output.txt is still empty
2024-07-24 10:22:59 INFO  Reusables:53 - output.txt is still empty
2024-07-24 10:22:59 INFO  Reusables:53 - output.txt is still empty
2024-07-24 10:22:59 INFO  Reusables:53 - output.txt is still empty
2024-07-24 10:22:59 INFO  Reusables:53 - output.txt is still empty
2024-07-24 10:22:59 INFO  Reusables:53 - output.txt is still empty
2024-07-24 10:22:59 INFO  Reusables:53 - output.txt is still empty
2024-07-24 10:22:59 INFO  Reusables:53 - output.txt is still empty
2024-07-24 10:22:59 INFO  Reusables:53 - output.txt is still empty
2024-07-24 10:22:59 INFO  Reusables:53 - output.txt is still empty
2024-07-24 10:22:59 INFO  Reusables:53 - output.txt is still empty
2024-07-24 10:22:59 INFO  Reusables:53 - output.txt is still empty
2024-07-24 10:22:59 INFO  Reusables:53 - output.txt is still empty
2024-07-24 10:22:59 INFO  Reusables:53 - output.txt is still empty
2024-07-24 10:22:59 INFO  Reusables:53 - output.txt is still empty
2024-07-24 10:22:59 INFO  Reusables:53 - output.txt is still empty
2024-07-24 10:22:59 INFO  Reusables:53 - output.txt is still empty
2024-07-24 10:22:59 INFO  Reusables:53 - output.txt is still empty
2024-07-24 10:22:59 INFO  Reusables:53 - output.txt is still empty
2024-07-24 10:22:59 INFO  Reusables:53 - output.txt is still empty
2024-07-24 10:22:59 INFO  Reusables:53 - output.txt is still empty
2024-07-24 10:22:59 INFO  Reusables:53 - output.txt is still empty
2024-07-24 10:22:59 INFO  Reusables:53 - output.txt is still empty
2024-07-24 10:22:59 INFO  Reusables:53 - output.txt is still empty
2024-07-24 10:22:59 INFO  Reusables:53 - output.txt is still empty
2024-07-24 10:22:59 INFO  Reusables:53 - output.txt is still empty
2024-07-24 10:22:59 INFO  Reusables:53 - output.txt is still empty
2024-07-24 10:22:59 INFO  Reusables:53 - output.txt is still empty
2024-07-24 10:22:59 INFO  Reusables:53 - output.txt is still empty
2024-07-24 10:22:59 INFO  Reusables:53 - output.txt is still empty
2024-07-24 10:22:59 INFO  Reusables:53 - output.txt is still empty
2024-07-24 10:22:59 INFO  Reusables:53 - output.txt is still empty
2024-07-24 10:22:59 INFO  Reusables:53 - output.txt is still empty
2024-07-24 10:22:59 INFO  Reusables:53 - output.txt is still empty
2024-07-24 10:22:59 INFO  Reusables:53 - output.txt is still empty
2024-07-24 10:22:59 INFO  Reusables:53 - output.txt is still empty
2024-07-24 10:22:59 INFO  Reusables:53 - output.txt is still empty
2024-07-24 10:22:59 INFO  Reusables:53 - output.txt is still empty
2024-07-24 10:22:59 INFO  Reusables:53 - output.txt is still empty
2024-07-24 10:22:59 INFO  Reusables:53 - output.txt is still empty
2024-07-24 10:22:59 INFO  Reusables:53 - output.txt is still empty
2024-07-24 10:22:59 INFO  Reusables:53 - output.txt is still empty
2024-07-24 10:22:59 INFO  Reusables:53 - output.txt is still empty
2024-07-24 10:22:59 INFO  Reusables:53 - output.txt is still empty
2024-07-24 10:22:59 INFO  Reusables:53 - output.txt is still empty
2024-07-24 10:22:59 INFO  Reusables:53 - output.txt is still empty
2024-07-24 10:22:59 INFO  Reusables:53 - output.txt is still empty
2024-07-24 10:22:59 INFO  Reusables:53 - output.txt is still empty
2024-07-24 10:22:59 INFO  Reusables:53 - output.txt is still empty
2024-07-24 10:22:59 INFO  Reusables:53 - output.txt is still empty
2024-07-24 10:22:59 INFO  Reusables:53 - output.txt is still empty
2024-07-24 10:22:59 INFO  Reusables:53 - output.txt is still empty
2024-07-24 10:22:59 INFO  Reusables:53 - output.txt is still empty
2024-07-24 10:22:59 INFO  Reusables:53 - output.txt is still empty
2024-07-24 10:22:59 INFO  Reusables:53 - output.txt is still empty
2024-07-24 10:22:59 INFO  Reusables:53 - output.txt is still empty
2024-07-24 10:22:59 INFO  Reusables:53 - output.txt is still empty
2024-07-24 10:22:59 INFO  Reusables:53 - output.txt is still empty
2024-07-24 10:22:59 INFO  Reusables:53 - output.txt is still empty
2024-07-24 10:22:59 INFO  Reusables:53 - output.txt is still empty
2024-07-24 10:22:59 INFO  Reusables:53 - output.txt is still empty
2024-07-24 10:22:59 INFO  Reusables:53 - output.txt is still empty
2024-07-24 10:22:59 INFO  Reusables:53 - output.txt is still empty
2024-07-24 10:22:59 INFO  Reusables:53 - output.txt is still empty
2024-07-24 10:22:59 INFO  Reusables:53 - output.txt is still empty
2024-07-24 10:22:59 INFO  Reusables:53 - output.txt is still empty
2024-07-24 10:22:59 INFO  Reusables:53 - output.txt is still empty
2024-07-24 10:22:59 INFO  Reusables:53 - output.txt is still empty
2024-07-24 10:22:59 INFO  Reusables:53 - output.txt is still empty
2024-07-24 10:22:59 INFO  Reusables:53 - output.txt is still empty
2024-07-24 10:22:59 INFO  Reusables:53 - output.txt is still empty
2024-07-24 10:22:59 INFO  Reusables:53 - output.txt is still empty
2024-07-24 10:22:59 INFO  Reusables:53 - output.txt is still empty
2024-07-24 10:22:59 INFO  Reusables:53 - output.txt is still empty
2024-07-24 10:22:59 INFO  Reusables:53 - output.txt is still empty
2024-07-24 10:22:59 INFO  Reusables:53 - output.txt is still empty
2024-07-24 10:22:59 INFO  Reusables:53 - output.txt is still empty
2024-07-24 10:22:59 INFO  Reusables:53 - output.txt is still empty
2024-07-24 10:22:59 INFO  Reusables:53 - output.txt is still empty
2024-07-24 10:22:59 INFO  Reusables:53 - output.txt is still empty
2024-07-24 10:22:59 INFO  Reusables:53 - output.txt is still empty
2024-07-24 10:22:59 INFO  Reusables:53 - output.txt is still empty
2024-07-24 10:22:59 INFO  Reusables:53 - output.txt is still empty
2024-07-24 10:22:59 INFO  Reusables:53 - output.txt is still empty
2024-07-24 10:22:59 INFO  Reusables:53 - output.txt is still empty
2024-07-24 10:22:59 INFO  Reusables:53 - output.txt is still empty
2024-07-24 10:22:59 INFO  Reusables:53 - output.txt is still empty
2024-07-24 10:22:59 INFO  Reusables:53 - output.txt is still empty
2024-07-24 10:22:59 INFO  Reusables:53 - output.txt is still empty
2024-07-24 10:22:59 INFO  Reusables:53 - output.txt is still empty
2024-07-24 10:22:59 INFO  Reusables:53 - output.txt is still empty
2024-07-24 10:22:59 INFO  Reusables:53 - output.txt is still empty
2024-07-24 10:22:59 INFO  Reusables:53 - output.txt is still empty
2024-07-24 10:22:59 INFO  Reusables:53 - output.txt is still empty
2024-07-24 10:22:59 INFO  Reusables:53 - output.txt is still empty
2024-07-24 10:22:59 INFO  Reusables:53 - output.txt is still empty
2024-07-24 10:22:59 INFO  Reusables:53 - output.txt is still empty
2024-07-24 10:22:59 INFO  Reusables:53 - output.txt is still empty
2024-07-24 10:22:59 INFO  Reusables:53 - output.txt is still empty
2024-07-24 10:22:59 INFO  Reusables:53 - output.txt is still empty
2024-07-24 10:22:59 INFO  Reusables:53 - output.txt is still empty
2024-07-24 10:22:59 INFO  Reusables:53 - output.txt is still empty
2024-07-24 10:22:59 INFO  Reusables:53 - output.txt is still empty
2024-07-24 10:22:59 INFO  Reusables:53 - output.txt is still empty
2024-07-24 10:22:59 INFO  Reusables:53 - output.txt is still empty
2024-07-24 10:22:59 INFO  Reusables:53 - output.txt is still empty
2024-07-24 10:22:59 INFO  Reusables:53 - output.txt is still empty
2024-07-24 10:22:59 INFO  Reusables:53 - output.txt is still empty
2024-07-24 10:22:59 INFO  Reusables:53 - output.txt is still empty
2024-07-24 10:22:59 INFO  Reusables:53 - output.txt is still empty
2024-07-24 10:22:59 INFO  Reusables:53 - output.txt is still empty
2024-07-24 10:22:59 INFO  Reusables:53 - output.txt is still empty
2024-07-24 10:22:59 INFO  Reusables:53 - output.txt is still empty
2024-07-24 10:22:59 INFO  Reusables:53 - output.txt is still empty
2024-07-24 10:22:59 INFO  Reusables:53 - output.txt is still empty
2024-07-24 10:22:59 INFO  Reusables:53 - output.txt is still empty
2024-07-24 10:22:59 INFO  Reusables:53 - output.txt is still empty
2024-07-24 10:22:59 INFO  Reusables:53 - output.txt is still empty
2024-07-24 10:22:59 INFO  Reusables:53 - output.txt is still empty
2024-07-24 10:22:59 INFO  Reusables:53 - output.txt is still empty
2024-07-24 10:22:59 INFO  Reusables:53 - output.txt is still empty
2024-07-24 10:22:59 INFO  Reusables:53 - output.txt is still empty
2024-07-24 10:22:59 INFO  Reusables:53 - output.txt is still empty
2024-07-24 10:22:59 INFO  Reusables:53 - output.txt is still empty
2024-07-24 10:22:59 INFO  Reusables:53 - output.txt is still empty
2024-07-24 10:22:59 INFO  Reusables:53 - output.txt is still empty
2024-07-24 10:22:59 INFO  Reusables:53 - output.txt is still empty
2024-07-24 10:22:59 INFO  Reusables:53 - output.txt is still empty
2024-07-24 10:22:59 INFO  Reusables:53 - output.txt is still empty
2024-07-24 10:22:59 INFO  Reusables:53 - output.txt is still empty
2024-07-24 10:22:59 INFO  Reusables:53 - output.txt is still empty
2024-07-24 10:22:59 INFO  Reusables:53 - output.txt is still empty
2024-07-24 10:22:59 INFO  Reusables:53 - output.txt is still empty
2024-07-24 10:22:59 INFO  Reusables:53 - output.txt is still empty
2024-07-24 10:22:59 INFO  Reusables:53 - output.txt is still empty
2024-07-24 10:22:59 INFO  Reusables:53 - output.txt is still empty
2024-07-24 10:22:59 INFO  Reusables:53 - output.txt is still empty
2024-07-24 10:22:59 INFO  Reusables:53 - output.txt is still empty
2024-07-24 10:22:59 INFO  Reusables:53 - output.txt is still empty
2024-07-24 10:22:59 INFO  Reusables:53 - output.txt is still empty
2024-07-24 10:22:59 INFO  Reusables:53 - output.txt is still empty
2024-07-24 10:22:59 INFO  Reusables:53 - output.txt is still empty
2024-07-24 10:22:59 INFO  Reusables:53 - output.txt is still empty
2024-07-24 10:22:59 INFO  Reusables:53 - output.txt is still empty
2024-07-24 10:22:59 INFO  Reusables:53 - output.txt is still empty
2024-07-24 10:22:59 INFO  Reusables:53 - output.txt is still empty
2024-07-24 10:22:59 INFO  Reusables:53 - output.txt is still empty
2024-07-24 10:22:59 INFO  Reusables:53 - output.txt is still empty
2024-07-24 10:22:59 INFO  Reusables:53 - output.txt is still empty
2024-07-24 10:22:59 INFO  Reusables:53 - output.txt is still empty
2024-07-24 10:22:59 INFO  Reusables:53 - output.txt is still empty
2024-07-24 10:22:59 INFO  Reusables:53 - output.txt is still empty
2024-07-24 10:22:59 INFO  Reusables:53 - output.txt is still empty
2024-07-24 10:22:59 INFO  Reusables:53 - output.txt is still empty
2024-07-24 10:22:59 INFO  Reusables:53 - output.txt is still empty
2024-07-24 10:22:59 INFO  Reusables:53 - output.txt is still empty
2024-07-24 10:22:59 INFO  Reusables:53 - output.txt is still empty
2024-07-24 10:22:59 INFO  Reusables:53 - output.txt is still empty
2024-07-24 10:22:59 INFO  Reusables:53 - output.txt is still empty
2024-07-24 10:22:59 INFO  Reusables:53 - output.txt is still empty
2024-07-24 10:22:59 INFO  Reusables:53 - output.txt is still empty
2024-07-24 10:22:59 INFO  Reusables:53 - output.txt is still empty
2024-07-24 10:22:59 INFO  Reusables:53 - output.txt is still empty
2024-07-24 10:22:59 INFO  Reusables:53 - output.txt is still empty
2024-07-24 10:22:59 INFO  Reusables:53 - output.txt is still empty
2024-07-24 10:22:59 INFO  Reusables:53 - output.txt is still empty
2024-07-24 10:22:59 INFO  Reusables:53 - output.txt is still empty
2024-07-24 10:22:59 INFO  Reusables:53 - output.txt is still empty
2024-07-24 10:22:59 INFO  Reusables:53 - output.txt is still empty
2024-07-24 10:22:59 INFO  Reusables:53 - output.txt is still empty
2024-07-24 10:22:59 INFO  Reusables:53 - output.txt is still empty
2024-07-24 10:22:59 INFO  Reusables:53 - output.txt is still empty
2024-07-24 10:22:59 INFO  Reusables:53 - output.txt is still empty
2024-07-24 10:22:59 INFO  Reusables:53 - output.txt is still empty
2024-07-24 10:22:59 INFO  Reusables:53 - output.txt is still empty
2024-07-24 10:22:59 INFO  Reusables:53 - output.txt is still empty
2024-07-24 10:22:59 INFO  Reusables:53 - output.txt is still empty
2024-07-24 10:22:59 INFO  Reusables:53 - output.txt is still empty
2024-07-24 10:22:59 INFO  Reusables:53 - output.txt is still empty
2024-07-24 10:22:59 INFO  Reusables:53 - output.txt is still empty
2024-07-24 10:22:59 INFO  Reusables:53 - output.txt is still empty
2024-07-24 10:22:59 INFO  Reusables:53 - output.txt is still empty
2024-07-24 10:22:59 INFO  Reusables:53 - output.txt is still empty
2024-07-24 10:22:59 INFO  Reusables:53 - output.txt is still empty
2024-07-24 10:22:59 INFO  Reusables:53 - output.txt is still empty
2024-07-24 10:22:59 INFO  Reusables:53 - output.txt is still empty
2024-07-24 10:22:59 INFO  Reusables:53 - output.txt is still empty
2024-07-24 10:22:59 INFO  Reusables:53 - output.txt is still empty
2024-07-24 10:22:59 INFO  Reusables:53 - output.txt is still empty
2024-07-24 10:22:59 INFO  Reusables:53 - output.txt is still empty
2024-07-24 10:22:59 INFO  Reusables:53 - output.txt is still empty
2024-07-24 10:22:59 INFO  Reusables:53 - output.txt is still empty
2024-07-24 10:22:59 INFO  Reusables:53 - output.txt is still empty
2024-07-24 10:22:59 INFO  Reusables:53 - output.txt is still empty
2024-07-24 10:22:59 INFO  Reusables:53 - output.txt is still empty
2024-07-24 10:22:59 INFO  Reusables:53 - output.txt is still empty
2024-07-24 10:22:59 INFO  Reusables:53 - output.txt is still empty
2024-07-24 10:22:59 INFO  Reusables:53 - output.txt is still empty
2024-07-24 10:22:59 INFO  Reusables:53 - output.txt is still empty
2024-07-24 10:22:59 INFO  Reusables:53 - output.txt is still empty
2024-07-24 10:22:59 INFO  Reusables:53 - output.txt is still empty
2024-07-24 10:22:59 INFO  Reusables:53 - output.txt is still empty
2024-07-24 10:22:59 INFO  Reusables:53 - output.txt is still empty
2024-07-24 10:22:59 INFO  Reusables:53 - output.txt is still empty
2024-07-24 10:22:59 INFO  Reusables:53 - output.txt is still empty
2024-07-24 10:22:59 INFO  Reusables:53 - output.txt is still empty
2024-07-24 10:22:59 INFO  Reusables:53 - output.txt is still empty
2024-07-24 10:22:59 INFO  Reusables:53 - output.txt is still empty
2024-07-24 10:22:59 INFO  Reusables:53 - output.txt is still empty
2024-07-24 10:22:59 INFO  Reusables:53 - output.txt is still empty
2024-07-24 10:22:59 INFO  Reusables:53 - output.txt is still empty
2024-07-24 10:22:59 INFO  Reusables:53 - output.txt is still empty
2024-07-24 10:22:59 INFO  Reusables:53 - output.txt is still empty
2024-07-24 10:22:59 INFO  Reusables:53 - output.txt is still empty
2024-07-24 10:22:59 INFO  Reusables:53 - output.txt is still empty
2024-07-24 10:22:59 INFO  Reusables:53 - output.txt is still empty
2024-07-24 10:22:59 INFO  Reusables:53 - output.txt is still empty
2024-07-24 10:22:59 INFO  Reusables:53 - output.txt is still empty
2024-07-24 10:22:59 INFO  Reusables:53 - output.txt is still empty
2024-07-24 10:22:59 INFO  Reusables:53 - output.txt is still empty
2024-07-24 10:22:59 INFO  Reusables:53 - output.txt is still empty
2024-07-24 10:22:59 INFO  Reusables:53 - output.txt is still empty
2024-07-24 10:22:59 INFO  Reusables:53 - output.txt is still empty
2024-07-24 10:22:59 INFO  Reusables:53 - output.txt is still empty
2024-07-24 10:22:59 INFO  Reusables:53 - output.txt is still empty
2024-07-24 10:22:59 INFO  Reusables:53 - output.txt is still empty
2024-07-24 10:22:59 INFO  Reusables:53 - output.txt is still empty
2024-07-24 10:22:59 INFO  Reusables:53 - output.txt is still empty
2024-07-24 10:22:59 INFO  Reusables:53 - output.txt is still empty
2024-07-24 10:22:59 INFO  Reusables:53 - output.txt is still empty
2024-07-24 10:22:59 INFO  Reusables:53 - output.txt is still empty
2024-07-24 10:22:59 INFO  Reusables:53 - output.txt is still empty
2024-07-24 10:22:59 INFO  Reusables:53 - output.txt is still empty
2024-07-24 10:22:59 INFO  Reusables:53 - output.txt is still empty
2024-07-24 10:22:59 INFO  Reusables:53 - output.txt is still empty
2024-07-24 10:22:59 INFO  Reusables:53 - output.txt is still empty
2024-07-24 10:22:59 INFO  Reusables:53 - output.txt is still empty
2024-07-24 10:22:59 INFO  Reusables:53 - output.txt is still empty
2024-07-24 10:22:59 INFO  Reusables:53 - output.txt is still empty
2024-07-24 10:22:59 INFO  Reusables:53 - output.txt is still empty
2024-07-24 10:22:59 INFO  Reusables:53 - output.txt is still empty
2024-07-24 10:22:59 INFO  Reusables:53 - output.txt is still empty
2024-07-24 10:22:59 INFO  Reusables:53 - output.txt is still empty
2024-07-24 10:22:59 INFO  Reusables:53 - output.txt is still empty
2024-07-24 10:22:59 INFO  Reusables:53 - output.txt is still empty
2024-07-24 10:22:59 INFO  Reusables:53 - output.txt is still empty
2024-07-24 10:22:59 INFO  Reusables:53 - output.txt is still empty
2024-07-24 10:22:59 INFO  Reusables:53 - output.txt is still empty
2024-07-24 10:22:59 INFO  Reusables:53 - output.txt is still empty
2024-07-24 10:22:59 INFO  Reusables:53 - output.txt is still empty
2024-07-24 10:22:59 INFO  Reusables:53 - output.txt is still empty
2024-07-24 10:22:59 INFO  Reusables:53 - output.txt is still empty
2024-07-24 10:22:59 INFO  Reusables:53 - output.txt is still empty
2024-07-24 10:22:59 INFO  Reusables:53 - output.txt is still empty
2024-07-24 10:22:59 INFO  Reusables:53 - output.txt is still empty
2024-07-24 10:22:59 INFO  Reusables:53 - output.txt is still empty
2024-07-24 10:22:59 INFO  Reusables:53 - output.txt is still empty
2024-07-24 10:22:59 INFO  Reusables:53 - output.txt is still empty
2024-07-24 10:22:59 INFO  Reusables:53 - output.txt is still empty
2024-07-24 10:22:59 INFO  Reusables:53 - output.txt is still empty
2024-07-24 10:22:59 INFO  Reusables:53 - output.txt is still empty
2024-07-24 10:22:59 INFO  Reusables:53 - output.txt is still empty
2024-07-24 10:22:59 INFO  Reusables:53 - output.txt is still empty
2024-07-24 10:22:59 INFO  Reusables:53 - output.txt is still empty
2024-07-24 10:22:59 INFO  Reusables:53 - output.txt is still empty
2024-07-24 10:22:59 INFO  Reusables:53 - output.txt is still empty
2024-07-24 10:22:59 INFO  Reusables:53 - output.txt is still empty
2024-07-24 10:22:59 INFO  Reusables:53 - output.txt is still empty
2024-07-24 10:22:59 INFO  Reusables:53 - output.txt is still empty
2024-07-24 10:22:59 INFO  Reusables:53 - output.txt is still empty
2024-07-24 10:22:59 INFO  Reusables:53 - output.txt is still empty
2024-07-24 10:22:59 INFO  Reusables:53 - output.txt is still empty
2024-07-24 10:22:59 INFO  Reusables:53 - output.txt is still empty
2024-07-24 10:22:59 INFO  Reusables:53 - output.txt is still empty
2024-07-24 10:22:59 INFO  Reusables:53 - output.txt is still empty
2024-07-24 10:22:59 INFO  Reusables:53 - output.txt is still empty
2024-07-24 10:22:59 INFO  Reusables:53 - output.txt is still empty
2024-07-24 10:22:59 INFO  Reusables:53 - output.txt is still empty
2024-07-24 10:22:59 INFO  Reusables:53 - output.txt is still empty
2024-07-24 10:22:59 INFO  Reusables:53 - output.txt is still empty
2024-07-24 10:22:59 INFO  Reusables:53 - output.txt is still empty
2024-07-24 10:22:59 INFO  Reusables:53 - output.txt is still empty
2024-07-24 10:22:59 INFO  Reusables:53 - output.txt is still empty
2024-07-24 10:22:59 INFO  Reusables:53 - output.txt is still empty
2024-07-24 10:22:59 INFO  Reusables:53 - output.txt is still empty
2024-07-24 10:22:59 INFO  Reusables:53 - output.txt is still empty
2024-07-24 10:22:59 INFO  Reusables:53 - output.txt is still empty
2024-07-24 10:22:59 INFO  Reusables:53 - output.txt is still empty
2024-07-24 10:22:59 INFO  Reusables:53 - output.txt is still empty
2024-07-24 10:22:59 INFO  Reusables:53 - output.txt is still empty
2024-07-24 10:22:59 INFO  Reusables:53 - output.txt is still empty
2024-07-24 10:22:59 INFO  Reusables:53 - output.txt is still empty
2024-07-24 10:22:59 INFO  Reusables:53 - output.txt is still empty
2024-07-24 10:22:59 INFO  Reusables:53 - output.txt is still empty
2024-07-24 10:22:59 INFO  Reusables:53 - output.txt is still empty
2024-07-24 10:22:59 INFO  Reusables:53 - output.txt is still empty
2024-07-24 10:22:59 INFO  Reusables:53 - output.txt is still empty
2024-07-24 10:22:59 INFO  Reusables:53 - output.txt is still empty
2024-07-24 10:22:59 INFO  Reusables:53 - output.txt is still empty
2024-07-24 10:22:59 INFO  Reusables:53 - output.txt is still empty
2024-07-24 10:22:59 INFO  Reusables:53 - output.txt is still empty
2024-07-24 10:22:59 INFO  Reusables:53 - output.txt is still empty
2024-07-24 10:22:59 INFO  Reusables:53 - output.txt is still empty
2024-07-24 10:22:59 INFO  Reusables:53 - output.txt is still empty
2024-07-24 10:22:59 INFO  Reusables:53 - output.txt is still empty
2024-07-24 10:22:59 INFO  Reusables:53 - output.txt is still empty
2024-07-24 10:22:59 INFO  Reusables:53 - output.txt is still empty
2024-07-24 10:22:59 INFO  Reusables:53 - output.txt is still empty
2024-07-24 10:22:59 INFO  Reusables:53 - output.txt is still empty
2024-07-24 10:22:59 INFO  Reusables:53 - output.txt is still empty
2024-07-24 10:22:59 INFO  Reusables:53 - output.txt is still empty
2024-07-24 10:22:59 INFO  Reusables:53 - output.txt is still empty
2024-07-24 10:22:59 INFO  Reusables:53 - output.txt is still empty
2024-07-24 10:22:59 INFO  Reusables:53 - output.txt is still empty
2024-07-24 10:22:59 INFO  Reusables:53 - output.txt is still empty
2024-07-24 10:22:59 INFO  Reusables:53 - output.txt is still empty
2024-07-24 10:22:59 INFO  Reusables:53 - output.txt is still empty
2024-07-24 10:22:59 INFO  Reusables:53 - output.txt is still empty
2024-07-24 10:22:59 INFO  Reusables:53 - output.txt is still empty
2024-07-24 10:22:59 INFO  Reusables:53 - output.txt is still empty
2024-07-24 10:22:59 INFO  Reusables:53 - output.txt is still empty
2024-07-24 10:22:59 INFO  Reusables:53 - output.txt is still empty
2024-07-24 10:22:59 INFO  Reusables:53 - output.txt is still empty
2024-07-24 10:22:59 INFO  Reusables:53 - output.txt is still empty
2024-07-24 10:22:59 INFO  Reusables:53 - output.txt is still empty
2024-07-24 10:22:59 INFO  Reusables:53 - output.txt is still empty
2024-07-24 10:22:59 INFO  Reusables:53 - output.txt is still empty
2024-07-24 10:22:59 INFO  Reusables:53 - output.txt is still empty
2024-07-24 10:22:59 INFO  Reusables:53 - output.txt is still empty
2024-07-24 10:22:59 INFO  Reusables:53 - output.txt is still empty
2024-07-24 10:22:59 INFO  Reusables:53 - output.txt is still empty
2024-07-24 10:22:59 INFO  Reusables:53 - output.txt is still empty
2024-07-24 10:22:59 INFO  Reusables:53 - output.txt is still empty
2024-07-24 10:22:59 INFO  Reusables:53 - output.txt is still empty
2024-07-24 10:22:59 INFO  Reusables:53 - output.txt is still empty
2024-07-24 10:22:59 INFO  Reusables:53 - output.txt is still empty
2024-07-24 10:22:59 INFO  Reusables:53 - output.txt is still empty
2024-07-24 10:22:59 INFO  Reusables:53 - output.txt is still empty
2024-07-24 10:22:59 INFO  Reusables:53 - output.txt is still empty
2024-07-24 10:22:59 INFO  Reusables:53 - output.txt is still empty
2024-07-24 10:22:59 INFO  Reusables:53 - output.txt is still empty
2024-07-24 10:22:59 INFO  Reusables:53 - output.txt is still empty
2024-07-24 10:22:59 INFO  Reusables:53 - output.txt is still empty
2024-07-24 10:22:59 INFO  Reusables:53 - output.txt is still empty
2024-07-24 10:22:59 INFO  Reusables:53 - output.txt is still empty
2024-07-24 10:22:59 INFO  Reusables:53 - output.txt is still empty
2024-07-24 10:22:59 INFO  Reusables:53 - output.txt is still empty
2024-07-24 10:22:59 INFO  Reusables:53 - output.txt is still empty
2024-07-24 10:22:59 INFO  Reusables:53 - output.txt is still empty
2024-07-24 10:22:59 INFO  Reusables:53 - output.txt is still empty
2024-07-24 10:22:59 INFO  Reusables:53 - output.txt is still empty
2024-07-24 10:22:59 INFO  Reusables:53 - output.txt is still empty
2024-07-24 10:22:59 INFO  Reusables:53 - output.txt is still empty
2024-07-24 10:22:59 INFO  Reusables:53 - output.txt is still empty
2024-07-24 10:22:59 INFO  Reusables:53 - output.txt is still empty
2024-07-24 10:22:59 INFO  Reusables:53 - output.txt is still empty
2024-07-24 10:22:59 INFO  Reusables:53 - output.txt is still empty
2024-07-24 10:22:59 INFO  Reusables:53 - output.txt is still empty
2024-07-24 10:22:59 INFO  Reusables:53 - output.txt is still empty
2024-07-24 10:22:59 INFO  Reusables:53 - output.txt is still empty
2024-07-24 10:22:59 INFO  Reusables:53 - output.txt is still empty
2024-07-24 10:22:59 INFO  Reusables:53 - output.txt is still empty
2024-07-24 10:22:59 INFO  Reusables:53 - output.txt is still empty
2024-07-24 10:22:59 INFO  Reusables:53 - output.txt is still empty
2024-07-24 10:22:59 INFO  Reusables:53 - output.txt is still empty
2024-07-24 10:22:59 INFO  Reusables:53 - output.txt is still empty
2024-07-24 10:22:59 INFO  Reusables:53 - output.txt is still empty
2024-07-24 10:22:59 INFO  Reusables:53 - output.txt is still empty
2024-07-24 10:22:59 INFO  Reusables:53 - output.txt is still empty
2024-07-24 10:22:59 INFO  Reusables:53 - output.txt is still empty
2024-07-24 10:22:59 INFO  Reusables:53 - output.txt is still empty
2024-07-24 10:22:59 INFO  Reusables:53 - output.txt is still empty
2024-07-24 10:22:59 INFO  Reusables:53 - output.txt is still empty
2024-07-24 10:22:59 INFO  Reusables:53 - output.txt is still empty
2024-07-24 10:22:59 INFO  Reusables:53 - output.txt is still empty
2024-07-24 10:22:59 INFO  Reusables:53 - output.txt is still empty
2024-07-24 10:22:59 INFO  Reusables:53 - output.txt is still empty
2024-07-24 10:22:59 INFO  Reusables:53 - output.txt is still empty
2024-07-24 10:22:59 INFO  Reusables:53 - output.txt is still empty
2024-07-24 10:22:59 INFO  Reusables:53 - output.txt is still empty
2024-07-24 10:22:59 INFO  Reusables:53 - output.txt is still empty
2024-07-24 10:22:59 INFO  Reusables:53 - output.txt is still empty
2024-07-24 10:22:59 INFO  Reusables:53 - output.txt is still empty
2024-07-24 10:22:59 INFO  Reusables:53 - output.txt is still empty
2024-07-24 10:22:59 INFO  Reusables:53 - output.txt is still empty
2024-07-24 10:22:59 INFO  Reusables:53 - output.txt is still empty
2024-07-24 10:22:59 INFO  Reusables:53 - output.txt is still empty
2024-07-24 10:22:59 INFO  Reusables:53 - output.txt is still empty
2024-07-24 10:22:59 INFO  Reusables:53 - output.txt is still empty
2024-07-24 10:22:59 INFO  Reusables:53 - output.txt is still empty
2024-07-24 10:22:59 INFO  Reusables:53 - output.txt is still empty
2024-07-24 10:22:59 INFO  Reusables:53 - output.txt is still empty
2024-07-24 10:22:59 INFO  Reusables:53 - output.txt is still empty
2024-07-24 10:22:59 INFO  Reusables:53 - output.txt is still empty
2024-07-24 10:22:59 INFO  Reusables:53 - output.txt is still empty
2024-07-24 10:22:59 INFO  Reusables:53 - output.txt is still empty
2024-07-24 10:22:59 INFO  Reusables:53 - output.txt is still empty
2024-07-24 10:22:59 INFO  Reusables:53 - output.txt is still empty
2024-07-24 10:22:59 INFO  Reusables:53 - output.txt is still empty
2024-07-24 10:22:59 INFO  Reusables:53 - output.txt is still empty
2024-07-24 10:22:59 INFO  Reusables:53 - output.txt is still empty
2024-07-24 10:22:59 INFO  Reusables:53 - output.txt is still empty
2024-07-24 10:22:59 INFO  Reusables:53 - output.txt is still empty
2024-07-24 10:22:59 INFO  Reusables:53 - output.txt is still empty
2024-07-24 10:22:59 INFO  Reusables:53 - output.txt is still empty
2024-07-24 10:22:59 INFO  Reusables:53 - output.txt is still empty
2024-07-24 10:22:59 INFO  Reusables:53 - output.txt is still empty
2024-07-24 10:22:59 INFO  Reusables:53 - output.txt is still empty
2024-07-24 10:22:59 INFO  Reusables:53 - output.txt is still empty
2024-07-24 10:22:59 INFO  Reusables:53 - output.txt is still empty
2024-07-24 10:22:59 INFO  Reusables:53 - output.txt is still empty
2024-07-24 10:22:59 INFO  Reusables:53 - output.txt is still empty
2024-07-24 10:22:59 INFO  Reusables:53 - output.txt is still empty
2024-07-24 10:22:59 INFO  Reusables:53 - output.txt is still empty
2024-07-24 10:22:59 INFO  Reusables:53 - output.txt is still empty
2024-07-24 10:22:59 INFO  Reusables:53 - output.txt is still empty
2024-07-24 10:22:59 INFO  Reusables:53 - output.txt is still empty
2024-07-24 10:22:59 INFO  Reusables:53 - output.txt is still empty
2024-07-24 10:22:59 INFO  Reusables:53 - output.txt is still empty
2024-07-24 10:22:59 INFO  Reusables:53 - output.txt is still empty
2024-07-24 10:22:59 INFO  Reusables:53 - output.txt is still empty
2024-07-24 10:22:59 INFO  Reusables:53 - output.txt is still empty
2024-07-24 10:22:59 INFO  Reusables:53 - output.txt is still empty
2024-07-24 10:22:59 INFO  Reusables:53 - output.txt is still empty
2024-07-24 10:22:59 INFO  Reusables:53 - output.txt is still empty
2024-07-24 10:22:59 INFO  Reusables:53 - output.txt is still empty
2024-07-24 10:22:59 INFO  Reusables:53 - output.txt is still empty
2024-07-24 10:22:59 INFO  Reusables:53 - output.txt is still empty
2024-07-24 10:22:59 INFO  Reusables:53 - output.txt is still empty
2024-07-24 10:22:59 INFO  Reusables:53 - output.txt is still empty
2024-07-24 10:22:59 INFO  Reusables:53 - output.txt is still empty
2024-07-24 10:22:59 INFO  Reusables:53 - output.txt is still empty
2024-07-24 10:22:59 INFO  Reusables:53 - output.txt is still empty
2024-07-24 10:22:59 INFO  Reusables:53 - output.txt is still empty
2024-07-24 10:22:59 INFO  Reusables:53 - output.txt is still empty
2024-07-24 10:22:59 INFO  Reusables:53 - output.txt is still empty
2024-07-24 10:22:59 INFO  Reusables:53 - output.txt is still empty
2024-07-24 10:22:59 INFO  Reusables:53 - output.txt is still empty
2024-07-24 10:22:59 INFO  Reusables:53 - output.txt is still empty
2024-07-24 10:22:59 INFO  Reusables:53 - output.txt is still empty
2024-07-24 10:22:59 INFO  Reusables:53 - output.txt is still empty
2024-07-24 10:22:59 INFO  Reusables:53 - output.txt is still empty
2024-07-24 10:22:59 INFO  Reusables:53 - output.txt is still empty
2024-07-24 10:22:59 INFO  Reusables:53 - output.txt is still empty
2024-07-24 10:22:59 INFO  Reusables:53 - output.txt is still empty
2024-07-24 10:22:59 INFO  Reusables:53 - output.txt is still empty
2024-07-24 10:22:59 INFO  Reusables:53 - output.txt is still empty
2024-07-24 10:22:59 INFO  Reusables:53 - output.txt is still empty
2024-07-24 10:22:59 INFO  Reusables:53 - output.txt is still empty
2024-07-24 10:22:59 INFO  Reusables:53 - output.txt is still empty
2024-07-24 10:22:59 INFO  Reusables:53 - output.txt is still empty
2024-07-24 10:22:59 INFO  Reusables:53 - output.txt is still empty
2024-07-24 10:22:59 INFO  Reusables:53 - output.txt is still empty
2024-07-24 10:22:59 INFO  Reusables:53 - output.txt is still empty
2024-07-24 10:22:59 INFO  Reusables:53 - output.txt is still empty
2024-07-24 10:22:59 INFO  Reusables:53 - output.txt is still empty
2024-07-24 10:22:59 INFO  Reusables:53 - output.txt is still empty
2024-07-24 10:22:59 INFO  Reusables:53 - output.txt is still empty
2024-07-24 10:22:59 INFO  Reusables:53 - output.txt is still empty
2024-07-24 10:22:59 INFO  Reusables:53 - output.txt is still empty
2024-07-24 10:22:59 INFO  Reusables:53 - output.txt is still empty
2024-07-24 10:22:59 INFO  Reusables:53 - output.txt is still empty
2024-07-24 10:22:59 INFO  Reusables:53 - output.txt is still empty
2024-07-24 10:22:59 INFO  Reusables:53 - output.txt is still empty
2024-07-24 10:22:59 INFO  Reusables:53 - output.txt is still empty
2024-07-24 10:22:59 INFO  Reusables:53 - output.txt is still empty
2024-07-24 10:22:59 INFO  Reusables:53 - output.txt is still empty
2024-07-24 10:22:59 INFO  Reusables:53 - output.txt is still empty
2024-07-24 10:22:59 INFO  Reusables:53 - output.txt is still empty
2024-07-24 10:22:59 INFO  Reusables:53 - output.txt is still empty
2024-07-24 10:22:59 INFO  Reusables:53 - output.txt is still empty
2024-07-24 10:22:59 INFO  Reusables:53 - output.txt is still empty
2024-07-24 10:22:59 INFO  Reusables:53 - output.txt is still empty
2024-07-24 10:22:59 INFO  Reusables:53 - output.txt is still empty
2024-07-24 10:22:59 INFO  Reusables:53 - output.txt is still empty
2024-07-24 10:22:59 INFO  Reusables:53 - output.txt is still empty
2024-07-24 10:22:59 INFO  Reusables:53 - output.txt is still empty
2024-07-24 10:22:59 INFO  Reusables:53 - output.txt is still empty
2024-07-24 10:22:59 INFO  Reusables:53 - output.txt is still empty
2024-07-24 10:22:59 INFO  Reusables:53 - output.txt is still empty
2024-07-24 10:22:59 INFO  Reusables:53 - output.txt is still empty
2024-07-24 10:22:59 INFO  Reusables:53 - output.txt is still empty
2024-07-24 10:22:59 INFO  Reusables:53 - output.txt is still empty
2024-07-24 10:22:59 INFO  Reusables:53 - output.txt is still empty
2024-07-24 10:22:59 INFO  Reusables:53 - output.txt is still empty
2024-07-24 10:22:59 INFO  Reusables:53 - output.txt is still empty
2024-07-24 10:22:59 INFO  Reusables:53 - output.txt is still empty
2024-07-24 10:22:59 INFO  Reusables:53 - output.txt is still empty
2024-07-24 10:22:59 INFO  Reusables:53 - output.txt is still empty
2024-07-24 10:22:59 INFO  Reusables:53 - output.txt is still empty
2024-07-24 10:22:59 INFO  Reusables:53 - output.txt is still empty
2024-07-24 10:22:59 INFO  Reusables:53 - output.txt is still empty
2024-07-24 10:22:59 INFO  Reusables:53 - output.txt is still empty
2024-07-24 10:22:59 INFO  Reusables:53 - output.txt is still empty
2024-07-24 10:22:59 INFO  Reusables:53 - output.txt is still empty
2024-07-24 10:22:59 INFO  Reusables:53 - output.txt is still empty
2024-07-24 10:22:59 INFO  Reusables:53 - output.txt is still empty
2024-07-24 10:22:59 INFO  Reusables:53 - output.txt is still empty
2024-07-24 10:22:59 INFO  Reusables:53 - output.txt is still empty
2024-07-24 10:22:59 INFO  Reusables:53 - output.txt is still empty
2024-07-24 10:22:59 INFO  Reusables:53 - output.txt is still empty
2024-07-24 10:22:59 INFO  Reusables:53 - output.txt is still empty
2024-07-24 10:22:59 INFO  Reusables:53 - output.txt is still empty
2024-07-24 10:22:59 INFO  Reusables:53 - output.txt is still empty
2024-07-24 10:22:59 INFO  Reusables:53 - output.txt is still empty
2024-07-24 10:22:59 INFO  Reusables:53 - output.txt is still empty
2024-07-24 10:22:59 INFO  Reusables:53 - output.txt is still empty
2024-07-24 10:22:59 INFO  Reusables:53 - output.txt is still empty
2024-07-24 10:22:59 INFO  Reusables:53 - output.txt is still empty
2024-07-24 10:22:59 INFO  Reusables:53 - output.txt is still empty
2024-07-24 10:22:59 INFO  Reusables:53 - output.txt is still empty
2024-07-24 10:22:59 INFO  Reusables:53 - output.txt is still empty
2024-07-24 10:22:59 INFO  Reusables:53 - output.txt is still empty
2024-07-24 10:22:59 INFO  Reusables:53 - output.txt is still empty
2024-07-24 10:22:59 INFO  Reusables:53 - output.txt is still empty
2024-07-24 10:22:59 INFO  Reusables:53 - output.txt is still empty
2024-07-24 10:22:59 INFO  Reusables:53 - output.txt is still empty
2024-07-24 10:22:59 INFO  Reusables:53 - output.txt is still empty
2024-07-24 10:22:59 INFO  Reusables:53 - output.txt is still empty
2024-07-24 10:22:59 INFO  Reusables:53 - output.txt is still empty
2024-07-24 10:22:59 INFO  Reusables:53 - output.txt is still empty
2024-07-24 10:22:59 INFO  Reusables:53 - output.txt is still empty
2024-07-24 10:22:59 INFO  Reusables:53 - output.txt is still empty
2024-07-24 10:22:59 INFO  Reusables:53 - output.txt is still empty
2024-07-24 10:22:59 INFO  Reusables:53 - output.txt is still empty
2024-07-24 10:22:59 INFO  Reusables:53 - output.txt is still empty
2024-07-24 10:22:59 INFO  Reusables:53 - output.txt is still empty
2024-07-24 10:22:59 INFO  Reusables:53 - output.txt is still empty
2024-07-24 10:22:59 INFO  Reusables:53 - output.txt is still empty
2024-07-24 10:22:59 INFO  Reusables:53 - output.txt is still empty
2024-07-24 10:22:59 INFO  Reusables:53 - output.txt is still empty
2024-07-24 10:22:59 INFO  Reusables:53 - output.txt is still empty
2024-07-24 10:22:59 INFO  Reusables:53 - output.txt is still empty
2024-07-24 10:22:59 INFO  Reusables:53 - output.txt is still empty
2024-07-24 10:22:59 INFO  Reusables:53 - output.txt is still empty
2024-07-24 10:22:59 INFO  Reusables:53 - output.txt is still empty
2024-07-24 10:22:59 INFO  Reusables:53 - output.txt is still empty
2024-07-24 10:22:59 INFO  Reusables:53 - output.txt is still empty
2024-07-24 10:22:59 INFO  Reusables:53 - output.txt is still empty
2024-07-24 10:22:59 INFO  Reusables:53 - output.txt is still empty
2024-07-24 10:22:59 INFO  Reusables:53 - output.txt is still empty
2024-07-24 10:22:59 INFO  Reusables:53 - output.txt is still empty
2024-07-24 10:22:59 INFO  Reusables:53 - output.txt is still empty
2024-07-24 10:22:59 INFO  Reusables:53 - output.txt is still empty
2024-07-24 10:22:59 INFO  Reusables:53 - output.txt is still empty
2024-07-24 10:22:59 INFO  Reusables:53 - output.txt is still empty
2024-07-24 10:22:59 INFO  Reusables:53 - output.txt is still empty
2024-07-24 10:22:59 INFO  Reusables:53 - output.txt is still empty
2024-07-24 10:22:59 INFO  Reusables:53 - output.txt is still empty
2024-07-24 10:22:59 INFO  Reusables:53 - output.txt is still empty
2024-07-24 10:22:59 INFO  Reusables:53 - output.txt is still empty
2024-07-24 10:22:59 INFO  Reusables:53 - output.txt is still empty
2024-07-24 10:22:59 INFO  Reusables:53 - output.txt is still empty
2024-07-24 10:22:59 INFO  Reusables:53 - output.txt is still empty
2024-07-24 10:22:59 INFO  Reusables:53 - output.txt is still empty
2024-07-24 10:22:59 INFO  Reusables:53 - output.txt is still empty
2024-07-24 10:22:59 INFO  Reusables:53 - output.txt is still empty
2024-07-24 10:22:59 INFO  Reusables:53 - output.txt is still empty
2024-07-24 10:22:59 INFO  Reusables:53 - output.txt is still empty
2024-07-24 10:22:59 INFO  Reusables:53 - output.txt is still empty
2024-07-24 10:22:59 INFO  Reusables:53 - output.txt is still empty
2024-07-24 10:22:59 INFO  Reusables:53 - output.txt is still empty
2024-07-24 10:22:59 INFO  Reusables:53 - output.txt is still empty
2024-07-24 10:22:59 INFO  Reusables:53 - output.txt is still empty
2024-07-24 10:22:59 INFO  Reusables:53 - output.txt is still empty
2024-07-24 10:22:59 INFO  Reusables:53 - output.txt is still empty
2024-07-24 10:22:59 INFO  Reusables:53 - output.txt is still empty
2024-07-24 10:22:59 INFO  Reusables:53 - output.txt is still empty
2024-07-24 10:22:59 INFO  Reusables:53 - output.txt is still empty
2024-07-24 10:22:59 INFO  Reusables:53 - output.txt is still empty
2024-07-24 10:22:59 INFO  Reusables:53 - output.txt is still empty
2024-07-24 10:22:59 INFO  Reusables:53 - output.txt is still empty
2024-07-24 10:22:59 INFO  Reusables:53 - output.txt is still empty
2024-07-24 10:22:59 INFO  Reusables:53 - output.txt is still empty
2024-07-24 10:22:59 INFO  Reusables:53 - output.txt is still empty
2024-07-24 10:22:59 INFO  Reusables:53 - output.txt is still empty
2024-07-24 10:22:59 INFO  Reusables:53 - output.txt is still empty
2024-07-24 10:22:59 INFO  Reusables:53 - output.txt is still empty
2024-07-24 10:22:59 INFO  Reusables:53 - output.txt is still empty
2024-07-24 10:22:59 INFO  Reusables:53 - output.txt is still empty
2024-07-24 10:22:59 INFO  Reusables:53 - output.txt is still empty
2024-07-24 10:22:59 INFO  Reusables:53 - output.txt is still empty
2024-07-24 10:22:59 INFO  Reusables:53 - output.txt is still empty
2024-07-24 10:22:59 INFO  Reusables:53 - output.txt is still empty
2024-07-24 10:22:59 INFO  Reusables:53 - output.txt is still empty
2024-07-24 10:22:59 INFO  Reusables:53 - output.txt is still empty
2024-07-24 10:22:59 INFO  Reusables:53 - output.txt is still empty
2024-07-24 10:22:59 INFO  Reusables:53 - output.txt is still empty
2024-07-24 10:22:59 INFO  Reusables:53 - output.txt is still empty
2024-07-24 10:22:59 INFO  Reusables:53 - output.txt is still empty
2024-07-24 10:22:59 INFO  Reusables:53 - output.txt is still empty
2024-07-24 10:22:59 INFO  Reusables:53 - output.txt is still empty
2024-07-24 10:22:59 INFO  Reusables:53 - output.txt is still empty
2024-07-24 10:22:59 INFO  Reusables:53 - output.txt is still empty
2024-07-24 10:22:59 INFO  Reusables:53 - output.txt is still empty
2024-07-24 10:22:59 INFO  Reusables:53 - output.txt is still empty
2024-07-24 10:22:59 INFO  Reusables:53 - output.txt is still empty
2024-07-24 10:22:59 INFO  Reusables:53 - output.txt is still empty
2024-07-24 10:22:59 INFO  Reusables:53 - output.txt is still empty
2024-07-24 10:22:59 INFO  Reusables:53 - output.txt is still empty
2024-07-24 10:22:59 INFO  Reusables:53 - output.txt is still empty
2024-07-24 10:22:59 INFO  Reusables:53 - output.txt is still empty
2024-07-24 10:22:59 INFO  Reusables:53 - output.txt is still empty
2024-07-24 10:22:59 INFO  Reusables:53 - output.txt is still empty
2024-07-24 10:22:59 INFO  Reusables:53 - output.txt is still empty
2024-07-24 10:22:59 INFO  Reusables:53 - output.txt is still empty
2024-07-24 10:22:59 INFO  Reusables:53 - output.txt is still empty
2024-07-24 10:22:59 INFO  Reusables:53 - output.txt is still empty
2024-07-24 10:22:59 INFO  Reusables:53 - output.txt is still empty
2024-07-24 10:22:59 INFO  Reusables:53 - output.txt is still empty
2024-07-24 10:22:59 INFO  Reusables:53 - output.txt is still empty
2024-07-24 10:22:59 INFO  Reusables:53 - output.txt is still empty
2024-07-24 10:22:59 INFO  Reusables:53 - output.txt is still empty
2024-07-24 10:22:59 INFO  Reusables:53 - output.txt is still empty
2024-07-24 10:22:59 INFO  Reusables:53 - output.txt is still empty
2024-07-24 10:22:59 INFO  Reusables:53 - output.txt is still empty
2024-07-24 10:22:59 INFO  Reusables:53 - output.txt is still empty
2024-07-24 10:22:59 INFO  Reusables:53 - output.txt is still empty
2024-07-24 10:22:59 INFO  Reusables:53 - output.txt is still empty
2024-07-24 10:22:59 INFO  Reusables:53 - output.txt is still empty
2024-07-24 10:22:59 INFO  Reusables:53 - output.txt is still empty
2024-07-24 10:22:59 INFO  Reusables:53 - output.txt is still empty
2024-07-24 10:22:59 INFO  Reusables:53 - output.txt is still empty
2024-07-24 10:22:59 INFO  Reusables:53 - output.txt is still empty
2024-07-24 10:22:59 INFO  Reusables:53 - output.txt is still empty
2024-07-24 10:22:59 INFO  Reusables:53 - output.txt is still empty
2024-07-24 10:22:59 INFO  Reusables:53 - output.txt is still empty
2024-07-24 10:22:59 INFO  Reusables:53 - output.txt is still empty
2024-07-24 10:22:59 INFO  Reusables:53 - output.txt is still empty
2024-07-24 10:22:59 INFO  Reusables:53 - output.txt is still empty
2024-07-24 10:22:59 INFO  Reusables:53 - output.txt is still empty
2024-07-24 10:22:59 INFO  Reusables:53 - output.txt is still empty
2024-07-24 10:22:59 INFO  Reusables:53 - output.txt is still empty
2024-07-24 10:22:59 INFO  Reusables:53 - output.txt is still empty
2024-07-24 10:22:59 INFO  Reusables:53 - output.txt is still empty
2024-07-24 10:22:59 INFO  Reusables:53 - output.txt is still empty
2024-07-24 10:22:59 INFO  Reusables:53 - output.txt is still empty
2024-07-24 10:22:59 INFO  Reusables:53 - output.txt is still empty
2024-07-24 10:22:59 INFO  Reusables:53 - output.txt is still empty
2024-07-24 10:22:59 INFO  Reusables:53 - output.txt is still empty
2024-07-24 10:22:59 INFO  Reusables:53 - output.txt is still empty
2024-07-24 10:22:59 INFO  Reusables:53 - output.txt is still empty
2024-07-24 10:22:59 INFO  Reusables:53 - output.txt is still empty
2024-07-24 10:22:59 INFO  Reusables:53 - output.txt is still empty
2024-07-24 10:22:59 INFO  Reusables:53 - output.txt is still empty
2024-07-24 10:22:59 INFO  Reusables:53 - output.txt is still empty
2024-07-24 10:22:59 INFO  Reusables:53 - output.txt is still empty
2024-07-24 10:22:59 INFO  Reusables:53 - output.txt is still empty
2024-07-24 10:22:59 INFO  Reusables:53 - output.txt is still empty
2024-07-24 10:22:59 INFO  Reusables:53 - output.txt is still empty
2024-07-24 10:22:59 INFO  Reusables:53 - output.txt is still empty
2024-07-24 10:22:59 INFO  Reusables:53 - output.txt is still empty
2024-07-24 10:22:59 INFO  Reusables:53 - output.txt is still empty
2024-07-24 10:22:59 INFO  Reusables:53 - output.txt is still empty
2024-07-24 10:22:59 INFO  Reusables:53 - output.txt is still empty
2024-07-24 10:22:59 INFO  Reusables:53 - output.txt is still empty
2024-07-24 10:22:59 INFO  Reusables:53 - output.txt is still empty
2024-07-24 10:22:59 INFO  Reusables:53 - output.txt is still empty
2024-07-24 10:22:59 INFO  Reusables:53 - output.txt is still empty
2024-07-24 10:22:59 INFO  Reusables:53 - output.txt is still empty
2024-07-24 10:22:59 INFO  Reusables:53 - output.txt is still empty
2024-07-24 10:22:59 INFO  Reusables:53 - output.txt is still empty
2024-07-24 10:22:59 INFO  Reusables:53 - output.txt is still empty
2024-07-24 10:22:59 INFO  Reusables:53 - output.txt is still empty
2024-07-24 10:22:59 INFO  Reusables:53 - output.txt is still empty
2024-07-24 10:22:59 INFO  Reusables:53 - output.txt is still empty
2024-07-24 10:22:59 INFO  Reusables:53 - output.txt is still empty
2024-07-24 10:22:59 INFO  Reusables:53 - output.txt is still empty
2024-07-24 10:22:59 INFO  Reusables:53 - output.txt is still empty
2024-07-24 10:22:59 INFO  Reusables:53 - output.txt is still empty
2024-07-24 10:22:59 INFO  Reusables:53 - output.txt is still empty
2024-07-24 10:22:59 INFO  Reusables:53 - output.txt is still empty
2024-07-24 10:22:59 INFO  Reusables:53 - output.txt is still empty
2024-07-24 10:22:59 INFO  Reusables:53 - output.txt is still empty
2024-07-24 10:22:59 INFO  Reusables:53 - output.txt is still empty
2024-07-24 10:22:59 INFO  Reusables:53 - output.txt is still empty
2024-07-24 10:22:59 INFO  Reusables:53 - output.txt is still empty
2024-07-24 10:22:59 INFO  Reusables:53 - output.txt is still empty
2024-07-24 10:22:59 INFO  Reusables:53 - output.txt is still empty
2024-07-24 10:22:59 INFO  Reusables:53 - output.txt is still empty
2024-07-24 10:22:59 INFO  Reusables:53 - output.txt is still empty
2024-07-24 10:22:59 INFO  Reusables:53 - output.txt is still empty
2024-07-24 10:22:59 INFO  Reusables:53 - output.txt is still empty
2024-07-24 10:22:59 INFO  Reusables:53 - output.txt is still empty
2024-07-24 10:22:59 INFO  Reusables:53 - output.txt is still empty
2024-07-24 10:22:59 INFO  Reusables:53 - output.txt is still empty
2024-07-24 10:22:59 INFO  Reusables:53 - output.txt is still empty
2024-07-24 10:22:59 INFO  Reusables:53 - output.txt is still empty
2024-07-24 10:22:59 INFO  Reusables:53 - output.txt is still empty
2024-07-24 10:22:59 INFO  Reusables:53 - output.txt is still empty
2024-07-24 10:22:59 INFO  Reusables:53 - output.txt is still empty
2024-07-24 10:22:59 INFO  Reusables:53 - output.txt is still empty
2024-07-24 10:22:59 INFO  Reusables:53 - output.txt is still empty
2024-07-24 10:22:59 INFO  Reusables:53 - output.txt is still empty
2024-07-24 10:22:59 INFO  Reusables:53 - output.txt is still empty
2024-07-24 10:22:59 INFO  Reusables:53 - output.txt is still empty
2024-07-24 10:22:59 INFO  Reusables:53 - output.txt is still empty
2024-07-24 10:22:59 INFO  Reusables:53 - output.txt is still empty
2024-07-24 10:22:59 INFO  Reusables:53 - output.txt is still empty
2024-07-24 10:22:59 INFO  Reusables:53 - output.txt is still empty
2024-07-24 10:22:59 INFO  Reusables:53 - output.txt is still empty
2024-07-24 10:22:59 INFO  Reusables:53 - output.txt is still empty
2024-07-24 10:22:59 INFO  Reusables:53 - output.txt is still empty
2024-07-24 10:22:59 INFO  Reusables:53 - output.txt is still empty
2024-07-24 10:22:59 INFO  Reusables:53 - output.txt is still empty
2024-07-24 10:22:59 INFO  Reusables:53 - output.txt is still empty
2024-07-24 10:22:59 INFO  Reusables:53 - output.txt is still empty
2024-07-24 10:22:59 INFO  Reusables:53 - output.txt is still empty
2024-07-24 10:22:59 INFO  Reusables:53 - output.txt is still empty
2024-07-24 10:22:59 INFO  Reusables:53 - output.txt is still empty
2024-07-24 10:22:59 INFO  Reusables:53 - output.txt is still empty
2024-07-24 10:22:59 INFO  Reusables:53 - output.txt is still empty
2024-07-24 10:22:59 INFO  Reusables:53 - output.txt is still empty
2024-07-24 10:22:59 INFO  Reusables:53 - output.txt is still empty
2024-07-24 10:22:59 INFO  Reusables:53 - output.txt is still empty
2024-07-24 10:22:59 INFO  Reusables:53 - output.txt is still empty
2024-07-24 10:22:59 INFO  Reusables:53 - output.txt is still empty
2024-07-24 10:22:59 INFO  Reusables:53 - output.txt is still empty
2024-07-24 10:22:59 INFO  Reusables:53 - output.txt is still empty
2024-07-24 10:22:59 INFO  Reusables:53 - output.txt is still empty
2024-07-24 10:22:59 INFO  Reusables:53 - output.txt is still empty
2024-07-24 10:22:59 INFO  Reusables:53 - output.txt is still empty
2024-07-24 10:22:59 INFO  Reusables:53 - output.txt is still empty
2024-07-24 10:22:59 INFO  Reusables:53 - output.txt is still empty
2024-07-24 10:22:59 INFO  Reusables:53 - output.txt is still empty
2024-07-24 10:22:59 INFO  Reusables:53 - output.txt is still empty
2024-07-24 10:22:59 INFO  Reusables:53 - output.txt is still empty
2024-07-24 10:22:59 INFO  Reusables:53 - output.txt is still empty
2024-07-24 10:22:59 INFO  Reusables:53 - output.txt is still empty
2024-07-24 10:22:59 INFO  Reusables:53 - output.txt is still empty
2024-07-24 10:22:59 INFO  Reusables:53 - output.txt is still empty
2024-07-24 10:22:59 INFO  Reusables:53 - output.txt is still empty
2024-07-24 10:22:59 INFO  Reusables:53 - output.txt is still empty
2024-07-24 10:22:59 INFO  Reusables:53 - output.txt is still empty
2024-07-24 10:22:59 INFO  Reusables:53 - output.txt is still empty
2024-07-24 10:22:59 INFO  Reusables:53 - output.txt is still empty
2024-07-24 10:22:59 INFO  Reusables:53 - output.txt is still empty
2024-07-24 10:22:59 INFO  Reusables:53 - output.txt is still empty
2024-07-24 10:22:59 INFO  Reusables:53 - output.txt is still empty
2024-07-24 10:22:59 INFO  Reusables:53 - output.txt is still empty
2024-07-24 10:22:59 INFO  Reusables:53 - output.txt is still empty
2024-07-24 10:22:59 INFO  Reusables:53 - output.txt is still empty
2024-07-24 10:22:59 INFO  Reusables:53 - output.txt is still empty
2024-07-24 10:22:59 INFO  Reusables:53 - output.txt is still empty
2024-07-24 10:22:59 INFO  Reusables:53 - output.txt is still empty
2024-07-24 10:22:59 INFO  Reusables:53 - output.txt is still empty
2024-07-24 10:22:59 INFO  Reusables:53 - output.txt is still empty
2024-07-24 10:22:59 INFO  Reusables:53 - output.txt is still empty
2024-07-24 10:22:59 INFO  Reusables:53 - output.txt is still empty
2024-07-24 10:22:59 INFO  Reusables:53 - output.txt is still empty
2024-07-24 10:22:59 INFO  Reusables:53 - output.txt is still empty
2024-07-24 10:22:59 INFO  Reusables:53 - output.txt is still empty
2024-07-24 10:22:59 INFO  Reusables:53 - output.txt is still empty
2024-07-24 10:22:59 INFO  Reusables:53 - output.txt is still empty
2024-07-24 10:22:59 INFO  Reusables:53 - output.txt is still empty
2024-07-24 10:22:59 INFO  Reusables:53 - output.txt is still empty
2024-07-24 10:22:59 INFO  Reusables:53 - output.txt is still empty
2024-07-24 10:22:59 INFO  Reusables:53 - output.txt is still empty
2024-07-24 10:22:59 INFO  Reusables:53 - output.txt is still empty
2024-07-24 10:22:59 INFO  Reusables:53 - output.txt is still empty
2024-07-24 10:22:59 INFO  Reusables:53 - output.txt is still empty
2024-07-24 10:22:59 INFO  Reusables:53 - output.txt is still empty
2024-07-24 10:22:59 INFO  Reusables:53 - output.txt is still empty
2024-07-24 10:22:59 INFO  Reusables:53 - output.txt is still empty
2024-07-24 10:22:59 INFO  Reusables:53 - output.txt is still empty
2024-07-24 10:22:59 INFO  Reusables:53 - output.txt is still empty
2024-07-24 10:22:59 INFO  Reusables:53 - output.txt is still empty
2024-07-24 10:22:59 INFO  Reusables:53 - output.txt is still empty
2024-07-24 10:22:59 INFO  Reusables:53 - output.txt is still empty
2024-07-24 10:22:59 INFO  Reusables:53 - output.txt is still empty
2024-07-24 10:22:59 INFO  Reusables:53 - output.txt is still empty
2024-07-24 10:22:59 INFO  Reusables:53 - output.txt is still empty
2024-07-24 10:22:59 INFO  Reusables:53 - output.txt is still empty
2024-07-24 10:22:59 INFO  Reusables:53 - output.txt is still empty
2024-07-24 10:22:59 INFO  Reusables:53 - output.txt is still empty
2024-07-24 10:22:59 INFO  Reusables:53 - output.txt is still empty
2024-07-24 10:22:59 INFO  Reusables:53 - output.txt is still empty
2024-07-24 10:22:59 INFO  Reusables:53 - output.txt is still empty
2024-07-24 10:22:59 INFO  Reusables:53 - output.txt is still empty
2024-07-24 10:22:59 INFO  Reusables:53 - output.txt is still empty
2024-07-24 10:22:59 INFO  Reusables:53 - output.txt is still empty
2024-07-24 10:22:59 INFO  Reusables:53 - output.txt is still empty
2024-07-24 10:22:59 INFO  Reusables:53 - output.txt is still empty
2024-07-24 10:22:59 INFO  Reusables:53 - output.txt is still empty
2024-07-24 10:22:59 INFO  Reusables:53 - output.txt is still empty
2024-07-24 10:22:59 INFO  Reusables:53 - output.txt is still empty
2024-07-24 10:22:59 INFO  Reusables:53 - output.txt is still empty
2024-07-24 10:22:59 INFO  Reusables:53 - output.txt is still empty
2024-07-24 10:22:59 INFO  Reusables:53 - output.txt is still empty
2024-07-24 10:22:59 INFO  Reusables:53 - output.txt is still empty
2024-07-24 10:22:59 INFO  Reusables:53 - output.txt is still empty
2024-07-24 10:22:59 INFO  Reusables:53 - output.txt is still empty
2024-07-24 10:22:59 INFO  Reusables:53 - output.txt is still empty
2024-07-24 10:22:59 INFO  Reusables:53 - output.txt is still empty
2024-07-24 10:22:59 INFO  Reusables:53 - output.txt is still empty
2024-07-24 10:22:59 INFO  Reusables:53 - output.txt is still empty
2024-07-24 10:22:59 INFO  Reusables:53 - output.txt is still empty
2024-07-24 10:22:59 INFO  Reusables:53 - output.txt is still empty
2024-07-24 10:22:59 INFO  Reusables:53 - output.txt is still empty
2024-07-24 10:22:59 INFO  Reusables:53 - output.txt is still empty
2024-07-24 10:22:59 INFO  Reusables:53 - output.txt is still empty
2024-07-24 10:22:59 INFO  Reusables:53 - output.txt is still empty
2024-07-24 10:22:59 INFO  Reusables:53 - output.txt is still empty
2024-07-24 10:22:59 INFO  Reusables:53 - output.txt is still empty
2024-07-24 10:22:59 INFO  Reusables:53 - output.txt is still empty
2024-07-24 10:22:59 INFO  Reusables:53 - output.txt is still empty
2024-07-24 10:22:59 INFO  Reusables:53 - output.txt is still empty
2024-07-24 10:22:59 INFO  Reusables:53 - output.txt is still empty
2024-07-24 10:22:59 INFO  Reusables:53 - output.txt is still empty
2024-07-24 10:22:59 INFO  Reusables:53 - output.txt is still empty
2024-07-24 10:22:59 INFO  Reusables:53 - output.txt is still empty
2024-07-24 10:22:59 INFO  Reusables:53 - output.txt is still empty
2024-07-24 10:22:59 INFO  Reusables:53 - output.txt is still empty
2024-07-24 10:22:59 INFO  Reusables:53 - output.txt is still empty
2024-07-24 10:22:59 INFO  Reusables:53 - output.txt is still empty
2024-07-24 10:22:59 INFO  Reusables:53 - output.txt is still empty
2024-07-24 10:22:59 INFO  Reusables:53 - output.txt is still empty
2024-07-24 10:22:59 INFO  Reusables:53 - output.txt is still empty
2024-07-24 10:22:59 INFO  Reusables:53 - output.txt is still empty
2024-07-24 10:22:59 INFO  Reusables:53 - output.txt is still empty
2024-07-24 10:22:59 INFO  Reusables:53 - output.txt is still empty
2024-07-24 10:22:59 INFO  Reusables:53 - output.txt is still empty
2024-07-24 10:22:59 INFO  Reusables:53 - output.txt is still empty
2024-07-24 10:22:59 INFO  Reusables:53 - output.txt is still empty
2024-07-24 10:22:59 INFO  Reusables:53 - output.txt is still empty
2024-07-24 10:22:59 INFO  Reusables:53 - output.txt is still empty
2024-07-24 10:22:59 INFO  Reusables:53 - output.txt is still empty
2024-07-24 10:22:59 INFO  Reusables:53 - output.txt is still empty
2024-07-24 10:22:59 INFO  Reusables:53 - output.txt is still empty
2024-07-24 10:22:59 INFO  Reusables:53 - output.txt is still empty
2024-07-24 10:22:59 INFO  Reusables:53 - output.txt is still empty
2024-07-24 10:22:59 INFO  Reusables:53 - output.txt is still empty
2024-07-24 10:22:59 INFO  Reusables:53 - output.txt is still empty
2024-07-24 10:22:59 INFO  Reusables:53 - output.txt is still empty
2024-07-24 10:22:59 INFO  Reusables:53 - output.txt is still empty
2024-07-24 10:22:59 INFO  Reusables:53 - output.txt is still empty
2024-07-24 10:22:59 INFO  Reusables:53 - output.txt is still empty
2024-07-24 10:22:59 INFO  Reusables:53 - output.txt is still empty
2024-07-24 10:22:59 INFO  Reusables:53 - output.txt is still empty
2024-07-24 10:22:59 INFO  Reusables:53 - output.txt is still empty
2024-07-24 10:22:59 INFO  Reusables:53 - output.txt is still empty
2024-07-24 10:22:59 INFO  Reusables:53 - output.txt is still empty
2024-07-24 10:22:59 INFO  Reusables:53 - output.txt is still empty
2024-07-24 10:22:59 INFO  Reusables:53 - output.txt is still empty
2024-07-24 10:22:59 INFO  Reusables:53 - output.txt is still empty
2024-07-24 10:22:59 INFO  Reusables:53 - output.txt is still empty
2024-07-24 10:22:59 INFO  Reusables:53 - output.txt is still empty
2024-07-24 10:22:59 INFO  Reusables:53 - output.txt is still empty
2024-07-24 10:22:59 INFO  Reusables:53 - output.txt is still empty
2024-07-24 10:22:59 INFO  Reusables:53 - output.txt is still empty
2024-07-24 10:22:59 INFO  Reusables:53 - output.txt is still empty
2024-07-24 10:22:59 INFO  Reusables:53 - output.txt is still empty
2024-07-24 10:22:59 INFO  Reusables:53 - output.txt is still empty
2024-07-24 10:22:59 INFO  Reusables:53 - output.txt is still empty
2024-07-24 10:22:59 INFO  Reusables:53 - output.txt is still empty
2024-07-24 10:22:59 INFO  Reusables:53 - output.txt is still empty
2024-07-24 10:22:59 INFO  Reusables:53 - output.txt is still empty
2024-07-24 10:22:59 INFO  Reusables:53 - output.txt is still empty
2024-07-24 10:22:59 INFO  Reusables:53 - output.txt is still empty
2024-07-24 10:22:59 INFO  Reusables:53 - output.txt is still empty
2024-07-24 10:22:59 INFO  Reusables:53 - output.txt is still empty
2024-07-24 10:22:59 INFO  Reusables:53 - output.txt is still empty
2024-07-24 10:22:59 INFO  Reusables:53 - output.txt is still empty
2024-07-24 10:22:59 INFO  Reusables:53 - output.txt is still empty
2024-07-24 10:22:59 INFO  Reusables:53 - output.txt is still empty
2024-07-24 10:22:59 INFO  Reusables:53 - output.txt is still empty
2024-07-24 10:22:59 INFO  Reusables:53 - output.txt is still empty
2024-07-24 10:22:59 INFO  Reusables:53 - output.txt is still empty
2024-07-24 10:22:59 INFO  Reusables:53 - output.txt is still empty
2024-07-24 10:22:59 INFO  Reusables:53 - output.txt is still empty
2024-07-24 10:22:59 INFO  Reusables:53 - output.txt is still empty
2024-07-24 10:22:59 INFO  Reusables:53 - output.txt is still empty
2024-07-24 10:22:59 INFO  Reusables:53 - output.txt is still empty
2024-07-24 10:22:59 INFO  Reusables:53 - output.txt is still empty
2024-07-24 10:22:59 INFO  Reusables:53 - output.txt is still empty
2024-07-24 10:22:59 INFO  Reusables:53 - output.txt is still empty
2024-07-24 10:22:59 INFO  Reusables:53 - output.txt is still empty
2024-07-24 10:22:59 INFO  Reusables:53 - output.txt is still empty
2024-07-24 10:22:59 INFO  Reusables:53 - output.txt is still empty
2024-07-24 10:22:59 INFO  Reusables:53 - output.txt is still empty
2024-07-24 10:22:59 INFO  Reusables:53 - output.txt is still empty
2024-07-24 10:22:59 INFO  Reusables:53 - output.txt is still empty
2024-07-24 10:22:59 INFO  Reusables:53 - output.txt is still empty
2024-07-24 10:22:59 INFO  Reusables:53 - output.txt is still empty
2024-07-24 10:22:59 INFO  Reusables:53 - output.txt is still empty
2024-07-24 10:22:59 INFO  Reusables:53 - output.txt is still empty
2024-07-24 10:22:59 INFO  Reusables:53 - output.txt is still empty
2024-07-24 10:22:59 INFO  Reusables:53 - output.txt is still empty
2024-07-24 10:22:59 INFO  Reusables:53 - output.txt is still empty
2024-07-24 10:22:59 INFO  Reusables:53 - output.txt is still empty
2024-07-24 10:22:59 INFO  Reusables:53 - output.txt is still empty
2024-07-24 10:22:59 INFO  Reusables:53 - output.txt is still empty
2024-07-24 10:22:59 INFO  Reusables:53 - output.txt is still empty
2024-07-24 10:22:59 INFO  Reusables:53 - output.txt is still empty
2024-07-24 10:22:59 INFO  Reusables:53 - output.txt is still empty
2024-07-24 10:22:59 INFO  Reusables:53 - output.txt is still empty
2024-07-24 10:22:59 INFO  Reusables:53 - output.txt is still empty
2024-07-24 10:22:59 INFO  Reusables:53 - output.txt is still empty
2024-07-24 10:22:59 INFO  Reusables:53 - output.txt is still empty
2024-07-24 10:22:59 INFO  Reusables:53 - output.txt is still empty
2024-07-24 10:22:59 INFO  Reusables:53 - output.txt is still empty
2024-07-24 10:22:59 INFO  Reusables:53 - output.txt is still empty
2024-07-24 10:22:59 INFO  Reusables:53 - output.txt is still empty
2024-07-24 10:22:59 INFO  Reusables:53 - output.txt is still empty
2024-07-24 10:22:59 INFO  Reusables:53 - output.txt is still empty
2024-07-24 10:22:59 INFO  Reusables:53 - output.txt is still empty
2024-07-24 10:22:59 INFO  Reusables:53 - output.txt is still empty
2024-07-24 10:22:59 INFO  Reusables:53 - output.txt is still empty
2024-07-24 10:22:59 INFO  Reusables:53 - output.txt is still empty
2024-07-24 10:22:59 INFO  Reusables:53 - output.txt is still empty
2024-07-24 10:22:59 INFO  Reusables:53 - output.txt is still empty
2024-07-24 10:22:59 INFO  Reusables:53 - output.txt is still empty
2024-07-24 10:22:59 INFO  Reusables:53 - output.txt is still empty
2024-07-24 10:22:59 INFO  Reusables:53 - output.txt is still empty
2024-07-24 10:22:59 INFO  Reusables:53 - output.txt is still empty
2024-07-24 10:22:59 INFO  Reusables:53 - output.txt is still empty
2024-07-24 10:22:59 INFO  Reusables:53 - output.txt is still empty
2024-07-24 10:22:59 INFO  Reusables:53 - output.txt is still empty
2024-07-24 10:22:59 INFO  Reusables:53 - output.txt is still empty
2024-07-24 10:22:59 INFO  Reusables:53 - output.txt is still empty
2024-07-24 10:22:59 INFO  Reusables:53 - output.txt is still empty
2024-07-24 10:22:59 INFO  Reusables:53 - output.txt is still empty
2024-07-24 10:22:59 INFO  Reusables:53 - output.txt is still empty
2024-07-24 10:22:59 INFO  Reusables:53 - output.txt is still empty
2024-07-24 10:22:59 INFO  Reusables:53 - output.txt is still empty
2024-07-24 10:22:59 INFO  Reusables:53 - output.txt is still empty
2024-07-24 10:22:59 INFO  Reusables:53 - output.txt is still empty
2024-07-24 10:22:59 INFO  Reusables:53 - output.txt is still empty
2024-07-24 10:22:59 INFO  Reusables:53 - output.txt is still empty
2024-07-24 10:22:59 INFO  Reusables:53 - output.txt is still empty
2024-07-24 10:22:59 INFO  Reusables:53 - output.txt is still empty
2024-07-24 10:22:59 INFO  Reusables:53 - output.txt is still empty
2024-07-24 10:22:59 INFO  Reusables:53 - output.txt is still empty
2024-07-24 10:22:59 INFO  Reusables:53 - output.txt is still empty
2024-07-24 10:22:59 INFO  Reusables:53 - output.txt is still empty
2024-07-24 10:22:59 INFO  Reusables:53 - output.txt is still empty
2024-07-24 10:22:59 INFO  Reusables:53 - output.txt is still empty
2024-07-24 10:22:59 INFO  Reusables:53 - output.txt is still empty
2024-07-24 10:22:59 INFO  Reusables:53 - output.txt is still empty
2024-07-24 10:22:59 INFO  Reusables:53 - output.txt is still empty
2024-07-24 10:22:59 INFO  Reusables:53 - output.txt is still empty
2024-07-24 10:22:59 INFO  Reusables:53 - output.txt is still empty
2024-07-24 10:22:59 INFO  Reusables:53 - output.txt is still empty
2024-07-24 10:22:59 INFO  Reusables:53 - output.txt is still empty
2024-07-24 10:22:59 INFO  Reusables:53 - output.txt is still empty
2024-07-24 10:22:59 INFO  Reusables:53 - output.txt is still empty
2024-07-24 10:22:59 INFO  Reusables:53 - output.txt is still empty
2024-07-24 10:22:59 INFO  Reusables:53 - output.txt is still empty
2024-07-24 10:22:59 INFO  Reusables:53 - output.txt is still empty
2024-07-24 10:22:59 INFO  Reusables:53 - output.txt is still empty
2024-07-24 10:22:59 INFO  Reusables:53 - output.txt is still empty
2024-07-24 10:22:59 INFO  Reusables:53 - output.txt is still empty
2024-07-24 10:22:59 INFO  Reusables:53 - output.txt is still empty
2024-07-24 10:22:59 INFO  Reusables:53 - output.txt is still empty
2024-07-24 10:22:59 INFO  Reusables:53 - output.txt is still empty
2024-07-24 10:22:59 INFO  Reusables:53 - output.txt is still empty
2024-07-24 10:22:59 INFO  Reusables:53 - output.txt is still empty
2024-07-24 10:22:59 INFO  Reusables:53 - output.txt is still empty
2024-07-24 10:22:59 INFO  Reusables:53 - output.txt is still empty
2024-07-24 10:22:59 INFO  Reusables:53 - output.txt is still empty
2024-07-24 10:22:59 INFO  Reusables:53 - output.txt is still empty
2024-07-24 10:22:59 INFO  Reusables:53 - output.txt is still empty
2024-07-24 10:22:59 INFO  Reusables:53 - output.txt is still empty
2024-07-24 10:22:59 INFO  Reusables:53 - output.txt is still empty
2024-07-24 10:22:59 INFO  Reusables:53 - output.txt is still empty
2024-07-24 10:22:59 INFO  Reusables:53 - output.txt is still empty
2024-07-24 10:22:59 INFO  Reusables:53 - output.txt is still empty
2024-07-24 10:22:59 INFO  Reusables:53 - output.txt is still empty
2024-07-24 10:22:59 INFO  Reusables:53 - output.txt is still empty
2024-07-24 10:22:59 INFO  Reusables:53 - output.txt is still empty
2024-07-24 10:22:59 INFO  Reusables:53 - output.txt is still empty
2024-07-24 10:22:59 INFO  Reusables:53 - output.txt is still empty
2024-07-24 10:22:59 INFO  Reusables:53 - output.txt is still empty
2024-07-24 10:22:59 INFO  Reusables:53 - output.txt is still empty
2024-07-24 10:22:59 INFO  Reusables:53 - output.txt is still empty
2024-07-24 10:22:59 INFO  Reusables:53 - output.txt is still empty
2024-07-24 10:22:59 INFO  Reusables:53 - output.txt is still empty
2024-07-24 10:22:59 INFO  Reusables:53 - output.txt is still empty
2024-07-24 10:22:59 INFO  Reusables:53 - output.txt is still empty
2024-07-24 10:22:59 INFO  Reusables:53 - output.txt is still empty
2024-07-24 10:22:59 INFO  Reusables:53 - output.txt is still empty
2024-07-24 10:22:59 INFO  Reusables:53 - output.txt is still empty
2024-07-24 10:22:59 INFO  Reusables:53 - output.txt is still empty
2024-07-24 10:22:59 INFO  Reusables:53 - output.txt is still empty
2024-07-24 10:22:59 INFO  Reusables:53 - output.txt is still empty
2024-07-24 10:22:59 INFO  Reusables:53 - output.txt is still empty
2024-07-24 10:22:59 INFO  Reusables:53 - output.txt is still empty
2024-07-24 10:22:59 INFO  Reusables:53 - output.txt is still empty
2024-07-24 10:22:59 INFO  Reusables:53 - output.txt is still empty
2024-07-24 10:22:59 INFO  Reusables:53 - output.txt is still empty
2024-07-24 10:22:59 INFO  Reusables:53 - output.txt is still empty
2024-07-24 10:22:59 INFO  Reusables:53 - output.txt is still empty
2024-07-24 10:22:59 INFO  Reusables:53 - output.txt is still empty
2024-07-24 10:22:59 INFO  Reusables:53 - output.txt is still empty
2024-07-24 10:22:59 INFO  Reusables:53 - output.txt is still empty
2024-07-24 10:22:59 INFO  Reusables:53 - output.txt is still empty
2024-07-24 10:22:59 INFO  Reusables:53 - output.txt is still empty
2024-07-24 10:22:59 INFO  Reusables:53 - output.txt is still empty
2024-07-24 10:22:59 INFO  Reusables:53 - output.txt is still empty
2024-07-24 10:22:59 INFO  Reusables:53 - output.txt is still empty
2024-07-24 10:22:59 INFO  Reusables:53 - output.txt is still empty
2024-07-24 10:22:59 INFO  Reusables:53 - output.txt is still empty
2024-07-24 10:22:59 INFO  Reusables:53 - output.txt is still empty
2024-07-24 10:22:59 INFO  Reusables:53 - output.txt is still empty
2024-07-24 10:22:59 INFO  Reusables:53 - output.txt is still empty
2024-07-24 10:22:59 INFO  Reusables:53 - output.txt is still empty
2024-07-24 10:22:59 INFO  Reusables:53 - output.txt is still empty
2024-07-24 10:22:59 INFO  Reusables:53 - output.txt is still empty
2024-07-24 10:22:59 INFO  Reusables:53 - output.txt is still empty
2024-07-24 10:22:59 INFO  Reusables:53 - output.txt is still empty
2024-07-24 10:22:59 INFO  Reusables:53 - output.txt is still empty
2024-07-24 10:22:59 INFO  Reusables:53 - output.txt is still empty
2024-07-24 10:22:59 INFO  Reusables:53 - output.txt is still empty
2024-07-24 10:22:59 INFO  Reusables:53 - output.txt is still empty
2024-07-24 10:22:59 INFO  Reusables:53 - output.txt is still empty
2024-07-24 10:22:59 INFO  Reusables:53 - output.txt is still empty
2024-07-24 10:22:59 INFO  Reusables:53 - output.txt is still empty
2024-07-24 10:22:59 INFO  Reusables:53 - output.txt is still empty
2024-07-24 10:22:59 INFO  Reusables:53 - output.txt is still empty
2024-07-24 10:22:59 INFO  Reusables:53 - output.txt is still empty
2024-07-24 10:22:59 INFO  Reusables:53 - output.txt is still empty
2024-07-24 10:22:59 INFO  Reusables:53 - output.txt is still empty
2024-07-24 10:22:59 INFO  Reusables:53 - output.txt is still empty
2024-07-24 10:22:59 INFO  Reusables:53 - output.txt is still empty
2024-07-24 10:22:59 INFO  Reusables:53 - output.txt is still empty
2024-07-24 10:22:59 INFO  Reusables:53 - output.txt is still empty
2024-07-24 10:22:59 INFO  Reusables:53 - output.txt is still empty
2024-07-24 10:22:59 INFO  Reusables:53 - output.txt is still empty
2024-07-24 10:22:59 INFO  Reusables:53 - output.txt is still empty
2024-07-24 10:22:59 INFO  Reusables:53 - output.txt is still empty
2024-07-24 10:22:59 INFO  Reusables:53 - output.txt is still empty
2024-07-24 10:22:59 INFO  Reusables:53 - output.txt is still empty
2024-07-24 10:22:59 INFO  Reusables:53 - output.txt is still empty
2024-07-24 10:22:59 INFO  Reusables:53 - output.txt is still empty
2024-07-24 10:22:59 INFO  Reusables:53 - output.txt is still empty
2024-07-24 10:22:59 INFO  Reusables:53 - output.txt is still empty
2024-07-24 10:22:59 INFO  Reusables:53 - output.txt is still empty
2024-07-24 10:22:59 INFO  Reusables:53 - output.txt is still empty
2024-07-24 10:22:59 INFO  Reusables:53 - output.txt is still empty
2024-07-24 10:22:59 INFO  Reusables:53 - output.txt is still empty
2024-07-24 10:22:59 INFO  Reusables:53 - output.txt is still empty
2024-07-24 10:22:59 INFO  Reusables:53 - output.txt is still empty
2024-07-24 10:22:59 INFO  Reusables:53 - output.txt is still empty
2024-07-24 10:22:59 INFO  Reusables:53 - output.txt is still empty
2024-07-24 10:22:59 INFO  Reusables:53 - output.txt is still empty
2024-07-24 10:22:59 INFO  Reusables:53 - output.txt is still empty
2024-07-24 10:22:59 INFO  Reusables:53 - output.txt is still empty
2024-07-24 10:22:59 INFO  Reusables:53 - output.txt is still empty
2024-07-24 10:22:59 INFO  Reusables:53 - output.txt is still empty
2024-07-24 10:22:59 INFO  Reusables:53 - output.txt is still empty
2024-07-24 10:22:59 INFO  Reusables:53 - output.txt is still empty
2024-07-24 10:22:59 INFO  Reusables:53 - output.txt is still empty
2024-07-24 10:22:59 INFO  Reusables:53 - output.txt is still empty
2024-07-24 10:22:59 INFO  Reusables:53 - output.txt is still empty
2024-07-24 10:22:59 INFO  Reusables:53 - output.txt is still empty
2024-07-24 10:22:59 INFO  Reusables:53 - output.txt is still empty
2024-07-24 10:22:59 INFO  Reusables:53 - output.txt is still empty
2024-07-24 10:22:59 INFO  Reusables:53 - output.txt is still empty
2024-07-24 10:22:59 INFO  Reusables:53 - output.txt is still empty
2024-07-24 10:22:59 INFO  Reusables:53 - output.txt is still empty
2024-07-24 10:22:59 INFO  Reusables:53 - output.txt is still empty
2024-07-24 10:22:59 INFO  Reusables:53 - output.txt is still empty
2024-07-24 10:22:59 INFO  Reusables:53 - output.txt is still empty
2024-07-24 10:22:59 INFO  Reusables:53 - output.txt is still empty
2024-07-24 10:22:59 INFO  Reusables:53 - output.txt is still empty
2024-07-24 10:22:59 INFO  Reusables:53 - output.txt is still empty
2024-07-24 10:22:59 INFO  Reusables:53 - output.txt is still empty
2024-07-24 10:22:59 INFO  Reusables:53 - output.txt is still empty
2024-07-24 10:22:59 INFO  Reusables:53 - output.txt is still empty
2024-07-24 10:22:59 INFO  Reusables:53 - output.txt is still empty
2024-07-24 10:22:59 INFO  Reusables:53 - output.txt is still empty
2024-07-24 10:22:59 INFO  Reusables:53 - output.txt is still empty
2024-07-24 10:22:59 INFO  Reusables:53 - output.txt is still empty
2024-07-24 10:22:59 INFO  Reusables:53 - output.txt is still empty
2024-07-24 10:22:59 INFO  Reusables:53 - output.txt is still empty
2024-07-24 10:22:59 INFO  Reusables:53 - output.txt is still empty
2024-07-24 10:22:59 INFO  Reusables:53 - output.txt is still empty
2024-07-24 10:22:59 INFO  Reusables:53 - output.txt is still empty
2024-07-24 10:22:59 INFO  Reusables:53 - output.txt is still empty
2024-07-24 10:22:59 INFO  Reusables:53 - output.txt is still empty
2024-07-24 10:22:59 INFO  Reusables:53 - output.txt is still empty
2024-07-24 10:22:59 INFO  Reusables:53 - output.txt is still empty
2024-07-24 10:22:59 INFO  Reusables:53 - output.txt is still empty
2024-07-24 10:22:59 INFO  Reusables:53 - output.txt is still empty
2024-07-24 10:22:59 INFO  Reusables:53 - output.txt is still empty
2024-07-24 10:22:59 INFO  Reusables:53 - output.txt is still empty
2024-07-24 10:22:59 INFO  Reusables:53 - output.txt is still empty
2024-07-24 10:22:59 INFO  Reusables:53 - output.txt is still empty
2024-07-24 10:22:59 INFO  Reusables:53 - output.txt is still empty
2024-07-24 10:22:59 INFO  Reusables:53 - output.txt is still empty
2024-07-24 10:22:59 INFO  Reusables:53 - output.txt is still empty
2024-07-24 10:22:59 INFO  Reusables:53 - output.txt is still empty
2024-07-24 10:22:59 INFO  Reusables:53 - output.txt is still empty
2024-07-24 10:22:59 INFO  Reusables:53 - output.txt is still empty
2024-07-24 10:22:59 INFO  Reusables:53 - output.txt is still empty
2024-07-24 10:22:59 INFO  Reusables:53 - output.txt is still empty
2024-07-24 10:22:59 INFO  Reusables:53 - output.txt is still empty
2024-07-24 10:22:59 INFO  Reusables:53 - output.txt is still empty
2024-07-24 10:22:59 INFO  Reusables:53 - output.txt is still empty
2024-07-24 10:22:59 INFO  Reusables:53 - output.txt is still empty
2024-07-24 10:22:59 INFO  Reusables:53 - output.txt is still empty
2024-07-24 10:22:59 INFO  Reusables:53 - output.txt is still empty
2024-07-24 10:22:59 INFO  Reusables:53 - output.txt is still empty
2024-07-24 10:22:59 INFO  Reusables:53 - output.txt is still empty
2024-07-24 10:22:59 INFO  Reusables:53 - output.txt is still empty
2024-07-24 10:22:59 INFO  Reusables:53 - output.txt is still empty
2024-07-24 10:22:59 INFO  Reusables:53 - output.txt is still empty
2024-07-24 10:22:59 INFO  Reusables:53 - output.txt is still empty
2024-07-24 10:22:59 INFO  Reusables:53 - output.txt is still empty
2024-07-24 10:22:59 INFO  Reusables:53 - output.txt is still empty
2024-07-24 10:22:59 INFO  Reusables:53 - output.txt is still empty
2024-07-24 10:22:59 INFO  Reusables:53 - output.txt is still empty
2024-07-24 10:22:59 INFO  Reusables:53 - output.txt is still empty
2024-07-24 10:22:59 INFO  Reusables:53 - output.txt is still empty
2024-07-24 10:22:59 INFO  Reusables:53 - output.txt is still empty
2024-07-24 10:22:59 INFO  Reusables:53 - output.txt is still empty
2024-07-24 10:22:59 INFO  Reusables:53 - output.txt is still empty
2024-07-24 10:22:59 INFO  Reusables:53 - output.txt is still empty
2024-07-24 10:22:59 INFO  Reusables:53 - output.txt is still empty
2024-07-24 10:22:59 INFO  Reusables:53 - output.txt is still empty
2024-07-24 10:22:59 INFO  Reusables:53 - output.txt is still empty
2024-07-24 10:22:59 INFO  Reusables:53 - output.txt is still empty
2024-07-24 10:22:59 INFO  Reusables:53 - output.txt is still empty
2024-07-24 10:22:59 INFO  Reusables:53 - output.txt is still empty
2024-07-24 10:22:59 INFO  Reusables:53 - output.txt is still empty
2024-07-24 10:22:59 INFO  Reusables:53 - output.txt is still empty
2024-07-24 10:22:59 INFO  Reusables:53 - output.txt is still empty
2024-07-24 10:22:59 INFO  Reusables:53 - output.txt is still empty
2024-07-24 10:22:59 INFO  Reusables:53 - output.txt is still empty
2024-07-24 10:22:59 INFO  Reusables:53 - output.txt is still empty
2024-07-24 10:22:59 INFO  Reusables:53 - output.txt is still empty
2024-07-24 10:22:59 INFO  Reusables:53 - output.txt is still empty
2024-07-24 10:22:59 INFO  Reusables:53 - output.txt is still empty
2024-07-24 10:22:59 INFO  Reusables:53 - output.txt is still empty
2024-07-24 10:22:59 INFO  Reusables:53 - output.txt is still empty
2024-07-24 10:22:59 INFO  Reusables:53 - output.txt is still empty
2024-07-24 10:22:59 INFO  Reusables:53 - output.txt is still empty
2024-07-24 10:22:59 INFO  Reusables:53 - output.txt is still empty
2024-07-24 10:22:59 INFO  Reusables:53 - output.txt is still empty
2024-07-24 10:22:59 INFO  Reusables:53 - output.txt is still empty
2024-07-24 10:22:59 INFO  Reusables:53 - output.txt is still empty
2024-07-24 10:22:59 INFO  Reusables:53 - output.txt is still empty
2024-07-24 10:22:59 INFO  Reusables:53 - output.txt is still empty
2024-07-24 10:22:59 INFO  Reusables:53 - output.txt is still empty
2024-07-24 10:22:59 INFO  Reusables:53 - output.txt is still empty
2024-07-24 10:22:59 INFO  Reusables:53 - output.txt is still empty
2024-07-24 10:22:59 INFO  Reusables:53 - output.txt is still empty
2024-07-24 10:22:59 INFO  Reusables:53 - output.txt is still empty
2024-07-24 10:22:59 INFO  Reusables:53 - output.txt is still empty
2024-07-24 10:22:59 INFO  Reusables:53 - output.txt is still empty
2024-07-24 10:22:59 INFO  Reusables:53 - output.txt is still empty
2024-07-24 10:22:59 INFO  Reusables:53 - output.txt is still empty
2024-07-24 10:22:59 INFO  Reusables:53 - output.txt is still empty
2024-07-24 10:22:59 INFO  Reusables:53 - output.txt is still empty
2024-07-24 10:22:59 INFO  Reusables:53 - output.txt is still empty
2024-07-24 10:22:59 INFO  Reusables:53 - output.txt is still empty
2024-07-24 10:22:59 INFO  Reusables:53 - output.txt is still empty
2024-07-24 10:22:59 INFO  Reusables:53 - output.txt is still empty
2024-07-24 10:22:59 INFO  Reusables:53 - output.txt is still empty
2024-07-24 10:22:59 INFO  Reusables:53 - output.txt is still empty
2024-07-24 10:22:59 INFO  Reusables:53 - output.txt is still empty
2024-07-24 10:22:59 INFO  Reusables:53 - output.txt is still empty
2024-07-24 10:22:59 INFO  Reusables:53 - output.txt is still empty
2024-07-24 10:22:59 INFO  Reusables:53 - output.txt is still empty
2024-07-24 10:22:59 INFO  Reusables:53 - output.txt is still empty
2024-07-24 10:22:59 INFO  Reusables:53 - output.txt is still empty
2024-07-24 10:22:59 INFO  Reusables:53 - output.txt is still empty
2024-07-24 10:22:59 INFO  Reusables:53 - output.txt is still empty
2024-07-24 10:22:59 INFO  Reusables:53 - output.txt is still empty
2024-07-24 10:22:59 INFO  Reusables:53 - output.txt is still empty
2024-07-24 10:22:59 INFO  Reusables:53 - output.txt is still empty
2024-07-24 10:22:59 INFO  Reusables:53 - output.txt is still empty
2024-07-24 10:22:59 INFO  Reusables:53 - output.txt is still empty
2024-07-24 10:22:59 INFO  Reusables:53 - output.txt is still empty
2024-07-24 10:22:59 INFO  Reusables:53 - output.txt is still empty
2024-07-24 10:22:59 INFO  Reusables:53 - output.txt is still empty
2024-07-24 10:22:59 INFO  Reusables:53 - output.txt is still empty
2024-07-24 10:22:59 INFO  Reusables:53 - output.txt is still empty
2024-07-24 10:22:59 INFO  Reusables:53 - output.txt is still empty
2024-07-24 10:22:59 INFO  Reusables:53 - output.txt is still empty
2024-07-24 10:22:59 INFO  Reusables:53 - output.txt is still empty
2024-07-24 10:22:59 INFO  Reusables:53 - output.txt is still empty
2024-07-24 10:22:59 INFO  Reusables:53 - output.txt is still empty
2024-07-24 10:22:59 INFO  Reusables:53 - output.txt is still empty
2024-07-24 10:22:59 INFO  Reusables:53 - output.txt is still empty
2024-07-24 10:22:59 INFO  Reusables:53 - output.txt is still empty
2024-07-24 10:22:59 INFO  Reusables:53 - output.txt is still empty
2024-07-24 10:22:59 INFO  Reusables:53 - output.txt is still empty
2024-07-24 10:22:59 INFO  Reusables:53 - output.txt is still empty
2024-07-24 10:22:59 INFO  Reusables:53 - output.txt is still empty
2024-07-24 10:22:59 INFO  Reusables:53 - output.txt is still empty
2024-07-24 10:22:59 INFO  Reusables:53 - output.txt is still empty
2024-07-24 10:22:59 INFO  Reusables:53 - output.txt is still empty
2024-07-24 10:22:59 INFO  Reusables:53 - output.txt is still empty
2024-07-24 10:22:59 INFO  Reusables:53 - output.txt is still empty
2024-07-24 10:22:59 INFO  Reusables:53 - output.txt is still empty
2024-07-24 10:22:59 INFO  Reusables:53 - output.txt is still empty
2024-07-24 10:22:59 INFO  Reusables:53 - output.txt is still empty
2024-07-24 10:22:59 INFO  Reusables:53 - output.txt is still empty
2024-07-24 10:22:59 INFO  Reusables:53 - output.txt is still empty
2024-07-24 10:22:59 INFO  Reusables:53 - output.txt is still empty
2024-07-24 10:22:59 INFO  Reusables:53 - output.txt is still empty
2024-07-24 10:22:59 INFO  Reusables:53 - output.txt is still empty
2024-07-24 10:22:59 INFO  Reusables:53 - output.txt is still empty
2024-07-24 10:22:59 INFO  Reusables:53 - output.txt is still empty
2024-07-24 10:22:59 INFO  Reusables:53 - output.txt is still empty
2024-07-24 10:22:59 INFO  Reusables:53 - output.txt is still empty
2024-07-24 10:22:59 INFO  Reusables:53 - output.txt is still empty
2024-07-24 10:22:59 INFO  Reusables:53 - output.txt is still empty
2024-07-24 10:22:59 INFO  Reusables:53 - output.txt is still empty
2024-07-24 10:22:59 INFO  Reusables:53 - output.txt is still empty
2024-07-24 10:22:59 INFO  Reusables:53 - output.txt is still empty
2024-07-24 10:22:59 INFO  Reusables:53 - output.txt is still empty
2024-07-24 10:22:59 INFO  Reusables:53 - output.txt is still empty
2024-07-24 10:22:59 INFO  Reusables:53 - output.txt is still empty
2024-07-24 10:22:59 INFO  Reusables:53 - output.txt is still empty
2024-07-24 10:22:59 INFO  Reusables:53 - output.txt is still empty
2024-07-24 10:22:59 INFO  Reusables:53 - output.txt is still empty
2024-07-24 10:22:59 INFO  Reusables:53 - output.txt is still empty
2024-07-24 10:22:59 INFO  Reusables:53 - output.txt is still empty
2024-07-24 10:22:59 INFO  Reusables:53 - output.txt is still empty
2024-07-24 10:22:59 INFO  Reusables:53 - output.txt is still empty
2024-07-24 10:22:59 INFO  Reusables:53 - output.txt is still empty
2024-07-24 10:22:59 INFO  Reusables:53 - output.txt is still empty
2024-07-24 10:22:59 INFO  Reusables:53 - output.txt is still empty
2024-07-24 10:22:59 INFO  Reusables:53 - output.txt is still empty
2024-07-24 10:22:59 INFO  Reusables:53 - output.txt is still empty
2024-07-24 10:22:59 INFO  Reusables:53 - output.txt is still empty
2024-07-24 10:22:59 INFO  Reusables:53 - output.txt is still empty
2024-07-24 10:22:59 INFO  Reusables:53 - output.txt is still empty
2024-07-24 10:22:59 INFO  Reusables:53 - output.txt is still empty
2024-07-24 10:22:59 INFO  Reusables:53 - output.txt is still empty
2024-07-24 10:22:59 INFO  Reusables:53 - output.txt is still empty
2024-07-24 10:22:59 INFO  Reusables:53 - output.txt is still empty
2024-07-24 10:22:59 INFO  Reusables:53 - output.txt is still empty
2024-07-24 10:22:59 INFO  Reusables:53 - output.txt is still empty
2024-07-24 10:22:59 INFO  Reusables:53 - output.txt is still empty
2024-07-24 10:22:59 INFO  Reusables:53 - output.txt is still empty
2024-07-24 10:22:59 INFO  Reusables:53 - output.txt is still empty
2024-07-24 10:22:59 INFO  Reusables:53 - output.txt is still empty
2024-07-24 10:22:59 INFO  Reusables:53 - output.txt is still empty
2024-07-24 10:22:59 INFO  Reusables:53 - output.txt is still empty
2024-07-24 10:22:59 INFO  Reusables:53 - output.txt is still empty
2024-07-24 10:22:59 INFO  Reusables:53 - output.txt is still empty
2024-07-24 10:22:59 INFO  Reusables:53 - output.txt is still empty
2024-07-24 10:22:59 INFO  Reusables:53 - output.txt is still empty
2024-07-24 10:22:59 INFO  Reusables:53 - output.txt is still empty
2024-07-24 10:22:59 INFO  Reusables:53 - output.txt is still empty
2024-07-24 10:22:59 INFO  Reusables:53 - output.txt is still empty
2024-07-24 10:22:59 INFO  Reusables:53 - output.txt is still empty
2024-07-24 10:22:59 INFO  Reusables:53 - output.txt is still empty
2024-07-24 10:22:59 INFO  Reusables:53 - output.txt is still empty
2024-07-24 10:22:59 INFO  Reusables:53 - output.txt is still empty
2024-07-24 10:22:59 INFO  Reusables:53 - output.txt is still empty
2024-07-24 10:22:59 INFO  Reusables:53 - output.txt is still empty
2024-07-24 10:22:59 INFO  Reusables:53 - output.txt is still empty
2024-07-24 10:22:59 INFO  Reusables:53 - output.txt is still empty
2024-07-24 10:22:59 INFO  Reusables:53 - output.txt is still empty
2024-07-24 10:22:59 INFO  Reusables:53 - output.txt is still empty
2024-07-24 10:22:59 INFO  Reusables:53 - output.txt is still empty
2024-07-24 10:22:59 INFO  Reusables:53 - output.txt is still empty
2024-07-24 10:22:59 INFO  Reusables:53 - output.txt is still empty
2024-07-24 10:22:59 INFO  Reusables:53 - output.txt is still empty
2024-07-24 10:22:59 INFO  Reusables:53 - output.txt is still empty
2024-07-24 10:22:59 INFO  Reusables:53 - output.txt is still empty
2024-07-24 10:22:59 INFO  Reusables:53 - output.txt is still empty
2024-07-24 10:22:59 INFO  Reusables:53 - output.txt is still empty
2024-07-24 10:22:59 INFO  Reusables:53 - output.txt is still empty
2024-07-24 10:22:59 INFO  Reusables:53 - output.txt is still empty
2024-07-24 10:22:59 INFO  Reusables:53 - output.txt is still empty
2024-07-24 10:22:59 INFO  Reusables:53 - output.txt is still empty
2024-07-24 10:22:59 INFO  Reusables:53 - output.txt is still empty
2024-07-24 10:22:59 INFO  Reusables:53 - output.txt is still empty
2024-07-24 10:22:59 INFO  Reusables:53 - output.txt is still empty
2024-07-24 10:22:59 INFO  Reusables:53 - output.txt is still empty
2024-07-24 10:22:59 INFO  Reusables:53 - output.txt is still empty
2024-07-24 10:22:59 INFO  Reusables:53 - output.txt is still empty
2024-07-24 10:22:59 INFO  Reusables:53 - output.txt is still empty
2024-07-24 10:22:59 INFO  Reusables:53 - output.txt is still empty
2024-07-24 10:22:59 INFO  Reusables:53 - output.txt is still empty
2024-07-24 10:22:59 INFO  Reusables:53 - output.txt is still empty
2024-07-24 10:22:59 INFO  Reusables:53 - output.txt is still empty
2024-07-24 10:22:59 INFO  Reusables:53 - output.txt is still empty
2024-07-24 10:22:59 INFO  Reusables:53 - output.txt is still empty
2024-07-24 10:22:59 INFO  Reusables:53 - output.txt is still empty
2024-07-24 10:22:59 INFO  Reusables:53 - output.txt is still empty
2024-07-24 10:22:59 INFO  Reusables:53 - output.txt is still empty
2024-07-24 10:22:59 INFO  Reusables:53 - output.txt is still empty
2024-07-24 10:22:59 INFO  Reusables:53 - output.txt is still empty
2024-07-24 10:22:59 INFO  Reusables:53 - output.txt is still empty
2024-07-24 10:22:59 INFO  Reusables:53 - output.txt is still empty
2024-07-24 10:22:59 INFO  Reusables:53 - output.txt is still empty
2024-07-24 10:22:59 INFO  Reusables:53 - output.txt is still empty
2024-07-24 10:22:59 INFO  Reusables:53 - output.txt is still empty
2024-07-24 10:22:59 INFO  Reusables:53 - output.txt is still empty
2024-07-24 10:22:59 INFO  Reusables:53 - output.txt is still empty
2024-07-24 10:22:59 INFO  Reusables:53 - output.txt is still empty
2024-07-24 10:22:59 INFO  Reusables:53 - output.txt is still empty
2024-07-24 10:22:59 INFO  Reusables:53 - output.txt is still empty
2024-07-24 10:22:59 INFO  Reusables:53 - output.txt is still empty
2024-07-24 10:22:59 INFO  Reusables:53 - output.txt is still empty
2024-07-24 10:22:59 INFO  Reusables:53 - output.txt is still empty
2024-07-24 10:22:59 INFO  Reusables:53 - output.txt is still empty
2024-07-24 10:22:59 INFO  Reusables:53 - output.txt is still empty
2024-07-24 10:22:59 INFO  Reusables:53 - output.txt is still empty
2024-07-24 10:22:59 INFO  Reusables:53 - output.txt is still empty
2024-07-24 10:22:59 INFO  Reusables:53 - output.txt is still empty
2024-07-24 10:22:59 INFO  Reusables:53 - output.txt is still empty
2024-07-24 10:22:59 INFO  Reusables:53 - output.txt is still empty
2024-07-24 10:22:59 INFO  Reusables:53 - output.txt is still empty
2024-07-24 10:22:59 INFO  Reusables:53 - output.txt is still empty
2024-07-24 10:22:59 INFO  Reusables:53 - output.txt is still empty
2024-07-24 10:22:59 INFO  Reusables:53 - output.txt is still empty
2024-07-24 10:22:59 INFO  Reusables:53 - output.txt is still empty
2024-07-24 10:22:59 INFO  Reusables:53 - output.txt is still empty
2024-07-24 10:22:59 INFO  Reusables:53 - output.txt is still empty
2024-07-24 10:22:59 INFO  Reusables:53 - output.txt is still empty
2024-07-24 10:22:59 INFO  Reusables:53 - output.txt is still empty
2024-07-24 10:22:59 INFO  Reusables:53 - output.txt is still empty
2024-07-24 10:22:59 INFO  Reusables:53 - output.txt is still empty
2024-07-24 10:22:59 INFO  Reusables:53 - output.txt is still empty
2024-07-24 10:22:59 INFO  Reusables:53 - output.txt is still empty
2024-07-24 10:22:59 INFO  Reusables:53 - output.txt is still empty
2024-07-24 10:22:59 INFO  Reusables:53 - output.txt is still empty
2024-07-24 10:22:59 INFO  Reusables:53 - output.txt is still empty
2024-07-24 10:22:59 INFO  Reusables:53 - output.txt is still empty
2024-07-24 10:22:59 INFO  Reusables:53 - output.txt is still empty
2024-07-24 10:22:59 INFO  Reusables:53 - output.txt is still empty
2024-07-24 10:22:59 INFO  Reusables:53 - output.txt is still empty
2024-07-24 10:22:59 INFO  Reusables:53 - output.txt is still empty
2024-07-24 10:22:59 INFO  Reusables:53 - output.txt is still empty
2024-07-24 10:22:59 INFO  Reusables:53 - output.txt is still empty
2024-07-24 10:22:59 INFO  Reusables:53 - output.txt is still empty
2024-07-24 10:22:59 INFO  Reusables:53 - output.txt is still empty
2024-07-24 10:22:59 INFO  Reusables:53 - output.txt is still empty
2024-07-24 10:22:59 INFO  Reusables:53 - output.txt is still empty
2024-07-24 10:22:59 INFO  Reusables:53 - output.txt is still empty
2024-07-24 10:22:59 INFO  Reusables:53 - output.txt is still empty
2024-07-24 10:22:59 INFO  Reusables:53 - output.txt is still empty
2024-07-24 10:22:59 INFO  Reusables:53 - output.txt is still empty
2024-07-24 10:22:59 INFO  Reusables:53 - output.txt is still empty
2024-07-24 10:22:59 INFO  Reusables:53 - output.txt is still empty
2024-07-24 10:22:59 INFO  Reusables:53 - output.txt is still empty
2024-07-24 10:22:59 INFO  Reusables:53 - output.txt is still empty
2024-07-24 10:22:59 INFO  Reusables:53 - output.txt is still empty
2024-07-24 10:22:59 INFO  Reusables:53 - output.txt is still empty
2024-07-24 10:22:59 INFO  Reusables:53 - output.txt is still empty
2024-07-24 10:22:59 INFO  Reusables:53 - output.txt is still empty
2024-07-24 10:22:59 INFO  Reusables:53 - output.txt is still empty
2024-07-24 10:22:59 INFO  Reusables:53 - output.txt is still empty
2024-07-24 10:22:59 INFO  Reusables:53 - output.txt is still empty
2024-07-24 10:22:59 INFO  Reusables:53 - output.txt is still empty
2024-07-24 10:22:59 INFO  Reusables:53 - output.txt is still empty
2024-07-24 10:22:59 INFO  Reusables:53 - output.txt is still empty
2024-07-24 10:22:59 INFO  Reusables:53 - output.txt is still empty
2024-07-24 10:22:59 INFO  Reusables:53 - output.txt is still empty
2024-07-24 10:22:59 INFO  Reusables:53 - output.txt is still empty
2024-07-24 10:22:59 INFO  Reusables:53 - output.txt is still empty
2024-07-24 10:22:59 INFO  Reusables:53 - output.txt is still empty
2024-07-24 10:22:59 INFO  Reusables:53 - output.txt is still empty
2024-07-24 10:22:59 INFO  Reusables:53 - output.txt is still empty
2024-07-24 10:22:59 INFO  Reusables:53 - output.txt is still empty
2024-07-24 10:22:59 INFO  Reusables:53 - output.txt is still empty
2024-07-24 10:22:59 INFO  Reusables:53 - output.txt is still empty
2024-07-24 10:22:59 INFO  Reusables:53 - output.txt is still empty
2024-07-24 10:22:59 INFO  Reusables:53 - output.txt is still empty
2024-07-24 10:22:59 INFO  Reusables:53 - output.txt is still empty
2024-07-24 10:22:59 INFO  Reusables:53 - output.txt is still empty
2024-07-24 10:22:59 INFO  Reusables:53 - output.txt is still empty
2024-07-24 10:22:59 INFO  Reusables:53 - output.txt is still empty
2024-07-24 10:22:59 INFO  Reusables:53 - output.txt is still empty
2024-07-24 10:22:59 INFO  Reusables:53 - output.txt is still empty
2024-07-24 10:22:59 INFO  Reusables:53 - output.txt is still empty
2024-07-24 10:22:59 INFO  Reusables:53 - output.txt is still empty
2024-07-24 10:22:59 INFO  Reusables:53 - output.txt is still empty
2024-07-24 10:22:59 INFO  Reusables:53 - output.txt is still empty
2024-07-24 10:22:59 INFO  Reusables:53 - output.txt is still empty
2024-07-24 10:22:59 INFO  Reusables:53 - output.txt is still empty
2024-07-24 10:22:59 INFO  Reusables:53 - output.txt is still empty
2024-07-24 10:22:59 INFO  Reusables:53 - output.txt is still empty
2024-07-24 10:22:59 INFO  Reusables:53 - output.txt is still empty
2024-07-24 10:22:59 INFO  Reusables:53 - output.txt is still empty
2024-07-24 10:22:59 INFO  Reusables:53 - output.txt is still empty
2024-07-24 10:22:59 INFO  Reusables:53 - output.txt is still empty
2024-07-24 10:22:59 INFO  Reusables:53 - output.txt is still empty
2024-07-24 10:22:59 INFO  Reusables:53 - output.txt is still empty
2024-07-24 10:22:59 INFO  Reusables:53 - output.txt is still empty
2024-07-24 10:22:59 INFO  Reusables:53 - output.txt is still empty
2024-07-24 10:22:59 INFO  Reusables:53 - output.txt is still empty
2024-07-24 10:22:59 INFO  Reusables:53 - output.txt is still empty
2024-07-24 10:22:59 INFO  Reusables:53 - output.txt is still empty
2024-07-24 10:22:59 INFO  Reusables:53 - output.txt is still empty
2024-07-24 10:22:59 INFO  Reusables:53 - output.txt is still empty
2024-07-24 10:22:59 INFO  Reusables:53 - output.txt is still empty
2024-07-24 10:22:59 INFO  Reusables:53 - output.txt is still empty
2024-07-24 10:22:59 INFO  Reusables:53 - output.txt is still empty
2024-07-24 10:22:59 INFO  Reusables:53 - output.txt is still empty
2024-07-24 10:22:59 INFO  Reusables:53 - output.txt is still empty
2024-07-24 10:22:59 INFO  Reusables:53 - output.txt is still empty
2024-07-24 10:22:59 INFO  Reusables:53 - output.txt is still empty
2024-07-24 10:22:59 INFO  Reusables:53 - output.txt is still empty
2024-07-24 10:22:59 INFO  Reusables:53 - output.txt is still empty
2024-07-24 10:22:59 INFO  Reusables:53 - output.txt is still empty
2024-07-24 10:22:59 INFO  Reusables:53 - output.txt is still empty
2024-07-24 10:22:59 INFO  Reusables:53 - output.txt is still empty
2024-07-24 10:22:59 INFO  Reusables:53 - output.txt is still empty
2024-07-24 10:22:59 INFO  Reusables:53 - output.txt is still empty
2024-07-24 10:22:59 INFO  Reusables:53 - output.txt is still empty
2024-07-24 10:22:59 INFO  Reusables:53 - output.txt is still empty
2024-07-24 10:22:59 INFO  Reusables:53 - output.txt is still empty
2024-07-24 10:22:59 INFO  Reusables:53 - output.txt is still empty
2024-07-24 10:22:59 INFO  Reusables:53 - output.txt is still empty
2024-07-24 10:22:59 INFO  Reusables:53 - output.txt is still empty
2024-07-24 10:22:59 INFO  Reusables:53 - output.txt is still empty
2024-07-24 10:22:59 INFO  Reusables:53 - output.txt is still empty
2024-07-24 10:22:59 INFO  Reusables:53 - output.txt is still empty
2024-07-24 10:22:59 INFO  Reusables:53 - output.txt is still empty
2024-07-24 10:22:59 INFO  Reusables:53 - output.txt is still empty
2024-07-24 10:22:59 INFO  Reusables:53 - output.txt is still empty
2024-07-24 10:22:59 INFO  Reusables:53 - output.txt is still empty
2024-07-24 10:22:59 INFO  Reusables:53 - output.txt is still empty
2024-07-24 10:22:59 INFO  Reusables:53 - output.txt is still empty
2024-07-24 10:22:59 INFO  Reusables:53 - output.txt is still empty
2024-07-24 10:22:59 INFO  Reusables:53 - output.txt is still empty
2024-07-24 10:22:59 INFO  Reusables:53 - output.txt is still empty
2024-07-24 10:22:59 INFO  Reusables:53 - output.txt is still empty
2024-07-24 10:22:59 INFO  Reusables:53 - output.txt is still empty
2024-07-24 10:22:59 INFO  Reusables:53 - output.txt is still empty
2024-07-24 10:22:59 INFO  Reusables:53 - output.txt is still empty
2024-07-24 10:22:59 INFO  Reusables:53 - output.txt is still empty
2024-07-24 10:22:59 INFO  Reusables:53 - output.txt is still empty
2024-07-24 10:22:59 INFO  Reusables:53 - output.txt is still empty
2024-07-24 10:22:59 INFO  Reusables:53 - output.txt is still empty
2024-07-24 10:22:59 INFO  Reusables:53 - output.txt is still empty
2024-07-24 10:22:59 INFO  Reusables:53 - output.txt is still empty
2024-07-24 10:22:59 INFO  Reusables:53 - output.txt is still empty
2024-07-24 10:22:59 INFO  Reusables:53 - output.txt is still empty
2024-07-24 10:22:59 INFO  Reusables:53 - output.txt is still empty
2024-07-24 10:22:59 INFO  Reusables:53 - output.txt is still empty
2024-07-24 10:22:59 INFO  Reusables:53 - output.txt is still empty
2024-07-24 10:22:59 INFO  Reusables:53 - output.txt is still empty
2024-07-24 10:22:59 INFO  Reusables:53 - output.txt is still empty
2024-07-24 10:22:59 INFO  Reusables:53 - output.txt is still empty
2024-07-24 10:22:59 INFO  Reusables:53 - output.txt is still empty
2024-07-24 10:22:59 INFO  Reusables:53 - output.txt is still empty
2024-07-24 10:22:59 INFO  Reusables:53 - output.txt is still empty
2024-07-24 10:22:59 INFO  Reusables:53 - output.txt is still empty
2024-07-24 10:22:59 INFO  Reusables:53 - output.txt is still empty
2024-07-24 10:22:59 INFO  Reusables:53 - output.txt is still empty
2024-07-24 10:22:59 INFO  Reusables:53 - output.txt is still empty
2024-07-24 10:22:59 INFO  Reusables:53 - output.txt is still empty
2024-07-24 10:22:59 INFO  Reusables:53 - output.txt is still empty
2024-07-24 10:22:59 INFO  Reusables:53 - output.txt is still empty
2024-07-24 10:22:59 INFO  Reusables:53 - output.txt is still empty
2024-07-24 10:22:59 INFO  Reusables:53 - output.txt is still empty
2024-07-24 10:22:59 INFO  Reusables:53 - output.txt is still empty
2024-07-24 10:22:59 INFO  Reusables:53 - output.txt is still empty
2024-07-24 10:22:59 INFO  Reusables:53 - output.txt is still empty
2024-07-24 10:22:59 INFO  Reusables:53 - output.txt is still empty
2024-07-24 10:22:59 INFO  Reusables:53 - output.txt is still empty
2024-07-24 10:22:59 INFO  Reusables:53 - output.txt is still empty
2024-07-24 10:22:59 INFO  Reusables:53 - output.txt is still empty
2024-07-24 10:22:59 INFO  Reusables:53 - output.txt is still empty
2024-07-24 10:22:59 INFO  Reusables:53 - output.txt is still empty
2024-07-24 10:22:59 INFO  Reusables:53 - output.txt is still empty
2024-07-24 10:22:59 INFO  Reusables:53 - output.txt is still empty
2024-07-24 10:22:59 INFO  Reusables:53 - output.txt is still empty
2024-07-24 10:22:59 INFO  Reusables:53 - output.txt is still empty
2024-07-24 10:22:59 INFO  Reusables:53 - output.txt is still empty
2024-07-24 10:22:59 INFO  Reusables:53 - output.txt is still empty
2024-07-24 10:22:59 INFO  Reusables:53 - output.txt is still empty
2024-07-24 10:22:59 INFO  Reusables:53 - output.txt is still empty
2024-07-24 10:22:59 INFO  Reusables:53 - output.txt is still empty
2024-07-24 10:22:59 INFO  Reusables:53 - output.txt is still empty
2024-07-24 10:22:59 INFO  Reusables:53 - output.txt is still empty
2024-07-24 10:22:59 INFO  Reusables:53 - output.txt is still empty
2024-07-24 10:22:59 INFO  Reusables:53 - output.txt is still empty
2024-07-24 10:22:59 INFO  Reusables:53 - output.txt is still empty
2024-07-24 10:22:59 INFO  Reusables:53 - output.txt is still empty
2024-07-24 10:22:59 INFO  Reusables:53 - output.txt is still empty
2024-07-24 10:22:59 INFO  Reusables:53 - output.txt is still empty
2024-07-24 10:22:59 INFO  Reusables:53 - output.txt is still empty
2024-07-24 10:22:59 INFO  Reusables:53 - output.txt is still empty
2024-07-24 10:22:59 INFO  Reusables:53 - output.txt is still empty
2024-07-24 10:22:59 INFO  Reusables:53 - output.txt is still empty
2024-07-24 10:22:59 INFO  Reusables:53 - output.txt is still empty
2024-07-24 10:22:59 INFO  Reusables:53 - output.txt is still empty
2024-07-24 10:22:59 INFO  Reusables:53 - output.txt is still empty
2024-07-24 10:22:59 INFO  Reusables:53 - output.txt is still empty
2024-07-24 10:22:59 INFO  Reusables:53 - output.txt is still empty
2024-07-24 10:22:59 INFO  Reusables:53 - output.txt is still empty
2024-07-24 10:22:59 INFO  Reusables:53 - output.txt is still empty
2024-07-24 10:22:59 INFO  Reusables:53 - output.txt is still empty
2024-07-24 10:22:59 INFO  Reusables:53 - output.txt is still empty
2024-07-24 10:22:59 INFO  Reusables:53 - output.txt is still empty
2024-07-24 10:22:59 INFO  Reusables:53 - output.txt is still empty
2024-07-24 10:22:59 INFO  Reusables:53 - output.txt is still empty
2024-07-24 10:22:59 INFO  Reusables:53 - output.txt is still empty
2024-07-24 10:22:59 INFO  Reusables:53 - output.txt is still empty
2024-07-24 10:22:59 INFO  Reusables:53 - output.txt is still empty
2024-07-24 10:22:59 INFO  Reusables:53 - output.txt is still empty
2024-07-24 10:22:59 INFO  Reusables:53 - output.txt is still empty
2024-07-24 10:22:59 INFO  Reusables:53 - output.txt is still empty
2024-07-24 10:22:59 INFO  Reusables:53 - output.txt is still empty
2024-07-24 10:22:59 INFO  Reusables:53 - output.txt is still empty
2024-07-24 10:22:59 INFO  Reusables:53 - output.txt is still empty
2024-07-24 10:22:59 INFO  Reusables:53 - output.txt is still empty
2024-07-24 10:22:59 INFO  Reusables:53 - output.txt is still empty
2024-07-24 10:22:59 INFO  Reusables:53 - output.txt is still empty
2024-07-24 10:22:59 INFO  Reusables:53 - output.txt is still empty
2024-07-24 10:22:59 INFO  Reusables:53 - output.txt is still empty
2024-07-24 10:22:59 INFO  Reusables:53 - output.txt is still empty
2024-07-24 10:22:59 INFO  Reusables:53 - output.txt is still empty
2024-07-24 10:22:59 INFO  Reusables:53 - output.txt is still empty
2024-07-24 10:22:59 INFO  Reusables:53 - output.txt is still empty
2024-07-24 10:22:59 INFO  Reusables:53 - output.txt is still empty
2024-07-24 10:22:59 INFO  Reusables:53 - output.txt is still empty
2024-07-24 10:22:59 INFO  Reusables:53 - output.txt is still empty
2024-07-24 10:22:59 INFO  Reusables:53 - output.txt is still empty
2024-07-24 10:22:59 INFO  Reusables:53 - output.txt is still empty
2024-07-24 10:22:59 INFO  Reusables:53 - output.txt is still empty
2024-07-24 10:22:59 INFO  Reusables:53 - output.txt is still empty
2024-07-24 10:22:59 INFO  Reusables:53 - output.txt is still empty
2024-07-24 10:22:59 INFO  Reusables:53 - output.txt is still empty
2024-07-24 10:22:59 INFO  Reusables:53 - output.txt is still empty
2024-07-24 10:22:59 INFO  Reusables:53 - output.txt is still empty
2024-07-24 10:22:59 INFO  Reusables:53 - output.txt is still empty
2024-07-24 10:22:59 INFO  Reusables:53 - output.txt is still empty
2024-07-24 10:22:59 INFO  Reusables:53 - output.txt is still empty
2024-07-24 10:22:59 INFO  Reusables:53 - output.txt is still empty
2024-07-24 10:22:59 INFO  Reusables:53 - output.txt is still empty
2024-07-24 10:22:59 INFO  Reusables:53 - output.txt is still empty
2024-07-24 10:22:59 INFO  Reusables:53 - output.txt is still empty
2024-07-24 10:22:59 INFO  Reusables:53 - output.txt is still empty
2024-07-24 10:22:59 INFO  Reusables:53 - output.txt is still empty
2024-07-24 10:22:59 INFO  Reusables:53 - output.txt is still empty
2024-07-24 10:22:59 INFO  Reusables:53 - output.txt is still empty
2024-07-24 10:22:59 INFO  Reusables:53 - output.txt is still empty
2024-07-24 10:22:59 INFO  Reusables:53 - output.txt is still empty
2024-07-24 10:22:59 INFO  Reusables:53 - output.txt is still empty
2024-07-24 10:22:59 INFO  Reusables:53 - output.txt is still empty
2024-07-24 10:22:59 INFO  Reusables:53 - output.txt is still empty
2024-07-24 10:22:59 INFO  Reusables:53 - output.txt is still empty
2024-07-24 10:22:59 INFO  Reusables:53 - output.txt is still empty
2024-07-24 10:22:59 INFO  Reusables:53 - output.txt is still empty
2024-07-24 10:22:59 INFO  Reusables:53 - output.txt is still empty
2024-07-24 10:22:59 INFO  Reusables:53 - output.txt is still empty
2024-07-24 10:22:59 INFO  Reusables:53 - output.txt is still empty
2024-07-24 10:22:59 INFO  Reusables:53 - output.txt is still empty
2024-07-24 10:22:59 INFO  Reusables:53 - output.txt is still empty
2024-07-24 10:22:59 INFO  Reusables:53 - output.txt is still empty
2024-07-24 10:22:59 INFO  Reusables:53 - output.txt is still empty
2024-07-24 10:22:59 INFO  Reusables:53 - output.txt is still empty
2024-07-24 10:22:59 INFO  Reusables:53 - output.txt is still empty
2024-07-24 10:22:59 INFO  Reusables:53 - output.txt is still empty
2024-07-24 10:22:59 INFO  Reusables:53 - output.txt is still empty
2024-07-24 10:22:59 INFO  Reusables:53 - output.txt is still empty
2024-07-24 10:22:59 INFO  Reusables:53 - output.txt is still empty
2024-07-24 10:22:59 INFO  Reusables:53 - output.txt is still empty
2024-07-24 10:22:59 INFO  Reusables:53 - output.txt is still empty
2024-07-24 10:22:59 INFO  Reusables:53 - output.txt is still empty
2024-07-24 10:22:59 INFO  Reusables:53 - output.txt is still empty
2024-07-24 10:22:59 INFO  Reusables:53 - output.txt is still empty
2024-07-24 10:22:59 INFO  Reusables:53 - output.txt is still empty
2024-07-24 10:22:59 INFO  Reusables:53 - output.txt is still empty
2024-07-24 10:22:59 INFO  Reusables:53 - output.txt is still empty
2024-07-24 10:22:59 INFO  Reusables:53 - output.txt is still empty
2024-07-24 10:22:59 INFO  Reusables:53 - output.txt is still empty
2024-07-24 10:22:59 INFO  Reusables:53 - output.txt is still empty
2024-07-24 10:22:59 INFO  Reusables:53 - output.txt is still empty
2024-07-24 10:22:59 INFO  Reusables:53 - output.txt is still empty
2024-07-24 10:22:59 INFO  Reusables:53 - output.txt is still empty
2024-07-24 10:22:59 INFO  Reusables:53 - output.txt is still empty
2024-07-24 10:22:59 INFO  Reusables:53 - output.txt is still empty
2024-07-24 10:22:59 INFO  Reusables:53 - output.txt is still empty
2024-07-24 10:22:59 INFO  Reusables:53 - output.txt is still empty
2024-07-24 10:22:59 INFO  Reusables:53 - output.txt is still empty
2024-07-24 10:22:59 INFO  Reusables:53 - output.txt is still empty
2024-07-24 10:22:59 INFO  Reusables:53 - output.txt is still empty
2024-07-24 10:22:59 INFO  Reusables:53 - output.txt is still empty
2024-07-24 10:22:59 INFO  Reusables:53 - output.txt is still empty
2024-07-24 10:22:59 INFO  Reusables:53 - output.txt is still empty
2024-07-24 10:22:59 INFO  Reusables:53 - output.txt is still empty
2024-07-24 10:22:59 INFO  Reusables:53 - output.txt is still empty
2024-07-24 10:22:59 INFO  Reusables:53 - output.txt is still empty
2024-07-24 10:22:59 INFO  Reusables:53 - output.txt is still empty
2024-07-24 10:22:59 INFO  Reusables:53 - output.txt is still empty
2024-07-24 10:22:59 INFO  Reusables:53 - output.txt is still empty
2024-07-24 10:22:59 INFO  Reusables:53 - output.txt is still empty
2024-07-24 10:22:59 INFO  Reusables:53 - output.txt is still empty
2024-07-24 10:22:59 INFO  Reusables:53 - output.txt is still empty
2024-07-24 10:22:59 INFO  Reusables:53 - output.txt is still empty
2024-07-24 10:22:59 INFO  Reusables:53 - output.txt is still empty
2024-07-24 10:22:59 INFO  Reusables:53 - output.txt is still empty
2024-07-24 10:22:59 INFO  Reusables:53 - output.txt is still empty
2024-07-24 10:22:59 INFO  Reusables:53 - output.txt is still empty
2024-07-24 10:22:59 INFO  Reusables:53 - output.txt is still empty
2024-07-24 10:22:59 INFO  Reusables:53 - output.txt is still empty
2024-07-24 10:22:59 INFO  Reusables:53 - output.txt is still empty
2024-07-24 10:22:59 INFO  Reusables:53 - output.txt is still empty
2024-07-24 10:22:59 INFO  Reusables:53 - output.txt is still empty
2024-07-24 10:22:59 INFO  Reusables:53 - output.txt is still empty
2024-07-24 10:22:59 INFO  Reusables:53 - output.txt is still empty
2024-07-24 10:22:59 INFO  Reusables:53 - output.txt is still empty
2024-07-24 10:22:59 INFO  Reusables:53 - output.txt is still empty
2024-07-24 10:22:59 INFO  Reusables:53 - output.txt is still empty
2024-07-24 10:22:59 INFO  Reusables:53 - output.txt is still empty
2024-07-24 10:22:59 INFO  Reusables:53 - output.txt is still empty
2024-07-24 10:22:59 INFO  Reusables:53 - output.txt is still empty
2024-07-24 10:22:59 INFO  Reusables:53 - output.txt is still empty
2024-07-24 10:22:59 INFO  Reusables:53 - output.txt is still empty
2024-07-24 10:22:59 INFO  Reusables:53 - output.txt is still empty
2024-07-24 10:22:59 INFO  Reusables:53 - output.txt is still empty
2024-07-24 10:22:59 INFO  Reusables:53 - output.txt is still empty
2024-07-24 10:22:59 INFO  Reusables:53 - output.txt is still empty
2024-07-24 10:22:59 INFO  Reusables:53 - output.txt is still empty
2024-07-24 10:22:59 INFO  Reusables:53 - output.txt is still empty
2024-07-24 10:22:59 INFO  Reusables:53 - output.txt is still empty
2024-07-24 10:22:59 INFO  Reusables:53 - output.txt is still empty
2024-07-24 10:22:59 INFO  Reusables:53 - output.txt is still empty
2024-07-24 10:22:59 INFO  Reusables:53 - output.txt is still empty
2024-07-24 10:22:59 INFO  Reusables:53 - output.txt is still empty
2024-07-24 10:22:59 INFO  Reusables:53 - output.txt is still empty
2024-07-24 10:22:59 INFO  Reusables:53 - output.txt is still empty
2024-07-24 10:22:59 INFO  Reusables:53 - output.txt is still empty
2024-07-24 10:22:59 INFO  Reusables:53 - output.txt is still empty
2024-07-24 10:22:59 INFO  Reusables:53 - output.txt is still empty
2024-07-24 10:22:59 INFO  Reusables:53 - output.txt is still empty
2024-07-24 10:22:59 INFO  Reusables:53 - output.txt is still empty
2024-07-24 10:22:59 INFO  Reusables:53 - output.txt is still empty
2024-07-24 10:22:59 INFO  Reusables:53 - output.txt is still empty
2024-07-24 10:22:59 INFO  Reusables:53 - output.txt is still empty
2024-07-24 10:22:59 INFO  Reusables:53 - output.txt is still empty
2024-07-24 10:22:59 INFO  Reusables:53 - output.txt is still empty
2024-07-24 10:22:59 INFO  Reusables:53 - output.txt is still empty
2024-07-24 10:22:59 INFO  Reusables:53 - output.txt is still empty
2024-07-24 10:22:59 INFO  Reusables:53 - output.txt is still empty
2024-07-24 10:22:59 INFO  Reusables:53 - output.txt is still empty
2024-07-24 10:22:59 INFO  Reusables:53 - output.txt is still empty
2024-07-24 10:22:59 INFO  Reusables:53 - output.txt is still empty
2024-07-24 10:22:59 INFO  Reusables:53 - output.txt is still empty
2024-07-24 10:22:59 INFO  Reusables:53 - output.txt is still empty
2024-07-24 10:22:59 INFO  Reusables:53 - output.txt is still empty
2024-07-24 10:22:59 INFO  Reusables:53 - output.txt is still empty
2024-07-24 10:22:59 INFO  Reusables:53 - output.txt is still empty
2024-07-24 10:22:59 INFO  Reusables:53 - output.txt is still empty
2024-07-24 10:22:59 INFO  Reusables:53 - output.txt is still empty
2024-07-24 10:22:59 INFO  Reusables:53 - output.txt is still empty
2024-07-24 10:22:59 INFO  Reusables:53 - output.txt is still empty
2024-07-24 10:22:59 INFO  Reusables:53 - output.txt is still empty
2024-07-24 10:22:59 INFO  Reusables:53 - output.txt is still empty
2024-07-24 10:22:59 INFO  Reusables:53 - output.txt is still empty
2024-07-24 10:22:59 INFO  Reusables:53 - output.txt is still empty
2024-07-24 10:22:59 INFO  Reusables:53 - output.txt is still empty
2024-07-24 10:22:59 INFO  Reusables:53 - output.txt is still empty
2024-07-24 10:22:59 INFO  Reusables:53 - output.txt is still empty
2024-07-24 10:22:59 INFO  Reusables:53 - output.txt is still empty
2024-07-24 10:22:59 INFO  Reusables:53 - output.txt is still empty
2024-07-24 10:22:59 INFO  Reusables:53 - output.txt is still empty
2024-07-24 10:22:59 INFO  Reusables:53 - output.txt is still empty
2024-07-24 10:22:59 INFO  Reusables:53 - output.txt is still empty
2024-07-24 10:22:59 INFO  Reusables:53 - output.txt is still empty
2024-07-24 10:22:59 INFO  Reusables:53 - output.txt is still empty
2024-07-24 10:22:59 INFO  Reusables:53 - output.txt is still empty
2024-07-24 10:22:59 INFO  Reusables:53 - output.txt is still empty
2024-07-24 10:22:59 INFO  Reusables:53 - output.txt is still empty
2024-07-24 10:22:59 INFO  Reusables:53 - output.txt is still empty
2024-07-24 10:22:59 INFO  Reusables:53 - output.txt is still empty
2024-07-24 10:22:59 INFO  Reusables:53 - output.txt is still empty
2024-07-24 10:22:59 INFO  Reusables:53 - output.txt is still empty
2024-07-24 10:22:59 INFO  Reusables:53 - output.txt is still empty
2024-07-24 10:22:59 INFO  Reusables:53 - output.txt is still empty
2024-07-24 10:22:59 INFO  Reusables:53 - output.txt is still empty
2024-07-24 10:22:59 INFO  Reusables:53 - output.txt is still empty
2024-07-24 10:22:59 INFO  Reusables:53 - output.txt is still empty
2024-07-24 10:22:59 INFO  Reusables:53 - output.txt is still empty
2024-07-24 10:22:59 INFO  Reusables:53 - output.txt is still empty
2024-07-24 10:22:59 INFO  Reusables:53 - output.txt is still empty
2024-07-24 10:22:59 INFO  Reusables:53 - output.txt is still empty
2024-07-24 10:22:59 INFO  Reusables:53 - output.txt is still empty
2024-07-24 10:22:59 INFO  Reusables:53 - output.txt is still empty
2024-07-24 10:22:59 INFO  Reusables:53 - output.txt is still empty
2024-07-24 10:22:59 INFO  Reusables:53 - output.txt is still empty
2024-07-24 10:22:59 INFO  Reusables:53 - output.txt is still empty
2024-07-24 10:22:59 INFO  Reusables:53 - output.txt is still empty
2024-07-24 10:22:59 INFO  Reusables:53 - output.txt is still empty
2024-07-24 10:22:59 INFO  Reusables:53 - output.txt is still empty
2024-07-24 10:22:59 INFO  Reusables:53 - output.txt is still empty
2024-07-24 10:22:59 INFO  Reusables:53 - output.txt is still empty
2024-07-24 10:22:59 INFO  Reusables:53 - output.txt is still empty
2024-07-24 10:22:59 INFO  Reusables:53 - output.txt is still empty
2024-07-24 10:22:59 INFO  Reusables:53 - output.txt is still empty
2024-07-24 10:22:59 INFO  Reusables:53 - output.txt is still empty
2024-07-24 10:22:59 INFO  Reusables:53 - output.txt is still empty
2024-07-24 10:22:59 INFO  Reusables:53 - output.txt is still empty
2024-07-24 10:22:59 INFO  Reusables:53 - output.txt is still empty
2024-07-24 10:22:59 INFO  Reusables:53 - output.txt is still empty
2024-07-24 10:22:59 INFO  Reusables:53 - output.txt is still empty
2024-07-24 10:22:59 INFO  Reusables:53 - output.txt is still empty
2024-07-24 10:22:59 INFO  Reusables:53 - output.txt is still empty
2024-07-24 10:22:59 INFO  Reusables:53 - output.txt is still empty
2024-07-24 10:22:59 INFO  Reusables:53 - output.txt is still empty
2024-07-24 10:22:59 INFO  Reusables:53 - output.txt is still empty
2024-07-24 10:22:59 INFO  Reusables:53 - output.txt is still empty
2024-07-24 10:22:59 INFO  Reusables:53 - output.txt is still empty
2024-07-24 10:22:59 INFO  Reusables:53 - output.txt is still empty
2024-07-24 10:22:59 INFO  Reusables:53 - output.txt is still empty
2024-07-24 10:22:59 INFO  Reusables:53 - output.txt is still empty
2024-07-24 10:22:59 INFO  Reusables:53 - output.txt is still empty
2024-07-24 10:22:59 INFO  Reusables:53 - output.txt is still empty
2024-07-24 10:22:59 INFO  Reusables:53 - output.txt is still empty
2024-07-24 10:22:59 INFO  Reusables:53 - output.txt is still empty
2024-07-24 10:22:59 INFO  Reusables:53 - output.txt is still empty
2024-07-24 10:22:59 INFO  Reusables:53 - output.txt is still empty
2024-07-24 10:22:59 INFO  Reusables:53 - output.txt is still empty
2024-07-24 10:22:59 INFO  Reusables:53 - output.txt is still empty
2024-07-24 10:22:59 INFO  Reusables:53 - output.txt is still empty
2024-07-24 10:22:59 INFO  Reusables:53 - output.txt is still empty
2024-07-24 10:22:59 INFO  Reusables:53 - output.txt is still empty
2024-07-24 10:22:59 INFO  Reusables:53 - output.txt is still empty
2024-07-24 10:22:59 INFO  Reusables:53 - output.txt is still empty
2024-07-24 10:22:59 INFO  Reusables:53 - output.txt is still empty
2024-07-24 10:22:59 INFO  Reusables:53 - output.txt is still empty
2024-07-24 10:22:59 INFO  Reusables:53 - output.txt is still empty
2024-07-24 10:22:59 INFO  Reusables:53 - output.txt is still empty
2024-07-24 10:22:59 INFO  Reusables:53 - output.txt is still empty
2024-07-24 10:22:59 INFO  Reusables:53 - output.txt is still empty
2024-07-24 10:22:59 INFO  Reusables:53 - output.txt is still empty
2024-07-24 10:22:59 INFO  Reusables:53 - output.txt is still empty
2024-07-24 10:22:59 INFO  Reusables:53 - output.txt is still empty
2024-07-24 10:22:59 INFO  Reusables:53 - output.txt is still empty
2024-07-24 10:22:59 INFO  Reusables:53 - output.txt is still empty
2024-07-24 10:22:59 INFO  Reusables:53 - output.txt is still empty
2024-07-24 10:22:59 INFO  Reusables:53 - output.txt is still empty
2024-07-24 10:22:59 INFO  Reusables:53 - output.txt is still empty
2024-07-24 10:22:59 INFO  Reusables:53 - output.txt is still empty
2024-07-24 10:22:59 INFO  Reusables:53 - output.txt is still empty
2024-07-24 10:22:59 INFO  Reusables:53 - output.txt is still empty
2024-07-24 10:22:59 INFO  Reusables:53 - output.txt is still empty
2024-07-24 10:22:59 INFO  Reusables:53 - output.txt is still empty
2024-07-24 10:22:59 INFO  Reusables:53 - output.txt is still empty
2024-07-24 10:22:59 INFO  Reusables:53 - output.txt is still empty
2024-07-24 10:22:59 INFO  Reusables:53 - output.txt is still empty
2024-07-24 10:22:59 INFO  Reusables:53 - output.txt is still empty
2024-07-24 10:22:59 INFO  Reusables:53 - output.txt is still empty
2024-07-24 10:22:59 INFO  Reusables:53 - output.txt is still empty
2024-07-24 10:22:59 INFO  Reusables:53 - output.txt is still empty
2024-07-24 10:22:59 INFO  Reusables:53 - output.txt is still empty
2024-07-24 10:22:59 INFO  Reusables:53 - output.txt is still empty
2024-07-24 10:22:59 INFO  Reusables:53 - output.txt is still empty
2024-07-24 10:22:59 INFO  Reusables:53 - output.txt is still empty
2024-07-24 10:22:59 INFO  Reusables:53 - output.txt is still empty
2024-07-24 10:22:59 INFO  Reusables:53 - output.txt is still empty
2024-07-24 10:22:59 INFO  Reusables:53 - output.txt is still empty
2024-07-24 10:22:59 INFO  Reusables:53 - output.txt is still empty
2024-07-24 10:22:59 INFO  Reusables:53 - output.txt is still empty
2024-07-24 10:22:59 INFO  Reusables:53 - output.txt is still empty
2024-07-24 10:22:59 INFO  Reusables:53 - output.txt is still empty
2024-07-24 10:22:59 INFO  Reusables:53 - output.txt is still empty
2024-07-24 10:22:59 INFO  Reusables:53 - output.txt is still empty
2024-07-24 10:22:59 INFO  Reusables:53 - output.txt is still empty
2024-07-24 10:22:59 INFO  Reusables:53 - output.txt is still empty
2024-07-24 10:22:59 INFO  Reusables:53 - output.txt is still empty
2024-07-24 10:22:59 INFO  Reusables:53 - output.txt is still empty
2024-07-24 10:22:59 INFO  Reusables:53 - output.txt is still empty
2024-07-24 10:22:59 INFO  Reusables:53 - output.txt is still empty
2024-07-24 10:22:59 INFO  Reusables:53 - output.txt is still empty
2024-07-24 10:22:59 INFO  Reusables:53 - output.txt is still empty
2024-07-24 10:22:59 INFO  Reusables:53 - output.txt is still empty
2024-07-24 10:22:59 INFO  Reusables:53 - output.txt is still empty
2024-07-24 10:22:59 INFO  Reusables:53 - output.txt is still empty
2024-07-24 10:22:59 INFO  Reusables:53 - output.txt is still empty
2024-07-24 10:22:59 INFO  Reusables:53 - output.txt is still empty
2024-07-24 10:22:59 INFO  Reusables:53 - output.txt is still empty
2024-07-24 10:22:59 INFO  Reusables:53 - output.txt is still empty
2024-07-24 10:22:59 INFO  Reusables:53 - output.txt is still empty
2024-07-24 10:22:59 INFO  Reusables:53 - output.txt is still empty
2024-07-24 10:22:59 INFO  Reusables:53 - output.txt is still empty
2024-07-24 10:22:59 INFO  Reusables:53 - output.txt is still empty
2024-07-24 10:22:59 INFO  Reusables:53 - output.txt is still empty
2024-07-24 10:22:59 INFO  Reusables:53 - output.txt is still empty
2024-07-24 10:22:59 INFO  Reusables:53 - output.txt is still empty
2024-07-24 10:22:59 INFO  Reusables:53 - output.txt is still empty
2024-07-24 10:22:59 INFO  Reusables:53 - output.txt is still empty
2024-07-24 10:22:59 INFO  Reusables:53 - output.txt is still empty
2024-07-24 10:22:59 INFO  Reusables:53 - output.txt is still empty
2024-07-24 10:22:59 INFO  Reusables:53 - output.txt is still empty
2024-07-24 10:22:59 INFO  Reusables:53 - output.txt is still empty
2024-07-24 10:22:59 INFO  Reusables:53 - output.txt is still empty
2024-07-24 10:22:59 INFO  Reusables:53 - output.txt is still empty
2024-07-24 10:22:59 INFO  Reusables:53 - output.txt is still empty
2024-07-24 10:22:59 INFO  Reusables:53 - output.txt is still empty
2024-07-24 10:22:59 INFO  Reusables:53 - output.txt is still empty
2024-07-24 10:22:59 INFO  Reusables:53 - output.txt is still empty
2024-07-24 10:22:59 INFO  Reusables:53 - output.txt is still empty
2024-07-24 10:22:59 INFO  Reusables:53 - output.txt is still empty
2024-07-24 10:22:59 INFO  Reusables:53 - output.txt is still empty
2024-07-24 10:22:59 INFO  Reusables:53 - output.txt is still empty
2024-07-24 10:22:59 INFO  Reusables:53 - output.txt is still empty
2024-07-24 10:22:59 INFO  Reusables:53 - output.txt is still empty
2024-07-24 10:22:59 INFO  Reusables:53 - output.txt is still empty
2024-07-24 10:22:59 INFO  Reusables:53 - output.txt is still empty
2024-07-24 10:22:59 INFO  Reusables:53 - output.txt is still empty
2024-07-24 10:22:59 INFO  Reusables:53 - output.txt is still empty
2024-07-24 10:22:59 INFO  Reusables:53 - output.txt is still empty
2024-07-24 10:22:59 INFO  Reusables:53 - output.txt is still empty
2024-07-24 10:22:59 INFO  Reusables:53 - output.txt is still empty
2024-07-24 10:22:59 INFO  Reusables:53 - output.txt is still empty
2024-07-24 10:22:59 INFO  Reusables:53 - output.txt is still empty
2024-07-24 10:22:59 INFO  Reusables:53 - output.txt is still empty
2024-07-24 10:22:59 INFO  Reusables:53 - output.txt is still empty
2024-07-24 10:22:59 INFO  Reusables:53 - output.txt is still empty
2024-07-24 10:22:59 INFO  Reusables:53 - output.txt is still empty
2024-07-24 10:22:59 INFO  Reusables:53 - output.txt is still empty
2024-07-24 10:22:59 INFO  Reusables:53 - output.txt is still empty
2024-07-24 10:22:59 INFO  Reusables:53 - output.txt is still empty
2024-07-24 10:22:59 INFO  Reusables:53 - output.txt is still empty
2024-07-24 10:22:59 INFO  Reusables:53 - output.txt is still empty
2024-07-24 10:22:59 INFO  Reusables:53 - output.txt is still empty
2024-07-24 10:22:59 INFO  Reusables:53 - output.txt is still empty
2024-07-24 10:22:59 INFO  Reusables:53 - output.txt is still empty
2024-07-24 10:22:59 INFO  Reusables:53 - output.txt is still empty
2024-07-24 10:22:59 INFO  Reusables:53 - output.txt is still empty
2024-07-24 10:22:59 INFO  Reusables:53 - output.txt is still empty
2024-07-24 10:22:59 INFO  Reusables:53 - output.txt is still empty
2024-07-24 10:22:59 INFO  Reusables:53 - output.txt is still empty
2024-07-24 10:22:59 INFO  Reusables:53 - output.txt is still empty
2024-07-24 10:22:59 INFO  Reusables:53 - output.txt is still empty
2024-07-24 10:22:59 INFO  Reusables:53 - output.txt is still empty
2024-07-24 10:22:59 INFO  Reusables:53 - output.txt is still empty
2024-07-24 10:22:59 INFO  Reusables:53 - output.txt is still empty
2024-07-24 10:22:59 INFO  Reusables:53 - output.txt is still empty
2024-07-24 10:22:59 INFO  Reusables:53 - output.txt is still empty
2024-07-24 10:22:59 INFO  Reusables:53 - output.txt is still empty
2024-07-24 10:22:59 INFO  Reusables:53 - output.txt is still empty
2024-07-24 10:22:59 INFO  Reusables:53 - output.txt is still empty
2024-07-24 10:22:59 INFO  Reusables:53 - output.txt is still empty
2024-07-24 10:22:59 INFO  Reusables:53 - output.txt is still empty
2024-07-24 10:22:59 INFO  Reusables:53 - output.txt is still empty
2024-07-24 10:22:59 INFO  Reusables:53 - output.txt is still empty
2024-07-24 10:22:59 INFO  Reusables:53 - output.txt is still empty
2024-07-24 10:22:59 INFO  Reusables:53 - output.txt is still empty
2024-07-24 10:22:59 INFO  Reusables:53 - output.txt is still empty
2024-07-24 10:22:59 INFO  Reusables:53 - output.txt is still empty
2024-07-24 10:22:59 INFO  Reusables:53 - output.txt is still empty
2024-07-24 10:22:59 INFO  Reusables:53 - output.txt is still empty
2024-07-24 10:22:59 INFO  Reusables:53 - output.txt is still empty
2024-07-24 10:22:59 INFO  Reusables:53 - output.txt is still empty
2024-07-24 10:22:59 INFO  Reusables:53 - output.txt is still empty
2024-07-24 10:22:59 INFO  Reusables:53 - output.txt is still empty
2024-07-24 10:22:59 INFO  Reusables:53 - output.txt is still empty
2024-07-24 10:22:59 INFO  Reusables:53 - output.txt is still empty
2024-07-24 10:22:59 INFO  Reusables:53 - output.txt is still empty
2024-07-24 10:22:59 INFO  Reusables:53 - output.txt is still empty
2024-07-24 10:22:59 INFO  Reusables:53 - output.txt is still empty
2024-07-24 10:22:59 INFO  Reusables:53 - output.txt is still empty
2024-07-24 10:22:59 INFO  Reusables:53 - output.txt is still empty
2024-07-24 10:22:59 INFO  Reusables:53 - output.txt is still empty
2024-07-24 10:22:59 INFO  Reusables:53 - output.txt is still empty
2024-07-24 10:22:59 INFO  Reusables:53 - output.txt is still empty
2024-07-24 10:22:59 INFO  Reusables:53 - output.txt is still empty
2024-07-24 10:22:59 INFO  Reusables:53 - output.txt is still empty
2024-07-24 10:22:59 INFO  Reusables:53 - output.txt is still empty
2024-07-24 10:22:59 INFO  Reusables:53 - output.txt is still empty
2024-07-24 10:22:59 INFO  Reusables:53 - output.txt is still empty
2024-07-24 10:22:59 INFO  Reusables:53 - output.txt is still empty
2024-07-24 10:22:59 INFO  Reusables:53 - output.txt is still empty
2024-07-24 10:22:59 INFO  Reusables:53 - output.txt is still empty
2024-07-24 10:22:59 INFO  Reusables:53 - output.txt is still empty
2024-07-24 10:22:59 INFO  Reusables:53 - output.txt is still empty
2024-07-24 10:22:59 INFO  Reusables:53 - output.txt is still empty
2024-07-24 10:22:59 INFO  Reusables:53 - output.txt is still empty
2024-07-24 10:22:59 INFO  Reusables:53 - output.txt is still empty
2024-07-24 10:22:59 INFO  Reusables:53 - output.txt is still empty
2024-07-24 10:22:59 INFO  Reusables:53 - output.txt is still empty
2024-07-24 10:22:59 INFO  Reusables:53 - output.txt is still empty
2024-07-24 10:22:59 INFO  Reusables:53 - output.txt is still empty
2024-07-24 10:22:59 INFO  Reusables:53 - output.txt is still empty
2024-07-24 10:22:59 INFO  Reusables:53 - output.txt is still empty
2024-07-24 10:22:59 INFO  Reusables:53 - output.txt is still empty
2024-07-24 10:22:59 INFO  Reusables:53 - output.txt is still empty
2024-07-24 10:22:59 INFO  Reusables:53 - output.txt is still empty
2024-07-24 10:22:59 INFO  Reusables:53 - output.txt is still empty
2024-07-24 10:22:59 INFO  Reusables:53 - output.txt is still empty
2024-07-24 10:22:59 INFO  Reusables:53 - output.txt is still empty
2024-07-24 10:22:59 INFO  Reusables:53 - output.txt is still empty
2024-07-24 10:22:59 INFO  Reusables:53 - output.txt is still empty
2024-07-24 10:22:59 INFO  Reusables:53 - output.txt is still empty
2024-07-24 10:22:59 INFO  Reusables:53 - output.txt is still empty
2024-07-24 10:22:59 INFO  Reusables:53 - output.txt is still empty
2024-07-24 10:22:59 INFO  Reusables:53 - output.txt is still empty
2024-07-24 10:22:59 INFO  Reusables:53 - output.txt is still empty
2024-07-24 10:22:59 INFO  Reusables:53 - output.txt is still empty
2024-07-24 10:22:59 INFO  Reusables:53 - output.txt is still empty
2024-07-24 10:22:59 INFO  Reusables:53 - output.txt is still empty
2024-07-24 10:22:59 INFO  Reusables:53 - output.txt is still empty
2024-07-24 10:22:59 INFO  Reusables:53 - output.txt is still empty
2024-07-24 10:22:59 INFO  Reusables:53 - output.txt is still empty
2024-07-24 10:22:59 INFO  Reusables:53 - output.txt is still empty
2024-07-24 10:22:59 INFO  Reusables:53 - output.txt is still empty
2024-07-24 10:22:59 INFO  Reusables:53 - output.txt is still empty
2024-07-24 10:22:59 INFO  Reusables:53 - output.txt is still empty
2024-07-24 10:22:59 INFO  Reusables:53 - output.txt is still empty
2024-07-24 10:22:59 INFO  Reusables:53 - output.txt is still empty
2024-07-24 10:22:59 INFO  Reusables:53 - output.txt is still empty
2024-07-24 10:22:59 INFO  Reusables:53 - output.txt is still empty
2024-07-24 10:22:59 INFO  Reusables:53 - output.txt is still empty
2024-07-24 10:22:59 INFO  Reusables:53 - output.txt is still empty
2024-07-24 10:22:59 INFO  Reusables:53 - output.txt is still empty
2024-07-24 10:22:59 INFO  Reusables:53 - output.txt is still empty
2024-07-24 10:22:59 INFO  Reusables:53 - output.txt is still empty
2024-07-24 10:22:59 INFO  Reusables:53 - output.txt is still empty
2024-07-24 10:22:59 INFO  Reusables:53 - output.txt is still empty
2024-07-24 10:22:59 INFO  Reusables:53 - output.txt is still empty
2024-07-24 10:22:59 INFO  Reusables:53 - output.txt is still empty
2024-07-24 10:22:59 INFO  Reusables:53 - output.txt is still empty
2024-07-24 10:22:59 INFO  Reusables:53 - output.txt is still empty
2024-07-24 10:22:59 INFO  Reusables:53 - output.txt is still empty
2024-07-24 10:22:59 INFO  Reusables:53 - output.txt is still empty
2024-07-24 10:22:59 INFO  Reusables:53 - output.txt is still empty
2024-07-24 10:22:59 INFO  Reusables:53 - output.txt is still empty
2024-07-24 10:22:59 INFO  Reusables:53 - output.txt is still empty
2024-07-24 10:22:59 INFO  Reusables:53 - output.txt is still empty
2024-07-24 10:22:59 INFO  Reusables:53 - output.txt is still empty
2024-07-24 10:22:59 INFO  Reusables:53 - output.txt is still empty
2024-07-24 10:22:59 INFO  Reusables:53 - output.txt is still empty
2024-07-24 10:22:59 INFO  Reusables:53 - output.txt is still empty
2024-07-24 10:22:59 INFO  Reusables:53 - output.txt is still empty
2024-07-24 10:22:59 INFO  Reusables:53 - output.txt is still empty
2024-07-24 10:22:59 INFO  Reusables:53 - output.txt is still empty
2024-07-24 10:22:59 INFO  Reusables:53 - output.txt is still empty
2024-07-24 10:22:59 INFO  Reusables:53 - output.txt is still empty
2024-07-24 10:22:59 INFO  Reusables:53 - output.txt is still empty
2024-07-24 10:22:59 INFO  Reusables:53 - output.txt is still empty
2024-07-24 10:22:59 INFO  Reusables:53 - output.txt is still empty
2024-07-24 10:22:59 INFO  Reusables:53 - output.txt is still empty
2024-07-24 10:22:59 INFO  Reusables:53 - output.txt is still empty
2024-07-24 10:22:59 INFO  Reusables:53 - output.txt is still empty
2024-07-24 10:22:59 INFO  Reusables:53 - output.txt is still empty
2024-07-24 10:22:59 INFO  Reusables:53 - output.txt is still empty
2024-07-24 10:22:59 INFO  Reusables:53 - output.txt is still empty
2024-07-24 10:22:59 INFO  Reusables:53 - output.txt is still empty
2024-07-24 10:22:59 INFO  Reusables:53 - output.txt is still empty
2024-07-24 10:22:59 INFO  Reusables:53 - output.txt is still empty
2024-07-24 10:22:59 INFO  Reusables:53 - output.txt is still empty
2024-07-24 10:22:59 INFO  Reusables:53 - output.txt is still empty
2024-07-24 10:22:59 INFO  Reusables:53 - output.txt is still empty
2024-07-24 10:22:59 INFO  Reusables:53 - output.txt is still empty
2024-07-24 10:22:59 INFO  Reusables:53 - output.txt is still empty
2024-07-24 10:22:59 INFO  Reusables:53 - output.txt is still empty
2024-07-24 10:22:59 INFO  Reusables:53 - output.txt is still empty
2024-07-24 10:22:59 INFO  Reusables:53 - output.txt is still empty
2024-07-24 10:22:59 INFO  Reusables:53 - output.txt is still empty
2024-07-24 10:22:59 INFO  Reusables:53 - output.txt is still empty
2024-07-24 10:22:59 INFO  Reusables:53 - output.txt is still empty
2024-07-24 10:22:59 INFO  Reusables:53 - output.txt is still empty
2024-07-24 10:22:59 INFO  Reusables:53 - output.txt is still empty
2024-07-24 10:22:59 INFO  Reusables:53 - output.txt is still empty
2024-07-24 10:22:59 INFO  Reusables:53 - output.txt is still empty
2024-07-24 10:22:59 INFO  Reusables:53 - output.txt is still empty
2024-07-24 10:22:59 INFO  Reusables:53 - output.txt is still empty
2024-07-24 10:22:59 INFO  Reusables:53 - output.txt is still empty
2024-07-24 10:22:59 INFO  Reusables:53 - output.txt is still empty
2024-07-24 10:22:59 INFO  Reusables:53 - output.txt is still empty
2024-07-24 10:22:59 INFO  Reusables:53 - output.txt is still empty
2024-07-24 10:22:59 INFO  Reusables:53 - output.txt is still empty
2024-07-24 10:22:59 INFO  Reusables:53 - output.txt is still empty
2024-07-24 10:22:59 INFO  Reusables:53 - output.txt is still empty
2024-07-24 10:22:59 INFO  Reusables:53 - output.txt is still empty
2024-07-24 10:22:59 INFO  Reusables:53 - output.txt is still empty
2024-07-24 10:22:59 INFO  Reusables:53 - output.txt is still empty
2024-07-24 10:22:59 INFO  Reusables:53 - output.txt is still empty
2024-07-24 10:22:59 INFO  Reusables:53 - output.txt is still empty
2024-07-24 10:22:59 INFO  Reusables:53 - output.txt is still empty
2024-07-24 10:22:59 INFO  Reusables:53 - output.txt is still empty
2024-07-24 10:22:59 INFO  Reusables:53 - output.txt is still empty
2024-07-24 10:22:59 INFO  Reusables:53 - output.txt is still empty
2024-07-24 10:22:59 INFO  Reusables:53 - output.txt is still empty
2024-07-24 10:22:59 INFO  Reusables:53 - output.txt is still empty
2024-07-24 10:22:59 INFO  Reusables:53 - output.txt is still empty
2024-07-24 10:22:59 INFO  Reusables:53 - output.txt is still empty
2024-07-24 10:22:59 INFO  Reusables:53 - output.txt is still empty
2024-07-24 10:22:59 INFO  Reusables:53 - output.txt is still empty
2024-07-24 10:22:59 INFO  Reusables:53 - output.txt is still empty
2024-07-24 10:22:59 INFO  Reusables:53 - output.txt is still empty
2024-07-24 10:22:59 INFO  Reusables:53 - output.txt is still empty
2024-07-24 10:22:59 INFO  Reusables:53 - output.txt is still empty
2024-07-24 10:22:59 INFO  Reusables:53 - output.txt is still empty
2024-07-24 10:22:59 INFO  Reusables:53 - output.txt is still empty
2024-07-24 10:22:59 INFO  Reusables:53 - output.txt is still empty
2024-07-24 10:22:59 INFO  Reusables:53 - output.txt is still empty
2024-07-24 10:22:59 INFO  Reusables:53 - output.txt is still empty
2024-07-24 10:22:59 INFO  Reusables:53 - output.txt is still empty
2024-07-24 10:22:59 INFO  Reusables:53 - output.txt is still empty
2024-07-24 10:22:59 INFO  Reusables:53 - output.txt is still empty
2024-07-24 10:22:59 INFO  Reusables:53 - output.txt is still empty
2024-07-24 10:22:59 INFO  Reusables:53 - output.txt is still empty
2024-07-24 10:22:59 INFO  Reusables:53 - output.txt is still empty
2024-07-24 10:22:59 INFO  Reusables:53 - output.txt is still empty
2024-07-24 10:22:59 INFO  Reusables:53 - output.txt is still empty
2024-07-24 10:22:59 INFO  Reusables:53 - output.txt is still empty
2024-07-24 10:22:59 INFO  Reusables:53 - output.txt is still empty
2024-07-24 10:22:59 INFO  Reusables:53 - output.txt is still empty
2024-07-24 10:22:59 INFO  Reusables:53 - output.txt is still empty
2024-07-24 10:22:59 INFO  Reusables:53 - output.txt is still empty
2024-07-24 10:22:59 INFO  Reusables:53 - output.txt is still empty
2024-07-24 10:22:59 INFO  Reusables:53 - output.txt is still empty
2024-07-24 10:22:59 INFO  Reusables:53 - output.txt is still empty
2024-07-24 10:22:59 INFO  Reusables:53 - output.txt is still empty
2024-07-24 10:22:59 INFO  Reusables:53 - output.txt is still empty
2024-07-24 10:22:59 INFO  Reusables:53 - output.txt is still empty
2024-07-24 10:22:59 INFO  Reusables:53 - output.txt is still empty
2024-07-24 10:22:59 INFO  Reusables:53 - output.txt is still empty
2024-07-24 10:22:59 INFO  Reusables:53 - output.txt is still empty
2024-07-24 10:22:59 INFO  Reusables:53 - output.txt is still empty
2024-07-24 10:22:59 INFO  Reusables:53 - output.txt is still empty
2024-07-24 10:22:59 INFO  Reusables:53 - output.txt is still empty
2024-07-24 10:22:59 INFO  Reusables:53 - output.txt is still empty
2024-07-24 10:22:59 INFO  Reusables:53 - output.txt is still empty
2024-07-24 10:22:59 INFO  Reusables:53 - output.txt is still empty
2024-07-24 10:22:59 INFO  Reusables:53 - output.txt is still empty
2024-07-24 10:22:59 INFO  Reusables:53 - output.txt is still empty
2024-07-24 10:22:59 INFO  Reusables:53 - output.txt is still empty
2024-07-24 10:22:59 INFO  Reusables:53 - output.txt is still empty
2024-07-24 10:22:59 INFO  Reusables:53 - output.txt is still empty
2024-07-24 10:22:59 INFO  Reusables:53 - output.txt is still empty
2024-07-24 10:22:59 INFO  Reusables:53 - output.txt is still empty
2024-07-24 10:22:59 INFO  Reusables:53 - output.txt is still empty
2024-07-24 10:22:59 INFO  Reusables:53 - output.txt is still empty
2024-07-24 10:22:59 INFO  Reusables:53 - output.txt is still empty
2024-07-24 10:22:59 INFO  Reusables:53 - output.txt is still empty
2024-07-24 10:22:59 INFO  Reusables:53 - output.txt is still empty
2024-07-24 10:22:59 INFO  Reusables:53 - output.txt is still empty
2024-07-24 10:22:59 INFO  Reusables:53 - output.txt is still empty
2024-07-24 10:22:59 INFO  Reusables:53 - output.txt is still empty
2024-07-24 10:22:59 INFO  Reusables:53 - output.txt is still empty
2024-07-24 10:22:59 INFO  Reusables:53 - output.txt is still empty
2024-07-24 10:22:59 INFO  Reusables:53 - output.txt is still empty
2024-07-24 10:22:59 INFO  Reusables:53 - output.txt is still empty
2024-07-24 10:22:59 INFO  Reusables:53 - output.txt is still empty
2024-07-24 10:22:59 INFO  Reusables:53 - output.txt is still empty
2024-07-24 10:22:59 INFO  Reusables:53 - output.txt is still empty
2024-07-24 10:22:59 INFO  Reusables:53 - output.txt is still empty
2024-07-24 10:22:59 INFO  Reusables:53 - output.txt is still empty
2024-07-24 10:22:59 INFO  Reusables:53 - output.txt is still empty
2024-07-24 10:22:59 INFO  Reusables:53 - output.txt is still empty
2024-07-24 10:22:59 INFO  Reusables:53 - output.txt is still empty
2024-07-24 10:22:59 INFO  Reusables:53 - output.txt is still empty
2024-07-24 10:22:59 INFO  Reusables:53 - output.txt is still empty
2024-07-24 10:22:59 INFO  Reusables:53 - output.txt is still empty
2024-07-24 10:22:59 INFO  Reusables:53 - output.txt is still empty
2024-07-24 10:22:59 INFO  Reusables:53 - output.txt is still empty
2024-07-24 10:22:59 INFO  Reusables:53 - output.txt is still empty
2024-07-24 10:22:59 INFO  Reusables:53 - output.txt is still empty
2024-07-24 10:22:59 INFO  Reusables:53 - output.txt is still empty
2024-07-24 10:22:59 INFO  Reusables:53 - output.txt is still empty
2024-07-24 10:22:59 INFO  Reusables:53 - output.txt is still empty
2024-07-24 10:22:59 INFO  Reusables:53 - output.txt is still empty
2024-07-24 10:22:59 INFO  Reusables:53 - output.txt is still empty
2024-07-24 10:22:59 INFO  Reusables:53 - output.txt is still empty
2024-07-24 10:22:59 INFO  Reusables:53 - output.txt is still empty
2024-07-24 10:22:59 INFO  Reusables:53 - output.txt is still empty
2024-07-24 10:22:59 INFO  Reusables:53 - output.txt is still empty
2024-07-24 10:22:59 INFO  Reusables:53 - output.txt is still empty
2024-07-24 10:22:59 INFO  Reusables:53 - output.txt is still empty
2024-07-24 10:22:59 INFO  Reusables:53 - output.txt is still empty
2024-07-24 10:22:59 INFO  Reusables:53 - output.txt is still empty
2024-07-24 10:22:59 INFO  Reusables:53 - output.txt is still empty
2024-07-24 10:22:59 INFO  Reusables:53 - output.txt is still empty
2024-07-24 10:22:59 INFO  Reusables:53 - output.txt is still empty
2024-07-24 10:22:59 INFO  Reusables:53 - output.txt is still empty
2024-07-24 10:22:59 INFO  Reusables:53 - output.txt is still empty
2024-07-24 10:22:59 INFO  Reusables:53 - output.txt is still empty
2024-07-24 10:22:59 INFO  Reusables:53 - output.txt is still empty
2024-07-24 10:22:59 INFO  Reusables:53 - output.txt is still empty
2024-07-24 10:22:59 INFO  Reusables:53 - output.txt is still empty
2024-07-24 10:22:59 INFO  Reusables:53 - output.txt is still empty
2024-07-24 10:22:59 INFO  Reusables:53 - output.txt is still empty
2024-07-24 10:22:59 INFO  Reusables:53 - output.txt is still empty
2024-07-24 10:22:59 INFO  Reusables:53 - output.txt is still empty
2024-07-24 10:22:59 INFO  Reusables:53 - output.txt is still empty
2024-07-24 10:22:59 INFO  Reusables:53 - output.txt is still empty
2024-07-24 10:22:59 INFO  Reusables:53 - output.txt is still empty
2024-07-24 10:22:59 INFO  Reusables:53 - output.txt is still empty
2024-07-24 10:22:59 INFO  Reusables:53 - output.txt is still empty
2024-07-24 10:22:59 INFO  Reusables:53 - output.txt is still empty
2024-07-24 10:22:59 INFO  Reusables:53 - output.txt is still empty
2024-07-24 10:22:59 INFO  Reusables:53 - output.txt is still empty
2024-07-24 10:22:59 INFO  Reusables:53 - output.txt is still empty
2024-07-24 10:22:59 INFO  Reusables:53 - output.txt is still empty
2024-07-24 10:22:59 INFO  Reusables:53 - output.txt is still empty
2024-07-24 10:22:59 INFO  Reusables:53 - output.txt is still empty
2024-07-24 10:22:59 INFO  Reusables:53 - output.txt is still empty
2024-07-24 10:22:59 INFO  Reusables:53 - output.txt is still empty
2024-07-24 10:22:59 INFO  Reusables:53 - output.txt is still empty
2024-07-24 10:22:59 INFO  Reusables:53 - output.txt is still empty
2024-07-24 10:22:59 INFO  Reusables:53 - output.txt is still empty
2024-07-24 10:22:59 INFO  Reusables:53 - output.txt is still empty
2024-07-24 10:22:59 INFO  Reusables:53 - output.txt is still empty
2024-07-24 10:22:59 INFO  Reusables:53 - output.txt is still empty
2024-07-24 10:22:59 INFO  Reusables:53 - output.txt is still empty
2024-07-24 10:22:59 INFO  Reusables:53 - output.txt is still empty
2024-07-24 10:22:59 INFO  Reusables:53 - output.txt is still empty
2024-07-24 10:22:59 INFO  Reusables:53 - output.txt is still empty
2024-07-24 10:22:59 INFO  Reusables:53 - output.txt is still empty
2024-07-24 10:22:59 INFO  Reusables:53 - output.txt is still empty
2024-07-24 10:22:59 INFO  Reusables:53 - output.txt is still empty
2024-07-24 10:22:59 INFO  Reusables:53 - output.txt is still empty
2024-07-24 10:22:59 INFO  Reusables:53 - output.txt is still empty
2024-07-24 10:22:59 INFO  Reusables:53 - output.txt is still empty
2024-07-24 10:22:59 INFO  Reusables:53 - output.txt is still empty
2024-07-24 10:22:59 INFO  Reusables:53 - output.txt is still empty
2024-07-24 10:22:59 INFO  Reusables:53 - output.txt is still empty
2024-07-24 10:22:59 INFO  Reusables:53 - output.txt is still empty
2024-07-24 10:22:59 INFO  Reusables:53 - output.txt is still empty
2024-07-24 10:22:59 INFO  Reusables:53 - output.txt is still empty
2024-07-24 10:22:59 INFO  Reusables:53 - output.txt is still empty
2024-07-24 10:22:59 INFO  Reusables:53 - output.txt is still empty
2024-07-24 10:22:59 INFO  Reusables:53 - output.txt is still empty
2024-07-24 10:22:59 INFO  Reusables:53 - output.txt is still empty
2024-07-24 10:22:59 INFO  Reusables:53 - output.txt is still empty
2024-07-24 10:22:59 INFO  Reusables:53 - output.txt is still empty
2024-07-24 10:22:59 INFO  Reusables:53 - output.txt is still empty
2024-07-24 10:22:59 INFO  Reusables:53 - output.txt is still empty
2024-07-24 10:22:59 INFO  Reusables:53 - output.txt is still empty
2024-07-24 10:22:59 INFO  Reusables:53 - output.txt is still empty
2024-07-24 10:22:59 INFO  Reusables:53 - output.txt is still empty
2024-07-24 10:22:59 INFO  Reusables:53 - output.txt is still empty
2024-07-24 10:22:59 INFO  Reusables:53 - output.txt is still empty
2024-07-24 10:22:59 INFO  Reusables:53 - output.txt is still empty
2024-07-24 10:22:59 INFO  Reusables:53 - output.txt is still empty
2024-07-24 10:22:59 INFO  Reusables:53 - output.txt is still empty
2024-07-24 10:22:59 INFO  Reusables:53 - output.txt is still empty
2024-07-24 10:22:59 INFO  Reusables:53 - output.txt is still empty
2024-07-24 10:22:59 INFO  Reusables:53 - output.txt is still empty
2024-07-24 10:22:59 INFO  Reusables:53 - output.txt is still empty
2024-07-24 10:22:59 INFO  Reusables:53 - output.txt is still empty
2024-07-24 10:22:59 INFO  Reusables:53 - output.txt is still empty
2024-07-24 10:22:59 INFO  Reusables:53 - output.txt is still empty
2024-07-24 10:22:59 INFO  Reusables:53 - output.txt is still empty
2024-07-24 10:22:59 INFO  Reusables:53 - output.txt is still empty
2024-07-24 10:22:59 INFO  Reusables:53 - output.txt is still empty
2024-07-24 10:22:59 INFO  Reusables:53 - output.txt is still empty
2024-07-24 10:22:59 INFO  Reusables:53 - output.txt is still empty
2024-07-24 10:22:59 INFO  Reusables:53 - output.txt is still empty
2024-07-24 10:22:59 INFO  Reusables:53 - output.txt is still empty
2024-07-24 10:22:59 INFO  Reusables:53 - output.txt is still empty
2024-07-24 10:22:59 INFO  Reusables:53 - output.txt is still empty
2024-07-24 10:22:59 INFO  Reusables:53 - output.txt is still empty
2024-07-24 10:22:59 INFO  Reusables:53 - output.txt is still empty
2024-07-24 10:22:59 INFO  Reusables:53 - output.txt is still empty
2024-07-24 10:22:59 INFO  Reusables:53 - output.txt is still empty
2024-07-24 10:22:59 INFO  Reusables:53 - output.txt is still empty
2024-07-24 10:22:59 INFO  Reusables:53 - output.txt is still empty
2024-07-24 10:22:59 INFO  Reusables:53 - output.txt is still empty
2024-07-24 10:22:59 INFO  Reusables:53 - output.txt is still empty
2024-07-24 10:22:59 INFO  Reusables:53 - output.txt is still empty
2024-07-24 10:22:59 INFO  Reusables:53 - output.txt is still empty
2024-07-24 10:22:59 INFO  Reusables:53 - output.txt is still empty
2024-07-24 10:22:59 INFO  Reusables:53 - output.txt is still empty
2024-07-24 10:22:59 INFO  Reusables:53 - output.txt is still empty
2024-07-24 10:22:59 INFO  Reusables:53 - output.txt is still empty
2024-07-24 10:22:59 INFO  Reusables:53 - output.txt is still empty
2024-07-24 10:22:59 INFO  Reusables:53 - output.txt is still empty
2024-07-24 10:22:59 INFO  Reusables:53 - output.txt is still empty
2024-07-24 10:22:59 INFO  Reusables:53 - output.txt is still empty
2024-07-24 10:22:59 INFO  Reusables:53 - output.txt is still empty
2024-07-24 10:22:59 INFO  Reusables:53 - output.txt is still empty
2024-07-24 10:22:59 INFO  Reusables:53 - output.txt is still empty
2024-07-24 10:22:59 INFO  Reusables:53 - output.txt is still empty
2024-07-24 10:22:59 INFO  Reusables:53 - output.txt is still empty
2024-07-24 10:22:59 INFO  Reusables:53 - output.txt is still empty
2024-07-24 10:22:59 INFO  Reusables:53 - output.txt is still empty
2024-07-24 10:22:59 INFO  Reusables:53 - output.txt is still empty
2024-07-24 10:22:59 INFO  Reusables:53 - output.txt is still empty
2024-07-24 10:22:59 INFO  Reusables:53 - output.txt is still empty
2024-07-24 10:22:59 INFO  Reusables:53 - output.txt is still empty
2024-07-24 10:22:59 INFO  Reusables:53 - output.txt is still empty
2024-07-24 10:22:59 INFO  Reusables:53 - output.txt is still empty
2024-07-24 10:22:59 INFO  Reusables:53 - output.txt is still empty
2024-07-24 10:22:59 INFO  Reusables:53 - output.txt is still empty
2024-07-24 10:22:59 INFO  Reusables:53 - output.txt is still empty
2024-07-24 10:22:59 INFO  Reusables:53 - output.txt is still empty
2024-07-24 10:22:59 INFO  Reusables:53 - output.txt is still empty
2024-07-24 10:22:59 INFO  Reusables:53 - output.txt is still empty
2024-07-24 10:22:59 INFO  Reusables:53 - output.txt is still empty
2024-07-24 10:22:59 INFO  Reusables:53 - output.txt is still empty
2024-07-24 10:22:59 INFO  Reusables:53 - output.txt is still empty
2024-07-24 10:22:59 INFO  Reusables:53 - output.txt is still empty
2024-07-24 10:22:59 INFO  Reusables:53 - output.txt is still empty
2024-07-24 10:22:59 INFO  Reusables:53 - output.txt is still empty
2024-07-24 10:22:59 INFO  Reusables:53 - output.txt is still empty
2024-07-24 10:22:59 INFO  Reusables:53 - output.txt is still empty
2024-07-24 10:22:59 INFO  Reusables:53 - output.txt is still empty
2024-07-24 10:22:59 INFO  Reusables:53 - output.txt is still empty
2024-07-24 10:22:59 INFO  Reusables:53 - output.txt is still empty
2024-07-24 10:22:59 INFO  Reusables:53 - output.txt is still empty
2024-07-24 10:22:59 INFO  Reusables:53 - output.txt is still empty
2024-07-24 10:22:59 INFO  Reusables:53 - output.txt is still empty
2024-07-24 10:22:59 INFO  Reusables:53 - output.txt is still empty
2024-07-24 10:22:59 INFO  Reusables:53 - output.txt is still empty
2024-07-24 10:22:59 INFO  Reusables:53 - output.txt is still empty
2024-07-24 10:22:59 INFO  Reusables:53 - output.txt is still empty
2024-07-24 10:22:59 INFO  Reusables:53 - output.txt is still empty
2024-07-24 10:22:59 INFO  Reusables:53 - output.txt is still empty
2024-07-24 10:22:59 INFO  Reusables:53 - output.txt is still empty
2024-07-24 10:22:59 INFO  Reusables:53 - output.txt is still empty
2024-07-24 10:22:59 INFO  Reusables:53 - output.txt is still empty
2024-07-24 10:22:59 INFO  Reusables:53 - output.txt is still empty
2024-07-24 10:22:59 INFO  Reusables:53 - output.txt is still empty
2024-07-24 10:22:59 INFO  Reusables:53 - output.txt is still empty
2024-07-24 10:22:59 INFO  Reusables:53 - output.txt is still empty
2024-07-24 10:22:59 INFO  Reusables:53 - output.txt is still empty
2024-07-24 10:22:59 INFO  Reusables:53 - output.txt is still empty
2024-07-24 10:22:59 INFO  Reusables:53 - output.txt is still empty
2024-07-24 10:22:59 INFO  Reusables:53 - output.txt is still empty
2024-07-24 10:22:59 INFO  Reusables:53 - output.txt is still empty
2024-07-24 10:22:59 INFO  Reusables:53 - output.txt is still empty
2024-07-24 10:22:59 INFO  Reusables:53 - output.txt is still empty
2024-07-24 10:22:59 INFO  Reusables:53 - output.txt is still empty
2024-07-24 10:22:59 INFO  Reusables:53 - output.txt is still empty
2024-07-24 10:22:59 INFO  Reusables:53 - output.txt is still empty
2024-07-24 10:22:59 INFO  Reusables:53 - output.txt is still empty
2024-07-24 10:22:59 INFO  Reusables:53 - output.txt is still empty
2024-07-24 10:22:59 INFO  Reusables:53 - output.txt is still empty
2024-07-24 10:22:59 INFO  Reusables:53 - output.txt is still empty
2024-07-24 10:22:59 INFO  Reusables:53 - output.txt is still empty
2024-07-24 10:22:59 INFO  Reusables:53 - output.txt is still empty
2024-07-24 10:22:59 INFO  Reusables:53 - output.txt is still empty
2024-07-24 10:22:59 INFO  Reusables:53 - output.txt is still empty
2024-07-24 10:22:59 INFO  Reusables:53 - output.txt is still empty
2024-07-24 10:22:59 INFO  Reusables:53 - output.txt is still empty
2024-07-24 10:22:59 INFO  Reusables:53 - output.txt is still empty
2024-07-24 10:22:59 INFO  Reusables:53 - output.txt is still empty
2024-07-24 10:22:59 INFO  Reusables:53 - output.txt is still empty
2024-07-24 10:22:59 INFO  Reusables:53 - output.txt is still empty
2024-07-24 10:22:59 INFO  Reusables:53 - output.txt is still empty
2024-07-24 10:22:59 INFO  Reusables:53 - output.txt is still empty
2024-07-24 10:22:59 INFO  Reusables:53 - output.txt is still empty
2024-07-24 10:22:59 INFO  Reusables:53 - output.txt is still empty
2024-07-24 10:22:59 INFO  Reusables:53 - output.txt is still empty
2024-07-24 10:22:59 INFO  Reusables:53 - output.txt is still empty
2024-07-24 10:22:59 INFO  Reusables:53 - output.txt is still empty
2024-07-24 10:22:59 INFO  Reusables:53 - output.txt is still empty
2024-07-24 10:22:59 INFO  Reusables:53 - output.txt is still empty
2024-07-24 10:22:59 INFO  Reusables:53 - output.txt is still empty
2024-07-24 10:22:59 INFO  Reusables:53 - output.txt is still empty
2024-07-24 10:22:59 INFO  Reusables:53 - output.txt is still empty
2024-07-24 10:22:59 INFO  Reusables:53 - output.txt is still empty
2024-07-24 10:22:59 INFO  Reusables:53 - output.txt is still empty
2024-07-24 10:22:59 INFO  Reusables:53 - output.txt is still empty
2024-07-24 10:22:59 INFO  Reusables:53 - output.txt is still empty
2024-07-24 10:22:59 INFO  Reusables:53 - output.txt is still empty
2024-07-24 10:22:59 INFO  Reusables:53 - output.txt is still empty
2024-07-24 10:22:59 INFO  Reusables:53 - output.txt is still empty
2024-07-24 10:22:59 INFO  Reusables:53 - output.txt is still empty
2024-07-24 10:22:59 INFO  Reusables:53 - output.txt is still empty
2024-07-24 10:22:59 INFO  Reusables:53 - output.txt is still empty
2024-07-24 10:22:59 INFO  Reusables:53 - output.txt is still empty
2024-07-24 10:22:59 INFO  Reusables:53 - output.txt is still empty
2024-07-24 10:22:59 INFO  Reusables:53 - output.txt is still empty
2024-07-24 10:22:59 INFO  Reusables:53 - output.txt is still empty
2024-07-24 10:22:59 INFO  Reusables:53 - output.txt is still empty
2024-07-24 10:22:59 INFO  Reusables:53 - output.txt is still empty
2024-07-24 10:22:59 INFO  Reusables:53 - output.txt is still empty
2024-07-24 10:22:59 INFO  Reusables:53 - output.txt is still empty
2024-07-24 10:22:59 INFO  Reusables:53 - output.txt is still empty
2024-07-24 10:22:59 INFO  Reusables:53 - output.txt is still empty
2024-07-24 10:22:59 INFO  Reusables:53 - output.txt is still empty
2024-07-24 10:22:59 INFO  Reusables:53 - output.txt is still empty
2024-07-24 10:22:59 INFO  Reusables:53 - output.txt is still empty
2024-07-24 10:22:59 INFO  Reusables:53 - output.txt is still empty
2024-07-24 10:22:59 INFO  Reusables:53 - output.txt is still empty
2024-07-24 10:22:59 INFO  Reusables:53 - output.txt is still empty
2024-07-24 10:22:59 INFO  Reusables:53 - output.txt is still empty
2024-07-24 10:22:59 INFO  Reusables:53 - output.txt is still empty
2024-07-24 10:22:59 INFO  Reusables:53 - output.txt is still empty
2024-07-24 10:22:59 INFO  Reusables:53 - output.txt is still empty
2024-07-24 10:22:59 INFO  Reusables:53 - output.txt is still empty
2024-07-24 10:22:59 INFO  Reusables:53 - output.txt is still empty
2024-07-24 10:22:59 INFO  Reusables:53 - output.txt is still empty
2024-07-24 10:22:59 INFO  Reusables:53 - output.txt is still empty
2024-07-24 10:22:59 INFO  Reusables:53 - output.txt is still empty
2024-07-24 10:22:59 INFO  Reusables:53 - output.txt is still empty
2024-07-24 10:22:59 INFO  Reusables:53 - output.txt is still empty
2024-07-24 10:22:59 INFO  Reusables:53 - output.txt is still empty
2024-07-24 10:22:59 INFO  Reusables:53 - output.txt is still empty
2024-07-24 10:22:59 INFO  Reusables:53 - output.txt is still empty
2024-07-24 10:22:59 INFO  Reusables:53 - output.txt is still empty
2024-07-24 10:22:59 INFO  Reusables:53 - output.txt is still empty
2024-07-24 10:22:59 INFO  Reusables:53 - output.txt is still empty
2024-07-24 10:22:59 INFO  Reusables:53 - output.txt is still empty
2024-07-24 10:22:59 INFO  Reusables:53 - output.txt is still empty
2024-07-24 10:22:59 INFO  Reusables:53 - output.txt is still empty
2024-07-24 10:22:59 INFO  Reusables:53 - output.txt is still empty
2024-07-24 10:22:59 INFO  Reusables:53 - output.txt is still empty
2024-07-24 10:22:59 INFO  Reusables:53 - output.txt is still empty
2024-07-24 10:22:59 INFO  Reusables:53 - output.txt is still empty
2024-07-24 10:22:59 INFO  Reusables:53 - output.txt is still empty
2024-07-24 10:22:59 INFO  Reusables:53 - output.txt is still empty
2024-07-24 10:22:59 INFO  Reusables:53 - output.txt is still empty
2024-07-24 10:22:59 INFO  Reusables:53 - output.txt is still empty
2024-07-24 10:22:59 INFO  Reusables:53 - output.txt is still empty
2024-07-24 10:22:59 INFO  Reusables:53 - output.txt is still empty
2024-07-24 10:22:59 INFO  Reusables:53 - output.txt is still empty
2024-07-24 10:22:59 INFO  Reusables:53 - output.txt is still empty
2024-07-24 10:22:59 INFO  Reusables:53 - output.txt is still empty
2024-07-24 10:22:59 INFO  Reusables:53 - output.txt is still empty
2024-07-24 10:22:59 INFO  Reusables:53 - output.txt is still empty
2024-07-24 10:22:59 INFO  Reusables:53 - output.txt is still empty
2024-07-24 10:22:59 INFO  Reusables:53 - output.txt is still empty
2024-07-24 10:22:59 INFO  Reusables:53 - output.txt is still empty
2024-07-24 10:22:59 INFO  Reusables:53 - output.txt is still empty
2024-07-24 10:22:59 INFO  Reusables:53 - output.txt is still empty
2024-07-24 10:22:59 INFO  Reusables:53 - output.txt is still empty
2024-07-24 10:22:59 INFO  Reusables:53 - output.txt is still empty
2024-07-24 10:22:59 INFO  Reusables:53 - output.txt is still empty
2024-07-24 10:22:59 INFO  Reusables:53 - output.txt is still empty
2024-07-24 10:22:59 INFO  Reusables:53 - output.txt is still empty
2024-07-24 10:22:59 INFO  Reusables:53 - output.txt is still empty
2024-07-24 10:22:59 INFO  Reusables:53 - output.txt is still empty
2024-07-24 10:22:59 INFO  Reusables:53 - output.txt is still empty
2024-07-24 10:22:59 INFO  Reusables:53 - output.txt is still empty
2024-07-24 10:22:59 INFO  Reusables:53 - output.txt is still empty
2024-07-24 10:22:59 INFO  Reusables:53 - output.txt is still empty
2024-07-24 10:22:59 INFO  Reusables:53 - output.txt is still empty
2024-07-24 10:22:59 INFO  Reusables:53 - output.txt is still empty
2024-07-24 10:22:59 INFO  Reusables:53 - output.txt is still empty
2024-07-24 10:22:59 INFO  Reusables:53 - output.txt is still empty
2024-07-24 10:22:59 INFO  Reusables:53 - output.txt is still empty
2024-07-24 10:22:59 INFO  Reusables:53 - output.txt is still empty
2024-07-24 10:22:59 INFO  Reusables:53 - output.txt is still empty
2024-07-24 10:22:59 INFO  Reusables:53 - output.txt is still empty
2024-07-24 10:22:59 INFO  Reusables:53 - output.txt is still empty
2024-07-24 10:22:59 INFO  Reusables:53 - output.txt is still empty
2024-07-24 10:22:59 INFO  Reusables:53 - output.txt is still empty
2024-07-24 10:22:59 INFO  Reusables:53 - output.txt is still empty
2024-07-24 10:22:59 INFO  Reusables:53 - output.txt is still empty
2024-07-24 10:22:59 INFO  Reusables:53 - output.txt is still empty
2024-07-24 10:22:59 INFO  Reusables:53 - output.txt is still empty
2024-07-24 10:22:59 INFO  Reusables:53 - output.txt is still empty
2024-07-24 10:22:59 INFO  Reusables:53 - output.txt is still empty
2024-07-24 10:22:59 INFO  Reusables:53 - output.txt is still empty
2024-07-24 10:22:59 INFO  Reusables:53 - output.txt is still empty
2024-07-24 10:22:59 INFO  Reusables:53 - output.txt is still empty
2024-07-24 10:22:59 INFO  Reusables:53 - output.txt is still empty
2024-07-24 10:22:59 INFO  Reusables:53 - output.txt is still empty
2024-07-24 10:22:59 INFO  Reusables:53 - output.txt is still empty
2024-07-24 10:22:59 INFO  Reusables:53 - output.txt is still empty
2024-07-24 10:22:59 INFO  Reusables:53 - output.txt is still empty
2024-07-24 10:22:59 INFO  Reusables:53 - output.txt is still empty
2024-07-24 10:22:59 INFO  Reusables:53 - output.txt is still empty
2024-07-24 10:22:59 INFO  Reusables:53 - output.txt is still empty
2024-07-24 10:22:59 INFO  Reusables:53 - output.txt is still empty
2024-07-24 10:22:59 INFO  Reusables:53 - output.txt is still empty
2024-07-24 10:22:59 INFO  Reusables:53 - output.txt is still empty
2024-07-24 10:22:59 INFO  Reusables:53 - output.txt is still empty
2024-07-24 10:22:59 INFO  Reusables:53 - output.txt is still empty
2024-07-24 10:22:59 INFO  Reusables:53 - output.txt is still empty
2024-07-24 10:22:59 INFO  Reusables:53 - output.txt is still empty
2024-07-24 10:22:59 INFO  Reusables:53 - output.txt is still empty
2024-07-24 10:22:59 INFO  Reusables:53 - output.txt is still empty
2024-07-24 10:22:59 INFO  Reusables:53 - output.txt is still empty
2024-07-24 10:22:59 INFO  Reusables:53 - output.txt is still empty
2024-07-24 10:22:59 INFO  Reusables:53 - output.txt is still empty
2024-07-24 10:22:59 INFO  Reusables:53 - output.txt is still empty
2024-07-24 10:22:59 INFO  Reusables:53 - output.txt is still empty
2024-07-24 10:22:59 INFO  Reusables:53 - output.txt is still empty
2024-07-24 10:22:59 INFO  Reusables:53 - output.txt is still empty
2024-07-24 10:22:59 INFO  Reusables:53 - output.txt is still empty
2024-07-24 10:22:59 INFO  Reusables:53 - output.txt is still empty
2024-07-24 10:22:59 INFO  Reusables:53 - output.txt is still empty
2024-07-24 10:22:59 INFO  Reusables:53 - output.txt is still empty
2024-07-24 10:22:59 INFO  Reusables:53 - output.txt is still empty
2024-07-24 10:22:59 INFO  Reusables:53 - output.txt is still empty
2024-07-24 10:22:59 INFO  Reusables:53 - output.txt is still empty
2024-07-24 10:22:59 INFO  Reusables:53 - output.txt is still empty
2024-07-24 10:22:59 INFO  Reusables:53 - output.txt is still empty
2024-07-24 10:22:59 INFO  Reusables:53 - output.txt is still empty
2024-07-24 10:22:59 INFO  Reusables:53 - output.txt is still empty
2024-07-24 10:22:59 INFO  Reusables:53 - output.txt is still empty
2024-07-24 10:22:59 INFO  Reusables:53 - output.txt is still empty
2024-07-24 10:22:59 INFO  Reusables:53 - output.txt is still empty
2024-07-24 10:22:59 INFO  Reusables:53 - output.txt is still empty
2024-07-24 10:22:59 INFO  Reusables:53 - output.txt is still empty
2024-07-24 10:22:59 INFO  Reusables:53 - output.txt is still empty
2024-07-24 10:22:59 INFO  Reusables:53 - output.txt is still empty
2024-07-24 10:22:59 INFO  Reusables:53 - output.txt is still empty
2024-07-24 10:22:59 INFO  Reusables:53 - output.txt is still empty
2024-07-24 10:22:59 INFO  Reusables:53 - output.txt is still empty
2024-07-24 10:22:59 INFO  Reusables:53 - output.txt is still empty
2024-07-24 10:22:59 INFO  Reusables:53 - output.txt is still empty
2024-07-24 10:22:59 INFO  Reusables:53 - output.txt is still empty
2024-07-24 10:22:59 INFO  Reusables:53 - output.txt is still empty
2024-07-24 10:22:59 INFO  Reusables:53 - output.txt is still empty
2024-07-24 10:22:59 INFO  Reusables:53 - output.txt is still empty
2024-07-24 10:22:59 INFO  Reusables:53 - output.txt is still empty
2024-07-24 10:22:59 INFO  Reusables:53 - output.txt is still empty
2024-07-24 10:22:59 INFO  Reusables:53 - output.txt is still empty
2024-07-24 10:22:59 INFO  Reusables:53 - output.txt is still empty
2024-07-24 10:22:59 INFO  Reusables:53 - output.txt is still empty
2024-07-24 10:22:59 INFO  Reusables:53 - output.txt is still empty
2024-07-24 10:22:59 INFO  Reusables:53 - output.txt is still empty
2024-07-24 10:22:59 INFO  Reusables:53 - output.txt is still empty
2024-07-24 10:22:59 INFO  Reusables:53 - output.txt is still empty
2024-07-24 10:22:59 INFO  Reusables:53 - output.txt is still empty
2024-07-24 10:22:59 INFO  Reusables:53 - output.txt is still empty
2024-07-24 10:22:59 INFO  Reusables:53 - output.txt is still empty
2024-07-24 10:22:59 INFO  Reusables:53 - output.txt is still empty
2024-07-24 10:22:59 INFO  Reusables:53 - output.txt is still empty
2024-07-24 10:22:59 INFO  Reusables:53 - output.txt is still empty
2024-07-24 10:22:59 INFO  Reusables:53 - output.txt is still empty
2024-07-24 10:22:59 INFO  Reusables:53 - output.txt is still empty
2024-07-24 10:22:59 INFO  Reusables:53 - output.txt is still empty
2024-07-24 10:22:59 INFO  Reusables:53 - output.txt is still empty
2024-07-24 10:22:59 INFO  Reusables:53 - output.txt is still empty
2024-07-24 10:22:59 INFO  Reusables:53 - output.txt is still empty
2024-07-24 10:22:59 INFO  Reusables:53 - output.txt is still empty
2024-07-24 10:22:59 INFO  Reusables:53 - output.txt is still empty
2024-07-24 10:22:59 INFO  Reusables:53 - output.txt is still empty
2024-07-24 10:22:59 INFO  Reusables:53 - output.txt is still empty
2024-07-24 10:22:59 INFO  Reusables:53 - output.txt is still empty
2024-07-24 10:22:59 INFO  Reusables:53 - output.txt is still empty
2024-07-24 10:22:59 INFO  Reusables:53 - output.txt is still empty
2024-07-24 10:22:59 INFO  Reusables:53 - output.txt is still empty
2024-07-24 10:22:59 INFO  Reusables:53 - output.txt is still empty
2024-07-24 10:22:59 INFO  Reusables:53 - output.txt is still empty
2024-07-24 10:22:59 INFO  Reusables:53 - output.txt is still empty
2024-07-24 10:22:59 INFO  Reusables:53 - output.txt is still empty
2024-07-24 10:22:59 INFO  Reusables:53 - output.txt is still empty
2024-07-24 10:22:59 INFO  Reusables:53 - output.txt is still empty
2024-07-24 10:22:59 INFO  Reusables:53 - output.txt is still empty
2024-07-24 10:22:59 INFO  Reusables:53 - output.txt is still empty
2024-07-24 10:22:59 INFO  Reusables:53 - output.txt is still empty
2024-07-24 10:22:59 INFO  Reusables:53 - output.txt is still empty
2024-07-24 10:22:59 INFO  Reusables:53 - output.txt is still empty
2024-07-24 10:22:59 INFO  Reusables:53 - output.txt is still empty
2024-07-24 10:22:59 INFO  Reusables:53 - output.txt is still empty
2024-07-24 10:22:59 INFO  Reusables:53 - output.txt is still empty
2024-07-24 10:22:59 INFO  Reusables:53 - output.txt is still empty
2024-07-24 10:22:59 INFO  Reusables:53 - output.txt is still empty
2024-07-24 10:22:59 INFO  Reusables:53 - output.txt is still empty
2024-07-24 10:22:59 INFO  Reusables:53 - output.txt is still empty
2024-07-24 10:22:59 INFO  Reusables:53 - output.txt is still empty
2024-07-24 10:22:59 INFO  Reusables:53 - output.txt is still empty
2024-07-24 10:22:59 INFO  Reusables:53 - output.txt is still empty
2024-07-24 10:22:59 INFO  Reusables:53 - output.txt is still empty
2024-07-24 10:22:59 INFO  Reusables:53 - output.txt is still empty
2024-07-24 10:22:59 INFO  Reusables:53 - output.txt is still empty
2024-07-24 10:22:59 INFO  Reusables:53 - output.txt is still empty
2024-07-24 10:22:59 INFO  Reusables:53 - output.txt is still empty
2024-07-24 10:22:59 INFO  Reusables:53 - output.txt is still empty
2024-07-24 10:22:59 INFO  Reusables:53 - output.txt is still empty
2024-07-24 10:22:59 INFO  Reusables:53 - output.txt is still empty
2024-07-24 10:22:59 INFO  Reusables:53 - output.txt is still empty
2024-07-24 10:22:59 INFO  Reusables:53 - output.txt is still empty
2024-07-24 10:22:59 INFO  Reusables:53 - output.txt is still empty
2024-07-24 10:22:59 INFO  Reusables:53 - output.txt is still empty
2024-07-24 10:22:59 INFO  Reusables:53 - output.txt is still empty
2024-07-24 10:22:59 INFO  Reusables:53 - output.txt is still empty
2024-07-24 10:22:59 INFO  Reusables:53 - output.txt is still empty
2024-07-24 10:22:59 INFO  Reusables:53 - output.txt is still empty
2024-07-24 10:22:59 INFO  Reusables:53 - output.txt is still empty
2024-07-24 10:22:59 INFO  Reusables:53 - output.txt is still empty
2024-07-24 10:22:59 INFO  Reusables:53 - output.txt is still empty
2024-07-24 10:22:59 INFO  Reusables:53 - output.txt is still empty
2024-07-24 10:22:59 INFO  Reusables:53 - output.txt is still empty
2024-07-24 10:22:59 INFO  Reusables:53 - output.txt is still empty
2024-07-24 10:22:59 INFO  Reusables:53 - output.txt is still empty
2024-07-24 10:22:59 INFO  Reusables:53 - output.txt is still empty
2024-07-24 10:22:59 INFO  Reusables:53 - output.txt is still empty
2024-07-24 10:22:59 INFO  Reusables:53 - output.txt is still empty
2024-07-24 10:22:59 INFO  Reusables:53 - output.txt is still empty
2024-07-24 10:22:59 INFO  Reusables:53 - output.txt is still empty
2024-07-24 10:22:59 INFO  Reusables:53 - output.txt is still empty
2024-07-24 10:22:59 INFO  Reusables:53 - output.txt is still empty
2024-07-24 10:22:59 INFO  Reusables:53 - output.txt is still empty
2024-07-24 10:22:59 INFO  Reusables:53 - output.txt is still empty
2024-07-24 10:22:59 INFO  Reusables:53 - output.txt is still empty
2024-07-24 10:22:59 INFO  Reusables:53 - output.txt is still empty
2024-07-24 10:22:59 INFO  Reusables:53 - output.txt is still empty
2024-07-24 10:22:59 INFO  Reusables:53 - output.txt is still empty
2024-07-24 10:22:59 INFO  Reusables:53 - output.txt is still empty
2024-07-24 10:22:59 INFO  Reusables:53 - output.txt is still empty
2024-07-24 10:22:59 INFO  Reusables:53 - output.txt is still empty
2024-07-24 10:22:59 INFO  Reusables:53 - output.txt is still empty
2024-07-24 10:22:59 INFO  Reusables:53 - output.txt is still empty
2024-07-24 10:22:59 INFO  Reusables:53 - output.txt is still empty
2024-07-24 10:22:59 INFO  Reusables:53 - output.txt is still empty
2024-07-24 10:22:59 INFO  Reusables:53 - output.txt is still empty
2024-07-24 10:22:59 INFO  Reusables:53 - output.txt is still empty
2024-07-24 10:22:59 INFO  Reusables:53 - output.txt is still empty
2024-07-24 10:22:59 INFO  Reusables:53 - output.txt is still empty
2024-07-24 10:22:59 INFO  Reusables:53 - output.txt is still empty
2024-07-24 10:22:59 INFO  Reusables:53 - output.txt is still empty
2024-07-24 10:22:59 INFO  Reusables:53 - output.txt is still empty
2024-07-24 10:22:59 INFO  Reusables:53 - output.txt is still empty
2024-07-24 10:22:59 INFO  Reusables:53 - output.txt is still empty
2024-07-24 10:22:59 INFO  Reusables:53 - output.txt is still empty
2024-07-24 10:22:59 INFO  Reusables:53 - output.txt is still empty
2024-07-24 10:22:59 INFO  Reusables:53 - output.txt is still empty
2024-07-24 10:22:59 INFO  Reusables:53 - output.txt is still empty
2024-07-24 10:22:59 INFO  Reusables:53 - output.txt is still empty
2024-07-24 10:22:59 INFO  Reusables:53 - output.txt is still empty
2024-07-24 10:22:59 INFO  Reusables:53 - output.txt is still empty
2024-07-24 10:22:59 INFO  Reusables:53 - output.txt is still empty
2024-07-24 10:22:59 INFO  Reusables:53 - output.txt is still empty
2024-07-24 10:22:59 INFO  Reusables:53 - output.txt is still empty
2024-07-24 10:22:59 INFO  Reusables:53 - output.txt is still empty
2024-07-24 10:22:59 INFO  Reusables:53 - output.txt is still empty
2024-07-24 10:22:59 INFO  Reusables:53 - output.txt is still empty
2024-07-24 10:22:59 INFO  Reusables:53 - output.txt is still empty
2024-07-24 10:22:59 INFO  Reusables:53 - output.txt is still empty
2024-07-24 10:22:59 INFO  Reusables:53 - output.txt is still empty
2024-07-24 10:22:59 INFO  Reusables:53 - output.txt is still empty
2024-07-24 10:22:59 INFO  Reusables:53 - output.txt is still empty
2024-07-24 10:22:59 INFO  Reusables:53 - output.txt is still empty
2024-07-24 10:22:59 INFO  Reusables:53 - output.txt is still empty
2024-07-24 10:22:59 INFO  Reusables:53 - output.txt is still empty
2024-07-24 10:22:59 INFO  Reusables:53 - output.txt is still empty
2024-07-24 10:22:59 INFO  Reusables:53 - output.txt is still empty
2024-07-24 10:22:59 INFO  Reusables:53 - output.txt is still empty
2024-07-24 10:22:59 INFO  Reusables:53 - output.txt is still empty
2024-07-24 10:22:59 INFO  Reusables:53 - output.txt is still empty
2024-07-24 10:22:59 INFO  Reusables:53 - output.txt is still empty
2024-07-24 10:22:59 INFO  Reusables:53 - output.txt is still empty
2024-07-24 10:22:59 INFO  Reusables:53 - output.txt is still empty
2024-07-24 10:22:59 INFO  Reusables:53 - output.txt is still empty
2024-07-24 10:22:59 INFO  Reusables:53 - output.txt is still empty
2024-07-24 10:22:59 INFO  Reusables:53 - output.txt is still empty
2024-07-24 10:22:59 INFO  Reusables:53 - output.txt is still empty
2024-07-24 10:22:59 INFO  Reusables:53 - output.txt is still empty
2024-07-24 10:22:59 INFO  Reusables:53 - output.txt is still empty
2024-07-24 10:22:59 INFO  Reusables:53 - output.txt is still empty
2024-07-24 10:22:59 INFO  Reusables:53 - output.txt is still empty
2024-07-24 10:22:59 INFO  Reusables:53 - output.txt is still empty
2024-07-24 10:22:59 INFO  Reusables:53 - output.txt is still empty
2024-07-24 10:22:59 INFO  Reusables:53 - output.txt is still empty
2024-07-24 10:22:59 INFO  Reusables:53 - output.txt is still empty
2024-07-24 10:22:59 INFO  Reusables:53 - output.txt is still empty
2024-07-24 10:22:59 INFO  Reusables:53 - output.txt is still empty
2024-07-24 10:22:59 INFO  Reusables:53 - output.txt is still empty
2024-07-24 10:22:59 INFO  Reusables:53 - output.txt is still empty
2024-07-24 10:22:59 INFO  Reusables:53 - output.txt is still empty
2024-07-24 10:22:59 INFO  Reusables:53 - output.txt is still empty
2024-07-24 10:22:59 INFO  Reusables:53 - output.txt is still empty
2024-07-24 10:22:59 INFO  Reusables:53 - output.txt is still empty
2024-07-24 10:22:59 INFO  Reusables:53 - output.txt is still empty
2024-07-24 10:22:59 INFO  Reusables:53 - output.txt is still empty
2024-07-24 10:22:59 INFO  Reusables:53 - output.txt is still empty
2024-07-24 10:22:59 INFO  Reusables:53 - output.txt is still empty
2024-07-24 10:22:59 INFO  Reusables:53 - output.txt is still empty
2024-07-24 10:22:59 INFO  Reusables:53 - output.txt is still empty
2024-07-24 10:22:59 INFO  Reusables:53 - output.txt is still empty
2024-07-24 10:22:59 INFO  Reusables:53 - output.txt is still empty
2024-07-24 10:22:59 INFO  Reusables:53 - output.txt is still empty
2024-07-24 10:22:59 INFO  Reusables:53 - output.txt is still empty
2024-07-24 10:22:59 INFO  Reusables:53 - output.txt is still empty
2024-07-24 10:22:59 INFO  Reusables:53 - output.txt is still empty
2024-07-24 10:22:59 INFO  Reusables:53 - output.txt is still empty
2024-07-24 10:22:59 INFO  Reusables:53 - output.txt is still empty
2024-07-24 10:22:59 INFO  Reusables:53 - output.txt is still empty
2024-07-24 10:22:59 INFO  Reusables:53 - output.txt is still empty
2024-07-24 10:22:59 INFO  Reusables:53 - output.txt is still empty
2024-07-24 10:22:59 INFO  Reusables:53 - output.txt is still empty
2024-07-24 10:22:59 INFO  Reusables:53 - output.txt is still empty
2024-07-24 10:22:59 INFO  Reusables:53 - output.txt is still empty
2024-07-24 10:22:59 INFO  Reusables:53 - output.txt is still empty
2024-07-24 10:22:59 INFO  Reusables:53 - output.txt is still empty
2024-07-24 10:22:59 INFO  Reusables:53 - output.txt is still empty
2024-07-24 10:22:59 INFO  Reusables:53 - output.txt is still empty
2024-07-24 10:22:59 INFO  Reusables:53 - output.txt is still empty
2024-07-24 10:22:59 INFO  Reusables:53 - output.txt is still empty
2024-07-24 10:22:59 INFO  Reusables:53 - output.txt is still empty
2024-07-24 10:22:59 INFO  Reusables:53 - output.txt is still empty
2024-07-24 10:22:59 INFO  Reusables:53 - output.txt is still empty
2024-07-24 10:22:59 INFO  Reusables:53 - output.txt is still empty
2024-07-24 10:22:59 INFO  Reusables:53 - output.txt is still empty
2024-07-24 10:22:59 INFO  Reusables:53 - output.txt is still empty
2024-07-24 10:22:59 INFO  Reusables:53 - output.txt is still empty
2024-07-24 10:22:59 INFO  Reusables:53 - output.txt is still empty
2024-07-24 10:22:59 INFO  Reusables:53 - output.txt is still empty
2024-07-24 10:22:59 INFO  Reusables:53 - output.txt is still empty
2024-07-24 10:22:59 INFO  Reusables:53 - output.txt is still empty
2024-07-24 10:22:59 INFO  Reusables:53 - output.txt is still empty
2024-07-24 10:22:59 INFO  Reusables:53 - output.txt is still empty
2024-07-24 10:22:59 INFO  Reusables:53 - output.txt is still empty
2024-07-24 10:22:59 INFO  Reusables:53 - output.txt is still empty
2024-07-24 10:22:59 INFO  Reusables:53 - output.txt is still empty
2024-07-24 10:22:59 INFO  Reusables:53 - output.txt is still empty
2024-07-24 10:22:59 INFO  Reusables:53 - output.txt is still empty
2024-07-24 10:22:59 INFO  Reusables:53 - output.txt is still empty
2024-07-24 10:22:59 INFO  Reusables:53 - output.txt is still empty
2024-07-24 10:22:59 INFO  Reusables:53 - output.txt is still empty
2024-07-24 10:22:59 INFO  Reusables:53 - output.txt is still empty
2024-07-24 10:22:59 INFO  Reusables:53 - output.txt is still empty
2024-07-24 10:22:59 INFO  Reusables:53 - output.txt is still empty
2024-07-24 10:22:59 INFO  Reusables:53 - output.txt is still empty
2024-07-24 10:22:59 INFO  Reusables:53 - output.txt is still empty
2024-07-24 10:22:59 INFO  Reusables:53 - output.txt is still empty
2024-07-24 10:22:59 INFO  Reusables:53 - output.txt is still empty
2024-07-24 10:22:59 INFO  Reusables:53 - output.txt is still empty
2024-07-24 10:22:59 INFO  Reusables:53 - output.txt is still empty
2024-07-24 10:22:59 INFO  Reusables:53 - output.txt is still empty
2024-07-24 10:22:59 INFO  Reusables:53 - output.txt is still empty
2024-07-24 10:22:59 INFO  Reusables:53 - output.txt is still empty
2024-07-24 10:22:59 INFO  Reusables:53 - output.txt is still empty
2024-07-24 10:22:59 INFO  Reusables:53 - output.txt is still empty
2024-07-24 10:22:59 INFO  Reusables:53 - output.txt is still empty
2024-07-24 10:22:59 INFO  Reusables:53 - output.txt is still empty
2024-07-24 10:22:59 INFO  Reusables:53 - output.txt is still empty
2024-07-24 10:22:59 INFO  Reusables:53 - output.txt is still empty
2024-07-24 10:22:59 INFO  Reusables:53 - output.txt is still empty
2024-07-24 10:22:59 INFO  Reusables:53 - output.txt is still empty
2024-07-24 10:22:59 INFO  Reusables:53 - output.txt is still empty
2024-07-24 10:22:59 INFO  Reusables:53 - output.txt is still empty
2024-07-24 10:22:59 INFO  Reusables:53 - output.txt is still empty
2024-07-24 10:22:59 INFO  Reusables:53 - output.txt is still empty
2024-07-24 10:22:59 INFO  Reusables:53 - output.txt is still empty
2024-07-24 10:22:59 INFO  Reusables:53 - output.txt is still empty
2024-07-24 10:22:59 INFO  Reusables:53 - output.txt is still empty
2024-07-24 10:22:59 INFO  Reusables:53 - output.txt is still empty
2024-07-24 10:22:59 INFO  Reusables:53 - output.txt is still empty
2024-07-24 10:22:59 INFO  Reusables:53 - output.txt is still empty
2024-07-24 10:22:59 INFO  Reusables:53 - output.txt is still empty
2024-07-24 10:22:59 INFO  Reusables:53 - output.txt is still empty
2024-07-24 10:22:59 INFO  Reusables:53 - output.txt is still empty
2024-07-24 10:22:59 INFO  Reusables:53 - output.txt is still empty
2024-07-24 10:22:59 INFO  Reusables:53 - output.txt is still empty
2024-07-24 10:22:59 INFO  Reusables:53 - output.txt is still empty
2024-07-24 10:22:59 INFO  Reusables:53 - output.txt is still empty
2024-07-24 10:22:59 INFO  Reusables:53 - output.txt is still empty
2024-07-24 10:22:59 INFO  Reusables:53 - output.txt is still empty
2024-07-24 10:22:59 INFO  Reusables:53 - output.txt is still empty
2024-07-24 10:22:59 INFO  Reusables:53 - output.txt is still empty
2024-07-24 10:22:59 INFO  Reusables:53 - output.txt is still empty
2024-07-24 10:22:59 INFO  Reusables:53 - output.txt is still empty
2024-07-24 10:22:59 INFO  Reusables:53 - output.txt is still empty
2024-07-24 10:22:59 INFO  Reusables:53 - output.txt is still empty
2024-07-24 10:22:59 INFO  Reusables:53 - output.txt is still empty
2024-07-24 10:22:59 INFO  Reusables:53 - output.txt is still empty
2024-07-24 10:22:59 INFO  Reusables:53 - output.txt is still empty
2024-07-24 10:22:59 INFO  Reusables:53 - output.txt is still empty
2024-07-24 10:22:59 INFO  Reusables:53 - output.txt is still empty
2024-07-24 10:22:59 INFO  Reusables:53 - output.txt is still empty
2024-07-24 10:22:59 INFO  Reusables:53 - output.txt is still empty
2024-07-24 10:22:59 INFO  Reusables:53 - output.txt is still empty
2024-07-24 10:22:59 INFO  Reusables:53 - output.txt is still empty
2024-07-24 10:22:59 INFO  Reusables:53 - output.txt is still empty
2024-07-24 10:22:59 INFO  Reusables:53 - output.txt is still empty
2024-07-24 10:22:59 INFO  Reusables:53 - output.txt is still empty
2024-07-24 10:22:59 INFO  Reusables:53 - output.txt is still empty
2024-07-24 10:22:59 INFO  Reusables:53 - output.txt is still empty
2024-07-24 10:22:59 INFO  Reusables:53 - output.txt is still empty
2024-07-24 10:22:59 INFO  Reusables:53 - output.txt is still empty
2024-07-24 10:22:59 INFO  Reusables:53 - output.txt is still empty
2024-07-24 10:22:59 INFO  Reusables:53 - output.txt is still empty
2024-07-24 10:22:59 INFO  Reusables:53 - output.txt is still empty
2024-07-24 10:22:59 INFO  Reusables:53 - output.txt is still empty
2024-07-24 10:22:59 INFO  Reusables:53 - output.txt is still empty
2024-07-24 10:22:59 INFO  Reusables:53 - output.txt is still empty
2024-07-24 10:22:59 INFO  Reusables:53 - output.txt is still empty
2024-07-24 10:22:59 INFO  Reusables:53 - output.txt is still empty
2024-07-24 10:22:59 INFO  Reusables:53 - output.txt is still empty
2024-07-24 10:22:59 INFO  Reusables:53 - output.txt is still empty
2024-07-24 10:22:59 INFO  Reusables:53 - output.txt is still empty
2024-07-24 10:22:59 INFO  Reusables:53 - output.txt is still empty
2024-07-24 10:22:59 INFO  Reusables:53 - output.txt is still empty
2024-07-24 10:22:59 INFO  Reusables:53 - output.txt is still empty
2024-07-24 10:22:59 INFO  Reusables:53 - output.txt is still empty
2024-07-24 10:22:59 INFO  Reusables:53 - output.txt is still empty
2024-07-24 10:22:59 INFO  Reusables:53 - output.txt is still empty
2024-07-24 10:22:59 INFO  Reusables:53 - output.txt is still empty
2024-07-24 10:22:59 INFO  Reusables:53 - output.txt is still empty
2024-07-24 10:22:59 INFO  Reusables:53 - output.txt is still empty
2024-07-24 10:22:59 INFO  Reusables:53 - output.txt is still empty
2024-07-24 10:22:59 INFO  Reusables:53 - output.txt is still empty
2024-07-24 10:22:59 INFO  Reusables:53 - output.txt is still empty
2024-07-24 10:22:59 INFO  Reusables:53 - output.txt is still empty
2024-07-24 10:22:59 INFO  Reusables:53 - output.txt is still empty
2024-07-24 10:22:59 INFO  Reusables:53 - output.txt is still empty
2024-07-24 10:22:59 INFO  Reusables:53 - output.txt is still empty
2024-07-24 10:22:59 INFO  Reusables:53 - output.txt is still empty
2024-07-24 10:22:59 INFO  Reusables:53 - output.txt is still empty
2024-07-24 10:22:59 INFO  Reusables:53 - output.txt is still empty
2024-07-24 10:22:59 INFO  Reusables:53 - output.txt is still empty
2024-07-24 10:22:59 INFO  Reusables:53 - output.txt is still empty
2024-07-24 10:22:59 INFO  Reusables:53 - output.txt is still empty
2024-07-24 10:22:59 INFO  Reusables:53 - output.txt is still empty
2024-07-24 10:22:59 INFO  Reusables:53 - output.txt is still empty
2024-07-24 10:22:59 INFO  Reusables:53 - output.txt is still empty
2024-07-24 10:22:59 INFO  Reusables:53 - output.txt is still empty
2024-07-24 10:22:59 INFO  Reusables:53 - output.txt is still empty
2024-07-24 10:22:59 INFO  Reusables:53 - output.txt is still empty
2024-07-24 10:22:59 INFO  Reusables:53 - output.txt is still empty
2024-07-24 10:22:59 INFO  Reusables:53 - output.txt is still empty
2024-07-24 10:22:59 INFO  Reusables:53 - output.txt is still empty
2024-07-24 10:22:59 INFO  Reusables:53 - output.txt is still empty
2024-07-24 10:22:59 INFO  Reusables:53 - output.txt is still empty
2024-07-24 10:22:59 INFO  Reusables:53 - output.txt is still empty
2024-07-24 10:22:59 INFO  Reusables:53 - output.txt is still empty
2024-07-24 10:22:59 INFO  Reusables:53 - output.txt is still empty
2024-07-24 10:22:59 INFO  Reusables:53 - output.txt is still empty
2024-07-24 10:22:59 INFO  Reusables:53 - output.txt is still empty
2024-07-24 10:22:59 INFO  Reusables:53 - output.txt is still empty
2024-07-24 10:22:59 INFO  Reusables:53 - output.txt is still empty
2024-07-24 10:22:59 INFO  Reusables:53 - output.txt is still empty
2024-07-24 10:22:59 INFO  Reusables:53 - output.txt is still empty
2024-07-24 10:22:59 INFO  Reusables:53 - output.txt is still empty
2024-07-24 10:22:59 INFO  Reusables:53 - output.txt is still empty
2024-07-24 10:22:59 INFO  Reusables:53 - output.txt is still empty
2024-07-24 10:22:59 INFO  Reusables:53 - output.txt is still empty
2024-07-24 10:22:59 INFO  Reusables:53 - output.txt is still empty
2024-07-24 10:22:59 INFO  Reusables:53 - output.txt is still empty
2024-07-24 10:22:59 INFO  Reusables:53 - output.txt is still empty
2024-07-24 10:22:59 INFO  Reusables:53 - output.txt is still empty
2024-07-24 10:22:59 INFO  Reusables:53 - output.txt is still empty
2024-07-24 10:22:59 INFO  Reusables:53 - output.txt is still empty
2024-07-24 10:22:59 INFO  Reusables:53 - output.txt is still empty
2024-07-24 10:22:59 INFO  Reusables:53 - output.txt is still empty
2024-07-24 10:22:59 INFO  Reusables:53 - output.txt is still empty
2024-07-24 10:22:59 INFO  Reusables:53 - output.txt is still empty
2024-07-24 10:22:59 INFO  Reusables:53 - output.txt is still empty
2024-07-24 10:22:59 INFO  Reusables:53 - output.txt is still empty
2024-07-24 10:22:59 INFO  Reusables:53 - output.txt is still empty
2024-07-24 10:22:59 INFO  Reusables:53 - output.txt is still empty
2024-07-24 10:22:59 INFO  Reusables:53 - output.txt is still empty
2024-07-24 10:22:59 INFO  Reusables:53 - output.txt is still empty
2024-07-24 10:22:59 INFO  Reusables:53 - output.txt is still empty
2024-07-24 10:22:59 INFO  Reusables:53 - output.txt is still empty
2024-07-24 10:22:59 INFO  Reusables:53 - output.txt is still empty
2024-07-24 10:22:59 INFO  Reusables:53 - output.txt is still empty
2024-07-24 10:22:59 INFO  Reusables:53 - output.txt is still empty
2024-07-24 10:22:59 INFO  Reusables:53 - output.txt is still empty
2024-07-24 10:22:59 INFO  Reusables:53 - output.txt is still empty
2024-07-24 10:22:59 INFO  Reusables:53 - output.txt is still empty
2024-07-24 10:22:59 INFO  Reusables:53 - output.txt is still empty
2024-07-24 10:22:59 INFO  Reusables:53 - output.txt is still empty
2024-07-24 10:22:59 INFO  Reusables:53 - output.txt is still empty
2024-07-24 10:22:59 INFO  Reusables:53 - output.txt is still empty
2024-07-24 10:22:59 INFO  Reusables:53 - output.txt is still empty
2024-07-24 10:22:59 INFO  Reusables:53 - output.txt is still empty
2024-07-24 10:22:59 INFO  Reusables:53 - output.txt is still empty
2024-07-24 10:22:59 INFO  Reusables:53 - output.txt is still empty
2024-07-24 10:22:59 INFO  Reusables:53 - output.txt is still empty
2024-07-24 10:22:59 INFO  Reusables:53 - output.txt is still empty
2024-07-24 10:22:59 INFO  Reusables:53 - output.txt is still empty
2024-07-24 10:22:59 INFO  Reusables:53 - output.txt is still empty
2024-07-24 10:22:59 INFO  Reusables:53 - output.txt is still empty
2024-07-24 10:22:59 INFO  Reusables:53 - output.txt is still empty
2024-07-24 10:22:59 INFO  Reusables:53 - output.txt is still empty
2024-07-24 10:22:59 INFO  Reusables:53 - output.txt is still empty
2024-07-24 10:22:59 INFO  Reusables:53 - output.txt is still empty
2024-07-24 10:22:59 INFO  Reusables:53 - output.txt is still empty
2024-07-24 10:22:59 INFO  Reusables:53 - output.txt is still empty
2024-07-24 10:22:59 INFO  Reusables:53 - output.txt is still empty
2024-07-24 10:22:59 INFO  Reusables:53 - output.txt is still empty
2024-07-24 10:22:59 INFO  Reusables:53 - output.txt is still empty
2024-07-24 10:22:59 INFO  Reusables:53 - output.txt is still empty
2024-07-24 10:22:59 INFO  Reusables:53 - output.txt is still empty
2024-07-24 10:22:59 INFO  Reusables:53 - output.txt is still empty
2024-07-24 10:22:59 INFO  Reusables:53 - output.txt is still empty
2024-07-24 10:22:59 INFO  Reusables:53 - output.txt is still empty
2024-07-24 10:22:59 INFO  Reusables:53 - output.txt is still empty
2024-07-24 10:22:59 INFO  Reusables:53 - output.txt is still empty
2024-07-24 10:22:59 INFO  Reusables:53 - output.txt is still empty
2024-07-24 10:22:59 INFO  Reusables:53 - output.txt is still empty
2024-07-24 10:22:59 INFO  Reusables:53 - output.txt is still empty
2024-07-24 10:22:59 INFO  Reusables:53 - output.txt is still empty
2024-07-24 10:22:59 INFO  Reusables:53 - output.txt is still empty
2024-07-24 10:22:59 INFO  Reusables:53 - output.txt is still empty
2024-07-24 10:22:59 INFO  Reusables:53 - output.txt is still empty
2024-07-24 10:22:59 INFO  Reusables:53 - output.txt is still empty
2024-07-24 10:22:59 INFO  Reusables:53 - output.txt is still empty
2024-07-24 10:22:59 INFO  Reusables:53 - output.txt is still empty
2024-07-24 10:22:59 INFO  Reusables:53 - output.txt is still empty
2024-07-24 10:22:59 INFO  Reusables:53 - output.txt is still empty
2024-07-24 10:22:59 INFO  Reusables:53 - output.txt is still empty
2024-07-24 10:22:59 INFO  Reusables:53 - output.txt is still empty
2024-07-24 10:22:59 INFO  Reusables:53 - output.txt is still empty
2024-07-24 10:22:59 INFO  Reusables:53 - output.txt is still empty
2024-07-24 10:22:59 INFO  Reusables:53 - output.txt is still empty
2024-07-24 10:22:59 INFO  Reusables:53 - output.txt is still empty
2024-07-24 10:22:59 INFO  Reusables:53 - output.txt is still empty
2024-07-24 10:22:59 INFO  Reusables:53 - output.txt is still empty
2024-07-24 10:22:59 INFO  Reusables:53 - output.txt is still empty
2024-07-24 10:22:59 INFO  Reusables:53 - output.txt is still empty
2024-07-24 10:22:59 INFO  Reusables:53 - output.txt is still empty
2024-07-24 10:22:59 INFO  Reusables:53 - output.txt is still empty
2024-07-24 10:22:59 INFO  Reusables:53 - output.txt is still empty
2024-07-24 10:22:59 INFO  Reusables:53 - output.txt is still empty
2024-07-24 10:22:59 INFO  Reusables:53 - output.txt is still empty
2024-07-24 10:22:59 INFO  Reusables:53 - output.txt is still empty
2024-07-24 10:22:59 INFO  Reusables:53 - output.txt is still empty
2024-07-24 10:22:59 INFO  Reusables:53 - output.txt is still empty
2024-07-24 10:22:59 INFO  Reusables:53 - output.txt is still empty
2024-07-24 10:22:59 INFO  Reusables:53 - output.txt is still empty
2024-07-24 10:22:59 INFO  Reusables:53 - output.txt is still empty
2024-07-24 10:22:59 INFO  Reusables:53 - output.txt is still empty
2024-07-24 10:22:59 INFO  Reusables:53 - output.txt is still empty
2024-07-24 10:22:59 INFO  Reusables:53 - output.txt is still empty
2024-07-24 10:22:59 INFO  Reusables:53 - output.txt is still empty
2024-07-24 10:22:59 INFO  Reusables:53 - output.txt is still empty
2024-07-24 10:22:59 INFO  Reusables:53 - output.txt is still empty
2024-07-24 10:22:59 INFO  Reusables:53 - output.txt is still empty
2024-07-24 10:22:59 INFO  Reusables:53 - output.txt is still empty
2024-07-24 10:22:59 INFO  Reusables:53 - output.txt is still empty
2024-07-24 10:22:59 INFO  Reusables:53 - output.txt is still empty
2024-07-24 10:22:59 INFO  Reusables:53 - output.txt is still empty
2024-07-24 10:22:59 INFO  Reusables:53 - output.txt is still empty
2024-07-24 10:22:59 INFO  Reusables:53 - output.txt is still empty
2024-07-24 10:22:59 INFO  Reusables:53 - output.txt is still empty
2024-07-24 10:22:59 INFO  Reusables:53 - output.txt is still empty
2024-07-24 10:22:59 INFO  Reusables:53 - output.txt is still empty
2024-07-24 10:22:59 INFO  Reusables:53 - output.txt is still empty
2024-07-24 10:22:59 INFO  Reusables:53 - output.txt is still empty
2024-07-24 10:22:59 INFO  Reusables:53 - output.txt is still empty
2024-07-24 10:22:59 INFO  Reusables:53 - output.txt is still empty
2024-07-24 10:22:59 INFO  Reusables:53 - output.txt is still empty
2024-07-24 10:22:59 INFO  Reusables:53 - output.txt is still empty
2024-07-24 10:22:59 INFO  Reusables:53 - output.txt is still empty
2024-07-24 10:22:59 INFO  Reusables:53 - output.txt is still empty
2024-07-24 10:22:59 INFO  Reusables:53 - output.txt is still empty
2024-07-24 10:22:59 INFO  Reusables:53 - output.txt is still empty
2024-07-24 10:22:59 INFO  Reusables:53 - output.txt is still empty
2024-07-24 10:22:59 INFO  Reusables:53 - output.txt is still empty
2024-07-24 10:22:59 INFO  Reusables:53 - output.txt is still empty
2024-07-24 10:22:59 INFO  Reusables:53 - output.txt is still empty
2024-07-24 10:22:59 INFO  Reusables:53 - output.txt is still empty
2024-07-24 10:22:59 INFO  Reusables:53 - output.txt is still empty
2024-07-24 10:22:59 INFO  Reusables:53 - output.txt is still empty
2024-07-24 10:22:59 INFO  Reusables:53 - output.txt is still empty
2024-07-24 10:22:59 INFO  Reusables:53 - output.txt is still empty
2024-07-24 10:22:59 INFO  Reusables:53 - output.txt is still empty
2024-07-24 10:22:59 INFO  Reusables:53 - output.txt is still empty
2024-07-24 10:22:59 INFO  Reusables:53 - output.txt is still empty
2024-07-24 10:22:59 INFO  Reusables:53 - output.txt is still empty
2024-07-24 10:22:59 INFO  Reusables:53 - output.txt is still empty
2024-07-24 10:22:59 INFO  Reusables:53 - output.txt is still empty
2024-07-24 10:22:59 INFO  Reusables:53 - output.txt is still empty
2024-07-24 10:22:59 INFO  Reusables:53 - output.txt is still empty
2024-07-24 10:22:59 INFO  Reusables:53 - output.txt is still empty
2024-07-24 10:22:59 INFO  Reusables:53 - output.txt is still empty
2024-07-24 10:22:59 INFO  Reusables:53 - output.txt is still empty
2024-07-24 10:22:59 INFO  Reusables:53 - output.txt is still empty
2024-07-24 10:22:59 INFO  Reusables:53 - output.txt is still empty
2024-07-24 10:22:59 INFO  Reusables:53 - output.txt is still empty
2024-07-24 10:22:59 INFO  Reusables:53 - output.txt is still empty
2024-07-24 10:22:59 INFO  Reusables:53 - output.txt is still empty
2024-07-24 10:22:59 INFO  Reusables:53 - output.txt is still empty
2024-07-24 10:22:59 INFO  Reusables:53 - output.txt is still empty
2024-07-24 10:22:59 INFO  Reusables:53 - output.txt is still empty
2024-07-24 10:22:59 INFO  Reusables:53 - output.txt is still empty
2024-07-24 10:22:59 INFO  Reusables:53 - output.txt is still empty
2024-07-24 10:22:59 INFO  Reusables:53 - output.txt is still empty
2024-07-24 10:22:59 INFO  Reusables:53 - output.txt is still empty
2024-07-24 10:22:59 INFO  Reusables:53 - output.txt is still empty
2024-07-24 10:22:59 INFO  Reusables:53 - output.txt is still empty
2024-07-24 10:22:59 INFO  Reusables:53 - output.txt is still empty
2024-07-24 10:22:59 INFO  Reusables:53 - output.txt is still empty
2024-07-24 10:22:59 INFO  Reusables:53 - output.txt is still empty
2024-07-24 10:22:59 INFO  Reusables:53 - output.txt is still empty
2024-07-24 10:22:59 INFO  Reusables:53 - output.txt is still empty
2024-07-24 10:22:59 INFO  Reusables:53 - output.txt is still empty
2024-07-24 10:22:59 INFO  Reusables:53 - output.txt is still empty
2024-07-24 10:22:59 INFO  Reusables:53 - output.txt is still empty
2024-07-24 10:22:59 INFO  Reusables:53 - output.txt is still empty
2024-07-24 10:22:59 INFO  Reusables:53 - output.txt is still empty
2024-07-24 10:22:59 INFO  Reusables:53 - output.txt is still empty
2024-07-24 10:22:59 INFO  Reusables:53 - output.txt is still empty
2024-07-24 10:22:59 INFO  Reusables:53 - output.txt is still empty
2024-07-24 10:22:59 INFO  Reusables:53 - output.txt is still empty
2024-07-24 10:22:59 INFO  Reusables:53 - output.txt is still empty
2024-07-24 10:22:59 INFO  Reusables:53 - output.txt is still empty
2024-07-24 10:22:59 INFO  Reusables:53 - output.txt is still empty
2024-07-24 10:22:59 INFO  Reusables:53 - output.txt is still empty
2024-07-24 10:22:59 INFO  Reusables:53 - output.txt is still empty
2024-07-24 10:22:59 INFO  Reusables:53 - output.txt is still empty
2024-07-24 10:22:59 INFO  Reusables:53 - output.txt is still empty
2024-07-24 10:22:59 INFO  Reusables:53 - output.txt is still empty
2024-07-24 10:22:59 INFO  Reusables:53 - output.txt is still empty
2024-07-24 10:22:59 INFO  Reusables:53 - output.txt is still empty
2024-07-24 10:22:59 INFO  Reusables:53 - output.txt is still empty
2024-07-24 10:22:59 INFO  Reusables:53 - output.txt is still empty
2024-07-24 10:22:59 INFO  Reusables:53 - output.txt is still empty
2024-07-24 10:22:59 INFO  Reusables:53 - output.txt is still empty
2024-07-24 10:22:59 INFO  Reusables:53 - output.txt is still empty
2024-07-24 10:22:59 INFO  Reusables:53 - output.txt is still empty
2024-07-24 10:22:59 INFO  Reusables:53 - output.txt is still empty
2024-07-24 10:22:59 INFO  Reusables:53 - output.txt is still empty
2024-07-24 10:22:59 INFO  Reusables:53 - output.txt is still empty
2024-07-24 10:22:59 INFO  Reusables:53 - output.txt is still empty
2024-07-24 10:22:59 INFO  Reusables:53 - output.txt is still empty
2024-07-24 10:22:59 INFO  Reusables:53 - output.txt is still empty
2024-07-24 10:22:59 INFO  Reusables:53 - output.txt is still empty
2024-07-24 10:22:59 INFO  Reusables:53 - output.txt is still empty
2024-07-24 10:22:59 INFO  Reusables:53 - output.txt is still empty
2024-07-24 10:22:59 INFO  Reusables:53 - output.txt is still empty
2024-07-24 10:22:59 INFO  Reusables:53 - output.txt is still empty
2024-07-24 10:22:59 INFO  Reusables:53 - output.txt is still empty
2024-07-24 10:22:59 INFO  Reusables:53 - output.txt is still empty
2024-07-24 10:22:59 INFO  Reusables:53 - output.txt is still empty
2024-07-24 10:22:59 INFO  Reusables:53 - output.txt is still empty
2024-07-24 10:22:59 INFO  Reusables:53 - output.txt is still empty
2024-07-24 10:22:59 INFO  Reusables:53 - output.txt is still empty
2024-07-24 10:22:59 INFO  Reusables:53 - output.txt is still empty
2024-07-24 10:22:59 INFO  Reusables:53 - output.txt is still empty
2024-07-24 10:22:59 INFO  Reusables:53 - output.txt is still empty
2024-07-24 10:22:59 INFO  Reusables:53 - output.txt is still empty
2024-07-24 10:22:59 INFO  Reusables:53 - output.txt is still empty
2024-07-24 10:22:59 INFO  Reusables:53 - output.txt is still empty
2024-07-24 10:22:59 INFO  Reusables:53 - output.txt is still empty
2024-07-24 10:22:59 INFO  Reusables:53 - output.txt is still empty
2024-07-24 10:22:59 INFO  Reusables:53 - output.txt is still empty
2024-07-24 10:22:59 INFO  Reusables:53 - output.txt is still empty
2024-07-24 10:22:59 INFO  Reusables:53 - output.txt is still empty
2024-07-24 10:22:59 INFO  Reusables:53 - output.txt is still empty
2024-07-24 10:22:59 INFO  Reusables:53 - output.txt is still empty
2024-07-24 10:22:59 INFO  Reusables:53 - output.txt is still empty
2024-07-24 10:22:59 INFO  Reusables:53 - output.txt is still empty
2024-07-24 10:22:59 INFO  Reusables:53 - output.txt is still empty
2024-07-24 10:22:59 INFO  Reusables:53 - output.txt is still empty
2024-07-24 10:22:59 INFO  Reusables:53 - output.txt is still empty
2024-07-24 10:22:59 INFO  Reusables:53 - output.txt is still empty
2024-07-24 10:22:59 INFO  Reusables:53 - output.txt is still empty
2024-07-24 10:22:59 INFO  Reusables:53 - output.txt is still empty
2024-07-24 10:22:59 INFO  Reusables:53 - output.txt is still empty
2024-07-24 10:22:59 INFO  Reusables:53 - output.txt is still empty
2024-07-24 10:22:59 INFO  Reusables:53 - output.txt is still empty
2024-07-24 10:22:59 INFO  Reusables:53 - output.txt is still empty
2024-07-24 10:22:59 INFO  Reusables:53 - output.txt is still empty
2024-07-24 10:22:59 INFO  Reusables:53 - output.txt is still empty
2024-07-24 10:22:59 INFO  Reusables:53 - output.txt is still empty
2024-07-24 10:22:59 INFO  Reusables:53 - output.txt is still empty
2024-07-24 10:22:59 INFO  Reusables:53 - output.txt is still empty
2024-07-24 10:22:59 INFO  Reusables:53 - output.txt is still empty
2024-07-24 10:22:59 INFO  Reusables:53 - output.txt is still empty
2024-07-24 10:22:59 INFO  Reusables:53 - output.txt is still empty
2024-07-24 10:22:59 INFO  Reusables:53 - output.txt is still empty
2024-07-24 10:22:59 INFO  Reusables:53 - output.txt is still empty
2024-07-24 10:22:59 INFO  Reusables:53 - output.txt is still empty
2024-07-24 10:22:59 INFO  Reusables:53 - output.txt is still empty
2024-07-24 10:22:59 INFO  Reusables:53 - output.txt is still empty
2024-07-24 10:22:59 INFO  Reusables:53 - output.txt is still empty
2024-07-24 10:22:59 INFO  Reusables:53 - output.txt is still empty
2024-07-24 10:22:59 INFO  Reusables:53 - output.txt is still empty
2024-07-24 10:22:59 INFO  Reusables:53 - output.txt is still empty
2024-07-24 10:22:59 INFO  Reusables:53 - output.txt is still empty
2024-07-24 10:22:59 INFO  Reusables:53 - output.txt is still empty
2024-07-24 10:22:59 INFO  Reusables:53 - output.txt is still empty
2024-07-24 10:22:59 INFO  Reusables:53 - output.txt is still empty
2024-07-24 10:22:59 INFO  Reusables:53 - output.txt is still empty
2024-07-24 10:22:59 INFO  Reusables:53 - output.txt is still empty
2024-07-24 10:22:59 INFO  Reusables:53 - output.txt is still empty
2024-07-24 10:22:59 INFO  Reusables:53 - output.txt is still empty
2024-07-24 10:22:59 INFO  Reusables:53 - output.txt is still empty
2024-07-24 10:22:59 INFO  Reusables:53 - output.txt is still empty
2024-07-24 10:22:59 INFO  Reusables:53 - output.txt is still empty
2024-07-24 10:22:59 INFO  Reusables:53 - output.txt is still empty
2024-07-24 10:22:59 INFO  Reusables:53 - output.txt is still empty
2024-07-24 10:22:59 INFO  Reusables:53 - output.txt is still empty
2024-07-24 10:22:59 INFO  Reusables:53 - output.txt is still empty
2024-07-24 10:22:59 INFO  Reusables:53 - output.txt is still empty
2024-07-24 10:22:59 INFO  Reusables:53 - output.txt is still empty
2024-07-24 10:22:59 INFO  Reusables:53 - output.txt is still empty
2024-07-24 10:22:59 INFO  Reusables:53 - output.txt is still empty
2024-07-24 10:22:59 INFO  Reusables:53 - output.txt is still empty
2024-07-24 10:22:59 INFO  Reusables:53 - output.txt is still empty
2024-07-24 10:22:59 INFO  Reusables:53 - output.txt is still empty
2024-07-24 10:22:59 INFO  Reusables:53 - output.txt is still empty
2024-07-24 10:22:59 INFO  Reusables:53 - output.txt is still empty
2024-07-24 10:22:59 INFO  Reusables:53 - output.txt is still empty
2024-07-24 10:22:59 INFO  Reusables:53 - output.txt is still empty
2024-07-24 10:22:59 INFO  Reusables:53 - output.txt is still empty
2024-07-24 10:22:59 INFO  Reusables:53 - output.txt is still empty
2024-07-24 10:22:59 INFO  Reusables:53 - output.txt is still empty
2024-07-24 10:22:59 INFO  Reusables:53 - output.txt is still empty
2024-07-24 10:22:59 INFO  Reusables:53 - output.txt is still empty
2024-07-24 10:22:59 INFO  Reusables:53 - output.txt is still empty
2024-07-24 10:22:59 INFO  Reusables:53 - output.txt is still empty
2024-07-24 10:22:59 INFO  Reusables:53 - output.txt is still empty
2024-07-24 10:22:59 INFO  Reusables:53 - output.txt is still empty
2024-07-24 10:22:59 INFO  Reusables:53 - output.txt is still empty
2024-07-24 10:22:59 INFO  Reusables:53 - output.txt is still empty
2024-07-24 10:22:59 INFO  Reusables:53 - output.txt is still empty
2024-07-24 10:22:59 INFO  Reusables:53 - output.txt is still empty
2024-07-24 10:22:59 INFO  Reusables:53 - output.txt is still empty
2024-07-24 10:22:59 INFO  Reusables:53 - output.txt is still empty
2024-07-24 10:22:59 INFO  Reusables:53 - output.txt is still empty
2024-07-24 10:22:59 INFO  Reusables:53 - output.txt is still empty
2024-07-24 10:22:59 INFO  Reusables:53 - output.txt is still empty
2024-07-24 10:22:59 INFO  Reusables:53 - output.txt is still empty
2024-07-24 10:22:59 INFO  Reusables:53 - output.txt is still empty
2024-07-24 10:22:59 INFO  Reusables:53 - output.txt is still empty
2024-07-24 10:22:59 INFO  Reusables:53 - output.txt is still empty
2024-07-24 10:22:59 INFO  Reusables:53 - output.txt is still empty
2024-07-24 10:22:59 INFO  Reusables:53 - output.txt is still empty
2024-07-24 10:22:59 INFO  Reusables:53 - output.txt is still empty
2024-07-24 10:22:59 INFO  Reusables:53 - output.txt is still empty
2024-07-24 10:22:59 INFO  Reusables:53 - output.txt is still empty
2024-07-24 10:22:59 INFO  Reusables:53 - output.txt is still empty
2024-07-24 10:22:59 INFO  Reusables:57 - failed to get console mode for stdout: The handle is invalid.

@MvnFirstFeature @Docker
Scenario Outline: Docker testing    # src/test/featureFileDirectory/webApp.feature:107
2024-07-24 10:23:20 INFO  Reusables:234 - Good Good Piggy
  Given To test my docker knowledge # com.example.stepDefinations.stepDefination.toTestMyDockerKnowledge()
2024-07-24 10:23:40 INFO  Reusables:33 - Scenario Name --> Docker testing
]]></system-out>
    <system-err><![CDATA[Jul 24, 2024 10:23:11 AM org.openqa.selenium.remote.tracing.opentelemetry.OpenTelemetryTracer createTracer
INFO: Using OpenTelemetry for tracing
]]></system-err>
  </testcase>
</testsuite>