<?xml version="1.0" encoding="UTF-8"?>
<!-- Generated by org.testng.reporters.JUnitReportReporter -->
<testsuite hostname="Shannon" failures="0" tests="1" name="com.example.runner.testNGtestRunner" time="39.872" errors="0" timestamp="2024-07-24T10:23:42 IST" skipped="0">
  <testcase classname="com.example.runner.testNGtestRunner" name="runScenario" time="39.872"/>
</testsuite> <!-- com.example.runner.testNGtestRunner -->
