<?xml version="1.0" encoding="UTF-8"?>
<!-- Generated by org.testng.reporters.JUnitReportReporter -->
<testsuite hostname="Shannon" failures="0" tests="1" name="com.example.runner.testNGtestRunner" time="5.473" errors="0" timestamp="2024-07-03T10:37:31 IST" skipped="0">
  <testcase classname="com.example.runner.testNGtestRunner" name="runScenario" time="5.473"/>
</testsuite> <!-- com.example.runner.testNGtestRunner -->
